[I 2023-11-08 03:41:33,833] Trial 41 finished with value: 0.013624242506921291 and parameters: {'W_layers': 3, 'W_layer_units_exponent_0': 9, 'W_layer_units_exponent_1': 9, 'W_layer_units_exponent_2': 7, 'D_layers': 4, 'D_layer_units_exponent_0': 6, 'D_layer_units_exponent_1': 5, 'D_layer_units_exponent_2': 9, 'D_layer_units_exponent_3': 6, 'D_dagger_layers': 3, 'D_dagger_layer_units_exponent_0': 7, 'D_dagger_layer_units_exponent_1': 9, 'D_dagger_layer_units_exponent_2': 9, 'log_learning_rate': -4.243259078826755, 'log_learning_rate_D': -1.4804900539116503, 'log_learning_rate_D_dagger': -4.812508693405278, 'training_batch_size': 11, 'training_p': 2}. Best is trial 31 with value: 0.013405325822532177.
Time for this trial:  169.20869898796082
Memory status after this trial: 
Memory allocated:  165.1318359375
Memory cached:  172.0
--------------------  Trial  42   --------------------
Start timing: 
Parameters: 
{'W_layers': 3, 'W_layer_units_exponent_0': 9, 'W_layer_units_exponent_1': 9, 'W_layer_units_exponent_2': 7, 'D_layers': 4, 'D_layer_units_exponent_0': 6, 'D_layer_units_exponent_1': 4, 'D_layer_units_exponent_2': 8, 'D_layer_units_exponent_3': 5, 'D_dagger_layers': 2, 'D_dagger_layer_units_exponent_0': 7, 'D_dagger_layer_units_exponent_1': 10, 'log_learning_rate': -3.78750785440774, 'log_learning_rate_D': -1.081734547315205, 'log_learning_rate_D_dagger': -4.974326662290414, 'training_batch_size': 12, 'training_p': 3}
	 epoch  0 training error:  tensor(0.7863, device='cuda:0', grad_fn=<DivBackward0>)
Memory status after this epoch: 
Memory allocated:  7.46923828125
Memory cached:  128.0
	 epoch  10 training error:  tensor(0.1175, device='cuda:0', grad_fn=<DivBackward0>)
Memory status after this epoch: 
Memory allocated:  7.46923828125
Memory cached:  206.0
	 epoch  20 training error:  tensor(0.1008, device='cuda:0', grad_fn=<DivBackward0>)
Memory status after this epoch: 
Memory allocated:  7.46923828125
Memory cached:  216.0
	 epoch  30 training error:  tensor(0.0429, device='cuda:0', grad_fn=<DivBackward0>)
Memory status after this epoch: 
Memory allocated:  7.46923828125
Memory cached:  206.0
	 epoch  40 training error:  tensor(0.0360, device='cuda:0', grad_fn=<DivBackward0>)
Memory status after this epoch: 
Memory allocated:  7.46923828125
Memory cached:  212.0
	 epoch  50 training error:  tensor(0.0275, device='cuda:0', grad_fn=<DivBackward0>)
Memory status after this epoch: 
Memory allocated:  7.46923828125
Memory cached:  244.0
	 epoch  60 training error:  tensor(0.0183, device='cuda:0', grad_fn=<DivBackward0>)
Memory status after this epoch: 
Memory allocated:  7.46923828125
Memory cached:  194.0
	 epoch  70 training error:  tensor(0.0183, device='cuda:0', grad_fn=<DivBackward0>)
Memory status after this epoch: 
Memory allocated:  7.46923828125
Memory cached:  212.0
	 epoch  80 training error:  tensor(0.0181, device='cuda:0', grad_fn=<DivBackward0>)
Memory status after this epoch: 
Memory allocated:  7.46923828125
Memory cached:  212.0
	 epoch  90 training error:  tensor(0.0178, device='cuda:0', grad_fn=<DivBackward0>)
Memory status after this epoch: 
Memory allocated:  7.46923828125
Memory cached:  234.0
[I 2023-11-08 03:44:13,477] Trial 42 finished with value: 0.01378533523529768 and parameters: {'W_layers': 3, 'W_layer_units_exponent_0': 9, 'W_layer_units_exponent_1': 9, 'W_layer_units_exponent_2': 7, 'D_layers': 4, 'D_layer_units_exponent_0': 6, 'D_layer_units_exponent_1': 4, 'D_layer_units_exponent_2': 8, 'D_layer_units_exponent_3': 5, 'D_dagger_layers': 2, 'D_dagger_layer_units_exponent_0': 7, 'D_dagger_layer_units_exponent_1': 10, 'log_learning_rate': -3.78750785440774, 'log_learning_rate_D': -1.081734547315205, 'log_learning_rate_D_dagger': -4.974326662290414, 'training_batch_size': 12, 'training_p': 3}. Best is trial 31 with value: 0.013405325822532177.
Time for this trial:  159.40248775482178
Memory status after this trial: 
Memory allocated:  147.44091796875
Memory cached:  152.0
--------------------  Trial  43   --------------------
Start timing: 
Parameters: 
{'W_layers': 2, 'W_layer_units_exponent_0': 10, 'W_layer_units_exponent_1': 8, 'D_layers': 2, 'D_layer_units_exponent_0': 5, 'D_layer_units_exponent_1': 5, 'D_dagger_layers': 5, 'D_dagger_layer_units_exponent_0': 6, 'D_dagger_layer_units_exponent_1': 9, 'D_dagger_layer_units_exponent_2': 10, 'D_dagger_layer_units_exponent_3': 6, 'D_dagger_layer_units_exponent_4': 7, 'log_learning_rate': -4.109459963470215, 'log_learning_rate_D': -2.026007731550085, 'log_learning_rate_D_dagger': -4.403289412697667, 'training_batch_size': 11, 'training_p': 2}
	 epoch  0 training error:  tensor(0.9621, device='cuda:0', grad_fn=<DivBackward0>)
Memory status after this epoch: 
Memory allocated:  13.96923828125
Memory cached:  138.0
	 epoch  10 training error:  tensor(0.2136, device='cuda:0', grad_fn=<DivBackward0>)
Memory status after this epoch: 
Memory allocated:  13.96923828125
Memory cached:  226.0
	 epoch  20 training error:  tensor(0.0689, device='cuda:0', grad_fn=<DivBackward0>)
Memory status after this epoch: 
Memory allocated:  13.96923828125
Memory cached:  224.0
	 epoch  30 training error:  tensor(0.0411, device='cuda:0', grad_fn=<DivBackward0>)
Memory status after this epoch: 
Memory allocated:  13.96923828125
Memory cached:  222.0
	 epoch  40 training error:  tensor(0.0357, device='cuda:0', grad_fn=<DivBackward0>)
Memory status after this epoch: 
Memory allocated:  13.96923828125
Memory cached:  240.0
	 epoch  50 training error:  tensor(0.0197, device='cuda:0', grad_fn=<DivBackward0>)
Memory status after this epoch: 
Memory allocated:  13.96923828125
Memory cached:  234.0
	 epoch  60 training error:  tensor(0.0188, device='cuda:0', grad_fn=<DivBackward0>)
Memory status after this epoch: 
Memory allocated:  13.96923828125
Memory cached:  226.0
	 epoch  70 training error:  tensor(0.0148, device='cuda:0', grad_fn=<DivBackward0>)
Memory status after this epoch: 
Memory allocated:  13.96923828125
Memory cached:  222.0
	 epoch  80 training error:  tensor(0.0149, device='cuda:0', grad_fn=<DivBackward0>)
Memory status after this epoch: 
Memory allocated:  13.96923828125
Memory cached:  228.0
	 epoch  90 training error:  tensor(0.0145, device='cuda:0', grad_fn=<DivBackward0>)
Memory status after this epoch: 
Memory allocated:  13.96923828125
Memory cached:  226.0
[I 2023-11-08 03:46:55,134] Trial 43 finished with value: 0.01364833302795887 and parameters: {'W_layers': 2, 'W_layer_units_exponent_0': 10, 'W_layer_units_exponent_1': 8, 'D_layers': 2, 'D_layer_units_exponent_0': 5, 'D_layer_units_exponent_1': 5, 'D_dagger_layers': 5, 'D_dagger_layer_units_exponent_0': 6, 'D_dagger_layer_units_exponent_1': 9, 'D_dagger_layer_units_exponent_2': 10, 'D_dagger_layer_units_exponent_3': 6, 'D_dagger_layer_units_exponent_4': 7, 'log_learning_rate': -4.109459963470215, 'log_learning_rate_D': -2.026007731550085, 'log_learning_rate_D_dagger': -4.403289412697667, 'training_batch_size': 11, 'training_p': 2}. Best is trial 31 with value: 0.013405325822532177.
Time for this trial:  161.41069269180298
Memory status after this trial: 
Memory allocated:  175.46435546875
Memory cached:  196.0
--------------------  Trial  44   --------------------
Start timing: 
Parameters: 
{'W_layers': 4, 'W_layer_units_exponent_0': 9, 'W_layer_units_exponent_1': 10, 'W_layer_units_exponent_2': 9, 'W_layer_units_exponent_3': 9, 'D_layers': 3, 'D_layer_units_exponent_0': 7, 'D_layer_units_exponent_1': 6, 'D_layer_units_exponent_2': 9, 'D_dagger_layers': 3, 'D_dagger_layer_units_exponent_0': 5, 'D_dagger_layer_units_exponent_1': 8, 'D_dagger_layer_units_exponent_2': 10, 'log_learning_rate': -3.2887743964707083, 'log_learning_rate_D': -1.4481117946877131, 'log_learning_rate_D_dagger': -4.576017690282413, 'training_batch_size': 10, 'training_p': 2}
	 epoch  0 training error:  tensor(1.1745, device='cuda:0', grad_fn=<DivBackward0>)
Memory status after this epoch: 
Memory allocated:  25.06298828125
Memory cached:  156.0
	 epoch  10 training error:  tensor(0.1748, device='cuda:0', grad_fn=<DivBackward0>)
Memory status after this epoch: 
Memory allocated:  25.06298828125
Memory cached:  238.0
	 epoch  20 training error:  tensor(0.3102, device='cuda:0', grad_fn=<DivBackward0>)
Memory status after this epoch: 
Memory allocated:  25.06298828125
Memory cached:  228.0
	 epoch  30 training error:  tensor(0.0891, device='cuda:0', grad_fn=<DivBackward0>)
Memory status after this epoch: 
Memory allocated:  25.06298828125
Memory cached:  236.0
	 epoch  40 training error:  tensor(0.0292, device='cuda:0', grad_fn=<DivBackward0>)
Memory status after this epoch: 
Memory allocated:  25.06298828125
Memory cached:  232.0
	 epoch  50 training error:  tensor(0.0634, device='cuda:0', grad_fn=<DivBackward0>)
Memory status after this epoch: 
Memory allocated:  25.06298828125
Memory cached:  230.0
	 epoch  60 training error:  tensor(0.0450, device='cuda:0', grad_fn=<DivBackward0>)
Memory status after this epoch: 
Memory allocated:  25.06298828125
Memory cached:  246.0
	 epoch  70 training error:  tensor(0.0264, device='cuda:0', grad_fn=<DivBackward0>)
Memory status after this epoch: 
Memory allocated:  25.06298828125
Memory cached:  226.0
	 epoch  80 training error:  tensor(0.0177, device='cuda:0', grad_fn=<DivBackward0>)
Memory status after this epoch: 
Memory allocated:  25.06298828125
Memory cached:  228.0
	 epoch  90 training error:  tensor(0.0245, device='cuda:0', grad_fn=<DivBackward0>)
Memory status after this epoch: 
Memory allocated:  25.06298828125
Memory cached:  236.0
[I 2023-11-08 03:49:54,622] Trial 44 finished with value: 0.039064183831214905 and parameters: {'W_layers': 4, 'W_layer_units_exponent_0': 9, 'W_layer_units_exponent_1': 10, 'W_layer_units_exponent_2': 9, 'W_layer_units_exponent_3': 9, 'D_layers': 3, 'D_layer_units_exponent_0': 7, 'D_layer_units_exponent_1': 6, 'D_layer_units_exponent_2': 9, 'D_dagger_layers': 3, 'D_dagger_layer_units_exponent_0': 5, 'D_dagger_layer_units_exponent_1': 8, 'D_dagger_layer_units_exponent_2': 10, 'log_learning_rate': -3.2887743964707083, 'log_learning_rate_D': -1.4481117946877131, 'log_learning_rate_D_dagger': -4.576017690282413, 'training_batch_size': 10, 'training_p': 2}. Best is trial 31 with value: 0.013405325822532177.
Time for this trial:  179.24475717544556
Memory status after this trial: 
Memory allocated:  257.57373046875
Memory cached:  276.0
--------------------  Trial  45   --------------------
Start timing: 
Parameters: 
{'W_layers': 3, 'W_layer_units_exponent_0': 8, 'W_layer_units_exponent_1': 6, 'W_layer_units_exponent_2': 4, 'D_layers': 4, 'D_layer_units_exponent_0': 4, 'D_layer_units_exponent_1': 7, 'D_layer_units_exponent_2': 8, 'D_layer_units_exponent_3': 7, 'D_dagger_layers': 4, 'D_dagger_layer_units_exponent_0': 9, 'D_dagger_layer_units_exponent_1': 10, 'D_dagger_layer_units_exponent_2': 9, 'D_dagger_layer_units_exponent_3': 9, 'log_learning_rate': -3.4451618184525907, 'log_learning_rate_D': -1.6218528213849097, 'log_learning_rate_D_dagger': -4.992970102453663, 'training_batch_size': 9, 'training_p': 3}
	 epoch  0 training error:  tensor(1.0378, device='cuda:0', grad_fn=<DivBackward0>)
Memory status after this epoch: 
Memory allocated:  21.53173828125
Memory cached:  128.0
	 epoch  10 training error:  tensor(0.0741, device='cuda:0', grad_fn=<DivBackward0>)
Memory status after this epoch: 
Memory allocated:  21.53173828125
Memory cached:  216.0
	 epoch  20 training error:  tensor(0.0540, device='cuda:0', grad_fn=<DivBackward0>)
Memory status after this epoch: 
Memory allocated:  21.53173828125
Memory cached:  228.0
	 epoch  30 training error:  tensor(0.0613, device='cuda:0', grad_fn=<DivBackward0>)
Memory status after this epoch: 
Memory allocated:  21.53173828125
Memory cached:  224.0
	 epoch  40 training error:  tensor(0.0211, device='cuda:0', grad_fn=<DivBackward0>)
Memory status after this epoch: 
Memory allocated:  21.53173828125
Memory cached:  226.0
	 epoch  50 training error:  tensor(0.0222, device='cuda:0', grad_fn=<DivBackward0>)
Memory status after this epoch: 
Memory allocated:  21.53173828125
Memory cached:  214.0
	 epoch  60 training error:  tensor(0.0202, device='cuda:0', grad_fn=<DivBackward0>)
Memory status after this epoch: 
Memory allocated:  21.53173828125
Memory cached:  222.0
	 epoch  70 training error:  tensor(0.0196, device='cuda:0', grad_fn=<DivBackward0>)
Memory status after this epoch: 
Memory allocated:  21.53173828125
Memory cached:  228.0
	 epoch  80 training error:  tensor(0.0188, device='cuda:0', grad_fn=<DivBackward0>)
Memory status after this epoch: 
Memory allocated:  21.53173828125
Memory cached:  220.0
	 epoch  90 training error:  tensor(0.0184, device='cuda:0', grad_fn=<DivBackward0>)
Memory status after this epoch: 
Memory allocated:  21.53173828125
Memory cached:  214.0
[I 2023-11-08 03:52:54,015] Trial 45 finished with value: 0.014953704550862312 and parameters: {'W_layers': 3, 'W_layer_units_exponent_0': 8, 'W_layer_units_exponent_1': 6, 'W_layer_units_exponent_2': 4, 'D_layers': 4, 'D_layer_units_exponent_0': 4, 'D_layer_units_exponent_1': 7, 'D_layer_units_exponent_2': 8, 'D_layer_units_exponent_3': 7, 'D_dagger_layers': 4, 'D_dagger_layer_units_exponent_0': 9, 'D_dagger_layer_units_exponent_1': 10, 'D_dagger_layer_units_exponent_2': 9, 'D_dagger_layer_units_exponent_3': 9, 'log_learning_rate': -3.4451618184525907, 'log_learning_rate_D': -1.6218528213849097, 'log_learning_rate_D_dagger': -4.992970102453663, 'training_batch_size': 9, 'training_p': 3}. Best is trial 31 with value: 0.013405325822532177.
Time for this trial:  179.11163544654846
Memory status after this trial: 
Memory allocated:  194.71875
Memory cached:  210.0
--------------------  Trial  46   --------------------
Start timing: 
Parameters: 
{'W_layers': 4, 'W_layer_units_exponent_0': 7, 'W_layer_units_exponent_1': 4, 'W_layer_units_exponent_2': 7, 'W_layer_units_exponent_3': 6, 'D_layers': 5, 'D_layer_units_exponent_0': 6, 'D_layer_units_exponent_1': 4, 'D_layer_units_exponent_2': 7, 'D_layer_units_exponent_3': 6, 'D_layer_units_exponent_4': 4, 'D_dagger_layers': 3, 'D_dagger_layer_units_exponent_0': 7, 'D_dagger_layer_units_exponent_1': 10, 'D_dagger_layer_units_exponent_2': 7, 'log_learning_rate': -4.6489216805322355, 'log_learning_rate_D': -1.0182198512024305, 'log_learning_rate_D_dagger': -4.5499738602696, 'training_batch_size': 11, 'training_p': 8}
	 epoch  0 training error:  tensor(1.0001, device='cuda:0', grad_fn=<DivBackward0>)
Memory status after this epoch: 
Memory allocated:  4.56689453125
Memory cached:  134.0
	 epoch  10 training error:  tensor(0.2322, device='cuda:0', grad_fn=<DivBackward0>)
Memory status after this epoch: 
Memory allocated:  4.56689453125
Memory cached:  202.0
	 epoch  20 training error:  tensor(0.0923, device='cuda:0', grad_fn=<DivBackward0>)
Memory status after this epoch: 
Memory allocated:  4.56689453125
Memory cached:  202.0
	 epoch  30 training error:  tensor(0.0648, device='cuda:0', grad_fn=<DivBackward0>)
Memory status after this epoch: 
Memory allocated:  4.56689453125
Memory cached:  202.0
	 epoch  40 training error:  tensor(0.0503, device='cuda:0', grad_fn=<DivBackward0>)
Memory status after this epoch: 
Memory allocated:  4.56689453125
Memory cached:  202.0
	 epoch  50 training error:  tensor(0.0373, device='cuda:0', grad_fn=<DivBackward0>)
Memory status after this epoch: 
Memory allocated:  4.56689453125
Memory cached:  200.0
	 epoch  60 training error:  tensor(0.0378, device='cuda:0', grad_fn=<DivBackward0>)
Memory status after this epoch: 
Memory allocated:  4.56689453125
Memory cached:  194.0
	 epoch  70 training error:  tensor(0.0356, device='cuda:0', grad_fn=<DivBackward0>)
Memory status after this epoch: 
Memory allocated:  4.56689453125
Memory cached:  202.0
	 epoch  80 training error:  tensor(0.0344, device='cuda:0', grad_fn=<DivBackward0>)
Memory status after this epoch: 
Memory allocated:  4.56689453125
Memory cached:  200.0
	 epoch  90 training error:  tensor(0.0337, device='cuda:0', grad_fn=<DivBackward0>)
Memory status after this epoch: 
Memory allocated:  4.56689453125
Memory cached:  196.0
[I 2023-11-08 03:55:48,602] Trial 46 finished with value: 0.02494782954454422 and parameters: {'W_layers': 4, 'W_layer_units_exponent_0': 7, 'W_layer_units_exponent_1': 4, 'W_layer_units_exponent_2': 7, 'W_layer_units_exponent_3': 6, 'D_layers': 5, 'D_layer_units_exponent_0': 6, 'D_layer_units_exponent_1': 4, 'D_layer_units_exponent_2': 7, 'D_layer_units_exponent_3': 6, 'D_layer_units_exponent_4': 4, 'D_dagger_layers': 3, 'D_dagger_layer_units_exponent_0': 7, 'D_dagger_layer_units_exponent_1': 10, 'D_dagger_layer_units_exponent_2': 7, 'log_learning_rate': -4.6489216805322355, 'log_learning_rate_D': -1.0182198512024305, 'log_learning_rate_D_dagger': -4.5499738602696, 'training_batch_size': 11, 'training_p': 8}. Best is trial 31 with value: 0.013405325822532177.
Time for this trial:  174.3215250968933
Memory status after this trial: 
Memory allocated:  105.35693359375
Memory cached:  156.0
--------------------  Trial  47   --------------------
Start timing: 
Parameters: 
{'W_layers': 5, 'W_layer_units_exponent_0': 7, 'W_layer_units_exponent_1': 9, 'W_layer_units_exponent_2': 6, 'W_layer_units_exponent_3': 4, 'W_layer_units_exponent_4': 9, 'D_layers': 6, 'D_layer_units_exponent_0': 8, 'D_layer_units_exponent_1': 5, 'D_layer_units_exponent_2': 7, 'D_layer_units_exponent_3': 8, 'D_layer_units_exponent_4': 6, 'D_layer_units_exponent_5': 5, 'D_dagger_layers': 6, 'D_dagger_layer_units_exponent_0': 8, 'D_dagger_layer_units_exponent_1': 8, 'D_dagger_layer_units_exponent_2': 8, 'D_dagger_layer_units_exponent_3': 5, 'D_dagger_layer_units_exponent_4': 4, 'D_dagger_layer_units_exponent_5': 4, 'log_learning_rate': -3.1303749500645854, 'log_learning_rate_D': -1.911736560938783, 'log_learning_rate_D_dagger': -4.7532494548984285, 'training_batch_size': 6, 'training_p': 2}
	 epoch  0 training error:  tensor(0.9793, device='cuda:0', grad_fn=<DivBackward0>)
Memory status after this epoch: 
Memory allocated:  5.01123046875
Memory cached:  126.0
	 epoch  10 training error:  tensor(0.0640, device='cuda:0', grad_fn=<DivBackward0>)
Memory status after this epoch: 
Memory allocated:  5.01123046875
Memory cached:  186.0
	 epoch  20 training error:  tensor(0.0489, device='cuda:0', grad_fn=<DivBackward0>)
Memory status after this epoch: 
Memory allocated:  5.01123046875
Memory cached:  188.0
	 epoch  30 training error:  tensor(0.0334, device='cuda:0', grad_fn=<DivBackward0>)
Memory status after this epoch: 
Memory allocated:  5.01123046875
Memory cached:  192.0
	 epoch  40 training error:  tensor(0.0292, device='cuda:0', grad_fn=<DivBackward0>)
Memory status after this epoch: 
Memory allocated:  5.01123046875
Memory cached:  190.0
	 epoch  50 training error:  tensor(0.0266, device='cuda:0', grad_fn=<DivBackward0>)
Memory status after this epoch: 
Memory allocated:  5.01123046875
Memory cached:  190.0
	 epoch  60 training error:  tensor(0.0281, device='cuda:0', grad_fn=<DivBackward0>)
Memory status after this epoch: 
Memory allocated:  5.01123046875
Memory cached:  192.0
	 epoch  70 training error:  tensor(0.0261, device='cuda:0', grad_fn=<DivBackward0>)
Memory status after this epoch: 
Memory allocated:  5.01123046875
Memory cached:  190.0
	 epoch  80 training error:  tensor(0.0247, device='cuda:0', grad_fn=<DivBackward0>)
Memory status after this epoch: 
Memory allocated:  5.01123046875
Memory cached:  200.0
	 epoch  90 training error:  tensor(0.0249, device='cuda:0', grad_fn=<DivBackward0>)
Memory status after this epoch: 
Memory allocated:  5.01123046875
Memory cached:  194.0
