[I 2023-11-08 02:31:42,163] Trial 17 finished with value: 0.021839328110218048 and parameters: {'W_layers': 4, 'W_layer_units_exponent_0': 9, 'W_layer_units_exponent_1': 4, 'W_layer_units_exponent_2': 6, 'W_layer_units_exponent_3': 10, 'D_layers': 4, 'D_layer_units_exponent_0': 4, 'D_layer_units_exponent_1': 5, 'D_layer_units_exponent_2': 10, 'D_layer_units_exponent_3': 9, 'D_dagger_layers': 2, 'D_dagger_layer_units_exponent_0': 9, 'D_dagger_layer_units_exponent_1': 7, 'log_learning_rate': -1.8072115408893068, 'log_learning_rate_D': -2.645887497377619, 'log_learning_rate_D_dagger': -4.379162397601672, 'training_batch_size': 11, 'training_p': 3}. Best is trial 15 with value: 0.013434025458991528.
Time for this trial:  165.5142912864685
Memory status after this trial: 
Memory allocated:  211.07568359375
Memory cached:  230.0
--------------------  Trial  18   --------------------
Start timing: 
Parameters: 
{'W_layers': 3, 'W_layer_units_exponent_0': 10, 'W_layer_units_exponent_1': 6, 'W_layer_units_exponent_2': 5, 'D_layers': 4, 'D_layer_units_exponent_0': 5, 'D_layer_units_exponent_1': 5, 'D_layer_units_exponent_2': 5, 'D_layer_units_exponent_3': 7, 'D_dagger_layers': 3, 'D_dagger_layer_units_exponent_0': 10, 'D_dagger_layer_units_exponent_1': 8, 'D_dagger_layer_units_exponent_2': 9, 'log_learning_rate': -2.447439780651132, 'log_learning_rate_D': -3.4888058615393174, 'log_learning_rate_D_dagger': -4.940771130316917, 'training_batch_size': 12, 'training_p': 2}
	 epoch  0 training error:  tensor(0.6821, device='cuda:0', grad_fn=<DivBackward0>)
Memory status after this epoch: 
Memory allocated:  7.47314453125
Memory cached:  108.0
	 epoch  10 training error:  tensor(0.0330, device='cuda:0', grad_fn=<DivBackward0>)
Memory status after this epoch: 
Memory allocated:  7.47314453125
Memory cached:  200.0
	 epoch  20 training error:  tensor(0.1814, device='cuda:0', grad_fn=<DivBackward0>)
Memory status after this epoch: 
Memory allocated:  7.47314453125
Memory cached:  208.0
	 epoch  30 training error:  tensor(0.1173, device='cuda:0', grad_fn=<DivBackward0>)
Memory status after this epoch: 
Memory allocated:  7.47314453125
Memory cached:  208.0
	 epoch  40 training error:  tensor(0.0262, device='cuda:0', grad_fn=<DivBackward0>)
Memory status after this epoch: 
Memory allocated:  7.47314453125
Memory cached:  214.0
	 epoch  50 training error:  tensor(0.0349, device='cuda:0', grad_fn=<DivBackward0>)
Memory status after this epoch: 
Memory allocated:  7.47314453125
Memory cached:  214.0
	 epoch  60 training error:  tensor(0.0233, device='cuda:0', grad_fn=<DivBackward0>)
Memory status after this epoch: 
Memory allocated:  7.47314453125
Memory cached:  214.0
	 epoch  70 training error:  tensor(0.0154, device='cuda:0', grad_fn=<DivBackward0>)
Memory status after this epoch: 
Memory allocated:  7.47314453125
Memory cached:  200.0
	 epoch  80 training error:  tensor(0.0157, device='cuda:0', grad_fn=<DivBackward0>)
Memory status after this epoch: 
Memory allocated:  7.47314453125
Memory cached:  208.0
	 epoch  90 training error:  tensor(0.0142, device='cuda:0', grad_fn=<DivBackward0>)
Memory status after this epoch: 
Memory allocated:  7.47314453125
Memory cached:  202.0
[I 2023-11-08 02:34:24,549] Trial 18 finished with value: 0.013441808521747589 and parameters: {'W_layers': 3, 'W_layer_units_exponent_0': 10, 'W_layer_units_exponent_1': 6, 'W_layer_units_exponent_2': 5, 'D_layers': 4, 'D_layer_units_exponent_0': 5, 'D_layer_units_exponent_1': 5, 'D_layer_units_exponent_2': 5, 'D_layer_units_exponent_3': 7, 'D_dagger_layers': 3, 'D_dagger_layer_units_exponent_0': 10, 'D_dagger_layer_units_exponent_1': 8, 'D_dagger_layer_units_exponent_2': 9, 'log_learning_rate': -2.447439780651132, 'log_learning_rate_D': -3.4888058615393174, 'log_learning_rate_D_dagger': -4.940771130316917, 'training_batch_size': 12, 'training_p': 2}. Best is trial 15 with value: 0.013434025458991528.
Time for this trial:  162.16380620002747
Memory status after this trial: 
Memory allocated:  172.130859375
Memory cached:  176.0
--------------------  Trial  19   --------------------
Start timing: 
Parameters: 
{'W_layers': 5, 'W_layer_units_exponent_0': 10, 'W_layer_units_exponent_1': 8, 'W_layer_units_exponent_2': 8, 'W_layer_units_exponent_3': 9, 'W_layer_units_exponent_4': 7, 'D_layers': 4, 'D_layer_units_exponent_0': 5, 'D_layer_units_exponent_1': 5, 'D_layer_units_exponent_2': 5, 'D_layer_units_exponent_3': 6, 'D_dagger_layers': 4, 'D_dagger_layer_units_exponent_0': 8, 'D_dagger_layer_units_exponent_1': 8, 'D_dagger_layer_units_exponent_2': 9, 'D_dagger_layer_units_exponent_3': 9, 'log_learning_rate': -3.487384533030375, 'log_learning_rate_D': -2.4888702202239137, 'log_learning_rate_D_dagger': -4.797379682953747, 'training_batch_size': 12, 'training_p': 2}
	 epoch  0 training error:  tensor(0.9239, device='cuda:0', grad_fn=<DivBackward0>)
Memory status after this epoch: 
Memory allocated:  15.40869140625
Memory cached:  116.0
	 epoch  10 training error:  tensor(0.0633, device='cuda:0', grad_fn=<DivBackward0>)
Memory status after this epoch: 
Memory allocated:  15.40869140625
Memory cached:  194.0
	 epoch  20 training error:  tensor(0.0157, device='cuda:0', grad_fn=<DivBackward0>)
Memory status after this epoch: 
Memory allocated:  15.40869140625
Memory cached:  188.0
	 epoch  30 training error:  tensor(0.0305, device='cuda:0', grad_fn=<DivBackward0>)
Memory status after this epoch: 
Memory allocated:  15.40869140625
Memory cached:  190.0
	 epoch  40 training error:  tensor(0.0577, device='cuda:0', grad_fn=<DivBackward0>)
Memory status after this epoch: 
Memory allocated:  15.40869140625
Memory cached:  176.0
	 epoch  50 training error:  tensor(0.0151, device='cuda:0', grad_fn=<DivBackward0>)
Memory status after this epoch: 
Memory allocated:  15.40869140625
Memory cached:  190.0
	 epoch  60 training error:  tensor(0.0151, device='cuda:0', grad_fn=<DivBackward0>)
Memory status after this epoch: 
Memory allocated:  15.40869140625
Memory cached:  196.0
	 epoch  70 training error:  tensor(0.0189, device='cuda:0', grad_fn=<DivBackward0>)
Memory status after this epoch: 
Memory allocated:  15.40869140625
Memory cached:  194.0
	 epoch  80 training error:  tensor(0.0177, device='cuda:0', grad_fn=<DivBackward0>)
Memory status after this epoch: 
Memory allocated:  15.40869140625
Memory cached:  184.0
	 epoch  90 training error:  tensor(0.0189, device='cuda:0', grad_fn=<DivBackward0>)
Memory status after this epoch: 
Memory allocated:  15.40869140625
Memory cached:  182.0
[I 2023-11-08 02:37:41,756] Trial 19 finished with value: 0.020615771412849426 and parameters: {'W_layers': 5, 'W_layer_units_exponent_0': 10, 'W_layer_units_exponent_1': 8, 'W_layer_units_exponent_2': 8, 'W_layer_units_exponent_3': 9, 'W_layer_units_exponent_4': 7, 'D_layers': 4, 'D_layer_units_exponent_0': 5, 'D_layer_units_exponent_1': 5, 'D_layer_units_exponent_2': 5, 'D_layer_units_exponent_3': 6, 'D_dagger_layers': 4, 'D_dagger_layer_units_exponent_0': 8, 'D_dagger_layer_units_exponent_1': 8, 'D_dagger_layer_units_exponent_2': 9, 'D_dagger_layer_units_exponent_3': 9, 'log_learning_rate': -3.487384533030375, 'log_learning_rate_D': -2.4888702202239137, 'log_learning_rate_D_dagger': -4.797379682953747, 'training_batch_size': 12, 'training_p': 2}. Best is trial 15 with value: 0.013434025458991528.
Time for this trial:  196.95889949798584
Memory status after this trial: 
Memory allocated:  215.439453125
Memory cached:  224.0
--------------------  Trial  20   --------------------
Start timing: 
Parameters: 
{'W_layers': 3, 'W_layer_units_exponent_0': 10, 'W_layer_units_exponent_1': 7, 'W_layer_units_exponent_2': 6, 'D_layers': 3, 'D_layer_units_exponent_0': 5, 'D_layer_units_exponent_1': 7, 'D_layer_units_exponent_2': 5, 'D_dagger_layers': 3, 'D_dagger_layer_units_exponent_0': 9, 'D_dagger_layer_units_exponent_1': 9, 'D_dagger_layer_units_exponent_2': 9, 'log_learning_rate': -2.730489944846579, 'log_learning_rate_D': -1.7893100570782638, 'log_learning_rate_D_dagger': -4.871488180309394, 'training_batch_size': 12, 'training_p': 4}
	 epoch  0 training error:  tensor(0.7196, device='cuda:0', grad_fn=<DivBackward0>)
Memory status after this epoch: 
Memory allocated:  10.58447265625
Memory cached:  116.0
	 epoch  10 training error:  tensor(0.3151, device='cuda:0', grad_fn=<DivBackward0>)
Memory status after this epoch: 
Memory allocated:  10.58447265625
Memory cached:  190.0
	 epoch  20 training error:  tensor(0.0766, device='cuda:0', grad_fn=<DivBackward0>)
Memory status after this epoch: 
Memory allocated:  10.58447265625
Memory cached:  194.0
	 epoch  30 training error:  tensor(0.0400, device='cuda:0', grad_fn=<DivBackward0>)
Memory status after this epoch: 
Memory allocated:  10.58447265625
Memory cached:  180.0
	 epoch  40 training error:  tensor(0.0314, device='cuda:0', grad_fn=<DivBackward0>)
Memory status after this epoch: 
Memory allocated:  10.58447265625
Memory cached:  192.0
	 epoch  50 training error:  tensor(0.0286, device='cuda:0', grad_fn=<DivBackward0>)
Memory status after this epoch: 
Memory allocated:  10.58447265625
Memory cached:  196.0
	 epoch  60 training error:  tensor(0.0246, device='cuda:0', grad_fn=<DivBackward0>)
Memory status after this epoch: 
Memory allocated:  10.58447265625
Memory cached:  188.0
	 epoch  70 training error:  tensor(0.0233, device='cuda:0', grad_fn=<DivBackward0>)
Memory status after this epoch: 
Memory allocated:  10.58447265625
Memory cached:  196.0
	 epoch  80 training error:  tensor(0.0227, device='cuda:0', grad_fn=<DivBackward0>)
Memory status after this epoch: 
Memory allocated:  10.58447265625
Memory cached:  192.0
	 epoch  90 training error:  tensor(0.0223, device='cuda:0', grad_fn=<DivBackward0>)
Memory status after this epoch: 
Memory allocated:  10.58447265625
Memory cached:  188.0
[I 2023-11-08 02:40:22,162] Trial 20 finished with value: 0.01725388504564762 and parameters: {'W_layers': 3, 'W_layer_units_exponent_0': 10, 'W_layer_units_exponent_1': 7, 'W_layer_units_exponent_2': 6, 'D_layers': 3, 'D_layer_units_exponent_0': 5, 'D_layer_units_exponent_1': 7, 'D_layer_units_exponent_2': 5, 'D_dagger_layers': 3, 'D_dagger_layer_units_exponent_0': 9, 'D_dagger_layer_units_exponent_1': 9, 'D_dagger_layer_units_exponent_2': 9, 'log_learning_rate': -2.730489944846579, 'log_learning_rate_D': -1.7893100570782638, 'log_learning_rate_D_dagger': -4.871488180309394, 'training_batch_size': 12, 'training_p': 4}. Best is trial 15 with value: 0.013434025458991528.
Time for this trial:  160.18837356567383
Memory status after this trial: 
Memory allocated:  163.44970703125
Memory cached:  170.0
--------------------  Trial  21   --------------------
Start timing: 
Parameters: 
{'W_layers': 3, 'W_layer_units_exponent_0': 9, 'W_layer_units_exponent_1': 6, 'W_layer_units_exponent_2': 5, 'D_layers': 5, 'D_layer_units_exponent_0': 7, 'D_layer_units_exponent_1': 5, 'D_layer_units_exponent_2': 7, 'D_layer_units_exponent_3': 7, 'D_layer_units_exponent_4': 9, 'D_dagger_layers': 2, 'D_dagger_layer_units_exponent_0': 10, 'D_dagger_layer_units_exponent_1': 9, 'log_learning_rate': -2.345558419291546, 'log_learning_rate_D': -3.4400812057163765, 'log_learning_rate_D_dagger': -4.399644426552946, 'training_batch_size': 10, 'training_p': 2}
	 epoch  0 training error:  tensor(0.7617, device='cuda:0', grad_fn=<DivBackward0>)
Memory status after this epoch: 
Memory allocated:  10.19775390625
Memory cached:  132.0
	 epoch  10 training error:  tensor(0.1979, device='cuda:0', grad_fn=<DivBackward0>)
Memory status after this epoch: 
Memory allocated:  10.19775390625
Memory cached:  222.0
	 epoch  20 training error:  tensor(0.1028, device='cuda:0', grad_fn=<DivBackward0>)
Memory status after this epoch: 
Memory allocated:  10.19775390625
Memory cached:  214.0
	 epoch  30 training error:  tensor(0.1026, device='cuda:0', grad_fn=<DivBackward0>)
Memory status after this epoch: 
Memory allocated:  10.19775390625
Memory cached:  220.0
	 epoch  40 training error:  tensor(0.0904, device='cuda:0', grad_fn=<DivBackward0>)
Memory status after this epoch: 
Memory allocated:  10.19775390625
Memory cached:  226.0
	 epoch  50 training error:  tensor(0.0865, device='cuda:0', grad_fn=<DivBackward0>)
Memory status after this epoch: 
Memory allocated:  10.19775390625
Memory cached:  212.0
	 epoch  60 training error:  tensor(0.0816, device='cuda:0', grad_fn=<DivBackward0>)
Memory status after this epoch: 
Memory allocated:  10.19775390625
Memory cached:  212.0
	 epoch  70 training error:  tensor(0.0334, device='cuda:0', grad_fn=<DivBackward0>)
Memory status after this epoch: 
Memory allocated:  10.19775390625
Memory cached:  224.0
	 epoch  80 training error:  tensor(0.0335, device='cuda:0', grad_fn=<DivBackward0>)
Memory status after this epoch: 
Memory allocated:  10.19775390625
Memory cached:  214.0
	 epoch  90 training error:  tensor(0.0165, device='cuda:0', grad_fn=<DivBackward0>)
Memory status after this epoch: 
Memory allocated:  10.19775390625
Memory cached:  214.0
[I 2023-11-08 02:43:03,063] Trial 21 finished with value: 0.0264125969260931 and parameters: {'W_layers': 3, 'W_layer_units_exponent_0': 9, 'W_layer_units_exponent_1': 6, 'W_layer_units_exponent_2': 5, 'D_layers': 5, 'D_layer_units_exponent_0': 7, 'D_layer_units_exponent_1': 5, 'D_layer_units_exponent_2': 7, 'D_layer_units_exponent_3': 7, 'D_layer_units_exponent_4': 9, 'D_dagger_layers': 2, 'D_dagger_layer_units_exponent_0': 10, 'D_dagger_layer_units_exponent_1': 9, 'log_learning_rate': -2.345558419291546, 'log_learning_rate_D': -3.4400812057163765, 'log_learning_rate_D_dagger': -4.399644426552946, 'training_batch_size': 10, 'training_p': 2}. Best is trial 15 with value: 0.013434025458991528.
Time for this trial:  160.55530071258545
Memory status after this trial: 
Memory allocated:  169.69921875
Memory cached:  188.0
--------------------  Trial  22   --------------------
Start timing: 
Parameters: 
{'W_layers': 2, 'W_layer_units_exponent_0': 9, 'W_layer_units_exponent_1': 5, 'D_layers': 5, 'D_layer_units_exponent_0': 6, 'D_layer_units_exponent_1': 5, 'D_layer_units_exponent_2': 5, 'D_layer_units_exponent_3': 9, 'D_layer_units_exponent_4': 6, 'D_dagger_layers': 3, 'D_dagger_layer_units_exponent_0': 10, 'D_dagger_layer_units_exponent_1': 7, 'D_dagger_layer_units_exponent_2': 10, 'log_learning_rate': -1.0466897668497688, 'log_learning_rate_D': -3.5037973000344795, 'log_learning_rate_D_dagger': -4.17968842158798, 'training_batch_size': 11, 'training_p': 3}
	 epoch  0 training error:  tensor(1.0090, device='cuda:0', grad_fn=<DivBackward0>)
Memory status after this epoch: 
Memory allocated:  5.34033203125
Memory cached:  122.0
	 epoch  10 training error:  tensor(0.2390, device='cuda:0', grad_fn=<DivBackward0>)
Memory status after this epoch: 
Memory allocated:  5.34033203125
Memory cached:  216.0
	 epoch  20 training error:  tensor(0.1565, device='cuda:0', grad_fn=<DivBackward0>)
Memory status after this epoch: 
Memory allocated:  5.34033203125
Memory cached:  208.0
	 epoch  30 training error:  tensor(0.0408, device='cuda:0', grad_fn=<DivBackward0>)
Memory status after this epoch: 
Memory allocated:  5.34033203125
Memory cached:  206.0
	 epoch  40 training error:  tensor(0.0372, device='cuda:0', grad_fn=<DivBackward0>)
Memory status after this epoch: 
Memory allocated:  5.34033203125
Memory cached:  216.0
	 epoch  50 training error:  tensor(0.0388, device='cuda:0', grad_fn=<DivBackward0>)
Memory status after this epoch: 
Memory allocated:  5.34033203125
Memory cached:  214.0
	 epoch  60 training error:  tensor(0.0355, device='cuda:0', grad_fn=<DivBackward0>)
Memory status after this epoch: 
Memory allocated:  5.34033203125
Memory cached:  214.0
	 epoch  70 training error:  tensor(0.0342, device='cuda:0', grad_fn=<DivBackward0>)
Memory status after this epoch: 
Memory allocated:  5.34033203125
Memory cached:  216.0
	 epoch  80 training error:  tensor(0.0324, device='cuda:0', grad_fn=<DivBackward0>)
Memory status after this epoch: 
Memory allocated:  5.34033203125
Memory cached:  222.0
	 epoch  90 training error:  tensor(0.0311, device='cuda:0', grad_fn=<DivBackward0>)
Memory status after this epoch: 
Memory allocated:  5.34033203125
Memory cached:  206.0
[I 2023-11-08 02:45:44,416] Trial 22 finished with value: 0.02691631391644478 and parameters: {'W_layers': 2, 'W_layer_units_exponent_0': 9, 'W_layer_units_exponent_1': 5, 'D_layers': 5, 'D_layer_units_exponent_0': 6, 'D_layer_units_exponent_1': 5, 'D_layer_units_exponent_2': 5, 'D_layer_units_exponent_3': 9, 'D_layer_units_exponent_4': 6, 'D_dagger_layers': 3, 'D_dagger_layer_units_exponent_0': 10, 'D_dagger_layer_units_exponent_1': 7, 'D_dagger_layer_units_exponent_2': 10, 'log_learning_rate': -1.0466897668497688, 'log_learning_rate_D': -3.5037973000344795, 'log_learning_rate_D_dagger': -4.17968842158798, 'training_batch_size': 11, 'training_p': 3}. Best is trial 15 with value: 0.013434025458991528.
Time for this trial:  161.10798835754395
Memory status after this trial: 
Memory allocated:  186.18896484375
Memory cached:  190.0
--------------------  Trial  23   --------------------
Start timing: 
Parameters: 
{'W_layers': 4, 'W_layer_units_exponent_0': 10, 'W_layer_units_exponent_1': 6, 'W_layer_units_exponent_2': 5, 'W_layer_units_exponent_3': 8, 'D_layers': 6, 'D_layer_units_exponent_0': 5, 'D_layer_units_exponent_1': 7, 'D_layer_units_exponent_2': 8, 'D_layer_units_exponent_3': 8, 'D_layer_units_exponent_4': 8, 'D_layer_units_exponent_5': 4, 'D_dagger_layers': 4, 'D_dagger_layer_units_exponent_0': 10, 'D_dagger_layer_units_exponent_1': 7, 'D_dagger_layer_units_exponent_2': 7, 'D_dagger_layer_units_exponent_3': 9, 'log_learning_rate': -1.7310351419985195, 'log_learning_rate_D': -2.9085044643460627, 'log_learning_rate_D_dagger': -4.663535450764129, 'training_batch_size': 12, 'training_p': 2}
	 epoch  0 training error:  tensor(1.1305, device='cuda:0', grad_fn=<DivBackward0>)
Memory status after this epoch: 
Memory allocated:  7.39501953125
Memory cached:  120.0
	 epoch  10 training error:  tensor(0.8528, device='cuda:0', grad_fn=<DivBackward0>)
Memory status after this epoch: 
Memory allocated:  7.39501953125
Memory cached:  226.0
	 epoch  20 training error:  tensor(0.4460, device='cuda:0', grad_fn=<DivBackward0>)
Memory status after this epoch: 
Memory allocated:  7.39501953125
Memory cached:  230.0
	 epoch  30 training error:  tensor(0.1275, device='cuda:0', grad_fn=<DivBackward0>)
Memory status after this epoch: 
Memory allocated:  7.39501953125
Memory cached:  226.0
	 epoch  40 training error:  tensor(0.0471, device='cuda:0', grad_fn=<DivBackward0>)
Memory status after this epoch: 
Memory allocated:  7.39501953125
Memory cached:  234.0
	 epoch  50 training error:  tensor(0.0429, device='cuda:0', grad_fn=<DivBackward0>)
Memory status after this epoch: 
Memory allocated:  7.39501953125
Memory cached:  230.0
	 epoch  60 training error:  tensor(0.0382, device='cuda:0', grad_fn=<DivBackward0>)
Memory status after this epoch: 
Memory allocated:  7.39501953125
Memory cached:  228.0
	 epoch  70 training error:  tensor(0.0325, device='cuda:0', grad_fn=<DivBackward0>)
Memory status after this epoch: 
Memory allocated:  7.39501953125
Memory cached:  232.0
	 epoch  80 training error:  tensor(0.0297, device='cuda:0', grad_fn=<DivBackward0>)
Memory status after this epoch: 
Memory allocated:  7.39501953125
Memory cached:  226.0
	 epoch  90 training error:  tensor(0.0291, device='cuda:0', grad_fn=<DivBackward0>)
Memory status after this epoch: 
Memory allocated:  7.39501953125
Memory cached:  224.0
