[I 2023-11-09 21:25:02,705] Trial 48 finished with value: 0.060020167380571365 and parameters: {'W_layers': 6, 'W_layer_units_exponent_0': 5, 'W_layer_units_exponent_1': 6, 'W_layer_units_exponent_2': 6, 'W_layer_units_exponent_3': 10, 'W_layer_units_exponent_4': 7, 'W_layer_units_exponent_5': 4, 'D_layers': 7, 'D_layer_units_exponent_0': 5, 'D_layer_units_exponent_1': 7, 'D_layer_units_exponent_2': 8, 'D_layer_units_exponent_3': 5, 'D_layer_units_exponent_4': 8, 'D_layer_units_exponent_5': 9, 'D_layer_units_exponent_6': 9, 'D_dagger_layers': 6, 'D_dagger_layer_units_exponent_0': 9, 'D_dagger_layer_units_exponent_1': 10, 'D_dagger_layer_units_exponent_2': 10, 'D_dagger_layer_units_exponent_3': 8, 'D_dagger_layer_units_exponent_4': 4, 'D_dagger_layer_units_exponent_5': 8, 'log_learning_rate': -3.7484936887762488, 'log_learning_rate_D': -2.4826518098908315, 'log_learning_rate_D_dagger': -3.5520009392293805, 'training_batch_size': 10, 'training_p': 2}. Best is trial 30 with value: 0.028251364827156067.
Time for this trial:  250.76338171958923
Memory status after this trial: 
Memory allocated:  347.63330078125
Memory cached:  384.0
--------------------  Trial  49   --------------------
Start timing: 
Parameters: 
{'W_layers': 5, 'W_layer_units_exponent_0': 4, 'W_layer_units_exponent_1': 8, 'W_layer_units_exponent_2': 7, 'W_layer_units_exponent_3': 6, 'W_layer_units_exponent_4': 8, 'D_layers': 8, 'D_layer_units_exponent_0': 10, 'D_layer_units_exponent_1': 10, 'D_layer_units_exponent_2': 10, 'D_layer_units_exponent_3': 4, 'D_layer_units_exponent_4': 9, 'D_layer_units_exponent_5': 7, 'D_layer_units_exponent_6': 9, 'D_layer_units_exponent_7': 7, 'D_dagger_layers': 5, 'D_dagger_layer_units_exponent_0': 8, 'D_dagger_layer_units_exponent_1': 9, 'D_dagger_layer_units_exponent_2': 9, 'D_dagger_layer_units_exponent_3': 7, 'D_dagger_layer_units_exponent_4': 7, 'log_learning_rate': -4.551052138739111, 'log_learning_rate_D': -3.2432310437433363, 'log_learning_rate_D_dagger': -4.108511964552066, 'training_batch_size': 11, 'training_p': 5}
	 epoch  0 training error:  tensor(0.6590, device='cuda:0', grad_fn=<DivBackward0>)
Memory status after this epoch: 
Memory allocated:  43.83154296875
Memory cached:  186.0
	 epoch  10 training error:  tensor(0.1981, device='cuda:0', grad_fn=<DivBackward0>)
Memory status after this epoch: 
Memory allocated:  43.83154296875
Memory cached:  340.0
	 epoch  20 training error:  tensor(0.1101, device='cuda:0', grad_fn=<DivBackward0>)
Memory status after this epoch: 
Memory allocated:  43.83154296875
Memory cached:  332.0
	 epoch  30 training error:  tensor(0.0874, device='cuda:0', grad_fn=<DivBackward0>)
Memory status after this epoch: 
Memory allocated:  43.83154296875
Memory cached:  336.0
	 epoch  40 training error:  tensor(0.0793, device='cuda:0', grad_fn=<DivBackward0>)
Memory status after this epoch: 
Memory allocated:  43.83154296875
Memory cached:  330.0
	 epoch  50 training error:  tensor(0.0712, device='cuda:0', grad_fn=<DivBackward0>)
Memory status after this epoch: 
Memory allocated:  43.83154296875
Memory cached:  326.0
	 epoch  60 training error:  tensor(0.0649, device='cuda:0', grad_fn=<DivBackward0>)
Memory status after this epoch: 
Memory allocated:  43.83154296875
Memory cached:  342.0
	 epoch  70 training error:  tensor(0.0578, device='cuda:0', grad_fn=<DivBackward0>)
Memory status after this epoch: 
Memory allocated:  43.83154296875
Memory cached:  332.0
	 epoch  80 training error:  tensor(0.0505, device='cuda:0', grad_fn=<DivBackward0>)
Memory status after this epoch: 
Memory allocated:  43.83154296875
Memory cached:  322.0
	 epoch  90 training error:  tensor(0.0436, device='cuda:0', grad_fn=<DivBackward0>)
Memory status after this epoch: 
Memory allocated:  43.83154296875
Memory cached:  316.0
[I 2023-11-09 21:29:09,922] Trial 49 finished with value: 0.029445260763168335 and parameters: {'W_layers': 5, 'W_layer_units_exponent_0': 4, 'W_layer_units_exponent_1': 8, 'W_layer_units_exponent_2': 7, 'W_layer_units_exponent_3': 6, 'W_layer_units_exponent_4': 8, 'D_layers': 8, 'D_layer_units_exponent_0': 10, 'D_layer_units_exponent_1': 10, 'D_layer_units_exponent_2': 10, 'D_layer_units_exponent_3': 4, 'D_layer_units_exponent_4': 9, 'D_layer_units_exponent_5': 7, 'D_layer_units_exponent_6': 9, 'D_layer_units_exponent_7': 7, 'D_dagger_layers': 5, 'D_dagger_layer_units_exponent_0': 8, 'D_dagger_layer_units_exponent_1': 9, 'D_dagger_layer_units_exponent_2': 9, 'D_dagger_layer_units_exponent_3': 7, 'D_dagger_layer_units_exponent_4': 7, 'log_learning_rate': -4.551052138739111, 'log_learning_rate_D': -3.2432310437433363, 'log_learning_rate_D_dagger': -4.108511964552066, 'training_batch_size': 11, 'training_p': 5}. Best is trial 30 with value: 0.028251364827156067.
[I 2023-11-09 21:29:09,970] A new study created in memory with name: no-name-8575e8a2-a107-46cb-b14a-df87b51e8287
Time for this trial:  246.86845755577087
Memory status after this trial: 
Memory allocated:  374.6171875
Memory cached:  406.0
--------------------  Trial  0   --------------------
Start timing: 
Parameters: 
{'W_layers': 4, 'W_layer_units_exponent_0': 6, 'W_layer_units_exponent_1': 8, 'W_layer_units_exponent_2': 10, 'W_layer_units_exponent_3': 5, 'D_layers': 7, 'D_layer_units_exponent_0': 9, 'D_layer_units_exponent_1': 6, 'D_layer_units_exponent_2': 9, 'D_layer_units_exponent_3': 6, 'D_layer_units_exponent_4': 5, 'D_layer_units_exponent_5': 4, 'D_layer_units_exponent_6': 5, 'D_dagger_layers': 2, 'D_dagger_layer_units_exponent_0': 10, 'D_dagger_layer_units_exponent_1': 5, 'log_learning_rate': -2.4345363976316285, 'log_learning_rate_D': -4.3580791784193345, 'log_learning_rate_D_dagger': -1.060314121710289, 'training_batch_size': 9, 'training_p': 2}
	 epoch  0 training error:  tensor(1.4028, device='cuda:0', grad_fn=<DivBackward0>)
Memory status after this epoch: 
Memory allocated:  7.04150390625
Memory cached:  126.0
	 epoch  10 training error:  tensor(0.4818, device='cuda:0', grad_fn=<DivBackward0>)
Memory status after this epoch: 
Memory allocated:  7.04150390625
Memory cached:  244.0
	 epoch  20 training error:  tensor(0.1561, device='cuda:0', grad_fn=<DivBackward0>)
Memory status after this epoch: 
Memory allocated:  7.04150390625
Memory cached:  248.0
	 epoch  30 training error:  tensor(0.1273, device='cuda:0', grad_fn=<DivBackward0>)
Memory status after this epoch: 
Memory allocated:  7.04150390625
Memory cached:  226.0
	 epoch  40 training error:  tensor(0.1153, device='cuda:0', grad_fn=<DivBackward0>)
Memory status after this epoch: 
Memory allocated:  7.04150390625
Memory cached:  226.0
	 epoch  50 training error:  tensor(0.1168, device='cuda:0', grad_fn=<DivBackward0>)
Memory status after this epoch: 
Memory allocated:  7.04150390625
Memory cached:  236.0
	 epoch  60 training error:  tensor(0.1168, device='cuda:0', grad_fn=<DivBackward0>)
Memory status after this epoch: 
Memory allocated:  7.04150390625
Memory cached:  234.0
	 epoch  70 training error:  tensor(0.1151, device='cuda:0', grad_fn=<DivBackward0>)
Memory status after this epoch: 
Memory allocated:  7.04150390625
Memory cached:  232.0
	 epoch  80 training error:  tensor(0.1138, device='cuda:0', grad_fn=<DivBackward0>)
Memory status after this epoch: 
Memory allocated:  7.04150390625
Memory cached:  246.0
	 epoch  90 training error:  tensor(0.1124, device='cuda:0', grad_fn=<DivBackward0>)
Memory status after this epoch: 
Memory allocated:  7.04150390625
Memory cached:  238.0
[I 2023-11-09 21:32:20,962] Trial 0 finished with value: 0.118988536298275 and parameters: {'W_layers': 4, 'W_layer_units_exponent_0': 6, 'W_layer_units_exponent_1': 8, 'W_layer_units_exponent_2': 10, 'W_layer_units_exponent_3': 5, 'D_layers': 7, 'D_layer_units_exponent_0': 9, 'D_layer_units_exponent_1': 6, 'D_layer_units_exponent_2': 9, 'D_layer_units_exponent_3': 6, 'D_layer_units_exponent_4': 5, 'D_layer_units_exponent_5': 4, 'D_layer_units_exponent_6': 5, 'D_dagger_layers': 2, 'D_dagger_layer_units_exponent_0': 10, 'D_dagger_layer_units_exponent_1': 5, 'log_learning_rate': -2.4345363976316285, 'log_learning_rate_D': -4.3580791784193345, 'log_learning_rate_D_dagger': -1.060314121710289, 'training_batch_size': 9, 'training_p': 2}. Best is trial 0 with value: 0.118988536298275.
Time for this trial:  190.8677089214325
Memory status after this trial: 
Memory allocated:  199.6455078125
Memory cached:  204.0
--------------------  Trial  1   --------------------
Start timing: 
Parameters: 
{'W_layers': 7, 'W_layer_units_exponent_0': 6, 'W_layer_units_exponent_1': 5, 'W_layer_units_exponent_2': 4, 'W_layer_units_exponent_3': 7, 'W_layer_units_exponent_4': 5, 'W_layer_units_exponent_5': 8, 'W_layer_units_exponent_6': 7, 'D_layers': 2, 'D_layer_units_exponent_0': 5, 'D_layer_units_exponent_1': 4, 'D_dagger_layers': 8, 'D_dagger_layer_units_exponent_0': 10, 'D_dagger_layer_units_exponent_1': 9, 'D_dagger_layer_units_exponent_2': 10, 'D_dagger_layer_units_exponent_3': 8, 'D_dagger_layer_units_exponent_4': 9, 'D_dagger_layer_units_exponent_5': 10, 'D_dagger_layer_units_exponent_6': 7, 'D_dagger_layer_units_exponent_7': 5, 'log_learning_rate': -4.848057731745623, 'log_learning_rate_D': -2.639631785939017, 'log_learning_rate_D_dagger': -3.937505085330103, 'training_batch_size': 6, 'training_p': 3}
	 epoch  0 training error:  tensor(0.9928, device='cuda:0', grad_fn=<DivBackward0>)
Memory status after this epoch: 
Memory allocated:  33.09130859375
Memory cached:  200.0
	 epoch  10 training error:  tensor(0.3172, device='cuda:0', grad_fn=<DivBackward0>)
Memory status after this epoch: 
Memory allocated:  33.09130859375
Memory cached:  264.0
	 epoch  20 training error:  tensor(0.1596, device='cuda:0', grad_fn=<DivBackward0>)
Memory status after this epoch: 
Memory allocated:  33.09130859375
Memory cached:  272.0
	 epoch  30 training error:  tensor(0.1068, device='cuda:0', grad_fn=<DivBackward0>)
Memory status after this epoch: 
Memory allocated:  33.09130859375
Memory cached:  280.0
	 epoch  40 training error:  tensor(0.0696, device='cuda:0', grad_fn=<DivBackward0>)
Memory status after this epoch: 
Memory allocated:  33.09130859375
Memory cached:  268.0
	 epoch  50 training error:  tensor(0.0888, device='cuda:0', grad_fn=<DivBackward0>)
Memory status after this epoch: 
Memory allocated:  33.09130859375
Memory cached:  258.0
	 epoch  60 training error:  tensor(0.0741, device='cuda:0', grad_fn=<DivBackward0>)
Memory status after this epoch: 
Memory allocated:  33.09130859375
Memory cached:  270.0
	 epoch  70 training error:  tensor(0.0680, device='cuda:0', grad_fn=<DivBackward0>)
Memory status after this epoch: 
Memory allocated:  33.09130859375
Memory cached:  266.0
	 epoch  80 training error:  tensor(0.0620, device='cuda:0', grad_fn=<DivBackward0>)
Memory status after this epoch: 
Memory allocated:  33.09130859375
Memory cached:  262.0
	 epoch  90 training error:  tensor(0.0544, device='cuda:0', grad_fn=<DivBackward0>)
Memory status after this epoch: 
Memory allocated:  33.09130859375
Memory cached:  268.0
[I 2023-11-09 21:39:10,429] Trial 1 finished with value: 0.04644765704870224 and parameters: {'W_layers': 7, 'W_layer_units_exponent_0': 6, 'W_layer_units_exponent_1': 5, 'W_layer_units_exponent_2': 4, 'W_layer_units_exponent_3': 7, 'W_layer_units_exponent_4': 5, 'W_layer_units_exponent_5': 8, 'W_layer_units_exponent_6': 7, 'D_layers': 2, 'D_layer_units_exponent_0': 5, 'D_layer_units_exponent_1': 4, 'D_dagger_layers': 8, 'D_dagger_layer_units_exponent_0': 10, 'D_dagger_layer_units_exponent_1': 9, 'D_dagger_layer_units_exponent_2': 10, 'D_dagger_layer_units_exponent_3': 8, 'D_dagger_layer_units_exponent_4': 9, 'D_dagger_layer_units_exponent_5': 10, 'D_dagger_layer_units_exponent_6': 7, 'D_dagger_layer_units_exponent_7': 5, 'log_learning_rate': -4.848057731745623, 'log_learning_rate_D': -2.639631785939017, 'log_learning_rate_D_dagger': -3.937505085330103, 'training_batch_size': 6, 'training_p': 3}. Best is trial 1 with value: 0.04644765704870224.
Time for this trial:  409.2760798931122
Memory status after this trial: 
Memory allocated:  296.39599609375
Memory cached:  310.0
--------------------  Trial  2   --------------------
Start timing: 
Parameters: 
{'W_layers': 4, 'W_layer_units_exponent_0': 10, 'W_layer_units_exponent_1': 4, 'W_layer_units_exponent_2': 4, 'W_layer_units_exponent_3': 8, 'D_layers': 4, 'D_layer_units_exponent_0': 10, 'D_layer_units_exponent_1': 9, 'D_layer_units_exponent_2': 9, 'D_layer_units_exponent_3': 10, 'D_dagger_layers': 8, 'D_dagger_layer_units_exponent_0': 6, 'D_dagger_layer_units_exponent_1': 5, 'D_dagger_layer_units_exponent_2': 5, 'D_dagger_layer_units_exponent_3': 5, 'D_dagger_layer_units_exponent_4': 7, 'D_dagger_layer_units_exponent_5': 5, 'D_dagger_layer_units_exponent_6': 4, 'D_dagger_layer_units_exponent_7': 8, 'log_learning_rate': -3.770115567183587, 'log_learning_rate_D': -2.9078559167882743, 'log_learning_rate_D_dagger': -1.9537195119708124, 'training_batch_size': 11, 'training_p': 7}
	 epoch  0 training error:  tensor(0.9335, device='cuda:0', grad_fn=<DivBackward0>)
Memory status after this epoch: 
Memory allocated:  20.94775390625
Memory cached:  164.0
	 epoch  10 training error:  tensor(0.2491, device='cuda:0', grad_fn=<DivBackward0>)
Memory status after this epoch: 
Memory allocated:  20.94775390625
Memory cached:  278.0
	 epoch  20 training error:  tensor(0.1320, device='cuda:0', grad_fn=<DivBackward0>)
Memory status after this epoch: 
Memory allocated:  20.94775390625
Memory cached:  312.0
	 epoch  30 training error:  tensor(0.2244, device='cuda:0', grad_fn=<DivBackward0>)
Memory status after this epoch: 
Memory allocated:  20.94775390625
Memory cached:  296.0
	 epoch  40 training error:  tensor(0.1308, device='cuda:0', grad_fn=<DivBackward0>)
Memory status after this epoch: 
Memory allocated:  20.94775390625
Memory cached:  304.0
	 epoch  50 training error:  tensor(0.1270, device='cuda:0', grad_fn=<DivBackward0>)
Memory status after this epoch: 
Memory allocated:  20.94775390625
Memory cached:  276.0
	 epoch  60 training error:  tensor(0.1227, device='cuda:0', grad_fn=<DivBackward0>)
Memory status after this epoch: 
Memory allocated:  20.94775390625
Memory cached:  282.0
	 epoch  70 training error:  tensor(0.1217, device='cuda:0', grad_fn=<DivBackward0>)
Memory status after this epoch: 
Memory allocated:  20.94775390625
Memory cached:  276.0
	 epoch  80 training error:  tensor(0.1212, device='cuda:0', grad_fn=<DivBackward0>)
Memory status after this epoch: 
Memory allocated:  20.94775390625
Memory cached:  284.0
	 epoch  90 training error:  tensor(0.1210, device='cuda:0', grad_fn=<DivBackward0>)
Memory status after this epoch: 
Memory allocated:  20.94775390625
Memory cached:  290.0
[I 2023-11-09 21:42:51,028] Trial 2 finished with value: 0.11526411026716232 and parameters: {'W_layers': 4, 'W_layer_units_exponent_0': 10, 'W_layer_units_exponent_1': 4, 'W_layer_units_exponent_2': 4, 'W_layer_units_exponent_3': 8, 'D_layers': 4, 'D_layer_units_exponent_0': 10, 'D_layer_units_exponent_1': 9, 'D_layer_units_exponent_2': 9, 'D_layer_units_exponent_3': 10, 'D_dagger_layers': 8, 'D_dagger_layer_units_exponent_0': 6, 'D_dagger_layer_units_exponent_1': 5, 'D_dagger_layer_units_exponent_2': 5, 'D_dagger_layer_units_exponent_3': 5, 'D_dagger_layer_units_exponent_4': 7, 'D_dagger_layer_units_exponent_5': 5, 'D_dagger_layer_units_exponent_6': 4, 'D_dagger_layer_units_exponent_7': 8, 'log_learning_rate': -3.770115567183587, 'log_learning_rate_D': -2.9078559167882743, 'log_learning_rate_D_dagger': -1.9537195119708124, 'training_batch_size': 11, 'training_p': 7}. Best is trial 1 with value: 0.04644765704870224.
Time for this trial:  220.4014892578125
Memory status after this trial: 
Memory allocated:  276.02783203125
Memory cached:  292.0
--------------------  Trial  3   --------------------
Start timing: 
Parameters: 
{'W_layers': 8, 'W_layer_units_exponent_0': 8, 'W_layer_units_exponent_1': 8, 'W_layer_units_exponent_2': 6, 'W_layer_units_exponent_3': 5, 'W_layer_units_exponent_4': 7, 'W_layer_units_exponent_5': 7, 'W_layer_units_exponent_6': 10, 'W_layer_units_exponent_7': 8, 'D_layers': 5, 'D_layer_units_exponent_0': 6, 'D_layer_units_exponent_1': 8, 'D_layer_units_exponent_2': 6, 'D_layer_units_exponent_3': 4, 'D_layer_units_exponent_4': 4, 'D_dagger_layers': 7, 'D_dagger_layer_units_exponent_0': 4, 'D_dagger_layer_units_exponent_1': 10, 'D_dagger_layer_units_exponent_2': 4, 'D_dagger_layer_units_exponent_3': 5, 'D_dagger_layer_units_exponent_4': 5, 'D_dagger_layer_units_exponent_5': 7, 'D_dagger_layer_units_exponent_6': 7, 'log_learning_rate': -4.416923581649058, 'log_learning_rate_D': -1.2316168031575758, 'log_learning_rate_D_dagger': -2.0121335235184867, 'training_batch_size': 12, 'training_p': 4}
	 epoch  0 training error:  tensor(0.9968, device='cuda:0', grad_fn=<DivBackward0>)
Memory status after this epoch: 
Memory allocated:  9.17626953125
Memory cached:  148.0
	 epoch  10 training error:  tensor(0.3721, device='cuda:0', grad_fn=<DivBackward0>)
Memory status after this epoch: 
Memory allocated:  9.17626953125
Memory cached:  274.0
	 epoch  20 training error:  tensor(0.3058, device='cuda:0', grad_fn=<DivBackward0>)
Memory status after this epoch: 
Memory allocated:  9.17626953125
Memory cached:  282.0
	 epoch  30 training error:  tensor(0.1838, device='cuda:0', grad_fn=<DivBackward0>)
Memory status after this epoch: 
Memory allocated:  9.17626953125
Memory cached:  266.0
	 epoch  40 training error:  tensor(0.1258, device='cuda:0', grad_fn=<DivBackward0>)
Memory status after this epoch: 
Memory allocated:  9.17626953125
Memory cached:  280.0
	 epoch  50 training error:  tensor(0.0926, device='cuda:0', grad_fn=<DivBackward0>)
Memory status after this epoch: 
Memory allocated:  9.17626953125
Memory cached:  260.0
	 epoch  60 training error:  tensor(0.0909, device='cuda:0', grad_fn=<DivBackward0>)
Memory status after this epoch: 
Memory allocated:  9.17626953125
Memory cached:  264.0
	 epoch  70 training error:  tensor(0.0919, device='cuda:0', grad_fn=<DivBackward0>)
Memory status after this epoch: 
Memory allocated:  9.17626953125
Memory cached:  262.0
	 epoch  80 training error:  tensor(0.0904, device='cuda:0', grad_fn=<DivBackward0>)
Memory status after this epoch: 
Memory allocated:  9.17626953125
Memory cached:  272.0
	 epoch  90 training error:  tensor(0.0935, device='cuda:0', grad_fn=<DivBackward0>)
Memory status after this epoch: 
Memory allocated:  9.17626953125
Memory cached:  278.0
