[I 2023-11-06 14:16:43,562] Trial 3 finished with value: 0.06164564564824104 and parameters: {'W_layers': 8, 'W_layer_units_exponent_0': 8, 'W_layer_units_exponent_1': 9, 'W_layer_units_exponent_2': 5, 'W_layer_units_exponent_3': 8, 'W_layer_units_exponent_4': 10, 'W_layer_units_exponent_5': 8, 'W_layer_units_exponent_6': 7, 'W_layer_units_exponent_7': 6, 'D_layers': 3, 'D_layer_units_exponent_0': 9, 'D_layer_units_exponent_1': 8, 'D_layer_units_exponent_2': 6, 'D_dagger_layers': 5, 'D_dagger_layer_units_exponent_0': 8, 'D_dagger_layer_units_exponent_1': 6, 'D_dagger_layer_units_exponent_2': 10, 'D_dagger_layer_units_exponent_3': 4, 'D_dagger_layer_units_exponent_4': 5, 'log_learning_rate': -3.492465429425065, 'log_learning_rate_D': -1.5094300118887776, 'log_learning_rate_D_dagger': -4.6609613203361455, 'training_batch_size': 10, 'training_p': 4}. Best is trial 2 with value: 0.029321134090423584.
Time for this trial:  221.65358090400696
Memory status after this trial: 
Memory allocated:  261.94189453125
Memory cached:  270.0
--------------------  Trial  4   --------------------
Start timing: 
Parameters: 
{'W_layers': 6, 'W_layer_units_exponent_0': 5, 'W_layer_units_exponent_1': 9, 'W_layer_units_exponent_2': 8, 'W_layer_units_exponent_3': 8, 'W_layer_units_exponent_4': 5, 'W_layer_units_exponent_5': 10, 'D_layers': 2, 'D_layer_units_exponent_0': 5, 'D_layer_units_exponent_1': 5, 'D_dagger_layers': 7, 'D_dagger_layer_units_exponent_0': 10, 'D_dagger_layer_units_exponent_1': 5, 'D_dagger_layer_units_exponent_2': 10, 'D_dagger_layer_units_exponent_3': 5, 'D_dagger_layer_units_exponent_4': 7, 'D_dagger_layer_units_exponent_5': 5, 'D_dagger_layer_units_exponent_6': 4, 'log_learning_rate': -4.940622222362572, 'log_learning_rate_D': -1.5463029137646829, 'log_learning_rate_D_dagger': -1.7804162603609552, 'training_batch_size': 8, 'training_p': 3}
	 epoch  0 training error:  tensor(0.9777, device='cuda:0', grad_fn=<DivBackward0>)
Memory status after this epoch: 
Memory allocated:  5.76123046875
Memory cached:  146.0
	 epoch  10 training error:  tensor(50.5188, device='cuda:0', grad_fn=<DivBackward0>)
Memory status after this epoch: 
Memory allocated:  5.76123046875
Memory cached:  248.0
	 epoch  20 training error:  tensor(0.9115, device='cuda:0', grad_fn=<DivBackward0>)
Memory status after this epoch: 
Memory allocated:  5.76123046875
Memory cached:  244.0
	 epoch  30 training error:  tensor(0.8295, device='cuda:0', grad_fn=<DivBackward0>)
Memory status after this epoch: 
Memory allocated:  5.76123046875
Memory cached:  268.0
	 epoch  40 training error:  tensor(0.7278, device='cuda:0', grad_fn=<DivBackward0>)
Memory status after this epoch: 
Memory allocated:  5.76123046875
Memory cached:  264.0
	 epoch  50 training error:  tensor(0.6024, device='cuda:0', grad_fn=<DivBackward0>)
Memory status after this epoch: 
Memory allocated:  5.76123046875
Memory cached:  248.0
	 epoch  60 training error:  tensor(0.4470, device='cuda:0', grad_fn=<DivBackward0>)
Memory status after this epoch: 
Memory allocated:  5.76123046875
Memory cached:  256.0
	 epoch  70 training error:  tensor(0.2569, device='cuda:0', grad_fn=<DivBackward0>)
Memory status after this epoch: 
Memory allocated:  5.76123046875
Memory cached:  260.0
	 epoch  80 training error:  tensor(0.0876, device='cuda:0', grad_fn=<DivBackward0>)
Memory status after this epoch: 
Memory allocated:  5.76123046875
Memory cached:  256.0
	 epoch  90 training error:  tensor(0.1129, device='cuda:0', grad_fn=<DivBackward0>)
Memory status after this epoch: 
Memory allocated:  5.76123046875
Memory cached:  250.0
[I 2023-11-06 14:20:17,259] Trial 4 finished with value: 0.08849208801984787 and parameters: {'W_layers': 6, 'W_layer_units_exponent_0': 5, 'W_layer_units_exponent_1': 9, 'W_layer_units_exponent_2': 8, 'W_layer_units_exponent_3': 8, 'W_layer_units_exponent_4': 5, 'W_layer_units_exponent_5': 10, 'D_layers': 2, 'D_layer_units_exponent_0': 5, 'D_layer_units_exponent_1': 5, 'D_dagger_layers': 7, 'D_dagger_layer_units_exponent_0': 10, 'D_dagger_layer_units_exponent_1': 5, 'D_dagger_layer_units_exponent_2': 10, 'D_dagger_layer_units_exponent_3': 5, 'D_dagger_layer_units_exponent_4': 7, 'D_dagger_layer_units_exponent_5': 5, 'D_dagger_layer_units_exponent_6': 4, 'log_learning_rate': -4.940622222362572, 'log_learning_rate_D': -1.5463029137646829, 'log_learning_rate_D_dagger': -1.7804162603609552, 'training_batch_size': 8, 'training_p': 3}. Best is trial 2 with value: 0.029321134090423584.
Time for this trial:  213.52369213104248
Memory status after this trial: 
Memory allocated:  242.35498046875
Memory cached:  246.0
--------------------  Trial  5   --------------------
Start timing: 
Parameters: 
{'W_layers': 7, 'W_layer_units_exponent_0': 4, 'W_layer_units_exponent_1': 5, 'W_layer_units_exponent_2': 10, 'W_layer_units_exponent_3': 9, 'W_layer_units_exponent_4': 8, 'W_layer_units_exponent_5': 9, 'W_layer_units_exponent_6': 4, 'D_layers': 3, 'D_layer_units_exponent_0': 8, 'D_layer_units_exponent_1': 8, 'D_layer_units_exponent_2': 5, 'D_dagger_layers': 3, 'D_dagger_layer_units_exponent_0': 9, 'D_dagger_layer_units_exponent_1': 7, 'D_dagger_layer_units_exponent_2': 8, 'log_learning_rate': -4.141171929776876, 'log_learning_rate_D': -1.6715257983363863, 'log_learning_rate_D_dagger': -2.997792417018407, 'training_batch_size': 8, 'training_p': 5}
	 epoch  0 training error:  tensor(1.1332, device='cuda:0', grad_fn=<DivBackward0>)
Memory status after this epoch: 
Memory allocated:  15.46630859375
Memory cached:  158.0
	 epoch  10 training error:  tensor(0.2677, device='cuda:0', grad_fn=<DivBackward0>)
Memory status after this epoch: 
Memory allocated:  15.46630859375
Memory cached:  280.0
	 epoch  20 training error:  tensor(0.1188, device='cuda:0', grad_fn=<DivBackward0>)
Memory status after this epoch: 
Memory allocated:  15.46630859375
Memory cached:  270.0
	 epoch  30 training error:  tensor(0.0994, device='cuda:0', grad_fn=<DivBackward0>)
Memory status after this epoch: 
Memory allocated:  15.46630859375
Memory cached:  260.0
	 epoch  40 training error:  tensor(0.0644, device='cuda:0', grad_fn=<DivBackward0>)
Memory status after this epoch: 
Memory allocated:  15.46630859375
Memory cached:  262.0
	 epoch  50 training error:  tensor(0.0844, device='cuda:0', grad_fn=<DivBackward0>)
Memory status after this epoch: 
Memory allocated:  15.46630859375
Memory cached:  274.0
	 epoch  60 training error:  tensor(0.0718, device='cuda:0', grad_fn=<DivBackward0>)
Memory status after this epoch: 
Memory allocated:  15.46630859375
Memory cached:  264.0
	 epoch  70 training error:  tensor(0.0627, device='cuda:0', grad_fn=<DivBackward0>)
Memory status after this epoch: 
Memory allocated:  15.46630859375
Memory cached:  284.0
	 epoch  80 training error:  tensor(0.0730, device='cuda:0', grad_fn=<DivBackward0>)
Memory status after this epoch: 
Memory allocated:  15.46630859375
Memory cached:  276.0
	 epoch  90 training error:  tensor(0.0492, device='cuda:0', grad_fn=<DivBackward0>)
Memory status after this epoch: 
Memory allocated:  15.46630859375
Memory cached:  266.0
[I 2023-11-06 14:23:25,395] Trial 5 finished with value: 0.06482168287038803 and parameters: {'W_layers': 7, 'W_layer_units_exponent_0': 4, 'W_layer_units_exponent_1': 5, 'W_layer_units_exponent_2': 10, 'W_layer_units_exponent_3': 9, 'W_layer_units_exponent_4': 8, 'W_layer_units_exponent_5': 9, 'W_layer_units_exponent_6': 4, 'D_layers': 3, 'D_layer_units_exponent_0': 8, 'D_layer_units_exponent_1': 8, 'D_layer_units_exponent_2': 5, 'D_dagger_layers': 3, 'D_dagger_layer_units_exponent_0': 9, 'D_dagger_layer_units_exponent_1': 7, 'D_dagger_layer_units_exponent_2': 8, 'log_learning_rate': -4.141171929776876, 'log_learning_rate_D': -1.6715257983363863, 'log_learning_rate_D_dagger': -2.997792417018407, 'training_batch_size': 8, 'training_p': 5}. Best is trial 2 with value: 0.029321134090423584.
Time for this trial:  187.87997388839722
Memory status after this trial: 
Memory allocated:  212.087890625
Memory cached:  232.0
--------------------  Trial  6   --------------------
Start timing: 
Parameters: 
{'W_layers': 5, 'W_layer_units_exponent_0': 4, 'W_layer_units_exponent_1': 9, 'W_layer_units_exponent_2': 8, 'W_layer_units_exponent_3': 7, 'W_layer_units_exponent_4': 10, 'D_layers': 2, 'D_layer_units_exponent_0': 5, 'D_layer_units_exponent_1': 8, 'D_dagger_layers': 6, 'D_dagger_layer_units_exponent_0': 8, 'D_dagger_layer_units_exponent_1': 7, 'D_dagger_layer_units_exponent_2': 4, 'D_dagger_layer_units_exponent_3': 4, 'D_dagger_layer_units_exponent_4': 9, 'D_dagger_layer_units_exponent_5': 9, 'log_learning_rate': -4.44180131387726, 'log_learning_rate_D': -4.572084090724074, 'log_learning_rate_D_dagger': -3.3787110006083423, 'training_batch_size': 6, 'training_p': 8}
	 epoch  0 training error:  tensor(0.8226, device='cuda:0', grad_fn=<DivBackward0>)
Memory status after this epoch: 
Memory allocated:  9.65087890625
Memory cached:  120.0
	 epoch  10 training error:  tensor(0.2948, device='cuda:0', grad_fn=<DivBackward0>)
Memory status after this epoch: 
Memory allocated:  9.65087890625
Memory cached:  122.0
	 epoch  20 training error:  tensor(0.1272, device='cuda:0', grad_fn=<DivBackward0>)
Memory status after this epoch: 
Memory allocated:  9.65087890625
Memory cached:  124.0
	 epoch  30 training error:  tensor(0.1035, device='cuda:0', grad_fn=<DivBackward0>)
Memory status after this epoch: 
Memory allocated:  9.65087890625
Memory cached:  118.0
	 epoch  40 training error:  tensor(0.0945, device='cuda:0', grad_fn=<DivBackward0>)
Memory status after this epoch: 
Memory allocated:  9.65087890625
Memory cached:  124.0
	 epoch  50 training error:  tensor(0.0950, device='cuda:0', grad_fn=<DivBackward0>)
Memory status after this epoch: 
Memory allocated:  9.65087890625
Memory cached:  120.0
	 epoch  60 training error:  tensor(0.0801, device='cuda:0', grad_fn=<DivBackward0>)
Memory status after this epoch: 
Memory allocated:  9.65087890625
Memory cached:  124.0
	 epoch  70 training error:  tensor(0.0788, device='cuda:0', grad_fn=<DivBackward0>)
Memory status after this epoch: 
Memory allocated:  9.65087890625
Memory cached:  124.0
	 epoch  80 training error:  tensor(0.0678, device='cuda:0', grad_fn=<DivBackward0>)
Memory status after this epoch: 
Memory allocated:  9.65087890625
Memory cached:  128.0
	 epoch  90 training error:  tensor(0.0774, device='cuda:0', grad_fn=<DivBackward0>)
Memory status after this epoch: 
Memory allocated:  9.65087890625
Memory cached:  124.0
[I 2023-11-06 14:29:08,204] Trial 6 finished with value: 0.053313590586185455 and parameters: {'W_layers': 5, 'W_layer_units_exponent_0': 4, 'W_layer_units_exponent_1': 9, 'W_layer_units_exponent_2': 8, 'W_layer_units_exponent_3': 7, 'W_layer_units_exponent_4': 10, 'D_layers': 2, 'D_layer_units_exponent_0': 5, 'D_layer_units_exponent_1': 8, 'D_dagger_layers': 6, 'D_dagger_layer_units_exponent_0': 8, 'D_dagger_layer_units_exponent_1': 7, 'D_dagger_layer_units_exponent_2': 4, 'D_dagger_layer_units_exponent_3': 4, 'D_dagger_layer_units_exponent_4': 9, 'D_dagger_layer_units_exponent_5': 9, 'log_learning_rate': -4.44180131387726, 'log_learning_rate_D': -4.572084090724074, 'log_learning_rate_D_dagger': -3.3787110006083423, 'training_batch_size': 6, 'training_p': 8}. Best is trial 2 with value: 0.029321134090423584.
Time for this trial:  342.6402108669281
Memory status after this trial: 
Memory allocated:  201.833984375
Memory cached:  208.0
--------------------  Trial  7   --------------------
Start timing: 
Parameters: 
{'W_layers': 8, 'W_layer_units_exponent_0': 9, 'W_layer_units_exponent_1': 8, 'W_layer_units_exponent_2': 6, 'W_layer_units_exponent_3': 6, 'W_layer_units_exponent_4': 5, 'W_layer_units_exponent_5': 9, 'W_layer_units_exponent_6': 9, 'W_layer_units_exponent_7': 7, 'D_layers': 3, 'D_layer_units_exponent_0': 8, 'D_layer_units_exponent_1': 9, 'D_layer_units_exponent_2': 4, 'D_dagger_layers': 8, 'D_dagger_layer_units_exponent_0': 8, 'D_dagger_layer_units_exponent_1': 6, 'D_dagger_layer_units_exponent_2': 10, 'D_dagger_layer_units_exponent_3': 4, 'D_dagger_layer_units_exponent_4': 7, 'D_dagger_layer_units_exponent_5': 10, 'D_dagger_layer_units_exponent_6': 8, 'D_dagger_layer_units_exponent_7': 5, 'log_learning_rate': -3.768699103537472, 'log_learning_rate_D': -3.8178542735147953, 'log_learning_rate_D_dagger': -2.1258723517220264, 'training_batch_size': 11, 'training_p': 7}
	 epoch  0 training error:  tensor(0.9691, device='cuda:0', grad_fn=<DivBackward0>)
Memory status after this epoch: 
Memory allocated:  17.63037109375
Memory cached:  148.0
	 epoch  10 training error:  tensor(3.2285, device='cuda:0', grad_fn=<DivBackward0>)
Memory status after this epoch: 
Memory allocated:  17.63037109375
Memory cached:  318.0
	 epoch  20 training error:  tensor(0.2273, device='cuda:0', grad_fn=<DivBackward0>)
Memory status after this epoch: 
Memory allocated:  17.63037109375
Memory cached:  318.0
	 epoch  30 training error:  tensor(0.1095, device='cuda:0', grad_fn=<DivBackward0>)
Memory status after this epoch: 
Memory allocated:  17.63037109375
Memory cached:  312.0
	 epoch  40 training error:  tensor(0.0975, device='cuda:0', grad_fn=<DivBackward0>)
Memory status after this epoch: 
Memory allocated:  17.63037109375
Memory cached:  324.0
	 epoch  50 training error:  tensor(0.0916, device='cuda:0', grad_fn=<DivBackward0>)
Memory status after this epoch: 
Memory allocated:  17.63037109375
Memory cached:  318.0
	 epoch  60 training error:  tensor(0.0912, device='cuda:0', grad_fn=<DivBackward0>)
Memory status after this epoch: 
Memory allocated:  17.63037109375
Memory cached:  310.0
	 epoch  70 training error:  tensor(0.0903, device='cuda:0', grad_fn=<DivBackward0>)
Memory status after this epoch: 
Memory allocated:  17.63037109375
Memory cached:  306.0
	 epoch  80 training error:  tensor(0.0898, device='cuda:0', grad_fn=<DivBackward0>)
Memory status after this epoch: 
Memory allocated:  17.63037109375
Memory cached:  314.0
	 epoch  90 training error:  tensor(0.0895, device='cuda:0', grad_fn=<DivBackward0>)
Memory status after this epoch: 
Memory allocated:  17.63037109375
Memory cached:  320.0
[I 2023-11-06 14:33:11,629] Trial 7 finished with value: 0.07125376909971237 and parameters: {'W_layers': 8, 'W_layer_units_exponent_0': 9, 'W_layer_units_exponent_1': 8, 'W_layer_units_exponent_2': 6, 'W_layer_units_exponent_3': 6, 'W_layer_units_exponent_4': 5, 'W_layer_units_exponent_5': 9, 'W_layer_units_exponent_6': 9, 'W_layer_units_exponent_7': 7, 'D_layers': 3, 'D_layer_units_exponent_0': 8, 'D_layer_units_exponent_1': 9, 'D_layer_units_exponent_2': 4, 'D_dagger_layers': 8, 'D_dagger_layer_units_exponent_0': 8, 'D_dagger_layer_units_exponent_1': 6, 'D_dagger_layer_units_exponent_2': 10, 'D_dagger_layer_units_exponent_3': 4, 'D_dagger_layer_units_exponent_4': 7, 'D_dagger_layer_units_exponent_5': 10, 'D_dagger_layer_units_exponent_6': 8, 'D_dagger_layer_units_exponent_7': 5, 'log_learning_rate': -3.768699103537472, 'log_learning_rate_D': -3.8178542735147953, 'log_learning_rate_D_dagger': -2.1258723517220264, 'training_batch_size': 11, 'training_p': 7}. Best is trial 2 with value: 0.029321134090423584.
Time for this trial:  243.26380133628845
Memory status after this trial: 
Memory allocated:  312.1611328125
Memory cached:  322.0
--------------------  Trial  8   --------------------
Start timing: 
Parameters: 
{'W_layers': 3, 'W_layer_units_exponent_0': 10, 'W_layer_units_exponent_1': 8, 'W_layer_units_exponent_2': 7, 'D_layers': 8, 'D_layer_units_exponent_0': 10, 'D_layer_units_exponent_1': 9, 'D_layer_units_exponent_2': 4, 'D_layer_units_exponent_3': 8, 'D_layer_units_exponent_4': 5, 'D_layer_units_exponent_5': 7, 'D_layer_units_exponent_6': 8, 'D_layer_units_exponent_7': 5, 'D_dagger_layers': 8, 'D_dagger_layer_units_exponent_0': 5, 'D_dagger_layer_units_exponent_1': 8, 'D_dagger_layer_units_exponent_2': 9, 'D_dagger_layer_units_exponent_3': 7, 'D_dagger_layer_units_exponent_4': 10, 'D_dagger_layer_units_exponent_5': 7, 'D_dagger_layer_units_exponent_6': 8, 'D_dagger_layer_units_exponent_7': 10, 'log_learning_rate': -1.2943967395129854, 'log_learning_rate_D': -2.7062527469933397, 'log_learning_rate_D_dagger': -3.3772972404806256, 'training_batch_size': 9, 'training_p': 5}
	 epoch  0 training error:  tensor(1.0552, device='cuda:0', grad_fn=<DivBackward0>)
Memory status after this epoch: 
Memory allocated:  25.45654296875
Memory cached:  180.0
	 epoch  10 training error:  tensor(0.2347, device='cuda:0', grad_fn=<DivBackward0>)
Memory status after this epoch: 
Memory allocated:  25.45654296875
Memory cached:  302.0
	 epoch  20 training error:  tensor(0.1609, device='cuda:0', grad_fn=<DivBackward0>)
Memory status after this epoch: 
Memory allocated:  25.45654296875
Memory cached:  322.0
	 epoch  30 training error:  tensor(0.0743, device='cuda:0', grad_fn=<DivBackward0>)
Memory status after this epoch: 
Memory allocated:  25.45654296875
Memory cached:  302.0
	 epoch  40 training error:  tensor(0.0734, device='cuda:0', grad_fn=<DivBackward0>)
Memory status after this epoch: 
Memory allocated:  25.45654296875
Memory cached:  310.0
	 epoch  50 training error:  tensor(0.0789, device='cuda:0', grad_fn=<DivBackward0>)
Memory status after this epoch: 
Memory allocated:  25.45654296875
Memory cached:  310.0
	 epoch  60 training error:  tensor(0.0777, device='cuda:0', grad_fn=<DivBackward0>)
Memory status after this epoch: 
Memory allocated:  25.45654296875
Memory cached:  312.0
	 epoch  70 training error:  tensor(0.0689, device='cuda:0', grad_fn=<DivBackward0>)
Memory status after this epoch: 
Memory allocated:  25.45654296875
Memory cached:  314.0
	 epoch  80 training error:  tensor(0.0727, device='cuda:0', grad_fn=<DivBackward0>)
Memory status after this epoch: 
Memory allocated:  25.45654296875
Memory cached:  304.0
	 epoch  90 training error:  tensor(0.0684, device='cuda:0', grad_fn=<DivBackward0>)
Memory status after this epoch: 
Memory allocated:  25.45654296875
Memory cached:  310.0
[I 2023-11-06 14:37:23,792] Trial 8 finished with value: 0.056946512311697006 and parameters: {'W_layers': 3, 'W_layer_units_exponent_0': 10, 'W_layer_units_exponent_1': 8, 'W_layer_units_exponent_2': 7, 'D_layers': 8, 'D_layer_units_exponent_0': 10, 'D_layer_units_exponent_1': 9, 'D_layer_units_exponent_2': 4, 'D_layer_units_exponent_3': 8, 'D_layer_units_exponent_4': 5, 'D_layer_units_exponent_5': 7, 'D_layer_units_exponent_6': 8, 'D_layer_units_exponent_7': 5, 'D_dagger_layers': 8, 'D_dagger_layer_units_exponent_0': 5, 'D_dagger_layer_units_exponent_1': 8, 'D_dagger_layer_units_exponent_2': 9, 'D_dagger_layer_units_exponent_3': 7, 'D_dagger_layer_units_exponent_4': 10, 'D_dagger_layer_units_exponent_5': 7, 'D_dagger_layer_units_exponent_6': 8, 'D_dagger_layer_units_exponent_7': 10, 'log_learning_rate': -1.2943967395129854, 'log_learning_rate_D': -2.7062527469933397, 'log_learning_rate_D_dagger': -3.3772972404806256, 'training_batch_size': 9, 'training_p': 5}. Best is trial 2 with value: 0.029321134090423584.
Time for this trial:  251.98679757118225
Memory status after this trial: 
Memory allocated:  387.7490234375
Memory cached:  414.0
--------------------  Trial  9   --------------------
Start timing: 
Parameters: 
{'W_layers': 4, 'W_layer_units_exponent_0': 7, 'W_layer_units_exponent_1': 8, 'W_layer_units_exponent_2': 10, 'W_layer_units_exponent_3': 7, 'D_layers': 6, 'D_layer_units_exponent_0': 7, 'D_layer_units_exponent_1': 10, 'D_layer_units_exponent_2': 4, 'D_layer_units_exponent_3': 5, 'D_layer_units_exponent_4': 7, 'D_layer_units_exponent_5': 4, 'D_dagger_layers': 5, 'D_dagger_layer_units_exponent_0': 9, 'D_dagger_layer_units_exponent_1': 8, 'D_dagger_layer_units_exponent_2': 8, 'D_dagger_layer_units_exponent_3': 10, 'D_dagger_layer_units_exponent_4': 10, 'log_learning_rate': -3.3504749872003394, 'log_learning_rate_D': -2.680506007702369, 'log_learning_rate_D_dagger': -1.1277124975196626, 'training_batch_size': 10, 'training_p': 5}
	 epoch  0 training error:  tensor(1.1594, device='cuda:0', grad_fn=<DivBackward0>)
Memory status after this epoch: 
Memory allocated:  32.10302734375
Memory cached:  182.0
	 epoch  10 training error:  tensor(1.0805, device='cuda:0', grad_fn=<DivBackward0>)
Memory status after this epoch: 
Memory allocated:  32.10302734375
Memory cached:  300.0
	 epoch  20 training error:  tensor(0.2983, device='cuda:0', grad_fn=<DivBackward0>)
Memory status after this epoch: 
Memory allocated:  32.10302734375
Memory cached:  286.0
	 epoch  30 training error:  tensor(0.1384, device='cuda:0', grad_fn=<DivBackward0>)
Memory status after this epoch: 
Memory allocated:  32.10302734375
Memory cached:  296.0
	 epoch  40 training error:  tensor(0.1063, device='cuda:0', grad_fn=<DivBackward0>)
Memory status after this epoch: 
Memory allocated:  32.10302734375
Memory cached:  292.0
	 epoch  50 training error:  tensor(0.1100, device='cuda:0', grad_fn=<DivBackward0>)
Memory status after this epoch: 
Memory allocated:  32.10302734375
Memory cached:  290.0
	 epoch  60 training error:  tensor(0.1035, device='cuda:0', grad_fn=<DivBackward0>)
Memory status after this epoch: 
Memory allocated:  32.10302734375
Memory cached:  292.0
	 epoch  70 training error:  tensor(0.1024, device='cuda:0', grad_fn=<DivBackward0>)
Memory status after this epoch: 
Memory allocated:  32.10302734375
Memory cached:  294.0
	 epoch  80 training error:  tensor(0.1024, device='cuda:0', grad_fn=<DivBackward0>)
Memory status after this epoch: 
Memory allocated:  32.10302734375
Memory cached:  296.0
	 epoch  90 training error:  tensor(0.1023, device='cuda:0', grad_fn=<DivBackward0>)
Memory status after this epoch: 
Memory allocated:  32.10302734375
Memory cached:  296.0
