[I 2023-11-03 23:44:25,153] Trial 28 finished with value: 0.12094859033823013 and parameters: {'W_layers': 5, 'W_layer_units_exponent_0': 5, 'W_layer_units_exponent_1': 8, 'W_layer_units_exponent_2': 7, 'W_layer_units_exponent_3': 6, 'W_layer_units_exponent_4': 10, 'D_layers': 4, 'D_layer_units_exponent_0': 5, 'D_layer_units_exponent_1': 7, 'D_layer_units_exponent_2': 8, 'D_layer_units_exponent_3': 10, 'log_learning_rate': -4.934865180465888, 'log_learning_rate_D': -4.180403462813774, 'training_batch_size': 9, 'training_p': 2}. Best is trial 26 with value: 0.027899861335754395.
Time for this trial:  140.55445861816406
Memory status after this trial: 
Memory allocated:  160.31591796875
Memory cached:  164.0
--------------------  Trial  29   --------------------
Start timing: 
Parameters: 
{'W_layers': 6, 'W_layer_units_exponent_0': 9, 'W_layer_units_exponent_1': 9, 'W_layer_units_exponent_2': 5, 'W_layer_units_exponent_3': 7, 'W_layer_units_exponent_4': 7, 'W_layer_units_exponent_5': 4, 'D_layers': 7, 'D_layer_units_exponent_0': 6, 'D_layer_units_exponent_1': 8, 'D_layer_units_exponent_2': 7, 'D_layer_units_exponent_3': 8, 'D_layer_units_exponent_4': 6, 'D_layer_units_exponent_5': 4, 'D_layer_units_exponent_6': 10, 'log_learning_rate': -3.75214349813185, 'log_learning_rate_D': -2.5467134055295344, 'training_batch_size': 12, 'training_p': 3}
	 epoch  0 training error:  tensor(0.9444, device='cuda:0', grad_fn=<DivBackward0>)
Memory status after this epoch: 
Memory allocated:  6.4853515625
Memory cached:  14.0
	 epoch  10 training error:  tensor(0.0882, device='cuda:0', grad_fn=<DivBackward0>)
Memory status after this epoch: 
Memory allocated:  6.4853515625
Memory cached:  20.0
	 epoch  20 training error:  tensor(0.0607, device='cuda:0', grad_fn=<DivBackward0>)
Memory status after this epoch: 
Memory allocated:  6.4853515625
Memory cached:  24.0
	 epoch  30 training error:  tensor(0.0621, device='cuda:0', grad_fn=<DivBackward0>)
Memory status after this epoch: 
Memory allocated:  6.4853515625
Memory cached:  20.0
	 epoch  40 training error:  tensor(0.0542, device='cuda:0', grad_fn=<DivBackward0>)
Memory status after this epoch: 
Memory allocated:  6.4853515625
Memory cached:  20.0
	 epoch  50 training error:  tensor(0.0542, device='cuda:0', grad_fn=<DivBackward0>)
Memory status after this epoch: 
Memory allocated:  6.4853515625
Memory cached:  24.0
	 epoch  60 training error:  tensor(0.0528, device='cuda:0', grad_fn=<DivBackward0>)
Memory status after this epoch: 
Memory allocated:  6.4853515625
Memory cached:  22.0
	 epoch  70 training error:  tensor(0.0518, device='cuda:0', grad_fn=<DivBackward0>)
Memory status after this epoch: 
Memory allocated:  6.4853515625
Memory cached:  22.0
	 epoch  80 training error:  tensor(0.0595, device='cuda:0', grad_fn=<DivBackward0>)
Memory status after this epoch: 
Memory allocated:  6.4853515625
Memory cached:  18.0
	 epoch  90 training error:  tensor(0.0518, device='cuda:0', grad_fn=<DivBackward0>)
Memory status after this epoch: 
Memory allocated:  6.4853515625
Memory cached:  20.0
[I 2023-11-03 23:47:16,960] Trial 29 finished with value: 0.053659338504076004 and parameters: {'W_layers': 6, 'W_layer_units_exponent_0': 9, 'W_layer_units_exponent_1': 9, 'W_layer_units_exponent_2': 5, 'W_layer_units_exponent_3': 7, 'W_layer_units_exponent_4': 7, 'W_layer_units_exponent_5': 4, 'D_layers': 7, 'D_layer_units_exponent_0': 6, 'D_layer_units_exponent_1': 8, 'D_layer_units_exponent_2': 7, 'D_layer_units_exponent_3': 8, 'D_layer_units_exponent_4': 6, 'D_layer_units_exponent_5': 4, 'D_layer_units_exponent_6': 10, 'log_learning_rate': -3.75214349813185, 'log_learning_rate_D': -2.5467134055295344, 'training_batch_size': 12, 'training_p': 3}. Best is trial 26 with value: 0.027899861335754395.
Time for this trial:  171.56786012649536
Memory status after this trial: 
Memory allocated:  170.73974609375
Memory cached:  176.0
--------------------  Trial  30   --------------------
Start timing: 
Parameters: 
{'W_layers': 4, 'W_layer_units_exponent_0': 7, 'W_layer_units_exponent_1': 8, 'W_layer_units_exponent_2': 9, 'W_layer_units_exponent_3': 9, 'D_layers': 2, 'D_layer_units_exponent_0': 6, 'D_layer_units_exponent_1': 10, 'log_learning_rate': -4.096089083162672, 'log_learning_rate_D': -3.610857509237324, 'training_batch_size': 9, 'training_p': 4}
	 epoch  0 training error:  tensor(1.0459, device='cuda:0', grad_fn=<DivBackward0>)
Memory status after this epoch: 
Memory allocated:  7.6044921875
Memory cached:  12.0
	 epoch  10 training error:  tensor(0.1123, device='cuda:0', grad_fn=<DivBackward0>)
Memory status after this epoch: 
Memory allocated:  7.6044921875
Memory cached:  16.0
	 epoch  20 training error:  tensor(0.1134, device='cuda:0', grad_fn=<DivBackward0>)
Memory status after this epoch: 
Memory allocated:  7.6044921875
Memory cached:  16.0
	 epoch  30 training error:  tensor(0.0632, device='cuda:0', grad_fn=<DivBackward0>)
Memory status after this epoch: 
Memory allocated:  7.6044921875
Memory cached:  16.0
	 epoch  40 training error:  tensor(0.0555, device='cuda:0', grad_fn=<DivBackward0>)
Memory status after this epoch: 
Memory allocated:  7.6044921875
Memory cached:  16.0
	 epoch  50 training error:  tensor(0.0445, device='cuda:0', grad_fn=<DivBackward0>)
Memory status after this epoch: 
Memory allocated:  7.6044921875
Memory cached:  16.0
	 epoch  60 training error:  tensor(0.0426, device='cuda:0', grad_fn=<DivBackward0>)
Memory status after this epoch: 
Memory allocated:  7.6044921875
Memory cached:  16.0
	 epoch  70 training error:  tensor(0.0409, device='cuda:0', grad_fn=<DivBackward0>)
Memory status after this epoch: 
Memory allocated:  7.6044921875
Memory cached:  16.0
	 epoch  80 training error:  tensor(0.0394, device='cuda:0', grad_fn=<DivBackward0>)
Memory status after this epoch: 
Memory allocated:  7.6044921875
Memory cached:  16.0
	 epoch  90 training error:  tensor(0.0379, device='cuda:0', grad_fn=<DivBackward0>)
Memory status after this epoch: 
Memory allocated:  7.6044921875
Memory cached:  16.0
[I 2023-11-03 23:49:12,356] Trial 30 finished with value: 0.03622482344508171 and parameters: {'W_layers': 4, 'W_layer_units_exponent_0': 7, 'W_layer_units_exponent_1': 8, 'W_layer_units_exponent_2': 9, 'W_layer_units_exponent_3': 9, 'D_layers': 2, 'D_layer_units_exponent_0': 6, 'D_layer_units_exponent_1': 10, 'log_learning_rate': -4.096089083162672, 'log_learning_rate_D': -3.610857509237324, 'training_batch_size': 9, 'training_p': 4}. Best is trial 26 with value: 0.027899861335754395.
Time for this trial:  115.17590498924255
Memory status after this trial: 
Memory allocated:  137.1640625
Memory cached:  142.0
--------------------  Trial  31   --------------------
Start timing: 
Parameters: 
{'W_layers': 3, 'W_layer_units_exponent_0': 9, 'W_layer_units_exponent_1': 8, 'W_layer_units_exponent_2': 6, 'D_layers': 2, 'D_layer_units_exponent_0': 7, 'D_layer_units_exponent_1': 9, 'log_learning_rate': -4.026047970731972, 'log_learning_rate_D': -3.81236646652603, 'training_batch_size': 6, 'training_p': 4}
	 epoch  0 training error:  tensor(1.1979, device='cuda:0', grad_fn=<DivBackward0>)
Memory status after this epoch: 
Memory allocated:  3.3134765625
Memory cached:  12.0
	 epoch  10 training error:  tensor(0.1353, device='cuda:0', grad_fn=<DivBackward0>)
Memory status after this epoch: 
Memory allocated:  3.3134765625
Memory cached:  12.0
	 epoch  20 training error:  tensor(0.0462, device='cuda:0', grad_fn=<DivBackward0>)
Memory status after this epoch: 
Memory allocated:  3.3134765625
Memory cached:  12.0
	 epoch  30 training error:  tensor(0.0460, device='cuda:0', grad_fn=<DivBackward0>)
Memory status after this epoch: 
Memory allocated:  3.3134765625
Memory cached:  12.0
	 epoch  40 training error:  tensor(0.0434, device='cuda:0', grad_fn=<DivBackward0>)
Memory status after this epoch: 
Memory allocated:  3.3134765625
Memory cached:  12.0
	 epoch  50 training error:  tensor(0.0405, device='cuda:0', grad_fn=<DivBackward0>)
Memory status after this epoch: 
Memory allocated:  3.3134765625
Memory cached:  12.0
	 epoch  60 training error:  tensor(0.0387, device='cuda:0', grad_fn=<DivBackward0>)
Memory status after this epoch: 
Memory allocated:  3.3134765625
Memory cached:  12.0
	 epoch  70 training error:  tensor(0.0407, device='cuda:0', grad_fn=<DivBackward0>)
Memory status after this epoch: 
Memory allocated:  3.3134765625
Memory cached:  12.0
	 epoch  80 training error:  tensor(0.0405, device='cuda:0', grad_fn=<DivBackward0>)
Memory status after this epoch: 
Memory allocated:  3.3134765625
Memory cached:  12.0
	 epoch  90 training error:  tensor(0.0372, device='cuda:0', grad_fn=<DivBackward0>)
Memory status after this epoch: 
Memory allocated:  3.3134765625
Memory cached:  12.0
[I 2023-11-03 23:52:08,863] Trial 31 finished with value: 0.03531051427125931 and parameters: {'W_layers': 3, 'W_layer_units_exponent_0': 9, 'W_layer_units_exponent_1': 8, 'W_layer_units_exponent_2': 6, 'D_layers': 2, 'D_layer_units_exponent_0': 7, 'D_layer_units_exponent_1': 9, 'log_learning_rate': -4.026047970731972, 'log_learning_rate_D': -3.81236646652603, 'training_batch_size': 6, 'training_p': 4}. Best is trial 26 with value: 0.027899861335754395.
Time for this trial:  176.3034439086914
Memory status after this trial: 
Memory allocated:  80.5830078125
Memory cached:  84.0
--------------------  Trial  32   --------------------
Start timing: 
Parameters: 
{'W_layers': 3, 'W_layer_units_exponent_0': 8, 'W_layer_units_exponent_1': 7, 'W_layer_units_exponent_2': 6, 'D_layers': 2, 'D_layer_units_exponent_0': 7, 'D_layer_units_exponent_1': 9, 'log_learning_rate': -4.32516153765056, 'log_learning_rate_D': -3.6176980396796217, 'training_batch_size': 7, 'training_p': 4}
	 epoch  0 training error:  tensor(0.6838, device='cuda:0', grad_fn=<DivBackward0>)
Memory status after this epoch: 
Memory allocated:  1.6982421875
Memory cached:  6.0
	 epoch  10 training error:  tensor(0.0888, device='cuda:0', grad_fn=<DivBackward0>)
Memory status after this epoch: 
Memory allocated:  1.6982421875
Memory cached:  10.0
	 epoch  20 training error:  tensor(0.1312, device='cuda:0', grad_fn=<DivBackward0>)
Memory status after this epoch: 
Memory allocated:  1.6982421875
Memory cached:  10.0
	 epoch  30 training error:  tensor(0.0614, device='cuda:0', grad_fn=<DivBackward0>)
Memory status after this epoch: 
Memory allocated:  1.6982421875
Memory cached:  10.0
	 epoch  40 training error:  tensor(0.0576, device='cuda:0', grad_fn=<DivBackward0>)
Memory status after this epoch: 
Memory allocated:  1.6982421875
Memory cached:  10.0
	 epoch  50 training error:  tensor(0.0534, device='cuda:0', grad_fn=<DivBackward0>)
Memory status after this epoch: 
Memory allocated:  1.6982421875
Memory cached:  10.0
	 epoch  60 training error:  tensor(0.0496, device='cuda:0', grad_fn=<DivBackward0>)
Memory status after this epoch: 
Memory allocated:  1.6982421875
Memory cached:  10.0
	 epoch  70 training error:  tensor(0.0466, device='cuda:0', grad_fn=<DivBackward0>)
Memory status after this epoch: 
Memory allocated:  1.6982421875
Memory cached:  10.0
	 epoch  80 training error:  tensor(0.0442, device='cuda:0', grad_fn=<DivBackward0>)
Memory status after this epoch: 
Memory allocated:  1.6982421875
Memory cached:  10.0
	 epoch  90 training error:  tensor(0.0423, device='cuda:0', grad_fn=<DivBackward0>)
Memory status after this epoch: 
Memory allocated:  1.6982421875
Memory cached:  10.0
[I 2023-11-03 23:53:46,443] Trial 32 finished with value: 0.039336156100034714 and parameters: {'W_layers': 3, 'W_layer_units_exponent_0': 8, 'W_layer_units_exponent_1': 7, 'W_layer_units_exponent_2': 6, 'D_layers': 2, 'D_layer_units_exponent_0': 7, 'D_layer_units_exponent_1': 9, 'log_learning_rate': -4.32516153765056, 'log_learning_rate_D': -3.6176980396796217, 'training_batch_size': 7, 'training_p': 4}. Best is trial 26 with value: 0.027899861335754395.
Time for this trial:  97.3926272392273
Memory status after this trial: 
Memory allocated:  59.2548828125
Memory cached:  62.0
--------------------  Trial  33   --------------------
Start timing: 
Parameters: 
{'W_layers': 3, 'W_layer_units_exponent_0': 10, 'W_layer_units_exponent_1': 8, 'W_layer_units_exponent_2': 7, 'D_layers': 3, 'D_layer_units_exponent_0': 6, 'D_layer_units_exponent_1': 8, 'D_layer_units_exponent_2': 7, 'log_learning_rate': -3.5961527651827163, 'log_learning_rate_D': -4.242000351995043, 'training_batch_size': 8, 'training_p': 3}
	 epoch  0 training error:  tensor(0.5646, device='cuda:0', grad_fn=<DivBackward0>)
Memory status after this epoch: 
Memory allocated:  5.3525390625
Memory cached:  12.0
	 epoch  10 training error:  tensor(0.6189, device='cuda:0', grad_fn=<DivBackward0>)
Memory status after this epoch: 
Memory allocated:  5.3525390625
Memory cached:  16.0
	 epoch  20 training error:  tensor(0.1904, device='cuda:0', grad_fn=<DivBackward0>)
Memory status after this epoch: 
Memory allocated:  5.3525390625
Memory cached:  16.0
	 epoch  30 training error:  tensor(0.1229, device='cuda:0', grad_fn=<DivBackward0>)
Memory status after this epoch: 
Memory allocated:  5.3525390625
Memory cached:  18.0
	 epoch  40 training error:  tensor(0.0567, device='cuda:0', grad_fn=<DivBackward0>)
Memory status after this epoch: 
Memory allocated:  5.3525390625
Memory cached:  16.0
	 epoch  50 training error:  tensor(0.0495, device='cuda:0', grad_fn=<DivBackward0>)
Memory status after this epoch: 
Memory allocated:  5.3525390625
Memory cached:  16.0
	 epoch  60 training error:  tensor(0.0435, device='cuda:0', grad_fn=<DivBackward0>)
Memory status after this epoch: 
Memory allocated:  5.3525390625
Memory cached:  16.0
	 epoch  70 training error:  tensor(0.0351, device='cuda:0', grad_fn=<DivBackward0>)
Memory status after this epoch: 
Memory allocated:  5.3525390625
Memory cached:  16.0
	 epoch  80 training error:  tensor(0.0341, device='cuda:0', grad_fn=<DivBackward0>)
Memory status after this epoch: 
Memory allocated:  5.3525390625
Memory cached:  18.0
	 epoch  90 training error:  tensor(0.0313, device='cuda:0', grad_fn=<DivBackward0>)
Memory status after this epoch: 
Memory allocated:  5.3525390625
Memory cached:  16.0
[I 2023-11-03 23:55:37,435] Trial 33 finished with value: 0.03193295747041702 and parameters: {'W_layers': 3, 'W_layer_units_exponent_0': 10, 'W_layer_units_exponent_1': 8, 'W_layer_units_exponent_2': 7, 'D_layers': 3, 'D_layer_units_exponent_0': 6, 'D_layer_units_exponent_1': 8, 'D_layer_units_exponent_2': 7, 'log_learning_rate': -3.5961527651827163, 'log_learning_rate_D': -4.242000351995043, 'training_batch_size': 8, 'training_p': 3}. Best is trial 26 with value: 0.027899861335754395.
Time for this trial:  110.80025339126587
Memory status after this trial: 
Memory allocated:  102.2001953125
Memory cached:  106.0
--------------------  Trial  34   --------------------
Start timing: 
Parameters: 
{'W_layers': 4, 'W_layer_units_exponent_0': 10, 'W_layer_units_exponent_1': 9, 'W_layer_units_exponent_2': 7, 'W_layer_units_exponent_3': 5, 'D_layers': 4, 'D_layer_units_exponent_0': 6, 'D_layer_units_exponent_1': 8, 'D_layer_units_exponent_2': 7, 'D_layer_units_exponent_3': 7, 'log_learning_rate': -3.558044285757969, 'log_learning_rate_D': -4.315030609637039, 'training_batch_size': 8, 'training_p': 3}
	 epoch  0 training error:  tensor(1.0600, device='cuda:0', grad_fn=<DivBackward0>)
Memory status after this epoch: 
Memory allocated:  10.1728515625
Memory cached:  32.0
	 epoch  10 training error:  tensor(0.2647, device='cuda:0', grad_fn=<DivBackward0>)
Memory status after this epoch: 
Memory allocated:  10.1728515625
Memory cached:  36.0
	 epoch  20 training error:  tensor(0.0843, device='cuda:0', grad_fn=<DivBackward0>)
Memory status after this epoch: 
Memory allocated:  10.1728515625
Memory cached:  38.0
	 epoch  30 training error:  tensor(0.0553, device='cuda:0', grad_fn=<DivBackward0>)
Memory status after this epoch: 
Memory allocated:  10.1728515625
Memory cached:  38.0
	 epoch  40 training error:  tensor(0.0474, device='cuda:0', grad_fn=<DivBackward0>)
Memory status after this epoch: 
Memory allocated:  10.1728515625
Memory cached:  38.0
	 epoch  50 training error:  tensor(0.0580, device='cuda:0', grad_fn=<DivBackward0>)
Memory status after this epoch: 
Memory allocated:  10.1728515625
Memory cached:  38.0
	 epoch  60 training error:  tensor(0.0492, device='cuda:0', grad_fn=<DivBackward0>)
Memory status after this epoch: 
Memory allocated:  10.1728515625
Memory cached:  38.0
	 epoch  70 training error:  tensor(0.0524, device='cuda:0', grad_fn=<DivBackward0>)
Memory status after this epoch: 
Memory allocated:  10.1728515625
Memory cached:  38.0
	 epoch  80 training error:  tensor(0.0454, device='cuda:0', grad_fn=<DivBackward0>)
Memory status after this epoch: 
Memory allocated:  10.1728515625
Memory cached:  38.0
	 epoch  90 training error:  tensor(0.0451, device='cuda:0', grad_fn=<DivBackward0>)
Memory status after this epoch: 
Memory allocated:  10.1728515625
Memory cached:  38.0
[I 2023-11-03 23:57:45,841] Trial 34 finished with value: 0.04103023186326027 and parameters: {'W_layers': 4, 'W_layer_units_exponent_0': 10, 'W_layer_units_exponent_1': 9, 'W_layer_units_exponent_2': 7, 'W_layer_units_exponent_3': 5, 'D_layers': 4, 'D_layer_units_exponent_0': 6, 'D_layer_units_exponent_1': 8, 'D_layer_units_exponent_2': 7, 'D_layer_units_exponent_3': 7, 'log_learning_rate': -3.558044285757969, 'log_learning_rate_D': -4.315030609637039, 'training_batch_size': 8, 'training_p': 3}. Best is trial 26 with value: 0.027899861335754395.
Time for this trial:  128.19300246238708
Memory status after this trial: 
Memory allocated:  126.7587890625
Memory cached:  144.0
--------------------  Trial  35   --------------------
Start timing: 
Parameters: 
{'W_layers': 3, 'W_layer_units_exponent_0': 10, 'W_layer_units_exponent_1': 10, 'W_layer_units_exponent_2': 8, 'D_layers': 3, 'D_layer_units_exponent_0': 5, 'D_layer_units_exponent_1': 7, 'D_layer_units_exponent_2': 8, 'log_learning_rate': -3.7983615835307574, 'log_learning_rate_D': -3.9797101215461033, 'training_batch_size': 10, 'training_p': 2}
	 epoch  0 training error:  tensor(1.3179, device='cuda:0', grad_fn=<DivBackward0>)
Memory status after this epoch: 
Memory allocated:  20.6826171875
Memory cached:  34.0
	 epoch  10 training error:  tensor(1.1090, device='cuda:0', grad_fn=<DivBackward0>)
Memory status after this epoch: 
Memory allocated:  20.6826171875
Memory cached:  38.0
	 epoch  20 training error:  tensor(0.2859, device='cuda:0', grad_fn=<DivBackward0>)
Memory status after this epoch: 
Memory allocated:  20.6826171875
Memory cached:  38.0
	 epoch  30 training error:  tensor(0.1826, device='cuda:0', grad_fn=<DivBackward0>)
Memory status after this epoch: 
Memory allocated:  20.6826171875
Memory cached:  38.0
	 epoch  40 training error:  tensor(0.0809, device='cuda:0', grad_fn=<DivBackward0>)
Memory status after this epoch: 
Memory allocated:  20.6826171875
Memory cached:  38.0
	 epoch  50 training error:  tensor(0.0654, device='cuda:0', grad_fn=<DivBackward0>)
Memory status after this epoch: 
Memory allocated:  20.6826171875
Memory cached:  38.0
	 epoch  60 training error:  tensor(0.0473, device='cuda:0', grad_fn=<DivBackward0>)
Memory status after this epoch: 
Memory allocated:  20.6826171875
Memory cached:  38.0
	 epoch  70 training error:  tensor(0.0353, device='cuda:0', grad_fn=<DivBackward0>)
Memory status after this epoch: 
Memory allocated:  20.6826171875
Memory cached:  38.0
	 epoch  80 training error:  tensor(0.0349, device='cuda:0', grad_fn=<DivBackward0>)
Memory status after this epoch: 
Memory allocated:  20.6826171875
Memory cached:  38.0
	 epoch  90 training error:  tensor(0.0327, device='cuda:0', grad_fn=<DivBackward0>)
Memory status after this epoch: 
Memory allocated:  20.6826171875
Memory cached:  38.0
