[I 2023-11-08 03:23:28,054] Trial 35 finished with value: 0.019383272156119347 and parameters: {'W_layers': 4, 'W_layer_units_exponent_0': 6, 'W_layer_units_exponent_1': 7, 'W_layer_units_exponent_2': 4, 'W_layer_units_exponent_3': 7, 'D_layers': 3, 'D_layer_units_exponent_0': 9, 'D_layer_units_exponent_1': 5, 'D_layer_units_exponent_2': 7, 'D_dagger_layers': 3, 'D_dagger_layer_units_exponent_0': 8, 'D_dagger_layer_units_exponent_1': 10, 'D_dagger_layer_units_exponent_2': 9, 'log_learning_rate': -3.584145454634025, 'log_learning_rate_D': -3.3418573741010573, 'log_learning_rate_D_dagger': -4.389278545014826, 'training_batch_size': 12, 'training_p': 3}. Best is trial 31 with value: 0.013405325822532177.
Time for this trial:  159.6292884349823
Memory status after this trial: 
Memory allocated:  156.759765625
Memory cached:  186.0
--------------------  Trial  36   --------------------
Start timing: 
Parameters: 
{'W_layers': 4, 'W_layer_units_exponent_0': 7, 'W_layer_units_exponent_1': 6, 'W_layer_units_exponent_2': 4, 'W_layer_units_exponent_3': 6, 'D_layers': 5, 'D_layer_units_exponent_0': 5, 'D_layer_units_exponent_1': 4, 'D_layer_units_exponent_2': 6, 'D_layer_units_exponent_3': 5, 'D_layer_units_exponent_4': 5, 'D_dagger_layers': 2, 'D_dagger_layer_units_exponent_0': 7, 'D_dagger_layer_units_exponent_1': 10, 'log_learning_rate': -4.091460842944185, 'log_learning_rate_D': -2.9268955399445433, 'log_learning_rate_D_dagger': -4.684701392171099, 'training_batch_size': 12, 'training_p': 2}
	 epoch  0 training error:  tensor(0.9028, device='cuda:0', grad_fn=<DivBackward0>)
Memory status after this epoch: 
Memory allocated:  2.42626953125
Memory cached:  120.0
	 epoch  10 training error:  tensor(0.4534, device='cuda:0', grad_fn=<DivBackward0>)
Memory status after this epoch: 
Memory allocated:  2.42626953125
Memory cached:  174.0
	 epoch  20 training error:  tensor(0.0699, device='cuda:0', grad_fn=<DivBackward0>)
Memory status after this epoch: 
Memory allocated:  2.42626953125
Memory cached:  182.0
	 epoch  30 training error:  tensor(0.1186, device='cuda:0', grad_fn=<DivBackward0>)
Memory status after this epoch: 
Memory allocated:  2.42626953125
Memory cached:  176.0
	 epoch  40 training error:  tensor(0.0729, device='cuda:0', grad_fn=<DivBackward0>)
Memory status after this epoch: 
Memory allocated:  2.42626953125
Memory cached:  180.0
	 epoch  50 training error:  tensor(0.0444, device='cuda:0', grad_fn=<DivBackward0>)
Memory status after this epoch: 
Memory allocated:  2.42626953125
Memory cached:  180.0
	 epoch  60 training error:  tensor(0.0220, device='cuda:0', grad_fn=<DivBackward0>)
Memory status after this epoch: 
Memory allocated:  2.42626953125
Memory cached:  176.0
	 epoch  70 training error:  tensor(0.0179, device='cuda:0', grad_fn=<DivBackward0>)
Memory status after this epoch: 
Memory allocated:  2.42626953125
Memory cached:  184.0
	 epoch  80 training error:  tensor(0.0164, device='cuda:0', grad_fn=<DivBackward0>)
Memory status after this epoch: 
Memory allocated:  2.42626953125
Memory cached:  176.0
	 epoch  90 training error:  tensor(0.0158, device='cuda:0', grad_fn=<DivBackward0>)
Memory status after this epoch: 
Memory allocated:  2.42626953125
Memory cached:  182.0
[I 2023-11-08 03:26:07,081] Trial 36 finished with value: 0.014687100425362587 and parameters: {'W_layers': 4, 'W_layer_units_exponent_0': 7, 'W_layer_units_exponent_1': 6, 'W_layer_units_exponent_2': 4, 'W_layer_units_exponent_3': 6, 'D_layers': 5, 'D_layer_units_exponent_0': 5, 'D_layer_units_exponent_1': 4, 'D_layer_units_exponent_2': 6, 'D_layer_units_exponent_3': 5, 'D_layer_units_exponent_4': 5, 'D_dagger_layers': 2, 'D_dagger_layer_units_exponent_0': 7, 'D_dagger_layer_units_exponent_1': 10, 'log_learning_rate': -4.091460842944185, 'log_learning_rate_D': -2.9268955399445433, 'log_learning_rate_D_dagger': -4.684701392171099, 'training_batch_size': 12, 'training_p': 2}. Best is trial 31 with value: 0.013405325822532177.
Time for this trial:  158.77115297317505
Memory status after this trial: 
Memory allocated:  87.94189453125
Memory cached:  150.0
--------------------  Trial  37   --------------------
Start timing: 
Parameters: 
{'W_layers': 6, 'W_layer_units_exponent_0': 5, 'W_layer_units_exponent_1': 7, 'W_layer_units_exponent_2': 4, 'W_layer_units_exponent_3': 6, 'W_layer_units_exponent_4': 5, 'W_layer_units_exponent_5': 8, 'D_layers': 4, 'D_layer_units_exponent_0': 8, 'D_layer_units_exponent_1': 5, 'D_layer_units_exponent_2': 6, 'D_layer_units_exponent_3': 7, 'D_dagger_layers': 4, 'D_dagger_layer_units_exponent_0': 6, 'D_dagger_layer_units_exponent_1': 9, 'D_dagger_layer_units_exponent_2': 8, 'D_dagger_layer_units_exponent_3': 8, 'log_learning_rate': -3.133300488644898, 'log_learning_rate_D': -3.6082987930389443, 'log_learning_rate_D_dagger': -4.203337328566901, 'training_batch_size': 12, 'training_p': 4}
	 epoch  0 training error:  tensor(0.8831, device='cuda:0', grad_fn=<DivBackward0>)
Memory status after this epoch: 
Memory allocated:  4.25830078125
Memory cached:  112.0
	 epoch  10 training error:  tensor(0.1735, device='cuda:0', grad_fn=<DivBackward0>)
Memory status after this epoch: 
Memory allocated:  4.25830078125
Memory cached:  180.0
	 epoch  20 training error:  tensor(0.0346, device='cuda:0', grad_fn=<DivBackward0>)
Memory status after this epoch: 
Memory allocated:  4.25830078125
Memory cached:  188.0
	 epoch  30 training error:  tensor(0.0283, device='cuda:0', grad_fn=<DivBackward0>)
Memory status after this epoch: 
Memory allocated:  4.25830078125
Memory cached:  194.0
	 epoch  40 training error:  tensor(0.0306, device='cuda:0', grad_fn=<DivBackward0>)
Memory status after this epoch: 
Memory allocated:  4.25830078125
Memory cached:  198.0
	 epoch  50 training error:  tensor(0.0243, device='cuda:0', grad_fn=<DivBackward0>)
Memory status after this epoch: 
Memory allocated:  4.25830078125
Memory cached:  180.0
	 epoch  60 training error:  tensor(0.0243, device='cuda:0', grad_fn=<DivBackward0>)
Memory status after this epoch: 
Memory allocated:  4.25830078125
Memory cached:  176.0
	 epoch  70 training error:  tensor(0.0239, device='cuda:0', grad_fn=<DivBackward0>)
Memory status after this epoch: 
Memory allocated:  4.25830078125
Memory cached:  174.0
	 epoch  80 training error:  tensor(0.0231, device='cuda:0', grad_fn=<DivBackward0>)
Memory status after this epoch: 
Memory allocated:  4.25830078125
Memory cached:  186.0
	 epoch  90 training error:  tensor(0.0227, device='cuda:0', grad_fn=<DivBackward0>)
Memory status after this epoch: 
Memory allocated:  4.25830078125
Memory cached:  168.0
[I 2023-11-08 03:29:17,164] Trial 37 finished with value: 0.01756618358194828 and parameters: {'W_layers': 6, 'W_layer_units_exponent_0': 5, 'W_layer_units_exponent_1': 7, 'W_layer_units_exponent_2': 4, 'W_layer_units_exponent_3': 6, 'W_layer_units_exponent_4': 5, 'W_layer_units_exponent_5': 8, 'D_layers': 4, 'D_layer_units_exponent_0': 8, 'D_layer_units_exponent_1': 5, 'D_layer_units_exponent_2': 6, 'D_layer_units_exponent_3': 7, 'D_dagger_layers': 4, 'D_dagger_layer_units_exponent_0': 6, 'D_dagger_layer_units_exponent_1': 9, 'D_dagger_layer_units_exponent_2': 8, 'D_dagger_layer_units_exponent_3': 8, 'log_learning_rate': -3.133300488644898, 'log_learning_rate_D': -3.6082987930389443, 'log_learning_rate_D_dagger': -4.203337328566901, 'training_batch_size': 12, 'training_p': 4}. Best is trial 31 with value: 0.013405325822532177.
Time for this trial:  189.80947828292847
Memory status after this trial: 
Memory allocated:  115.015625
Memory cached:  140.0
--------------------  Trial  38   --------------------
Start timing: 
Parameters: 
{'W_layers': 4, 'W_layer_units_exponent_0': 8, 'W_layer_units_exponent_1': 10, 'W_layer_units_exponent_2': 6, 'W_layer_units_exponent_3': 8, 'D_layers': 5, 'D_layer_units_exponent_0': 7, 'D_layer_units_exponent_1': 4, 'D_layer_units_exponent_2': 5, 'D_layer_units_exponent_3': 7, 'D_layer_units_exponent_4': 5, 'D_dagger_layers': 2, 'D_dagger_layer_units_exponent_0': 9, 'D_dagger_layer_units_exponent_1': 8, 'log_learning_rate': -3.370715351730343, 'log_learning_rate_D': -1.7704297170422676, 'log_learning_rate_D_dagger': -4.611856826281298, 'training_batch_size': 11, 'training_p': 3}
	 epoch  0 training error:  tensor(1.3716, device='cuda:0', grad_fn=<DivBackward0>)
Memory status after this epoch: 
Memory allocated:  7.65087890625
Memory cached:  116.0
	 epoch  10 training error:  tensor(0.1167, device='cuda:0', grad_fn=<DivBackward0>)
Memory status after this epoch: 
Memory allocated:  7.65087890625
Memory cached:  202.0
	 epoch  20 training error:  tensor(0.0211, device='cuda:0', grad_fn=<DivBackward0>)
Memory status after this epoch: 
Memory allocated:  7.65087890625
Memory cached:  186.0
	 epoch  30 training error:  tensor(0.0238, device='cuda:0', grad_fn=<DivBackward0>)
Memory status after this epoch: 
Memory allocated:  7.65087890625
Memory cached:  196.0
	 epoch  40 training error:  tensor(0.0235, device='cuda:0', grad_fn=<DivBackward0>)
Memory status after this epoch: 
Memory allocated:  7.65087890625
Memory cached:  202.0
	 epoch  50 training error:  tensor(0.0194, device='cuda:0', grad_fn=<DivBackward0>)
Memory status after this epoch: 
Memory allocated:  7.65087890625
Memory cached:  196.0
	 epoch  60 training error:  tensor(0.0191, device='cuda:0', grad_fn=<DivBackward0>)
Memory status after this epoch: 
Memory allocated:  7.65087890625
Memory cached:  206.0
	 epoch  70 training error:  tensor(0.0192, device='cuda:0', grad_fn=<DivBackward0>)
Memory status after this epoch: 
Memory allocated:  7.65087890625
Memory cached:  186.0
	 epoch  80 training error:  tensor(0.0190, device='cuda:0', grad_fn=<DivBackward0>)
Memory status after this epoch: 
Memory allocated:  7.65087890625
Memory cached:  194.0
	 epoch  90 training error:  tensor(0.0191, device='cuda:0', grad_fn=<DivBackward0>)
Memory status after this epoch: 
Memory allocated:  7.65087890625
Memory cached:  190.0
[I 2023-11-08 03:32:10,358] Trial 38 finished with value: 0.015806589275598526 and parameters: {'W_layers': 4, 'W_layer_units_exponent_0': 8, 'W_layer_units_exponent_1': 10, 'W_layer_units_exponent_2': 6, 'W_layer_units_exponent_3': 8, 'D_layers': 5, 'D_layer_units_exponent_0': 7, 'D_layer_units_exponent_1': 4, 'D_layer_units_exponent_2': 5, 'D_layer_units_exponent_3': 7, 'D_layer_units_exponent_4': 5, 'D_dagger_layers': 2, 'D_dagger_layer_units_exponent_0': 9, 'D_dagger_layer_units_exponent_1': 8, 'log_learning_rate': -3.370715351730343, 'log_learning_rate_D': -1.7704297170422676, 'log_learning_rate_D_dagger': -4.611856826281298, 'training_batch_size': 11, 'training_p': 3}. Best is trial 31 with value: 0.013405325822532177.
Time for this trial:  172.94343829154968
Memory status after this trial: 
Memory allocated:  149.2578125
Memory cached:  156.0
--------------------  Trial  39   --------------------
Start timing: 
Parameters: 
{'W_layers': 5, 'W_layer_units_exponent_0': 10, 'W_layer_units_exponent_1': 5, 'W_layer_units_exponent_2': 5, 'W_layer_units_exponent_3': 7, 'W_layer_units_exponent_4': 8, 'D_layers': 3, 'D_layer_units_exponent_0': 8, 'D_layer_units_exponent_1': 6, 'D_layer_units_exponent_2': 6, 'D_dagger_layers': 8, 'D_dagger_layer_units_exponent_0': 8, 'D_dagger_layer_units_exponent_1': 10, 'D_dagger_layer_units_exponent_2': 6, 'D_dagger_layer_units_exponent_3': 4, 'D_dagger_layer_units_exponent_4': 4, 'D_dagger_layer_units_exponent_5': 4, 'D_dagger_layer_units_exponent_6': 10, 'D_dagger_layer_units_exponent_7': 10, 'log_learning_rate': -3.645844406383883, 'log_learning_rate_D': -3.210992198075136, 'log_learning_rate_D_dagger': -3.9742120549405473, 'training_batch_size': 10, 'training_p': 5}
	 epoch  0 training error:  tensor(1.0055, device='cuda:0', grad_fn=<DivBackward0>)
Memory status after this epoch: 
Memory allocated:  23.07470703125
Memory cached:  152.0
	 epoch  10 training error:  tensor(0.0914, device='cuda:0', grad_fn=<DivBackward0>)
Memory status after this epoch: 
Memory allocated:  23.07470703125
Memory cached:  296.0
	 epoch  20 training error:  tensor(0.0983, device='cuda:0', grad_fn=<DivBackward0>)
Memory status after this epoch: 
Memory allocated:  23.07470703125
Memory cached:  294.0
	 epoch  30 training error:  tensor(0.0245, device='cuda:0', grad_fn=<DivBackward0>)
Memory status after this epoch: 
Memory allocated:  23.07470703125
Memory cached:  312.0
	 epoch  40 training error:  tensor(0.0261, device='cuda:0', grad_fn=<DivBackward0>)
Memory status after this epoch: 
Memory allocated:  23.07470703125
Memory cached:  306.0
	 epoch  50 training error:  tensor(0.0259, device='cuda:0', grad_fn=<DivBackward0>)
Memory status after this epoch: 
Memory allocated:  23.07470703125
Memory cached:  308.0
	 epoch  60 training error:  tensor(0.0248, device='cuda:0', grad_fn=<DivBackward0>)
Memory status after this epoch: 
Memory allocated:  23.07470703125
Memory cached:  302.0
	 epoch  70 training error:  tensor(0.0239, device='cuda:0', grad_fn=<DivBackward0>)
Memory status after this epoch: 
Memory allocated:  23.07470703125
Memory cached:  294.0
	 epoch  80 training error:  tensor(0.0232, device='cuda:0', grad_fn=<DivBackward0>)
Memory status after this epoch: 
Memory allocated:  23.07470703125
Memory cached:  300.0
	 epoch  90 training error:  tensor(0.0229, device='cuda:0', grad_fn=<DivBackward0>)
Memory status after this epoch: 
Memory allocated:  23.07470703125
Memory cached:  300.0
[I 2023-11-08 03:35:56,965] Trial 39 finished with value: 0.015183749608695507 and parameters: {'W_layers': 5, 'W_layer_units_exponent_0': 10, 'W_layer_units_exponent_1': 5, 'W_layer_units_exponent_2': 5, 'W_layer_units_exponent_3': 7, 'W_layer_units_exponent_4': 8, 'D_layers': 3, 'D_layer_units_exponent_0': 8, 'D_layer_units_exponent_1': 6, 'D_layer_units_exponent_2': 6, 'D_dagger_layers': 8, 'D_dagger_layer_units_exponent_0': 8, 'D_dagger_layer_units_exponent_1': 10, 'D_dagger_layer_units_exponent_2': 6, 'D_dagger_layer_units_exponent_3': 4, 'D_dagger_layer_units_exponent_4': 4, 'D_dagger_layer_units_exponent_5': 4, 'D_dagger_layer_units_exponent_6': 10, 'D_dagger_layer_units_exponent_7': 10, 'log_learning_rate': -3.645844406383883, 'log_learning_rate_D': -3.210992198075136, 'log_learning_rate_D_dagger': -3.9742120549405473, 'training_batch_size': 10, 'training_p': 5}. Best is trial 31 with value: 0.013405325822532177.
Time for this trial:  226.3318634033203
Memory status after this trial: 
Memory allocated:  295.71533203125
Memory cached:  312.0
--------------------  Trial  40   --------------------
Start timing: 
Parameters: 
{'W_layers': 3, 'W_layer_units_exponent_0': 9, 'W_layer_units_exponent_1': 9, 'W_layer_units_exponent_2': 7, 'D_layers': 4, 'D_layer_units_exponent_0': 6, 'D_layer_units_exponent_1': 5, 'D_layer_units_exponent_2': 8, 'D_layer_units_exponent_3': 6, 'D_dagger_layers': 3, 'D_dagger_layer_units_exponent_0': 7, 'D_dagger_layer_units_exponent_1': 9, 'D_dagger_layer_units_exponent_2': 9, 'log_learning_rate': -4.168290008341313, 'log_learning_rate_D': -1.585415469655148, 'log_learning_rate_D_dagger': -4.998805651111605, 'training_batch_size': 11, 'training_p': 2}
	 epoch  0 training error:  tensor(1.1906, device='cuda:0', grad_fn=<DivBackward0>)
Memory status after this epoch: 
Memory allocated:  10.66455078125
Memory cached:  126.0
	 epoch  10 training error:  tensor(0.0686, device='cuda:0', grad_fn=<DivBackward0>)
Memory status after this epoch: 
Memory allocated:  10.66455078125
Memory cached:  206.0
	 epoch  20 training error:  tensor(0.1450, device='cuda:0', grad_fn=<DivBackward0>)
Memory status after this epoch: 
Memory allocated:  10.66455078125
Memory cached:  200.0
	 epoch  30 training error:  tensor(0.0554, device='cuda:0', grad_fn=<DivBackward0>)
Memory status after this epoch: 
Memory allocated:  10.66455078125
Memory cached:  182.0
	 epoch  40 training error:  tensor(0.0153, device='cuda:0', grad_fn=<DivBackward0>)
Memory status after this epoch: 
Memory allocated:  10.66455078125
Memory cached:  202.0
	 epoch  50 training error:  tensor(0.0145, device='cuda:0', grad_fn=<DivBackward0>)
Memory status after this epoch: 
Memory allocated:  10.66455078125
Memory cached:  200.0
	 epoch  60 training error:  tensor(0.0160, device='cuda:0', grad_fn=<DivBackward0>)
Memory status after this epoch: 
Memory allocated:  10.66455078125
Memory cached:  194.0
	 epoch  70 training error:  tensor(0.0148, device='cuda:0', grad_fn=<DivBackward0>)
Memory status after this epoch: 
Memory allocated:  10.66455078125
Memory cached:  202.0
	 epoch  80 training error:  tensor(0.0144, device='cuda:0', grad_fn=<DivBackward0>)
Memory status after this epoch: 
Memory allocated:  10.66455078125
Memory cached:  196.0
	 epoch  90 training error:  tensor(0.0142, device='cuda:0', grad_fn=<DivBackward0>)
Memory status after this epoch: 
Memory allocated:  10.66455078125
Memory cached:  194.0
[I 2023-11-08 03:38:44,382] Trial 40 finished with value: 0.013415447436273098 and parameters: {'W_layers': 3, 'W_layer_units_exponent_0': 9, 'W_layer_units_exponent_1': 9, 'W_layer_units_exponent_2': 7, 'D_layers': 4, 'D_layer_units_exponent_0': 6, 'D_layer_units_exponent_1': 5, 'D_layer_units_exponent_2': 8, 'D_layer_units_exponent_3': 6, 'D_dagger_layers': 3, 'D_dagger_layer_units_exponent_0': 7, 'D_dagger_layer_units_exponent_1': 9, 'D_dagger_layer_units_exponent_2': 9, 'log_learning_rate': -4.168290008341313, 'log_learning_rate_D': -1.585415469655148, 'log_learning_rate_D_dagger': -4.998805651111605, 'training_batch_size': 11, 'training_p': 2}. Best is trial 31 with value: 0.013405325822532177.
Time for this trial:  167.15197134017944
Memory status after this trial: 
Memory allocated:  151.4072265625
Memory cached:  160.0
--------------------  Trial  41   --------------------
Start timing: 
Parameters: 
{'W_layers': 3, 'W_layer_units_exponent_0': 9, 'W_layer_units_exponent_1': 9, 'W_layer_units_exponent_2': 7, 'D_layers': 4, 'D_layer_units_exponent_0': 6, 'D_layer_units_exponent_1': 5, 'D_layer_units_exponent_2': 9, 'D_layer_units_exponent_3': 6, 'D_dagger_layers': 3, 'D_dagger_layer_units_exponent_0': 7, 'D_dagger_layer_units_exponent_1': 9, 'D_dagger_layer_units_exponent_2': 9, 'log_learning_rate': -4.243259078826755, 'log_learning_rate_D': -1.4804900539116503, 'log_learning_rate_D_dagger': -4.812508693405278, 'training_batch_size': 11, 'training_p': 2}
	 epoch  0 training error:  tensor(1.2603, device='cuda:0', grad_fn=<DivBackward0>)
Memory status after this epoch: 
Memory allocated:  11.04345703125
Memory cached:  126.0
	 epoch  10 training error:  tensor(0.2406, device='cuda:0', grad_fn=<DivBackward0>)
Memory status after this epoch: 
Memory allocated:  11.04345703125
Memory cached:  194.0
	 epoch  20 training error:  tensor(0.1495, device='cuda:0', grad_fn=<DivBackward0>)
Memory status after this epoch: 
Memory allocated:  11.04345703125
Memory cached:  200.0
	 epoch  30 training error:  tensor(0.0459, device='cuda:0', grad_fn=<DivBackward0>)
Memory status after this epoch: 
Memory allocated:  11.04345703125
Memory cached:  194.0
	 epoch  40 training error:  tensor(0.0441, device='cuda:0', grad_fn=<DivBackward0>)
Memory status after this epoch: 
Memory allocated:  11.04345703125
Memory cached:  196.0
	 epoch  50 training error:  tensor(0.0228, device='cuda:0', grad_fn=<DivBackward0>)
Memory status after this epoch: 
Memory allocated:  11.04345703125
Memory cached:  202.0
	 epoch  60 training error:  tensor(0.0200, device='cuda:0', grad_fn=<DivBackward0>)
Memory status after this epoch: 
Memory allocated:  11.04345703125
Memory cached:  200.0
	 epoch  70 training error:  tensor(0.0158, device='cuda:0', grad_fn=<DivBackward0>)
Memory status after this epoch: 
Memory allocated:  11.04345703125
Memory cached:  194.0
	 epoch  80 training error:  tensor(0.0146, device='cuda:0', grad_fn=<DivBackward0>)
Memory status after this epoch: 
Memory allocated:  11.04345703125
Memory cached:  202.0
	 epoch  90 training error:  tensor(0.0145, device='cuda:0', grad_fn=<DivBackward0>)
Memory status after this epoch: 
Memory allocated:  11.04345703125
Memory cached:  198.0
