[I 2023-11-02 20:29:02,870] Trial 37 finished with value: 0.24593476951122284 and parameters: {'W_layers': 4, 'W_layer_units_exponent_0': 6, 'W_layer_units_exponent_1': 8, 'W_layer_units_exponent_2': 4, 'W_layer_units_exponent_3': 6, 'D_layers': 8, 'D_layer_units_exponent_0': 6, 'D_layer_units_exponent_1': 9, 'D_layer_units_exponent_2': 8, 'D_layer_units_exponent_3': 6, 'D_layer_units_exponent_4': 9, 'D_layer_units_exponent_5': 7, 'D_layer_units_exponent_6': 8, 'D_layer_units_exponent_7': 6, 'log_learning_rate': -3.636641441078764, 'log_learning_rate_D': -2.458286876079206, 'training_batch_size': 9, 'training_p': 8}. Best is trial 12 with value: 0.24513185024261475.
Time for this trial:  161.2905797958374
Memory status after this trial: 
Memory allocated:  125.1171875
Memory cached:  130.0
--------------------  Trial  38   --------------------
Start timing: 
Parameters: 
{'W_layers': 2, 'W_layer_units_exponent_0': 10, 'W_layer_units_exponent_1': 7, 'D_layers': 2, 'D_layer_units_exponent_0': 4, 'D_layer_units_exponent_1': 4, 'log_learning_rate': -3.155941910790218, 'log_learning_rate_D': -1.2471875858462806, 'training_batch_size': 6, 'training_p': 5}
	 epoch  0 training error:  tensor(0.9704, device='cuda:0', grad_fn=<DivBackward0>)
Memory status after this epoch: 
Memory allocated:  4.1650390625
Memory cached:  10.0
	 epoch  10 training error:  tensor(0.2527, device='cuda:0', grad_fn=<DivBackward0>)
Memory status after this epoch: 
Memory allocated:  4.1650390625
Memory cached:  10.0
	 epoch  20 training error:  tensor(0.2514, device='cuda:0', grad_fn=<DivBackward0>)
Memory status after this epoch: 
Memory allocated:  4.1650390625
Memory cached:  10.0
	 epoch  30 training error:  tensor(0.2508, device='cuda:0', grad_fn=<DivBackward0>)
Memory status after this epoch: 
Memory allocated:  4.1650390625
Memory cached:  10.0
	 epoch  40 training error:  tensor(0.2510, device='cuda:0', grad_fn=<DivBackward0>)
Memory status after this epoch: 
Memory allocated:  4.1650390625
Memory cached:  10.0
	 epoch  50 training error:  tensor(0.2508, device='cuda:0', grad_fn=<DivBackward0>)
Memory status after this epoch: 
Memory allocated:  4.1650390625
Memory cached:  10.0
	 epoch  60 training error:  tensor(0.2517, device='cuda:0', grad_fn=<DivBackward0>)
Memory status after this epoch: 
Memory allocated:  4.1650390625
Memory cached:  10.0
	 epoch  70 training error:  tensor(0.2511, device='cuda:0', grad_fn=<DivBackward0>)
Memory status after this epoch: 
Memory allocated:  4.1650390625
Memory cached:  10.0
	 epoch  80 training error:  tensor(0.2529, device='cuda:0', grad_fn=<DivBackward0>)
Memory status after this epoch: 
Memory allocated:  4.1650390625
Memory cached:  10.0
	 epoch  90 training error:  tensor(0.2514, device='cuda:0', grad_fn=<DivBackward0>)
Memory status after this epoch: 
Memory allocated:  4.1650390625
Memory cached:  10.0
[I 2023-11-02 20:31:46,094] Trial 38 finished with value: 0.24883711338043213 and parameters: {'W_layers': 2, 'W_layer_units_exponent_0': 10, 'W_layer_units_exponent_1': 7, 'D_layers': 2, 'D_layer_units_exponent_0': 4, 'D_layer_units_exponent_1': 4, 'log_learning_rate': -3.155941910790218, 'log_learning_rate_D': -1.2471875858462806, 'training_batch_size': 6, 'training_p': 5}. Best is trial 12 with value: 0.24513185024261475.
Time for this trial:  163.0287802219391
Memory status after this trial: 
Memory allocated:  68.2333984375
Memory cached:  74.0
--------------------  Trial  39   --------------------
Start timing: 
Parameters: 
{'W_layers': 3, 'W_layer_units_exponent_0': 9, 'W_layer_units_exponent_1': 9, 'W_layer_units_exponent_2': 5, 'D_layers': 3, 'D_layer_units_exponent_0': 7, 'D_layer_units_exponent_1': 7, 'D_layer_units_exponent_2': 4, 'log_learning_rate': -2.6016120000171035, 'log_learning_rate_D': -4.406463937234028, 'training_batch_size': 8, 'training_p': 4}
	 epoch  0 training error:  tensor(0.9731, device='cuda:0', grad_fn=<DivBackward0>)
Memory status after this epoch: 
Memory allocated:  5.9296875
Memory cached:  10.0
	 epoch  10 training error:  tensor(0.3330, device='cuda:0', grad_fn=<DivBackward0>)
Memory status after this epoch: 
Memory allocated:  5.9296875
Memory cached:  14.0
	 epoch  20 training error:  tensor(0.2483, device='cuda:0', grad_fn=<DivBackward0>)
Memory status after this epoch: 
Memory allocated:  5.9296875
Memory cached:  14.0
	 epoch  30 training error:  tensor(0.2598, device='cuda:0', grad_fn=<DivBackward0>)
Memory status after this epoch: 
Memory allocated:  5.9296875
Memory cached:  14.0
	 epoch  40 training error:  tensor(0.2479, device='cuda:0', grad_fn=<DivBackward0>)
Memory status after this epoch: 
Memory allocated:  5.9296875
Memory cached:  14.0
	 epoch  50 training error:  tensor(0.2479, device='cuda:0', grad_fn=<DivBackward0>)
Memory status after this epoch: 
Memory allocated:  5.9296875
Memory cached:  14.0
	 epoch  60 training error:  tensor(0.2479, device='cuda:0', grad_fn=<DivBackward0>)
Memory status after this epoch: 
Memory allocated:  5.9296875
Memory cached:  14.0
	 epoch  70 training error:  tensor(0.2476, device='cuda:0', grad_fn=<DivBackward0>)
Memory status after this epoch: 
Memory allocated:  5.9296875
Memory cached:  14.0
	 epoch  80 training error:  tensor(0.2475, device='cuda:0', grad_fn=<DivBackward0>)
Memory status after this epoch: 
Memory allocated:  5.9296875
Memory cached:  14.0
	 epoch  90 training error:  tensor(0.2474, device='cuda:0', grad_fn=<DivBackward0>)
Memory status after this epoch: 
Memory allocated:  5.9296875
Memory cached:  14.0
[I 2023-11-02 20:33:35,566] Trial 39 finished with value: 0.2465706318616867 and parameters: {'W_layers': 3, 'W_layer_units_exponent_0': 9, 'W_layer_units_exponent_1': 9, 'W_layer_units_exponent_2': 5, 'D_layers': 3, 'D_layer_units_exponent_0': 7, 'D_layer_units_exponent_1': 7, 'D_layer_units_exponent_2': 4, 'log_learning_rate': -2.6016120000171035, 'log_learning_rate_D': -4.406463937234028, 'training_batch_size': 8, 'training_p': 4}. Best is trial 12 with value: 0.24513185024261475.
Time for this trial:  109.26758456230164
Memory status after this trial: 
Memory allocated:  76.49658203125
Memory cached:  82.0
--------------------  Trial  40   --------------------
Start timing: 
Parameters: 
{'W_layers': 2, 'W_layer_units_exponent_0': 7, 'W_layer_units_exponent_1': 4, 'D_layers': 7, 'D_layer_units_exponent_0': 5, 'D_layer_units_exponent_1': 10, 'D_layer_units_exponent_2': 5, 'D_layer_units_exponent_3': 10, 'D_layer_units_exponent_4': 6, 'D_layer_units_exponent_5': 5, 'D_layer_units_exponent_6': 5, 'log_learning_rate': -2.0382754790732833, 'log_learning_rate_D': -3.312257347159412, 'training_batch_size': 7, 'training_p': 7}
	 epoch  0 training error:  tensor(0.9816, device='cuda:0', grad_fn=<DivBackward0>)
Memory status after this epoch: 
Memory allocated:  3.0546875
Memory cached:  16.0
	 epoch  10 training error:  tensor(0.2589, device='cuda:0', grad_fn=<DivBackward0>)
Memory status after this epoch: 
Memory allocated:  3.0546875
Memory cached:  22.0
	 epoch  20 training error:  tensor(0.2754, device='cuda:0', grad_fn=<DivBackward0>)
Memory status after this epoch: 
Memory allocated:  3.0546875
Memory cached:  24.0
	 epoch  30 training error:  tensor(0.2580, device='cuda:0', grad_fn=<DivBackward0>)
Memory status after this epoch: 
Memory allocated:  3.0546875
Memory cached:  22.0
	 epoch  40 training error:  tensor(0.2562, device='cuda:0', grad_fn=<DivBackward0>)
Memory status after this epoch: 
Memory allocated:  3.0546875
Memory cached:  24.0
	 epoch  50 training error:  tensor(0.2555, device='cuda:0', grad_fn=<DivBackward0>)
Memory status after this epoch: 
Memory allocated:  3.0546875
Memory cached:  22.0
	 epoch  60 training error:  tensor(0.2544, device='cuda:0', grad_fn=<DivBackward0>)
Memory status after this epoch: 
Memory allocated:  3.0546875
Memory cached:  20.0
	 epoch  70 training error:  tensor(0.2542, device='cuda:0', grad_fn=<DivBackward0>)
Memory status after this epoch: 
Memory allocated:  3.0546875
Memory cached:  24.0
	 epoch  80 training error:  tensor(0.2541, device='cuda:0', grad_fn=<DivBackward0>)
Memory status after this epoch: 
Memory allocated:  3.0546875
Memory cached:  24.0
	 epoch  90 training error:  tensor(0.2541, device='cuda:0', grad_fn=<DivBackward0>)
Memory status after this epoch: 
Memory allocated:  3.0546875
Memory cached:  22.0
[I 2023-11-02 20:35:54,727] Trial 40 finished with value: 0.24632839858531952 and parameters: {'W_layers': 2, 'W_layer_units_exponent_0': 7, 'W_layer_units_exponent_1': 4, 'D_layers': 7, 'D_layer_units_exponent_0': 5, 'D_layer_units_exponent_1': 10, 'D_layer_units_exponent_2': 5, 'D_layer_units_exponent_3': 10, 'D_layer_units_exponent_4': 6, 'D_layer_units_exponent_5': 5, 'D_layer_units_exponent_6': 5, 'log_learning_rate': -2.0382754790732833, 'log_learning_rate_D': -3.312257347159412, 'training_batch_size': 7, 'training_p': 7}. Best is trial 12 with value: 0.24513185024261475.
Time for this trial:  138.9402310848236
Memory status after this trial: 
Memory allocated:  130.40625
Memory cached:  134.0
--------------------  Trial  41   --------------------
Start timing: 
Parameters: 
{'W_layers': 6, 'W_layer_units_exponent_0': 7, 'W_layer_units_exponent_1': 5, 'W_layer_units_exponent_2': 4, 'W_layer_units_exponent_3': 4, 'W_layer_units_exponent_4': 4, 'W_layer_units_exponent_5': 7, 'D_layers': 7, 'D_layer_units_exponent_0': 9, 'D_layer_units_exponent_1': 10, 'D_layer_units_exponent_2': 7, 'D_layer_units_exponent_3': 9, 'D_layer_units_exponent_4': 4, 'D_layer_units_exponent_5': 8, 'D_layer_units_exponent_6': 5, 'log_learning_rate': -2.5100096321835657, 'log_learning_rate_D': -1.2038877842278004, 'training_batch_size': 7, 'training_p': 3}
	 epoch  0 training error:  tensor(1.0059, device='cuda:0', grad_fn=<DivBackward0>)
Memory status after this epoch: 
Memory allocated:  12.84375
Memory cached:  34.0
	 epoch  10 training error:  tensor(0.5038, device='cuda:0', grad_fn=<DivBackward0>)
Memory status after this epoch: 
Memory allocated:  12.84375
Memory cached:  40.0
	 epoch  20 training error:  tensor(0.3234, device='cuda:0', grad_fn=<DivBackward0>)
Memory status after this epoch: 
Memory allocated:  12.84375
Memory cached:  40.0
	 epoch  30 training error:  tensor(0.2792, device='cuda:0', grad_fn=<DivBackward0>)
Memory status after this epoch: 
Memory allocated:  12.84375
Memory cached:  40.0
	 epoch  40 training error:  tensor(0.2561, device='cuda:0', grad_fn=<DivBackward0>)
Memory status after this epoch: 
Memory allocated:  12.84375
Memory cached:  40.0
	 epoch  50 training error:  tensor(0.2460, device='cuda:0', grad_fn=<DivBackward0>)
Memory status after this epoch: 
Memory allocated:  12.84375
Memory cached:  40.0
	 epoch  60 training error:  tensor(0.2427, device='cuda:0', grad_fn=<DivBackward0>)
Memory status after this epoch: 
Memory allocated:  12.84375
Memory cached:  40.0
	 epoch  70 training error:  tensor(0.2429, device='cuda:0', grad_fn=<DivBackward0>)
Memory status after this epoch: 
Memory allocated:  12.84375
Memory cached:  40.0
	 epoch  80 training error:  tensor(0.2428, device='cuda:0', grad_fn=<DivBackward0>)
Memory status after this epoch: 
Memory allocated:  12.84375
Memory cached:  40.0
	 epoch  90 training error:  tensor(0.2426, device='cuda:0', grad_fn=<DivBackward0>)
Memory status after this epoch: 
Memory allocated:  12.84375
Memory cached:  40.0
[I 2023-11-02 20:38:50,089] Trial 41 finished with value: 0.2457789033651352 and parameters: {'W_layers': 6, 'W_layer_units_exponent_0': 7, 'W_layer_units_exponent_1': 5, 'W_layer_units_exponent_2': 4, 'W_layer_units_exponent_3': 4, 'W_layer_units_exponent_4': 4, 'W_layer_units_exponent_5': 7, 'D_layers': 7, 'D_layer_units_exponent_0': 9, 'D_layer_units_exponent_1': 10, 'D_layer_units_exponent_2': 7, 'D_layer_units_exponent_3': 9, 'D_layer_units_exponent_4': 4, 'D_layer_units_exponent_5': 8, 'D_layer_units_exponent_6': 5, 'log_learning_rate': -2.5100096321835657, 'log_learning_rate_D': -1.2038877842278004, 'training_batch_size': 7, 'training_p': 3}. Best is trial 12 with value: 0.24513185024261475.
Time for this trial:  175.07888388633728
Memory status after this trial: 
Memory allocated:  158.7548828125
Memory cached:  180.0
--------------------  Trial  42   --------------------
Start timing: 
Parameters: 
{'W_layers': 6, 'W_layer_units_exponent_0': 5, 'W_layer_units_exponent_1': 5, 'W_layer_units_exponent_2': 4, 'W_layer_units_exponent_3': 5, 'W_layer_units_exponent_4': 5, 'W_layer_units_exponent_5': 7, 'D_layers': 8, 'D_layer_units_exponent_0': 9, 'D_layer_units_exponent_1': 10, 'D_layer_units_exponent_2': 6, 'D_layer_units_exponent_3': 9, 'D_layer_units_exponent_4': 4, 'D_layer_units_exponent_5': 9, 'D_layer_units_exponent_6': 6, 'D_layer_units_exponent_7': 7, 'log_learning_rate': -2.295015352354161, 'log_learning_rate_D': -1.2306751975635644, 'training_batch_size': 6, 'training_p': 2}
	 epoch  0 training error:  tensor(0.9916, device='cuda:0', grad_fn=<DivBackward0>)
Memory status after this epoch: 
Memory allocated:  11.7001953125
Memory cached:  42.0
	 epoch  10 training error:  tensor(0.9972, device='cuda:0', grad_fn=<DivBackward0>)
Memory status after this epoch: 
Memory allocated:  11.7001953125
Memory cached:  44.0
	 epoch  20 training error:  tensor(0.9972, device='cuda:0', grad_fn=<DivBackward0>)
Memory status after this epoch: 
Memory allocated:  11.7001953125
Memory cached:  48.0
	 epoch  30 training error:  tensor(0.9972, device='cuda:0', grad_fn=<DivBackward0>)
Memory status after this epoch: 
Memory allocated:  11.7001953125
Memory cached:  46.0
	 epoch  40 training error:  tensor(0.9972, device='cuda:0', grad_fn=<DivBackward0>)
Memory status after this epoch: 
Memory allocated:  11.7001953125
Memory cached:  42.0
	 epoch  50 training error:  tensor(0.9972, device='cuda:0', grad_fn=<DivBackward0>)
Memory status after this epoch: 
Memory allocated:  11.7001953125
Memory cached:  44.0
	 epoch  60 training error:  tensor(0.9972, device='cuda:0', grad_fn=<DivBackward0>)
Memory status after this epoch: 
Memory allocated:  11.7001953125
Memory cached:  44.0
	 epoch  70 training error:  tensor(0.9972, device='cuda:0', grad_fn=<DivBackward0>)
Memory status after this epoch: 
Memory allocated:  11.7001953125
Memory cached:  44.0
	 epoch  80 training error:  tensor(0.9972, device='cuda:0', grad_fn=<DivBackward0>)
Memory status after this epoch: 
Memory allocated:  11.7001953125
Memory cached:  44.0
	 epoch  90 training error:  tensor(0.9972, device='cuda:0', grad_fn=<DivBackward0>)
Memory status after this epoch: 
Memory allocated:  11.7001953125
Memory cached:  44.0
[I 2023-11-02 20:44:15,955] Trial 42 finished with value: 0.9975797533988953 and parameters: {'W_layers': 6, 'W_layer_units_exponent_0': 5, 'W_layer_units_exponent_1': 5, 'W_layer_units_exponent_2': 4, 'W_layer_units_exponent_3': 5, 'W_layer_units_exponent_4': 5, 'W_layer_units_exponent_5': 7, 'D_layers': 8, 'D_layer_units_exponent_0': 9, 'D_layer_units_exponent_1': 10, 'D_layer_units_exponent_2': 6, 'D_layer_units_exponent_3': 9, 'D_layer_units_exponent_4': 4, 'D_layer_units_exponent_5': 9, 'D_layer_units_exponent_6': 6, 'D_layer_units_exponent_7': 7, 'log_learning_rate': -2.295015352354161, 'log_learning_rate_D': -1.2306751975635644, 'training_batch_size': 6, 'training_p': 2}. Best is trial 12 with value: 0.24513185024261475.
Time for this trial:  325.60472774505615
Memory status after this trial: 
Memory allocated:  173.04638671875
Memory cached:  194.0
--------------------  Trial  43   --------------------
Start timing: 
Parameters: 
{'W_layers': 7, 'W_layer_units_exponent_0': 8, 'W_layer_units_exponent_1': 6, 'W_layer_units_exponent_2': 5, 'W_layer_units_exponent_3': 4, 'W_layer_units_exponent_4': 5, 'W_layer_units_exponent_5': 6, 'W_layer_units_exponent_6': 10, 'D_layers': 7, 'D_layer_units_exponent_0': 10, 'D_layer_units_exponent_1': 10, 'D_layer_units_exponent_2': 9, 'D_layer_units_exponent_3': 10, 'D_layer_units_exponent_4': 5, 'D_layer_units_exponent_5': 8, 'D_layer_units_exponent_6': 5, 'log_learning_rate': -3.029918087314693, 'log_learning_rate_D': -1.51585784171926, 'training_batch_size': 7, 'training_p': 3}
	 epoch  0 training error:  tensor(0.9969, device='cuda:0', grad_fn=<DivBackward0>)
Memory status after this epoch: 
Memory allocated:  36.8046875
Memory cached:  58.0
	 epoch  10 training error:  tensor(0.3880, device='cuda:0', grad_fn=<DivBackward0>)
Memory status after this epoch: 
Memory allocated:  36.8046875
Memory cached:  64.0
	 epoch  20 training error:  tensor(0.2858, device='cuda:0', grad_fn=<DivBackward0>)
Memory status after this epoch: 
Memory allocated:  36.8046875
Memory cached:  64.0
	 epoch  30 training error:  tensor(0.2453, device='cuda:0', grad_fn=<DivBackward0>)
Memory status after this epoch: 
Memory allocated:  36.8046875
Memory cached:  66.0
	 epoch  40 training error:  tensor(0.2426, device='cuda:0', grad_fn=<DivBackward0>)
Memory status after this epoch: 
Memory allocated:  36.8046875
Memory cached:  64.0
	 epoch  50 training error:  tensor(0.2426, device='cuda:0', grad_fn=<DivBackward0>)
Memory status after this epoch: 
Memory allocated:  36.8046875
Memory cached:  66.0
	 epoch  60 training error:  tensor(0.2427, device='cuda:0', grad_fn=<DivBackward0>)
Memory status after this epoch: 
Memory allocated:  36.8046875
Memory cached:  64.0
	 epoch  70 training error:  tensor(0.2428, device='cuda:0', grad_fn=<DivBackward0>)
Memory status after this epoch: 
Memory allocated:  36.8046875
Memory cached:  66.0
	 epoch  80 training error:  tensor(0.2427, device='cuda:0', grad_fn=<DivBackward0>)
Memory status after this epoch: 
Memory allocated:  36.8046875
Memory cached:  64.0
	 epoch  90 training error:  tensor(0.2426, device='cuda:0', grad_fn=<DivBackward0>)
Memory status after this epoch: 
Memory allocated:  36.8046875
Memory cached:  66.0
[I 2023-11-02 20:47:39,101] Trial 43 finished with value: 0.24584876000881195 and parameters: {'W_layers': 7, 'W_layer_units_exponent_0': 8, 'W_layer_units_exponent_1': 6, 'W_layer_units_exponent_2': 5, 'W_layer_units_exponent_3': 4, 'W_layer_units_exponent_4': 5, 'W_layer_units_exponent_5': 6, 'W_layer_units_exponent_6': 10, 'D_layers': 7, 'D_layer_units_exponent_0': 10, 'D_layer_units_exponent_1': 10, 'D_layer_units_exponent_2': 9, 'D_layer_units_exponent_3': 10, 'D_layer_units_exponent_4': 5, 'D_layer_units_exponent_5': 8, 'D_layer_units_exponent_6': 5, 'log_learning_rate': -3.029918087314693, 'log_learning_rate_D': -1.51585784171926, 'training_batch_size': 7, 'training_p': 3}. Best is trial 12 with value: 0.24513185024261475.
Time for this trial:  202.87516450881958
Memory status after this trial: 
Memory allocated:  307.037109375
Memory cached:  336.0
--------------------  Trial  44   --------------------
Start timing: 
Parameters: 
{'W_layers': 7, 'W_layer_units_exponent_0': 6, 'W_layer_units_exponent_1': 5, 'W_layer_units_exponent_2': 6, 'W_layer_units_exponent_3': 6, 'W_layer_units_exponent_4': 7, 'W_layer_units_exponent_5': 8, 'W_layer_units_exponent_6': 4, 'D_layers': 7, 'D_layer_units_exponent_0': 9, 'D_layer_units_exponent_1': 9, 'D_layer_units_exponent_2': 7, 'D_layer_units_exponent_3': 8, 'D_layer_units_exponent_4': 4, 'D_layer_units_exponent_5': 10, 'D_layer_units_exponent_6': 5, 'log_learning_rate': -2.469638623074181, 'log_learning_rate_D': -1.5757389611104884, 'training_batch_size': 8, 'training_p': 3}
	 epoch  0 training error:  tensor(1.0019, device='cuda:0', grad_fn=<DivBackward0>)
Memory status after this epoch: 
Memory allocated:  8.42578125
Memory cached:  16.0
	 epoch  10 training error:  tensor(0.3412, device='cuda:0', grad_fn=<DivBackward0>)
Memory status after this epoch: 
Memory allocated:  8.42578125
Memory cached:  22.0
	 epoch  20 training error:  tensor(0.2515, device='cuda:0', grad_fn=<DivBackward0>)
Memory status after this epoch: 
Memory allocated:  8.42578125
Memory cached:  24.0
	 epoch  30 training error:  tensor(0.2437, device='cuda:0', grad_fn=<DivBackward0>)
Memory status after this epoch: 
Memory allocated:  8.42578125
Memory cached:  22.0
	 epoch  40 training error:  tensor(0.2427, device='cuda:0', grad_fn=<DivBackward0>)
Memory status after this epoch: 
Memory allocated:  8.42578125
Memory cached:  22.0
	 epoch  50 training error:  tensor(0.2433, device='cuda:0', grad_fn=<DivBackward0>)
Memory status after this epoch: 
Memory allocated:  8.42578125
Memory cached:  22.0
	 epoch  60 training error:  tensor(0.2426, device='cuda:0', grad_fn=<DivBackward0>)
Memory status after this epoch: 
Memory allocated:  8.42578125
Memory cached:  22.0
	 epoch  70 training error:  tensor(0.2426, device='cuda:0', grad_fn=<DivBackward0>)
Memory status after this epoch: 
Memory allocated:  8.42578125
Memory cached:  22.0
	 epoch  80 training error:  tensor(0.2426, device='cuda:0', grad_fn=<DivBackward0>)
Memory status after this epoch: 
Memory allocated:  8.42578125
Memory cached:  24.0
	 epoch  90 training error:  tensor(0.2426, device='cuda:0', grad_fn=<DivBackward0>)
Memory status after this epoch: 
Memory allocated:  8.42578125
Memory cached:  22.0
