[I 2023-10-30 16:11:18,327] Trial 15 finished with value: 0.9911400079727173 and parameters: {'W_layers': 2, 'W_layer_units_exponent_0': 6, 'W_layer_units_exponent_1': 6, 'D_layers': 5, 'D_layer_units_exponent_0': 5, 'D_layer_units_exponent_1': 8, 'D_layer_units_exponent_2': 6, 'D_layer_units_exponent_3': 10, 'D_layer_units_exponent_4': 4, 'log_learning_rate': -4.921018703359006, 'log_learning_rate_D': -4.927290530443205, 'training_batch_size': 7, 'training_p': 7}. Best is trial 1 with value: 0.22552898526191711.
Time for this trial:  14.192928791046143
Memory status after this trial: 
Memory allocated:  6.99853515625
Memory cached:  8.0
--------------------  Trial  16   --------------------
Start timing: 
Parameters: 
{'W_layers': 3, 'W_layer_units_exponent_0': 8, 'W_layer_units_exponent_1': 7, 'W_layer_units_exponent_2': 6, 'D_layers': 4, 'D_layer_units_exponent_0': 8, 'D_layer_units_exponent_1': 6, 'D_layer_units_exponent_2': 10, 'D_layer_units_exponent_3': 6, 'log_learning_rate': -3.7726566667597723, 'log_learning_rate_D': -4.0139094639781785, 'training_batch_size': 9, 'training_p': 3}
	 epoch  0 training error:  tensor(0.9984, device='cuda:0', grad_fn=<DivBackward0>)
Memory status after this epoch: 
Memory allocated:  1.302734375
Memory cached:  2.0
	 epoch  10 training error:  tensor(0.9762, device='cuda:0', grad_fn=<DivBackward0>)
Memory status after this epoch: 
Memory allocated:  1.302734375
Memory cached:  2.0
	 epoch  20 training error:  tensor(0.9139, device='cuda:0', grad_fn=<DivBackward0>)
Memory status after this epoch: 
Memory allocated:  1.302734375
Memory cached:  2.0
	 epoch  30 training error:  tensor(0.6822, device='cuda:0', grad_fn=<DivBackward0>)
Memory status after this epoch: 
Memory allocated:  1.302734375
Memory cached:  2.0
	 epoch  40 training error:  tensor(0.3481, device='cuda:0', grad_fn=<DivBackward0>)
Memory status after this epoch: 
Memory allocated:  1.302734375
Memory cached:  2.0
	 epoch  50 training error:  tensor(0.2871, device='cuda:0', grad_fn=<DivBackward0>)
Memory status after this epoch: 
Memory allocated:  1.302734375
Memory cached:  2.0
	 epoch  60 training error:  tensor(0.2598, device='cuda:0', grad_fn=<DivBackward0>)
Memory status after this epoch: 
Memory allocated:  1.302734375
Memory cached:  2.0
	 epoch  70 training error:  tensor(0.2529, device='cuda:0', grad_fn=<DivBackward0>)
Memory status after this epoch: 
Memory allocated:  1.302734375
Memory cached:  2.0
	 epoch  80 training error:  tensor(0.2495, device='cuda:0', grad_fn=<DivBackward0>)
Memory status after this epoch: 
Memory allocated:  1.302734375
Memory cached:  2.0
	 epoch  90 training error:  tensor(0.2481, device='cuda:0', grad_fn=<DivBackward0>)
Memory status after this epoch: 
Memory allocated:  1.302734375
Memory cached:  2.0
[I 2023-10-30 16:11:33,981] Trial 16 finished with value: 0.22717319428920746 and parameters: {'W_layers': 3, 'W_layer_units_exponent_0': 8, 'W_layer_units_exponent_1': 7, 'W_layer_units_exponent_2': 6, 'D_layers': 4, 'D_layer_units_exponent_0': 8, 'D_layer_units_exponent_1': 6, 'D_layer_units_exponent_2': 10, 'D_layer_units_exponent_3': 6, 'log_learning_rate': -3.7726566667597723, 'log_learning_rate_D': -4.0139094639781785, 'training_batch_size': 9, 'training_p': 3}. Best is trial 1 with value: 0.22552898526191711.
Time for this trial:  15.497536420822144
Memory status after this trial: 
Memory allocated:  24.37255859375
Memory cached:  34.0
--------------------  Trial  17   --------------------
Start timing: 
Parameters: 
{'W_layers': 2, 'W_layer_units_exponent_0': 7, 'W_layer_units_exponent_1': 4, 'D_layers': 3, 'D_layer_units_exponent_0': 6, 'D_layer_units_exponent_1': 8, 'D_layer_units_exponent_2': 6, 'log_learning_rate': -4.289828592647393, 'log_learning_rate_D': -3.287411920230486, 'training_batch_size': 7, 'training_p': 7}
	 epoch  0 training error:  tensor(0.9788, device='cuda:0', grad_fn=<DivBackward0>)
Memory status after this epoch: 
Memory allocated:  0.26171875
Memory cached:  4.0
	 epoch  10 training error:  tensor(0.9679, device='cuda:0', grad_fn=<DivBackward0>)
Memory status after this epoch: 
Memory allocated:  0.26171875
Memory cached:  4.0
	 epoch  20 training error:  tensor(0.9567, device='cuda:0', grad_fn=<DivBackward0>)
Memory status after this epoch: 
Memory allocated:  0.26171875
Memory cached:  4.0
	 epoch  30 training error:  tensor(0.9447, device='cuda:0', grad_fn=<DivBackward0>)
Memory status after this epoch: 
Memory allocated:  0.26171875
Memory cached:  4.0
	 epoch  40 training error:  tensor(0.9316, device='cuda:0', grad_fn=<DivBackward0>)
Memory status after this epoch: 
Memory allocated:  0.26171875
Memory cached:  4.0
	 epoch  50 training error:  tensor(0.9168, device='cuda:0', grad_fn=<DivBackward0>)
Memory status after this epoch: 
Memory allocated:  0.26171875
Memory cached:  4.0
	 epoch  60 training error:  tensor(0.9000, device='cuda:0', grad_fn=<DivBackward0>)
Memory status after this epoch: 
Memory allocated:  0.26171875
Memory cached:  4.0
	 epoch  70 training error:  tensor(0.8806, device='cuda:0', grad_fn=<DivBackward0>)
Memory status after this epoch: 
Memory allocated:  0.26171875
Memory cached:  4.0
	 epoch  80 training error:  tensor(0.8580, device='cuda:0', grad_fn=<DivBackward0>)
Memory status after this epoch: 
Memory allocated:  0.26171875
Memory cached:  4.0
	 epoch  90 training error:  tensor(0.8316, device='cuda:0', grad_fn=<DivBackward0>)
Memory status after this epoch: 
Memory allocated:  0.26171875
Memory cached:  4.0
[I 2023-10-30 16:11:48,935] Trial 17 finished with value: 0.7664092779159546 and parameters: {'W_layers': 2, 'W_layer_units_exponent_0': 7, 'W_layer_units_exponent_1': 4, 'D_layers': 3, 'D_layer_units_exponent_0': 6, 'D_layer_units_exponent_1': 8, 'D_layer_units_exponent_2': 6, 'log_learning_rate': -4.289828592647393, 'log_learning_rate_D': -3.287411920230486, 'training_batch_size': 7, 'training_p': 7}. Best is trial 1 with value: 0.22552898526191711.
Time for this trial:  14.795071363449097
Memory status after this trial: 
Memory allocated:  7.83740234375
Memory cached:  10.0
--------------------  Trial  18   --------------------
Start timing: 
Parameters: 
{'W_layers': 3, 'W_layer_units_exponent_0': 9, 'W_layer_units_exponent_1': 5, 'W_layer_units_exponent_2': 8, 'D_layers': 2, 'D_layer_units_exponent_0': 5, 'D_layer_units_exponent_1': 4, 'log_learning_rate': -3.4132608841086833, 'log_learning_rate_D': -4.993087527273404, 'training_batch_size': 9, 'training_p': 4}
	 epoch  0 training error:  tensor(1.0004, device='cuda:0', grad_fn=<DivBackward0>)
Memory status after this epoch: 
Memory allocated:  0.4990234375
Memory cached:  6.0
	 epoch  10 training error:  tensor(0.9015, device='cuda:0', grad_fn=<DivBackward0>)
Memory status after this epoch: 
Memory allocated:  0.4990234375
Memory cached:  6.0
	 epoch  20 training error:  tensor(0.3517, device='cuda:0', grad_fn=<DivBackward0>)
Memory status after this epoch: 
Memory allocated:  0.4990234375
Memory cached:  6.0
	 epoch  30 training error:  tensor(0.3002, device='cuda:0', grad_fn=<DivBackward0>)
Memory status after this epoch: 
Memory allocated:  0.4990234375
Memory cached:  6.0
	 epoch  40 training error:  tensor(0.2701, device='cuda:0', grad_fn=<DivBackward0>)
Memory status after this epoch: 
Memory allocated:  0.4990234375
Memory cached:  6.0
	 epoch  50 training error:  tensor(0.2590, device='cuda:0', grad_fn=<DivBackward0>)
Memory status after this epoch: 
Memory allocated:  0.4990234375
Memory cached:  6.0
	 epoch  60 training error:  tensor(0.2548, device='cuda:0', grad_fn=<DivBackward0>)
Memory status after this epoch: 
Memory allocated:  0.4990234375
Memory cached:  6.0
	 epoch  70 training error:  tensor(0.2528, device='cuda:0', grad_fn=<DivBackward0>)
Memory status after this epoch: 
Memory allocated:  0.4990234375
Memory cached:  6.0
	 epoch  80 training error:  tensor(0.2523, device='cuda:0', grad_fn=<DivBackward0>)
Memory status after this epoch: 
Memory allocated:  0.4990234375
Memory cached:  6.0
	 epoch  90 training error:  tensor(0.2524, device='cuda:0', grad_fn=<DivBackward0>)
Memory status after this epoch: 
Memory allocated:  0.4990234375
Memory cached:  6.0
[I 2023-10-30 16:12:04,630] Trial 18 finished with value: 0.22607724368572235 and parameters: {'W_layers': 3, 'W_layer_units_exponent_0': 9, 'W_layer_units_exponent_1': 5, 'W_layer_units_exponent_2': 8, 'D_layers': 2, 'D_layer_units_exponent_0': 5, 'D_layer_units_exponent_1': 4, 'log_learning_rate': -3.4132608841086833, 'log_learning_rate_D': -4.993087527273404, 'training_batch_size': 9, 'training_p': 4}. Best is trial 1 with value: 0.22552898526191711.
Time for this trial:  15.555266380310059
Memory status after this trial: 
Memory allocated:  43.52099609375
Memory cached:  66.0
--------------------  Trial  19   --------------------
Start timing: 
Parameters: 
{'W_layers': 2, 'W_layer_units_exponent_0': 5, 'W_layer_units_exponent_1': 5, 'D_layers': 5, 'D_layer_units_exponent_0': 9, 'D_layer_units_exponent_1': 9, 'D_layer_units_exponent_2': 7, 'D_layer_units_exponent_3': 8, 'D_layer_units_exponent_4': 10, 'log_learning_rate': -4.3932462566866946, 'log_learning_rate_D': -3.433321394721542, 'training_batch_size': 7, 'training_p': 2}
	 epoch  0 training error:  tensor(0.9821, device='cuda:0', grad_fn=<DivBackward0>)
Memory status after this epoch: 
Memory allocated:  2.5068359375
Memory cached:  6.0
	 epoch  10 training error:  tensor(0.9802, device='cuda:0', grad_fn=<DivBackward0>)
Memory status after this epoch: 
Memory allocated:  2.5068359375
Memory cached:  8.0
	 epoch  20 training error:  tensor(0.9782, device='cuda:0', grad_fn=<DivBackward0>)
Memory status after this epoch: 
Memory allocated:  2.5068359375
Memory cached:  8.0
	 epoch  30 training error:  tensor(0.9761, device='cuda:0', grad_fn=<DivBackward0>)
Memory status after this epoch: 
Memory allocated:  2.5068359375
Memory cached:  8.0
	 epoch  40 training error:  tensor(0.9739, device='cuda:0', grad_fn=<DivBackward0>)
Memory status after this epoch: 
Memory allocated:  2.5068359375
Memory cached:  8.0
	 epoch  50 training error:  tensor(0.9717, device='cuda:0', grad_fn=<DivBackward0>)
Memory status after this epoch: 
Memory allocated:  2.5068359375
Memory cached:  8.0
	 epoch  60 training error:  tensor(0.9693, device='cuda:0', grad_fn=<DivBackward0>)
Memory status after this epoch: 
Memory allocated:  2.5068359375
Memory cached:  8.0
	 epoch  70 training error:  tensor(0.9668, device='cuda:0', grad_fn=<DivBackward0>)
Memory status after this epoch: 
Memory allocated:  2.5068359375
Memory cached:  8.0
	 epoch  80 training error:  tensor(0.9642, device='cuda:0', grad_fn=<DivBackward0>)
Memory status after this epoch: 
Memory allocated:  2.5068359375
Memory cached:  8.0
	 epoch  90 training error:  tensor(0.9614, device='cuda:0', grad_fn=<DivBackward0>)
Memory status after this epoch: 
Memory allocated:  2.5068359375
Memory cached:  8.0
[I 2023-10-30 16:12:19,193] Trial 19 finished with value: 0.957467257976532 and parameters: {'W_layers': 2, 'W_layer_units_exponent_0': 5, 'W_layer_units_exponent_1': 5, 'D_layers': 5, 'D_layer_units_exponent_0': 9, 'D_layer_units_exponent_1': 9, 'D_layer_units_exponent_2': 7, 'D_layer_units_exponent_3': 8, 'D_layer_units_exponent_4': 10, 'log_learning_rate': -4.3932462566866946, 'log_learning_rate_D': -3.433321394721542, 'training_batch_size': 7, 'training_p': 2}. Best is trial 1 with value: 0.22552898526191711.
Time for this trial:  14.40204644203186
Memory status after this trial: 
Memory allocated:  3.55712890625
Memory cached:  8.0
--------------------  Trial  20   --------------------
Start timing: 
Parameters: 
{'W_layers': 3, 'W_layer_units_exponent_0': 9, 'W_layer_units_exponent_1': 8, 'W_layer_units_exponent_2': 5, 'D_layers': 3, 'D_layer_units_exponent_0': 6, 'D_layer_units_exponent_1': 7, 'D_layer_units_exponent_2': 7, 'log_learning_rate': -3.383885072677839, 'log_learning_rate_D': -4.325544400483052, 'training_batch_size': 8, 'training_p': 4}
	 epoch  0 training error:  tensor(1.0005, device='cuda:0', grad_fn=<DivBackward0>)
Memory status after this epoch: 
Memory allocated:  2.33935546875
Memory cached:  4.0
	 epoch  10 training error:  tensor(0.2998, device='cuda:0', grad_fn=<DivBackward0>)
Memory status after this epoch: 
Memory allocated:  2.33935546875
Memory cached:  6.0
	 epoch  20 training error:  tensor(0.2738, device='cuda:0', grad_fn=<DivBackward0>)
Memory status after this epoch: 
Memory allocated:  2.33935546875
Memory cached:  6.0
	 epoch  30 training error:  tensor(0.2797, device='cuda:0', grad_fn=<DivBackward0>)
Memory status after this epoch: 
Memory allocated:  2.33935546875
Memory cached:  6.0
	 epoch  40 training error:  tensor(0.2558, device='cuda:0', grad_fn=<DivBackward0>)
Memory status after this epoch: 
Memory allocated:  2.33935546875
Memory cached:  6.0
	 epoch  50 training error:  tensor(0.2524, device='cuda:0', grad_fn=<DivBackward0>)
Memory status after this epoch: 
Memory allocated:  2.33935546875
Memory cached:  6.0
	 epoch  60 training error:  tensor(0.2524, device='cuda:0', grad_fn=<DivBackward0>)
Memory status after this epoch: 
Memory allocated:  2.33935546875
Memory cached:  6.0
	 epoch  70 training error:  tensor(0.2523, device='cuda:0', grad_fn=<DivBackward0>)
Memory status after this epoch: 
Memory allocated:  2.33935546875
Memory cached:  6.0
	 epoch  80 training error:  tensor(0.2524, device='cuda:0', grad_fn=<DivBackward0>)
Memory status after this epoch: 
Memory allocated:  2.33935546875
Memory cached:  6.0
	 epoch  90 training error:  tensor(0.2524, device='cuda:0', grad_fn=<DivBackward0>)
Memory status after this epoch: 
Memory allocated:  2.33935546875
Memory cached:  6.0
[I 2023-10-30 16:12:34,854] Trial 20 finished with value: 0.22656980156898499 and parameters: {'W_layers': 3, 'W_layer_units_exponent_0': 9, 'W_layer_units_exponent_1': 8, 'W_layer_units_exponent_2': 5, 'D_layers': 3, 'D_layer_units_exponent_0': 6, 'D_layer_units_exponent_1': 7, 'D_layer_units_exponent_2': 7, 'log_learning_rate': -3.383885072677839, 'log_learning_rate_D': -4.325544400483052, 'training_batch_size': 8, 'training_p': 4}. Best is trial 1 with value: 0.22552898526191711.
Time for this trial:  15.515782833099365
Memory status after this trial: 
Memory allocated:  44.39501953125
Memory cached:  66.0
--------------------  Trial  21   --------------------
Start timing: 
Parameters: 
{'W_layers': 2, 'W_layer_units_exponent_0': 7, 'W_layer_units_exponent_1': 7, 'D_layers': 4, 'D_layer_units_exponent_0': 9, 'D_layer_units_exponent_1': 8, 'D_layer_units_exponent_2': 8, 'D_layer_units_exponent_3': 4, 'log_learning_rate': -2.6979400018326576, 'log_learning_rate_D': -4.0668138724691225, 'training_batch_size': 10, 'training_p': 7}
	 epoch  0 training error:  tensor(1.0111, device='cuda:0', grad_fn=<DivBackward0>)
Memory status after this epoch: 
Memory allocated:  1.12353515625
Memory cached:  2.0
	 epoch  10 training error:  tensor(0.3761, device='cuda:0', grad_fn=<DivBackward0>)
Memory status after this epoch: 
Memory allocated:  1.12353515625
Memory cached:  2.0
	 epoch  20 training error:  tensor(0.2621, device='cuda:0', grad_fn=<DivBackward0>)
Memory status after this epoch: 
Memory allocated:  1.12353515625
Memory cached:  2.0
	 epoch  30 training error:  tensor(0.2683, device='cuda:0', grad_fn=<DivBackward0>)
Memory status after this epoch: 
Memory allocated:  1.12353515625
Memory cached:  2.0
	 epoch  40 training error:  tensor(0.2601, device='cuda:0', grad_fn=<DivBackward0>)
Memory status after this epoch: 
Memory allocated:  1.12353515625
Memory cached:  2.0
	 epoch  50 training error:  tensor(0.2600, device='cuda:0', grad_fn=<DivBackward0>)
Memory status after this epoch: 
Memory allocated:  1.12353515625
Memory cached:  2.0
	 epoch  60 training error:  tensor(0.2585, device='cuda:0', grad_fn=<DivBackward0>)
Memory status after this epoch: 
Memory allocated:  1.12353515625
Memory cached:  2.0
	 epoch  70 training error:  tensor(0.2584, device='cuda:0', grad_fn=<DivBackward0>)
Memory status after this epoch: 
Memory allocated:  1.12353515625
Memory cached:  2.0
	 epoch  80 training error:  tensor(0.2584, device='cuda:0', grad_fn=<DivBackward0>)
Memory status after this epoch: 
Memory allocated:  1.12353515625
Memory cached:  2.0
	 epoch  90 training error:  tensor(0.2584, device='cuda:0', grad_fn=<DivBackward0>)
Memory status after this epoch: 
Memory allocated:  1.12353515625
Memory cached:  2.0
[I 2023-10-30 16:12:49,249] Trial 21 finished with value: 0.226528599858284 and parameters: {'W_layers': 2, 'W_layer_units_exponent_0': 7, 'W_layer_units_exponent_1': 7, 'D_layers': 4, 'D_layer_units_exponent_0': 9, 'D_layer_units_exponent_1': 8, 'D_layer_units_exponent_2': 8, 'D_layer_units_exponent_3': 4, 'log_learning_rate': -2.6979400018326576, 'log_learning_rate_D': -4.0668138724691225, 'training_batch_size': 10, 'training_p': 7}. Best is trial 1 with value: 0.22552898526191711.
Time for this trial:  14.234251499176025
Memory status after this trial: 
Memory allocated:  13.92822265625
Memory cached:  16.0
--------------------  Trial  22   --------------------
Start timing: 
Parameters: 
{'W_layers': 3, 'W_layer_units_exponent_0': 10, 'W_layer_units_exponent_1': 6, 'W_layer_units_exponent_2': 7, 'D_layers': 5, 'D_layer_units_exponent_0': 4, 'D_layer_units_exponent_1': 6, 'D_layer_units_exponent_2': 5, 'D_layer_units_exponent_3': 6, 'D_layer_units_exponent_4': 6, 'log_learning_rate': -4.0188939292071835, 'log_learning_rate_D': -3.5726484786078987, 'training_batch_size': 6, 'training_p': 6}
	 epoch  0 training error:  tensor(1.0001, device='cuda:0', grad_fn=<DivBackward0>)
Memory status after this epoch: 
Memory allocated:  1.27099609375
Memory cached:  2.0
	 epoch  10 training error:  tensor(0.8805, device='cuda:0', grad_fn=<DivBackward0>)
Memory status after this epoch: 
Memory allocated:  1.27099609375
Memory cached:  2.0
	 epoch  20 training error:  tensor(0.2608, device='cuda:0', grad_fn=<DivBackward0>)
Memory status after this epoch: 
Memory allocated:  1.27099609375
Memory cached:  2.0
	 epoch  30 training error:  tensor(0.2681, device='cuda:0', grad_fn=<DivBackward0>)
Memory status after this epoch: 
Memory allocated:  1.27099609375
Memory cached:  2.0
	 epoch  40 training error:  tensor(0.2574, device='cuda:0', grad_fn=<DivBackward0>)
Memory status after this epoch: 
Memory allocated:  1.27099609375
Memory cached:  2.0
	 epoch  50 training error:  tensor(0.2572, device='cuda:0', grad_fn=<DivBackward0>)
Memory status after this epoch: 
Memory allocated:  1.27099609375
Memory cached:  2.0
	 epoch  60 training error:  tensor(0.2574, device='cuda:0', grad_fn=<DivBackward0>)
Memory status after this epoch: 
Memory allocated:  1.27099609375
Memory cached:  2.0
	 epoch  70 training error:  tensor(0.2572, device='cuda:0', grad_fn=<DivBackward0>)
Memory status after this epoch: 
Memory allocated:  1.27099609375
Memory cached:  2.0
	 epoch  80 training error:  tensor(0.2571, device='cuda:0', grad_fn=<DivBackward0>)
Memory status after this epoch: 
Memory allocated:  1.27099609375
Memory cached:  2.0
	 epoch  90 training error:  tensor(0.2573, device='cuda:0', grad_fn=<DivBackward0>)
Memory status after this epoch: 
Memory allocated:  1.27099609375
Memory cached:  2.0
