[I 2023-11-08 11:23:02,644] Trial 5 finished with value: 1.0 and parameters: {'W_layers': 7, 'W_layer_units_exponent_0': 6, 'W_layer_units_exponent_1': 9, 'W_layer_units_exponent_2': 6, 'W_layer_units_exponent_3': 7, 'W_layer_units_exponent_4': 9, 'W_layer_units_exponent_5': 9, 'W_layer_units_exponent_6': 7, 'D_layers': 5, 'D_layer_units_exponent_0': 10, 'D_layer_units_exponent_1': 7, 'D_layer_units_exponent_2': 10, 'D_layer_units_exponent_3': 4, 'D_layer_units_exponent_4': 5, 'D_dagger_layers': 3, 'D_dagger_layer_units_exponent_0': 8, 'D_dagger_layer_units_exponent_1': 6, 'D_dagger_layer_units_exponent_2': 8, 'log_learning_rate': -2.081210661575303, 'log_learning_rate_D': -1.4156558494322429, 'log_learning_rate_D_dagger': -2.1326255777588012, 'training_batch_size': 10, 'training_p': 2}. Best is trial 0 with value: 0.07166248559951782.
Time for this trial:  18.80881428718567
Memory status after this trial: 
Memory allocated:  139.712890625
Memory cached:  154.0
--------------------  Trial  6   --------------------
Start timing: 
Parameters: 
{'W_layers': 8, 'W_layer_units_exponent_0': 7, 'W_layer_units_exponent_1': 9, 'W_layer_units_exponent_2': 4, 'W_layer_units_exponent_3': 7, 'W_layer_units_exponent_4': 7, 'W_layer_units_exponent_5': 9, 'W_layer_units_exponent_6': 8, 'W_layer_units_exponent_7': 7, 'D_layers': 4, 'D_layer_units_exponent_0': 9, 'D_layer_units_exponent_1': 7, 'D_layer_units_exponent_2': 10, 'D_layer_units_exponent_3': 7, 'D_dagger_layers': 2, 'D_dagger_layer_units_exponent_0': 9, 'D_dagger_layer_units_exponent_1': 10, 'log_learning_rate': -3.406790497053958, 'log_learning_rate_D': -1.8632470671645502, 'log_learning_rate_D_dagger': -2.006733845452875, 'training_batch_size': 6, 'training_p': 5}
	 epoch  0 training error:  tensor(15.3374, device='cuda:0', grad_fn=<DivBackward0>)
Memory status after this epoch: 
Memory allocated:  15.0029296875
Memory cached:  42.0
	 epoch  10 training error:  tensor(0.3788, device='cuda:0', grad_fn=<DivBackward0>)
Memory status after this epoch: 
Memory allocated:  15.0029296875
Memory cached:  42.0
	 epoch  20 training error:  tensor(0.1717, device='cuda:0', grad_fn=<DivBackward0>)
Memory status after this epoch: 
Memory allocated:  15.0029296875
Memory cached:  42.0
	 epoch  30 training error:  tensor(0.1393, device='cuda:0', grad_fn=<DivBackward0>)
Memory status after this epoch: 
Memory allocated:  15.0029296875
Memory cached:  42.0
	 epoch  40 training error:  tensor(0.1377, device='cuda:0', grad_fn=<DivBackward0>)
Memory status after this epoch: 
Memory allocated:  15.0029296875
Memory cached:  42.0
	 epoch  50 training error:  tensor(0.1398, device='cuda:0', grad_fn=<DivBackward0>)
Memory status after this epoch: 
Memory allocated:  15.0029296875
Memory cached:  44.0
	 epoch  60 training error:  tensor(0.1376, device='cuda:0', grad_fn=<DivBackward0>)
Memory status after this epoch: 
Memory allocated:  15.0029296875
Memory cached:  42.0
	 epoch  70 training error:  tensor(0.1379, device='cuda:0', grad_fn=<DivBackward0>)
Memory status after this epoch: 
Memory allocated:  15.0029296875
Memory cached:  44.0
	 epoch  80 training error:  tensor(0.1395, device='cuda:0', grad_fn=<DivBackward0>)
Memory status after this epoch: 
Memory allocated:  15.0029296875
Memory cached:  44.0
	 epoch  90 training error:  tensor(0.1440, device='cuda:0', grad_fn=<DivBackward0>)
Memory status after this epoch: 
Memory allocated:  15.0029296875
Memory cached:  42.0
[I 2023-11-08 11:23:25,369] Trial 6 finished with value: 0.11346735060214996 and parameters: {'W_layers': 8, 'W_layer_units_exponent_0': 7, 'W_layer_units_exponent_1': 9, 'W_layer_units_exponent_2': 4, 'W_layer_units_exponent_3': 7, 'W_layer_units_exponent_4': 7, 'W_layer_units_exponent_5': 9, 'W_layer_units_exponent_6': 8, 'W_layer_units_exponent_7': 7, 'D_layers': 4, 'D_layer_units_exponent_0': 9, 'D_layer_units_exponent_1': 7, 'D_layer_units_exponent_2': 10, 'D_layer_units_exponent_3': 7, 'D_dagger_layers': 2, 'D_dagger_layer_units_exponent_0': 9, 'D_dagger_layer_units_exponent_1': 10, 'log_learning_rate': -3.406790497053958, 'log_learning_rate_D': -1.8632470671645502, 'log_learning_rate_D_dagger': -2.006733845452875, 'training_batch_size': 6, 'training_p': 5}. Best is trial 0 with value: 0.07166248559951782.
Time for this trial:  22.62160301208496
Memory status after this trial: 
Memory allocated:  188.0771484375
Memory cached:  206.0
--------------------  Trial  7   --------------------
Start timing: 
Parameters: 
{'W_layers': 6, 'W_layer_units_exponent_0': 9, 'W_layer_units_exponent_1': 9, 'W_layer_units_exponent_2': 10, 'W_layer_units_exponent_3': 8, 'W_layer_units_exponent_4': 8, 'W_layer_units_exponent_5': 5, 'D_layers': 3, 'D_layer_units_exponent_0': 8, 'D_layer_units_exponent_1': 7, 'D_layer_units_exponent_2': 8, 'D_dagger_layers': 3, 'D_dagger_layer_units_exponent_0': 9, 'D_dagger_layer_units_exponent_1': 4, 'D_dagger_layer_units_exponent_2': 7, 'log_learning_rate': -4.465484556148339, 'log_learning_rate_D': -4.782477673118383, 'log_learning_rate_D_dagger': -1.0834047264195554, 'training_batch_size': 7, 'training_p': 3}
	 epoch  0 training error:  tensor(0.7865, device='cuda:0', grad_fn=<DivBackward0>)
Memory status after this epoch: 
Memory allocated:  18.140625
Memory cached:  48.0
	 epoch  10 training error:  tensor(0.3161, device='cuda:0', grad_fn=<DivBackward0>)
Memory status after this epoch: 
Memory allocated:  18.140625
Memory cached:  50.0
	 epoch  20 training error:  tensor(0.1861, device='cuda:0', grad_fn=<DivBackward0>)
Memory status after this epoch: 
Memory allocated:  18.140625
Memory cached:  50.0
	 epoch  30 training error:  tensor(0.1255, device='cuda:0', grad_fn=<DivBackward0>)
Memory status after this epoch: 
Memory allocated:  18.140625
Memory cached:  50.0
	 epoch  40 training error:  tensor(0.1343, device='cuda:0', grad_fn=<DivBackward0>)
Memory status after this epoch: 
Memory allocated:  18.140625
Memory cached:  50.0
	 epoch  50 training error:  tensor(0.1258, device='cuda:0', grad_fn=<DivBackward0>)
Memory status after this epoch: 
Memory allocated:  18.140625
Memory cached:  50.0
	 epoch  60 training error:  tensor(0.1250, device='cuda:0', grad_fn=<DivBackward0>)
Memory status after this epoch: 
Memory allocated:  18.140625
Memory cached:  50.0
	 epoch  70 training error:  tensor(0.1252, device='cuda:0', grad_fn=<DivBackward0>)
Memory status after this epoch: 
Memory allocated:  18.140625
Memory cached:  50.0
	 epoch  80 training error:  tensor(0.1250, device='cuda:0', grad_fn=<DivBackward0>)
Memory status after this epoch: 
Memory allocated:  18.140625
Memory cached:  50.0
	 epoch  90 training error:  tensor(0.1249, device='cuda:0', grad_fn=<DivBackward0>)
Memory status after this epoch: 
Memory allocated:  18.140625
Memory cached:  50.0
[I 2023-11-08 11:23:45,436] Trial 7 finished with value: 0.10567432641983032 and parameters: {'W_layers': 6, 'W_layer_units_exponent_0': 9, 'W_layer_units_exponent_1': 9, 'W_layer_units_exponent_2': 10, 'W_layer_units_exponent_3': 8, 'W_layer_units_exponent_4': 8, 'W_layer_units_exponent_5': 5, 'D_layers': 3, 'D_layer_units_exponent_0': 8, 'D_layer_units_exponent_1': 7, 'D_layer_units_exponent_2': 8, 'D_dagger_layers': 3, 'D_dagger_layer_units_exponent_0': 9, 'D_dagger_layer_units_exponent_1': 4, 'D_dagger_layer_units_exponent_2': 7, 'log_learning_rate': -4.465484556148339, 'log_learning_rate_D': -4.782477673118383, 'log_learning_rate_D_dagger': -1.0834047264195554, 'training_batch_size': 7, 'training_p': 3}. Best is trial 0 with value: 0.07166248559951782.
Time for this trial:  19.9645779132843
Memory status after this trial: 
Memory allocated:  185.3212890625
Memory cached:  210.0
--------------------  Trial  8   --------------------
Start timing: 
Parameters: 
{'W_layers': 3, 'W_layer_units_exponent_0': 7, 'W_layer_units_exponent_1': 4, 'W_layer_units_exponent_2': 7, 'D_layers': 4, 'D_layer_units_exponent_0': 4, 'D_layer_units_exponent_1': 5, 'D_layer_units_exponent_2': 10, 'D_layer_units_exponent_3': 10, 'D_dagger_layers': 7, 'D_dagger_layer_units_exponent_0': 5, 'D_dagger_layer_units_exponent_1': 8, 'D_dagger_layer_units_exponent_2': 8, 'D_dagger_layer_units_exponent_3': 9, 'D_dagger_layer_units_exponent_4': 7, 'D_dagger_layer_units_exponent_5': 9, 'D_dagger_layer_units_exponent_6': 7, 'log_learning_rate': -1.3924319955131161, 'log_learning_rate_D': -3.8768214025402115, 'log_learning_rate_D_dagger': -4.87605368551106, 'training_batch_size': 8, 'training_p': 2}
	 epoch  0 training error:  tensor(0.9318, device='cuda:0', grad_fn=<DivBackward0>)
Memory status after this epoch: 
Memory allocated:  10.52880859375
Memory cached:  26.0
	 epoch  10 training error:  tensor(0.8411, device='cuda:0', grad_fn=<DivBackward0>)
Memory status after this epoch: 
Memory allocated:  10.52880859375
Memory cached:  28.0
	 epoch  20 training error:  tensor(0.6635, device='cuda:0', grad_fn=<DivBackward0>)
Memory status after this epoch: 
Memory allocated:  10.52880859375
Memory cached:  28.0
	 epoch  30 training error:  tensor(0.4282, device='cuda:0', grad_fn=<DivBackward0>)
Memory status after this epoch: 
Memory allocated:  10.52880859375
Memory cached:  28.0
	 epoch  40 training error:  tensor(0.1539, device='cuda:0', grad_fn=<DivBackward0>)
Memory status after this epoch: 
Memory allocated:  10.52880859375
Memory cached:  28.0
	 epoch  50 training error:  tensor(0.1528, device='cuda:0', grad_fn=<DivBackward0>)
Memory status after this epoch: 
Memory allocated:  10.52880859375
Memory cached:  28.0
	 epoch  60 training error:  tensor(0.0931, device='cuda:0', grad_fn=<DivBackward0>)
Memory status after this epoch: 
Memory allocated:  10.52880859375
Memory cached:  28.0
	 epoch  70 training error:  tensor(0.0810, device='cuda:0', grad_fn=<DivBackward0>)
Memory status after this epoch: 
Memory allocated:  10.52880859375
Memory cached:  28.0
	 epoch  80 training error:  tensor(0.0779, device='cuda:0', grad_fn=<DivBackward0>)
Memory status after this epoch: 
Memory allocated:  10.52880859375
Memory cached:  28.0
	 epoch  90 training error:  tensor(0.0771, device='cuda:0', grad_fn=<DivBackward0>)
Memory status after this epoch: 
Memory allocated:  10.52880859375
Memory cached:  28.0
[I 2023-11-08 11:24:04,054] Trial 8 finished with value: 0.07239749282598495 and parameters: {'W_layers': 3, 'W_layer_units_exponent_0': 7, 'W_layer_units_exponent_1': 4, 'W_layer_units_exponent_2': 7, 'D_layers': 4, 'D_layer_units_exponent_0': 4, 'D_layer_units_exponent_1': 5, 'D_layer_units_exponent_2': 10, 'D_layer_units_exponent_3': 10, 'D_dagger_layers': 7, 'D_dagger_layer_units_exponent_0': 5, 'D_dagger_layer_units_exponent_1': 8, 'D_dagger_layer_units_exponent_2': 8, 'D_dagger_layer_units_exponent_3': 9, 'D_dagger_layer_units_exponent_4': 7, 'D_dagger_layer_units_exponent_5': 9, 'D_dagger_layer_units_exponent_6': 7, 'log_learning_rate': -1.3924319955131161, 'log_learning_rate_D': -3.8768214025402115, 'log_learning_rate_D_dagger': -4.87605368551106, 'training_batch_size': 8, 'training_p': 2}. Best is trial 0 with value: 0.07166248559951782.
Time for this trial:  18.505206823349
Memory status after this trial: 
Memory allocated:  116.923828125
Memory cached:  132.0
--------------------  Trial  9   --------------------
Start timing: 
Parameters: 
{'W_layers': 8, 'W_layer_units_exponent_0': 4, 'W_layer_units_exponent_1': 9, 'W_layer_units_exponent_2': 5, 'W_layer_units_exponent_3': 8, 'W_layer_units_exponent_4': 4, 'W_layer_units_exponent_5': 4, 'W_layer_units_exponent_6': 9, 'W_layer_units_exponent_7': 9, 'D_layers': 3, 'D_layer_units_exponent_0': 7, 'D_layer_units_exponent_1': 10, 'D_layer_units_exponent_2': 6, 'D_dagger_layers': 7, 'D_dagger_layer_units_exponent_0': 8, 'D_dagger_layer_units_exponent_1': 4, 'D_dagger_layer_units_exponent_2': 7, 'D_dagger_layer_units_exponent_3': 4, 'D_dagger_layer_units_exponent_4': 10, 'D_dagger_layer_units_exponent_5': 10, 'D_dagger_layer_units_exponent_6': 4, 'log_learning_rate': -1.3000495599957835, 'log_learning_rate_D': -3.970423916731285, 'log_learning_rate_D_dagger': -4.531538404590078, 'training_batch_size': 9, 'training_p': 2}
	 epoch  0 training error:  tensor(0.9800, device='cuda:0', grad_fn=<DivBackward0>)
Memory status after this epoch: 
Memory allocated:  22.69921875
Memory cached:  54.0
	 epoch  10 training error:  tensor(0.7479, device='cuda:0', grad_fn=<DivBackward0>)
Memory status after this epoch: 
Memory allocated:  22.69921875
Memory cached:  56.0
	 epoch  20 training error:  tensor(0.1981, device='cuda:0', grad_fn=<DivBackward0>)
Memory status after this epoch: 
Memory allocated:  22.69921875
Memory cached:  56.0
	 epoch  30 training error:  tensor(0.1437, device='cuda:0', grad_fn=<DivBackward0>)
Memory status after this epoch: 
Memory allocated:  22.69921875
Memory cached:  56.0
	 epoch  40 training error:  tensor(0.1026, device='cuda:0', grad_fn=<DivBackward0>)
Memory status after this epoch: 
Memory allocated:  22.69921875
Memory cached:  56.0
	 epoch  50 training error:  tensor(0.0818, device='cuda:0', grad_fn=<DivBackward0>)
Memory status after this epoch: 
Memory allocated:  22.69921875
Memory cached:  56.0
	 epoch  60 training error:  tensor(0.0788, device='cuda:0', grad_fn=<DivBackward0>)
Memory status after this epoch: 
Memory allocated:  22.69921875
Memory cached:  56.0
	 epoch  70 training error:  tensor(0.0793, device='cuda:0', grad_fn=<DivBackward0>)
Memory status after this epoch: 
Memory allocated:  22.69921875
Memory cached:  56.0
	 epoch  80 training error:  tensor(0.0788, device='cuda:0', grad_fn=<DivBackward0>)
Memory status after this epoch: 
Memory allocated:  22.69921875
Memory cached:  56.0
	 epoch  90 training error:  tensor(0.0780, device='cuda:0', grad_fn=<DivBackward0>)
Memory status after this epoch: 
Memory allocated:  22.69921875
Memory cached:  56.0
[I 2023-11-08 11:24:25,365] Trial 9 finished with value: 0.07315321266651154 and parameters: {'W_layers': 8, 'W_layer_units_exponent_0': 4, 'W_layer_units_exponent_1': 9, 'W_layer_units_exponent_2': 5, 'W_layer_units_exponent_3': 8, 'W_layer_units_exponent_4': 4, 'W_layer_units_exponent_5': 4, 'W_layer_units_exponent_6': 9, 'W_layer_units_exponent_7': 9, 'D_layers': 3, 'D_layer_units_exponent_0': 7, 'D_layer_units_exponent_1': 10, 'D_layer_units_exponent_2': 6, 'D_dagger_layers': 7, 'D_dagger_layer_units_exponent_0': 8, 'D_dagger_layer_units_exponent_1': 4, 'D_dagger_layer_units_exponent_2': 7, 'D_dagger_layer_units_exponent_3': 4, 'D_dagger_layer_units_exponent_4': 10, 'D_dagger_layer_units_exponent_5': 10, 'D_dagger_layer_units_exponent_6': 4, 'log_learning_rate': -1.3000495599957835, 'log_learning_rate_D': -3.970423916731285, 'log_learning_rate_D_dagger': -4.531538404590078, 'training_batch_size': 9, 'training_p': 2}. Best is trial 0 with value: 0.07166248559951782.
Time for this trial:  21.20477843284607
Memory status after this trial: 
Memory allocated:  247.4345703125
Memory cached:  272.0
--------------------  Trial  10   --------------------
Start timing: 
Parameters: 
{'W_layers': 5, 'W_layer_units_exponent_0': 8, 'W_layer_units_exponent_1': 4, 'W_layer_units_exponent_2': 8, 'W_layer_units_exponent_3': 10, 'W_layer_units_exponent_4': 10, 'D_layers': 8, 'D_layer_units_exponent_0': 5, 'D_layer_units_exponent_1': 10, 'D_layer_units_exponent_2': 4, 'D_layer_units_exponent_3': 9, 'D_layer_units_exponent_4': 8, 'D_layer_units_exponent_5': 10, 'D_layer_units_exponent_6': 9, 'D_layer_units_exponent_7': 4, 'D_dagger_layers': 5, 'D_dagger_layer_units_exponent_0': 10, 'D_dagger_layer_units_exponent_1': 7, 'D_dagger_layer_units_exponent_2': 10, 'D_dagger_layer_units_exponent_3': 6, 'D_dagger_layer_units_exponent_4': 4, 'log_learning_rate': -2.4431855760458285, 'log_learning_rate_D': -2.5201165320289105, 'log_learning_rate_D_dagger': -3.802977470861933, 'training_batch_size': 10, 'training_p': 4}
	 epoch  0 training error:  tensor(0.8437, device='cuda:0', grad_fn=<DivBackward0>)
Memory status after this epoch: 
Memory allocated:  29.55419921875
Memory cached:  50.0
	 epoch  10 training error:  tensor(0.1332, device='cuda:0', grad_fn=<DivBackward0>)
Memory status after this epoch: 
Memory allocated:  29.55419921875
Memory cached:  52.0
	 epoch  20 training error:  tensor(0.1591, device='cuda:0', grad_fn=<DivBackward0>)
Memory status after this epoch: 
Memory allocated:  29.55419921875
Memory cached:  52.0
	 epoch  30 training error:  tensor(0.1120, device='cuda:0', grad_fn=<DivBackward0>)
Memory status after this epoch: 
Memory allocated:  29.55419921875
Memory cached:  52.0
	 epoch  40 training error:  tensor(0.1233, device='cuda:0', grad_fn=<DivBackward0>)
Memory status after this epoch: 
Memory allocated:  29.55419921875
Memory cached:  52.0
	 epoch  50 training error:  tensor(0.0931, device='cuda:0', grad_fn=<DivBackward0>)
Memory status after this epoch: 
Memory allocated:  29.55419921875
Memory cached:  52.0
	 epoch  60 training error:  tensor(0.0913, device='cuda:0', grad_fn=<DivBackward0>)
Memory status after this epoch: 
Memory allocated:  29.55419921875
Memory cached:  52.0
	 epoch  70 training error:  tensor(0.0913, device='cuda:0', grad_fn=<DivBackward0>)
Memory status after this epoch: 
Memory allocated:  29.55419921875
Memory cached:  52.0
	 epoch  80 training error:  tensor(0.0886, device='cuda:0', grad_fn=<DivBackward0>)
Memory status after this epoch: 
Memory allocated:  29.55419921875
Memory cached:  52.0
	 epoch  90 training error:  tensor(0.0879, device='cuda:0', grad_fn=<DivBackward0>)
Memory status after this epoch: 
Memory allocated:  29.55419921875
Memory cached:  52.0
[I 2023-11-08 11:24:46,512] Trial 10 finished with value: 0.06870593130588531 and parameters: {'W_layers': 5, 'W_layer_units_exponent_0': 8, 'W_layer_units_exponent_1': 4, 'W_layer_units_exponent_2': 8, 'W_layer_units_exponent_3': 10, 'W_layer_units_exponent_4': 10, 'D_layers': 8, 'D_layer_units_exponent_0': 5, 'D_layer_units_exponent_1': 10, 'D_layer_units_exponent_2': 4, 'D_layer_units_exponent_3': 9, 'D_layer_units_exponent_4': 8, 'D_layer_units_exponent_5': 10, 'D_layer_units_exponent_6': 9, 'D_layer_units_exponent_7': 4, 'D_dagger_layers': 5, 'D_dagger_layer_units_exponent_0': 10, 'D_dagger_layer_units_exponent_1': 7, 'D_dagger_layer_units_exponent_2': 10, 'D_dagger_layer_units_exponent_3': 6, 'D_dagger_layer_units_exponent_4': 4, 'log_learning_rate': -2.4431855760458285, 'log_learning_rate_D': -2.5201165320289105, 'log_learning_rate_D_dagger': -3.802977470861933, 'training_batch_size': 10, 'training_p': 4}. Best is trial 10 with value: 0.06870593130588531.
Time for this trial:  20.958200216293335
Memory status after this trial: 
Memory allocated:  273.8203125
Memory cached:  326.0
--------------------  Trial  11   --------------------
Start timing: 
Parameters: 
{'W_layers': 5, 'W_layer_units_exponent_0': 8, 'W_layer_units_exponent_1': 4, 'W_layer_units_exponent_2': 8, 'W_layer_units_exponent_3': 10, 'W_layer_units_exponent_4': 10, 'D_layers': 8, 'D_layer_units_exponent_0': 5, 'D_layer_units_exponent_1': 10, 'D_layer_units_exponent_2': 4, 'D_layer_units_exponent_3': 9, 'D_layer_units_exponent_4': 8, 'D_layer_units_exponent_5': 10, 'D_layer_units_exponent_6': 9, 'D_layer_units_exponent_7': 4, 'D_dagger_layers': 5, 'D_dagger_layer_units_exponent_0': 10, 'D_dagger_layer_units_exponent_1': 7, 'D_dagger_layer_units_exponent_2': 10, 'D_dagger_layer_units_exponent_3': 6, 'D_dagger_layer_units_exponent_4': 4, 'log_learning_rate': -2.6748342166039785, 'log_learning_rate_D': -2.608005440840104, 'log_learning_rate_D_dagger': -3.8801337929880195, 'training_batch_size': 10, 'training_p': 4}
	 epoch  0 training error:  tensor(0.8482, device='cuda:0', grad_fn=<DivBackward0>)
Memory status after this epoch: 
Memory allocated:  29.17919921875
Memory cached:  50.0
	 epoch  10 training error:  tensor(0.1076, device='cuda:0', grad_fn=<DivBackward0>)
Memory status after this epoch: 
Memory allocated:  29.17919921875
Memory cached:  52.0
	 epoch  20 training error:  tensor(0.0994, device='cuda:0', grad_fn=<DivBackward0>)
Memory status after this epoch: 
Memory allocated:  29.17919921875
Memory cached:  52.0
	 epoch  30 training error:  tensor(0.0954, device='cuda:0', grad_fn=<DivBackward0>)
Memory status after this epoch: 
Memory allocated:  29.17919921875
Memory cached:  52.0
	 epoch  40 training error:  tensor(0.0967, device='cuda:0', grad_fn=<DivBackward0>)
Memory status after this epoch: 
Memory allocated:  29.17919921875
Memory cached:  52.0
	 epoch  50 training error:  tensor(0.0922, device='cuda:0', grad_fn=<DivBackward0>)
Memory status after this epoch: 
Memory allocated:  29.17919921875
Memory cached:  52.0
	 epoch  60 training error:  tensor(0.0888, device='cuda:0', grad_fn=<DivBackward0>)
Memory status after this epoch: 
Memory allocated:  29.17919921875
Memory cached:  52.0
	 epoch  70 training error:  tensor(0.0874, device='cuda:0', grad_fn=<DivBackward0>)
Memory status after this epoch: 
Memory allocated:  29.17919921875
Memory cached:  52.0
	 epoch  80 training error:  tensor(0.0856, device='cuda:0', grad_fn=<DivBackward0>)
Memory status after this epoch: 
Memory allocated:  29.17919921875
Memory cached:  52.0
	 epoch  90 training error:  tensor(0.0841, device='cuda:0', grad_fn=<DivBackward0>)
Memory status after this epoch: 
Memory allocated:  29.17919921875
Memory cached:  52.0
