[I 2023-11-08 17:31:03,898] Trial 37 finished with value: 0.052761949598789215 and parameters: {'W_layers': 4, 'W_layer_units_exponent_0': 5, 'W_layer_units_exponent_1': 5, 'W_layer_units_exponent_2': 4, 'W_layer_units_exponent_3': 7, 'D_layers': 2, 'D_layer_units_exponent_0': 10, 'D_layer_units_exponent_1': 4, 'D_dagger_layers': 8, 'D_dagger_layer_units_exponent_0': 9, 'D_dagger_layer_units_exponent_1': 4, 'D_dagger_layer_units_exponent_2': 9, 'D_dagger_layer_units_exponent_3': 9, 'D_dagger_layer_units_exponent_4': 6, 'D_dagger_layer_units_exponent_5': 6, 'D_dagger_layer_units_exponent_6': 9, 'D_dagger_layer_units_exponent_7': 4, 'log_learning_rate': -1.7061394762656756, 'log_learning_rate_D': -4.408242767145433, 'log_learning_rate_D_dagger': -4.024392317860468, 'training_batch_size': 7, 'training_p': 5}. Best is trial 33 with value: 0.03574328497052193.
Time for this trial:  198.28341698646545
Memory status after this trial: 
Memory allocated:  188.6171875
Memory cached:  192.0
--------------------  Trial  38   --------------------
Start timing: 
Parameters: 
{'W_layers': 3, 'W_layer_units_exponent_0': 7, 'W_layer_units_exponent_1': 6, 'W_layer_units_exponent_2': 9, 'D_layers': 6, 'D_layer_units_exponent_0': 9, 'D_layer_units_exponent_1': 8, 'D_layer_units_exponent_2': 4, 'D_layer_units_exponent_3': 9, 'D_layer_units_exponent_4': 8, 'D_layer_units_exponent_5': 10, 'D_dagger_layers': 7, 'D_dagger_layer_units_exponent_0': 10, 'D_dagger_layer_units_exponent_1': 6, 'D_dagger_layer_units_exponent_2': 8, 'D_dagger_layer_units_exponent_3': 6, 'D_dagger_layer_units_exponent_4': 9, 'D_dagger_layer_units_exponent_5': 8, 'D_dagger_layer_units_exponent_6': 9, 'log_learning_rate': -2.2006923529059166, 'log_learning_rate_D': -4.745940112463424, 'log_learning_rate_D_dagger': -4.276465878186326, 'training_batch_size': 6, 'training_p': 4}
	 epoch  0 training error:  tensor(2.1938, device='cuda:0', grad_fn=<DivBackward0>)
Memory status after this epoch: 
Memory allocated:  15.11962890625
Memory cached:  134.0
	 epoch  10 training error:  tensor(0.2123, device='cuda:0', grad_fn=<DivBackward0>)
Memory status after this epoch: 
Memory allocated:  15.11962890625
Memory cached:  134.0
	 epoch  20 training error:  tensor(0.1887, device='cuda:0', grad_fn=<DivBackward0>)
Memory status after this epoch: 
Memory allocated:  15.11962890625
Memory cached:  142.0
	 epoch  30 training error:  tensor(0.0998, device='cuda:0', grad_fn=<DivBackward0>)
Memory status after this epoch: 
Memory allocated:  15.11962890625
Memory cached:  130.0
	 epoch  40 training error:  tensor(0.0908, device='cuda:0', grad_fn=<DivBackward0>)
Memory status after this epoch: 
Memory allocated:  15.11962890625
Memory cached:  128.0
	 epoch  50 training error:  tensor(0.0884, device='cuda:0', grad_fn=<DivBackward0>)
Memory status after this epoch: 
Memory allocated:  15.11962890625
Memory cached:  130.0
	 epoch  60 training error:  tensor(0.0855, device='cuda:0', grad_fn=<DivBackward0>)
Memory status after this epoch: 
Memory allocated:  15.11962890625
Memory cached:  140.0
	 epoch  70 training error:  tensor(0.0680, device='cuda:0', grad_fn=<DivBackward0>)
Memory status after this epoch: 
Memory allocated:  15.11962890625
Memory cached:  136.0
	 epoch  80 training error:  tensor(0.0651, device='cuda:0', grad_fn=<DivBackward0>)
Memory status after this epoch: 
Memory allocated:  15.11962890625
Memory cached:  130.0
	 epoch  90 training error:  tensor(0.0651, device='cuda:0', grad_fn=<DivBackward0>)
Memory status after this epoch: 
Memory allocated:  15.11962890625
Memory cached:  142.0
[I 2023-11-08 17:37:45,900] Trial 38 finished with value: 0.054980386048555374 and parameters: {'W_layers': 3, 'W_layer_units_exponent_0': 7, 'W_layer_units_exponent_1': 6, 'W_layer_units_exponent_2': 9, 'D_layers': 6, 'D_layer_units_exponent_0': 9, 'D_layer_units_exponent_1': 8, 'D_layer_units_exponent_2': 4, 'D_layer_units_exponent_3': 9, 'D_layer_units_exponent_4': 8, 'D_layer_units_exponent_5': 10, 'D_dagger_layers': 7, 'D_dagger_layer_units_exponent_0': 10, 'D_dagger_layer_units_exponent_1': 6, 'D_dagger_layer_units_exponent_2': 8, 'D_dagger_layer_units_exponent_3': 6, 'D_dagger_layer_units_exponent_4': 9, 'D_dagger_layer_units_exponent_5': 8, 'D_dagger_layer_units_exponent_6': 9, 'log_learning_rate': -2.2006923529059166, 'log_learning_rate_D': -4.745940112463424, 'log_learning_rate_D_dagger': -4.276465878186326, 'training_batch_size': 6, 'training_p': 4}. Best is trial 33 with value: 0.03574328497052193.
Time for this trial:  401.6860775947571
Memory status after this trial: 
Memory allocated:  326.0498046875
Memory cached:  334.0
--------------------  Trial  39   --------------------
Start timing: 
Parameters: 
{'W_layers': 7, 'W_layer_units_exponent_0': 4, 'W_layer_units_exponent_1': 8, 'W_layer_units_exponent_2': 8, 'W_layer_units_exponent_3': 5, 'W_layer_units_exponent_4': 8, 'W_layer_units_exponent_5': 9, 'W_layer_units_exponent_6': 8, 'D_layers': 8, 'D_layer_units_exponent_0': 9, 'D_layer_units_exponent_1': 6, 'D_layer_units_exponent_2': 6, 'D_layer_units_exponent_3': 7, 'D_layer_units_exponent_4': 6, 'D_layer_units_exponent_5': 7, 'D_layer_units_exponent_6': 8, 'D_layer_units_exponent_7': 10, 'D_dagger_layers': 5, 'D_dagger_layer_units_exponent_0': 7, 'D_dagger_layer_units_exponent_1': 4, 'D_dagger_layer_units_exponent_2': 7, 'D_dagger_layer_units_exponent_3': 10, 'D_dagger_layer_units_exponent_4': 10, 'log_learning_rate': -2.618512445645992, 'log_learning_rate_D': -3.760123662468857, 'log_learning_rate_D_dagger': -3.4042132483426384, 'training_batch_size': 7, 'training_p': 2}
	 epoch  0 training error:  tensor(1.0675, device='cuda:0', grad_fn=<DivBackward0>)
Memory status after this epoch: 
Memory allocated:  29.08740234375
Memory cached:  180.0
	 epoch  10 training error:  tensor(0.3033, device='cuda:0', grad_fn=<DivBackward0>)
Memory status after this epoch: 
Memory allocated:  29.08740234375
Memory cached:  308.0
	 epoch  20 training error:  tensor(0.3222, device='cuda:0', grad_fn=<DivBackward0>)
Memory status after this epoch: 
Memory allocated:  29.08740234375
Memory cached:  318.0
	 epoch  30 training error:  tensor(0.1531, device='cuda:0', grad_fn=<DivBackward0>)
Memory status after this epoch: 
Memory allocated:  29.08740234375
Memory cached:  308.0
	 epoch  40 training error:  tensor(0.0960, device='cuda:0', grad_fn=<DivBackward0>)
Memory status after this epoch: 
Memory allocated:  29.08740234375
Memory cached:  314.0
	 epoch  50 training error:  tensor(0.0775, device='cuda:0', grad_fn=<DivBackward0>)
Memory status after this epoch: 
Memory allocated:  29.08740234375
Memory cached:  312.0
	 epoch  60 training error:  tensor(0.0778, device='cuda:0', grad_fn=<DivBackward0>)
Memory status after this epoch: 
Memory allocated:  29.08740234375
Memory cached:  306.0
	 epoch  70 training error:  tensor(0.0709, device='cuda:0', grad_fn=<DivBackward0>)
Memory status after this epoch: 
Memory allocated:  29.08740234375
Memory cached:  310.0
	 epoch  80 training error:  tensor(0.0667, device='cuda:0', grad_fn=<DivBackward0>)
Memory status after this epoch: 
Memory allocated:  29.08740234375
Memory cached:  314.0
	 epoch  90 training error:  tensor(0.0639, device='cuda:0', grad_fn=<DivBackward0>)
Memory status after this epoch: 
Memory allocated:  29.08740234375
Memory cached:  308.0
[I 2023-11-08 17:42:07,711] Trial 39 finished with value: 0.07374304533004761 and parameters: {'W_layers': 7, 'W_layer_units_exponent_0': 4, 'W_layer_units_exponent_1': 8, 'W_layer_units_exponent_2': 8, 'W_layer_units_exponent_3': 5, 'W_layer_units_exponent_4': 8, 'W_layer_units_exponent_5': 9, 'W_layer_units_exponent_6': 8, 'D_layers': 8, 'D_layer_units_exponent_0': 9, 'D_layer_units_exponent_1': 6, 'D_layer_units_exponent_2': 6, 'D_layer_units_exponent_3': 7, 'D_layer_units_exponent_4': 6, 'D_layer_units_exponent_5': 7, 'D_layer_units_exponent_6': 8, 'D_layer_units_exponent_7': 10, 'D_dagger_layers': 5, 'D_dagger_layer_units_exponent_0': 7, 'D_dagger_layer_units_exponent_1': 4, 'D_dagger_layer_units_exponent_2': 7, 'D_dagger_layer_units_exponent_3': 10, 'D_dagger_layer_units_exponent_4': 10, 'log_learning_rate': -2.618512445645992, 'log_learning_rate_D': -3.760123662468857, 'log_learning_rate_D_dagger': -3.4042132483426384, 'training_batch_size': 7, 'training_p': 2}. Best is trial 33 with value: 0.03574328497052193.
Time for this trial:  261.4746024608612
Memory status after this trial: 
Memory allocated:  342.74853515625
Memory cached:  362.0
--------------------  Trial  40   --------------------
Start timing: 
Parameters: 
{'W_layers': 5, 'W_layer_units_exponent_0': 6, 'W_layer_units_exponent_1': 4, 'W_layer_units_exponent_2': 6, 'W_layer_units_exponent_3': 8, 'W_layer_units_exponent_4': 7, 'D_layers': 7, 'D_layer_units_exponent_0': 5, 'D_layer_units_exponent_1': 10, 'D_layer_units_exponent_2': 4, 'D_layer_units_exponent_3': 6, 'D_layer_units_exponent_4': 10, 'D_layer_units_exponent_5': 5, 'D_layer_units_exponent_6': 7, 'D_dagger_layers': 6, 'D_dagger_layer_units_exponent_0': 9, 'D_dagger_layer_units_exponent_1': 6, 'D_dagger_layer_units_exponent_2': 10, 'D_dagger_layer_units_exponent_3': 4, 'D_dagger_layer_units_exponent_4': 8, 'D_dagger_layer_units_exponent_5': 7, 'log_learning_rate': -3.418617327877578, 'log_learning_rate_D': -4.168301762089482, 'log_learning_rate_D_dagger': -3.8574823030968326, 'training_batch_size': 8, 'training_p': 6}
	 epoch  0 training error:  tensor(0.9705, device='cuda:0', grad_fn=<DivBackward0>)
Memory status after this epoch: 
Memory allocated:  5.64599609375
Memory cached:  150.0
	 epoch  10 training error:  tensor(0.3046, device='cuda:0', grad_fn=<DivBackward0>)
Memory status after this epoch: 
Memory allocated:  5.64599609375
Memory cached:  280.0
	 epoch  20 training error:  tensor(0.1447, device='cuda:0', grad_fn=<DivBackward0>)
Memory status after this epoch: 
Memory allocated:  5.64599609375
Memory cached:  258.0
	 epoch  30 training error:  tensor(0.1186, device='cuda:0', grad_fn=<DivBackward0>)
Memory status after this epoch: 
Memory allocated:  5.64599609375
Memory cached:  266.0
	 epoch  40 training error:  tensor(0.0998, device='cuda:0', grad_fn=<DivBackward0>)
Memory status after this epoch: 
Memory allocated:  5.64599609375
Memory cached:  282.0
	 epoch  50 training error:  tensor(0.0810, device='cuda:0', grad_fn=<DivBackward0>)
Memory status after this epoch: 
Memory allocated:  5.64599609375
Memory cached:  270.0
	 epoch  60 training error:  tensor(0.0752, device='cuda:0', grad_fn=<DivBackward0>)
Memory status after this epoch: 
Memory allocated:  5.64599609375
Memory cached:  272.0
	 epoch  70 training error:  tensor(0.0718, device='cuda:0', grad_fn=<DivBackward0>)
Memory status after this epoch: 
Memory allocated:  5.64599609375
Memory cached:  274.0
	 epoch  80 training error:  tensor(0.0697, device='cuda:0', grad_fn=<DivBackward0>)
Memory status after this epoch: 
Memory allocated:  5.64599609375
Memory cached:  276.0
	 epoch  90 training error:  tensor(0.0671, device='cuda:0', grad_fn=<DivBackward0>)
Memory status after this epoch: 
Memory allocated:  5.64599609375
Memory cached:  262.0
[I 2023-11-08 17:46:04,303] Trial 40 finished with value: 0.0573241300880909 and parameters: {'W_layers': 5, 'W_layer_units_exponent_0': 6, 'W_layer_units_exponent_1': 4, 'W_layer_units_exponent_2': 6, 'W_layer_units_exponent_3': 8, 'W_layer_units_exponent_4': 7, 'D_layers': 7, 'D_layer_units_exponent_0': 5, 'D_layer_units_exponent_1': 10, 'D_layer_units_exponent_2': 4, 'D_layer_units_exponent_3': 6, 'D_layer_units_exponent_4': 10, 'D_layer_units_exponent_5': 5, 'D_layer_units_exponent_6': 7, 'D_dagger_layers': 6, 'D_dagger_layer_units_exponent_0': 9, 'D_dagger_layer_units_exponent_1': 6, 'D_dagger_layer_units_exponent_2': 10, 'D_dagger_layer_units_exponent_3': 4, 'D_dagger_layer_units_exponent_4': 8, 'D_dagger_layer_units_exponent_5': 7, 'log_learning_rate': -3.418617327877578, 'log_learning_rate_D': -4.168301762089482, 'log_learning_rate_D_dagger': -3.8574823030968326, 'training_batch_size': 8, 'training_p': 6}. Best is trial 33 with value: 0.03574328497052193.
Time for this trial:  236.25649785995483
Memory status after this trial: 
Memory allocated:  261.9404296875
Memory cached:  266.0
--------------------  Trial  41   --------------------
Start timing: 
Parameters: 
{'W_layers': 4, 'W_layer_units_exponent_0': 6, 'W_layer_units_exponent_1': 4, 'W_layer_units_exponent_2': 9, 'W_layer_units_exponent_3': 7, 'D_layers': 5, 'D_layer_units_exponent_0': 5, 'D_layer_units_exponent_1': 5, 'D_layer_units_exponent_2': 5, 'D_layer_units_exponent_3': 10, 'D_layer_units_exponent_4': 9, 'D_dagger_layers': 7, 'D_dagger_layer_units_exponent_0': 9, 'D_dagger_layer_units_exponent_1': 4, 'D_dagger_layer_units_exponent_2': 10, 'D_dagger_layer_units_exponent_3': 8, 'D_dagger_layer_units_exponent_4': 7, 'D_dagger_layer_units_exponent_5': 9, 'D_dagger_layer_units_exponent_6': 6, 'log_learning_rate': -2.8663190594354306, 'log_learning_rate_D': -3.9266679001994307, 'log_learning_rate_D_dagger': -4.416891984745477, 'training_batch_size': 8, 'training_p': 4}
	 epoch  0 training error:  tensor(1.0232, device='cuda:0', grad_fn=<DivBackward0>)
Memory status after this epoch: 
Memory allocated:  16.27490234375
Memory cached:  168.0
	 epoch  10 training error:  tensor(0.5721, device='cuda:0', grad_fn=<DivBackward0>)
Memory status after this epoch: 
Memory allocated:  16.27490234375
Memory cached:  286.0
	 epoch  20 training error:  tensor(0.2175, device='cuda:0', grad_fn=<DivBackward0>)
Memory status after this epoch: 
Memory allocated:  16.27490234375
Memory cached:  288.0
	 epoch  30 training error:  tensor(0.1482, device='cuda:0', grad_fn=<DivBackward0>)
Memory status after this epoch: 
Memory allocated:  16.27490234375
Memory cached:  286.0
	 epoch  40 training error:  tensor(0.1005, device='cuda:0', grad_fn=<DivBackward0>)
Memory status after this epoch: 
Memory allocated:  16.27490234375
Memory cached:  298.0
	 epoch  50 training error:  tensor(0.0772, device='cuda:0', grad_fn=<DivBackward0>)
Memory status after this epoch: 
Memory allocated:  16.27490234375
Memory cached:  284.0
	 epoch  60 training error:  tensor(0.0685, device='cuda:0', grad_fn=<DivBackward0>)
Memory status after this epoch: 
Memory allocated:  16.27490234375
Memory cached:  300.0
	 epoch  70 training error:  tensor(0.0641, device='cuda:0', grad_fn=<DivBackward0>)
Memory status after this epoch: 
Memory allocated:  16.27490234375
Memory cached:  290.0
	 epoch  80 training error:  tensor(0.0627, device='cuda:0', grad_fn=<DivBackward0>)
Memory status after this epoch: 
Memory allocated:  16.27490234375
Memory cached:  300.0
	 epoch  90 training error:  tensor(0.0615, device='cuda:0', grad_fn=<DivBackward0>)
Memory status after this epoch: 
Memory allocated:  16.27490234375
Memory cached:  294.0
[I 2023-11-08 17:49:46,904] Trial 41 finished with value: 0.05555734783411026 and parameters: {'W_layers': 4, 'W_layer_units_exponent_0': 6, 'W_layer_units_exponent_1': 4, 'W_layer_units_exponent_2': 9, 'W_layer_units_exponent_3': 7, 'D_layers': 5, 'D_layer_units_exponent_0': 5, 'D_layer_units_exponent_1': 5, 'D_layer_units_exponent_2': 5, 'D_layer_units_exponent_3': 10, 'D_layer_units_exponent_4': 9, 'D_dagger_layers': 7, 'D_dagger_layer_units_exponent_0': 9, 'D_dagger_layer_units_exponent_1': 4, 'D_dagger_layer_units_exponent_2': 10, 'D_dagger_layer_units_exponent_3': 8, 'D_dagger_layer_units_exponent_4': 7, 'D_dagger_layer_units_exponent_5': 9, 'D_dagger_layer_units_exponent_6': 6, 'log_learning_rate': -2.8663190594354306, 'log_learning_rate_D': -3.9266679001994307, 'log_learning_rate_D_dagger': -4.416891984745477, 'training_batch_size': 8, 'training_p': 4}. Best is trial 33 with value: 0.03574328497052193.
Time for this trial:  222.28071427345276
Memory status after this trial: 
Memory allocated:  268.3076171875
Memory cached:  290.0
--------------------  Trial  42   --------------------
Start timing: 
Parameters: 
{'W_layers': 4, 'W_layer_units_exponent_0': 5, 'W_layer_units_exponent_1': 4, 'W_layer_units_exponent_2': 10, 'W_layer_units_exponent_3': 8, 'D_layers': 3, 'D_layer_units_exponent_0': 10, 'D_layer_units_exponent_1': 4, 'D_layer_units_exponent_2': 5, 'D_dagger_layers': 7, 'D_dagger_layer_units_exponent_0': 10, 'D_dagger_layer_units_exponent_1': 4, 'D_dagger_layer_units_exponent_2': 10, 'D_dagger_layer_units_exponent_3': 9, 'D_dagger_layer_units_exponent_4': 8, 'D_dagger_layer_units_exponent_5': 9, 'D_dagger_layer_units_exponent_6': 8, 'log_learning_rate': -2.7450353070929836, 'log_learning_rate_D': -4.072727663437212, 'log_learning_rate_D_dagger': -4.670560140097582, 'training_batch_size': 8, 'training_p': 4}
	 epoch  0 training error:  tensor(1.1830, device='cuda:0', grad_fn=<DivBackward0>)
Memory status after this epoch: 
Memory allocated:  19.29248046875
Memory cached:  174.0
	 epoch  10 training error:  tensor(1.0811, device='cuda:0', grad_fn=<DivBackward0>)
Memory status after this epoch: 
Memory allocated:  19.29248046875
Memory cached:  288.0
	 epoch  20 training error:  tensor(0.1316, device='cuda:0', grad_fn=<DivBackward0>)
Memory status after this epoch: 
Memory allocated:  19.29248046875
Memory cached:  284.0
	 epoch  30 training error:  tensor(0.1651, device='cuda:0', grad_fn=<DivBackward0>)
Memory status after this epoch: 
Memory allocated:  19.29248046875
Memory cached:  290.0
	 epoch  40 training error:  tensor(0.0978, device='cuda:0', grad_fn=<DivBackward0>)
Memory status after this epoch: 
Memory allocated:  19.29248046875
Memory cached:  282.0
	 epoch  50 training error:  tensor(0.0869, device='cuda:0', grad_fn=<DivBackward0>)
Memory status after this epoch: 
Memory allocated:  19.29248046875
Memory cached:  288.0
	 epoch  60 training error:  tensor(0.0779, device='cuda:0', grad_fn=<DivBackward0>)
Memory status after this epoch: 
Memory allocated:  19.29248046875
Memory cached:  284.0
	 epoch  70 training error:  tensor(0.0705, device='cuda:0', grad_fn=<DivBackward0>)
Memory status after this epoch: 
Memory allocated:  19.29248046875
Memory cached:  294.0
	 epoch  80 training error:  tensor(0.0685, device='cuda:0', grad_fn=<DivBackward0>)
Memory status after this epoch: 
Memory allocated:  19.29248046875
Memory cached:  290.0
	 epoch  90 training error:  tensor(0.0669, device='cuda:0', grad_fn=<DivBackward0>)
Memory status after this epoch: 
Memory allocated:  19.29248046875
Memory cached:  288.0
