[I 2023-11-07 17:59:49,265] Trial 39 finished with value: 0.01349920965731144 and parameters: {'W_layers': 7, 'W_layer_units_exponent_0': 8, 'W_layer_units_exponent_1': 4, 'W_layer_units_exponent_2': 8, 'W_layer_units_exponent_3': 7, 'W_layer_units_exponent_4': 5, 'W_layer_units_exponent_5': 4, 'W_layer_units_exponent_6': 4, 'D_layers': 7, 'D_layer_units_exponent_0': 5, 'D_layer_units_exponent_1': 10, 'D_layer_units_exponent_2': 7, 'D_layer_units_exponent_3': 9, 'D_layer_units_exponent_4': 4, 'D_layer_units_exponent_5': 9, 'D_layer_units_exponent_6': 7, 'D_dagger_layers': 7, 'D_dagger_layer_units_exponent_0': 8, 'D_dagger_layer_units_exponent_1': 4, 'D_dagger_layer_units_exponent_2': 5, 'D_dagger_layer_units_exponent_3': 7, 'D_dagger_layer_units_exponent_4': 8, 'D_dagger_layer_units_exponent_5': 8, 'D_dagger_layer_units_exponent_6': 6, 'log_learning_rate': -4.280743002596867, 'log_learning_rate_D': -2.9535359502328276, 'log_learning_rate_D_dagger': -4.7736215694813415, 'training_batch_size': 6, 'training_p': 2}. Best is trial 38 with value: 0.013442969880998135.
Time for this trial:  464.4256887435913
Memory status after this trial: 
Memory allocated:  222.24853515625
Memory cached:  228.0
--------------------  Trial  40   --------------------
Start timing: 
Parameters: 
{'W_layers': 7, 'W_layer_units_exponent_0': 9, 'W_layer_units_exponent_1': 4, 'W_layer_units_exponent_2': 8, 'W_layer_units_exponent_3': 7, 'W_layer_units_exponent_4': 5, 'W_layer_units_exponent_5': 4, 'W_layer_units_exponent_6': 4, 'D_layers': 7, 'D_layer_units_exponent_0': 4, 'D_layer_units_exponent_1': 10, 'D_layer_units_exponent_2': 6, 'D_layer_units_exponent_3': 9, 'D_layer_units_exponent_4': 4, 'D_layer_units_exponent_5': 9, 'D_layer_units_exponent_6': 7, 'D_dagger_layers': 7, 'D_dagger_layer_units_exponent_0': 9, 'D_dagger_layer_units_exponent_1': 4, 'D_dagger_layer_units_exponent_2': 5, 'D_dagger_layer_units_exponent_3': 8, 'D_dagger_layer_units_exponent_4': 8, 'D_dagger_layer_units_exponent_5': 9, 'D_dagger_layer_units_exponent_6': 6, 'log_learning_rate': -4.978706882661763, 'log_learning_rate_D': -3.721419828187975, 'log_learning_rate_D_dagger': -4.827936770554248, 'training_batch_size': 11, 'training_p': 2}
	 epoch  0 training error:  tensor(1.0209, device='cuda:0', grad_fn=<DivBackward0>)
Memory status after this epoch: 
Memory allocated:  7.75830078125
Memory cached:  152.0
	 epoch  10 training error:  tensor(0.9774, device='cuda:0', grad_fn=<DivBackward0>)
Memory status after this epoch: 
Memory allocated:  7.75830078125
Memory cached:  300.0
	 epoch  20 training error:  tensor(0.9275, device='cuda:0', grad_fn=<DivBackward0>)
Memory status after this epoch: 
Memory allocated:  7.75830078125
Memory cached:  292.0
	 epoch  30 training error:  tensor(0.8637, device='cuda:0', grad_fn=<DivBackward0>)
Memory status after this epoch: 
Memory allocated:  7.75830078125
Memory cached:  292.0
	 epoch  40 training error:  tensor(0.7771, device='cuda:0', grad_fn=<DivBackward0>)
Memory status after this epoch: 
Memory allocated:  7.75830078125
Memory cached:  292.0
	 epoch  50 training error:  tensor(0.6585, device='cuda:0', grad_fn=<DivBackward0>)
Memory status after this epoch: 
Memory allocated:  7.75830078125
Memory cached:  298.0
	 epoch  60 training error:  tensor(0.4970, device='cuda:0', grad_fn=<DivBackward0>)
Memory status after this epoch: 
Memory allocated:  7.75830078125
Memory cached:  292.0
	 epoch  70 training error:  tensor(0.2824, device='cuda:0', grad_fn=<DivBackward0>)
Memory status after this epoch: 
Memory allocated:  7.75830078125
Memory cached:  286.0
	 epoch  80 training error:  tensor(0.1226, device='cuda:0', grad_fn=<DivBackward0>)
Memory status after this epoch: 
Memory allocated:  7.75830078125
Memory cached:  298.0
	 epoch  90 training error:  tensor(0.1163, device='cuda:0', grad_fn=<DivBackward0>)
Memory status after this epoch: 
Memory allocated:  7.75830078125
Memory cached:  290.0
[I 2023-11-07 18:04:10,139] Trial 40 finished with value: 0.10239722579717636 and parameters: {'W_layers': 7, 'W_layer_units_exponent_0': 9, 'W_layer_units_exponent_1': 4, 'W_layer_units_exponent_2': 8, 'W_layer_units_exponent_3': 7, 'W_layer_units_exponent_4': 5, 'W_layer_units_exponent_5': 4, 'W_layer_units_exponent_6': 4, 'D_layers': 7, 'D_layer_units_exponent_0': 4, 'D_layer_units_exponent_1': 10, 'D_layer_units_exponent_2': 6, 'D_layer_units_exponent_3': 9, 'D_layer_units_exponent_4': 4, 'D_layer_units_exponent_5': 9, 'D_layer_units_exponent_6': 7, 'D_dagger_layers': 7, 'D_dagger_layer_units_exponent_0': 9, 'D_dagger_layer_units_exponent_1': 4, 'D_dagger_layer_units_exponent_2': 5, 'D_dagger_layer_units_exponent_3': 8, 'D_dagger_layer_units_exponent_4': 8, 'D_dagger_layer_units_exponent_5': 9, 'D_dagger_layer_units_exponent_6': 6, 'log_learning_rate': -4.978706882661763, 'log_learning_rate_D': -3.721419828187975, 'log_learning_rate_D_dagger': -4.827936770554248, 'training_batch_size': 11, 'training_p': 2}. Best is trial 38 with value: 0.013442969880998135.
Time for this trial:  260.50732827186584
Memory status after this trial: 
Memory allocated:  266.09619140625
Memory cached:  272.0
--------------------  Trial  41   --------------------
Start timing: 
Parameters: 
{'W_layers': 7, 'W_layer_units_exponent_0': 8, 'W_layer_units_exponent_1': 4, 'W_layer_units_exponent_2': 7, 'W_layer_units_exponent_3': 7, 'W_layer_units_exponent_4': 5, 'W_layer_units_exponent_5': 4, 'W_layer_units_exponent_6': 4, 'D_layers': 6, 'D_layer_units_exponent_0': 5, 'D_layer_units_exponent_1': 10, 'D_layer_units_exponent_2': 7, 'D_layer_units_exponent_3': 9, 'D_layer_units_exponent_4': 4, 'D_layer_units_exponent_5': 9, 'D_dagger_layers': 6, 'D_dagger_layer_units_exponent_0': 8, 'D_dagger_layer_units_exponent_1': 4, 'D_dagger_layer_units_exponent_2': 5, 'D_dagger_layer_units_exponent_3': 7, 'D_dagger_layer_units_exponent_4': 7, 'D_dagger_layer_units_exponent_5': 8, 'log_learning_rate': -4.1939468636790265, 'log_learning_rate_D': -2.91094056871165, 'log_learning_rate_D_dagger': -4.54606852929895, 'training_batch_size': 6, 'training_p': 2}
	 epoch  0 training error:  tensor(1.0161, device='cuda:0', grad_fn=<DivBackward0>)
Memory status after this epoch: 
Memory allocated:  5.28955078125
Memory cached:  124.0
	 epoch  10 training error:  tensor(0.8930, device='cuda:0', grad_fn=<DivBackward0>)
Memory status after this epoch: 
Memory allocated:  5.28955078125
Memory cached:  124.0
	 epoch  20 training error:  tensor(0.6982, device='cuda:0', grad_fn=<DivBackward0>)
Memory status after this epoch: 
Memory allocated:  5.28955078125
Memory cached:  132.0
	 epoch  30 training error:  tensor(0.3112, device='cuda:0', grad_fn=<DivBackward0>)
Memory status after this epoch: 
Memory allocated:  5.28955078125
Memory cached:  132.0
	 epoch  40 training error:  tensor(0.0725, device='cuda:0', grad_fn=<DivBackward0>)
Memory status after this epoch: 
Memory allocated:  5.28955078125
Memory cached:  128.0
	 epoch  50 training error:  tensor(0.0184, device='cuda:0', grad_fn=<DivBackward0>)
Memory status after this epoch: 
Memory allocated:  5.28955078125
Memory cached:  136.0
	 epoch  60 training error:  tensor(0.0170, device='cuda:0', grad_fn=<DivBackward0>)
Memory status after this epoch: 
Memory allocated:  5.28955078125
Memory cached:  130.0
	 epoch  70 training error:  tensor(0.0166, device='cuda:0', grad_fn=<DivBackward0>)
Memory status after this epoch: 
Memory allocated:  5.28955078125
Memory cached:  142.0
	 epoch  80 training error:  tensor(0.0164, device='cuda:0', grad_fn=<DivBackward0>)
Memory status after this epoch: 
Memory allocated:  5.28955078125
Memory cached:  122.0
	 epoch  90 training error:  tensor(0.0163, device='cuda:0', grad_fn=<DivBackward0>)
Memory status after this epoch: 
Memory allocated:  5.28955078125
Memory cached:  134.0
[I 2023-11-07 18:11:22,913] Trial 41 finished with value: 0.015525192022323608 and parameters: {'W_layers': 7, 'W_layer_units_exponent_0': 8, 'W_layer_units_exponent_1': 4, 'W_layer_units_exponent_2': 7, 'W_layer_units_exponent_3': 7, 'W_layer_units_exponent_4': 5, 'W_layer_units_exponent_5': 4, 'W_layer_units_exponent_6': 4, 'D_layers': 6, 'D_layer_units_exponent_0': 5, 'D_layer_units_exponent_1': 10, 'D_layer_units_exponent_2': 7, 'D_layer_units_exponent_3': 9, 'D_layer_units_exponent_4': 4, 'D_layer_units_exponent_5': 9, 'D_dagger_layers': 6, 'D_dagger_layer_units_exponent_0': 8, 'D_dagger_layer_units_exponent_1': 4, 'D_dagger_layer_units_exponent_2': 5, 'D_dagger_layer_units_exponent_3': 7, 'D_dagger_layer_units_exponent_4': 7, 'D_dagger_layer_units_exponent_5': 8, 'log_learning_rate': -4.1939468636790265, 'log_learning_rate_D': -2.91094056871165, 'log_learning_rate_D_dagger': -4.54606852929895, 'training_batch_size': 6, 'training_p': 2}. Best is trial 38 with value: 0.013442969880998135.
Time for this trial:  432.4192864894867
Memory status after this trial: 
Memory allocated:  197.25048828125
Memory cached:  200.0
--------------------  Trial  42   --------------------
Start timing: 
Parameters: 
{'W_layers': 7, 'W_layer_units_exponent_0': 8, 'W_layer_units_exponent_1': 4, 'W_layer_units_exponent_2': 7, 'W_layer_units_exponent_3': 6, 'W_layer_units_exponent_4': 5, 'W_layer_units_exponent_5': 5, 'W_layer_units_exponent_6': 6, 'D_layers': 7, 'D_layer_units_exponent_0': 5, 'D_layer_units_exponent_1': 10, 'D_layer_units_exponent_2': 7, 'D_layer_units_exponent_3': 8, 'D_layer_units_exponent_4': 6, 'D_layer_units_exponent_5': 9, 'D_layer_units_exponent_6': 7, 'D_dagger_layers': 8, 'D_dagger_layer_units_exponent_0': 8, 'D_dagger_layer_units_exponent_1': 4, 'D_dagger_layer_units_exponent_2': 4, 'D_dagger_layer_units_exponent_3': 6, 'D_dagger_layer_units_exponent_4': 8, 'D_dagger_layer_units_exponent_5': 9, 'D_dagger_layer_units_exponent_6': 6, 'D_dagger_layer_units_exponent_7': 10, 'log_learning_rate': -4.352130552118743, 'log_learning_rate_D': -3.099761646498145, 'log_learning_rate_D_dagger': -4.770912351068222, 'training_batch_size': 6, 'training_p': 2}
	 epoch  0 training error:  tensor(1.0298, device='cuda:0', grad_fn=<DivBackward0>)
Memory status after this epoch: 
Memory allocated:  9.14501953125
Memory cached:  150.0
	 epoch  10 training error:  tensor(0.9414, device='cuda:0', grad_fn=<DivBackward0>)
Memory status after this epoch: 
Memory allocated:  9.14501953125
Memory cached:  174.0
	 epoch  20 training error:  tensor(0.8165, device='cuda:0', grad_fn=<DivBackward0>)
Memory status after this epoch: 
Memory allocated:  9.14501953125
Memory cached:  158.0
	 epoch  30 training error:  tensor(0.5888, device='cuda:0', grad_fn=<DivBackward0>)
Memory status after this epoch: 
Memory allocated:  9.14501953125
Memory cached:  164.0
	 epoch  40 training error:  tensor(0.1588, device='cuda:0', grad_fn=<DivBackward0>)
Memory status after this epoch: 
Memory allocated:  9.14501953125
Memory cached:  158.0
	 epoch  50 training error:  tensor(0.0331, device='cuda:0', grad_fn=<DivBackward0>)
Memory status after this epoch: 
Memory allocated:  9.14501953125
Memory cached:  154.0
	 epoch  60 training error:  tensor(0.0232, device='cuda:0', grad_fn=<DivBackward0>)
Memory status after this epoch: 
Memory allocated:  9.14501953125
Memory cached:  164.0
	 epoch  70 training error:  tensor(0.0210, device='cuda:0', grad_fn=<DivBackward0>)
Memory status after this epoch: 
Memory allocated:  9.14501953125
Memory cached:  162.0
	 epoch  80 training error:  tensor(0.0206, device='cuda:0', grad_fn=<DivBackward0>)
Memory status after this epoch: 
Memory allocated:  9.14501953125
Memory cached:  160.0
	 epoch  90 training error:  tensor(0.0203, device='cuda:0', grad_fn=<DivBackward0>)
Memory status after this epoch: 
Memory allocated:  9.14501953125
Memory cached:  158.0
[I 2023-11-07 18:19:28,539] Trial 42 finished with value: 0.019469719380140305 and parameters: {'W_layers': 7, 'W_layer_units_exponent_0': 8, 'W_layer_units_exponent_1': 4, 'W_layer_units_exponent_2': 7, 'W_layer_units_exponent_3': 6, 'W_layer_units_exponent_4': 5, 'W_layer_units_exponent_5': 5, 'W_layer_units_exponent_6': 6, 'D_layers': 7, 'D_layer_units_exponent_0': 5, 'D_layer_units_exponent_1': 10, 'D_layer_units_exponent_2': 7, 'D_layer_units_exponent_3': 8, 'D_layer_units_exponent_4': 6, 'D_layer_units_exponent_5': 9, 'D_layer_units_exponent_6': 7, 'D_dagger_layers': 8, 'D_dagger_layer_units_exponent_0': 8, 'D_dagger_layer_units_exponent_1': 4, 'D_dagger_layer_units_exponent_2': 4, 'D_dagger_layer_units_exponent_3': 6, 'D_dagger_layer_units_exponent_4': 8, 'D_dagger_layer_units_exponent_5': 9, 'D_dagger_layer_units_exponent_6': 6, 'D_dagger_layer_units_exponent_7': 10, 'log_learning_rate': -4.352130552118743, 'log_learning_rate_D': -3.099761646498145, 'log_learning_rate_D_dagger': -4.770912351068222, 'training_batch_size': 6, 'training_p': 2}. Best is trial 38 with value: 0.013442969880998135.
Time for this trial:  485.2442989349365
Memory status after this trial: 
Memory allocated:  268.94921875
Memory cached:  274.0
--------------------  Trial  43   --------------------
Start timing: 
Parameters: 
{'W_layers': 6, 'W_layer_units_exponent_0': 9, 'W_layer_units_exponent_1': 4, 'W_layer_units_exponent_2': 9, 'W_layer_units_exponent_3': 7, 'W_layer_units_exponent_4': 7, 'W_layer_units_exponent_5': 8, 'D_layers': 7, 'D_layer_units_exponent_0': 4, 'D_layer_units_exponent_1': 10, 'D_layer_units_exponent_2': 8, 'D_layer_units_exponent_3': 8, 'D_layer_units_exponent_4': 5, 'D_layer_units_exponent_5': 8, 'D_layer_units_exponent_6': 8, 'D_dagger_layers': 5, 'D_dagger_layer_units_exponent_0': 7, 'D_dagger_layer_units_exponent_1': 5, 'D_dagger_layer_units_exponent_2': 5, 'D_dagger_layer_units_exponent_3': 7, 'D_dagger_layer_units_exponent_4': 7, 'log_learning_rate': -4.7040308776324276, 'log_learning_rate_D': -2.131921656251399, 'log_learning_rate_D_dagger': -4.991800268645472, 'training_batch_size': 6, 'training_p': 3}
	 epoch  0 training error:  tensor(0.9545, device='cuda:0', grad_fn=<DivBackward0>)
Memory status after this epoch: 
Memory allocated:  9.13330078125
Memory cached:  134.0
	 epoch  10 training error:  tensor(0.8139, device='cuda:0', grad_fn=<DivBackward0>)
Memory status after this epoch: 
Memory allocated:  9.13330078125
Memory cached:  162.0
	 epoch  20 training error:  tensor(0.5930, device='cuda:0', grad_fn=<DivBackward0>)
Memory status after this epoch: 
Memory allocated:  9.13330078125
Memory cached:  160.0
	 epoch  30 training error:  tensor(0.2076, device='cuda:0', grad_fn=<DivBackward0>)
Memory status after this epoch: 
Memory allocated:  9.13330078125
Memory cached:  168.0
	 epoch  40 training error:  tensor(0.0191, device='cuda:0', grad_fn=<DivBackward0>)
Memory status after this epoch: 
Memory allocated:  9.13330078125
Memory cached:  158.0
	 epoch  50 training error:  tensor(0.0199, device='cuda:0', grad_fn=<DivBackward0>)
Memory status after this epoch: 
Memory allocated:  9.13330078125
Memory cached:  160.0
	 epoch  60 training error:  tensor(0.0181, device='cuda:0', grad_fn=<DivBackward0>)
Memory status after this epoch: 
Memory allocated:  9.13330078125
Memory cached:  164.0
	 epoch  70 training error:  tensor(0.0180, device='cuda:0', grad_fn=<DivBackward0>)
Memory status after this epoch: 
Memory allocated:  9.13330078125
Memory cached:  160.0
	 epoch  80 training error:  tensor(0.0179, device='cuda:0', grad_fn=<DivBackward0>)
Memory status after this epoch: 
Memory allocated:  9.13330078125
Memory cached:  168.0
	 epoch  90 training error:  tensor(0.0178, device='cuda:0', grad_fn=<DivBackward0>)
Memory status after this epoch: 
Memory allocated:  9.13330078125
Memory cached:  152.0
[I 2023-11-07 18:26:26,591] Trial 43 finished with value: 0.013461828231811523 and parameters: {'W_layers': 6, 'W_layer_units_exponent_0': 9, 'W_layer_units_exponent_1': 4, 'W_layer_units_exponent_2': 9, 'W_layer_units_exponent_3': 7, 'W_layer_units_exponent_4': 7, 'W_layer_units_exponent_5': 8, 'D_layers': 7, 'D_layer_units_exponent_0': 4, 'D_layer_units_exponent_1': 10, 'D_layer_units_exponent_2': 8, 'D_layer_units_exponent_3': 8, 'D_layer_units_exponent_4': 5, 'D_layer_units_exponent_5': 8, 'D_layer_units_exponent_6': 8, 'D_dagger_layers': 5, 'D_dagger_layer_units_exponent_0': 7, 'D_dagger_layer_units_exponent_1': 5, 'D_dagger_layer_units_exponent_2': 5, 'D_dagger_layer_units_exponent_3': 7, 'D_dagger_layer_units_exponent_4': 7, 'log_learning_rate': -4.7040308776324276, 'log_learning_rate_D': -2.131921656251399, 'log_learning_rate_D_dagger': -4.991800268645472, 'training_batch_size': 6, 'training_p': 3}. Best is trial 38 with value: 0.013442969880998135.
Time for this trial:  417.68399691581726
Memory status after this trial: 
Memory allocated:  223.50830078125
Memory cached:  230.0
--------------------  Trial  44   --------------------
Start timing: 
Parameters: 
{'W_layers': 6, 'W_layer_units_exponent_0': 9, 'W_layer_units_exponent_1': 4, 'W_layer_units_exponent_2': 9, 'W_layer_units_exponent_3': 5, 'W_layer_units_exponent_4': 7, 'W_layer_units_exponent_5': 8, 'D_layers': 7, 'D_layer_units_exponent_0': 4, 'D_layer_units_exponent_1': 10, 'D_layer_units_exponent_2': 7, 'D_layer_units_exponent_3': 10, 'D_layer_units_exponent_4': 4, 'D_layer_units_exponent_5': 8, 'D_layer_units_exponent_6': 8, 'D_dagger_layers': 7, 'D_dagger_layer_units_exponent_0': 8, 'D_dagger_layer_units_exponent_1': 4, 'D_dagger_layer_units_exponent_2': 5, 'D_dagger_layer_units_exponent_3': 7, 'D_dagger_layer_units_exponent_4': 7, 'D_dagger_layer_units_exponent_5': 6, 'D_dagger_layer_units_exponent_6': 10, 'log_learning_rate': -4.75648855323157, 'log_learning_rate_D': -2.074146621425963, 'log_learning_rate_D_dagger': -4.984895975744833, 'training_batch_size': 6, 'training_p': 2}
	 epoch  0 training error:  tensor(1.0113, device='cuda:0', grad_fn=<DivBackward0>)
Memory status after this epoch: 
Memory allocated:  8.42041015625
Memory cached:  162.0
	 epoch  10 training error:  tensor(0.9489, device='cuda:0', grad_fn=<DivBackward0>)
Memory status after this epoch: 
Memory allocated:  8.42041015625
Memory cached:  160.0
	 epoch  20 training error:  tensor(0.8705, device='cuda:0', grad_fn=<DivBackward0>)
Memory status after this epoch: 
Memory allocated:  8.42041015625
Memory cached:  166.0
	 epoch  30 training error:  tensor(0.7415, device='cuda:0', grad_fn=<DivBackward0>)
Memory status after this epoch: 
Memory allocated:  8.42041015625
Memory cached:  170.0
	 epoch  40 training error:  tensor(0.5150, device='cuda:0', grad_fn=<DivBackward0>)
Memory status after this epoch: 
Memory allocated:  8.42041015625
Memory cached:  166.0
	 epoch  50 training error:  tensor(0.1257, device='cuda:0', grad_fn=<DivBackward0>)
Memory status after this epoch: 
Memory allocated:  8.42041015625
Memory cached:  166.0
	 epoch  60 training error:  tensor(0.0302, device='cuda:0', grad_fn=<DivBackward0>)
Memory status after this epoch: 
Memory allocated:  8.42041015625
Memory cached:  168.0
	 epoch  70 training error:  tensor(0.0209, device='cuda:0', grad_fn=<DivBackward0>)
Memory status after this epoch: 
Memory allocated:  8.42041015625
Memory cached:  168.0
	 epoch  80 training error:  tensor(0.0183, device='cuda:0', grad_fn=<DivBackward0>)
Memory status after this epoch: 
Memory allocated:  8.42041015625
Memory cached:  166.0
	 epoch  90 training error:  tensor(0.0158, device='cuda:0', grad_fn=<DivBackward0>)
Memory status after this epoch: 
Memory allocated:  8.42041015625
Memory cached:  168.0
