[I 2023-11-06 15:55:50,531] Trial 27 finished with value: 0.03966594487428665 and parameters: {'W_layers': 3, 'W_layer_units_exponent_0': 7, 'W_layer_units_exponent_1': 6, 'W_layer_units_exponent_2': 5, 'D_layers': 6, 'D_layer_units_exponent_0': 5, 'D_layer_units_exponent_1': 7, 'D_layer_units_exponent_2': 7, 'D_layer_units_exponent_3': 9, 'D_layer_units_exponent_4': 7, 'D_layer_units_exponent_5': 4, 'D_dagger_layers': 6, 'D_dagger_layer_units_exponent_0': 6, 'D_dagger_layer_units_exponent_1': 10, 'D_dagger_layer_units_exponent_2': 6, 'D_dagger_layer_units_exponent_3': 6, 'D_dagger_layer_units_exponent_4': 5, 'D_dagger_layer_units_exponent_5': 6, 'log_learning_rate': -2.7635799050035406, 'log_learning_rate_D': -3.41600654522581, 'log_learning_rate_D_dagger': -3.8067455371443706, 'training_batch_size': 8, 'training_p': 7}. Best is trial 18 with value: 0.02755935862660408.
Time for this trial:  192.05442595481873
Memory status after this trial: 
Memory allocated:  135.44970703125
Memory cached:  156.0
--------------------  Trial  28   --------------------
Start timing: 
Parameters: 
{'W_layers': 6, 'W_layer_units_exponent_0': 6, 'W_layer_units_exponent_1': 8, 'W_layer_units_exponent_2': 4, 'W_layer_units_exponent_3': 4, 'W_layer_units_exponent_4': 8, 'W_layer_units_exponent_5': 7, 'D_layers': 8, 'D_layer_units_exponent_0': 8, 'D_layer_units_exponent_1': 7, 'D_layer_units_exponent_2': 9, 'D_layer_units_exponent_3': 7, 'D_layer_units_exponent_4': 9, 'D_layer_units_exponent_5': 6, 'D_layer_units_exponent_6': 6, 'D_layer_units_exponent_7': 4, 'D_dagger_layers': 3, 'D_dagger_layer_units_exponent_0': 5, 'D_dagger_layer_units_exponent_1': 9, 'D_dagger_layer_units_exponent_2': 4, 'log_learning_rate': -1.9081130194497535, 'log_learning_rate_D': -3.2913349951996063, 'log_learning_rate_D_dagger': -4.014023156576309, 'training_batch_size': 7, 'training_p': 8}
	 epoch  0 training error:  tensor(0.7946, device='cuda:0', grad_fn=<DivBackward0>)
Memory status after this epoch: 
Memory allocated:  5.52685546875
Memory cached:  134.0
	 epoch  10 training error:  tensor(0.2140, device='cuda:0', grad_fn=<DivBackward0>)
Memory status after this epoch: 
Memory allocated:  5.52685546875
Memory cached:  238.0
	 epoch  20 training error:  tensor(0.0963, device='cuda:0', grad_fn=<DivBackward0>)
Memory status after this epoch: 
Memory allocated:  5.52685546875
Memory cached:  250.0
	 epoch  30 training error:  tensor(0.1018, device='cuda:0', grad_fn=<DivBackward0>)
Memory status after this epoch: 
Memory allocated:  5.52685546875
Memory cached:  234.0
	 epoch  40 training error:  tensor(0.0897, device='cuda:0', grad_fn=<DivBackward0>)
Memory status after this epoch: 
Memory allocated:  5.52685546875
Memory cached:  240.0
	 epoch  50 training error:  tensor(0.0823, device='cuda:0', grad_fn=<DivBackward0>)
Memory status after this epoch: 
Memory allocated:  5.52685546875
Memory cached:  256.0
	 epoch  60 training error:  tensor(0.0804, device='cuda:0', grad_fn=<DivBackward0>)
Memory status after this epoch: 
Memory allocated:  5.52685546875
Memory cached:  242.0
	 epoch  70 training error:  tensor(0.0795, device='cuda:0', grad_fn=<DivBackward0>)
Memory status after this epoch: 
Memory allocated:  5.52685546875
Memory cached:  254.0
	 epoch  80 training error:  tensor(0.0790, device='cuda:0', grad_fn=<DivBackward0>)
Memory status after this epoch: 
Memory allocated:  5.52685546875
Memory cached:  242.0
	 epoch  90 training error:  tensor(0.0785, device='cuda:0', grad_fn=<DivBackward0>)
Memory status after this epoch: 
Memory allocated:  5.52685546875
Memory cached:  250.0
[I 2023-11-06 15:59:23,002] Trial 28 finished with value: 0.061606068164110184 and parameters: {'W_layers': 6, 'W_layer_units_exponent_0': 6, 'W_layer_units_exponent_1': 8, 'W_layer_units_exponent_2': 4, 'W_layer_units_exponent_3': 4, 'W_layer_units_exponent_4': 8, 'W_layer_units_exponent_5': 7, 'D_layers': 8, 'D_layer_units_exponent_0': 8, 'D_layer_units_exponent_1': 7, 'D_layer_units_exponent_2': 9, 'D_layer_units_exponent_3': 7, 'D_layer_units_exponent_4': 9, 'D_layer_units_exponent_5': 6, 'D_layer_units_exponent_6': 6, 'D_layer_units_exponent_7': 4, 'D_dagger_layers': 3, 'D_dagger_layer_units_exponent_0': 5, 'D_dagger_layer_units_exponent_1': 9, 'D_dagger_layer_units_exponent_2': 4, 'log_learning_rate': -1.9081130194497535, 'log_learning_rate_D': -3.2913349951996063, 'log_learning_rate_D_dagger': -4.014023156576309, 'training_batch_size': 7, 'training_p': 8}. Best is trial 18 with value: 0.02755935862660408.
Time for this trial:  212.16525435447693
Memory status after this trial: 
Memory allocated:  162.41796875
Memory cached:  174.0
--------------------  Trial  29   --------------------
Start timing: 
Parameters: 
{'W_layers': 5, 'W_layer_units_exponent_0': 5, 'W_layer_units_exponent_1': 6, 'W_layer_units_exponent_2': 6, 'W_layer_units_exponent_3': 6, 'W_layer_units_exponent_4': 6, 'D_layers': 6, 'D_layer_units_exponent_0': 5, 'D_layer_units_exponent_1': 5, 'D_layer_units_exponent_2': 5, 'D_layer_units_exponent_3': 6, 'D_layer_units_exponent_4': 8, 'D_layer_units_exponent_5': 8, 'D_dagger_layers': 5, 'D_dagger_layer_units_exponent_0': 7, 'D_dagger_layer_units_exponent_1': 10, 'D_dagger_layer_units_exponent_2': 5, 'D_dagger_layer_units_exponent_3': 10, 'D_dagger_layer_units_exponent_4': 5, 'log_learning_rate': -2.55260782928011, 'log_learning_rate_D': -3.5852230265435945, 'log_learning_rate_D_dagger': -3.4645865818508534, 'training_batch_size': 6, 'training_p': 7}
	 epoch  0 training error:  tensor(0.8078, device='cuda:0', grad_fn=<DivBackward0>)
Memory status after this epoch: 
Memory allocated:  5.25048828125
Memory cached:  102.0
	 epoch  10 training error:  tensor(0.2401, device='cuda:0', grad_fn=<DivBackward0>)
Memory status after this epoch: 
Memory allocated:  5.25048828125
Memory cached:  98.0
	 epoch  20 training error:  tensor(0.1584, device='cuda:0', grad_fn=<DivBackward0>)
Memory status after this epoch: 
Memory allocated:  5.25048828125
Memory cached:  96.0
	 epoch  30 training error:  tensor(0.1747, device='cuda:0', grad_fn=<DivBackward0>)
Memory status after this epoch: 
Memory allocated:  5.25048828125
Memory cached:  96.0
	 epoch  40 training error:  tensor(0.1416, device='cuda:0', grad_fn=<DivBackward0>)
Memory status after this epoch: 
Memory allocated:  5.25048828125
Memory cached:  98.0
	 epoch  50 training error:  tensor(0.1878, device='cuda:0', grad_fn=<DivBackward0>)
Memory status after this epoch: 
Memory allocated:  5.25048828125
Memory cached:  96.0
	 epoch  60 training error:  tensor(0.0895, device='cuda:0', grad_fn=<DivBackward0>)
Memory status after this epoch: 
Memory allocated:  5.25048828125
Memory cached:  98.0
	 epoch  70 training error:  tensor(0.1098, device='cuda:0', grad_fn=<DivBackward0>)
Memory status after this epoch: 
Memory allocated:  5.25048828125
Memory cached:  94.0
	 epoch  80 training error:  tensor(0.1893, device='cuda:0', grad_fn=<DivBackward0>)
Memory status after this epoch: 
Memory allocated:  5.25048828125
Memory cached:  96.0
	 epoch  90 training error:  tensor(0.1782, device='cuda:0', grad_fn=<DivBackward0>)
Memory status after this epoch: 
Memory allocated:  5.25048828125
Memory cached:  96.0
[I 2023-11-06 16:05:49,740] Trial 29 finished with value: 0.10566814243793488 and parameters: {'W_layers': 5, 'W_layer_units_exponent_0': 5, 'W_layer_units_exponent_1': 6, 'W_layer_units_exponent_2': 6, 'W_layer_units_exponent_3': 6, 'W_layer_units_exponent_4': 6, 'D_layers': 6, 'D_layer_units_exponent_0': 5, 'D_layer_units_exponent_1': 5, 'D_layer_units_exponent_2': 5, 'D_layer_units_exponent_3': 6, 'D_layer_units_exponent_4': 8, 'D_layer_units_exponent_5': 8, 'D_dagger_layers': 5, 'D_dagger_layer_units_exponent_0': 7, 'D_dagger_layer_units_exponent_1': 10, 'D_dagger_layer_units_exponent_2': 5, 'D_dagger_layer_units_exponent_3': 10, 'D_dagger_layer_units_exponent_4': 5, 'log_learning_rate': -2.55260782928011, 'log_learning_rate_D': -3.5852230265435945, 'log_learning_rate_D_dagger': -3.4645865818508534, 'training_batch_size': 6, 'training_p': 7}. Best is trial 18 with value: 0.02755935862660408.
Time for this trial:  386.414687871933
Memory status after this trial: 
Memory allocated:  174.1357421875
Memory cached:  178.0
--------------------  Trial  30   --------------------
Start timing: 
Parameters: 
{'W_layers': 4, 'W_layer_units_exponent_0': 8, 'W_layer_units_exponent_1': 5, 'W_layer_units_exponent_2': 9, 'W_layer_units_exponent_3': 7, 'D_layers': 7, 'D_layer_units_exponent_0': 10, 'D_layer_units_exponent_1': 10, 'D_layer_units_exponent_2': 6, 'D_layer_units_exponent_3': 8, 'D_layer_units_exponent_4': 10, 'D_layer_units_exponent_5': 6, 'D_layer_units_exponent_6': 4, 'D_dagger_layers': 4, 'D_dagger_layer_units_exponent_0': 9, 'D_dagger_layer_units_exponent_1': 9, 'D_dagger_layer_units_exponent_2': 7, 'D_dagger_layer_units_exponent_3': 9, 'log_learning_rate': -3.1935334700103235, 'log_learning_rate_D': -3.1076516010015744, 'log_learning_rate_D_dagger': -3.6348350432618712, 'training_batch_size': 6, 'training_p': 7}
	 epoch  0 training error:  tensor(1.2640, device='cuda:0', grad_fn=<DivBackward0>)
Memory status after this epoch: 
Memory allocated:  29.94384765625
Memory cached:  172.0
	 epoch  10 training error:  tensor(0.0680, device='cuda:0', grad_fn=<DivBackward0>)
Memory status after this epoch: 
Memory allocated:  29.94384765625
Memory cached:  180.0
	 epoch  20 training error:  tensor(0.0935, device='cuda:0', grad_fn=<DivBackward0>)
Memory status after this epoch: 
Memory allocated:  29.94384765625
Memory cached:  174.0
	 epoch  30 training error:  tensor(0.0650, device='cuda:0', grad_fn=<DivBackward0>)
Memory status after this epoch: 
Memory allocated:  29.94384765625
Memory cached:  178.0
	 epoch  40 training error:  tensor(0.0458, device='cuda:0', grad_fn=<DivBackward0>)
Memory status after this epoch: 
Memory allocated:  29.94384765625
Memory cached:  174.0
	 epoch  50 training error:  tensor(0.0521, device='cuda:0', grad_fn=<DivBackward0>)
Memory status after this epoch: 
Memory allocated:  29.94384765625
Memory cached:  178.0
	 epoch  60 training error:  tensor(0.0545, device='cuda:0', grad_fn=<DivBackward0>)
Memory status after this epoch: 
Memory allocated:  29.94384765625
Memory cached:  174.0
	 epoch  70 training error:  tensor(0.0468, device='cuda:0', grad_fn=<DivBackward0>)
Memory status after this epoch: 
Memory allocated:  29.94384765625
Memory cached:  178.0
	 epoch  80 training error:  tensor(0.0525, device='cuda:0', grad_fn=<DivBackward0>)
Memory status after this epoch: 
Memory allocated:  29.94384765625
Memory cached:  178.0
	 epoch  90 training error:  tensor(0.0451, device='cuda:0', grad_fn=<DivBackward0>)
Memory status after this epoch: 
Memory allocated:  29.94384765625
Memory cached:  176.0
[I 2023-11-06 16:12:21,524] Trial 30 finished with value: 0.0384921096265316 and parameters: {'W_layers': 4, 'W_layer_units_exponent_0': 8, 'W_layer_units_exponent_1': 5, 'W_layer_units_exponent_2': 9, 'W_layer_units_exponent_3': 7, 'D_layers': 7, 'D_layer_units_exponent_0': 10, 'D_layer_units_exponent_1': 10, 'D_layer_units_exponent_2': 6, 'D_layer_units_exponent_3': 8, 'D_layer_units_exponent_4': 10, 'D_layer_units_exponent_5': 6, 'D_layer_units_exponent_6': 4, 'D_dagger_layers': 4, 'D_dagger_layer_units_exponent_0': 9, 'D_dagger_layer_units_exponent_1': 9, 'D_dagger_layer_units_exponent_2': 7, 'D_dagger_layer_units_exponent_3': 9, 'log_learning_rate': -3.1935334700103235, 'log_learning_rate_D': -3.1076516010015744, 'log_learning_rate_D_dagger': -3.6348350432618712, 'training_batch_size': 6, 'training_p': 7}. Best is trial 18 with value: 0.02755935862660408.
Time for this trial:  391.47468519210815
Memory status after this trial: 
Memory allocated:  338.1103515625
Memory cached:  358.0
--------------------  Trial  31   --------------------
Start timing: 
Parameters: 
{'W_layers': 8, 'W_layer_units_exponent_0': 6, 'W_layer_units_exponent_1': 5, 'W_layer_units_exponent_2': 5, 'W_layer_units_exponent_3': 4, 'W_layer_units_exponent_4': 7, 'W_layer_units_exponent_5': 5, 'W_layer_units_exponent_6': 6, 'W_layer_units_exponent_7': 4, 'D_layers': 5, 'D_layer_units_exponent_0': 7, 'D_layer_units_exponent_1': 9, 'D_layer_units_exponent_2': 8, 'D_layer_units_exponent_3': 4, 'D_layer_units_exponent_4': 9, 'D_dagger_layers': 5, 'D_dagger_layer_units_exponent_0': 8, 'D_dagger_layer_units_exponent_1': 5, 'D_dagger_layer_units_exponent_2': 5, 'D_dagger_layer_units_exponent_3': 8, 'D_dagger_layer_units_exponent_4': 8, 'log_learning_rate': -4.616655157863194, 'log_learning_rate_D': -3.9982914685976896, 'log_learning_rate_D_dagger': -4.468980214669846, 'training_batch_size': 6, 'training_p': 2}
	 epoch  0 training error:  tensor(0.8143, device='cuda:0', grad_fn=<DivBackward0>)
Memory status after this epoch: 
Memory allocated:  4.87158203125
Memory cached:  120.0
	 epoch  10 training error:  tensor(0.3582, device='cuda:0', grad_fn=<DivBackward0>)
Memory status after this epoch: 
Memory allocated:  4.87158203125
Memory cached:  120.0
	 epoch  20 training error:  tensor(0.1719, device='cuda:0', grad_fn=<DivBackward0>)
Memory status after this epoch: 
Memory allocated:  4.87158203125
Memory cached:  122.0
	 epoch  30 training error:  tensor(0.0806, device='cuda:0', grad_fn=<DivBackward0>)
Memory status after this epoch: 
Memory allocated:  4.87158203125
Memory cached:  124.0
	 epoch  40 training error:  tensor(0.0570, device='cuda:0', grad_fn=<DivBackward0>)
Memory status after this epoch: 
Memory allocated:  4.87158203125
Memory cached:  122.0
	 epoch  50 training error:  tensor(0.0542, device='cuda:0', grad_fn=<DivBackward0>)
Memory status after this epoch: 
Memory allocated:  4.87158203125
Memory cached:  120.0
	 epoch  60 training error:  tensor(0.0530, device='cuda:0', grad_fn=<DivBackward0>)
Memory status after this epoch: 
Memory allocated:  4.87158203125
Memory cached:  120.0
	 epoch  70 training error:  tensor(0.0520, device='cuda:0', grad_fn=<DivBackward0>)
Memory status after this epoch: 
Memory allocated:  4.87158203125
Memory cached:  114.0
	 epoch  80 training error:  tensor(0.0509, device='cuda:0', grad_fn=<DivBackward0>)
Memory status after this epoch: 
Memory allocated:  4.87158203125
Memory cached:  118.0
	 epoch  90 training error:  tensor(0.0493, device='cuda:0', grad_fn=<DivBackward0>)
Memory status after this epoch: 
Memory allocated:  4.87158203125
Memory cached:  114.0
[I 2023-11-06 16:19:14,440] Trial 31 finished with value: 0.05140578746795654 and parameters: {'W_layers': 8, 'W_layer_units_exponent_0': 6, 'W_layer_units_exponent_1': 5, 'W_layer_units_exponent_2': 5, 'W_layer_units_exponent_3': 4, 'W_layer_units_exponent_4': 7, 'W_layer_units_exponent_5': 5, 'W_layer_units_exponent_6': 6, 'W_layer_units_exponent_7': 4, 'D_layers': 5, 'D_layer_units_exponent_0': 7, 'D_layer_units_exponent_1': 9, 'D_layer_units_exponent_2': 8, 'D_layer_units_exponent_3': 4, 'D_layer_units_exponent_4': 9, 'D_dagger_layers': 5, 'D_dagger_layer_units_exponent_0': 8, 'D_dagger_layer_units_exponent_1': 5, 'D_dagger_layer_units_exponent_2': 5, 'D_dagger_layer_units_exponent_3': 8, 'D_dagger_layer_units_exponent_4': 8, 'log_learning_rate': -4.616655157863194, 'log_learning_rate_D': -3.9982914685976896, 'log_learning_rate_D_dagger': -4.468980214669846, 'training_batch_size': 6, 'training_p': 2}. Best is trial 18 with value: 0.02755935862660408.
Time for this trial:  412.55329179763794
Memory status after this trial: 
Memory allocated:  144.1484375
Memory cached:  148.0
--------------------  Trial  32   --------------------
Start timing: 
Parameters: 
{'W_layers': 8, 'W_layer_units_exponent_0': 6, 'W_layer_units_exponent_1': 4, 'W_layer_units_exponent_2': 5, 'W_layer_units_exponent_3': 4, 'W_layer_units_exponent_4': 7, 'W_layer_units_exponent_5': 8, 'W_layer_units_exponent_6': 5, 'W_layer_units_exponent_7': 4, 'D_layers': 6, 'D_layer_units_exponent_0': 7, 'D_layer_units_exponent_1': 8, 'D_layer_units_exponent_2': 7, 'D_layer_units_exponent_3': 7, 'D_layer_units_exponent_4': 6, 'D_layer_units_exponent_5': 5, 'D_dagger_layers': 5, 'D_dagger_layer_units_exponent_0': 7, 'D_dagger_layer_units_exponent_1': 8, 'D_dagger_layer_units_exponent_2': 6, 'D_dagger_layer_units_exponent_3': 8, 'D_dagger_layer_units_exponent_4': 6, 'log_learning_rate': -3.5483419289956015, 'log_learning_rate_D': -3.7809886298166586, 'log_learning_rate_D_dagger': -4.729776590927044, 'training_batch_size': 6, 'training_p': 6}
	 epoch  0 training error:  tensor(1.0406, device='cuda:0', grad_fn=<DivBackward0>)
Memory status after this epoch: 
Memory allocated:  3.55517578125
Memory cached:  94.0
	 epoch  10 training error:  tensor(0.2654, device='cuda:0', grad_fn=<DivBackward0>)
Memory status after this epoch: 
Memory allocated:  3.55517578125
Memory cached:  126.0
	 epoch  20 training error:  tensor(0.0864, device='cuda:0', grad_fn=<DivBackward0>)
Memory status after this epoch: 
Memory allocated:  3.55517578125
Memory cached:  138.0
	 epoch  30 training error:  tensor(0.0622, device='cuda:0', grad_fn=<DivBackward0>)
Memory status after this epoch: 
Memory allocated:  3.55517578125
Memory cached:  144.0
	 epoch  40 training error:  tensor(0.0519, device='cuda:0', grad_fn=<DivBackward0>)
Memory status after this epoch: 
Memory allocated:  3.55517578125
Memory cached:  140.0
	 epoch  50 training error:  tensor(0.0491, device='cuda:0', grad_fn=<DivBackward0>)
Memory status after this epoch: 
Memory allocated:  3.55517578125
Memory cached:  146.0
	 epoch  60 training error:  tensor(0.0474, device='cuda:0', grad_fn=<DivBackward0>)
Memory status after this epoch: 
Memory allocated:  3.55517578125
Memory cached:  130.0
	 epoch  70 training error:  tensor(0.0460, device='cuda:0', grad_fn=<DivBackward0>)
Memory status after this epoch: 
Memory allocated:  3.55517578125
Memory cached:  136.0
	 epoch  80 training error:  tensor(0.0469, device='cuda:0', grad_fn=<DivBackward0>)
Memory status after this epoch: 
Memory allocated:  3.55517578125
Memory cached:  142.0
	 epoch  90 training error:  tensor(0.0449, device='cuda:0', grad_fn=<DivBackward0>)
Memory status after this epoch: 
Memory allocated:  3.55517578125
Memory cached:  146.0
[I 2023-11-06 16:26:16,971] Trial 32 finished with value: 0.0376875065267086 and parameters: {'W_layers': 8, 'W_layer_units_exponent_0': 6, 'W_layer_units_exponent_1': 4, 'W_layer_units_exponent_2': 5, 'W_layer_units_exponent_3': 4, 'W_layer_units_exponent_4': 7, 'W_layer_units_exponent_5': 8, 'W_layer_units_exponent_6': 5, 'W_layer_units_exponent_7': 4, 'D_layers': 6, 'D_layer_units_exponent_0': 7, 'D_layer_units_exponent_1': 8, 'D_layer_units_exponent_2': 7, 'D_layer_units_exponent_3': 7, 'D_layer_units_exponent_4': 6, 'D_layer_units_exponent_5': 5, 'D_dagger_layers': 5, 'D_dagger_layer_units_exponent_0': 7, 'D_dagger_layer_units_exponent_1': 8, 'D_dagger_layer_units_exponent_2': 6, 'D_dagger_layer_units_exponent_3': 8, 'D_dagger_layer_units_exponent_4': 6, 'log_learning_rate': -3.5483419289956015, 'log_learning_rate_D': -3.7809886298166586, 'log_learning_rate_D_dagger': -4.729776590927044, 'training_batch_size': 6, 'training_p': 6}. Best is trial 18 with value: 0.02755935862660408.
Time for this trial:  422.17474126815796
Memory status after this trial: 
Memory allocated:  113.09765625
Memory cached:  118.0
--------------------  Trial  33   --------------------
Start timing: 
Parameters: 
{'W_layers': 7, 'W_layer_units_exponent_0': 7, 'W_layer_units_exponent_1': 6, 'W_layer_units_exponent_2': 4, 'W_layer_units_exponent_3': 5, 'W_layer_units_exponent_4': 7, 'W_layer_units_exponent_5': 6, 'W_layer_units_exponent_6': 6, 'D_layers': 4, 'D_layer_units_exponent_0': 6, 'D_layer_units_exponent_1': 9, 'D_layer_units_exponent_2': 6, 'D_layer_units_exponent_3': 9, 'D_dagger_layers': 6, 'D_dagger_layer_units_exponent_0': 8, 'D_dagger_layer_units_exponent_1': 7, 'D_dagger_layer_units_exponent_2': 5, 'D_dagger_layer_units_exponent_3': 9, 'D_dagger_layer_units_exponent_4': 8, 'D_dagger_layer_units_exponent_5': 5, 'log_learning_rate': -3.439171201709893, 'log_learning_rate_D': -3.670033415009942, 'log_learning_rate_D_dagger': -4.434101069484122, 'training_batch_size': 7, 'training_p': 4}
	 epoch  0 training error:  tensor(1.0277, device='cuda:0', grad_fn=<DivBackward0>)
Memory status after this epoch: 
Memory allocated:  5.03271484375
Memory cached:  138.0
	 epoch  10 training error:  tensor(0.2486, device='cuda:0', grad_fn=<DivBackward0>)
Memory status after this epoch: 
Memory allocated:  5.03271484375
Memory cached:  242.0
	 epoch  20 training error:  tensor(0.1311, device='cuda:0', grad_fn=<DivBackward0>)
Memory status after this epoch: 
Memory allocated:  5.03271484375
Memory cached:  232.0
	 epoch  30 training error:  tensor(0.0952, device='cuda:0', grad_fn=<DivBackward0>)
Memory status after this epoch: 
Memory allocated:  5.03271484375
Memory cached:  244.0
	 epoch  40 training error:  tensor(0.0695, device='cuda:0', grad_fn=<DivBackward0>)
Memory status after this epoch: 
Memory allocated:  5.03271484375
Memory cached:  246.0
	 epoch  50 training error:  tensor(0.0514, device='cuda:0', grad_fn=<DivBackward0>)
Memory status after this epoch: 
Memory allocated:  5.03271484375
Memory cached:  244.0
	 epoch  60 training error:  tensor(0.0445, device='cuda:0', grad_fn=<DivBackward0>)
Memory status after this epoch: 
Memory allocated:  5.03271484375
Memory cached:  236.0
	 epoch  70 training error:  tensor(0.0405, device='cuda:0', grad_fn=<DivBackward0>)
Memory status after this epoch: 
Memory allocated:  5.03271484375
Memory cached:  252.0
	 epoch  80 training error:  tensor(0.0391, device='cuda:0', grad_fn=<DivBackward0>)
Memory status after this epoch: 
Memory allocated:  5.03271484375
Memory cached:  238.0
	 epoch  90 training error:  tensor(0.0375, device='cuda:0', grad_fn=<DivBackward0>)
Memory status after this epoch: 
Memory allocated:  5.03271484375
Memory cached:  234.0
