[I 2023-11-06 13:09:57,634] Trial 35 finished with value: 0.03968927264213562 and parameters: {'W_layers': 5, 'W_layer_units_exponent_0': 7, 'W_layer_units_exponent_1': 9, 'W_layer_units_exponent_2': 8, 'W_layer_units_exponent_3': 4, 'W_layer_units_exponent_4': 4, 'D_layers': 3, 'D_layer_units_exponent_0': 5, 'D_layer_units_exponent_1': 7, 'D_layer_units_exponent_2': 9, 'D_dagger_layers': 5, 'D_dagger_layer_units_exponent_0': 8, 'D_dagger_layer_units_exponent_1': 8, 'D_dagger_layer_units_exponent_2': 8, 'D_dagger_layer_units_exponent_3': 5, 'D_dagger_layer_units_exponent_4': 9, 'log_learning_rate': -4.046753842155686, 'log_learning_rate_D': -4.036350220733729, 'log_learning_rate_D_dagger': -4.195804183605996, 'training_batch_size': 11, 'training_p': 5}. Best is trial 31 with value: 0.024036098271608353.
Time for this trial:  189.44309186935425
Memory status after this trial: 
Memory allocated:  159.7841796875
Memory cached:  164.0
--------------------  Trial  36   --------------------
Start timing: 
Parameters: 
{'W_layers': 6, 'W_layer_units_exponent_0': 6, 'W_layer_units_exponent_1': 9, 'W_layer_units_exponent_2': 7, 'W_layer_units_exponent_3': 5, 'W_layer_units_exponent_4': 5, 'W_layer_units_exponent_5': 5, 'D_layers': 6, 'D_layer_units_exponent_0': 5, 'D_layer_units_exponent_1': 8, 'D_layer_units_exponent_2': 7, 'D_layer_units_exponent_3': 8, 'D_layer_units_exponent_4': 7, 'D_layer_units_exponent_5': 10, 'D_dagger_layers': 5, 'D_dagger_layer_units_exponent_0': 8, 'D_dagger_layer_units_exponent_1': 8, 'D_dagger_layer_units_exponent_2': 8, 'D_dagger_layer_units_exponent_3': 4, 'D_dagger_layer_units_exponent_4': 8, 'log_learning_rate': -3.116107731200207, 'log_learning_rate_D': -4.785445031392542, 'log_learning_rate_D_dagger': -3.478228116597082, 'training_batch_size': 12, 'training_p': 4}
	 epoch  0 training error:  tensor(1.4102, device='cuda:0', grad_fn=<DivBackward0>)
Memory status after this epoch: 
Memory allocated:  7.55517578125
Memory cached:  166.0
	 epoch  10 training error:  tensor(0.3977, device='cuda:0', grad_fn=<DivBackward0>)
Memory status after this epoch: 
Memory allocated:  7.55517578125
Memory cached:  244.0
	 epoch  20 training error:  tensor(0.1823, device='cuda:0', grad_fn=<DivBackward0>)
Memory status after this epoch: 
Memory allocated:  7.55517578125
Memory cached:  234.0
	 epoch  30 training error:  tensor(0.1229, device='cuda:0', grad_fn=<DivBackward0>)
Memory status after this epoch: 
Memory allocated:  7.55517578125
Memory cached:  250.0
	 epoch  40 training error:  tensor(0.0751, device='cuda:0', grad_fn=<DivBackward0>)
Memory status after this epoch: 
Memory allocated:  7.55517578125
Memory cached:  244.0
	 epoch  50 training error:  tensor(0.0696, device='cuda:0', grad_fn=<DivBackward0>)
Memory status after this epoch: 
Memory allocated:  7.55517578125
Memory cached:  244.0
	 epoch  60 training error:  tensor(0.0688, device='cuda:0', grad_fn=<DivBackward0>)
Memory status after this epoch: 
Memory allocated:  7.55517578125
Memory cached:  244.0
	 epoch  70 training error:  tensor(0.0649, device='cuda:0', grad_fn=<DivBackward0>)
Memory status after this epoch: 
Memory allocated:  7.55517578125
Memory cached:  256.0
	 epoch  80 training error:  tensor(0.0625, device='cuda:0', grad_fn=<DivBackward0>)
Memory status after this epoch: 
Memory allocated:  7.55517578125
Memory cached:  250.0
	 epoch  90 training error:  tensor(0.0572, device='cuda:0', grad_fn=<DivBackward0>)
Memory status after this epoch: 
Memory allocated:  7.55517578125
Memory cached:  248.0
[I 2023-11-06 13:13:41,499] Trial 36 finished with value: 0.04393787682056427 and parameters: {'W_layers': 6, 'W_layer_units_exponent_0': 6, 'W_layer_units_exponent_1': 9, 'W_layer_units_exponent_2': 7, 'W_layer_units_exponent_3': 5, 'W_layer_units_exponent_4': 5, 'W_layer_units_exponent_5': 5, 'D_layers': 6, 'D_layer_units_exponent_0': 5, 'D_layer_units_exponent_1': 8, 'D_layer_units_exponent_2': 7, 'D_layer_units_exponent_3': 8, 'D_layer_units_exponent_4': 7, 'D_layer_units_exponent_5': 10, 'D_dagger_layers': 5, 'D_dagger_layer_units_exponent_0': 8, 'D_dagger_layer_units_exponent_1': 8, 'D_dagger_layer_units_exponent_2': 8, 'D_dagger_layer_units_exponent_3': 4, 'D_dagger_layer_units_exponent_4': 8, 'log_learning_rate': -3.116107731200207, 'log_learning_rate_D': -4.785445031392542, 'log_learning_rate_D_dagger': -3.478228116597082, 'training_batch_size': 12, 'training_p': 4}. Best is trial 31 with value: 0.024036098271608353.
Time for this trial:  223.56173038482666
Memory status after this trial: 
Memory allocated:  199.5869140625
Memory cached:  204.0
--------------------  Trial  37   --------------------
Start timing: 
Parameters: 
{'W_layers': 7, 'W_layer_units_exponent_0': 7, 'W_layer_units_exponent_1': 10, 'W_layer_units_exponent_2': 8, 'W_layer_units_exponent_3': 6, 'W_layer_units_exponent_4': 6, 'W_layer_units_exponent_5': 5, 'W_layer_units_exponent_6': 5, 'D_layers': 2, 'D_layer_units_exponent_0': 7, 'D_layer_units_exponent_1': 7, 'D_dagger_layers': 6, 'D_dagger_layer_units_exponent_0': 8, 'D_dagger_layer_units_exponent_1': 7, 'D_dagger_layer_units_exponent_2': 9, 'D_dagger_layer_units_exponent_3': 5, 'D_dagger_layer_units_exponent_4': 9, 'D_dagger_layer_units_exponent_5': 5, 'log_learning_rate': -2.8441953624383314, 'log_learning_rate_D': -3.8274731827677875, 'log_learning_rate_D_dagger': -3.61875625416535, 'training_batch_size': 11, 'training_p': 5}
	 epoch  0 training error:  tensor(0.9600, device='cuda:0', grad_fn=<DivBackward0>)
Memory status after this epoch: 
Memory allocated:  9.05126953125
Memory cached:  94.0
	 epoch  10 training error:  tensor(0.1646, device='cuda:0', grad_fn=<DivBackward0>)
Memory status after this epoch: 
Memory allocated:  9.05126953125
Memory cached:  120.0
	 epoch  20 training error:  tensor(0.0979, device='cuda:0', grad_fn=<DivBackward0>)
Memory status after this epoch: 
Memory allocated:  9.05126953125
Memory cached:  118.0
	 epoch  30 training error:  tensor(0.1026, device='cuda:0', grad_fn=<DivBackward0>)
Memory status after this epoch: 
Memory allocated:  9.05126953125
Memory cached:  120.0
	 epoch  40 training error:  tensor(0.0499, device='cuda:0', grad_fn=<DivBackward0>)
Memory status after this epoch: 
Memory allocated:  9.05126953125
Memory cached:  120.0
	 epoch  50 training error:  tensor(0.0649, device='cuda:0', grad_fn=<DivBackward0>)
Memory status after this epoch: 
Memory allocated:  9.05126953125
Memory cached:  118.0
	 epoch  60 training error:  tensor(0.0831, device='cuda:0', grad_fn=<DivBackward0>)
Memory status after this epoch: 
Memory allocated:  9.05126953125
Memory cached:  122.0
	 epoch  70 training error:  tensor(0.0401, device='cuda:0', grad_fn=<DivBackward0>)
Memory status after this epoch: 
Memory allocated:  9.05126953125
Memory cached:  122.0
	 epoch  80 training error:  tensor(0.0465, device='cuda:0', grad_fn=<DivBackward0>)
Memory status after this epoch: 
Memory allocated:  9.05126953125
Memory cached:  122.0
	 epoch  90 training error:  tensor(0.0852, device='cuda:0', grad_fn=<DivBackward0>)
Memory status after this epoch: 
Memory allocated:  9.05126953125
Memory cached:  120.0
[I 2023-11-06 13:17:09,687] Trial 37 finished with value: 0.040146708488464355 and parameters: {'W_layers': 7, 'W_layer_units_exponent_0': 7, 'W_layer_units_exponent_1': 10, 'W_layer_units_exponent_2': 8, 'W_layer_units_exponent_3': 6, 'W_layer_units_exponent_4': 6, 'W_layer_units_exponent_5': 5, 'W_layer_units_exponent_6': 5, 'D_layers': 2, 'D_layer_units_exponent_0': 7, 'D_layer_units_exponent_1': 7, 'D_dagger_layers': 6, 'D_dagger_layer_units_exponent_0': 8, 'D_dagger_layer_units_exponent_1': 7, 'D_dagger_layer_units_exponent_2': 9, 'D_dagger_layer_units_exponent_3': 5, 'D_dagger_layer_units_exponent_4': 9, 'D_dagger_layer_units_exponent_5': 5, 'log_learning_rate': -2.8441953624383314, 'log_learning_rate_D': -3.8274731827677875, 'log_learning_rate_D_dagger': -3.61875625416535, 'training_batch_size': 11, 'training_p': 5}. Best is trial 31 with value: 0.024036098271608353.
Time for this trial:  207.8708851337433
Memory status after this trial: 
Memory allocated:  183.05712890625
Memory cached:  188.0
--------------------  Trial  38   --------------------
Start timing: 
Parameters: 
{'W_layers': 6, 'W_layer_units_exponent_0': 6, 'W_layer_units_exponent_1': 9, 'W_layer_units_exponent_2': 7, 'W_layer_units_exponent_3': 5, 'W_layer_units_exponent_4': 5, 'W_layer_units_exponent_5': 4, 'D_layers': 3, 'D_layer_units_exponent_0': 6, 'D_layer_units_exponent_1': 9, 'D_layer_units_exponent_2': 6, 'D_dagger_layers': 5, 'D_dagger_layer_units_exponent_0': 9, 'D_dagger_layer_units_exponent_1': 9, 'D_dagger_layer_units_exponent_2': 8, 'D_dagger_layer_units_exponent_3': 5, 'D_dagger_layer_units_exponent_4': 5, 'log_learning_rate': -3.289577288768392, 'log_learning_rate_D': -4.206690607735258, 'log_learning_rate_D_dagger': -3.9259965127840175, 'training_batch_size': 11, 'training_p': 5}
	 epoch  0 training error:  tensor(0.8236, device='cuda:0', grad_fn=<DivBackward0>)
Memory status after this epoch: 
Memory allocated:  8.91455078125
Memory cached:  144.0
	 epoch  10 training error:  tensor(0.0965, device='cuda:0', grad_fn=<DivBackward0>)
Memory status after this epoch: 
Memory allocated:  8.91455078125
Memory cached:  202.0
	 epoch  20 training error:  tensor(0.0895, device='cuda:0', grad_fn=<DivBackward0>)
Memory status after this epoch: 
Memory allocated:  8.91455078125
Memory cached:  198.0
	 epoch  30 training error:  tensor(0.0670, device='cuda:0', grad_fn=<DivBackward0>)
Memory status after this epoch: 
Memory allocated:  8.91455078125
Memory cached:  196.0
	 epoch  40 training error:  tensor(0.0556, device='cuda:0', grad_fn=<DivBackward0>)
Memory status after this epoch: 
Memory allocated:  8.91455078125
Memory cached:  194.0
	 epoch  50 training error:  tensor(0.0459, device='cuda:0', grad_fn=<DivBackward0>)
Memory status after this epoch: 
Memory allocated:  8.91455078125
Memory cached:  190.0
	 epoch  60 training error:  tensor(0.0416, device='cuda:0', grad_fn=<DivBackward0>)
Memory status after this epoch: 
Memory allocated:  8.91455078125
Memory cached:  194.0
	 epoch  70 training error:  tensor(0.0369, device='cuda:0', grad_fn=<DivBackward0>)
Memory status after this epoch: 
Memory allocated:  8.91455078125
Memory cached:  194.0
	 epoch  80 training error:  tensor(0.0337, device='cuda:0', grad_fn=<DivBackward0>)
Memory status after this epoch: 
Memory allocated:  8.91455078125
Memory cached:  198.0
	 epoch  90 training error:  tensor(0.0301, device='cuda:0', grad_fn=<DivBackward0>)
Memory status after this epoch: 
Memory allocated:  8.91455078125
Memory cached:  186.0
[I 2023-11-06 13:20:24,930] Trial 38 finished with value: 0.038138579577207565 and parameters: {'W_layers': 6, 'W_layer_units_exponent_0': 6, 'W_layer_units_exponent_1': 9, 'W_layer_units_exponent_2': 7, 'W_layer_units_exponent_3': 5, 'W_layer_units_exponent_4': 5, 'W_layer_units_exponent_5': 4, 'D_layers': 3, 'D_layer_units_exponent_0': 6, 'D_layer_units_exponent_1': 9, 'D_layer_units_exponent_2': 6, 'D_dagger_layers': 5, 'D_dagger_layer_units_exponent_0': 9, 'D_dagger_layer_units_exponent_1': 9, 'D_dagger_layer_units_exponent_2': 8, 'D_dagger_layer_units_exponent_3': 5, 'D_dagger_layer_units_exponent_4': 5, 'log_learning_rate': -3.289577288768392, 'log_learning_rate_D': -4.206690607735258, 'log_learning_rate_D_dagger': -3.9259965127840175, 'training_batch_size': 11, 'training_p': 5}. Best is trial 31 with value: 0.024036098271608353.
Time for this trial:  194.94463729858398
Memory status after this trial: 
Memory allocated:  153.04736328125
Memory cached:  158.0
--------------------  Trial  39   --------------------
Start timing: 
Parameters: 
{'W_layers': 5, 'W_layer_units_exponent_0': 9, 'W_layer_units_exponent_1': 9, 'W_layer_units_exponent_2': 9, 'W_layer_units_exponent_3': 4, 'W_layer_units_exponent_4': 6, 'D_layers': 2, 'D_layer_units_exponent_0': 10, 'D_layer_units_exponent_1': 7, 'D_dagger_layers': 6, 'D_dagger_layer_units_exponent_0': 10, 'D_dagger_layer_units_exponent_1': 6, 'D_dagger_layer_units_exponent_2': 5, 'D_dagger_layer_units_exponent_3': 4, 'D_dagger_layer_units_exponent_4': 7, 'D_dagger_layer_units_exponent_5': 5, 'log_learning_rate': -3.0735551103248433, 'log_learning_rate_D': -4.631907646896505, 'log_learning_rate_D_dagger': -4.140412121855117, 'training_batch_size': 12, 'training_p': 4}
	 epoch  0 training error:  tensor(1.0127, device='cuda:0', grad_fn=<DivBackward0>)
Memory status after this epoch: 
Memory allocated:  11.51416015625
Memory cached:  158.0
	 epoch  10 training error:  tensor(0.2979, device='cuda:0', grad_fn=<DivBackward0>)
Memory status after this epoch: 
Memory allocated:  11.51416015625
Memory cached:  268.0
	 epoch  20 training error:  tensor(0.1414, device='cuda:0', grad_fn=<DivBackward0>)
Memory status after this epoch: 
Memory allocated:  11.51416015625
Memory cached:  264.0
	 epoch  30 training error:  tensor(0.0885, device='cuda:0', grad_fn=<DivBackward0>)
Memory status after this epoch: 
Memory allocated:  11.51416015625
Memory cached:  252.0
	 epoch  40 training error:  tensor(0.0627, device='cuda:0', grad_fn=<DivBackward0>)
Memory status after this epoch: 
Memory allocated:  11.51416015625
Memory cached:  264.0
	 epoch  50 training error:  tensor(0.0560, device='cuda:0', grad_fn=<DivBackward0>)
Memory status after this epoch: 
Memory allocated:  11.51416015625
Memory cached:  264.0
	 epoch  60 training error:  tensor(0.0534, device='cuda:0', grad_fn=<DivBackward0>)
Memory status after this epoch: 
Memory allocated:  11.51416015625
Memory cached:  266.0
	 epoch  70 training error:  tensor(0.0522, device='cuda:0', grad_fn=<DivBackward0>)
Memory status after this epoch: 
Memory allocated:  11.51416015625
Memory cached:  266.0
	 epoch  80 training error:  tensor(0.0493, device='cuda:0', grad_fn=<DivBackward0>)
Memory status after this epoch: 
Memory allocated:  11.51416015625
Memory cached:  264.0
	 epoch  90 training error:  tensor(0.0465, device='cuda:0', grad_fn=<DivBackward0>)
Memory status after this epoch: 
Memory allocated:  11.51416015625
Memory cached:  260.0
[I 2023-11-06 13:23:40,615] Trial 39 finished with value: 0.03790530189871788 and parameters: {'W_layers': 5, 'W_layer_units_exponent_0': 9, 'W_layer_units_exponent_1': 9, 'W_layer_units_exponent_2': 9, 'W_layer_units_exponent_3': 4, 'W_layer_units_exponent_4': 6, 'D_layers': 2, 'D_layer_units_exponent_0': 10, 'D_layer_units_exponent_1': 7, 'D_dagger_layers': 6, 'D_dagger_layer_units_exponent_0': 10, 'D_dagger_layer_units_exponent_1': 6, 'D_dagger_layer_units_exponent_2': 5, 'D_dagger_layer_units_exponent_3': 4, 'D_dagger_layer_units_exponent_4': 7, 'D_dagger_layer_units_exponent_5': 5, 'log_learning_rate': -3.0735551103248433, 'log_learning_rate_D': -4.631907646896505, 'log_learning_rate_D_dagger': -4.140412121855117, 'training_batch_size': 12, 'training_p': 4}. Best is trial 31 with value: 0.024036098271608353.
Time for this trial:  195.4101903438568
Memory status after this trial: 
Memory allocated:  223.45849609375
Memory cached:  230.0
--------------------  Trial  40   --------------------
Start timing: 
Parameters: 
{'W_layers': 7, 'W_layer_units_exponent_0': 8, 'W_layer_units_exponent_1': 10, 'W_layer_units_exponent_2': 8, 'W_layer_units_exponent_3': 5, 'W_layer_units_exponent_4': 4, 'W_layer_units_exponent_5': 6, 'W_layer_units_exponent_6': 5, 'D_layers': 7, 'D_layer_units_exponent_0': 7, 'D_layer_units_exponent_1': 8, 'D_layer_units_exponent_2': 8, 'D_layer_units_exponent_3': 5, 'D_layer_units_exponent_4': 10, 'D_layer_units_exponent_5': 4, 'D_layer_units_exponent_6': 5, 'D_dagger_layers': 5, 'D_dagger_layer_units_exponent_0': 9, 'D_dagger_layer_units_exponent_1': 7, 'D_dagger_layer_units_exponent_2': 7, 'D_dagger_layer_units_exponent_3': 5, 'D_dagger_layer_units_exponent_4': 10, 'log_learning_rate': -3.4386398100226834, 'log_learning_rate_D': -4.3681307747786695, 'log_learning_rate_D_dagger': -3.563890110220134, 'training_batch_size': 11, 'training_p': 5}
	 epoch  0 training error:  tensor(0.8400, device='cuda:0', grad_fn=<DivBackward0>)
Memory status after this epoch: 
Memory allocated:  12.62158203125
Memory cached:  162.0
	 epoch  10 training error:  tensor(0.1165, device='cuda:0', grad_fn=<DivBackward0>)
Memory status after this epoch: 
Memory allocated:  12.62158203125
Memory cached:  278.0
	 epoch  20 training error:  tensor(0.1618, device='cuda:0', grad_fn=<DivBackward0>)
Memory status after this epoch: 
Memory allocated:  12.62158203125
Memory cached:  270.0
	 epoch  30 training error:  tensor(0.1399, device='cuda:0', grad_fn=<DivBackward0>)
Memory status after this epoch: 
Memory allocated:  12.62158203125
Memory cached:  278.0
	 epoch  40 training error:  tensor(0.0683, device='cuda:0', grad_fn=<DivBackward0>)
Memory status after this epoch: 
Memory allocated:  12.62158203125
Memory cached:  274.0
	 epoch  50 training error:  tensor(0.0787, device='cuda:0', grad_fn=<DivBackward0>)
Memory status after this epoch: 
Memory allocated:  12.62158203125
Memory cached:  286.0
	 epoch  60 training error:  tensor(0.0644, device='cuda:0', grad_fn=<DivBackward0>)
Memory status after this epoch: 
Memory allocated:  12.62158203125
Memory cached:  276.0
	 epoch  70 training error:  tensor(0.0445, device='cuda:0', grad_fn=<DivBackward0>)
Memory status after this epoch: 
Memory allocated:  12.62158203125
Memory cached:  278.0
	 epoch  80 training error:  tensor(0.0397, device='cuda:0', grad_fn=<DivBackward0>)
Memory status after this epoch: 
Memory allocated:  12.62158203125
Memory cached:  284.0
	 epoch  90 training error:  tensor(0.0414, device='cuda:0', grad_fn=<DivBackward0>)
Memory status after this epoch: 
Memory allocated:  12.62158203125
Memory cached:  278.0
[I 2023-11-06 13:27:46,979] Trial 40 finished with value: 0.05416593700647354 and parameters: {'W_layers': 7, 'W_layer_units_exponent_0': 8, 'W_layer_units_exponent_1': 10, 'W_layer_units_exponent_2': 8, 'W_layer_units_exponent_3': 5, 'W_layer_units_exponent_4': 4, 'W_layer_units_exponent_5': 6, 'W_layer_units_exponent_6': 5, 'D_layers': 7, 'D_layer_units_exponent_0': 7, 'D_layer_units_exponent_1': 8, 'D_layer_units_exponent_2': 8, 'D_layer_units_exponent_3': 5, 'D_layer_units_exponent_4': 10, 'D_layer_units_exponent_5': 4, 'D_layer_units_exponent_6': 5, 'D_dagger_layers': 5, 'D_dagger_layer_units_exponent_0': 9, 'D_dagger_layer_units_exponent_1': 7, 'D_dagger_layer_units_exponent_2': 7, 'D_dagger_layer_units_exponent_3': 5, 'D_dagger_layer_units_exponent_4': 10, 'log_learning_rate': -3.4386398100226834, 'log_learning_rate_D': -4.3681307747786695, 'log_learning_rate_D_dagger': -3.563890110220134, 'training_batch_size': 11, 'training_p': 5}. Best is trial 31 with value: 0.024036098271608353.
Time for this trial:  246.06403636932373
Memory status after this trial: 
Memory allocated:  286.9267578125
Memory cached:  294.0
--------------------  Trial  41   --------------------
Start timing: 
Parameters: 
{'W_layers': 3, 'W_layer_units_exponent_0': 7, 'W_layer_units_exponent_1': 9, 'W_layer_units_exponent_2': 7, 'D_layers': 2, 'D_layer_units_exponent_0': 4, 'D_layer_units_exponent_1': 7, 'D_dagger_layers': 6, 'D_dagger_layer_units_exponent_0': 9, 'D_dagger_layer_units_exponent_1': 8, 'D_dagger_layer_units_exponent_2': 8, 'D_dagger_layer_units_exponent_3': 4, 'D_dagger_layer_units_exponent_4': 9, 'D_dagger_layer_units_exponent_5': 9, 'log_learning_rate': -2.4776640840152933, 'log_learning_rate_D': -3.6617941169190544, 'log_learning_rate_D_dagger': -3.2516818300708508, 'training_batch_size': 12, 'training_p': 6}
	 epoch  0 training error:  tensor(1.2066, device='cuda:0', grad_fn=<DivBackward0>)
Memory status after this epoch: 
Memory allocated:  9.41064453125
Memory cached:  138.0
	 epoch  10 training error:  tensor(0.8183, device='cuda:0', grad_fn=<DivBackward0>)
Memory status after this epoch: 
Memory allocated:  9.41064453125
Memory cached:  190.0
	 epoch  20 training error:  tensor(0.1155, device='cuda:0', grad_fn=<DivBackward0>)
Memory status after this epoch: 
Memory allocated:  9.41064453125
Memory cached:  186.0
	 epoch  30 training error:  tensor(0.2263, device='cuda:0', grad_fn=<DivBackward0>)
Memory status after this epoch: 
Memory allocated:  9.41064453125
Memory cached:  192.0
	 epoch  40 training error:  tensor(0.0797, device='cuda:0', grad_fn=<DivBackward0>)
Memory status after this epoch: 
Memory allocated:  9.41064453125
Memory cached:  192.0
	 epoch  50 training error:  tensor(0.0829, device='cuda:0', grad_fn=<DivBackward0>)
Memory status after this epoch: 
Memory allocated:  9.41064453125
Memory cached:  184.0
	 epoch  60 training error:  tensor(0.0686, device='cuda:0', grad_fn=<DivBackward0>)
Memory status after this epoch: 
Memory allocated:  9.41064453125
Memory cached:  188.0
	 epoch  70 training error:  tensor(0.0610, device='cuda:0', grad_fn=<DivBackward0>)
Memory status after this epoch: 
Memory allocated:  9.41064453125
Memory cached:  182.0
	 epoch  80 training error:  tensor(0.0592, device='cuda:0', grad_fn=<DivBackward0>)
Memory status after this epoch: 
Memory allocated:  9.41064453125
Memory cached:  198.0
	 epoch  90 training error:  tensor(0.0581, device='cuda:0', grad_fn=<DivBackward0>)
Memory status after this epoch: 
Memory allocated:  9.41064453125
Memory cached:  192.0
