[I 2023-11-01 17:11:11,505] Trial 34 finished with value: 0.23110614717006683 and parameters: {'W_layers': 6, 'W_layer_units_exponent_0': 5, 'W_layer_units_exponent_1': 6, 'W_layer_units_exponent_2': 8, 'W_layer_units_exponent_3': 8, 'W_layer_units_exponent_4': 8, 'W_layer_units_exponent_5': 6, 'D_layers': 8, 'D_layer_units_exponent_0': 8, 'D_layer_units_exponent_1': 4, 'D_layer_units_exponent_2': 4, 'D_layer_units_exponent_3': 8, 'D_layer_units_exponent_4': 10, 'D_layer_units_exponent_5': 5, 'D_layer_units_exponent_6': 9, 'D_layer_units_exponent_7': 10, 'log_learning_rate': -4.353473661374105, 'log_learning_rate_D': -2.36454722650744, 'training_batch_size': 9, 'training_p': 7}. Best is trial 12 with value: 0.22162218391895294.
Time for this trial:  188.89664220809937
Memory status after this trial: 
Memory allocated:  224.12548828125
Memory cached:  246.0
--------------------  Trial  35   --------------------
Start timing: 
Parameters: 
{'W_layers': 5, 'W_layer_units_exponent_0': 5, 'W_layer_units_exponent_1': 5, 'W_layer_units_exponent_2': 7, 'W_layer_units_exponent_3': 10, 'W_layer_units_exponent_4': 9, 'D_layers': 7, 'D_layer_units_exponent_0': 9, 'D_layer_units_exponent_1': 5, 'D_layer_units_exponent_2': 4, 'D_layer_units_exponent_3': 8, 'D_layer_units_exponent_4': 9, 'D_layer_units_exponent_5': 4, 'D_layer_units_exponent_6': 7, 'log_learning_rate': -4.6903503769193415, 'log_learning_rate_D': -1.745540777782617, 'training_batch_size': 10, 'training_p': 7}
	 epoch  0 training error:  tensor(0.9802, device='cuda:0', grad_fn=<DivBackward0>)
Memory status after this epoch: 
Memory allocated:  12.6943359375
Memory cached:  36.0
	 epoch  10 training error:  tensor(0.8236, device='cuda:0', grad_fn=<DivBackward0>)
Memory status after this epoch: 
Memory allocated:  12.6943359375
Memory cached:  42.0
	 epoch  20 training error:  tensor(0.6534, device='cuda:0', grad_fn=<DivBackward0>)
Memory status after this epoch: 
Memory allocated:  12.6943359375
Memory cached:  40.0
	 epoch  30 training error:  tensor(0.4708, device='cuda:0', grad_fn=<DivBackward0>)
Memory status after this epoch: 
Memory allocated:  12.6943359375
Memory cached:  40.0
	 epoch  40 training error:  tensor(0.2878, device='cuda:0', grad_fn=<DivBackward0>)
Memory status after this epoch: 
Memory allocated:  12.6943359375
Memory cached:  40.0
	 epoch  50 training error:  tensor(0.2803, device='cuda:0', grad_fn=<DivBackward0>)
Memory status after this epoch: 
Memory allocated:  12.6943359375
Memory cached:  40.0
	 epoch  60 training error:  tensor(0.2609, device='cuda:0', grad_fn=<DivBackward0>)
Memory status after this epoch: 
Memory allocated:  12.6943359375
Memory cached:  40.0
	 epoch  70 training error:  tensor(0.2628, device='cuda:0', grad_fn=<DivBackward0>)
Memory status after this epoch: 
Memory allocated:  12.6943359375
Memory cached:  40.0
	 epoch  80 training error:  tensor(0.2592, device='cuda:0', grad_fn=<DivBackward0>)
Memory status after this epoch: 
Memory allocated:  12.6943359375
Memory cached:  40.0
	 epoch  90 training error:  tensor(0.2596, device='cuda:0', grad_fn=<DivBackward0>)
Memory status after this epoch: 
Memory allocated:  12.6943359375
Memory cached:  40.0
[I 2023-11-01 17:13:59,042] Trial 35 finished with value: 0.23047633469104767 and parameters: {'W_layers': 5, 'W_layer_units_exponent_0': 5, 'W_layer_units_exponent_1': 5, 'W_layer_units_exponent_2': 7, 'W_layer_units_exponent_3': 10, 'W_layer_units_exponent_4': 9, 'D_layers': 7, 'D_layer_units_exponent_0': 9, 'D_layer_units_exponent_1': 5, 'D_layer_units_exponent_2': 4, 'D_layer_units_exponent_3': 8, 'D_layer_units_exponent_4': 9, 'D_layer_units_exponent_5': 4, 'D_layer_units_exponent_6': 7, 'log_learning_rate': -4.6903503769193415, 'log_learning_rate_D': -1.745540777782617, 'training_batch_size': 10, 'training_p': 7}. Best is trial 12 with value: 0.22162218391895294.
Time for this trial:  167.2694706916809
Memory status after this trial: 
Memory allocated:  177.44091796875
Memory cached:  196.0
--------------------  Trial  36   --------------------
Start timing: 
Parameters: 
{'W_layers': 6, 'W_layer_units_exponent_0': 7, 'W_layer_units_exponent_1': 5, 'W_layer_units_exponent_2': 9, 'W_layer_units_exponent_3': 7, 'W_layer_units_exponent_4': 8, 'W_layer_units_exponent_5': 8, 'D_layers': 8, 'D_layer_units_exponent_0': 8, 'D_layer_units_exponent_1': 4, 'D_layer_units_exponent_2': 5, 'D_layer_units_exponent_3': 7, 'D_layer_units_exponent_4': 10, 'D_layer_units_exponent_5': 4, 'D_layer_units_exponent_6': 9, 'D_layer_units_exponent_7': 8, 'log_learning_rate': -4.943034864086794, 'log_learning_rate_D': -1.9591025589757902, 'training_batch_size': 12, 'training_p': 8}
	 epoch  0 training error:  tensor(0.9731, device='cuda:0', grad_fn=<DivBackward0>)
Memory status after this epoch: 
Memory allocated:  7.4521484375
Memory cached:  16.0
	 epoch  10 training error:  tensor(0.9460, device='cuda:0', grad_fn=<DivBackward0>)
Memory status after this epoch: 
Memory allocated:  7.4521484375
Memory cached:  20.0
	 epoch  20 training error:  tensor(0.9174, device='cuda:0', grad_fn=<DivBackward0>)
Memory status after this epoch: 
Memory allocated:  7.4521484375
Memory cached:  20.0
	 epoch  30 training error:  tensor(0.8853, device='cuda:0', grad_fn=<DivBackward0>)
Memory status after this epoch: 
Memory allocated:  7.4521484375
Memory cached:  20.0
	 epoch  40 training error:  tensor(0.8481, device='cuda:0', grad_fn=<DivBackward0>)
Memory status after this epoch: 
Memory allocated:  7.4521484375
Memory cached:  20.0
	 epoch  50 training error:  tensor(0.8046, device='cuda:0', grad_fn=<DivBackward0>)
Memory status after this epoch: 
Memory allocated:  7.4521484375
Memory cached:  20.0
	 epoch  60 training error:  tensor(0.7530, device='cuda:0', grad_fn=<DivBackward0>)
Memory status after this epoch: 
Memory allocated:  7.4521484375
Memory cached:  20.0
	 epoch  70 training error:  tensor(0.6916, device='cuda:0', grad_fn=<DivBackward0>)
Memory status after this epoch: 
Memory allocated:  7.4521484375
Memory cached:  20.0
	 epoch  80 training error:  tensor(0.6182, device='cuda:0', grad_fn=<DivBackward0>)
Memory status after this epoch: 
Memory allocated:  7.4521484375
Memory cached:  20.0
	 epoch  90 training error:  tensor(0.5306, device='cuda:0', grad_fn=<DivBackward0>)
Memory status after this epoch: 
Memory allocated:  7.4521484375
Memory cached:  20.0
[I 2023-11-01 17:17:03,646] Trial 36 finished with value: 0.381664514541626 and parameters: {'W_layers': 6, 'W_layer_units_exponent_0': 7, 'W_layer_units_exponent_1': 5, 'W_layer_units_exponent_2': 9, 'W_layer_units_exponent_3': 7, 'W_layer_units_exponent_4': 8, 'W_layer_units_exponent_5': 8, 'D_layers': 8, 'D_layer_units_exponent_0': 8, 'D_layer_units_exponent_1': 4, 'D_layer_units_exponent_2': 5, 'D_layer_units_exponent_3': 7, 'D_layer_units_exponent_4': 10, 'D_layer_units_exponent_5': 4, 'D_layer_units_exponent_6': 9, 'D_layer_units_exponent_7': 8, 'log_learning_rate': -4.943034864086794, 'log_learning_rate_D': -1.9591025589757902, 'training_batch_size': 12, 'training_p': 8}. Best is trial 12 with value: 0.22162218391895294.
Time for this trial:  184.34160494804382
Memory status after this trial: 
Memory allocated:  193.20849609375
Memory cached:  198.0
--------------------  Trial  37   --------------------
Start timing: 
Parameters: 
{'W_layers': 3, 'W_layer_units_exponent_0': 6, 'W_layer_units_exponent_1': 7, 'W_layer_units_exponent_2': 7, 'D_layers': 7, 'D_layer_units_exponent_0': 9, 'D_layer_units_exponent_1': 4, 'D_layer_units_exponent_2': 5, 'D_layer_units_exponent_3': 10, 'D_layer_units_exponent_4': 9, 'D_layer_units_exponent_5': 5, 'D_layer_units_exponent_6': 9, 'log_learning_rate': -4.283046513702261, 'log_learning_rate_D': -1.4765654401748778, 'training_batch_size': 11, 'training_p': 2}
	 epoch  0 training error:  tensor(1.0156, device='cuda:0', grad_fn=<DivBackward0>)
Memory status after this epoch: 
Memory allocated:  9.6435546875
Memory cached:  36.0
	 epoch  10 training error:  tensor(0.8894, device='cuda:0', grad_fn=<DivBackward0>)
Memory status after this epoch: 
Memory allocated:  9.6435546875
Memory cached:  36.0
	 epoch  20 training error:  tensor(0.7640, device='cuda:0', grad_fn=<DivBackward0>)
Memory status after this epoch: 
Memory allocated:  9.6435546875
Memory cached:  36.0
	 epoch  30 training error:  tensor(0.6304, device='cuda:0', grad_fn=<DivBackward0>)
Memory status after this epoch: 
Memory allocated:  9.6435546875
Memory cached:  36.0
	 epoch  40 training error:  tensor(0.4890, device='cuda:0', grad_fn=<DivBackward0>)
Memory status after this epoch: 
Memory allocated:  9.6435546875
Memory cached:  36.0
	 epoch  50 training error:  tensor(0.3486, device='cuda:0', grad_fn=<DivBackward0>)
Memory status after this epoch: 
Memory allocated:  9.6435546875
Memory cached:  36.0
	 epoch  60 training error:  tensor(0.2531, device='cuda:0', grad_fn=<DivBackward0>)
Memory status after this epoch: 
Memory allocated:  9.6435546875
Memory cached:  36.0
	 epoch  70 training error:  tensor(0.2398, device='cuda:0', grad_fn=<DivBackward0>)
Memory status after this epoch: 
Memory allocated:  9.6435546875
Memory cached:  36.0
	 epoch  80 training error:  tensor(0.2431, device='cuda:0', grad_fn=<DivBackward0>)
Memory status after this epoch: 
Memory allocated:  9.6435546875
Memory cached:  36.0
	 epoch  90 training error:  tensor(0.2385, device='cuda:0', grad_fn=<DivBackward0>)
Memory status after this epoch: 
Memory allocated:  9.6435546875
Memory cached:  36.0
[I 2023-11-01 17:19:32,998] Trial 37 finished with value: 0.23358285427093506 and parameters: {'W_layers': 3, 'W_layer_units_exponent_0': 6, 'W_layer_units_exponent_1': 7, 'W_layer_units_exponent_2': 7, 'D_layers': 7, 'D_layer_units_exponent_0': 9, 'D_layer_units_exponent_1': 4, 'D_layer_units_exponent_2': 5, 'D_layer_units_exponent_3': 10, 'D_layer_units_exponent_4': 9, 'D_layer_units_exponent_5': 5, 'D_layer_units_exponent_6': 9, 'log_learning_rate': -4.283046513702261, 'log_learning_rate_D': -1.4765654401748778, 'training_batch_size': 11, 'training_p': 2}. Best is trial 12 with value: 0.22162218391895294.
Time for this trial:  149.10910320281982
Memory status after this trial: 
Memory allocated:  162.30517578125
Memory cached:  180.0
--------------------  Trial  38   --------------------
Start timing: 
Parameters: 
{'W_layers': 5, 'W_layer_units_exponent_0': 4, 'W_layer_units_exponent_1': 6, 'W_layer_units_exponent_2': 9, 'W_layer_units_exponent_3': 9, 'W_layer_units_exponent_4': 10, 'D_layers': 7, 'D_layer_units_exponent_0': 10, 'D_layer_units_exponent_1': 5, 'D_layer_units_exponent_2': 6, 'D_layer_units_exponent_3': 7, 'D_layer_units_exponent_4': 10, 'D_layer_units_exponent_5': 6, 'D_layer_units_exponent_6': 6, 'log_learning_rate': -4.687137398299314, 'log_learning_rate_D': -1.676830143430375, 'training_batch_size': 10, 'training_p': 7}
	 epoch  0 training error:  tensor(1.0250, device='cuda:0', grad_fn=<DivBackward0>)
Memory status after this epoch: 
Memory allocated:  16.4306640625
Memory cached:  38.0
	 epoch  10 training error:  tensor(0.8547, device='cuda:0', grad_fn=<DivBackward0>)
Memory status after this epoch: 
Memory allocated:  16.4306640625
Memory cached:  40.0
	 epoch  20 training error:  tensor(0.6696, device='cuda:0', grad_fn=<DivBackward0>)
Memory status after this epoch: 
Memory allocated:  16.4306640625
Memory cached:  40.0
	 epoch  30 training error:  tensor(0.4562, device='cuda:0', grad_fn=<DivBackward0>)
Memory status after this epoch: 
Memory allocated:  16.4306640625
Memory cached:  40.0
	 epoch  40 training error:  tensor(0.2595, device='cuda:0', grad_fn=<DivBackward0>)
Memory status after this epoch: 
Memory allocated:  16.4306640625
Memory cached:  40.0
	 epoch  50 training error:  tensor(0.2614, device='cuda:0', grad_fn=<DivBackward0>)
Memory status after this epoch: 
Memory allocated:  16.4306640625
Memory cached:  40.0
	 epoch  60 training error:  tensor(0.2625, device='cuda:0', grad_fn=<DivBackward0>)
Memory status after this epoch: 
Memory allocated:  16.4306640625
Memory cached:  40.0
	 epoch  70 training error:  tensor(0.2607, device='cuda:0', grad_fn=<DivBackward0>)
Memory status after this epoch: 
Memory allocated:  16.4306640625
Memory cached:  40.0
	 epoch  80 training error:  tensor(0.2597, device='cuda:0', grad_fn=<DivBackward0>)
Memory status after this epoch: 
Memory allocated:  16.4306640625
Memory cached:  40.0
	 epoch  90 training error:  tensor(0.2593, device='cuda:0', grad_fn=<DivBackward0>)
Memory status after this epoch: 
Memory allocated:  16.4306640625
Memory cached:  40.0
[I 2023-11-01 17:22:29,003] Trial 38 finished with value: 0.23017339408397675 and parameters: {'W_layers': 5, 'W_layer_units_exponent_0': 4, 'W_layer_units_exponent_1': 6, 'W_layer_units_exponent_2': 9, 'W_layer_units_exponent_3': 9, 'W_layer_units_exponent_4': 10, 'D_layers': 7, 'D_layer_units_exponent_0': 10, 'D_layer_units_exponent_1': 5, 'D_layer_units_exponent_2': 6, 'D_layer_units_exponent_3': 7, 'D_layer_units_exponent_4': 10, 'D_layer_units_exponent_5': 6, 'D_layer_units_exponent_6': 6, 'log_learning_rate': -4.687137398299314, 'log_learning_rate_D': -1.676830143430375, 'training_batch_size': 10, 'training_p': 7}. Best is trial 12 with value: 0.22162218391895294.
Time for this trial:  175.75423526763916
Memory status after this trial: 
Memory allocated:  249.56884765625
Memory cached:  270.0
--------------------  Trial  39   --------------------
Start timing: 
Parameters: 
{'W_layers': 4, 'W_layer_units_exponent_0': 5, 'W_layer_units_exponent_1': 8, 'W_layer_units_exponent_2': 8, 'W_layer_units_exponent_3': 10, 'D_layers': 8, 'D_layer_units_exponent_0': 7, 'D_layer_units_exponent_1': 4, 'D_layer_units_exponent_2': 4, 'D_layer_units_exponent_3': 9, 'D_layer_units_exponent_4': 5, 'D_layer_units_exponent_5': 4, 'D_layer_units_exponent_6': 8, 'D_layer_units_exponent_7': 8, 'log_learning_rate': -4.997395397174467, 'log_learning_rate_D': -2.3537066972545113, 'training_batch_size': 9, 'training_p': 6}
	 epoch  0 training error:  tensor(0.9937, device='cuda:0', grad_fn=<DivBackward0>)
Memory status after this epoch: 
Memory allocated:  6.7255859375
Memory cached:  14.0
	 epoch  10 training error:  tensor(0.8960, device='cuda:0', grad_fn=<DivBackward0>)
Memory status after this epoch: 
Memory allocated:  6.7255859375
Memory cached:  18.0
	 epoch  20 training error:  tensor(0.8147, device='cuda:0', grad_fn=<DivBackward0>)
Memory status after this epoch: 
Memory allocated:  6.7255859375
Memory cached:  16.0
	 epoch  30 training error:  tensor(0.7209, device='cuda:0', grad_fn=<DivBackward0>)
Memory status after this epoch: 
Memory allocated:  6.7255859375
Memory cached:  16.0
	 epoch  40 training error:  tensor(0.6177, device='cuda:0', grad_fn=<DivBackward0>)
Memory status after this epoch: 
Memory allocated:  6.7255859375
Memory cached:  18.0
	 epoch  50 training error:  tensor(0.5134, device='cuda:0', grad_fn=<DivBackward0>)
Memory status after this epoch: 
Memory allocated:  6.7255859375
Memory cached:  16.0
	 epoch  60 training error:  tensor(0.4068, device='cuda:0', grad_fn=<DivBackward0>)
Memory status after this epoch: 
Memory allocated:  6.7255859375
Memory cached:  16.0
	 epoch  70 training error:  tensor(0.3056, device='cuda:0', grad_fn=<DivBackward0>)
Memory status after this epoch: 
Memory allocated:  6.7255859375
Memory cached:  18.0
	 epoch  80 training error:  tensor(0.2587, device='cuda:0', grad_fn=<DivBackward0>)
Memory status after this epoch: 
Memory allocated:  6.7255859375
Memory cached:  16.0
	 epoch  90 training error:  tensor(0.2604, device='cuda:0', grad_fn=<DivBackward0>)
Memory status after this epoch: 
Memory allocated:  6.7255859375
Memory cached:  16.0
[I 2023-11-01 17:25:12,692] Trial 39 finished with value: 0.23132768273353577 and parameters: {'W_layers': 4, 'W_layer_units_exponent_0': 5, 'W_layer_units_exponent_1': 8, 'W_layer_units_exponent_2': 8, 'W_layer_units_exponent_3': 10, 'D_layers': 8, 'D_layer_units_exponent_0': 7, 'D_layer_units_exponent_1': 4, 'D_layer_units_exponent_2': 4, 'D_layer_units_exponent_3': 9, 'D_layer_units_exponent_4': 5, 'D_layer_units_exponent_5': 4, 'D_layer_units_exponent_6': 8, 'D_layer_units_exponent_7': 8, 'log_learning_rate': -4.997395397174467, 'log_learning_rate_D': -2.3537066972545113, 'training_batch_size': 9, 'training_p': 6}. Best is trial 12 with value: 0.22162218391895294.
Time for this trial:  163.43549513816833
Memory status after this trial: 
Memory allocated:  153.3916015625
Memory cached:  158.0
--------------------  Trial  40   --------------------
Start timing: 
Parameters: 
{'W_layers': 7, 'W_layer_units_exponent_0': 7, 'W_layer_units_exponent_1': 6, 'W_layer_units_exponent_2': 10, 'W_layer_units_exponent_3': 6, 'W_layer_units_exponent_4': 8, 'W_layer_units_exponent_5': 7, 'W_layer_units_exponent_6': 7, 'D_layers': 6, 'D_layer_units_exponent_0': 9, 'D_layer_units_exponent_1': 5, 'D_layer_units_exponent_2': 4, 'D_layer_units_exponent_3': 10, 'D_layer_units_exponent_4': 9, 'D_layer_units_exponent_5': 5, 'log_learning_rate': -4.0016344985221854, 'log_learning_rate_D': -1.4211682181042584, 'training_batch_size': 8, 'training_p': 3}
	 epoch  0 training error:  tensor(0.9949, device='cuda:0', grad_fn=<DivBackward0>)
Memory status after this epoch: 
Memory allocated:  12.0322265625
Memory cached:  38.0
	 epoch  10 training error:  tensor(0.8039, device='cuda:0', grad_fn=<DivBackward0>)
Memory status after this epoch: 
Memory allocated:  12.0322265625
Memory cached:  42.0
	 epoch  20 training error:  tensor(0.2520, device='cuda:0', grad_fn=<DivBackward0>)
Memory status after this epoch: 
Memory allocated:  12.0322265625
Memory cached:  42.0
	 epoch  30 training error:  tensor(0.2493, device='cuda:0', grad_fn=<DivBackward0>)
Memory status after this epoch: 
Memory allocated:  12.0322265625
Memory cached:  42.0
	 epoch  40 training error:  tensor(0.2470, device='cuda:0', grad_fn=<DivBackward0>)
Memory status after this epoch: 
Memory allocated:  12.0322265625
Memory cached:  42.0
	 epoch  50 training error:  tensor(0.2473, device='cuda:0', grad_fn=<DivBackward0>)
Memory status after this epoch: 
Memory allocated:  12.0322265625
Memory cached:  42.0
	 epoch  60 training error:  tensor(0.2474, device='cuda:0', grad_fn=<DivBackward0>)
Memory status after this epoch: 
Memory allocated:  12.0322265625
Memory cached:  42.0
	 epoch  70 training error:  tensor(0.2475, device='cuda:0', grad_fn=<DivBackward0>)
Memory status after this epoch: 
Memory allocated:  12.0322265625
Memory cached:  42.0
	 epoch  80 training error:  tensor(0.2473, device='cuda:0', grad_fn=<DivBackward0>)
Memory status after this epoch: 
Memory allocated:  12.0322265625
Memory cached:  42.0
	 epoch  90 training error:  tensor(0.2470, device='cuda:0', grad_fn=<DivBackward0>)
Memory status after this epoch: 
Memory allocated:  12.0322265625
Memory cached:  42.0
