[I 2023-11-08 15:08:01,574] Trial 3 finished with value: 0.04438633471727371 and parameters: {'W_layers': 5, 'W_layer_units_exponent_0': 6, 'W_layer_units_exponent_1': 9, 'W_layer_units_exponent_2': 10, 'W_layer_units_exponent_3': 7, 'W_layer_units_exponent_4': 8, 'D_layers': 2, 'D_layer_units_exponent_0': 10, 'D_layer_units_exponent_1': 10, 'D_dagger_layers': 5, 'D_dagger_layer_units_exponent_0': 4, 'D_dagger_layer_units_exponent_1': 5, 'D_dagger_layer_units_exponent_2': 9, 'D_dagger_layer_units_exponent_3': 5, 'D_dagger_layer_units_exponent_4': 10, 'log_learning_rate': -2.6183842693475143, 'log_learning_rate_D': -3.341751888791733, 'log_learning_rate_D_dagger': -3.8583771215522136, 'training_batch_size': 9, 'training_p': 4}. Best is trial 3 with value: 0.04438633471727371.
Time for this trial:  192.81510734558105
Memory status after this trial: 
Memory allocated:  315.79248046875
Memory cached:  328.0
--------------------  Trial  4   --------------------
Start timing: 
Parameters: 
{'W_layers': 7, 'W_layer_units_exponent_0': 6, 'W_layer_units_exponent_1': 4, 'W_layer_units_exponent_2': 6, 'W_layer_units_exponent_3': 4, 'W_layer_units_exponent_4': 5, 'W_layer_units_exponent_5': 7, 'W_layer_units_exponent_6': 6, 'D_layers': 2, 'D_layer_units_exponent_0': 7, 'D_layer_units_exponent_1': 10, 'D_dagger_layers': 6, 'D_dagger_layer_units_exponent_0': 9, 'D_dagger_layer_units_exponent_1': 9, 'D_dagger_layer_units_exponent_2': 5, 'D_dagger_layer_units_exponent_3': 8, 'D_dagger_layer_units_exponent_4': 10, 'D_dagger_layer_units_exponent_5': 7, 'log_learning_rate': -1.5743457438700896, 'log_learning_rate_D': -3.7679162207988766, 'log_learning_rate_D_dagger': -2.368288978233686, 'training_batch_size': 12, 'training_p': 4}
	 epoch  0 training error:  tensor(0.9804, device='cuda:0', grad_fn=<DivBackward0>)
Memory status after this epoch: 
Memory allocated:  12.84130859375
Memory cached:  144.0
	 epoch  10 training error:  tensor(1.6740, device='cuda:0', grad_fn=<DivBackward0>)
Memory status after this epoch: 
Memory allocated:  12.84130859375
Memory cached:  262.0
	 epoch  20 training error:  tensor(0.2689, device='cuda:0', grad_fn=<DivBackward0>)
Memory status after this epoch: 
Memory allocated:  12.84130859375
Memory cached:  268.0
	 epoch  30 training error:  tensor(0.1799, device='cuda:0', grad_fn=<DivBackward0>)
Memory status after this epoch: 
Memory allocated:  12.84130859375
Memory cached:  272.0
	 epoch  40 training error:  tensor(0.1502, device='cuda:0', grad_fn=<DivBackward0>)
Memory status after this epoch: 
Memory allocated:  12.84130859375
Memory cached:  258.0
	 epoch  50 training error:  tensor(0.1319, device='cuda:0', grad_fn=<DivBackward0>)
Memory status after this epoch: 
Memory allocated:  12.84130859375
Memory cached:  272.0
	 epoch  60 training error:  tensor(0.1630, device='cuda:0', grad_fn=<DivBackward0>)
Memory status after this epoch: 
Memory allocated:  12.84130859375
Memory cached:  272.0
	 epoch  70 training error:  tensor(0.1439, device='cuda:0', grad_fn=<DivBackward0>)
Memory status after this epoch: 
Memory allocated:  12.84130859375
Memory cached:  258.0
	 epoch  80 training error:  tensor(0.1575, device='cuda:0', grad_fn=<DivBackward0>)
Memory status after this epoch: 
Memory allocated:  12.84130859375
Memory cached:  260.0
	 epoch  90 training error:  tensor(0.1525, device='cuda:0', grad_fn=<DivBackward0>)
Memory status after this epoch: 
Memory allocated:  12.84130859375
Memory cached:  274.0
[I 2023-11-08 15:11:22,624] Trial 4 finished with value: 0.13637211918830872 and parameters: {'W_layers': 7, 'W_layer_units_exponent_0': 6, 'W_layer_units_exponent_1': 4, 'W_layer_units_exponent_2': 6, 'W_layer_units_exponent_3': 4, 'W_layer_units_exponent_4': 5, 'W_layer_units_exponent_5': 7, 'W_layer_units_exponent_6': 6, 'D_layers': 2, 'D_layer_units_exponent_0': 7, 'D_layer_units_exponent_1': 10, 'D_dagger_layers': 6, 'D_dagger_layer_units_exponent_0': 9, 'D_dagger_layer_units_exponent_1': 9, 'D_dagger_layer_units_exponent_2': 5, 'D_dagger_layer_units_exponent_3': 8, 'D_dagger_layer_units_exponent_4': 10, 'D_dagger_layer_units_exponent_5': 7, 'log_learning_rate': -1.5743457438700896, 'log_learning_rate_D': -3.7679162207988766, 'log_learning_rate_D_dagger': -2.368288978233686, 'training_batch_size': 12, 'training_p': 4}. Best is trial 3 with value: 0.04438633471727371.
Time for this trial:  200.8909547328949
Memory status after this trial: 
Memory allocated:  220.70458984375
Memory cached:  228.0
--------------------  Trial  5   --------------------
Start timing: 
Parameters: 
{'W_layers': 7, 'W_layer_units_exponent_0': 10, 'W_layer_units_exponent_1': 8, 'W_layer_units_exponent_2': 4, 'W_layer_units_exponent_3': 4, 'W_layer_units_exponent_4': 7, 'W_layer_units_exponent_5': 10, 'W_layer_units_exponent_6': 4, 'D_layers': 6, 'D_layer_units_exponent_0': 5, 'D_layer_units_exponent_1': 9, 'D_layer_units_exponent_2': 4, 'D_layer_units_exponent_3': 6, 'D_layer_units_exponent_4': 4, 'D_layer_units_exponent_5': 9, 'D_dagger_layers': 3, 'D_dagger_layer_units_exponent_0': 9, 'D_dagger_layer_units_exponent_1': 9, 'D_dagger_layer_units_exponent_2': 5, 'log_learning_rate': -4.663338369365465, 'log_learning_rate_D': -3.1258456709555156, 'log_learning_rate_D_dagger': -1.1908759036167216, 'training_batch_size': 10, 'training_p': 2}
	 epoch  0 training error:  tensor(0.5965, device='cuda:0', grad_fn=<DivBackward0>)
Memory status after this epoch: 
Memory allocated:  11.39990234375
Memory cached:  150.0
	 epoch  10 training error:  tensor(0.8072, device='cuda:0', grad_fn=<DivBackward0>)
Memory status after this epoch: 
Memory allocated:  11.39990234375
Memory cached:  270.0
	 epoch  20 training error:  tensor(6346.9561, device='cuda:0', grad_fn=<DivBackward0>)
Memory status after this epoch: 
Memory allocated:  11.39990234375
Memory cached:  270.0
	 epoch  30 training error:  tensor(0.2243, device='cuda:0', grad_fn=<DivBackward0>)
Memory status after this epoch: 
Memory allocated:  11.39990234375
Memory cached:  262.0
	 epoch  40 training error:  tensor(0.1414, device='cuda:0', grad_fn=<DivBackward0>)
Memory status after this epoch: 
Memory allocated:  11.39990234375
Memory cached:  280.0
	 epoch  50 training error:  tensor(0.1202, device='cuda:0', grad_fn=<DivBackward0>)
Memory status after this epoch: 
Memory allocated:  11.39990234375
Memory cached:  284.0
	 epoch  60 training error:  tensor(0.1167, device='cuda:0', grad_fn=<DivBackward0>)
Memory status after this epoch: 
Memory allocated:  11.39990234375
Memory cached:  266.0
	 epoch  70 training error:  tensor(0.1154, device='cuda:0', grad_fn=<DivBackward0>)
Memory status after this epoch: 
Memory allocated:  11.39990234375
Memory cached:  262.0
	 epoch  80 training error:  tensor(0.1148, device='cuda:0', grad_fn=<DivBackward0>)
Memory status after this epoch: 
Memory allocated:  11.39990234375
Memory cached:  262.0
	 epoch  90 training error:  tensor(0.1140, device='cuda:0', grad_fn=<DivBackward0>)
Memory status after this epoch: 
Memory allocated:  11.39990234375
Memory cached:  282.0
[I 2023-11-08 15:14:56,197] Trial 5 finished with value: 0.10441334545612335 and parameters: {'W_layers': 7, 'W_layer_units_exponent_0': 10, 'W_layer_units_exponent_1': 8, 'W_layer_units_exponent_2': 4, 'W_layer_units_exponent_3': 4, 'W_layer_units_exponent_4': 7, 'W_layer_units_exponent_5': 10, 'W_layer_units_exponent_6': 4, 'D_layers': 6, 'D_layer_units_exponent_0': 5, 'D_layer_units_exponent_1': 9, 'D_layer_units_exponent_2': 4, 'D_layer_units_exponent_3': 6, 'D_layer_units_exponent_4': 4, 'D_layer_units_exponent_5': 9, 'D_dagger_layers': 3, 'D_dagger_layer_units_exponent_0': 9, 'D_dagger_layer_units_exponent_1': 9, 'D_dagger_layer_units_exponent_2': 5, 'log_learning_rate': -4.663338369365465, 'log_learning_rate_D': -3.1258456709555156, 'log_learning_rate_D_dagger': -1.1908759036167216, 'training_batch_size': 10, 'training_p': 2}. Best is trial 3 with value: 0.04438633471727371.
Time for this trial:  213.4018850326538
Memory status after this trial: 
Memory allocated:  257.236328125
Memory cached:  264.0
--------------------  Trial  6   --------------------
Start timing: 
Parameters: 
{'W_layers': 5, 'W_layer_units_exponent_0': 8, 'W_layer_units_exponent_1': 6, 'W_layer_units_exponent_2': 7, 'W_layer_units_exponent_3': 8, 'W_layer_units_exponent_4': 5, 'D_layers': 5, 'D_layer_units_exponent_0': 9, 'D_layer_units_exponent_1': 4, 'D_layer_units_exponent_2': 7, 'D_layer_units_exponent_3': 6, 'D_layer_units_exponent_4': 9, 'D_dagger_layers': 3, 'D_dagger_layer_units_exponent_0': 7, 'D_dagger_layer_units_exponent_1': 6, 'D_dagger_layer_units_exponent_2': 7, 'log_learning_rate': -4.308277761761556, 'log_learning_rate_D': -3.764977714873066, 'log_learning_rate_D_dagger': -4.175585286341567, 'training_batch_size': 12, 'training_p': 4}
	 epoch  0 training error:  tensor(1.4320, device='cuda:0', grad_fn=<DivBackward0>)
Memory status after this epoch: 
Memory allocated:  2.23193359375
Memory cached:  122.0
	 epoch  10 training error:  tensor(0.4812, device='cuda:0', grad_fn=<DivBackward0>)
Memory status after this epoch: 
Memory allocated:  2.23193359375
Memory cached:  194.0
	 epoch  20 training error:  tensor(0.3388, device='cuda:0', grad_fn=<DivBackward0>)
Memory status after this epoch: 
Memory allocated:  2.23193359375
Memory cached:  188.0
	 epoch  30 training error:  tensor(0.1922, device='cuda:0', grad_fn=<DivBackward0>)
Memory status after this epoch: 
Memory allocated:  2.23193359375
Memory cached:  202.0
	 epoch  40 training error:  tensor(0.1370, device='cuda:0', grad_fn=<DivBackward0>)
Memory status after this epoch: 
Memory allocated:  2.23193359375
Memory cached:  194.0
	 epoch  50 training error:  tensor(0.1054, device='cuda:0', grad_fn=<DivBackward0>)
Memory status after this epoch: 
Memory allocated:  2.23193359375
Memory cached:  192.0
	 epoch  60 training error:  tensor(0.0971, device='cuda:0', grad_fn=<DivBackward0>)
Memory status after this epoch: 
Memory allocated:  2.23193359375
Memory cached:  198.0
	 epoch  70 training error:  tensor(0.0932, device='cuda:0', grad_fn=<DivBackward0>)
Memory status after this epoch: 
Memory allocated:  2.23193359375
Memory cached:  208.0
	 epoch  80 training error:  tensor(0.0893, device='cuda:0', grad_fn=<DivBackward0>)
Memory status after this epoch: 
Memory allocated:  2.23193359375
Memory cached:  192.0
	 epoch  90 training error:  tensor(0.0856, device='cuda:0', grad_fn=<DivBackward0>)
Memory status after this epoch: 
Memory allocated:  2.23193359375
Memory cached:  198.0
[I 2023-11-08 15:17:52,898] Trial 6 finished with value: 0.06742924451828003 and parameters: {'W_layers': 5, 'W_layer_units_exponent_0': 8, 'W_layer_units_exponent_1': 6, 'W_layer_units_exponent_2': 7, 'W_layer_units_exponent_3': 8, 'W_layer_units_exponent_4': 5, 'D_layers': 5, 'D_layer_units_exponent_0': 9, 'D_layer_units_exponent_1': 4, 'D_layer_units_exponent_2': 7, 'D_layer_units_exponent_3': 6, 'D_layer_units_exponent_4': 9, 'D_dagger_layers': 3, 'D_dagger_layer_units_exponent_0': 7, 'D_dagger_layer_units_exponent_1': 6, 'D_dagger_layer_units_exponent_2': 7, 'log_learning_rate': -4.308277761761556, 'log_learning_rate_D': -3.764977714873066, 'log_learning_rate_D_dagger': -4.175585286341567, 'training_batch_size': 12, 'training_p': 4}. Best is trial 3 with value: 0.04438633471727371.
Time for this trial:  176.5368845462799
Memory status after this trial: 
Memory allocated:  123.75390625
Memory cached:  144.0
--------------------  Trial  7   --------------------
Start timing: 
Parameters: 
{'W_layers': 8, 'W_layer_units_exponent_0': 5, 'W_layer_units_exponent_1': 6, 'W_layer_units_exponent_2': 8, 'W_layer_units_exponent_3': 4, 'W_layer_units_exponent_4': 6, 'W_layer_units_exponent_5': 10, 'W_layer_units_exponent_6': 5, 'W_layer_units_exponent_7': 8, 'D_layers': 2, 'D_layer_units_exponent_0': 7, 'D_layer_units_exponent_1': 10, 'D_dagger_layers': 8, 'D_dagger_layer_units_exponent_0': 10, 'D_dagger_layer_units_exponent_1': 4, 'D_dagger_layer_units_exponent_2': 10, 'D_dagger_layer_units_exponent_3': 6, 'D_dagger_layer_units_exponent_4': 8, 'D_dagger_layer_units_exponent_5': 8, 'D_dagger_layer_units_exponent_6': 7, 'D_dagger_layer_units_exponent_7': 4, 'log_learning_rate': -4.148200006129608, 'log_learning_rate_D': -4.68408738224864, 'log_learning_rate_D_dagger': -2.1395650428738477, 'training_batch_size': 8, 'training_p': 8}
	 epoch  0 training error:  tensor(1.0279, device='cuda:0', grad_fn=<DivBackward0>)
Memory status after this epoch: 
Memory allocated:  7.52490234375
Memory cached:  150.0
	 epoch  10 training error:  tensor(0.9051, device='cuda:0', grad_fn=<DivBackward0>)
Memory status after this epoch: 
Memory allocated:  7.52490234375
Memory cached:  274.0
	 epoch  20 training error:  tensor(0.5513, device='cuda:0', grad_fn=<DivBackward0>)
Memory status after this epoch: 
Memory allocated:  7.52490234375
Memory cached:  268.0
	 epoch  30 training error:  tensor(0.2896, device='cuda:0', grad_fn=<DivBackward0>)
Memory status after this epoch: 
Memory allocated:  7.52490234375
Memory cached:  266.0
	 epoch  40 training error:  tensor(0.1978, device='cuda:0', grad_fn=<DivBackward0>)
Memory status after this epoch: 
Memory allocated:  7.52490234375
Memory cached:  270.0
	 epoch  50 training error:  tensor(0.1589, device='cuda:0', grad_fn=<DivBackward0>)
Memory status after this epoch: 
Memory allocated:  7.52490234375
Memory cached:  274.0
	 epoch  60 training error:  tensor(0.1364, device='cuda:0', grad_fn=<DivBackward0>)
Memory status after this epoch: 
Memory allocated:  7.52490234375
Memory cached:  276.0
	 epoch  70 training error:  tensor(0.1382, device='cuda:0', grad_fn=<DivBackward0>)
Memory status after this epoch: 
Memory allocated:  7.52490234375
Memory cached:  270.0
	 epoch  80 training error:  tensor(0.1337, device='cuda:0', grad_fn=<DivBackward0>)
Memory status after this epoch: 
Memory allocated:  7.52490234375
Memory cached:  264.0
	 epoch  90 training error:  tensor(0.1329, device='cuda:0', grad_fn=<DivBackward0>)
Memory status after this epoch: 
Memory allocated:  7.52490234375
Memory cached:  272.0
[I 2023-11-08 15:21:54,792] Trial 7 finished with value: 0.10212188214063644 and parameters: {'W_layers': 8, 'W_layer_units_exponent_0': 5, 'W_layer_units_exponent_1': 6, 'W_layer_units_exponent_2': 8, 'W_layer_units_exponent_3': 4, 'W_layer_units_exponent_4': 6, 'W_layer_units_exponent_5': 10, 'W_layer_units_exponent_6': 5, 'W_layer_units_exponent_7': 8, 'D_layers': 2, 'D_layer_units_exponent_0': 7, 'D_layer_units_exponent_1': 10, 'D_dagger_layers': 8, 'D_dagger_layer_units_exponent_0': 10, 'D_dagger_layer_units_exponent_1': 4, 'D_dagger_layer_units_exponent_2': 10, 'D_dagger_layer_units_exponent_3': 6, 'D_dagger_layer_units_exponent_4': 8, 'D_dagger_layer_units_exponent_5': 8, 'D_dagger_layer_units_exponent_6': 7, 'D_dagger_layer_units_exponent_7': 4, 'log_learning_rate': -4.148200006129608, 'log_learning_rate_D': -4.68408738224864, 'log_learning_rate_D_dagger': -2.1395650428738477, 'training_batch_size': 8, 'training_p': 8}. Best is trial 3 with value: 0.04438633471727371.
Time for this trial:  241.74560236930847
Memory status after this trial: 
Memory allocated:  307.93896484375
Memory cached:  312.0
--------------------  Trial  8   --------------------
Start timing: 
Parameters: 
{'W_layers': 4, 'W_layer_units_exponent_0': 10, 'W_layer_units_exponent_1': 6, 'W_layer_units_exponent_2': 6, 'W_layer_units_exponent_3': 4, 'D_layers': 5, 'D_layer_units_exponent_0': 9, 'D_layer_units_exponent_1': 7, 'D_layer_units_exponent_2': 10, 'D_layer_units_exponent_3': 5, 'D_layer_units_exponent_4': 7, 'D_dagger_layers': 3, 'D_dagger_layer_units_exponent_0': 9, 'D_dagger_layer_units_exponent_1': 10, 'D_dagger_layer_units_exponent_2': 5, 'log_learning_rate': -1.362790613022152, 'log_learning_rate_D': -3.4571810595171577, 'log_learning_rate_D_dagger': -2.680914593190481, 'training_batch_size': 11, 'training_p': 4}
	 epoch  0 training error:  tensor(0.7245, device='cuda:0', grad_fn=<DivBackward0>)
Memory status after this epoch: 
Memory allocated:  13.41162109375
Memory cached:  174.0
	 epoch  10 training error:  tensor(0.6402, device='cuda:0', grad_fn=<DivBackward0>)
Memory status after this epoch: 
Memory allocated:  13.41162109375
Memory cached:  292.0
	 epoch  20 training error:  tensor(0.2260, device='cuda:0', grad_fn=<DivBackward0>)
Memory status after this epoch: 
Memory allocated:  13.41162109375
Memory cached:  292.0
	 epoch  30 training error:  tensor(0.1263, device='cuda:0', grad_fn=<DivBackward0>)
Memory status after this epoch: 
Memory allocated:  13.41162109375
Memory cached:  272.0
	 epoch  40 training error:  tensor(0.1024, device='cuda:0', grad_fn=<DivBackward0>)
Memory status after this epoch: 
Memory allocated:  13.41162109375
Memory cached:  306.0
	 epoch  50 training error:  tensor(0.0906, device='cuda:0', grad_fn=<DivBackward0>)
Memory status after this epoch: 
Memory allocated:  13.41162109375
Memory cached:  298.0
	 epoch  60 training error:  tensor(0.1242, device='cuda:0', grad_fn=<DivBackward0>)
Memory status after this epoch: 
Memory allocated:  13.41162109375
Memory cached:  316.0
	 epoch  70 training error:  tensor(0.0806, device='cuda:0', grad_fn=<DivBackward0>)
Memory status after this epoch: 
Memory allocated:  13.41162109375
Memory cached:  292.0
	 epoch  80 training error:  tensor(0.0804, device='cuda:0', grad_fn=<DivBackward0>)
Memory status after this epoch: 
Memory allocated:  13.41162109375
Memory cached:  276.0
	 epoch  90 training error:  tensor(0.0802, device='cuda:0', grad_fn=<DivBackward0>)
Memory status after this epoch: 
Memory allocated:  13.41162109375
Memory cached:  296.0
[I 2023-11-08 15:25:04,553] Trial 8 finished with value: 0.06819397211074829 and parameters: {'W_layers': 4, 'W_layer_units_exponent_0': 10, 'W_layer_units_exponent_1': 6, 'W_layer_units_exponent_2': 6, 'W_layer_units_exponent_3': 4, 'D_layers': 5, 'D_layer_units_exponent_0': 9, 'D_layer_units_exponent_1': 7, 'D_layer_units_exponent_2': 10, 'D_layer_units_exponent_3': 5, 'D_layer_units_exponent_4': 7, 'D_dagger_layers': 3, 'D_dagger_layer_units_exponent_0': 9, 'D_dagger_layer_units_exponent_1': 10, 'D_dagger_layer_units_exponent_2': 5, 'log_learning_rate': -1.362790613022152, 'log_learning_rate_D': -3.4571810595171577, 'log_learning_rate_D_dagger': -2.680914593190481, 'training_batch_size': 11, 'training_p': 4}. Best is trial 3 with value: 0.04438633471727371.
Time for this trial:  189.58822798728943
Memory status after this trial: 
Memory allocated:  250.3671875
Memory cached:  270.0
--------------------  Trial  9   --------------------
Start timing: 
Parameters: 
{'W_layers': 8, 'W_layer_units_exponent_0': 4, 'W_layer_units_exponent_1': 8, 'W_layer_units_exponent_2': 10, 'W_layer_units_exponent_3': 4, 'W_layer_units_exponent_4': 4, 'W_layer_units_exponent_5': 7, 'W_layer_units_exponent_6': 7, 'W_layer_units_exponent_7': 10, 'D_layers': 3, 'D_layer_units_exponent_0': 9, 'D_layer_units_exponent_1': 5, 'D_layer_units_exponent_2': 8, 'D_dagger_layers': 7, 'D_dagger_layer_units_exponent_0': 5, 'D_dagger_layer_units_exponent_1': 6, 'D_dagger_layer_units_exponent_2': 5, 'D_dagger_layer_units_exponent_3': 5, 'D_dagger_layer_units_exponent_4': 4, 'D_dagger_layer_units_exponent_5': 5, 'D_dagger_layer_units_exponent_6': 8, 'log_learning_rate': -1.206071228467056, 'log_learning_rate_D': -4.21218054327481, 'log_learning_rate_D_dagger': -3.270363626674759, 'training_batch_size': 10, 'training_p': 8}
	 epoch  0 training error:  tensor(0.9528, device='cuda:0', grad_fn=<DivBackward0>)
Memory status after this epoch: 
Memory allocated:  7.42724609375
Memory cached:  154.0
	 epoch  10 training error:  tensor(0.9138, device='cuda:0', grad_fn=<DivBackward0>)
Memory status after this epoch: 
Memory allocated:  7.42724609375
Memory cached:  272.0
	 epoch  20 training error:  tensor(0.3259, device='cuda:0', grad_fn=<DivBackward0>)
Memory status after this epoch: 
Memory allocated:  7.42724609375
Memory cached:  272.0
	 epoch  30 training error:  tensor(0.1891, device='cuda:0', grad_fn=<DivBackward0>)
Memory status after this epoch: 
Memory allocated:  7.42724609375
Memory cached:  282.0
	 epoch  40 training error:  tensor(0.1202, device='cuda:0', grad_fn=<DivBackward0>)
Memory status after this epoch: 
Memory allocated:  7.42724609375
Memory cached:  268.0
	 epoch  50 training error:  tensor(0.1053, device='cuda:0', grad_fn=<DivBackward0>)
Memory status after this epoch: 
Memory allocated:  7.42724609375
Memory cached:  258.0
	 epoch  60 training error:  tensor(0.1080, device='cuda:0', grad_fn=<DivBackward0>)
Memory status after this epoch: 
Memory allocated:  7.42724609375
Memory cached:  266.0
	 epoch  70 training error:  tensor(0.1035, device='cuda:0', grad_fn=<DivBackward0>)
Memory status after this epoch: 
Memory allocated:  7.42724609375
Memory cached:  260.0
	 epoch  80 training error:  tensor(0.1020, device='cuda:0', grad_fn=<DivBackward0>)
Memory status after this epoch: 
Memory allocated:  7.42724609375
Memory cached:  268.0
	 epoch  90 training error:  tensor(0.1016, device='cuda:0', grad_fn=<DivBackward0>)
Memory status after this epoch: 
Memory allocated:  7.42724609375
Memory cached:  270.0
