[I 2023-10-30 12:31:54,127] Trial 2 finished with value: 0.23701313138008118 and parameters: {'W_layers': 3, 'W_layer_units_exponent_0': 9, 'W_layer_units_exponent_1': 9, 'W_layer_units_exponent_2': 5, 'D_layers': 2, 'D_layer_units_exponent_0': 6, 'D_layer_units_exponent_1': 7, 'log_learning_rate': -3.6798286543699503, 'log_learning_rate_D': -3.873802556447921, 'training_batch_size': 9, 'training_p': 7}. Best is trial 2 with value: 0.23701313138008118.
Time for this trial:  99.42461800575256
Memory status after this trial: 
Memory allocated:  69.421875
Memory cached:  72.0
--------------------  Trial  3   --------------------
Start timing: 
Parameters: 
{'W_layers': 5, 'W_layer_units_exponent_0': 8, 'W_layer_units_exponent_1': 8, 'W_layer_units_exponent_2': 9, 'W_layer_units_exponent_3': 9, 'W_layer_units_exponent_4': 7, 'D_layers': 3, 'D_layer_units_exponent_0': 5, 'D_layer_units_exponent_1': 9, 'D_layer_units_exponent_2': 4, 'log_learning_rate': -1.4980857754374695, 'log_learning_rate_D': -3.3582654744184426, 'training_batch_size': 8, 'training_p': 4}
	 epoch  0 training error:  tensor(1., device='cuda:0', grad_fn=<DivBackward0>)
Memory status after this epoch: 
Memory allocated:  8.466796875
Memory cached:  16.0
[W 2023-10-30 12:32:00,153] Trial 3 failed with parameters: {'W_layers': 5, 'W_layer_units_exponent_0': 8, 'W_layer_units_exponent_1': 8, 'W_layer_units_exponent_2': 9, 'W_layer_units_exponent_3': 9, 'W_layer_units_exponent_4': 7, 'D_layers': 3, 'D_layer_units_exponent_0': 5, 'D_layer_units_exponent_1': 9, 'D_layer_units_exponent_2': 4, 'log_learning_rate': -1.4980857754374695, 'log_learning_rate_D': -3.3582654744184426, 'training_batch_size': 8, 'training_p': 4} because of the following error: The value nan is not acceptable.
[W 2023-10-30 12:32:00,153] Trial 3 failed with value tensor(nan, device='cuda:0', grad_fn=<DivBackward0>).
Time for this trial:  5.895407199859619
Memory status after this trial: 
Memory allocated:  123.5205078125
Memory cached:  128.0
--------------------  Trial  4   --------------------
Start timing: 
Parameters: 
{'W_layers': 2, 'W_layer_units_exponent_0': 6, 'W_layer_units_exponent_1': 9, 'D_layers': 2, 'D_layer_units_exponent_0': 4, 'D_layer_units_exponent_1': 6, 'log_learning_rate': -3.031605687569, 'log_learning_rate_D': -2.5755637269755063, 'training_batch_size': 8, 'training_p': 5}
	 epoch  0 training error:  tensor(1.0000, device='cuda:0', grad_fn=<DivBackward0>)
Memory status after this epoch: 
Memory allocated:  0.58203125
Memory cached:  6.0
	 epoch  10 training error:  tensor(0.8834, device='cuda:0', grad_fn=<DivBackward0>)
Memory status after this epoch: 
Memory allocated:  0.58203125
Memory cached:  8.0
	 epoch  20 training error:  tensor(0.2734, device='cuda:0', grad_fn=<DivBackward0>)
Memory status after this epoch: 
Memory allocated:  0.58203125
Memory cached:  8.0
	 epoch  30 training error:  tensor(0.3235, device='cuda:0', grad_fn=<DivBackward0>)
Memory status after this epoch: 
Memory allocated:  0.58203125
Memory cached:  8.0
	 epoch  40 training error:  tensor(0.2653, device='cuda:0', grad_fn=<DivBackward0>)
Memory status after this epoch: 
Memory allocated:  0.58203125
Memory cached:  8.0
	 epoch  50 training error:  tensor(0.2562, device='cuda:0', grad_fn=<DivBackward0>)
Memory status after this epoch: 
Memory allocated:  0.58203125
Memory cached:  8.0
	 epoch  60 training error:  tensor(0.2545, device='cuda:0', grad_fn=<DivBackward0>)
Memory status after this epoch: 
Memory allocated:  0.58203125
Memory cached:  8.0
	 epoch  70 training error:  tensor(0.2538, device='cuda:0', grad_fn=<DivBackward0>)
Memory status after this epoch: 
Memory allocated:  0.58203125
Memory cached:  8.0
	 epoch  80 training error:  tensor(0.2526, device='cuda:0', grad_fn=<DivBackward0>)
Memory status after this epoch: 
Memory allocated:  0.58203125
Memory cached:  8.0
	 epoch  90 training error:  tensor(0.2526, device='cuda:0', grad_fn=<DivBackward0>)
Memory status after this epoch: 
Memory allocated:  0.58203125
Memory cached:  8.0
[I 2023-10-30 12:33:27,827] Trial 4 finished with value: 0.23745988309383392 and parameters: {'W_layers': 2, 'W_layer_units_exponent_0': 6, 'W_layer_units_exponent_1': 9, 'D_layers': 2, 'D_layer_units_exponent_0': 4, 'D_layer_units_exponent_1': 6, 'log_learning_rate': -3.031605687569, 'log_learning_rate_D': -2.5755637269755063, 'training_batch_size': 8, 'training_p': 5}. Best is trial 2 with value: 0.23701313138008118.
Time for this trial:  87.54407382011414
Memory status after this trial: 
Memory allocated:  36.09423828125
Memory cached:  38.0
--------------------  Trial  5   --------------------
Start timing: 
Parameters: 
{'W_layers': 5, 'W_layer_units_exponent_0': 7, 'W_layer_units_exponent_1': 4, 'W_layer_units_exponent_2': 10, 'W_layer_units_exponent_3': 9, 'W_layer_units_exponent_4': 5, 'D_layers': 5, 'D_layer_units_exponent_0': 9, 'D_layer_units_exponent_1': 6, 'D_layer_units_exponent_2': 5, 'D_layer_units_exponent_3': 10, 'D_layer_units_exponent_4': 9, 'log_learning_rate': -3.4898260410328765, 'log_learning_rate_D': -1.6678636972876006, 'training_batch_size': 6, 'training_p': 4}
	 epoch  0 training error:  tensor(1.0000, device='cuda:0', grad_fn=<DivBackward0>)
Memory status after this epoch: 
Memory allocated:  17.6708984375
Memory cached:  34.0
[W 2023-10-30 12:33:50,214] Trial 5 failed with parameters: {'W_layers': 5, 'W_layer_units_exponent_0': 7, 'W_layer_units_exponent_1': 4, 'W_layer_units_exponent_2': 10, 'W_layer_units_exponent_3': 9, 'W_layer_units_exponent_4': 5, 'D_layers': 5, 'D_layer_units_exponent_0': 9, 'D_layer_units_exponent_1': 6, 'D_layer_units_exponent_2': 5, 'D_layer_units_exponent_3': 10, 'D_layer_units_exponent_4': 9, 'log_learning_rate': -3.4898260410328765, 'log_learning_rate_D': -1.6678636972876006, 'training_batch_size': 6, 'training_p': 4} because of the following error: The value nan is not acceptable.
[W 2023-10-30 12:33:50,215] Trial 5 failed with value tensor(nan, device='cuda:0', grad_fn=<DivBackward0>).
Time for this trial:  22.247183084487915
Memory status after this trial: 
Memory allocated:  214.44873046875
Memory cached:  228.0
--------------------  Trial  6   --------------------
Start timing: 
Parameters: 
{'W_layers': 5, 'W_layer_units_exponent_0': 4, 'W_layer_units_exponent_1': 9, 'W_layer_units_exponent_2': 10, 'W_layer_units_exponent_3': 5, 'W_layer_units_exponent_4': 10, 'D_layers': 3, 'D_layer_units_exponent_0': 6, 'D_layer_units_exponent_1': 9, 'D_layer_units_exponent_2': 10, 'log_learning_rate': -4.210416327851867, 'log_learning_rate_D': -1.1674547908968642, 'training_batch_size': 9, 'training_p': 4}
	 epoch  0 training error:  tensor(1.0000, device='cuda:0', grad_fn=<DivBackward0>)
Memory status after this epoch: 
Memory allocated:  17.765625
Memory cached:  28.0
[W 2023-10-30 12:33:58,482] Trial 6 failed with parameters: {'W_layers': 5, 'W_layer_units_exponent_0': 4, 'W_layer_units_exponent_1': 9, 'W_layer_units_exponent_2': 10, 'W_layer_units_exponent_3': 5, 'W_layer_units_exponent_4': 10, 'D_layers': 3, 'D_layer_units_exponent_0': 6, 'D_layer_units_exponent_1': 9, 'D_layer_units_exponent_2': 10, 'log_learning_rate': -4.210416327851867, 'log_learning_rate_D': -1.1674547908968642, 'training_batch_size': 9, 'training_p': 4} because of the following error: The value nan is not acceptable.
[W 2023-10-30 12:33:58,483] Trial 6 failed with value tensor(nan, device='cuda:0', grad_fn=<DivBackward0>).
Time for this trial:  8.136264324188232
Memory status after this trial: 
Memory allocated:  233.5732421875
Memory cached:  248.0
--------------------  Trial  7   --------------------
Start timing: 
Parameters: 
{'W_layers': 4, 'W_layer_units_exponent_0': 8, 'W_layer_units_exponent_1': 10, 'W_layer_units_exponent_2': 8, 'W_layer_units_exponent_3': 9, 'D_layers': 2, 'D_layer_units_exponent_0': 10, 'D_layer_units_exponent_1': 10, 'log_learning_rate': -2.330388220769874, 'log_learning_rate_D': -2.708980308532384, 'training_batch_size': 11, 'training_p': 8}
	 epoch  0 training error:  tensor(1.0000, device='cuda:0', grad_fn=<DivBackward0>)
Memory status after this epoch: 
Memory allocated:  26.166015625
Memory cached:  32.0
	 epoch  10 training error:  tensor(0.9993, device='cuda:0', grad_fn=<DivBackward0>)
Memory status after this epoch: 
Memory allocated:  26.166015625
Memory cached:  36.0
[W 2023-10-30 12:34:18,769] Trial 7 failed with parameters: {'W_layers': 4, 'W_layer_units_exponent_0': 8, 'W_layer_units_exponent_1': 10, 'W_layer_units_exponent_2': 8, 'W_layer_units_exponent_3': 9, 'D_layers': 2, 'D_layer_units_exponent_0': 10, 'D_layer_units_exponent_1': 10, 'log_learning_rate': -2.330388220769874, 'log_learning_rate_D': -2.708980308532384, 'training_batch_size': 11, 'training_p': 8} because of the following error: The value nan is not acceptable.
[W 2023-10-30 12:34:18,770] Trial 7 failed with value tensor(nan, device='cuda:0', grad_fn=<DivBackward0>).
Time for this trial:  20.151775121688843
Memory status after this trial: 
Memory allocated:  231.3818359375
Memory cached:  250.0
--------------------  Trial  8   --------------------
Start timing: 
Parameters: 
{'W_layers': 5, 'W_layer_units_exponent_0': 9, 'W_layer_units_exponent_1': 10, 'W_layer_units_exponent_2': 7, 'W_layer_units_exponent_3': 9, 'W_layer_units_exponent_4': 6, 'D_layers': 4, 'D_layer_units_exponent_0': 10, 'D_layer_units_exponent_1': 4, 'D_layer_units_exponent_2': 7, 'D_layer_units_exponent_3': 5, 'log_learning_rate': -4.983904841326805, 'log_learning_rate_D': -1.2467938510635617, 'training_batch_size': 11, 'training_p': 3}
	 epoch  0 training error:  tensor(1., device='cuda:0', grad_fn=<DivBackward0>)
Memory status after this epoch: 
Memory allocated:  11.99609375
Memory cached:  36.0
	 epoch  10 training error:  tensor(1., device='cuda:0', grad_fn=<DivBackward0>)
Memory status after this epoch: 
Memory allocated:  11.99609375
Memory cached:  38.0
	 epoch  20 training error:  tensor(1., device='cuda:0', grad_fn=<DivBackward0>)
Memory status after this epoch: 
Memory allocated:  11.99609375
Memory cached:  38.0
	 epoch  30 training error:  tensor(1.0000, device='cuda:0', grad_fn=<DivBackward0>)
Memory status after this epoch: 
Memory allocated:  11.99609375
Memory cached:  38.0
[W 2023-10-30 12:35:06,393] Trial 8 failed with parameters: {'W_layers': 5, 'W_layer_units_exponent_0': 9, 'W_layer_units_exponent_1': 10, 'W_layer_units_exponent_2': 7, 'W_layer_units_exponent_3': 9, 'W_layer_units_exponent_4': 6, 'D_layers': 4, 'D_layer_units_exponent_0': 10, 'D_layer_units_exponent_1': 4, 'D_layer_units_exponent_2': 7, 'D_layer_units_exponent_3': 5, 'log_learning_rate': -4.983904841326805, 'log_learning_rate_D': -1.2467938510635617, 'training_batch_size': 11, 'training_p': 3} because of the following error: The value nan is not acceptable.
[W 2023-10-30 12:35:06,394] Trial 8 failed with value tensor(nan, device='cuda:0', grad_fn=<DivBackward0>).
Time for this trial:  47.48813199996948
Memory status after this trial: 
Memory allocated:  189.884765625
Memory cached:  210.0
--------------------  Trial  9   --------------------
Start timing: 
Parameters: 
{'W_layers': 4, 'W_layer_units_exponent_0': 8, 'W_layer_units_exponent_1': 7, 'W_layer_units_exponent_2': 9, 'W_layer_units_exponent_3': 5, 'D_layers': 5, 'D_layer_units_exponent_0': 4, 'D_layer_units_exponent_1': 9, 'D_layer_units_exponent_2': 4, 'D_layer_units_exponent_3': 6, 'D_layer_units_exponent_4': 6, 'log_learning_rate': -4.028822594991846, 'log_learning_rate_D': -4.295368292627959, 'training_batch_size': 7, 'training_p': 6}
	 epoch  0 training error:  tensor(1.0000, device='cuda:0', grad_fn=<DivBackward0>)
Memory status after this epoch: 
Memory allocated:  2.1640625
Memory cached:  12.0
	 epoch  10 training error:  tensor(1.0000, device='cuda:0', grad_fn=<DivBackward0>)
Memory status after this epoch: 
Memory allocated:  2.1640625
Memory cached:  14.0
	 epoch  20 training error:  tensor(0.9999, device='cuda:0', grad_fn=<DivBackward0>)
Memory status after this epoch: 
Memory allocated:  2.1640625
Memory cached:  14.0
	 epoch  30 training error:  tensor(0.9998, device='cuda:0', grad_fn=<DivBackward0>)
Memory status after this epoch: 
Memory allocated:  2.1640625
Memory cached:  14.0
	 epoch  40 training error:  tensor(0.9995, device='cuda:0', grad_fn=<DivBackward0>)
Memory status after this epoch: 
Memory allocated:  2.1640625
Memory cached:  14.0
	 epoch  50 training error:  tensor(0.9990, device='cuda:0', grad_fn=<DivBackward0>)
Memory status after this epoch: 
Memory allocated:  2.1640625
Memory cached:  14.0
	 epoch  60 training error:  tensor(0.9979, device='cuda:0', grad_fn=<DivBackward0>)
Memory status after this epoch: 
Memory allocated:  2.1640625
Memory cached:  14.0
	 epoch  70 training error:  tensor(0.9956, device='cuda:0', grad_fn=<DivBackward0>)
Memory status after this epoch: 
Memory allocated:  2.1640625
Memory cached:  16.0
	 epoch  80 training error:  tensor(0.9906, device='cuda:0', grad_fn=<DivBackward0>)
Memory status after this epoch: 
Memory allocated:  2.1640625
Memory cached:  14.0
	 epoch  90 training error:  tensor(0.9786, device='cuda:0', grad_fn=<DivBackward0>)
Memory status after this epoch: 
Memory allocated:  2.1640625
Memory cached:  14.0
[I 2023-10-30 12:37:19,362] Trial 9 finished with value: 0.9373350143432617 and parameters: {'W_layers': 4, 'W_layer_units_exponent_0': 8, 'W_layer_units_exponent_1': 7, 'W_layer_units_exponent_2': 9, 'W_layer_units_exponent_3': 5, 'D_layers': 5, 'D_layer_units_exponent_0': 4, 'D_layer_units_exponent_1': 9, 'D_layer_units_exponent_2': 4, 'D_layer_units_exponent_3': 6, 'D_layer_units_exponent_4': 6, 'log_learning_rate': -4.028822594991846, 'log_learning_rate_D': -4.295368292627959, 'training_batch_size': 7, 'training_p': 6}. Best is trial 2 with value: 0.23701313138008118.
Time for this trial:  132.81295824050903
Memory status after this trial: 
Memory allocated:  87.1533203125
Memory cached:  90.0
--------------------  Trial  10   --------------------
Start timing: 
Parameters: 
{'W_layers': 3, 'W_layer_units_exponent_0': 7, 'W_layer_units_exponent_1': 7, 'W_layer_units_exponent_2': 10, 'D_layers': 4, 'D_layer_units_exponent_0': 4, 'D_layer_units_exponent_1': 10, 'D_layer_units_exponent_2': 10, 'D_layer_units_exponent_3': 8, 'log_learning_rate': -3.5676740157605047, 'log_learning_rate_D': -3.679095285691676, 'training_batch_size': 9, 'training_p': 7}
	 epoch  0 training error:  tensor(1.0000, device='cuda:0', grad_fn=<DivBackward0>)
Memory status after this epoch: 
Memory allocated:  22.62109375
Memory cached:  36.0
	 epoch  10 training error:  tensor(0.9989, device='cuda:0', grad_fn=<DivBackward0>)
Memory status after this epoch: 
Memory allocated:  22.62109375
Memory cached:  38.0
	 epoch  20 training error:  tensor(0.9952, device='cuda:0', grad_fn=<DivBackward0>)
Memory status after this epoch: 
Memory allocated:  22.62109375
Memory cached:  38.0
	 epoch  30 training error:  tensor(0.9824, device='cuda:0', grad_fn=<DivBackward0>)
Memory status after this epoch: 
Memory allocated:  22.62109375
Memory cached:  38.0
	 epoch  40 training error:  tensor(0.9356, device='cuda:0', grad_fn=<DivBackward0>)
Memory status after this epoch: 
Memory allocated:  22.62109375
Memory cached:  38.0
	 epoch  50 training error:  tensor(0.6491, device='cuda:0', grad_fn=<DivBackward0>)
Memory status after this epoch: 
Memory allocated:  22.62109375
Memory cached:  38.0
	 epoch  60 training error:  tensor(0.3029, device='cuda:0', grad_fn=<DivBackward0>)
Memory status after this epoch: 
Memory allocated:  22.62109375
Memory cached:  38.0
	 epoch  70 training error:  tensor(0.2588, device='cuda:0', grad_fn=<DivBackward0>)
Memory status after this epoch: 
Memory allocated:  22.62109375
Memory cached:  38.0
	 epoch  80 training error:  tensor(0.2575, device='cuda:0', grad_fn=<DivBackward0>)
Memory status after this epoch: 
Memory allocated:  22.62109375
Memory cached:  38.0
	 epoch  90 training error:  tensor(0.2568, device='cuda:0', grad_fn=<DivBackward0>)
Memory status after this epoch: 
Memory allocated:  22.62109375
Memory cached:  38.0
[I 2023-10-30 12:39:30,231] Trial 10 finished with value: 0.23763404786586761 and parameters: {'W_layers': 3, 'W_layer_units_exponent_0': 7, 'W_layer_units_exponent_1': 7, 'W_layer_units_exponent_2': 10, 'D_layers': 4, 'D_layer_units_exponent_0': 4, 'D_layer_units_exponent_1': 10, 'D_layer_units_exponent_2': 10, 'D_layer_units_exponent_3': 8, 'log_learning_rate': -3.5676740157605047, 'log_learning_rate_D': -3.679095285691676, 'training_batch_size': 9, 'training_p': 7}. Best is trial 2 with value: 0.23701313138008118.
Time for this trial:  130.73562693595886
Memory status after this trial: 
Memory allocated:  203.14404296875
Memory cached:  220.0
--------------------  Trial  11   --------------------
Start timing: 
Parameters: 
{'W_layers': 2, 'W_layer_units_exponent_0': 7, 'W_layer_units_exponent_1': 5, 'D_layers': 4, 'D_layer_units_exponent_0': 10, 'D_layer_units_exponent_1': 6, 'D_layer_units_exponent_2': 10, 'D_layer_units_exponent_3': 6, 'log_learning_rate': -4.671379103582074, 'log_learning_rate_D': -2.3547043003310644, 'training_batch_size': 11, 'training_p': 5}
	 epoch  0 training error:  tensor(0.9953, device='cuda:0', grad_fn=<DivBackward0>)
Memory status after this epoch: 
Memory allocated:  3.1796875
Memory cached:  8.0
	 epoch  10 training error:  tensor(0.9944, device='cuda:0', grad_fn=<DivBackward0>)
Memory status after this epoch: 
Memory allocated:  3.1796875
Memory cached:  10.0
	 epoch  20 training error:  tensor(0.9935, device='cuda:0', grad_fn=<DivBackward0>)
Memory status after this epoch: 
Memory allocated:  3.1796875
Memory cached:  10.0
	 epoch  30 training error:  tensor(0.9925, device='cuda:0', grad_fn=<DivBackward0>)
Memory status after this epoch: 
Memory allocated:  3.1796875
Memory cached:  10.0
	 epoch  40 training error:  tensor(0.9914, device='cuda:0', grad_fn=<DivBackward0>)
Memory status after this epoch: 
Memory allocated:  3.1796875
Memory cached:  10.0
	 epoch  50 training error:  tensor(0.9904, device='cuda:0', grad_fn=<DivBackward0>)
Memory status after this epoch: 
Memory allocated:  3.1796875
Memory cached:  10.0
	 epoch  60 training error:  tensor(0.9893, device='cuda:0', grad_fn=<DivBackward0>)
Memory status after this epoch: 
Memory allocated:  3.1796875
Memory cached:  10.0
	 epoch  70 training error:  tensor(0.9881, device='cuda:0', grad_fn=<DivBackward0>)
Memory status after this epoch: 
Memory allocated:  3.1796875
Memory cached:  10.0
	 epoch  80 training error:  tensor(0.9870, device='cuda:0', grad_fn=<DivBackward0>)
Memory status after this epoch: 
Memory allocated:  3.1796875
Memory cached:  10.0
	 epoch  90 training error:  tensor(0.9858, device='cuda:0', grad_fn=<DivBackward0>)
Memory status after this epoch: 
Memory allocated:  3.1796875
Memory cached:  10.0
[I 2023-10-30 12:41:24,327] Trial 11 finished with value: 0.9825448989868164 and parameters: {'W_layers': 2, 'W_layer_units_exponent_0': 7, 'W_layer_units_exponent_1': 5, 'D_layers': 4, 'D_layer_units_exponent_0': 10, 'D_layer_units_exponent_1': 6, 'D_layer_units_exponent_2': 10, 'D_layer_units_exponent_3': 6, 'log_learning_rate': -4.671379103582074, 'log_learning_rate_D': -2.3547043003310644, 'training_batch_size': 11, 'training_p': 5}. Best is trial 2 with value: 0.23701313138008118.
Time for this trial:  113.96025037765503
Memory status after this trial: 
Memory allocated:  125.826171875
Memory cached:  128.0
--------------------  Trial  12   --------------------
Start timing: 
Parameters: 
{'W_layers': 2, 'W_layer_units_exponent_0': 6, 'W_layer_units_exponent_1': 9, 'D_layers': 2, 'D_layer_units_exponent_0': 9, 'D_layer_units_exponent_1': 6, 'log_learning_rate': -1.8985518421932417, 'log_learning_rate_D': -2.772217345733109, 'training_batch_size': 9, 'training_p': 3}
	 epoch  0 training error:  tensor(1.0032, device='cuda:0', grad_fn=<DivBackward0>)
Memory status after this epoch: 
Memory allocated:  1.0859375
Memory cached:  10.0
	 epoch  10 training error:  tensor(0.3433, device='cuda:0', grad_fn=<DivBackward0>)
Memory status after this epoch: 
Memory allocated:  1.0859375
Memory cached:  10.0
	 epoch  20 training error:  tensor(0.2523, device='cuda:0', grad_fn=<DivBackward0>)
Memory status after this epoch: 
Memory allocated:  1.0859375
Memory cached:  10.0
	 epoch  30 training error:  tensor(0.2525, device='cuda:0', grad_fn=<DivBackward0>)
Memory status after this epoch: 
Memory allocated:  1.0859375
Memory cached:  10.0
	 epoch  40 training error:  tensor(0.2456, device='cuda:0', grad_fn=<DivBackward0>)
Memory status after this epoch: 
Memory allocated:  1.0859375
Memory cached:  10.0
	 epoch  50 training error:  tensor(0.2452, device='cuda:0', grad_fn=<DivBackward0>)
Memory status after this epoch: 
Memory allocated:  1.0859375
Memory cached:  10.0
	 epoch  60 training error:  tensor(0.2448, device='cuda:0', grad_fn=<DivBackward0>)
Memory status after this epoch: 
Memory allocated:  1.0859375
Memory cached:  10.0
	 epoch  70 training error:  tensor(0.2444, device='cuda:0', grad_fn=<DivBackward0>)
Memory status after this epoch: 
Memory allocated:  1.0859375
Memory cached:  10.0
	 epoch  80 training error:  tensor(0.2444, device='cuda:0', grad_fn=<DivBackward0>)
Memory status after this epoch: 
Memory allocated:  1.0859375
Memory cached:  10.0
	 epoch  90 training error:  tensor(0.2444, device='cuda:0', grad_fn=<DivBackward0>)
Memory status after this epoch: 
Memory allocated:  1.0859375
Memory cached:  10.0
