[I 2023-10-30 12:21:07,024] Trial 42 finished with value: 0.24034464359283447 and parameters: {'W_layers': 2, 'W_layer_units_exponent_0': 6, 'W_layer_units_exponent_1': 9, 'D_layers': 3, 'D_layer_units_exponent_0': 8, 'D_layer_units_exponent_1': 6, 'D_layer_units_exponent_2': 10, 'log_learning_rate': -2.5086600871071805, 'log_learning_rate_D': -2.7835321345806623, 'training_batch_size': 6, 'training_p': 5}. Best is trial 23 with value: 0.23587961494922638.
Time for this trial:  183.29986023902893
Memory status after this trial: 
Memory allocated:  103.3876953125
Memory cached:  106.0
--------------------  Trial  43   --------------------
Start timing: 
Parameters: 
{'W_layers': 2, 'W_layer_units_exponent_0': 5, 'W_layer_units_exponent_1': 8, 'D_layers': 4, 'D_layer_units_exponent_0': 8, 'D_layer_units_exponent_1': 5, 'D_layer_units_exponent_2': 8, 'D_layer_units_exponent_3': 7, 'log_learning_rate': -2.746236464604485, 'log_learning_rate_D': -2.4720449975022887, 'training_batch_size': 6, 'training_p': 4}
	 epoch  0 training error:  tensor(0.9992, device='cuda:0', grad_fn=<DivBackward0>)
Memory status after this epoch: 
Memory allocated:  0.9169921875
Memory cached:  8.0
	 epoch  10 training error:  tensor(0.3483, device='cuda:0', grad_fn=<DivBackward0>)
Memory status after this epoch: 
Memory allocated:  0.9169921875
Memory cached:  8.0
	 epoch  20 training error:  tensor(0.2576, device='cuda:0', grad_fn=<DivBackward0>)
Memory status after this epoch: 
Memory allocated:  0.9169921875
Memory cached:  8.0
	 epoch  30 training error:  tensor(0.2497, device='cuda:0', grad_fn=<DivBackward0>)
Memory status after this epoch: 
Memory allocated:  0.9169921875
Memory cached:  8.0
	 epoch  40 training error:  tensor(0.2499, device='cuda:0', grad_fn=<DivBackward0>)
Memory status after this epoch: 
Memory allocated:  0.9169921875
Memory cached:  8.0
	 epoch  50 training error:  tensor(0.2495, device='cuda:0', grad_fn=<DivBackward0>)
Memory status after this epoch: 
Memory allocated:  0.9169921875
Memory cached:  8.0
	 epoch  60 training error:  tensor(0.2495, device='cuda:0', grad_fn=<DivBackward0>)
Memory status after this epoch: 
Memory allocated:  0.9169921875
Memory cached:  8.0
	 epoch  70 training error:  tensor(0.2495, device='cuda:0', grad_fn=<DivBackward0>)
Memory status after this epoch: 
Memory allocated:  0.9169921875
Memory cached:  8.0
	 epoch  80 training error:  tensor(0.2495, device='cuda:0', grad_fn=<DivBackward0>)
Memory status after this epoch: 
Memory allocated:  0.9169921875
Memory cached:  8.0
	 epoch  90 training error:  tensor(0.2496, device='cuda:0', grad_fn=<DivBackward0>)
Memory status after this epoch: 
Memory allocated:  0.9169921875
Memory cached:  8.0
[I 2023-10-30 12:24:19,726] Trial 43 finished with value: 0.23728711903095245 and parameters: {'W_layers': 2, 'W_layer_units_exponent_0': 5, 'W_layer_units_exponent_1': 8, 'D_layers': 4, 'D_layer_units_exponent_0': 8, 'D_layer_units_exponent_1': 5, 'D_layer_units_exponent_2': 8, 'D_layer_units_exponent_3': 7, 'log_learning_rate': -2.746236464604485, 'log_learning_rate_D': -2.4720449975022887, 'training_batch_size': 6, 'training_p': 4}. Best is trial 23 with value: 0.23587961494922638.
Time for this trial:  192.5025463104248
Memory status after this trial: 
Memory allocated:  52.02392578125
Memory cached:  54.0
--------------------  Trial  44   --------------------
Start timing: 
Parameters: 
{'W_layers': 4, 'W_layer_units_exponent_0': 8, 'W_layer_units_exponent_1': 9, 'W_layer_units_exponent_2': 7, 'W_layer_units_exponent_3': 4, 'D_layers': 4, 'D_layer_units_exponent_0': 10, 'D_layer_units_exponent_1': 6, 'D_layer_units_exponent_2': 9, 'D_layer_units_exponent_3': 7, 'log_learning_rate': -2.918299085772993, 'log_learning_rate_D': -1.59548320314698, 'training_batch_size': 8, 'training_p': 5}
	 epoch  0 training error:  tensor(1.0000, device='cuda:0', grad_fn=<DivBackward0>)
Memory status after this epoch: 
Memory allocated:  5.6376953125
Memory cached:  14.0
[W 2023-10-30 12:24:28,686] Trial 44 failed with parameters: {'W_layers': 4, 'W_layer_units_exponent_0': 8, 'W_layer_units_exponent_1': 9, 'W_layer_units_exponent_2': 7, 'W_layer_units_exponent_3': 4, 'D_layers': 4, 'D_layer_units_exponent_0': 10, 'D_layer_units_exponent_1': 6, 'D_layer_units_exponent_2': 9, 'D_layer_units_exponent_3': 7, 'log_learning_rate': -2.918299085772993, 'log_learning_rate_D': -1.59548320314698, 'training_batch_size': 8, 'training_p': 5} because of the following error: The value nan is not acceptable.
[W 2023-10-30 12:24:28,688] Trial 44 failed with value tensor(nan, device='cuda:0', grad_fn=<DivBackward0>).
Time for this trial:  8.738207340240479
Memory status after this trial: 
Memory allocated:  143.7001953125
Memory cached:  148.0
--------------------  Trial  45   --------------------
Start timing: 
Parameters: 
{'W_layers': 4, 'W_layer_units_exponent_0': 8, 'W_layer_units_exponent_1': 9, 'W_layer_units_exponent_2': 7, 'W_layer_units_exponent_3': 4, 'D_layers': 4, 'D_layer_units_exponent_0': 10, 'D_layer_units_exponent_1': 6, 'D_layer_units_exponent_2': 9, 'D_layer_units_exponent_3': 7, 'log_learning_rate': -2.3181593286897235, 'log_learning_rate_D': -1.6078883879700725, 'training_batch_size': 8, 'training_p': 5}
	 epoch  0 training error:  tensor(1.0000, device='cuda:0', grad_fn=<DivBackward0>)
Memory status after this epoch: 
Memory allocated:  5.6376953125
Memory cached:  14.0
[W 2023-10-30 12:24:33,654] Trial 45 failed with parameters: {'W_layers': 4, 'W_layer_units_exponent_0': 8, 'W_layer_units_exponent_1': 9, 'W_layer_units_exponent_2': 7, 'W_layer_units_exponent_3': 4, 'D_layers': 4, 'D_layer_units_exponent_0': 10, 'D_layer_units_exponent_1': 6, 'D_layer_units_exponent_2': 9, 'D_layer_units_exponent_3': 7, 'log_learning_rate': -2.3181593286897235, 'log_learning_rate_D': -1.6078883879700725, 'training_batch_size': 8, 'training_p': 5} because of the following error: The value nan is not acceptable.
[W 2023-10-30 12:24:33,655] Trial 45 failed with value tensor(nan, device='cuda:0', grad_fn=<DivBackward0>).
Time for this trial:  4.750628232955933
Memory status after this trial: 
Memory allocated:  143.7001953125
Memory cached:  148.0
--------------------  Trial  46   --------------------
Start timing: 
Parameters: 
{'W_layers': 4, 'W_layer_units_exponent_0': 8, 'W_layer_units_exponent_1': 9, 'W_layer_units_exponent_2': 7, 'W_layer_units_exponent_3': 4, 'D_layers': 4, 'D_layer_units_exponent_0': 10, 'D_layer_units_exponent_1': 6, 'D_layer_units_exponent_2': 9, 'D_layer_units_exponent_3': 7, 'log_learning_rate': -2.3627772938338762, 'log_learning_rate_D': -1.6067037925651482, 'training_batch_size': 8, 'training_p': 5}
	 epoch  0 training error:  tensor(1.0000, device='cuda:0', grad_fn=<DivBackward0>)
Memory status after this epoch: 
Memory allocated:  5.6376953125
Memory cached:  16.0
[W 2023-10-30 12:24:37,265] Trial 46 failed with parameters: {'W_layers': 4, 'W_layer_units_exponent_0': 8, 'W_layer_units_exponent_1': 9, 'W_layer_units_exponent_2': 7, 'W_layer_units_exponent_3': 4, 'D_layers': 4, 'D_layer_units_exponent_0': 10, 'D_layer_units_exponent_1': 6, 'D_layer_units_exponent_2': 9, 'D_layer_units_exponent_3': 7, 'log_learning_rate': -2.3627772938338762, 'log_learning_rate_D': -1.6067037925651482, 'training_batch_size': 8, 'training_p': 5} because of the following error: The value nan is not acceptable.
[W 2023-10-30 12:24:37,266] Trial 46 failed with value tensor(nan, device='cuda:0', grad_fn=<DivBackward0>).
Time for this trial:  3.4048264026641846
Memory status after this trial: 
Memory allocated:  143.7001953125
Memory cached:  148.0
--------------------  Trial  47   --------------------
Start timing: 
Parameters: 
{'W_layers': 4, 'W_layer_units_exponent_0': 8, 'W_layer_units_exponent_1': 9, 'W_layer_units_exponent_2': 7, 'W_layer_units_exponent_3': 4, 'D_layers': 4, 'D_layer_units_exponent_0': 10, 'D_layer_units_exponent_1': 6, 'D_layer_units_exponent_2': 9, 'D_layer_units_exponent_3': 7, 'log_learning_rate': -2.5455992493225708, 'log_learning_rate_D': -1.6201878623752157, 'training_batch_size': 8, 'training_p': 5}
	 epoch  0 training error:  tensor(1.0000, device='cuda:0', grad_fn=<DivBackward0>)
Memory status after this epoch: 
Memory allocated:  5.6376953125
Memory cached:  12.0
[W 2023-10-30 12:24:43,590] Trial 47 failed with parameters: {'W_layers': 4, 'W_layer_units_exponent_0': 8, 'W_layer_units_exponent_1': 9, 'W_layer_units_exponent_2': 7, 'W_layer_units_exponent_3': 4, 'D_layers': 4, 'D_layer_units_exponent_0': 10, 'D_layer_units_exponent_1': 6, 'D_layer_units_exponent_2': 9, 'D_layer_units_exponent_3': 7, 'log_learning_rate': -2.5455992493225708, 'log_learning_rate_D': -1.6201878623752157, 'training_batch_size': 8, 'training_p': 5} because of the following error: The value nan is not acceptable.
[W 2023-10-30 12:24:43,591] Trial 47 failed with value tensor(nan, device='cuda:0', grad_fn=<DivBackward0>).
Time for this trial:  6.078868389129639
Memory status after this trial: 
Memory allocated:  143.7001953125
Memory cached:  148.0
--------------------  Trial  48   --------------------
Start timing: 
Parameters: 
{'W_layers': 4, 'W_layer_units_exponent_0': 8, 'W_layer_units_exponent_1': 9, 'W_layer_units_exponent_2': 7, 'W_layer_units_exponent_3': 4, 'D_layers': 4, 'D_layer_units_exponent_0': 10, 'D_layer_units_exponent_1': 6, 'D_layer_units_exponent_2': 9, 'D_layer_units_exponent_3': 7, 'log_learning_rate': -2.364740869023983, 'log_learning_rate_D': -1.624534681078802, 'training_batch_size': 8, 'training_p': 5}
	 epoch  0 training error:  tensor(1.0000, device='cuda:0', grad_fn=<DivBackward0>)
Memory status after this epoch: 
Memory allocated:  5.6376953125
Memory cached:  14.0
	 epoch  10 training error:  tensor(0.9725, device='cuda:0', grad_fn=<DivBackward0>)
Memory status after this epoch: 
Memory allocated:  5.6376953125
Memory cached:  22.0
	 epoch  20 training error:  tensor(0.4136, device='cuda:0', grad_fn=<DivBackward0>)
Memory status after this epoch: 
Memory allocated:  5.6376953125
Memory cached:  20.0
	 epoch  30 training error:  tensor(0.2592, device='cuda:0', grad_fn=<DivBackward0>)
Memory status after this epoch: 
Memory allocated:  5.6376953125
Memory cached:  20.0
	 epoch  40 training error:  tensor(0.2635, device='cuda:0', grad_fn=<DivBackward0>)
Memory status after this epoch: 
Memory allocated:  5.6376953125
Memory cached:  20.0
	 epoch  50 training error:  tensor(0.2646, device='cuda:0', grad_fn=<DivBackward0>)
Memory status after this epoch: 
Memory allocated:  5.6376953125
Memory cached:  20.0
	 epoch  60 training error:  tensor(0.2618, device='cuda:0', grad_fn=<DivBackward0>)
Memory status after this epoch: 
Memory allocated:  5.6376953125
Memory cached:  20.0
	 epoch  70 training error:  tensor(0.2547, device='cuda:0', grad_fn=<DivBackward0>)
Memory status after this epoch: 
Memory allocated:  5.6376953125
Memory cached:  20.0
	 epoch  80 training error:  tensor(0.2529, device='cuda:0', grad_fn=<DivBackward0>)
Memory status after this epoch: 
Memory allocated:  5.6376953125
Memory cached:  20.0
	 epoch  90 training error:  tensor(0.2527, device='cuda:0', grad_fn=<DivBackward0>)
Memory status after this epoch: 
Memory allocated:  5.6376953125
Memory cached:  20.0
[I 2023-10-30 12:26:57,038] Trial 48 finished with value: 0.23763418197631836 and parameters: {'W_layers': 4, 'W_layer_units_exponent_0': 8, 'W_layer_units_exponent_1': 9, 'W_layer_units_exponent_2': 7, 'W_layer_units_exponent_3': 4, 'D_layers': 4, 'D_layer_units_exponent_0': 10, 'D_layer_units_exponent_1': 6, 'D_layer_units_exponent_2': 9, 'D_layer_units_exponent_3': 7, 'log_learning_rate': -2.364740869023983, 'log_learning_rate_D': -1.624534681078802, 'training_batch_size': 8, 'training_p': 5}. Best is trial 23 with value: 0.23587961494922638.
Time for this trial:  133.23851776123047
Memory status after this trial: 
Memory allocated:  143.7001953125
Memory cached:  148.0
--------------------  Trial  49   --------------------
Start timing: 
Parameters: 
{'W_layers': 2, 'W_layer_units_exponent_0': 10, 'W_layer_units_exponent_1': 7, 'D_layers': 3, 'D_layer_units_exponent_0': 4, 'D_layer_units_exponent_1': 5, 'D_layer_units_exponent_2': 8, 'log_learning_rate': -3.022159216819161, 'log_learning_rate_D': -2.0103276218335866, 'training_batch_size': 7, 'training_p': 3}
	 epoch  0 training error:  tensor(0.9963, device='cuda:0', grad_fn=<DivBackward0>)
Memory status after this epoch: 
Memory allocated:  2.2333984375
Memory cached:  10.0
	 epoch  10 training error:  tensor(0.2738, device='cuda:0', grad_fn=<DivBackward0>)
Memory status after this epoch: 
Memory allocated:  2.2333984375
Memory cached:  12.0
	 epoch  20 training error:  tensor(0.2483, device='cuda:0', grad_fn=<DivBackward0>)
Memory status after this epoch: 
Memory allocated:  2.2333984375
Memory cached:  12.0
	 epoch  30 training error:  tensor(0.2492, device='cuda:0', grad_fn=<DivBackward0>)
Memory status after this epoch: 
Memory allocated:  2.2333984375
Memory cached:  12.0
	 epoch  40 training error:  tensor(0.2466, device='cuda:0', grad_fn=<DivBackward0>)
Memory status after this epoch: 
Memory allocated:  2.2333984375
Memory cached:  12.0
	 epoch  50 training error:  tensor(0.2445, device='cuda:0', grad_fn=<DivBackward0>)
Memory status after this epoch: 
Memory allocated:  2.2333984375
Memory cached:  12.0
	 epoch  60 training error:  tensor(0.2447, device='cuda:0', grad_fn=<DivBackward0>)
Memory status after this epoch: 
Memory allocated:  2.2333984375
Memory cached:  12.0
	 epoch  70 training error:  tensor(0.2444, device='cuda:0', grad_fn=<DivBackward0>)
Memory status after this epoch: 
Memory allocated:  2.2333984375
Memory cached:  12.0
	 epoch  80 training error:  tensor(0.2445, device='cuda:0', grad_fn=<DivBackward0>)
Memory status after this epoch: 
Memory allocated:  2.2333984375
Memory cached:  12.0
	 epoch  90 training error:  tensor(0.2444, device='cuda:0', grad_fn=<DivBackward0>)
Memory status after this epoch: 
Memory allocated:  2.2333984375
Memory cached:  12.0
[I 2023-10-30 12:28:37,989] Trial 49 finished with value: 0.23797635734081268 and parameters: {'W_layers': 2, 'W_layer_units_exponent_0': 10, 'W_layer_units_exponent_1': 7, 'D_layers': 3, 'D_layer_units_exponent_0': 4, 'D_layer_units_exponent_1': 5, 'D_layer_units_exponent_2': 8, 'log_learning_rate': -3.022159216819161, 'log_learning_rate_D': -2.0103276218335866, 'training_batch_size': 7, 'training_p': 3}. Best is trial 23 with value: 0.23587961494922638.
[I 2023-10-30 12:28:38,004] A new study created in memory with name: no-name-54b71fa6-7c74-4549-b3ee-72798f3ce27d
Time for this trial:  100.74871349334717
Memory status after this trial: 
Memory allocated:  79.5244140625
Memory cached:  82.0
--------------------  Trial  0   --------------------
Start timing: 
Parameters: 
{'W_layers': 5, 'W_layer_units_exponent_0': 9, 'W_layer_units_exponent_1': 10, 'W_layer_units_exponent_2': 7, 'W_layer_units_exponent_3': 4, 'W_layer_units_exponent_4': 6, 'D_layers': 5, 'D_layer_units_exponent_0': 9, 'D_layer_units_exponent_1': 9, 'D_layer_units_exponent_2': 9, 'D_layer_units_exponent_3': 8, 'D_layer_units_exponent_4': 6, 'log_learning_rate': -4.24381881681787, 'log_learning_rate_D': -1.5677134208812955, 'training_batch_size': 7, 'training_p': 6}
	 epoch  0 training error:  tensor(1.0000, device='cuda:0', grad_fn=<DivBackward0>)
Memory status after this epoch: 
Memory allocated:  20.435546875
Memory cached:  40.0
	 epoch  10 training error:  tensor(1.0000, device='cuda:0', grad_fn=<DivBackward0>)
Memory status after this epoch: 
Memory allocated:  20.435546875
Memory cached:  42.0
	 epoch  20 training error:  tensor(0.9999, device='cuda:0', grad_fn=<DivBackward0>)
Memory status after this epoch: 
Memory allocated:  20.435546875
Memory cached:  42.0
	 epoch  30 training error:  tensor(0.9999, device='cuda:0', grad_fn=<DivBackward0>)
Memory status after this epoch: 
Memory allocated:  20.435546875
Memory cached:  42.0
	 epoch  40 training error:  tensor(0.9996, device='cuda:0', grad_fn=<DivBackward0>)
Memory status after this epoch: 
Memory allocated:  20.435546875
Memory cached:  42.0
	 epoch  50 training error:  tensor(0.9989, device='cuda:0', grad_fn=<DivBackward0>)
Memory status after this epoch: 
Memory allocated:  20.435546875
Memory cached:  42.0
[W 2023-10-30 12:30:10,067] Trial 0 failed with parameters: {'W_layers': 5, 'W_layer_units_exponent_0': 9, 'W_layer_units_exponent_1': 10, 'W_layer_units_exponent_2': 7, 'W_layer_units_exponent_3': 4, 'W_layer_units_exponent_4': 6, 'D_layers': 5, 'D_layer_units_exponent_0': 9, 'D_layer_units_exponent_1': 9, 'D_layer_units_exponent_2': 9, 'D_layer_units_exponent_3': 8, 'D_layer_units_exponent_4': 6, 'log_learning_rate': -4.24381881681787, 'log_learning_rate_D': -1.5677134208812955, 'training_batch_size': 7, 'training_p': 6} because of the following error: The value nan is not acceptable.
[W 2023-10-30 12:30:10,068] Trial 0 failed with value tensor(nan, device='cuda:0', grad_fn=<DivBackward0>).
Time for this trial:  91.94770765304565
Memory status after this trial: 
Memory allocated:  202.30078125
Memory cached:  226.0
--------------------  Trial  1   --------------------
Start timing: 
Parameters: 
{'W_layers': 4, 'W_layer_units_exponent_0': 10, 'W_layer_units_exponent_1': 5, 'W_layer_units_exponent_2': 8, 'W_layer_units_exponent_3': 5, 'D_layers': 3, 'D_layer_units_exponent_0': 7, 'D_layer_units_exponent_1': 9, 'D_layer_units_exponent_2': 5, 'log_learning_rate': -3.6441683736599764, 'log_learning_rate_D': -1.1177809948333555, 'training_batch_size': 11, 'training_p': 2}
	 epoch  0 training error:  tensor(1.0000, device='cuda:0', grad_fn=<DivBackward0>)
Memory status after this epoch: 
Memory allocated:  2.126953125
Memory cached:  12.0
[W 2023-10-30 12:30:14,543] Trial 1 failed with parameters: {'W_layers': 4, 'W_layer_units_exponent_0': 10, 'W_layer_units_exponent_1': 5, 'W_layer_units_exponent_2': 8, 'W_layer_units_exponent_3': 5, 'D_layers': 3, 'D_layer_units_exponent_0': 7, 'D_layer_units_exponent_1': 9, 'D_layer_units_exponent_2': 5, 'log_learning_rate': -3.6441683736599764, 'log_learning_rate_D': -1.1177809948333555, 'training_batch_size': 11, 'training_p': 2} because of the following error: The value nan is not acceptable.
[W 2023-10-30 12:30:14,544] Trial 1 failed with value tensor(nan, device='cuda:0', grad_fn=<DivBackward0>).
Time for this trial:  4.352215766906738
Memory status after this trial: 
Memory allocated:  109.01318359375
Memory cached:  112.0
--------------------  Trial  2   --------------------
Start timing: 
Parameters: 
{'W_layers': 3, 'W_layer_units_exponent_0': 9, 'W_layer_units_exponent_1': 9, 'W_layer_units_exponent_2': 5, 'D_layers': 2, 'D_layer_units_exponent_0': 6, 'D_layer_units_exponent_1': 7, 'log_learning_rate': -3.6798286543699503, 'log_learning_rate_D': -3.873802556447921, 'training_batch_size': 9, 'training_p': 7}
	 epoch  0 training error:  tensor(1.0000, device='cuda:0', grad_fn=<DivBackward0>)
Memory status after this epoch: 
Memory allocated:  4.462890625
Memory cached:  10.0
	 epoch  10 training error:  tensor(0.9900, device='cuda:0', grad_fn=<DivBackward0>)
Memory status after this epoch: 
Memory allocated:  4.462890625
Memory cached:  12.0
	 epoch  20 training error:  tensor(0.9296, device='cuda:0', grad_fn=<DivBackward0>)
Memory status after this epoch: 
Memory allocated:  4.462890625
Memory cached:  12.0
	 epoch  30 training error:  tensor(0.5372, device='cuda:0', grad_fn=<DivBackward0>)
Memory status after this epoch: 
Memory allocated:  4.462890625
Memory cached:  12.0
	 epoch  40 training error:  tensor(0.2692, device='cuda:0', grad_fn=<DivBackward0>)
Memory status after this epoch: 
Memory allocated:  4.462890625
Memory cached:  12.0
	 epoch  50 training error:  tensor(0.2904, device='cuda:0', grad_fn=<DivBackward0>)
Memory status after this epoch: 
Memory allocated:  4.462890625
Memory cached:  12.0
	 epoch  60 training error:  tensor(0.2562, device='cuda:0', grad_fn=<DivBackward0>)
Memory status after this epoch: 
Memory allocated:  4.462890625
Memory cached:  12.0
	 epoch  70 training error:  tensor(0.2596, device='cuda:0', grad_fn=<DivBackward0>)
Memory status after this epoch: 
Memory allocated:  4.462890625
Memory cached:  12.0
	 epoch  80 training error:  tensor(0.2578, device='cuda:0', grad_fn=<DivBackward0>)
Memory status after this epoch: 
Memory allocated:  4.462890625
Memory cached:  12.0
	 epoch  90 training error:  tensor(0.2564, device='cuda:0', grad_fn=<DivBackward0>)
Memory status after this epoch: 
Memory allocated:  4.462890625
Memory cached:  12.0
