[I 2023-11-04 06:44:00,289] Trial 44 finished with value: 0.04069320484995842 and parameters: {'W_layers': 4, 'W_layer_units_exponent_0': 10, 'W_layer_units_exponent_1': 7, 'W_layer_units_exponent_2': 5, 'W_layer_units_exponent_3': 9, 'D_layers': 3, 'D_layer_units_exponent_0': 10, 'D_layer_units_exponent_1': 7, 'D_layer_units_exponent_2': 9, 'log_learning_rate': -3.097798957149503, 'log_learning_rate_D': -4.156023293878876, 'training_batch_size': 8, 'training_p': 3}. Best is trial 39 with value: 0.02909674122929573.
Time for this trial:  126.9504747390747
Memory status after this trial: 
Memory allocated:  182.1396484375
Memory cached:  186.0
--------------------  Trial  45   --------------------
Start timing: 
Parameters: 
{'W_layers': 3, 'W_layer_units_exponent_0': 8, 'W_layer_units_exponent_1': 8, 'W_layer_units_exponent_2': 4, 'D_layers': 4, 'D_layer_units_exponent_0': 9, 'D_layer_units_exponent_1': 8, 'D_layer_units_exponent_2': 7, 'D_layer_units_exponent_3': 7, 'log_learning_rate': -3.628896994591065, 'log_learning_rate_D': -3.3455990416304107, 'training_batch_size': 7, 'training_p': 4}
	 epoch  0 training error:  tensor(0.8929, device='cuda:0', grad_fn=<DivBackward0>)
Memory status after this epoch: 
Memory allocated:  3.9794921875
Memory cached:  8.0
	 epoch  10 training error:  tensor(0.1602, device='cuda:0', grad_fn=<DivBackward0>)
Memory status after this epoch: 
Memory allocated:  3.9794921875
Memory cached:  14.0
	 epoch  20 training error:  tensor(0.0591, device='cuda:0', grad_fn=<DivBackward0>)
Memory status after this epoch: 
Memory allocated:  3.9794921875
Memory cached:  12.0
	 epoch  30 training error:  tensor(0.0555, device='cuda:0', grad_fn=<DivBackward0>)
Memory status after this epoch: 
Memory allocated:  3.9794921875
Memory cached:  14.0
	 epoch  40 training error:  tensor(0.0494, device='cuda:0', grad_fn=<DivBackward0>)
Memory status after this epoch: 
Memory allocated:  3.9794921875
Memory cached:  12.0
	 epoch  50 training error:  tensor(0.0453, device='cuda:0', grad_fn=<DivBackward0>)
Memory status after this epoch: 
Memory allocated:  3.9794921875
Memory cached:  14.0
	 epoch  60 training error:  tensor(0.0438, device='cuda:0', grad_fn=<DivBackward0>)
Memory status after this epoch: 
Memory allocated:  3.9794921875
Memory cached:  12.0
	 epoch  70 training error:  tensor(0.0422, device='cuda:0', grad_fn=<DivBackward0>)
Memory status after this epoch: 
Memory allocated:  3.9794921875
Memory cached:  14.0
	 epoch  80 training error:  tensor(0.0408, device='cuda:0', grad_fn=<DivBackward0>)
Memory status after this epoch: 
Memory allocated:  3.9794921875
Memory cached:  12.0
	 epoch  90 training error:  tensor(0.0389, device='cuda:0', grad_fn=<DivBackward0>)
Memory status after this epoch: 
Memory allocated:  3.9794921875
Memory cached:  14.0
[I 2023-11-04 06:45:57,241] Trial 45 finished with value: 0.03676677495241165 and parameters: {'W_layers': 3, 'W_layer_units_exponent_0': 8, 'W_layer_units_exponent_1': 8, 'W_layer_units_exponent_2': 4, 'D_layers': 4, 'D_layer_units_exponent_0': 9, 'D_layer_units_exponent_1': 8, 'D_layer_units_exponent_2': 7, 'D_layer_units_exponent_3': 7, 'log_learning_rate': -3.628896994591065, 'log_learning_rate_D': -3.3455990416304107, 'training_batch_size': 7, 'training_p': 4}. Best is trial 39 with value: 0.02909674122929573.
Time for this trial:  116.74288368225098
Memory status after this trial: 
Memory allocated:  85.2412109375
Memory cached:  88.0
--------------------  Trial  46   --------------------
Start timing: 
Parameters: 
{'W_layers': 4, 'W_layer_units_exponent_0': 10, 'W_layer_units_exponent_1': 4, 'W_layer_units_exponent_2': 8, 'W_layer_units_exponent_3': 7, 'D_layers': 3, 'D_layer_units_exponent_0': 6, 'D_layer_units_exponent_1': 7, 'D_layer_units_exponent_2': 8, 'log_learning_rate': -4.05072209750934, 'log_learning_rate_D': -3.8668565088516393, 'training_batch_size': 11, 'training_p': 4}
	 epoch  0 training error:  tensor(0.9994, device='cuda:0', grad_fn=<DivBackward0>)
Memory status after this epoch: 
Memory allocated:  1.6630859375
Memory cached:  10.0
	 epoch  10 training error:  tensor(0.3624, device='cuda:0', grad_fn=<DivBackward0>)
Memory status after this epoch: 
Memory allocated:  1.6630859375
Memory cached:  14.0
	 epoch  20 training error:  tensor(0.1503, device='cuda:0', grad_fn=<DivBackward0>)
Memory status after this epoch: 
Memory allocated:  1.6630859375
Memory cached:  14.0
	 epoch  30 training error:  tensor(0.0680, device='cuda:0', grad_fn=<DivBackward0>)
Memory status after this epoch: 
Memory allocated:  1.6630859375
Memory cached:  14.0
	 epoch  40 training error:  tensor(0.0798, device='cuda:0', grad_fn=<DivBackward0>)
Memory status after this epoch: 
Memory allocated:  1.6630859375
Memory cached:  14.0
	 epoch  50 training error:  tensor(0.0623, device='cuda:0', grad_fn=<DivBackward0>)
Memory status after this epoch: 
Memory allocated:  1.6630859375
Memory cached:  14.0
	 epoch  60 training error:  tensor(0.0526, device='cuda:0', grad_fn=<DivBackward0>)
Memory status after this epoch: 
Memory allocated:  1.6630859375
Memory cached:  14.0
	 epoch  70 training error:  tensor(0.0475, device='cuda:0', grad_fn=<DivBackward0>)
Memory status after this epoch: 
Memory allocated:  1.6630859375
Memory cached:  14.0
	 epoch  80 training error:  tensor(0.0460, device='cuda:0', grad_fn=<DivBackward0>)
Memory status after this epoch: 
Memory allocated:  1.6630859375
Memory cached:  14.0
	 epoch  90 training error:  tensor(0.0447, device='cuda:0', grad_fn=<DivBackward0>)
Memory status after this epoch: 
Memory allocated:  1.6630859375
Memory cached:  14.0
[I 2023-11-04 06:47:55,346] Trial 46 finished with value: 0.041041091084480286 and parameters: {'W_layers': 4, 'W_layer_units_exponent_0': 10, 'W_layer_units_exponent_1': 4, 'W_layer_units_exponent_2': 8, 'W_layer_units_exponent_3': 7, 'D_layers': 3, 'D_layer_units_exponent_0': 6, 'D_layer_units_exponent_1': 7, 'D_layer_units_exponent_2': 8, 'log_learning_rate': -4.05072209750934, 'log_learning_rate_D': -3.8668565088516393, 'training_batch_size': 11, 'training_p': 4}. Best is trial 39 with value: 0.02909674122929573.
Time for this trial:  117.88237762451172
Memory status after this trial: 
Memory allocated:  101.48046875
Memory cached:  104.0
--------------------  Trial  47   --------------------
Start timing: 
Parameters: 
{'W_layers': 2, 'W_layer_units_exponent_0': 9, 'W_layer_units_exponent_1': 6, 'D_layers': 5, 'D_layer_units_exponent_0': 8, 'D_layer_units_exponent_1': 7, 'D_layer_units_exponent_2': 7, 'D_layer_units_exponent_3': 9, 'D_layer_units_exponent_4': 6, 'log_learning_rate': -3.2805755158192946, 'log_learning_rate_D': -4.481976396081286, 'training_batch_size': 12, 'training_p': 2}
	 epoch  0 training error:  tensor(0.7663, device='cuda:0', grad_fn=<DivBackward0>)
Memory status after this epoch: 
Memory allocated:  2.9228515625
Memory cached:  8.0
	 epoch  10 training error:  tensor(0.2674, device='cuda:0', grad_fn=<DivBackward0>)
Memory status after this epoch: 
Memory allocated:  2.9228515625
Memory cached:  10.0
	 epoch  20 training error:  tensor(0.0767, device='cuda:0', grad_fn=<DivBackward0>)
Memory status after this epoch: 
Memory allocated:  2.9228515625
Memory cached:  10.0
	 epoch  30 training error:  tensor(0.0780, device='cuda:0', grad_fn=<DivBackward0>)
Memory status after this epoch: 
Memory allocated:  2.9228515625
Memory cached:  12.0
	 epoch  40 training error:  tensor(0.0625, device='cuda:0', grad_fn=<DivBackward0>)
Memory status after this epoch: 
Memory allocated:  2.9228515625
Memory cached:  10.0
	 epoch  50 training error:  tensor(0.0551, device='cuda:0', grad_fn=<DivBackward0>)
Memory status after this epoch: 
Memory allocated:  2.9228515625
Memory cached:  10.0
	 epoch  60 training error:  tensor(0.0507, device='cuda:0', grad_fn=<DivBackward0>)
Memory status after this epoch: 
Memory allocated:  2.9228515625
Memory cached:  12.0
	 epoch  70 training error:  tensor(0.0447, device='cuda:0', grad_fn=<DivBackward0>)
Memory status after this epoch: 
Memory allocated:  2.9228515625
Memory cached:  10.0
	 epoch  80 training error:  tensor(0.0412, device='cuda:0', grad_fn=<DivBackward0>)
Memory status after this epoch: 
Memory allocated:  2.9228515625
Memory cached:  10.0
	 epoch  90 training error:  tensor(0.0398, device='cuda:0', grad_fn=<DivBackward0>)
Memory status after this epoch: 
Memory allocated:  2.9228515625
Memory cached:  12.0
[I 2023-11-04 06:49:52,785] Trial 47 finished with value: 0.04464365169405937 and parameters: {'W_layers': 2, 'W_layer_units_exponent_0': 9, 'W_layer_units_exponent_1': 6, 'D_layers': 5, 'D_layer_units_exponent_0': 8, 'D_layer_units_exponent_1': 7, 'D_layer_units_exponent_2': 7, 'D_layer_units_exponent_3': 9, 'D_layer_units_exponent_4': 6, 'log_learning_rate': -3.2805755158192946, 'log_learning_rate_D': -4.481976396081286, 'training_batch_size': 12, 'training_p': 2}. Best is trial 39 with value: 0.02909674122929573.
Time for this trial:  117.22789216041565
Memory status after this trial: 
Memory allocated:  90.4892578125
Memory cached:  94.0
--------------------  Trial  48   --------------------
Start timing: 
Parameters: 
{'W_layers': 5, 'W_layer_units_exponent_0': 7, 'W_layer_units_exponent_1': 9, 'W_layer_units_exponent_2': 9, 'W_layer_units_exponent_3': 8, 'W_layer_units_exponent_4': 4, 'D_layers': 2, 'D_layer_units_exponent_0': 5, 'D_layer_units_exponent_1': 8, 'log_learning_rate': -3.7870669653049194, 'log_learning_rate_D': -3.5805273868757355, 'training_batch_size': 6, 'training_p': 5}
	 epoch  0 training error:  tensor(0.9579, device='cuda:0', grad_fn=<DivBackward0>)
Memory status after this epoch: 
Memory allocated:  7.259765625
Memory cached:  14.0
	 epoch  10 training error:  tensor(0.1060, device='cuda:0', grad_fn=<DivBackward0>)
Memory status after this epoch: 
Memory allocated:  7.259765625
Memory cached:  20.0
	 epoch  20 training error:  tensor(0.0645, device='cuda:0', grad_fn=<DivBackward0>)
Memory status after this epoch: 
Memory allocated:  7.259765625
Memory cached:  18.0
	 epoch  30 training error:  tensor(0.0510, device='cuda:0', grad_fn=<DivBackward0>)
Memory status after this epoch: 
Memory allocated:  7.259765625
Memory cached:  18.0
	 epoch  40 training error:  tensor(0.0522, device='cuda:0', grad_fn=<DivBackward0>)
Memory status after this epoch: 
Memory allocated:  7.259765625
Memory cached:  18.0
	 epoch  50 training error:  tensor(0.0454, device='cuda:0', grad_fn=<DivBackward0>)
Memory status after this epoch: 
Memory allocated:  7.259765625
Memory cached:  18.0
	 epoch  60 training error:  tensor(0.0516, device='cuda:0', grad_fn=<DivBackward0>)
Memory status after this epoch: 
Memory allocated:  7.259765625
Memory cached:  20.0
	 epoch  70 training error:  tensor(0.0428, device='cuda:0', grad_fn=<DivBackward0>)
Memory status after this epoch: 
Memory allocated:  7.259765625
Memory cached:  18.0
	 epoch  80 training error:  tensor(0.0416, device='cuda:0', grad_fn=<DivBackward0>)
Memory status after this epoch: 
Memory allocated:  7.259765625
Memory cached:  22.0
	 epoch  90 training error:  tensor(0.0519, device='cuda:0', grad_fn=<DivBackward0>)
Memory status after this epoch: 
Memory allocated:  7.259765625
Memory cached:  18.0
[I 2023-11-04 06:53:24,102] Trial 48 finished with value: 0.045997150242328644 and parameters: {'W_layers': 5, 'W_layer_units_exponent_0': 7, 'W_layer_units_exponent_1': 9, 'W_layer_units_exponent_2': 9, 'W_layer_units_exponent_3': 8, 'W_layer_units_exponent_4': 4, 'D_layers': 2, 'D_layer_units_exponent_0': 5, 'D_layer_units_exponent_1': 8, 'log_learning_rate': -3.7870669653049194, 'log_learning_rate_D': -3.5805273868757355, 'training_batch_size': 6, 'training_p': 5}. Best is trial 39 with value: 0.02909674122929573.
Time for this trial:  211.08273100852966
Memory status after this trial: 
Memory allocated:  95.83154296875
Memory cached:  100.0
--------------------  Trial  49   --------------------
Start timing: 
Parameters: 
{'W_layers': 3, 'W_layer_units_exponent_0': 9, 'W_layer_units_exponent_1': 5, 'W_layer_units_exponent_2': 7, 'D_layers': 6, 'D_layer_units_exponent_0': 10, 'D_layer_units_exponent_1': 6, 'D_layer_units_exponent_2': 9, 'D_layer_units_exponent_3': 8, 'D_layer_units_exponent_4': 8, 'D_layer_units_exponent_5': 6, 'log_learning_rate': -4.148540846714458, 'log_learning_rate_D': -3.7779767952119148, 'training_batch_size': 9, 'training_p': 8}
	 epoch  0 training error:  tensor(1.1006, device='cuda:0', grad_fn=<DivBackward0>)
Memory status after this epoch: 
Memory allocated:  5.3486328125
Memory cached:  14.0
	 epoch  10 training error:  tensor(0.6273, device='cuda:0', grad_fn=<DivBackward0>)
Memory status after this epoch: 
Memory allocated:  5.3486328125
Memory cached:  18.0
	 epoch  20 training error:  tensor(0.1866, device='cuda:0', grad_fn=<DivBackward0>)
Memory status after this epoch: 
Memory allocated:  5.3486328125
Memory cached:  18.0
	 epoch  30 training error:  tensor(0.1833, device='cuda:0', grad_fn=<DivBackward0>)
Memory status after this epoch: 
Memory allocated:  5.3486328125
Memory cached:  16.0
	 epoch  40 training error:  tensor(0.1109, device='cuda:0', grad_fn=<DivBackward0>)
Memory status after this epoch: 
Memory allocated:  5.3486328125
Memory cached:  18.0
	 epoch  50 training error:  tensor(0.0848, device='cuda:0', grad_fn=<DivBackward0>)
Memory status after this epoch: 
Memory allocated:  5.3486328125
Memory cached:  16.0
	 epoch  60 training error:  tensor(0.0681, device='cuda:0', grad_fn=<DivBackward0>)
Memory status after this epoch: 
Memory allocated:  5.3486328125
Memory cached:  20.0
	 epoch  70 training error:  tensor(0.0606, device='cuda:0', grad_fn=<DivBackward0>)
Memory status after this epoch: 
Memory allocated:  5.3486328125
Memory cached:  18.0
	 epoch  80 training error:  tensor(0.0556, device='cuda:0', grad_fn=<DivBackward0>)
Memory status after this epoch: 
Memory allocated:  5.3486328125
Memory cached:  18.0
	 epoch  90 training error:  tensor(0.0520, device='cuda:0', grad_fn=<DivBackward0>)
Memory status after this epoch: 
Memory allocated:  5.3486328125
Memory cached:  16.0
[I 2023-11-04 06:55:49,310] Trial 49 finished with value: 0.04247212037444115 and parameters: {'W_layers': 3, 'W_layer_units_exponent_0': 9, 'W_layer_units_exponent_1': 5, 'W_layer_units_exponent_2': 7, 'D_layers': 6, 'D_layer_units_exponent_0': 10, 'D_layer_units_exponent_1': 6, 'D_layer_units_exponent_2': 9, 'D_layer_units_exponent_3': 8, 'D_layer_units_exponent_4': 8, 'D_layer_units_exponent_5': 6, 'log_learning_rate': -4.148540846714458, 'log_learning_rate_D': -3.7779767952119148, 'training_batch_size': 9, 'training_p': 8}. Best is trial 39 with value: 0.02909674122929573.
Time for this trial:  144.96845889091492
Memory status after this trial: 
Memory allocated:  154.353515625
Memory cached:  158.0
