/home/shengduo/anaconda3/lib/python3.9/site-packages/scipy/__init__.py:146: UserWarning: A NumPy version >=1.16.5 and <1.23.0 is required for this version of SciPy (detected version 1.24.1
  warnings.warn(f"A NumPy version >={np_minversion} and <{np_maxversion}"
[I 2023-10-30 11:13:20,468] A new study created in memory with name: no-name-fdd5448e-f08c-4b24-ab16-9dd653e1f4b6
Cuda is available:  True
Device is:  cuda:0
Memory allocated:  0.0
Memory cached:  0.0
Vs.shape:  torch.Size([100, 100])
thetas.shape:  torch.Size([100, 100])
fs.shape:  torch.Size([100, 100])
ts.shape:  torch.Size([100, 100])
Xs.shape:  torch.Size([100, 100])
--------------------  Trial  0   --------------------
Start timing: 
Parameters: 
{'W_layers': 2, 'W_layer_units_exponent_0': 7, 'W_layer_units_exponent_1': 6, 'D_layers': 5, 'D_layer_units_exponent_0': 10, 'D_layer_units_exponent_1': 6, 'D_layer_units_exponent_2': 8, 'D_layer_units_exponent_3': 6, 'D_layer_units_exponent_4': 10, 'log_learning_rate': -2.2125791326904425, 'log_learning_rate_D': -2.3925180659178764, 'training_batch_size': 11, 'training_p': 4}
	 epoch  0 training error:  tensor(1.0005, device='cuda:0', grad_fn=<DivBackward0>)
Memory status after this epoch: 
Memory allocated:  2.7412109375
Memory cached:  8.0
[W 2023-10-30 11:13:28,516] Trial 0 failed with parameters: {'W_layers': 2, 'W_layer_units_exponent_0': 7, 'W_layer_units_exponent_1': 6, 'D_layers': 5, 'D_layer_units_exponent_0': 10, 'D_layer_units_exponent_1': 6, 'D_layer_units_exponent_2': 8, 'D_layer_units_exponent_3': 6, 'D_layer_units_exponent_4': 10, 'log_learning_rate': -2.2125791326904425, 'log_learning_rate_D': -2.3925180659178764, 'training_batch_size': 11, 'training_p': 4} because of the following error: The value nan is not acceptable.
[W 2023-10-30 11:13:28,517] Trial 0 failed with value tensor(nan, device='cuda:0', grad_fn=<DivBackward0>).
Time for this trial:  7.9312193393707275
Memory status after this trial: 
Memory allocated:  140.8505859375
Memory cached:  144.0
--------------------  Trial  1   --------------------
Start timing: 
Parameters: 
{'W_layers': 4, 'W_layer_units_exponent_0': 9, 'W_layer_units_exponent_1': 10, 'W_layer_units_exponent_2': 8, 'W_layer_units_exponent_3': 10, 'D_layers': 4, 'D_layer_units_exponent_0': 9, 'D_layer_units_exponent_1': 7, 'D_layer_units_exponent_2': 10, 'D_layer_units_exponent_3': 5, 'log_learning_rate': -4.779113037714121, 'log_learning_rate_D': -1.7970785513101841, 'training_batch_size': 7, 'training_p': 2}
	 epoch  0 training error:  tensor(1.0000, device='cuda:0', grad_fn=<DivBackward0>)
Memory status after this epoch: 
Memory allocated:  19.6474609375
Memory cached:  40.0
[W 2023-10-30 11:13:35,278] Trial 1 failed with parameters: {'W_layers': 4, 'W_layer_units_exponent_0': 9, 'W_layer_units_exponent_1': 10, 'W_layer_units_exponent_2': 8, 'W_layer_units_exponent_3': 10, 'D_layers': 4, 'D_layer_units_exponent_0': 9, 'D_layer_units_exponent_1': 7, 'D_layer_units_exponent_2': 10, 'D_layer_units_exponent_3': 5, 'log_learning_rate': -4.779113037714121, 'log_learning_rate_D': -1.7970785513101841, 'training_batch_size': 7, 'training_p': 2} because of the following error: The value nan is not acceptable.
[W 2023-10-30 11:13:35,279] Trial 1 failed with value tensor(nan, device='cuda:0', grad_fn=<DivBackward0>).
Time for this trial:  6.625797510147095
Memory status after this trial: 
Memory allocated:  250.52685546875
Memory cached:  274.0
--------------------  Trial  2   --------------------
Start timing: 
Parameters: 
{'W_layers': 4, 'W_layer_units_exponent_0': 6, 'W_layer_units_exponent_1': 9, 'W_layer_units_exponent_2': 9, 'W_layer_units_exponent_3': 9, 'D_layers': 3, 'D_layer_units_exponent_0': 6, 'D_layer_units_exponent_1': 7, 'D_layer_units_exponent_2': 8, 'log_learning_rate': -1.1171002632968126, 'log_learning_rate_D': -2.7095132871797496, 'training_batch_size': 7, 'training_p': 5}
	 epoch  0 training error:  tensor(1.0000, device='cuda:0', grad_fn=<DivBackward0>)
Memory status after this epoch: 
Memory allocated:  9.2099609375
Memory cached:  16.0
[W 2023-10-30 11:13:38,532] Trial 2 failed with parameters: {'W_layers': 4, 'W_layer_units_exponent_0': 6, 'W_layer_units_exponent_1': 9, 'W_layer_units_exponent_2': 9, 'W_layer_units_exponent_3': 9, 'D_layers': 3, 'D_layer_units_exponent_0': 6, 'D_layer_units_exponent_1': 7, 'D_layer_units_exponent_2': 8, 'log_learning_rate': -1.1171002632968126, 'log_learning_rate_D': -2.7095132871797496, 'training_batch_size': 7, 'training_p': 5} because of the following error: The value nan is not acceptable.
[W 2023-10-30 11:13:38,533] Trial 2 failed with value tensor(nan, device='cuda:0', grad_fn=<DivBackward0>).
Time for this trial:  3.122781276702881
Memory status after this trial: 
Memory allocated:  114.3828125
Memory cached:  120.0
--------------------  Trial  3   --------------------
Start timing: 
Parameters: 
{'W_layers': 4, 'W_layer_units_exponent_0': 5, 'W_layer_units_exponent_1': 6, 'W_layer_units_exponent_2': 5, 'W_layer_units_exponent_3': 5, 'D_layers': 3, 'D_layer_units_exponent_0': 10, 'D_layer_units_exponent_1': 9, 'D_layer_units_exponent_2': 7, 'log_learning_rate': -3.7828042990407496, 'log_learning_rate_D': -3.393390085538774, 'training_batch_size': 7, 'training_p': 5}
	 epoch  0 training error:  tensor(0.9999, device='cuda:0', grad_fn=<DivBackward0>)
Memory status after this epoch: 
Memory allocated:  9.1689453125
Memory cached:  28.0
	 epoch  10 training error:  tensor(0.9984, device='cuda:0', grad_fn=<DivBackward0>)
Memory status after this epoch: 
Memory allocated:  9.1689453125
Memory cached:  32.0
	 epoch  20 training error:  tensor(0.9972, device='cuda:0', grad_fn=<DivBackward0>)
Memory status after this epoch: 
Memory allocated:  9.1689453125
Memory cached:  36.0
	 epoch  30 training error:  tensor(0.9946, device='cuda:0', grad_fn=<DivBackward0>)
Memory status after this epoch: 
Memory allocated:  9.1689453125
Memory cached:  34.0
	 epoch  40 training error:  tensor(0.9995, device='cuda:0', grad_fn=<DivBackward0>)
Memory status after this epoch: 
Memory allocated:  9.1689453125
Memory cached:  34.0
	 epoch  50 training error:  tensor(0.9995, device='cuda:0', grad_fn=<DivBackward0>)
Memory status after this epoch: 
Memory allocated:  9.1689453125
Memory cached:  34.0
	 epoch  60 training error:  tensor(0.9995, device='cuda:0', grad_fn=<DivBackward0>)
Memory status after this epoch: 
Memory allocated:  9.1689453125
Memory cached:  34.0
	 epoch  70 training error:  tensor(0.9995, device='cuda:0', grad_fn=<DivBackward0>)
Memory status after this epoch: 
Memory allocated:  9.1689453125
Memory cached:  32.0
	 epoch  80 training error:  tensor(0.9995, device='cuda:0', grad_fn=<DivBackward0>)
Memory status after this epoch: 
Memory allocated:  9.1689453125
Memory cached:  36.0
	 epoch  90 training error:  tensor(0.9995, device='cuda:0', grad_fn=<DivBackward0>)
Memory status after this epoch: 
Memory allocated:  9.1689453125
Memory cached:  34.0
[I 2023-10-30 11:15:39,504] Trial 3 finished with value: 0.9994314312934875 and parameters: {'W_layers': 4, 'W_layer_units_exponent_0': 5, 'W_layer_units_exponent_1': 6, 'W_layer_units_exponent_2': 5, 'W_layer_units_exponent_3': 5, 'D_layers': 3, 'D_layer_units_exponent_0': 10, 'D_layer_units_exponent_1': 9, 'D_layer_units_exponent_2': 7, 'log_learning_rate': -3.7828042990407496, 'log_learning_rate_D': -3.393390085538774, 'training_batch_size': 7, 'training_p': 5}. Best is trial 3 with value: 0.9994314312934875.
Time for this trial:  120.85160565376282
Memory status after this trial: 
Memory allocated:  101.75
Memory cached:  120.0
--------------------  Trial  4   --------------------
Start timing: 
Parameters: 
{'W_layers': 2, 'W_layer_units_exponent_0': 9, 'W_layer_units_exponent_1': 5, 'D_layers': 4, 'D_layer_units_exponent_0': 9, 'D_layer_units_exponent_1': 7, 'D_layer_units_exponent_2': 7, 'D_layer_units_exponent_3': 9, 'log_learning_rate': -3.402700402459821, 'log_learning_rate_D': -2.0694750936501056, 'training_batch_size': 11, 'training_p': 6}
	 epoch  0 training error:  tensor(0.9880, device='cuda:0', grad_fn=<DivBackward0>)
Memory status after this epoch: 
Memory allocated:  2.5986328125
Memory cached:  12.0
	 epoch  10 training error:  tensor(0.9033, device='cuda:0', grad_fn=<DivBackward0>)
Memory status after this epoch: 
Memory allocated:  2.5986328125
Memory cached:  16.0
	 epoch  20 training error:  tensor(0.5562, device='cuda:0', grad_fn=<DivBackward0>)
Memory status after this epoch: 
Memory allocated:  2.5986328125
Memory cached:  16.0
	 epoch  30 training error:  tensor(0.3043, device='cuda:0', grad_fn=<DivBackward0>)
Memory status after this epoch: 
Memory allocated:  2.5986328125
Memory cached:  16.0
	 epoch  40 training error:  tensor(0.2576, device='cuda:0', grad_fn=<DivBackward0>)
Memory status after this epoch: 
Memory allocated:  2.5986328125
Memory cached:  16.0
	 epoch  50 training error:  tensor(0.2678, device='cuda:0', grad_fn=<DivBackward0>)
Memory status after this epoch: 
Memory allocated:  2.5986328125
Memory cached:  16.0
	 epoch  60 training error:  tensor(0.2573, device='cuda:0', grad_fn=<DivBackward0>)
Memory status after this epoch: 
Memory allocated:  2.5986328125
Memory cached:  16.0
	 epoch  70 training error:  tensor(0.2561, device='cuda:0', grad_fn=<DivBackward0>)
Memory status after this epoch: 
Memory allocated:  2.5986328125
Memory cached:  16.0
	 epoch  80 training error:  tensor(0.2548, device='cuda:0', grad_fn=<DivBackward0>)
Memory status after this epoch: 
Memory allocated:  2.5986328125
Memory cached:  16.0
	 epoch  90 training error:  tensor(0.2550, device='cuda:0', grad_fn=<DivBackward0>)
Memory status after this epoch: 
Memory allocated:  2.5986328125
Memory cached:  16.0
[I 2023-10-30 11:17:31,680] Trial 4 finished with value: 0.23676200211048126 and parameters: {'W_layers': 2, 'W_layer_units_exponent_0': 9, 'W_layer_units_exponent_1': 5, 'D_layers': 4, 'D_layer_units_exponent_0': 9, 'D_layer_units_exponent_1': 7, 'D_layer_units_exponent_2': 7, 'D_layer_units_exponent_3': 9, 'log_learning_rate': -3.402700402459821, 'log_learning_rate_D': -2.0694750936501056, 'training_batch_size': 11, 'training_p': 6}. Best is trial 4 with value: 0.23676200211048126.
Time for this trial:  112.03994369506836
Memory status after this trial: 
Memory allocated:  98.669921875
Memory cached:  102.0
--------------------  Trial  5   --------------------
Start timing: 
Parameters: 
{'W_layers': 3, 'W_layer_units_exponent_0': 6, 'W_layer_units_exponent_1': 7, 'W_layer_units_exponent_2': 4, 'D_layers': 5, 'D_layer_units_exponent_0': 5, 'D_layer_units_exponent_1': 5, 'D_layer_units_exponent_2': 9, 'D_layer_units_exponent_3': 8, 'D_layer_units_exponent_4': 5, 'log_learning_rate': -3.1544558178872864, 'log_learning_rate_D': -3.681086618568289, 'training_batch_size': 6, 'training_p': 5}
	 epoch  0 training error:  tensor(1.0000, device='cuda:0', grad_fn=<DivBackward0>)
Memory status after this epoch: 
Memory allocated:  2.5908203125
Memory cached:  12.0
	 epoch  10 training error:  tensor(0.9733, device='cuda:0', grad_fn=<DivBackward0>)
Memory status after this epoch: 
Memory allocated:  2.5908203125
Memory cached:  12.0
	 epoch  20 training error:  tensor(0.7108, device='cuda:0', grad_fn=<DivBackward0>)
Memory status after this epoch: 
Memory allocated:  2.5908203125
Memory cached:  12.0
	 epoch  30 training error:  tensor(0.2617, device='cuda:0', grad_fn=<DivBackward0>)
Memory status after this epoch: 
Memory allocated:  2.5908203125
Memory cached:  12.0
	 epoch  40 training error:  tensor(0.2531, device='cuda:0', grad_fn=<DivBackward0>)
Memory status after this epoch: 
Memory allocated:  2.5908203125
Memory cached:  12.0
	 epoch  50 training error:  tensor(0.2532, device='cuda:0', grad_fn=<DivBackward0>)
Memory status after this epoch: 
Memory allocated:  2.5908203125
Memory cached:  12.0
	 epoch  60 training error:  tensor(0.2530, device='cuda:0', grad_fn=<DivBackward0>)
Memory status after this epoch: 
Memory allocated:  2.5908203125
Memory cached:  12.0
	 epoch  70 training error:  tensor(0.2528, device='cuda:0', grad_fn=<DivBackward0>)
Memory status after this epoch: 
Memory allocated:  2.5908203125
Memory cached:  12.0
	 epoch  80 training error:  tensor(0.2528, device='cuda:0', grad_fn=<DivBackward0>)
Memory status after this epoch: 
Memory allocated:  2.5908203125
Memory cached:  12.0
	 epoch  90 training error:  tensor(0.2527, device='cuda:0', grad_fn=<DivBackward0>)
Memory status after this epoch: 
Memory allocated:  2.5908203125
Memory cached:  12.0
[I 2023-10-30 11:21:15,229] Trial 5 finished with value: 0.2370581179857254 and parameters: {'W_layers': 3, 'W_layer_units_exponent_0': 6, 'W_layer_units_exponent_1': 7, 'W_layer_units_exponent_2': 4, 'D_layers': 5, 'D_layer_units_exponent_0': 5, 'D_layer_units_exponent_1': 5, 'D_layer_units_exponent_2': 9, 'D_layer_units_exponent_3': 8, 'D_layer_units_exponent_4': 5, 'log_learning_rate': -3.1544558178872864, 'log_learning_rate_D': -3.681086618568289, 'training_batch_size': 6, 'training_p': 5}. Best is trial 4 with value: 0.23676200211048126.
Time for this trial:  223.39815759658813
Memory status after this trial: 
Memory allocated:  58.91064453125
Memory cached:  62.0
--------------------  Trial  6   --------------------
Start timing: 
Parameters: 
{'W_layers': 5, 'W_layer_units_exponent_0': 9, 'W_layer_units_exponent_1': 6, 'W_layer_units_exponent_2': 10, 'W_layer_units_exponent_3': 9, 'W_layer_units_exponent_4': 10, 'D_layers': 5, 'D_layer_units_exponent_0': 8, 'D_layer_units_exponent_1': 10, 'D_layer_units_exponent_2': 5, 'D_layer_units_exponent_3': 8, 'D_layer_units_exponent_4': 5, 'log_learning_rate': -2.949363880704601, 'log_learning_rate_D': -2.187535428458802, 'training_batch_size': 10, 'training_p': 8}
	 epoch  0 training error:  tensor(1.0000, device='cuda:0', grad_fn=<DivBackward0>)
Memory status after this epoch: 
Memory allocated:  22.3994140625
Memory cached:  36.0
	 epoch  10 training error:  tensor(0.8944, device='cuda:0', grad_fn=<DivBackward0>)
Memory status after this epoch: 
Memory allocated:  22.3994140625
Memory cached:  42.0
	 epoch  20 training error:  tensor(0.9588, device='cuda:0', grad_fn=<DivBackward0>)
Memory status after this epoch: 
Memory allocated:  22.3994140625
Memory cached:  42.0
	 epoch  30 training error:  tensor(0.9485, device='cuda:0', grad_fn=<DivBackward0>)
Memory status after this epoch: 
Memory allocated:  22.3994140625
Memory cached:  42.0
	 epoch  40 training error:  tensor(0.7971, device='cuda:0', grad_fn=<DivBackward0>)
Memory status after this epoch: 
Memory allocated:  22.3994140625
Memory cached:  42.0
	 epoch  50 training error:  tensor(1.1108, device='cuda:0', grad_fn=<DivBackward0>)
Memory status after this epoch: 
Memory allocated:  22.3994140625
Memory cached:  42.0
	 epoch  60 training error:  tensor(0.9794, device='cuda:0', grad_fn=<DivBackward0>)
Memory status after this epoch: 
Memory allocated:  22.3994140625
Memory cached:  42.0
	 epoch  70 training error:  tensor(0.8318, device='cuda:0', grad_fn=<DivBackward0>)
Memory status after this epoch: 
Memory allocated:  22.3994140625
Memory cached:  42.0
	 epoch  80 training error:  tensor(0.2587, device='cuda:0', grad_fn=<DivBackward0>)
Memory status after this epoch: 
Memory allocated:  22.3994140625
Memory cached:  42.0
	 epoch  90 training error:  tensor(0.5791, device='cuda:0', grad_fn=<DivBackward0>)
Memory status after this epoch: 
Memory allocated:  22.3994140625
Memory cached:  42.0
[I 2023-10-30 11:23:59,189] Trial 6 finished with value: 0.4526216685771942 and parameters: {'W_layers': 5, 'W_layer_units_exponent_0': 9, 'W_layer_units_exponent_1': 6, 'W_layer_units_exponent_2': 10, 'W_layer_units_exponent_3': 9, 'W_layer_units_exponent_4': 10, 'D_layers': 5, 'D_layer_units_exponent_0': 8, 'D_layer_units_exponent_1': 10, 'D_layer_units_exponent_2': 5, 'D_layer_units_exponent_3': 8, 'D_layer_units_exponent_4': 5, 'log_learning_rate': -2.949363880704601, 'log_learning_rate_D': -2.187535428458802, 'training_batch_size': 10, 'training_p': 8}. Best is trial 4 with value: 0.23676200211048126.
Time for this trial:  163.83169722557068
Memory status after this trial: 
Memory allocated:  263.9169921875
Memory cached:  280.0
--------------------  Trial  7   --------------------
Start timing: 
Parameters: 
{'W_layers': 4, 'W_layer_units_exponent_0': 4, 'W_layer_units_exponent_1': 4, 'W_layer_units_exponent_2': 4, 'W_layer_units_exponent_3': 8, 'D_layers': 5, 'D_layer_units_exponent_0': 7, 'D_layer_units_exponent_1': 7, 'D_layer_units_exponent_2': 5, 'D_layer_units_exponent_3': 9, 'D_layer_units_exponent_4': 10, 'log_learning_rate': -3.0462673013477777, 'log_learning_rate_D': -1.380113500663401, 'training_batch_size': 12, 'training_p': 5}
	 epoch  0 training error:  tensor(1.0001, device='cuda:0', grad_fn=<DivBackward0>)
Memory status after this epoch: 
Memory allocated:  8.7314453125
Memory cached:  32.0
	 epoch  10 training error:  tensor(0.9985, device='cuda:0', grad_fn=<DivBackward0>)
Memory status after this epoch: 
Memory allocated:  8.7314453125
Memory cached:  36.0
	 epoch  20 training error:  tensor(0.9902, device='cuda:0', grad_fn=<DivBackward0>)
Memory status after this epoch: 
Memory allocated:  8.7314453125
Memory cached:  36.0
	 epoch  30 training error:  tensor(0.9607, device='cuda:0', grad_fn=<DivBackward0>)
Memory status after this epoch: 
Memory allocated:  8.7314453125
Memory cached:  36.0
	 epoch  40 training error:  tensor(0.8679, device='cuda:0', grad_fn=<DivBackward0>)
Memory status after this epoch: 
Memory allocated:  8.7314453125
Memory cached:  36.0
	 epoch  50 training error:  tensor(0.6008, device='cuda:0', grad_fn=<DivBackward0>)
Memory status after this epoch: 
Memory allocated:  8.7314453125
Memory cached:  36.0
	 epoch  60 training error:  tensor(0.3524, device='cuda:0', grad_fn=<DivBackward0>)
Memory status after this epoch: 
Memory allocated:  8.7314453125
Memory cached:  36.0
	 epoch  70 training error:  tensor(0.2838, device='cuda:0', grad_fn=<DivBackward0>)
Memory status after this epoch: 
Memory allocated:  8.7314453125
Memory cached:  36.0
	 epoch  80 training error:  tensor(0.2602, device='cuda:0', grad_fn=<DivBackward0>)
Memory status after this epoch: 
Memory allocated:  8.7314453125
Memory cached:  36.0
	 epoch  90 training error:  tensor(0.2563, device='cuda:0', grad_fn=<DivBackward0>)
Memory status after this epoch: 
Memory allocated:  8.7314453125
Memory cached:  36.0
[I 2023-10-30 11:26:16,177] Trial 7 finished with value: 0.2398054599761963 and parameters: {'W_layers': 4, 'W_layer_units_exponent_0': 4, 'W_layer_units_exponent_1': 4, 'W_layer_units_exponent_2': 4, 'W_layer_units_exponent_3': 8, 'D_layers': 5, 'D_layer_units_exponent_0': 7, 'D_layer_units_exponent_1': 7, 'D_layer_units_exponent_2': 5, 'D_layer_units_exponent_3': 9, 'D_layer_units_exponent_4': 10, 'log_learning_rate': -3.0462673013477777, 'log_learning_rate_D': -1.380113500663401, 'training_batch_size': 12, 'training_p': 5}. Best is trial 4 with value: 0.23676200211048126.
Time for this trial:  136.85738515853882
Memory status after this trial: 
Memory allocated:  118.19384765625
Memory cached:  136.0
--------------------  Trial  8   --------------------
Start timing: 
Parameters: 
{'W_layers': 4, 'W_layer_units_exponent_0': 9, 'W_layer_units_exponent_1': 9, 'W_layer_units_exponent_2': 6, 'W_layer_units_exponent_3': 10, 'D_layers': 2, 'D_layer_units_exponent_0': 6, 'D_layer_units_exponent_1': 5, 'log_learning_rate': -2.718664136012136, 'log_learning_rate_D': -2.263475954946923, 'training_batch_size': 8, 'training_p': 7}
	 epoch  0 training error:  tensor(1., device='cuda:0', grad_fn=<DivBackward0>)
Memory status after this epoch: 
Memory allocated:  5.6396484375
Memory cached:  12.0
	 epoch  10 training error:  tensor(0.8790, device='cuda:0', grad_fn=<DivBackward0>)
Memory status after this epoch: 
Memory allocated:  5.6396484375
Memory cached:  20.0
	 epoch  20 training error:  tensor(0.7365, device='cuda:0', grad_fn=<DivBackward0>)
Memory status after this epoch: 
Memory allocated:  5.6396484375
Memory cached:  20.0
	 epoch  30 training error:  tensor(0.2684, device='cuda:0', grad_fn=<DivBackward0>)
Memory status after this epoch: 
Memory allocated:  5.6396484375
Memory cached:  18.0
	 epoch  40 training error:  tensor(0.3673, device='cuda:0', grad_fn=<DivBackward0>)
Memory status after this epoch: 
Memory allocated:  5.6396484375
Memory cached:  18.0
	 epoch  50 training error:  tensor(0.3268, device='cuda:0', grad_fn=<DivBackward0>)
Memory status after this epoch: 
Memory allocated:  5.6396484375
Memory cached:  20.0
	 epoch  60 training error:  tensor(0.2731, device='cuda:0', grad_fn=<DivBackward0>)
Memory status after this epoch: 
Memory allocated:  5.6396484375
Memory cached:  16.0
	 epoch  70 training error:  tensor(0.2594, device='cuda:0', grad_fn=<DivBackward0>)
Memory status after this epoch: 
Memory allocated:  5.6396484375
Memory cached:  16.0
	 epoch  80 training error:  tensor(0.2581, device='cuda:0', grad_fn=<DivBackward0>)
Memory status after this epoch: 
Memory allocated:  5.6396484375
Memory cached:  20.0
	 epoch  90 training error:  tensor(0.2575, device='cuda:0', grad_fn=<DivBackward0>)
Memory status after this epoch: 
Memory allocated:  5.6396484375
Memory cached:  20.0
