[I 2023-11-09 22:18:48,943] Trial 29 finished with value: 0.06747182458639145 and parameters: {'W_layers': 7, 'W_layer_units_exponent_0': 6, 'W_layer_units_exponent_1': 6, 'W_layer_units_exponent_2': 5, 'W_layer_units_exponent_3': 10, 'W_layer_units_exponent_4': 8, 'W_layer_units_exponent_5': 5, 'W_layer_units_exponent_6': 9, 'D_layers': 7, 'D_layer_units_exponent_0': 9, 'D_layer_units_exponent_1': 7, 'D_layer_units_exponent_2': 10, 'D_layer_units_exponent_3': 6, 'D_layer_units_exponent_4': 6, 'D_layer_units_exponent_5': 10, 'D_layer_units_exponent_6': 10, 'D_dagger_layers': 3, 'D_dagger_layer_units_exponent_0': 6, 'D_dagger_layer_units_exponent_1': 6, 'D_dagger_layer_units_exponent_2': 10, 'log_learning_rate': -4.886989680206656, 'log_learning_rate_D': -4.2074329529779195, 'log_learning_rate_D_dagger': -3.6638857111475573, 'training_batch_size': 10, 'training_p': 5}. Best is trial 11 with value: 0.06177457049489021.
Time for this trial:  17.256848096847534
Memory status after this trial: 
Memory allocated:  172.8291015625
Memory cached:  198.0
--------------------  Trial  30   --------------------
Start timing: 
Parameters: 
{'W_layers': 8, 'W_layer_units_exponent_0': 7, 'W_layer_units_exponent_1': 8, 'W_layer_units_exponent_2': 8, 'W_layer_units_exponent_3': 6, 'W_layer_units_exponent_4': 10, 'W_layer_units_exponent_5': 7, 'W_layer_units_exponent_6': 6, 'W_layer_units_exponent_7': 4, 'D_layers': 3, 'D_layer_units_exponent_0': 7, 'D_layer_units_exponent_1': 6, 'D_layer_units_exponent_2': 9, 'D_dagger_layers': 2, 'D_dagger_layer_units_exponent_0': 10, 'D_dagger_layer_units_exponent_1': 8, 'log_learning_rate': -4.391657416788292, 'log_learning_rate_D': -4.435544534046284, 'log_learning_rate_D_dagger': -4.111360800319334, 'training_batch_size': 10, 'training_p': 6}
	 epoch  0 training error:  tensor(1.3170, device='cuda:0', grad_fn=<DivBackward0>)
Memory status after this epoch: 
Memory allocated:  9.28662109375
Memory cached:  12.0
	 epoch  10 training error:  tensor(0.4580, device='cuda:0', grad_fn=<DivBackward0>)
Memory status after this epoch: 
Memory allocated:  9.28662109375
Memory cached:  12.0
	 epoch  20 training error:  tensor(0.2407, device='cuda:0', grad_fn=<DivBackward0>)
Memory status after this epoch: 
Memory allocated:  9.28662109375
Memory cached:  12.0
	 epoch  30 training error:  tensor(0.1442, device='cuda:0', grad_fn=<DivBackward0>)
Memory status after this epoch: 
Memory allocated:  9.28662109375
Memory cached:  12.0
	 epoch  40 training error:  tensor(0.0904, device='cuda:0', grad_fn=<DivBackward0>)
Memory status after this epoch: 
Memory allocated:  9.28662109375
Memory cached:  12.0
	 epoch  50 training error:  tensor(0.0982, device='cuda:0', grad_fn=<DivBackward0>)
Memory status after this epoch: 
Memory allocated:  9.28662109375
Memory cached:  12.0
	 epoch  60 training error:  tensor(0.0959, device='cuda:0', grad_fn=<DivBackward0>)
Memory status after this epoch: 
Memory allocated:  9.28662109375
Memory cached:  12.0
	 epoch  70 training error:  tensor(0.0876, device='cuda:0', grad_fn=<DivBackward0>)
Memory status after this epoch: 
Memory allocated:  9.28662109375
Memory cached:  12.0
	 epoch  80 training error:  tensor(0.0881, device='cuda:0', grad_fn=<DivBackward0>)
Memory status after this epoch: 
Memory allocated:  9.28662109375
Memory cached:  12.0
	 epoch  90 training error:  tensor(0.0868, device='cuda:0', grad_fn=<DivBackward0>)
Memory status after this epoch: 
Memory allocated:  9.28662109375
Memory cached:  12.0
[I 2023-11-09 22:19:06,677] Trial 30 finished with value: 0.065659299492836 and parameters: {'W_layers': 8, 'W_layer_units_exponent_0': 7, 'W_layer_units_exponent_1': 8, 'W_layer_units_exponent_2': 8, 'W_layer_units_exponent_3': 6, 'W_layer_units_exponent_4': 10, 'W_layer_units_exponent_5': 7, 'W_layer_units_exponent_6': 6, 'W_layer_units_exponent_7': 4, 'D_layers': 3, 'D_layer_units_exponent_0': 7, 'D_layer_units_exponent_1': 6, 'D_layer_units_exponent_2': 9, 'D_dagger_layers': 2, 'D_dagger_layer_units_exponent_0': 10, 'D_dagger_layer_units_exponent_1': 8, 'log_learning_rate': -4.391657416788292, 'log_learning_rate_D': -4.435544534046284, 'log_learning_rate_D_dagger': -4.111360800319334, 'training_batch_size': 10, 'training_p': 6}. Best is trial 11 with value: 0.06177457049489021.
Time for this trial:  17.516397953033447
Memory status after this trial: 
Memory allocated:  179.2783203125
Memory cached:  208.0
--------------------  Trial  31   --------------------
Start timing: 
Parameters: 
{'W_layers': 6, 'W_layer_units_exponent_0': 8, 'W_layer_units_exponent_1': 7, 'W_layer_units_exponent_2': 9, 'W_layer_units_exponent_3': 5, 'W_layer_units_exponent_4': 8, 'W_layer_units_exponent_5': 4, 'D_layers': 5, 'D_layer_units_exponent_0': 9, 'D_layer_units_exponent_1': 8, 'D_layer_units_exponent_2': 8, 'D_layer_units_exponent_3': 9, 'D_layer_units_exponent_4': 6, 'D_dagger_layers': 4, 'D_dagger_layer_units_exponent_0': 6, 'D_dagger_layer_units_exponent_1': 10, 'D_dagger_layer_units_exponent_2': 9, 'D_dagger_layer_units_exponent_3': 6, 'log_learning_rate': -2.6725026497345277, 'log_learning_rate_D': -2.9666228008149056, 'log_learning_rate_D_dagger': -4.349588974321286, 'training_batch_size': 9, 'training_p': 4}
	 epoch  0 training error:  tensor(1.1956, device='cuda:0', grad_fn=<DivBackward0>)
Memory status after this epoch: 
Memory allocated:  13.27099609375
Memory cached:  46.0
	 epoch  10 training error:  tensor(0.2188, device='cuda:0', grad_fn=<DivBackward0>)
Memory status after this epoch: 
Memory allocated:  13.27099609375
Memory cached:  46.0
	 epoch  20 training error:  tensor(0.1949, device='cuda:0', grad_fn=<DivBackward0>)
Memory status after this epoch: 
Memory allocated:  13.27099609375
Memory cached:  46.0
	 epoch  30 training error:  tensor(0.1109, device='cuda:0', grad_fn=<DivBackward0>)
Memory status after this epoch: 
Memory allocated:  13.27099609375
Memory cached:  46.0
	 epoch  40 training error:  tensor(0.0897, device='cuda:0', grad_fn=<DivBackward0>)
Memory status after this epoch: 
Memory allocated:  13.27099609375
Memory cached:  46.0
	 epoch  50 training error:  tensor(0.0827, device='cuda:0', grad_fn=<DivBackward0>)
Memory status after this epoch: 
Memory allocated:  13.27099609375
Memory cached:  46.0
	 epoch  60 training error:  tensor(0.0794, device='cuda:0', grad_fn=<DivBackward0>)
Memory status after this epoch: 
Memory allocated:  13.27099609375
Memory cached:  46.0
	 epoch  70 training error:  tensor(0.0787, device='cuda:0', grad_fn=<DivBackward0>)
Memory status after this epoch: 
Memory allocated:  13.27099609375
Memory cached:  46.0
	 epoch  80 training error:  tensor(0.0780, device='cuda:0', grad_fn=<DivBackward0>)
Memory status after this epoch: 
Memory allocated:  13.27099609375
Memory cached:  46.0
	 epoch  90 training error:  tensor(0.0777, device='cuda:0', grad_fn=<DivBackward0>)
Memory status after this epoch: 
Memory allocated:  13.27099609375
Memory cached:  46.0
[I 2023-11-09 22:19:24,152] Trial 31 finished with value: 0.0660918653011322 and parameters: {'W_layers': 6, 'W_layer_units_exponent_0': 8, 'W_layer_units_exponent_1': 7, 'W_layer_units_exponent_2': 9, 'W_layer_units_exponent_3': 5, 'W_layer_units_exponent_4': 8, 'W_layer_units_exponent_5': 4, 'D_layers': 5, 'D_layer_units_exponent_0': 9, 'D_layer_units_exponent_1': 8, 'D_layer_units_exponent_2': 8, 'D_layer_units_exponent_3': 9, 'D_layer_units_exponent_4': 6, 'D_dagger_layers': 4, 'D_dagger_layer_units_exponent_0': 6, 'D_dagger_layer_units_exponent_1': 10, 'D_dagger_layer_units_exponent_2': 9, 'D_dagger_layer_units_exponent_3': 6, 'log_learning_rate': -2.6725026497345277, 'log_learning_rate_D': -2.9666228008149056, 'log_learning_rate_D_dagger': -4.349588974321286, 'training_batch_size': 9, 'training_p': 4}. Best is trial 11 with value: 0.06177457049489021.
Time for this trial:  17.24172329902649
Memory status after this trial: 
Memory allocated:  161.837890625
Memory cached:  174.0
--------------------  Trial  32   --------------------
Start timing: 
Parameters: 
{'W_layers': 7, 'W_layer_units_exponent_0': 8, 'W_layer_units_exponent_1': 7, 'W_layer_units_exponent_2': 9, 'W_layer_units_exponent_3': 4, 'W_layer_units_exponent_4': 9, 'W_layer_units_exponent_5': 4, 'W_layer_units_exponent_6': 9, 'D_layers': 5, 'D_layer_units_exponent_0': 9, 'D_layer_units_exponent_1': 8, 'D_layer_units_exponent_2': 8, 'D_layer_units_exponent_3': 9, 'D_layer_units_exponent_4': 5, 'D_dagger_layers': 4, 'D_dagger_layer_units_exponent_0': 7, 'D_dagger_layer_units_exponent_1': 10, 'D_dagger_layer_units_exponent_2': 9, 'D_dagger_layer_units_exponent_3': 6, 'log_learning_rate': -2.5985321685381098, 'log_learning_rate_D': -3.918419526132667, 'log_learning_rate_D_dagger': -4.372790318938158, 'training_batch_size': 8, 'training_p': 5}
	 epoch  0 training error:  tensor(0.8675, device='cuda:0', grad_fn=<DivBackward0>)
Memory status after this epoch: 
Memory allocated:  14.05419921875
Memory cached:  48.0
	 epoch  10 training error:  tensor(0.3222, device='cuda:0', grad_fn=<DivBackward0>)
Memory status after this epoch: 
Memory allocated:  14.05419921875
Memory cached:  50.0
	 epoch  20 training error:  tensor(0.1332, device='cuda:0', grad_fn=<DivBackward0>)
Memory status after this epoch: 
Memory allocated:  14.05419921875
Memory cached:  50.0
	 epoch  30 training error:  tensor(0.1123, device='cuda:0', grad_fn=<DivBackward0>)
Memory status after this epoch: 
Memory allocated:  14.05419921875
Memory cached:  50.0
	 epoch  40 training error:  tensor(0.0959, device='cuda:0', grad_fn=<DivBackward0>)
Memory status after this epoch: 
Memory allocated:  14.05419921875
Memory cached:  50.0
	 epoch  50 training error:  tensor(0.0849, device='cuda:0', grad_fn=<DivBackward0>)
Memory status after this epoch: 
Memory allocated:  14.05419921875
Memory cached:  50.0
	 epoch  60 training error:  tensor(0.0839, device='cuda:0', grad_fn=<DivBackward0>)
Memory status after this epoch: 
Memory allocated:  14.05419921875
Memory cached:  50.0
	 epoch  70 training error:  tensor(0.0833, device='cuda:0', grad_fn=<DivBackward0>)
Memory status after this epoch: 
Memory allocated:  14.05419921875
Memory cached:  50.0
	 epoch  80 training error:  tensor(0.0823, device='cuda:0', grad_fn=<DivBackward0>)
Memory status after this epoch: 
Memory allocated:  14.05419921875
Memory cached:  50.0
	 epoch  90 training error:  tensor(0.0818, device='cuda:0', grad_fn=<DivBackward0>)
Memory status after this epoch: 
Memory allocated:  14.05419921875
Memory cached:  50.0
[I 2023-11-09 22:19:42,330] Trial 32 finished with value: 0.06572071462869644 and parameters: {'W_layers': 7, 'W_layer_units_exponent_0': 8, 'W_layer_units_exponent_1': 7, 'W_layer_units_exponent_2': 9, 'W_layer_units_exponent_3': 4, 'W_layer_units_exponent_4': 9, 'W_layer_units_exponent_5': 4, 'W_layer_units_exponent_6': 9, 'D_layers': 5, 'D_layer_units_exponent_0': 9, 'D_layer_units_exponent_1': 8, 'D_layer_units_exponent_2': 8, 'D_layer_units_exponent_3': 9, 'D_layer_units_exponent_4': 5, 'D_dagger_layers': 4, 'D_dagger_layer_units_exponent_0': 7, 'D_dagger_layer_units_exponent_1': 10, 'D_dagger_layer_units_exponent_2': 9, 'D_dagger_layer_units_exponent_3': 6, 'log_learning_rate': -2.5985321685381098, 'log_learning_rate_D': -3.918419526132667, 'log_learning_rate_D_dagger': -4.372790318938158, 'training_batch_size': 8, 'training_p': 5}. Best is trial 11 with value: 0.06177457049489021.
Time for this trial:  17.94342064857483
Memory status after this trial: 
Memory allocated:  206.14453125
Memory cached:  226.0
--------------------  Trial  33   --------------------
Start timing: 
Parameters: 
{'W_layers': 6, 'W_layer_units_exponent_0': 9, 'W_layer_units_exponent_1': 8, 'W_layer_units_exponent_2': 9, 'W_layer_units_exponent_3': 5, 'W_layer_units_exponent_4': 8, 'W_layer_units_exponent_5': 5, 'D_layers': 4, 'D_layer_units_exponent_0': 8, 'D_layer_units_exponent_1': 9, 'D_layer_units_exponent_2': 9, 'D_layer_units_exponent_3': 8, 'D_dagger_layers': 5, 'D_dagger_layer_units_exponent_0': 5, 'D_dagger_layer_units_exponent_1': 10, 'D_dagger_layer_units_exponent_2': 10, 'D_dagger_layer_units_exponent_3': 5, 'D_dagger_layer_units_exponent_4': 8, 'log_learning_rate': -2.9390290092905142, 'log_learning_rate_D': -2.7431760889299674, 'log_learning_rate_D_dagger': -4.672154929328159, 'training_batch_size': 9, 'training_p': 4}
	 epoch  0 training error:  tensor(0.9080, device='cuda:0', grad_fn=<DivBackward0>)
Memory status after this epoch: 
Memory allocated:  24.24755859375
Memory cached:  50.0
	 epoch  10 training error:  tensor(0.2076, device='cuda:0', grad_fn=<DivBackward0>)
Memory status after this epoch: 
Memory allocated:  24.24755859375
Memory cached:  48.0
	 epoch  20 training error:  tensor(0.1404, device='cuda:0', grad_fn=<DivBackward0>)
Memory status after this epoch: 
Memory allocated:  24.24755859375
Memory cached:  48.0
	 epoch  30 training error:  tensor(0.1086, device='cuda:0', grad_fn=<DivBackward0>)
Memory status after this epoch: 
Memory allocated:  24.24755859375
Memory cached:  48.0
	 epoch  40 training error:  tensor(0.0904, device='cuda:0', grad_fn=<DivBackward0>)
Memory status after this epoch: 
Memory allocated:  24.24755859375
Memory cached:  48.0
	 epoch  50 training error:  tensor(0.0933, device='cuda:0', grad_fn=<DivBackward0>)
Memory status after this epoch: 
Memory allocated:  24.24755859375
Memory cached:  48.0
	 epoch  60 training error:  tensor(0.0851, device='cuda:0', grad_fn=<DivBackward0>)
Memory status after this epoch: 
Memory allocated:  24.24755859375
Memory cached:  48.0
	 epoch  70 training error:  tensor(0.0833, device='cuda:0', grad_fn=<DivBackward0>)
Memory status after this epoch: 
Memory allocated:  24.24755859375
Memory cached:  48.0
	 epoch  80 training error:  tensor(0.0809, device='cuda:0', grad_fn=<DivBackward0>)
Memory status after this epoch: 
Memory allocated:  24.24755859375
Memory cached:  48.0
	 epoch  90 training error:  tensor(0.0805, device='cuda:0', grad_fn=<DivBackward0>)
Memory status after this epoch: 
Memory allocated:  24.24755859375
Memory cached:  48.0
[I 2023-11-09 22:20:01,068] Trial 33 finished with value: 0.06734026223421097 and parameters: {'W_layers': 6, 'W_layer_units_exponent_0': 9, 'W_layer_units_exponent_1': 8, 'W_layer_units_exponent_2': 9, 'W_layer_units_exponent_3': 5, 'W_layer_units_exponent_4': 8, 'W_layer_units_exponent_5': 5, 'D_layers': 4, 'D_layer_units_exponent_0': 8, 'D_layer_units_exponent_1': 9, 'D_layer_units_exponent_2': 9, 'D_layer_units_exponent_3': 8, 'D_dagger_layers': 5, 'D_dagger_layer_units_exponent_0': 5, 'D_dagger_layer_units_exponent_1': 10, 'D_dagger_layer_units_exponent_2': 10, 'D_dagger_layer_units_exponent_3': 5, 'D_dagger_layer_units_exponent_4': 8, 'log_learning_rate': -2.9390290092905142, 'log_learning_rate_D': -2.7431760889299674, 'log_learning_rate_D_dagger': -4.672154929328159, 'training_batch_size': 9, 'training_p': 4}. Best is trial 11 with value: 0.06177457049489021.
Time for this trial:  18.50179171562195
Memory status after this trial: 
Memory allocated:  226.6533203125
Memory cached:  268.0
--------------------  Trial  34   --------------------
Start timing: 
Parameters: 
{'W_layers': 5, 'W_layer_units_exponent_0': 4, 'W_layer_units_exponent_1': 7, 'W_layer_units_exponent_2': 7, 'W_layer_units_exponent_3': 4, 'W_layer_units_exponent_4': 9, 'D_layers': 4, 'D_layer_units_exponent_0': 10, 'D_layer_units_exponent_1': 7, 'D_layer_units_exponent_2': 9, 'D_layer_units_exponent_3': 10, 'D_dagger_layers': 3, 'D_dagger_layer_units_exponent_0': 7, 'D_dagger_layer_units_exponent_1': 9, 'D_dagger_layer_units_exponent_2': 8, 'log_learning_rate': -2.274039656180575, 'log_learning_rate_D': -3.399702432542595, 'log_learning_rate_D_dagger': -3.5761315270732297, 'training_batch_size': 11, 'training_p': 3}
	 epoch  0 training error:  tensor(1.3883, device='cuda:0', grad_fn=<DivBackward0>)
Memory status after this epoch: 
Memory allocated:  6.4052734375
Memory cached:  26.0
	 epoch  10 training error:  tensor(0.5496, device='cuda:0', grad_fn=<DivBackward0>)
Memory status after this epoch: 
Memory allocated:  6.4052734375
Memory cached:  26.0
	 epoch  20 training error:  tensor(0.3034, device='cuda:0', grad_fn=<DivBackward0>)
Memory status after this epoch: 
Memory allocated:  6.4052734375
Memory cached:  26.0
	 epoch  30 training error:  tensor(0.1463, device='cuda:0', grad_fn=<DivBackward0>)
Memory status after this epoch: 
Memory allocated:  6.4052734375
Memory cached:  26.0
	 epoch  40 training error:  tensor(0.0998, device='cuda:0', grad_fn=<DivBackward0>)
Memory status after this epoch: 
Memory allocated:  6.4052734375
Memory cached:  26.0
	 epoch  50 training error:  tensor(0.0941, device='cuda:0', grad_fn=<DivBackward0>)
Memory status after this epoch: 
Memory allocated:  6.4052734375
Memory cached:  26.0
	 epoch  60 training error:  tensor(0.1101, device='cuda:0', grad_fn=<DivBackward0>)
Memory status after this epoch: 
Memory allocated:  6.4052734375
Memory cached:  26.0
	 epoch  70 training error:  tensor(0.0943, device='cuda:0', grad_fn=<DivBackward0>)
Memory status after this epoch: 
Memory allocated:  6.4052734375
Memory cached:  26.0
	 epoch  80 training error:  tensor(0.1091, device='cuda:0', grad_fn=<DivBackward0>)
Memory status after this epoch: 
Memory allocated:  6.4052734375
Memory cached:  26.0
	 epoch  90 training error:  tensor(0.0980, device='cuda:0', grad_fn=<DivBackward0>)
Memory status after this epoch: 
Memory allocated:  6.4052734375
Memory cached:  26.0
[I 2023-11-09 22:20:17,049] Trial 34 finished with value: 0.09200368821620941 and parameters: {'W_layers': 5, 'W_layer_units_exponent_0': 4, 'W_layer_units_exponent_1': 7, 'W_layer_units_exponent_2': 7, 'W_layer_units_exponent_3': 4, 'W_layer_units_exponent_4': 9, 'D_layers': 4, 'D_layer_units_exponent_0': 10, 'D_layer_units_exponent_1': 7, 'D_layer_units_exponent_2': 9, 'D_layer_units_exponent_3': 10, 'D_dagger_layers': 3, 'D_dagger_layer_units_exponent_0': 7, 'D_dagger_layer_units_exponent_1': 9, 'D_dagger_layer_units_exponent_2': 8, 'log_learning_rate': -2.274039656180575, 'log_learning_rate_D': -3.399702432542595, 'log_learning_rate_D_dagger': -3.5761315270732297, 'training_batch_size': 11, 'training_p': 3}. Best is trial 11 with value: 0.06177457049489021.
Time for this trial:  15.737884521484375
Memory status after this trial: 
Memory allocated:  93.8125
Memory cached:  104.0
--------------------  Trial  35   --------------------
Start timing: 
Parameters: 
{'W_layers': 6, 'W_layer_units_exponent_0': 7, 'W_layer_units_exponent_1': 6, 'W_layer_units_exponent_2': 6, 'W_layer_units_exponent_3': 7, 'W_layer_units_exponent_4': 7, 'W_layer_units_exponent_5': 4, 'D_layers': 5, 'D_layer_units_exponent_0': 8, 'D_layer_units_exponent_1': 9, 'D_layer_units_exponent_2': 8, 'D_layer_units_exponent_3': 9, 'D_layer_units_exponent_4': 8, 'D_dagger_layers': 5, 'D_dagger_layer_units_exponent_0': 4, 'D_dagger_layer_units_exponent_1': 10, 'D_dagger_layer_units_exponent_2': 9, 'D_dagger_layer_units_exponent_3': 8, 'D_dagger_layer_units_exponent_4': 9, 'log_learning_rate': -3.139549675643903, 'log_learning_rate_D': -3.6571261747852795, 'log_learning_rate_D_dagger': -4.089813634322513, 'training_batch_size': 9, 'training_p': 4}
	 epoch  0 training error:  tensor(1.1846, device='cuda:0', grad_fn=<DivBackward0>)
Memory status after this epoch: 
Memory allocated:  15.44775390625
Memory cached:  50.0
	 epoch  10 training error:  tensor(0.2192, device='cuda:0', grad_fn=<DivBackward0>)
Memory status after this epoch: 
Memory allocated:  15.44775390625
Memory cached:  50.0
	 epoch  20 training error:  tensor(0.1058, device='cuda:0', grad_fn=<DivBackward0>)
Memory status after this epoch: 
Memory allocated:  15.44775390625
Memory cached:  50.0
	 epoch  30 training error:  tensor(0.1328, device='cuda:0', grad_fn=<DivBackward0>)
Memory status after this epoch: 
Memory allocated:  15.44775390625
Memory cached:  50.0
	 epoch  40 training error:  tensor(0.1033, device='cuda:0', grad_fn=<DivBackward0>)
Memory status after this epoch: 
Memory allocated:  15.44775390625
Memory cached:  50.0
	 epoch  50 training error:  tensor(0.0820, device='cuda:0', grad_fn=<DivBackward0>)
Memory status after this epoch: 
Memory allocated:  15.44775390625
Memory cached:  50.0
	 epoch  60 training error:  tensor(0.0813, device='cuda:0', grad_fn=<DivBackward0>)
Memory status after this epoch: 
Memory allocated:  15.44775390625
Memory cached:  50.0
	 epoch  70 training error:  tensor(0.0804, device='cuda:0', grad_fn=<DivBackward0>)
Memory status after this epoch: 
Memory allocated:  15.44775390625
Memory cached:  50.0
	 epoch  80 training error:  tensor(0.0803, device='cuda:0', grad_fn=<DivBackward0>)
Memory status after this epoch: 
Memory allocated:  15.44775390625
Memory cached:  50.0
	 epoch  90 training error:  tensor(0.0795, device='cuda:0', grad_fn=<DivBackward0>)
Memory status after this epoch: 
Memory allocated:  15.44775390625
Memory cached:  50.0
