[I 2023-11-09 14:13:38,754] Trial 17 finished with value: 0.06393616646528244 and parameters: {'W_layers': 5, 'W_layer_units_exponent_0': 5, 'W_layer_units_exponent_1': 6, 'W_layer_units_exponent_2': 8, 'W_layer_units_exponent_3': 6, 'W_layer_units_exponent_4': 4, 'D_layers': 2, 'D_layer_units_exponent_0': 4, 'D_layer_units_exponent_1': 10, 'D_dagger_layers': 4, 'D_dagger_layer_units_exponent_0': 7, 'D_dagger_layer_units_exponent_1': 9, 'D_dagger_layer_units_exponent_2': 5, 'D_dagger_layer_units_exponent_3': 10, 'log_learning_rate': -2.6265843148298704, 'log_learning_rate_D': -2.644585328531398, 'log_learning_rate_D_dagger': -4.160723792139539, 'training_batch_size': 9, 'training_p': 4}. Best is trial 3 with value: 0.05958547815680504.
Time for this trial:  21.07115864753723
Memory status after this trial: 
Memory allocated:  116.9306640625
Memory cached:  122.0
--------------------  Trial  18   --------------------
Start timing: 
Parameters: 
{'W_layers': 5, 'W_layer_units_exponent_0': 5, 'W_layer_units_exponent_1': 6, 'W_layer_units_exponent_2': 6, 'W_layer_units_exponent_3': 6, 'W_layer_units_exponent_4': 4, 'D_layers': 2, 'D_layer_units_exponent_0': 6, 'D_layer_units_exponent_1': 10, 'D_dagger_layers': 5, 'D_dagger_layer_units_exponent_0': 6, 'D_dagger_layer_units_exponent_1': 9, 'D_dagger_layer_units_exponent_2': 5, 'D_dagger_layer_units_exponent_3': 10, 'D_dagger_layer_units_exponent_4': 4, 'log_learning_rate': -2.9907670960173913, 'log_learning_rate_D': -2.7099429498634984, 'log_learning_rate_D_dagger': -4.451994096352155, 'training_batch_size': 8, 'training_p': 4}
	 epoch  0 training error:  tensor(0.5232, device='cuda:0', grad_fn=<DivBackward0>)
Memory status after this epoch: 
Memory allocated:  2.1357421875
Memory cached:  12.0
	 epoch  10 training error:  tensor(0.1919, device='cuda:0', grad_fn=<DivBackward0>)
Memory status after this epoch: 
Memory allocated:  2.1357421875
Memory cached:  14.0
	 epoch  20 training error:  tensor(0.1168, device='cuda:0', grad_fn=<DivBackward0>)
Memory status after this epoch: 
Memory allocated:  2.1357421875
Memory cached:  14.0
	 epoch  30 training error:  tensor(0.0871, device='cuda:0', grad_fn=<DivBackward0>)
Memory status after this epoch: 
Memory allocated:  2.1357421875
Memory cached:  14.0
	 epoch  40 training error:  tensor(0.0870, device='cuda:0', grad_fn=<DivBackward0>)
Memory status after this epoch: 
Memory allocated:  2.1357421875
Memory cached:  14.0
	 epoch  50 training error:  tensor(0.0838, device='cuda:0', grad_fn=<DivBackward0>)
Memory status after this epoch: 
Memory allocated:  2.1357421875
Memory cached:  14.0
	 epoch  60 training error:  tensor(0.0829, device='cuda:0', grad_fn=<DivBackward0>)
Memory status after this epoch: 
Memory allocated:  2.1357421875
Memory cached:  14.0
	 epoch  70 training error:  tensor(0.0820, device='cuda:0', grad_fn=<DivBackward0>)
Memory status after this epoch: 
Memory allocated:  2.1357421875
Memory cached:  14.0
	 epoch  80 training error:  tensor(0.0815, device='cuda:0', grad_fn=<DivBackward0>)
Memory status after this epoch: 
Memory allocated:  2.1357421875
Memory cached:  14.0
	 epoch  90 training error:  tensor(0.0810, device='cuda:0', grad_fn=<DivBackward0>)
Memory status after this epoch: 
Memory allocated:  2.1357421875
Memory cached:  14.0
[I 2023-11-09 14:13:59,890] Trial 18 finished with value: 0.06535597890615463 and parameters: {'W_layers': 5, 'W_layer_units_exponent_0': 5, 'W_layer_units_exponent_1': 6, 'W_layer_units_exponent_2': 6, 'W_layer_units_exponent_3': 6, 'W_layer_units_exponent_4': 4, 'D_layers': 2, 'D_layer_units_exponent_0': 6, 'D_layer_units_exponent_1': 10, 'D_dagger_layers': 5, 'D_dagger_layer_units_exponent_0': 6, 'D_dagger_layer_units_exponent_1': 9, 'D_dagger_layer_units_exponent_2': 5, 'D_dagger_layer_units_exponent_3': 10, 'D_dagger_layer_units_exponent_4': 4, 'log_learning_rate': -2.9907670960173913, 'log_learning_rate_D': -2.7099429498634984, 'log_learning_rate_D_dagger': -4.451994096352155, 'training_batch_size': 8, 'training_p': 4}. Best is trial 3 with value: 0.05958547815680504.
Time for this trial:  20.87783455848694
Memory status after this trial: 
Memory allocated:  103.7939453125
Memory cached:  118.0
--------------------  Trial  19   --------------------
Start timing: 
Parameters: 
{'W_layers': 5, 'W_layer_units_exponent_0': 7, 'W_layer_units_exponent_1': 6, 'W_layer_units_exponent_2': 10, 'W_layer_units_exponent_3': 6, 'W_layer_units_exponent_4': 6, 'D_layers': 2, 'D_layer_units_exponent_0': 6, 'D_layer_units_exponent_1': 10, 'D_dagger_layers': 3, 'D_dagger_layer_units_exponent_0': 5, 'D_dagger_layer_units_exponent_1': 9, 'D_dagger_layer_units_exponent_2': 5, 'log_learning_rate': -2.730372552148117, 'log_learning_rate_D': -2.398537009804679, 'log_learning_rate_D_dagger': -3.0596121113931467, 'training_batch_size': 9, 'training_p': 4}
	 epoch  0 training error:  tensor(0.9958, device='cuda:0', grad_fn=<DivBackward0>)
Memory status after this epoch: 
Memory allocated:  3.1474609375
Memory cached:  6.0
	 epoch  10 training error:  tensor(1.2233, device='cuda:0', grad_fn=<DivBackward0>)
Memory status after this epoch: 
Memory allocated:  3.1474609375
Memory cached:  8.0
	 epoch  20 training error:  tensor(0.4560, device='cuda:0', grad_fn=<DivBackward0>)
Memory status after this epoch: 
Memory allocated:  3.1474609375
Memory cached:  8.0
	 epoch  30 training error:  tensor(0.2929, device='cuda:0', grad_fn=<DivBackward0>)
Memory status after this epoch: 
Memory allocated:  3.1474609375
Memory cached:  8.0
	 epoch  40 training error:  tensor(0.1567, device='cuda:0', grad_fn=<DivBackward0>)
Memory status after this epoch: 
Memory allocated:  3.1474609375
Memory cached:  8.0
	 epoch  50 training error:  tensor(0.0919, device='cuda:0', grad_fn=<DivBackward0>)
Memory status after this epoch: 
Memory allocated:  3.1474609375
Memory cached:  8.0
	 epoch  60 training error:  tensor(0.1225, device='cuda:0', grad_fn=<DivBackward0>)
Memory status after this epoch: 
Memory allocated:  3.1474609375
Memory cached:  8.0
	 epoch  70 training error:  tensor(0.1090, device='cuda:0', grad_fn=<DivBackward0>)
Memory status after this epoch: 
Memory allocated:  3.1474609375
Memory cached:  8.0
	 epoch  80 training error:  tensor(0.1170, device='cuda:0', grad_fn=<DivBackward0>)
Memory status after this epoch: 
Memory allocated:  3.1474609375
Memory cached:  8.0
	 epoch  90 training error:  tensor(0.1128, device='cuda:0', grad_fn=<DivBackward0>)
Memory status after this epoch: 
Memory allocated:  3.1474609375
Memory cached:  8.0
[I 2023-11-09 14:14:20,851] Trial 19 finished with value: 0.10686597973108292 and parameters: {'W_layers': 5, 'W_layer_units_exponent_0': 7, 'W_layer_units_exponent_1': 6, 'W_layer_units_exponent_2': 10, 'W_layer_units_exponent_3': 6, 'W_layer_units_exponent_4': 6, 'D_layers': 2, 'D_layer_units_exponent_0': 6, 'D_layer_units_exponent_1': 10, 'D_dagger_layers': 3, 'D_dagger_layer_units_exponent_0': 5, 'D_dagger_layer_units_exponent_1': 9, 'D_dagger_layer_units_exponent_2': 5, 'log_learning_rate': -2.730372552148117, 'log_learning_rate_D': -2.398537009804679, 'log_learning_rate_D_dagger': -3.0596121113931467, 'training_batch_size': 9, 'training_p': 4}. Best is trial 3 with value: 0.05958547815680504.
Time for this trial:  20.738664150238037
Memory status after this trial: 
Memory allocated:  106.0087890625
Memory cached:  122.0
--------------------  Trial  20   --------------------
Start timing: 
Parameters: 
{'W_layers': 6, 'W_layer_units_exponent_0': 5, 'W_layer_units_exponent_1': 6, 'W_layer_units_exponent_2': 9, 'W_layer_units_exponent_3': 8, 'W_layer_units_exponent_4': 5, 'W_layer_units_exponent_5': 4, 'D_layers': 4, 'D_layer_units_exponent_0': 9, 'D_layer_units_exponent_1': 8, 'D_layer_units_exponent_2': 10, 'D_layer_units_exponent_3': 7, 'D_dagger_layers': 6, 'D_dagger_layer_units_exponent_0': 7, 'D_dagger_layer_units_exponent_1': 9, 'D_dagger_layer_units_exponent_2': 5, 'D_dagger_layer_units_exponent_3': 9, 'D_dagger_layer_units_exponent_4': 5, 'D_dagger_layer_units_exponent_5': 10, 'log_learning_rate': -3.223341164352788, 'log_learning_rate_D': -2.3618858679843084, 'log_learning_rate_D_dagger': -4.534941676234656, 'training_batch_size': 7, 'training_p': 3}
	 epoch  0 training error:  tensor(1.0103, device='cuda:0', grad_fn=<DivBackward0>)
Memory status after this epoch: 
Memory allocated:  7.15869140625
Memory cached:  18.0
	 epoch  10 training error:  tensor(0.2334, device='cuda:0', grad_fn=<DivBackward0>)
Memory status after this epoch: 
Memory allocated:  7.15869140625
Memory cached:  20.0
	 epoch  20 training error:  tensor(0.1645, device='cuda:0', grad_fn=<DivBackward0>)
Memory status after this epoch: 
Memory allocated:  7.15869140625
Memory cached:  20.0
	 epoch  30 training error:  tensor(0.1043, device='cuda:0', grad_fn=<DivBackward0>)
Memory status after this epoch: 
Memory allocated:  7.15869140625
Memory cached:  20.0
	 epoch  40 training error:  tensor(0.0886, device='cuda:0', grad_fn=<DivBackward0>)
Memory status after this epoch: 
Memory allocated:  7.15869140625
Memory cached:  20.0
	 epoch  50 training error:  tensor(0.0865, device='cuda:0', grad_fn=<DivBackward0>)
Memory status after this epoch: 
Memory allocated:  7.15869140625
Memory cached:  20.0
	 epoch  60 training error:  tensor(0.0845, device='cuda:0', grad_fn=<DivBackward0>)
Memory status after this epoch: 
Memory allocated:  7.15869140625
Memory cached:  20.0
	 epoch  70 training error:  tensor(0.0824, device='cuda:0', grad_fn=<DivBackward0>)
Memory status after this epoch: 
Memory allocated:  7.15869140625
Memory cached:  20.0
	 epoch  80 training error:  tensor(0.0814, device='cuda:0', grad_fn=<DivBackward0>)
Memory status after this epoch: 
Memory allocated:  7.15869140625
Memory cached:  20.0
	 epoch  90 training error:  tensor(0.0805, device='cuda:0', grad_fn=<DivBackward0>)
Memory status after this epoch: 
Memory allocated:  7.15869140625
Memory cached:  20.0
[I 2023-11-09 14:14:43,619] Trial 20 finished with value: 0.07014002650976181 and parameters: {'W_layers': 6, 'W_layer_units_exponent_0': 5, 'W_layer_units_exponent_1': 6, 'W_layer_units_exponent_2': 9, 'W_layer_units_exponent_3': 8, 'W_layer_units_exponent_4': 5, 'W_layer_units_exponent_5': 4, 'D_layers': 4, 'D_layer_units_exponent_0': 9, 'D_layer_units_exponent_1': 8, 'D_layer_units_exponent_2': 10, 'D_layer_units_exponent_3': 7, 'D_dagger_layers': 6, 'D_dagger_layer_units_exponent_0': 7, 'D_dagger_layer_units_exponent_1': 9, 'D_dagger_layer_units_exponent_2': 5, 'D_dagger_layer_units_exponent_3': 9, 'D_dagger_layer_units_exponent_4': 5, 'D_dagger_layer_units_exponent_5': 10, 'log_learning_rate': -3.223341164352788, 'log_learning_rate_D': -2.3618858679843084, 'log_learning_rate_D_dagger': -4.534941676234656, 'training_batch_size': 7, 'training_p': 3}. Best is trial 3 with value: 0.05958547815680504.
Time for this trial:  22.551194429397583
Memory status after this trial: 
Memory allocated:  174.248046875
Memory cached:  182.0
--------------------  Trial  21   --------------------
Start timing: 
Parameters: 
{'W_layers': 3, 'W_layer_units_exponent_0': 5, 'W_layer_units_exponent_1': 8, 'W_layer_units_exponent_2': 8, 'D_layers': 6, 'D_layer_units_exponent_0': 4, 'D_layer_units_exponent_1': 8, 'D_layer_units_exponent_2': 7, 'D_layer_units_exponent_3': 9, 'D_layer_units_exponent_4': 4, 'D_layer_units_exponent_5': 4, 'D_dagger_layers': 4, 'D_dagger_layer_units_exponent_0': 7, 'D_dagger_layer_units_exponent_1': 7, 'D_dagger_layer_units_exponent_2': 6, 'D_dagger_layer_units_exponent_3': 9, 'log_learning_rate': -2.3042937355872564, 'log_learning_rate_D': -3.8230689257031014, 'log_learning_rate_D_dagger': -3.603988848718546, 'training_batch_size': 9, 'training_p': 5}
	 epoch  0 training error:  tensor(0.7098, device='cuda:0', grad_fn=<DivBackward0>)
Memory status after this epoch: 
Memory allocated:  2.6259765625
Memory cached:  8.0
	 epoch  10 training error:  tensor(0.3441, device='cuda:0', grad_fn=<DivBackward0>)
Memory status after this epoch: 
Memory allocated:  2.6259765625
Memory cached:  10.0
	 epoch  20 training error:  tensor(0.1833, device='cuda:0', grad_fn=<DivBackward0>)
Memory status after this epoch: 
Memory allocated:  2.6259765625
Memory cached:  10.0
	 epoch  30 training error:  tensor(0.1179, device='cuda:0', grad_fn=<DivBackward0>)
Memory status after this epoch: 
Memory allocated:  2.6259765625
Memory cached:  10.0
	 epoch  40 training error:  tensor(0.1016, device='cuda:0', grad_fn=<DivBackward0>)
Memory status after this epoch: 
Memory allocated:  2.6259765625
Memory cached:  10.0
	 epoch  50 training error:  tensor(0.0925, device='cuda:0', grad_fn=<DivBackward0>)
Memory status after this epoch: 
Memory allocated:  2.6259765625
Memory cached:  10.0
	 epoch  60 training error:  tensor(0.0886, device='cuda:0', grad_fn=<DivBackward0>)
Memory status after this epoch: 
Memory allocated:  2.6259765625
Memory cached:  10.0
	 epoch  70 training error:  tensor(0.0874, device='cuda:0', grad_fn=<DivBackward0>)
Memory status after this epoch: 
Memory allocated:  2.6259765625
Memory cached:  10.0
	 epoch  80 training error:  tensor(0.0859, device='cuda:0', grad_fn=<DivBackward0>)
Memory status after this epoch: 
Memory allocated:  2.6259765625
Memory cached:  10.0
	 epoch  90 training error:  tensor(0.0849, device='cuda:0', grad_fn=<DivBackward0>)
Memory status after this epoch: 
Memory allocated:  2.6259765625
Memory cached:  10.0
[I 2023-11-09 14:15:03,064] Trial 21 finished with value: 0.06572961062192917 and parameters: {'W_layers': 3, 'W_layer_units_exponent_0': 5, 'W_layer_units_exponent_1': 8, 'W_layer_units_exponent_2': 8, 'D_layers': 6, 'D_layer_units_exponent_0': 4, 'D_layer_units_exponent_1': 8, 'D_layer_units_exponent_2': 7, 'D_layer_units_exponent_3': 9, 'D_layer_units_exponent_4': 4, 'D_layer_units_exponent_5': 4, 'D_dagger_layers': 4, 'D_dagger_layer_units_exponent_0': 7, 'D_dagger_layer_units_exponent_1': 7, 'D_dagger_layer_units_exponent_2': 6, 'D_dagger_layer_units_exponent_3': 9, 'log_learning_rate': -2.3042937355872564, 'log_learning_rate_D': -3.8230689257031014, 'log_learning_rate_D_dagger': -3.603988848718546, 'training_batch_size': 9, 'training_p': 5}. Best is trial 3 with value: 0.05958547815680504.
Time for this trial:  19.238108158111572
Memory status after this trial: 
Memory allocated:  75.6728515625
Memory cached:  84.0
--------------------  Trial  22   --------------------
Start timing: 
Parameters: 
{'W_layers': 5, 'W_layer_units_exponent_0': 6, 'W_layer_units_exponent_1': 7, 'W_layer_units_exponent_2': 8, 'W_layer_units_exponent_3': 5, 'W_layer_units_exponent_4': 6, 'D_layers': 7, 'D_layer_units_exponent_0': 5, 'D_layer_units_exponent_1': 10, 'D_layer_units_exponent_2': 9, 'D_layer_units_exponent_3': 8, 'D_layer_units_exponent_4': 9, 'D_layer_units_exponent_5': 6, 'D_layer_units_exponent_6': 8, 'D_dagger_layers': 5, 'D_dagger_layer_units_exponent_0': 8, 'D_dagger_layer_units_exponent_1': 8, 'D_dagger_layer_units_exponent_2': 7, 'D_dagger_layer_units_exponent_3': 6, 'D_dagger_layer_units_exponent_4': 10, 'log_learning_rate': -2.3311144382312903, 'log_learning_rate_D': -4.478265567973546, 'log_learning_rate_D_dagger': -3.8899199069971404, 'training_batch_size': 11, 'training_p': 6}
	 epoch  0 training error:  tensor(1.3719, device='cuda:0', grad_fn=<DivBackward0>)
Memory status after this epoch: 
Memory allocated:  6.95166015625
Memory cached:  30.0
	 epoch  10 training error:  tensor(0.1725, device='cuda:0', grad_fn=<DivBackward0>)
Memory status after this epoch: 
Memory allocated:  6.95166015625
Memory cached:  32.0
	 epoch  20 training error:  tensor(0.1332, device='cuda:0', grad_fn=<DivBackward0>)
Memory status after this epoch: 
Memory allocated:  6.95166015625
Memory cached:  32.0
	 epoch  30 training error:  tensor(0.1123, device='cuda:0', grad_fn=<DivBackward0>)
Memory status after this epoch: 
Memory allocated:  6.95166015625
Memory cached:  32.0
	 epoch  40 training error:  tensor(0.1002, device='cuda:0', grad_fn=<DivBackward0>)
Memory status after this epoch: 
Memory allocated:  6.95166015625
Memory cached:  32.0
	 epoch  50 training error:  tensor(0.0942, device='cuda:0', grad_fn=<DivBackward0>)
Memory status after this epoch: 
Memory allocated:  6.95166015625
Memory cached:  32.0
	 epoch  60 training error:  tensor(0.0902, device='cuda:0', grad_fn=<DivBackward0>)
Memory status after this epoch: 
Memory allocated:  6.95166015625
Memory cached:  32.0
	 epoch  70 training error:  tensor(0.0890, device='cuda:0', grad_fn=<DivBackward0>)
Memory status after this epoch: 
Memory allocated:  6.95166015625
Memory cached:  32.0
	 epoch  80 training error:  tensor(0.0882, device='cuda:0', grad_fn=<DivBackward0>)
Memory status after this epoch: 
Memory allocated:  6.95166015625
Memory cached:  32.0
	 epoch  90 training error:  tensor(0.0874, device='cuda:0', grad_fn=<DivBackward0>)
Memory status after this epoch: 
Memory allocated:  6.95166015625
Memory cached:  32.0
[I 2023-11-09 14:15:24,218] Trial 22 finished with value: 0.06635972112417221 and parameters: {'W_layers': 5, 'W_layer_units_exponent_0': 6, 'W_layer_units_exponent_1': 7, 'W_layer_units_exponent_2': 8, 'W_layer_units_exponent_3': 5, 'W_layer_units_exponent_4': 6, 'D_layers': 7, 'D_layer_units_exponent_0': 5, 'D_layer_units_exponent_1': 10, 'D_layer_units_exponent_2': 9, 'D_layer_units_exponent_3': 8, 'D_layer_units_exponent_4': 9, 'D_layer_units_exponent_5': 6, 'D_layer_units_exponent_6': 8, 'D_dagger_layers': 5, 'D_dagger_layer_units_exponent_0': 8, 'D_dagger_layer_units_exponent_1': 8, 'D_dagger_layer_units_exponent_2': 7, 'D_dagger_layer_units_exponent_3': 6, 'D_dagger_layer_units_exponent_4': 10, 'log_learning_rate': -2.3311144382312903, 'log_learning_rate_D': -4.478265567973546, 'log_learning_rate_D_dagger': -3.8899199069971404, 'training_batch_size': 11, 'training_p': 6}. Best is trial 3 with value: 0.05958547815680504.
Time for this trial:  20.92565155029297
Memory status after this trial: 
Memory allocated:  125.5986328125
Memory cached:  132.0
--------------------  Trial  23   --------------------
Start timing: 
Parameters: 
{'W_layers': 2, 'W_layer_units_exponent_0': 8, 'W_layer_units_exponent_1': 7, 'D_layers': 5, 'D_layer_units_exponent_0': 4, 'D_layer_units_exponent_1': 6, 'D_layer_units_exponent_2': 7, 'D_layer_units_exponent_3': 6, 'D_layer_units_exponent_4': 8, 'D_dagger_layers': 4, 'D_dagger_layer_units_exponent_0': 6, 'D_dagger_layer_units_exponent_1': 10, 'D_dagger_layer_units_exponent_2': 6, 'D_dagger_layer_units_exponent_3': 8, 'log_learning_rate': -2.9113772491502674, 'log_learning_rate_D': -3.964011992967063, 'log_learning_rate_D_dagger': -3.742815537764219, 'training_batch_size': 10, 'training_p': 3}
	 epoch  0 training error:  tensor(0.7539, device='cuda:0', grad_fn=<DivBackward0>)
Memory status after this epoch: 
Memory allocated:  3.08251953125
Memory cached:  4.0
	 epoch  10 training error:  tensor(1.5656, device='cuda:0', grad_fn=<DivBackward0>)
Memory status after this epoch: 
Memory allocated:  3.08251953125
Memory cached:  4.0
	 epoch  20 training error:  tensor(0.5372, device='cuda:0', grad_fn=<DivBackward0>)
Memory status after this epoch: 
Memory allocated:  3.08251953125
Memory cached:  4.0
	 epoch  30 training error:  tensor(0.6173, device='cuda:0', grad_fn=<DivBackward0>)
Memory status after this epoch: 
Memory allocated:  3.08251953125
Memory cached:  4.0
	 epoch  40 training error:  tensor(0.4120, device='cuda:0', grad_fn=<DivBackward0>)
Memory status after this epoch: 
Memory allocated:  3.08251953125
Memory cached:  4.0
	 epoch  50 training error:  tensor(0.4984, device='cuda:0', grad_fn=<DivBackward0>)
Memory status after this epoch: 
Memory allocated:  3.08251953125
Memory cached:  4.0
	 epoch  60 training error:  tensor(0.2929, device='cuda:0', grad_fn=<DivBackward0>)
Memory status after this epoch: 
Memory allocated:  3.08251953125
Memory cached:  4.0
	 epoch  70 training error:  tensor(0.4426, device='cuda:0', grad_fn=<DivBackward0>)
Memory status after this epoch: 
Memory allocated:  3.08251953125
Memory cached:  4.0
	 epoch  80 training error:  tensor(0.3120, device='cuda:0', grad_fn=<DivBackward0>)
Memory status after this epoch: 
Memory allocated:  3.08251953125
Memory cached:  4.0
	 epoch  90 training error:  tensor(0.3939, device='cuda:0', grad_fn=<DivBackward0>)
Memory status after this epoch: 
Memory allocated:  3.08251953125
Memory cached:  4.0
