[I 2023-11-08 20:08:27,722] Trial 27 finished with value: 0.07759863138198853 and parameters: {'W_layers': 7, 'W_layer_units_exponent_0': 9, 'W_layer_units_exponent_1': 4, 'W_layer_units_exponent_2': 5, 'W_layer_units_exponent_3': 6, 'W_layer_units_exponent_4': 10, 'W_layer_units_exponent_5': 4, 'W_layer_units_exponent_6': 10, 'D_layers': 4, 'D_layer_units_exponent_0': 9, 'D_layer_units_exponent_1': 8, 'D_layer_units_exponent_2': 9, 'D_layer_units_exponent_3': 4, 'D_dagger_layers': 8, 'D_dagger_layer_units_exponent_0': 9, 'D_dagger_layer_units_exponent_1': 5, 'D_dagger_layer_units_exponent_2': 7, 'D_dagger_layer_units_exponent_3': 7, 'D_dagger_layer_units_exponent_4': 6, 'D_dagger_layer_units_exponent_5': 5, 'D_dagger_layer_units_exponent_6': 9, 'D_dagger_layer_units_exponent_7': 7, 'log_learning_rate': -4.265517837796799, 'log_learning_rate_D': -2.8248215259783387, 'log_learning_rate_D_dagger': -3.5132428120765105, 'training_batch_size': 11, 'training_p': 5}. Best is trial 26 with value: 0.03981129452586174.
Time for this trial:  243.00222086906433
Memory status after this trial: 
Memory allocated:  299.5888671875
Memory cached:  304.0
--------------------  Trial  28   --------------------
Start timing: 
Parameters: 
{'W_layers': 5, 'W_layer_units_exponent_0': 9, 'W_layer_units_exponent_1': 8, 'W_layer_units_exponent_2': 5, 'W_layer_units_exponent_3': 5, 'W_layer_units_exponent_4': 9, 'D_layers': 4, 'D_layer_units_exponent_0': 5, 'D_layer_units_exponent_1': 9, 'D_layer_units_exponent_2': 8, 'D_layer_units_exponent_3': 6, 'D_dagger_layers': 8, 'D_dagger_layer_units_exponent_0': 9, 'D_dagger_layer_units_exponent_1': 7, 'D_dagger_layer_units_exponent_2': 6, 'D_dagger_layer_units_exponent_3': 7, 'D_dagger_layer_units_exponent_4': 8, 'D_dagger_layer_units_exponent_5': 5, 'D_dagger_layer_units_exponent_6': 9, 'D_dagger_layer_units_exponent_7': 7, 'log_learning_rate': -3.7034922552551675, 'log_learning_rate_D': -3.238796059924367, 'log_learning_rate_D_dagger': -3.227973612785328, 'training_batch_size': 12, 'training_p': 4}
	 epoch  0 training error:  tensor(1.0596, device='cuda:0', grad_fn=<DivBackward0>)
Memory status after this epoch: 
Memory allocated:  8.26416015625
Memory cached:  106.0
	 epoch  10 training error:  tensor(0.1689, device='cuda:0', grad_fn=<DivBackward0>)
Memory status after this epoch: 
Memory allocated:  8.26416015625
Memory cached:  174.0
	 epoch  20 training error:  tensor(0.1014, device='cuda:0', grad_fn=<DivBackward0>)
Memory status after this epoch: 
Memory allocated:  8.26416015625
Memory cached:  178.0
	 epoch  30 training error:  tensor(0.0764, device='cuda:0', grad_fn=<DivBackward0>)
Memory status after this epoch: 
Memory allocated:  8.26416015625
Memory cached:  176.0
	 epoch  40 training error:  tensor(0.0715, device='cuda:0', grad_fn=<DivBackward0>)
Memory status after this epoch: 
Memory allocated:  8.26416015625
Memory cached:  172.0
	 epoch  50 training error:  tensor(0.0695, device='cuda:0', grad_fn=<DivBackward0>)
Memory status after this epoch: 
Memory allocated:  8.26416015625
Memory cached:  174.0
	 epoch  60 training error:  tensor(0.0674, device='cuda:0', grad_fn=<DivBackward0>)
Memory status after this epoch: 
Memory allocated:  8.26416015625
Memory cached:  172.0
	 epoch  70 training error:  tensor(0.0604, device='cuda:0', grad_fn=<DivBackward0>)
Memory status after this epoch: 
Memory allocated:  8.26416015625
Memory cached:  176.0
	 epoch  80 training error:  tensor(0.0950, device='cuda:0', grad_fn=<DivBackward0>)
Memory status after this epoch: 
Memory allocated:  8.26416015625
Memory cached:  180.0
	 epoch  90 training error:  tensor(0.0790, device='cuda:0', grad_fn=<DivBackward0>)
Memory status after this epoch: 
Memory allocated:  8.26416015625
Memory cached:  182.0
[I 2023-11-08 20:12:05,480] Trial 28 finished with value: 0.047671105712652206 and parameters: {'W_layers': 5, 'W_layer_units_exponent_0': 9, 'W_layer_units_exponent_1': 8, 'W_layer_units_exponent_2': 5, 'W_layer_units_exponent_3': 5, 'W_layer_units_exponent_4': 9, 'D_layers': 4, 'D_layer_units_exponent_0': 5, 'D_layer_units_exponent_1': 9, 'D_layer_units_exponent_2': 8, 'D_layer_units_exponent_3': 6, 'D_dagger_layers': 8, 'D_dagger_layer_units_exponent_0': 9, 'D_dagger_layer_units_exponent_1': 7, 'D_dagger_layer_units_exponent_2': 6, 'D_dagger_layer_units_exponent_3': 7, 'D_dagger_layer_units_exponent_4': 8, 'D_dagger_layer_units_exponent_5': 5, 'D_dagger_layer_units_exponent_6': 9, 'D_dagger_layer_units_exponent_7': 7, 'log_learning_rate': -3.7034922552551675, 'log_learning_rate_D': -3.238796059924367, 'log_learning_rate_D_dagger': -3.227973612785328, 'training_batch_size': 12, 'training_p': 4}. Best is trial 26 with value: 0.03981129452586174.
Time for this trial:  217.4532699584961
Memory status after this trial: 
Memory allocated:  216.51953125
Memory cached:  222.0
--------------------  Trial  29   --------------------
Start timing: 
Parameters: 
{'W_layers': 6, 'W_layer_units_exponent_0': 7, 'W_layer_units_exponent_1': 4, 'W_layer_units_exponent_2': 4, 'W_layer_units_exponent_3': 8, 'W_layer_units_exponent_4': 9, 'W_layer_units_exponent_5': 7, 'D_layers': 6, 'D_layer_units_exponent_0': 10, 'D_layer_units_exponent_1': 9, 'D_layer_units_exponent_2': 10, 'D_layer_units_exponent_3': 6, 'D_layer_units_exponent_4': 4, 'D_layer_units_exponent_5': 8, 'D_dagger_layers': 5, 'D_dagger_layer_units_exponent_0': 10, 'D_dagger_layer_units_exponent_1': 6, 'D_dagger_layer_units_exponent_2': 7, 'D_dagger_layer_units_exponent_3': 6, 'D_dagger_layer_units_exponent_4': 10, 'log_learning_rate': -4.2619318283444825, 'log_learning_rate_D': -2.9309042452930796, 'log_learning_rate_D_dagger': -3.8250498514672033, 'training_batch_size': 11, 'training_p': 2}
	 epoch  0 training error:  tensor(1.0401, device='cuda:0', grad_fn=<DivBackward0>)
Memory status after this epoch: 
Memory allocated:  22.75830078125
Memory cached:  150.0
	 epoch  10 training error:  tensor(0.1420, device='cuda:0', grad_fn=<DivBackward0>)
Memory status after this epoch: 
Memory allocated:  22.75830078125
Memory cached:  294.0
	 epoch  20 training error:  tensor(0.0857, device='cuda:0', grad_fn=<DivBackward0>)
Memory status after this epoch: 
Memory allocated:  22.75830078125
Memory cached:  292.0
	 epoch  30 training error:  tensor(0.0822, device='cuda:0', grad_fn=<DivBackward0>)
Memory status after this epoch: 
Memory allocated:  22.75830078125
Memory cached:  290.0
	 epoch  40 training error:  tensor(0.0714, device='cuda:0', grad_fn=<DivBackward0>)
Memory status after this epoch: 
Memory allocated:  22.75830078125
Memory cached:  286.0
	 epoch  50 training error:  tensor(0.0648, device='cuda:0', grad_fn=<DivBackward0>)
Memory status after this epoch: 
Memory allocated:  22.75830078125
Memory cached:  298.0
	 epoch  60 training error:  tensor(0.0590, device='cuda:0', grad_fn=<DivBackward0>)
Memory status after this epoch: 
Memory allocated:  22.75830078125
Memory cached:  292.0
	 epoch  70 training error:  tensor(0.0538, device='cuda:0', grad_fn=<DivBackward0>)
Memory status after this epoch: 
Memory allocated:  22.75830078125
Memory cached:  310.0
	 epoch  80 training error:  tensor(0.0500, device='cuda:0', grad_fn=<DivBackward0>)
Memory status after this epoch: 
Memory allocated:  22.75830078125
Memory cached:  290.0
	 epoch  90 training error:  tensor(0.0463, device='cuda:0', grad_fn=<DivBackward0>)
Memory status after this epoch: 
Memory allocated:  22.75830078125
Memory cached:  298.0
[I 2023-11-08 20:15:58,856] Trial 29 finished with value: 0.0481920950114727 and parameters: {'W_layers': 6, 'W_layer_units_exponent_0': 7, 'W_layer_units_exponent_1': 4, 'W_layer_units_exponent_2': 4, 'W_layer_units_exponent_3': 8, 'W_layer_units_exponent_4': 9, 'W_layer_units_exponent_5': 7, 'D_layers': 6, 'D_layer_units_exponent_0': 10, 'D_layer_units_exponent_1': 9, 'D_layer_units_exponent_2': 10, 'D_layer_units_exponent_3': 6, 'D_layer_units_exponent_4': 4, 'D_layer_units_exponent_5': 8, 'D_dagger_layers': 5, 'D_dagger_layer_units_exponent_0': 10, 'D_dagger_layer_units_exponent_1': 6, 'D_dagger_layer_units_exponent_2': 7, 'D_dagger_layer_units_exponent_3': 6, 'D_dagger_layer_units_exponent_4': 10, 'log_learning_rate': -4.2619318283444825, 'log_learning_rate_D': -2.9309042452930796, 'log_learning_rate_D_dagger': -3.8250498514672033, 'training_batch_size': 11, 'training_p': 2}. Best is trial 26 with value: 0.03981129452586174.
Time for this trial:  233.07450580596924
Memory status after this trial: 
Memory allocated:  345.384765625
Memory cached:  362.0
--------------------  Trial  30   --------------------
Start timing: 
Parameters: 
{'W_layers': 7, 'W_layer_units_exponent_0': 6, 'W_layer_units_exponent_1': 8, 'W_layer_units_exponent_2': 5, 'W_layer_units_exponent_3': 4, 'W_layer_units_exponent_4': 10, 'W_layer_units_exponent_5': 4, 'W_layer_units_exponent_6': 4, 'D_layers': 3, 'D_layer_units_exponent_0': 7, 'D_layer_units_exponent_1': 7, 'D_layer_units_exponent_2': 9, 'D_dagger_layers': 6, 'D_dagger_layer_units_exponent_0': 9, 'D_dagger_layer_units_exponent_1': 5, 'D_dagger_layer_units_exponent_2': 8, 'D_dagger_layer_units_exponent_3': 7, 'D_dagger_layer_units_exponent_4': 6, 'D_dagger_layer_units_exponent_5': 5, 'log_learning_rate': -4.654741302664399, 'log_learning_rate_D': -3.2526360957852414, 'log_learning_rate_D_dagger': -3.3054209409938475, 'training_batch_size': 12, 'training_p': 3}
	 epoch  0 training error:  tensor(1.1003, device='cuda:0', grad_fn=<DivBackward0>)
Memory status after this epoch: 
Memory allocated:  3.38134765625
Memory cached:  132.0
	 epoch  10 training error:  tensor(0.2138, device='cuda:0', grad_fn=<DivBackward0>)
Memory status after this epoch: 
Memory allocated:  3.38134765625
Memory cached:  234.0
	 epoch  20 training error:  tensor(0.1075, device='cuda:0', grad_fn=<DivBackward0>)
Memory status after this epoch: 
Memory allocated:  3.38134765625
Memory cached:  222.0
	 epoch  30 training error:  tensor(0.0868, device='cuda:0', grad_fn=<DivBackward0>)
Memory status after this epoch: 
Memory allocated:  3.38134765625
Memory cached:  226.0
	 epoch  40 training error:  tensor(0.0672, device='cuda:0', grad_fn=<DivBackward0>)
Memory status after this epoch: 
Memory allocated:  3.38134765625
Memory cached:  234.0
	 epoch  50 training error:  tensor(0.0599, device='cuda:0', grad_fn=<DivBackward0>)
Memory status after this epoch: 
Memory allocated:  3.38134765625
Memory cached:  222.0
	 epoch  60 training error:  tensor(0.0515, device='cuda:0', grad_fn=<DivBackward0>)
Memory status after this epoch: 
Memory allocated:  3.38134765625
Memory cached:  228.0
	 epoch  70 training error:  tensor(0.0426, device='cuda:0', grad_fn=<DivBackward0>)
Memory status after this epoch: 
Memory allocated:  3.38134765625
Memory cached:  218.0
	 epoch  80 training error:  tensor(0.0366, device='cuda:0', grad_fn=<DivBackward0>)
Memory status after this epoch: 
Memory allocated:  3.38134765625
Memory cached:  224.0
	 epoch  90 training error:  tensor(0.0340, device='cuda:0', grad_fn=<DivBackward0>)
Memory status after this epoch: 
Memory allocated:  3.38134765625
Memory cached:  228.0
[I 2023-11-08 20:19:23,581] Trial 30 finished with value: 0.03039935790002346 and parameters: {'W_layers': 7, 'W_layer_units_exponent_0': 6, 'W_layer_units_exponent_1': 8, 'W_layer_units_exponent_2': 5, 'W_layer_units_exponent_3': 4, 'W_layer_units_exponent_4': 10, 'W_layer_units_exponent_5': 4, 'W_layer_units_exponent_6': 4, 'D_layers': 3, 'D_layer_units_exponent_0': 7, 'D_layer_units_exponent_1': 7, 'D_layer_units_exponent_2': 9, 'D_dagger_layers': 6, 'D_dagger_layer_units_exponent_0': 9, 'D_dagger_layer_units_exponent_1': 5, 'D_dagger_layer_units_exponent_2': 8, 'D_dagger_layer_units_exponent_3': 7, 'D_dagger_layer_units_exponent_4': 6, 'D_dagger_layer_units_exponent_5': 5, 'log_learning_rate': -4.654741302664399, 'log_learning_rate_D': -3.2526360957852414, 'log_learning_rate_D_dagger': -3.3054209409938475, 'training_batch_size': 12, 'training_p': 3}. Best is trial 30 with value: 0.03039935790002346.
Time for this trial:  204.43067741394043
Memory status after this trial: 
Memory allocated:  174.48095703125
Memory cached:  178.0
--------------------  Trial  31   --------------------
Start timing: 
Parameters: 
{'W_layers': 7, 'W_layer_units_exponent_0': 6, 'W_layer_units_exponent_1': 8, 'W_layer_units_exponent_2': 5, 'W_layer_units_exponent_3': 4, 'W_layer_units_exponent_4': 10, 'W_layer_units_exponent_5': 4, 'W_layer_units_exponent_6': 5, 'D_layers': 3, 'D_layer_units_exponent_0': 7, 'D_layer_units_exponent_1': 6, 'D_layer_units_exponent_2': 9, 'D_dagger_layers': 6, 'D_dagger_layer_units_exponent_0': 9, 'D_dagger_layer_units_exponent_1': 5, 'D_dagger_layer_units_exponent_2': 8, 'D_dagger_layer_units_exponent_3': 7, 'D_dagger_layer_units_exponent_4': 6, 'D_dagger_layer_units_exponent_5': 5, 'log_learning_rate': -4.660390288872465, 'log_learning_rate_D': -2.6317688135494746, 'log_learning_rate_D_dagger': -3.1482390556578106, 'training_batch_size': 12, 'training_p': 3}
	 epoch  0 training error:  tensor(0.8071, device='cuda:0', grad_fn=<DivBackward0>)
Memory status after this epoch: 
Memory allocated:  2.76025390625
Memory cached:  112.0
	 epoch  10 training error:  tensor(0.1794, device='cuda:0', grad_fn=<DivBackward0>)
Memory status after this epoch: 
Memory allocated:  2.76025390625
Memory cached:  230.0
	 epoch  20 training error:  tensor(0.1355, device='cuda:0', grad_fn=<DivBackward0>)
Memory status after this epoch: 
Memory allocated:  2.76025390625
Memory cached:  224.0
	 epoch  30 training error:  tensor(0.1002, device='cuda:0', grad_fn=<DivBackward0>)
Memory status after this epoch: 
Memory allocated:  2.76025390625
Memory cached:  216.0
	 epoch  40 training error:  tensor(0.0757, device='cuda:0', grad_fn=<DivBackward0>)
Memory status after this epoch: 
Memory allocated:  2.76025390625
Memory cached:  228.0
	 epoch  50 training error:  tensor(0.0699, device='cuda:0', grad_fn=<DivBackward0>)
Memory status after this epoch: 
Memory allocated:  2.76025390625
Memory cached:  238.0
	 epoch  60 training error:  tensor(0.0669, device='cuda:0', grad_fn=<DivBackward0>)
Memory status after this epoch: 
Memory allocated:  2.76025390625
Memory cached:  218.0
	 epoch  70 training error:  tensor(0.0604, device='cuda:0', grad_fn=<DivBackward0>)
Memory status after this epoch: 
Memory allocated:  2.76025390625
Memory cached:  220.0
	 epoch  80 training error:  tensor(0.0532, device='cuda:0', grad_fn=<DivBackward0>)
Memory status after this epoch: 
Memory allocated:  2.76025390625
Memory cached:  222.0
	 epoch  90 training error:  tensor(0.0455, device='cuda:0', grad_fn=<DivBackward0>)
Memory status after this epoch: 
Memory allocated:  2.76025390625
Memory cached:  214.0
[I 2023-11-08 20:22:47,625] Trial 31 finished with value: 0.03971841558814049 and parameters: {'W_layers': 7, 'W_layer_units_exponent_0': 6, 'W_layer_units_exponent_1': 8, 'W_layer_units_exponent_2': 5, 'W_layer_units_exponent_3': 4, 'W_layer_units_exponent_4': 10, 'W_layer_units_exponent_5': 4, 'W_layer_units_exponent_6': 5, 'D_layers': 3, 'D_layer_units_exponent_0': 7, 'D_layer_units_exponent_1': 6, 'D_layer_units_exponent_2': 9, 'D_dagger_layers': 6, 'D_dagger_layer_units_exponent_0': 9, 'D_dagger_layer_units_exponent_1': 5, 'D_dagger_layer_units_exponent_2': 8, 'D_dagger_layer_units_exponent_3': 7, 'D_dagger_layer_units_exponent_4': 6, 'D_dagger_layer_units_exponent_5': 5, 'log_learning_rate': -4.660390288872465, 'log_learning_rate_D': -2.6317688135494746, 'log_learning_rate_D_dagger': -3.1482390556578106, 'training_batch_size': 12, 'training_p': 3}. Best is trial 30 with value: 0.03039935790002346.
Time for this trial:  203.73603892326355
Memory status after this trial: 
Memory allocated:  171.47021484375
Memory cached:  174.0
--------------------  Trial  32   --------------------
Start timing: 
Parameters: 
{'W_layers': 7, 'W_layer_units_exponent_0': 5, 'W_layer_units_exponent_1': 8, 'W_layer_units_exponent_2': 5, 'W_layer_units_exponent_3': 4, 'W_layer_units_exponent_4': 10, 'W_layer_units_exponent_5': 4, 'W_layer_units_exponent_6': 4, 'D_layers': 3, 'D_layer_units_exponent_0': 6, 'D_layer_units_exponent_1': 7, 'D_layer_units_exponent_2': 8, 'D_dagger_layers': 6, 'D_dagger_layer_units_exponent_0': 10, 'D_dagger_layer_units_exponent_1': 5, 'D_dagger_layer_units_exponent_2': 7, 'D_dagger_layer_units_exponent_3': 7, 'D_dagger_layer_units_exponent_4': 7, 'D_dagger_layer_units_exponent_5': 4, 'log_learning_rate': -4.72693236907237, 'log_learning_rate_D': -2.7239195696423164, 'log_learning_rate_D_dagger': -3.023179231236852, 'training_batch_size': 12, 'training_p': 3}
	 epoch  0 training error:  tensor(1.0375, device='cuda:0', grad_fn=<DivBackward0>)
Memory status after this epoch: 
Memory allocated:  2.69384765625
Memory cached:  122.0
	 epoch  10 training error:  tensor(0.2051, device='cuda:0', grad_fn=<DivBackward0>)
Memory status after this epoch: 
Memory allocated:  2.69384765625
Memory cached:  218.0
	 epoch  20 training error:  tensor(0.1080, device='cuda:0', grad_fn=<DivBackward0>)
Memory status after this epoch: 
Memory allocated:  2.69384765625
Memory cached:  242.0
	 epoch  30 training error:  tensor(0.0922, device='cuda:0', grad_fn=<DivBackward0>)
Memory status after this epoch: 
Memory allocated:  2.69384765625
Memory cached:  224.0
	 epoch  40 training error:  tensor(0.0854, device='cuda:0', grad_fn=<DivBackward0>)
Memory status after this epoch: 
Memory allocated:  2.69384765625
Memory cached:  220.0
	 epoch  50 training error:  tensor(0.0765, device='cuda:0', grad_fn=<DivBackward0>)
Memory status after this epoch: 
Memory allocated:  2.69384765625
Memory cached:  238.0
	 epoch  60 training error:  tensor(0.0717, device='cuda:0', grad_fn=<DivBackward0>)
Memory status after this epoch: 
Memory allocated:  2.69384765625
Memory cached:  222.0
	 epoch  70 training error:  tensor(0.0660, device='cuda:0', grad_fn=<DivBackward0>)
Memory status after this epoch: 
Memory allocated:  2.69384765625
Memory cached:  222.0
	 epoch  80 training error:  tensor(0.0630, device='cuda:0', grad_fn=<DivBackward0>)
Memory status after this epoch: 
Memory allocated:  2.69384765625
Memory cached:  234.0
	 epoch  90 training error:  tensor(0.0622, device='cuda:0', grad_fn=<DivBackward0>)
Memory status after this epoch: 
Memory allocated:  2.69384765625
Memory cached:  242.0
