[I 2023-11-06 15:08:28,833] Trial 15 finished with value: 0.06725703924894333 and parameters: {'W_layers': 7, 'W_layer_units_exponent_0': 8, 'W_layer_units_exponent_1': 7, 'W_layer_units_exponent_2': 5, 'W_layer_units_exponent_3': 5, 'W_layer_units_exponent_4': 4, 'W_layer_units_exponent_5': 6, 'W_layer_units_exponent_6': 5, 'D_layers': 4, 'D_layer_units_exponent_0': 6, 'D_layer_units_exponent_1': 6, 'D_layer_units_exponent_2': 8, 'D_layer_units_exponent_3': 10, 'D_dagger_layers': 7, 'D_dagger_layer_units_exponent_0': 7, 'D_dagger_layer_units_exponent_1': 9, 'D_dagger_layer_units_exponent_2': 6, 'D_dagger_layer_units_exponent_3': 8, 'D_dagger_layer_units_exponent_4': 8, 'D_dagger_layer_units_exponent_5': 4, 'D_dagger_layer_units_exponent_6': 10, 'log_learning_rate': -3.9813218962370973, 'log_learning_rate_D': -4.193130202298647, 'log_learning_rate_D_dagger': -4.893044654374392, 'training_batch_size': 12, 'training_p': 4}. Best is trial 11 with value: 0.029320551082491875.
Time for this trial:  226.96572303771973
Memory status after this trial: 
Memory allocated:  230.23583984375
Memory cached:  236.0
--------------------  Trial  16   --------------------
Start timing: 
Parameters: 
{'W_layers': 7, 'W_layer_units_exponent_0': 5, 'W_layer_units_exponent_1': 5, 'W_layer_units_exponent_2': 6, 'W_layer_units_exponent_3': 5, 'W_layer_units_exponent_4': 9, 'W_layer_units_exponent_5': 4, 'W_layer_units_exponent_6': 10, 'D_layers': 7, 'D_layer_units_exponent_0': 6, 'D_layer_units_exponent_1': 9, 'D_layer_units_exponent_2': 10, 'D_layer_units_exponent_3': 8, 'D_layer_units_exponent_4': 6, 'D_layer_units_exponent_5': 7, 'D_layer_units_exponent_6': 10, 'D_dagger_layers': 4, 'D_dagger_layer_units_exponent_0': 6, 'D_dagger_layer_units_exponent_1': 6, 'D_dagger_layer_units_exponent_2': 5, 'D_dagger_layer_units_exponent_3': 10, 'log_learning_rate': -4.46813477538503, 'log_learning_rate_D': -3.134989859535271, 'log_learning_rate_D_dagger': -3.73294737751781, 'training_batch_size': 8, 'training_p': 6}
	 epoch  0 training error:  tensor(0.8581, device='cuda:0', grad_fn=<DivBackward0>)
Memory status after this epoch: 
Memory allocated:  16.44677734375
Memory cached:  174.0
	 epoch  10 training error:  tensor(0.3144, device='cuda:0', grad_fn=<DivBackward0>)
Memory status after this epoch: 
Memory allocated:  16.44677734375
Memory cached:  284.0
	 epoch  20 training error:  tensor(0.1239, device='cuda:0', grad_fn=<DivBackward0>)
Memory status after this epoch: 
Memory allocated:  16.44677734375
Memory cached:  284.0
	 epoch  30 training error:  tensor(0.1075, device='cuda:0', grad_fn=<DivBackward0>)
Memory status after this epoch: 
Memory allocated:  16.44677734375
Memory cached:  284.0
	 epoch  40 training error:  tensor(0.0800, device='cuda:0', grad_fn=<DivBackward0>)
Memory status after this epoch: 
Memory allocated:  16.44677734375
Memory cached:  282.0
	 epoch  50 training error:  tensor(0.0681, device='cuda:0', grad_fn=<DivBackward0>)
Memory status after this epoch: 
Memory allocated:  16.44677734375
Memory cached:  286.0
	 epoch  60 training error:  tensor(0.0588, device='cuda:0', grad_fn=<DivBackward0>)
Memory status after this epoch: 
Memory allocated:  16.44677734375
Memory cached:  298.0
	 epoch  70 training error:  tensor(0.0499, device='cuda:0', grad_fn=<DivBackward0>)
Memory status after this epoch: 
Memory allocated:  16.44677734375
Memory cached:  290.0
	 epoch  80 training error:  tensor(0.0429, device='cuda:0', grad_fn=<DivBackward0>)
Memory status after this epoch: 
Memory allocated:  16.44677734375
Memory cached:  284.0
	 epoch  90 training error:  tensor(0.0402, device='cuda:0', grad_fn=<DivBackward0>)
Memory status after this epoch: 
Memory allocated:  16.44677734375
Memory cached:  294.0
[I 2023-11-06 15:12:28,727] Trial 16 finished with value: 0.035327162593603134 and parameters: {'W_layers': 7, 'W_layer_units_exponent_0': 5, 'W_layer_units_exponent_1': 5, 'W_layer_units_exponent_2': 6, 'W_layer_units_exponent_3': 5, 'W_layer_units_exponent_4': 9, 'W_layer_units_exponent_5': 4, 'W_layer_units_exponent_6': 10, 'D_layers': 7, 'D_layer_units_exponent_0': 6, 'D_layer_units_exponent_1': 9, 'D_layer_units_exponent_2': 10, 'D_layer_units_exponent_3': 8, 'D_layer_units_exponent_4': 6, 'D_layer_units_exponent_5': 7, 'D_layer_units_exponent_6': 10, 'D_dagger_layers': 4, 'D_dagger_layer_units_exponent_0': 6, 'D_dagger_layer_units_exponent_1': 6, 'D_dagger_layer_units_exponent_2': 5, 'D_dagger_layer_units_exponent_3': 10, 'log_learning_rate': -4.46813477538503, 'log_learning_rate_D': -3.134989859535271, 'log_learning_rate_D_dagger': -3.73294737751781, 'training_batch_size': 8, 'training_p': 6}. Best is trial 11 with value: 0.029320551082491875.
Time for this trial:  239.59927368164062
Memory status after this trial: 
Memory allocated:  326.41357421875
Memory cached:  348.0
--------------------  Trial  17   --------------------
Start timing: 
Parameters: 
{'W_layers': 4, 'W_layer_units_exponent_0': 8, 'W_layer_units_exponent_1': 7, 'W_layer_units_exponent_2': 4, 'W_layer_units_exponent_3': 4, 'D_layers': 4, 'D_layer_units_exponent_0': 4, 'D_layer_units_exponent_1': 6, 'D_layer_units_exponent_2': 7, 'D_layer_units_exponent_3': 6, 'D_dagger_layers': 7, 'D_dagger_layer_units_exponent_0': 4, 'D_dagger_layer_units_exponent_1': 4, 'D_dagger_layer_units_exponent_2': 6, 'D_dagger_layer_units_exponent_3': 6, 'D_dagger_layer_units_exponent_4': 6, 'D_dagger_layer_units_exponent_5': 8, 'D_dagger_layer_units_exponent_6': 5, 'log_learning_rate': -4.960740422178692, 'log_learning_rate_D': -4.258332674181037, 'log_learning_rate_D_dagger': -4.514586739385442, 'training_batch_size': 6, 'training_p': 4}
	 epoch  0 training error:  tensor(1.0284, device='cuda:0', grad_fn=<DivBackward0>)
Memory status after this epoch: 
Memory allocated:  1.51806640625
Memory cached:  78.0
	 epoch  10 training error:  tensor(0.8475, device='cuda:0', grad_fn=<DivBackward0>)
Memory status after this epoch: 
Memory allocated:  1.51806640625
Memory cached:  82.0
	 epoch  20 training error:  tensor(0.6607, device='cuda:0', grad_fn=<DivBackward0>)
Memory status after this epoch: 
Memory allocated:  1.51806640625
Memory cached:  82.0
	 epoch  30 training error:  tensor(0.4565, device='cuda:0', grad_fn=<DivBackward0>)
Memory status after this epoch: 
Memory allocated:  1.51806640625
Memory cached:  82.0
	 epoch  40 training error:  tensor(0.2380, device='cuda:0', grad_fn=<DivBackward0>)
Memory status after this epoch: 
Memory allocated:  1.51806640625
Memory cached:  86.0
	 epoch  50 training error:  tensor(0.1177, device='cuda:0', grad_fn=<DivBackward0>)
Memory status after this epoch: 
Memory allocated:  1.51806640625
Memory cached:  84.0
	 epoch  60 training error:  tensor(0.1027, device='cuda:0', grad_fn=<DivBackward0>)
Memory status after this epoch: 
Memory allocated:  1.51806640625
Memory cached:  82.0
	 epoch  70 training error:  tensor(0.0932, device='cuda:0', grad_fn=<DivBackward0>)
Memory status after this epoch: 
Memory allocated:  1.51806640625
Memory cached:  82.0
	 epoch  80 training error:  tensor(0.0846, device='cuda:0', grad_fn=<DivBackward0>)
Memory status after this epoch: 
Memory allocated:  1.51806640625
Memory cached:  82.0
	 epoch  90 training error:  tensor(0.0780, device='cuda:0', grad_fn=<DivBackward0>)
Memory status after this epoch: 
Memory allocated:  1.51806640625
Memory cached:  82.0
[I 2023-11-06 15:18:26,416] Trial 17 finished with value: 0.0662950947880745 and parameters: {'W_layers': 4, 'W_layer_units_exponent_0': 8, 'W_layer_units_exponent_1': 7, 'W_layer_units_exponent_2': 4, 'W_layer_units_exponent_3': 4, 'D_layers': 4, 'D_layer_units_exponent_0': 4, 'D_layer_units_exponent_1': 6, 'D_layer_units_exponent_2': 7, 'D_layer_units_exponent_3': 6, 'D_dagger_layers': 7, 'D_dagger_layer_units_exponent_0': 4, 'D_dagger_layer_units_exponent_1': 4, 'D_dagger_layer_units_exponent_2': 6, 'D_dagger_layer_units_exponent_3': 6, 'D_dagger_layer_units_exponent_4': 6, 'D_dagger_layer_units_exponent_5': 8, 'D_dagger_layer_units_exponent_6': 5, 'log_learning_rate': -4.960740422178692, 'log_learning_rate_D': -4.258332674181037, 'log_learning_rate_D_dagger': -4.514586739385442, 'training_batch_size': 6, 'training_p': 4}. Best is trial 11 with value: 0.029320551082491875.
Time for this trial:  357.38997077941895
Memory status after this trial: 
Memory allocated:  66.5244140625
Memory cached:  80.0
--------------------  Trial  18   --------------------
Start timing: 
Parameters: 
{'W_layers': 5, 'W_layer_units_exponent_0': 5, 'W_layer_units_exponent_1': 7, 'W_layer_units_exponent_2': 6, 'W_layer_units_exponent_3': 6, 'W_layer_units_exponent_4': 6, 'D_layers': 7, 'D_layer_units_exponent_0': 8, 'D_layer_units_exponent_1': 8, 'D_layer_units_exponent_2': 8, 'D_layer_units_exponent_3': 9, 'D_layer_units_exponent_4': 9, 'D_layer_units_exponent_5': 4, 'D_layer_units_exponent_6': 4, 'D_dagger_layers': 4, 'D_dagger_layer_units_exponent_0': 10, 'D_dagger_layer_units_exponent_1': 9, 'D_dagger_layer_units_exponent_2': 5, 'D_dagger_layer_units_exponent_3': 8, 'log_learning_rate': -2.698246916134815, 'log_learning_rate_D': -3.623653878654491, 'log_learning_rate_D_dagger': -4.097530475421989, 'training_batch_size': 7, 'training_p': 2}
	 epoch  0 training error:  tensor(0.8054, device='cuda:0', grad_fn=<DivBackward0>)
Memory status after this epoch: 
Memory allocated:  17.03857421875
Memory cached:  162.0
	 epoch  10 training error:  tensor(0.1430, device='cuda:0', grad_fn=<DivBackward0>)
Memory status after this epoch: 
Memory allocated:  17.03857421875
Memory cached:  276.0
	 epoch  20 training error:  tensor(0.0870, device='cuda:0', grad_fn=<DivBackward0>)
Memory status after this epoch: 
Memory allocated:  17.03857421875
Memory cached:  270.0
	 epoch  30 training error:  tensor(0.0425, device='cuda:0', grad_fn=<DivBackward0>)
Memory status after this epoch: 
Memory allocated:  17.03857421875
Memory cached:  268.0
	 epoch  40 training error:  tensor(0.0427, device='cuda:0', grad_fn=<DivBackward0>)
Memory status after this epoch: 
Memory allocated:  17.03857421875
Memory cached:  270.0
	 epoch  50 training error:  tensor(0.0343, device='cuda:0', grad_fn=<DivBackward0>)
Memory status after this epoch: 
Memory allocated:  17.03857421875
Memory cached:  272.0
	 epoch  60 training error:  tensor(0.0284, device='cuda:0', grad_fn=<DivBackward0>)
Memory status after this epoch: 
Memory allocated:  17.03857421875
Memory cached:  266.0
	 epoch  70 training error:  tensor(0.0249, device='cuda:0', grad_fn=<DivBackward0>)
Memory status after this epoch: 
Memory allocated:  17.03857421875
Memory cached:  286.0
	 epoch  80 training error:  tensor(0.0257, device='cuda:0', grad_fn=<DivBackward0>)
Memory status after this epoch: 
Memory allocated:  17.03857421875
Memory cached:  274.0
	 epoch  90 training error:  tensor(0.0335, device='cuda:0', grad_fn=<DivBackward0>)
Memory status after this epoch: 
Memory allocated:  17.03857421875
Memory cached:  268.0
[I 2023-11-06 15:21:58,654] Trial 18 finished with value: 0.02755935862660408 and parameters: {'W_layers': 5, 'W_layer_units_exponent_0': 5, 'W_layer_units_exponent_1': 7, 'W_layer_units_exponent_2': 6, 'W_layer_units_exponent_3': 6, 'W_layer_units_exponent_4': 6, 'D_layers': 7, 'D_layer_units_exponent_0': 8, 'D_layer_units_exponent_1': 8, 'D_layer_units_exponent_2': 8, 'D_layer_units_exponent_3': 9, 'D_layer_units_exponent_4': 9, 'D_layer_units_exponent_5': 4, 'D_layer_units_exponent_6': 4, 'D_dagger_layers': 4, 'D_dagger_layer_units_exponent_0': 10, 'D_dagger_layer_units_exponent_1': 9, 'D_dagger_layer_units_exponent_2': 5, 'D_dagger_layer_units_exponent_3': 8, 'log_learning_rate': -2.698246916134815, 'log_learning_rate_D': -3.623653878654491, 'log_learning_rate_D_dagger': -4.097530475421989, 'training_batch_size': 7, 'training_p': 2}. Best is trial 18 with value: 0.02755935862660408.
Time for this trial:  211.8750126361847
Memory status after this trial: 
Memory allocated:  222.44091796875
Memory cached:  244.0
--------------------  Trial  19   --------------------
Start timing: 
Parameters: 
{'W_layers': 4, 'W_layer_units_exponent_0': 5, 'W_layer_units_exponent_1': 10, 'W_layer_units_exponent_2': 6, 'W_layer_units_exponent_3': 6, 'D_layers': 7, 'D_layer_units_exponent_0': 10, 'D_layer_units_exponent_1': 7, 'D_layer_units_exponent_2': 8, 'D_layer_units_exponent_3': 9, 'D_layer_units_exponent_4': 9, 'D_layer_units_exponent_5': 4, 'D_layer_units_exponent_6': 4, 'D_dagger_layers': 4, 'D_dagger_layer_units_exponent_0': 9, 'D_dagger_layer_units_exponent_1': 9, 'D_dagger_layer_units_exponent_2': 7, 'D_dagger_layer_units_exponent_3': 9, 'log_learning_rate': -2.3179344686252508, 'log_learning_rate_D': -2.9122820305609203, 'log_learning_rate_D_dagger': -4.058362133706113, 'training_batch_size': 7, 'training_p': 2}
	 epoch  0 training error:  tensor(0.9676, device='cuda:0', grad_fn=<DivBackward0>)
Memory status after this epoch: 
Memory allocated:  16.45068359375
Memory cached:  132.0
	 epoch  10 training error:  tensor(0.1333, device='cuda:0', grad_fn=<DivBackward0>)
Memory status after this epoch: 
Memory allocated:  16.45068359375
Memory cached:  268.0
	 epoch  20 training error:  tensor(0.0633, device='cuda:0', grad_fn=<DivBackward0>)
Memory status after this epoch: 
Memory allocated:  16.45068359375
Memory cached:  264.0
	 epoch  30 training error:  tensor(0.0569, device='cuda:0', grad_fn=<DivBackward0>)
Memory status after this epoch: 
Memory allocated:  16.45068359375
Memory cached:  264.0
	 epoch  40 training error:  tensor(0.0562, device='cuda:0', grad_fn=<DivBackward0>)
Memory status after this epoch: 
Memory allocated:  16.45068359375
Memory cached:  268.0
	 epoch  50 training error:  tensor(0.0501, device='cuda:0', grad_fn=<DivBackward0>)
Memory status after this epoch: 
Memory allocated:  16.45068359375
Memory cached:  266.0
	 epoch  60 training error:  tensor(0.0494, device='cuda:0', grad_fn=<DivBackward0>)
Memory status after this epoch: 
Memory allocated:  16.45068359375
Memory cached:  278.0
	 epoch  70 training error:  tensor(0.0487, device='cuda:0', grad_fn=<DivBackward0>)
Memory status after this epoch: 
Memory allocated:  16.45068359375
Memory cached:  284.0
	 epoch  80 training error:  tensor(0.0482, device='cuda:0', grad_fn=<DivBackward0>)
Memory status after this epoch: 
Memory allocated:  16.45068359375
Memory cached:  270.0
	 epoch  90 training error:  tensor(0.0475, device='cuda:0', grad_fn=<DivBackward0>)
Memory status after this epoch: 
Memory allocated:  16.45068359375
Memory cached:  276.0
[I 2023-11-06 15:25:31,312] Trial 19 finished with value: 0.051139622926712036 and parameters: {'W_layers': 4, 'W_layer_units_exponent_0': 5, 'W_layer_units_exponent_1': 10, 'W_layer_units_exponent_2': 6, 'W_layer_units_exponent_3': 6, 'D_layers': 7, 'D_layer_units_exponent_0': 10, 'D_layer_units_exponent_1': 7, 'D_layer_units_exponent_2': 8, 'D_layer_units_exponent_3': 9, 'D_layer_units_exponent_4': 9, 'D_layer_units_exponent_5': 4, 'D_layer_units_exponent_6': 4, 'D_dagger_layers': 4, 'D_dagger_layer_units_exponent_0': 9, 'D_dagger_layer_units_exponent_1': 9, 'D_dagger_layer_units_exponent_2': 7, 'D_dagger_layer_units_exponent_3': 9, 'log_learning_rate': -2.3179344686252508, 'log_learning_rate_D': -2.9122820305609203, 'log_learning_rate_D_dagger': -4.058362133706113, 'training_batch_size': 7, 'training_p': 2}. Best is trial 18 with value: 0.02755935862660408.
Time for this trial:  212.37031412124634
Memory status after this trial: 
Memory allocated:  291.87353515625
Memory cached:  302.0
--------------------  Trial  20   --------------------
Start timing: 
Parameters: 
{'W_layers': 5, 'W_layer_units_exponent_0': 4, 'W_layer_units_exponent_1': 7, 'W_layer_units_exponent_2': 7, 'W_layer_units_exponent_3': 6, 'W_layer_units_exponent_4': 5, 'D_layers': 7, 'D_layer_units_exponent_0': 8, 'D_layer_units_exponent_1': 8, 'D_layer_units_exponent_2': 9, 'D_layer_units_exponent_3': 7, 'D_layer_units_exponent_4': 9, 'D_layer_units_exponent_5': 6, 'D_layer_units_exponent_6': 6, 'D_dagger_layers': 2, 'D_dagger_layer_units_exponent_0': 10, 'D_dagger_layer_units_exponent_1': 10, 'log_learning_rate': -3.051463530662671, 'log_learning_rate_D': -3.4899939462209884, 'log_learning_rate_D_dagger': -3.938364247263005, 'training_batch_size': 9, 'training_p': 3}
	 epoch  0 training error:  tensor(0.8850, device='cuda:0', grad_fn=<DivBackward0>)
Memory status after this epoch: 
Memory allocated:  22.23388671875
Memory cached:  164.0
	 epoch  10 training error:  tensor(0.4423, device='cuda:0', grad_fn=<DivBackward0>)
Memory status after this epoch: 
Memory allocated:  22.23388671875
Memory cached:  260.0
	 epoch  20 training error:  tensor(0.1346, device='cuda:0', grad_fn=<DivBackward0>)
Memory status after this epoch: 
Memory allocated:  22.23388671875
Memory cached:  258.0
	 epoch  30 training error:  tensor(0.1120, device='cuda:0', grad_fn=<DivBackward0>)
Memory status after this epoch: 
Memory allocated:  22.23388671875
Memory cached:  248.0
	 epoch  40 training error:  tensor(0.0517, device='cuda:0', grad_fn=<DivBackward0>)
Memory status after this epoch: 
Memory allocated:  22.23388671875
Memory cached:  264.0
	 epoch  50 training error:  tensor(0.0450, device='cuda:0', grad_fn=<DivBackward0>)
Memory status after this epoch: 
Memory allocated:  22.23388671875
Memory cached:  274.0
	 epoch  60 training error:  tensor(0.0397, device='cuda:0', grad_fn=<DivBackward0>)
Memory status after this epoch: 
Memory allocated:  22.23388671875
Memory cached:  266.0
	 epoch  70 training error:  tensor(0.0384, device='cuda:0', grad_fn=<DivBackward0>)
Memory status after this epoch: 
Memory allocated:  22.23388671875
Memory cached:  276.0
	 epoch  80 training error:  tensor(0.0364, device='cuda:0', grad_fn=<DivBackward0>)
Memory status after this epoch: 
Memory allocated:  22.23388671875
Memory cached:  278.0
	 epoch  90 training error:  tensor(0.0344, device='cuda:0', grad_fn=<DivBackward0>)
Memory status after this epoch: 
Memory allocated:  22.23388671875
Memory cached:  252.0
[I 2023-11-06 15:28:49,085] Trial 20 finished with value: 0.03201771527528763 and parameters: {'W_layers': 5, 'W_layer_units_exponent_0': 4, 'W_layer_units_exponent_1': 7, 'W_layer_units_exponent_2': 7, 'W_layer_units_exponent_3': 6, 'W_layer_units_exponent_4': 5, 'D_layers': 7, 'D_layer_units_exponent_0': 8, 'D_layer_units_exponent_1': 8, 'D_layer_units_exponent_2': 9, 'D_layer_units_exponent_3': 7, 'D_layer_units_exponent_4': 9, 'D_layer_units_exponent_5': 6, 'D_layer_units_exponent_6': 6, 'D_dagger_layers': 2, 'D_dagger_layer_units_exponent_0': 10, 'D_dagger_layer_units_exponent_1': 10, 'log_learning_rate': -3.051463530662671, 'log_learning_rate_D': -3.4899939462209884, 'log_learning_rate_D_dagger': -3.938364247263005, 'training_batch_size': 9, 'training_p': 3}. Best is trial 18 with value: 0.02755935862660408.
Time for this trial:  197.4858009815216
Memory status after this trial: 
Memory allocated:  235.99658203125
Memory cached:  252.0
--------------------  Trial  21   --------------------
Start timing: 
Parameters: 
{'W_layers': 6, 'W_layer_units_exponent_0': 7, 'W_layer_units_exponent_1': 6, 'W_layer_units_exponent_2': 5, 'W_layer_units_exponent_3': 5, 'W_layer_units_exponent_4': 6, 'W_layer_units_exponent_5': 6, 'D_layers': 6, 'D_layer_units_exponent_0': 9, 'D_layer_units_exponent_1': 9, 'D_layer_units_exponent_2': 9, 'D_layer_units_exponent_3': 9, 'D_layer_units_exponent_4': 10, 'D_layer_units_exponent_5': 9, 'D_dagger_layers': 4, 'D_dagger_layer_units_exponent_0': 10, 'D_dagger_layer_units_exponent_1': 9, 'D_dagger_layer_units_exponent_2': 5, 'D_dagger_layer_units_exponent_3': 8, 'log_learning_rate': -3.7376886018046327, 'log_learning_rate_D': -3.740817713807565, 'log_learning_rate_D_dagger': -4.59575942248169, 'training_batch_size': 6, 'training_p': 3}
	 epoch  0 training error:  tensor(0.6093, device='cuda:0', grad_fn=<DivBackward0>)
Memory status after this epoch: 
Memory allocated:  36.93017578125
Memory cached:  174.0
	 epoch  10 training error:  tensor(0.0961, device='cuda:0', grad_fn=<DivBackward0>)
Memory status after this epoch: 
Memory allocated:  36.93017578125
Memory cached:  168.0
	 epoch  20 training error:  tensor(0.0480, device='cuda:0', grad_fn=<DivBackward0>)
Memory status after this epoch: 
Memory allocated:  36.93017578125
Memory cached:  170.0
	 epoch  30 training error:  tensor(0.0351, device='cuda:0', grad_fn=<DivBackward0>)
Memory status after this epoch: 
Memory allocated:  36.93017578125
Memory cached:  168.0
	 epoch  40 training error:  tensor(0.0315, device='cuda:0', grad_fn=<DivBackward0>)
Memory status after this epoch: 
Memory allocated:  36.93017578125
Memory cached:  168.0
	 epoch  50 training error:  tensor(0.0303, device='cuda:0', grad_fn=<DivBackward0>)
Memory status after this epoch: 
Memory allocated:  36.93017578125
Memory cached:  168.0
	 epoch  60 training error:  tensor(0.0274, device='cuda:0', grad_fn=<DivBackward0>)
Memory status after this epoch: 
Memory allocated:  36.93017578125
Memory cached:  166.0
	 epoch  70 training error:  tensor(0.0313, device='cuda:0', grad_fn=<DivBackward0>)
Memory status after this epoch: 
Memory allocated:  36.93017578125
Memory cached:  168.0
	 epoch  80 training error:  tensor(0.0251, device='cuda:0', grad_fn=<DivBackward0>)
Memory status after this epoch: 
Memory allocated:  36.93017578125
Memory cached:  166.0
	 epoch  90 training error:  tensor(0.0259, device='cuda:0', grad_fn=<DivBackward0>)
Memory status after this epoch: 
Memory allocated:  36.93017578125
Memory cached:  168.0
