/home/shengduo/anaconda3/lib/python3.9/site-packages/scipy/__init__.py:146: UserWarning: A NumPy version >=1.16.5 and <1.23.0 is required for this version of SciPy (detected version 1.24.1
  warnings.warn(f"A NumPy version >={np_minversion} and <{np_maxversion}"
[I 2023-11-03 22:18:37,409] A new study created in memory with name: no-name-3a95dea3-31f6-4277-99de-f70636e45d7d
Cuda is available:  True
Device is:  cuda:0
Memory allocated:  0.0
Memory cached:  0.0
Vs.shape:  torch.Size([100, 100])
thetas.shape:  torch.Size([100, 100])
fs.shape:  torch.Size([100, 100])
ts.shape:  torch.Size([100, 100])
Xs.shape:  torch.Size([100, 100])
--------------------  Trial  0   --------------------
Start timing: 
Parameters: 
{'W_layers': 6, 'W_layer_units_exponent_0': 7, 'W_layer_units_exponent_1': 9, 'W_layer_units_exponent_2': 6, 'W_layer_units_exponent_3': 6, 'W_layer_units_exponent_4': 5, 'W_layer_units_exponent_5': 4, 'D_layers': 3, 'D_layer_units_exponent_0': 8, 'D_layer_units_exponent_1': 10, 'D_layer_units_exponent_2': 4, 'log_learning_rate': -1.833805904863679, 'log_learning_rate_D': -4.433674497731268, 'training_batch_size': 8, 'training_p': 3}
/home/shengduo/anaconda3/lib/python3.9/site-packages/torch/nn/init.py:405: UserWarning: Initializing zero-element tensors is a no-op
  warnings.warn("Initializing zero-element tensors is a no-op")
	 epoch  0 training error:  tensor(1.0554, device='cuda:0', grad_fn=<DivBackward0>)
Memory status after this epoch: 
Memory allocated:  2.78662109375
Memory cached:  8.0
	 epoch  10 training error:  tensor(0.3633, device='cuda:0', grad_fn=<DivBackward0>)
Memory status after this epoch: 
Memory allocated:  2.78662109375
Memory cached:  10.0
	 epoch  20 training error:  tensor(0.3879, device='cuda:0', grad_fn=<DivBackward0>)
Memory status after this epoch: 
Memory allocated:  2.78662109375
Memory cached:  8.0
	 epoch  30 training error:  tensor(0.2356, device='cuda:0', grad_fn=<DivBackward0>)
Memory status after this epoch: 
Memory allocated:  2.78662109375
Memory cached:  8.0
	 epoch  40 training error:  tensor(0.1481, device='cuda:0', grad_fn=<DivBackward0>)
Memory status after this epoch: 
Memory allocated:  2.78662109375
Memory cached:  10.0
	 epoch  50 training error:  tensor(0.1014, device='cuda:0', grad_fn=<DivBackward0>)
Memory status after this epoch: 
Memory allocated:  2.78662109375
Memory cached:  8.0
	 epoch  60 training error:  tensor(0.1686, device='cuda:0', grad_fn=<DivBackward0>)
Memory status after this epoch: 
Memory allocated:  2.78662109375
Memory cached:  8.0
	 epoch  70 training error:  tensor(0.1306, device='cuda:0', grad_fn=<DivBackward0>)
Memory status after this epoch: 
Memory allocated:  2.78662109375
Memory cached:  10.0
	 epoch  80 training error:  tensor(0.0537, device='cuda:0', grad_fn=<DivBackward0>)
Memory status after this epoch: 
Memory allocated:  2.78662109375
Memory cached:  8.0
	 epoch  90 training error:  tensor(0.0532, device='cuda:0', grad_fn=<DivBackward0>)
Memory status after this epoch: 
Memory allocated:  2.78662109375
Memory cached:  8.0
[I 2023-11-03 22:18:56,692] Trial 0 finished with value: 0.07305078208446503 and parameters: {'W_layers': 6, 'W_layer_units_exponent_0': 7, 'W_layer_units_exponent_1': 9, 'W_layer_units_exponent_2': 6, 'W_layer_units_exponent_3': 6, 'W_layer_units_exponent_4': 5, 'W_layer_units_exponent_5': 4, 'D_layers': 3, 'D_layer_units_exponent_0': 8, 'D_layer_units_exponent_1': 10, 'D_layer_units_exponent_2': 4, 'log_learning_rate': -1.833805904863679, 'log_learning_rate_D': -4.433674497731268, 'training_batch_size': 8, 'training_p': 3}. Best is trial 0 with value: 0.07305078208446503.
Time for this trial:  19.176932096481323
Memory status after this trial: 
Memory allocated:  44.98681640625
Memory cached:  60.0
--------------------  Trial  1   --------------------
Start timing: 
Parameters: 
{'W_layers': 6, 'W_layer_units_exponent_0': 6, 'W_layer_units_exponent_1': 9, 'W_layer_units_exponent_2': 5, 'W_layer_units_exponent_3': 4, 'W_layer_units_exponent_4': 5, 'W_layer_units_exponent_5': 7, 'D_layers': 2, 'D_layer_units_exponent_0': 9, 'D_layer_units_exponent_1': 6, 'log_learning_rate': -2.01937508603778, 'log_learning_rate_D': -2.4979132169489953, 'training_batch_size': 10, 'training_p': 3}
	 epoch  0 training error:  tensor(0.9239, device='cuda:0', grad_fn=<DivBackward0>)
Memory status after this epoch: 
Memory allocated:  1.07275390625
Memory cached:  6.0
	 epoch  10 training error:  tensor(0.9315, device='cuda:0', grad_fn=<DivBackward0>)
Memory status after this epoch: 
Memory allocated:  1.07275390625
Memory cached:  8.0
	 epoch  20 training error:  tensor(0.2587, device='cuda:0', grad_fn=<DivBackward0>)
Memory status after this epoch: 
Memory allocated:  1.07275390625
Memory cached:  8.0
	 epoch  30 training error:  tensor(0.1190, device='cuda:0', grad_fn=<DivBackward0>)
Memory status after this epoch: 
Memory allocated:  1.07275390625
Memory cached:  8.0
	 epoch  40 training error:  tensor(0.0906, device='cuda:0', grad_fn=<DivBackward0>)
Memory status after this epoch: 
Memory allocated:  1.07275390625
Memory cached:  8.0
	 epoch  50 training error:  tensor(0.1268, device='cuda:0', grad_fn=<DivBackward0>)
Memory status after this epoch: 
Memory allocated:  1.07275390625
Memory cached:  8.0
	 epoch  60 training error:  tensor(0.2351, device='cuda:0', grad_fn=<DivBackward0>)
Memory status after this epoch: 
Memory allocated:  1.07275390625
Memory cached:  8.0
	 epoch  70 training error:  tensor(0.2390, device='cuda:0', grad_fn=<DivBackward0>)
Memory status after this epoch: 
Memory allocated:  1.07275390625
Memory cached:  8.0
	 epoch  80 training error:  tensor(0.1306, device='cuda:0', grad_fn=<DivBackward0>)
Memory status after this epoch: 
Memory allocated:  1.07275390625
Memory cached:  8.0
	 epoch  90 training error:  tensor(0.1115, device='cuda:0', grad_fn=<DivBackward0>)
Memory status after this epoch: 
Memory allocated:  1.07275390625
Memory cached:  8.0
[I 2023-11-03 22:19:13,712] Trial 1 finished with value: 0.06039784103631973 and parameters: {'W_layers': 6, 'W_layer_units_exponent_0': 6, 'W_layer_units_exponent_1': 9, 'W_layer_units_exponent_2': 5, 'W_layer_units_exponent_3': 4, 'W_layer_units_exponent_4': 5, 'W_layer_units_exponent_5': 7, 'D_layers': 2, 'D_layer_units_exponent_0': 9, 'D_layer_units_exponent_1': 6, 'log_learning_rate': -2.01937508603778, 'log_learning_rate_D': -2.4979132169489953, 'training_batch_size': 10, 'training_p': 3}. Best is trial 1 with value: 0.06039784103631973.
Time for this trial:  16.91727375984192
Memory status after this trial: 
Memory allocated:  42.89111328125
Memory cached:  58.0
--------------------  Trial  2   --------------------
Start timing: 
Parameters: 
{'W_layers': 7, 'W_layer_units_exponent_0': 10, 'W_layer_units_exponent_1': 4, 'W_layer_units_exponent_2': 10, 'W_layer_units_exponent_3': 4, 'W_layer_units_exponent_4': 6, 'W_layer_units_exponent_5': 5, 'W_layer_units_exponent_6': 5, 'D_layers': 5, 'D_layer_units_exponent_0': 6, 'D_layer_units_exponent_1': 5, 'D_layer_units_exponent_2': 5, 'D_layer_units_exponent_3': 5, 'D_layer_units_exponent_4': 10, 'log_learning_rate': -3.654941744168456, 'log_learning_rate_D': -1.1000191251703644, 'training_batch_size': 11, 'training_p': 5}
	 epoch  0 training error:  tensor(0.8976, device='cuda:0', grad_fn=<DivBackward0>)
Memory status after this epoch: 
Memory allocated:  1.11669921875
Memory cached:  8.0
	 epoch  10 training error:  tensor(0.2018, device='cuda:0', grad_fn=<DivBackward0>)
Memory status after this epoch: 
Memory allocated:  1.11669921875
Memory cached:  8.0
	 epoch  20 training error:  tensor(0.1342, device='cuda:0', grad_fn=<DivBackward0>)
Memory status after this epoch: 
Memory allocated:  1.11669921875
Memory cached:  8.0
	 epoch  30 training error:  tensor(0.0622, device='cuda:0', grad_fn=<DivBackward0>)
Memory status after this epoch: 
Memory allocated:  1.11669921875
Memory cached:  8.0
	 epoch  40 training error:  tensor(0.0673, device='cuda:0', grad_fn=<DivBackward0>)
Memory status after this epoch: 
Memory allocated:  1.11669921875
Memory cached:  8.0
	 epoch  50 training error:  tensor(0.0623, device='cuda:0', grad_fn=<DivBackward0>)
Memory status after this epoch: 
Memory allocated:  1.11669921875
Memory cached:  8.0
	 epoch  60 training error:  tensor(0.0618, device='cuda:0', grad_fn=<DivBackward0>)
Memory status after this epoch: 
Memory allocated:  1.11669921875
Memory cached:  8.0
	 epoch  70 training error:  tensor(0.0611, device='cuda:0', grad_fn=<DivBackward0>)
Memory status after this epoch: 
Memory allocated:  1.11669921875
Memory cached:  8.0
	 epoch  80 training error:  tensor(0.0611, device='cuda:0', grad_fn=<DivBackward0>)
Memory status after this epoch: 
Memory allocated:  1.11669921875
Memory cached:  8.0
	 epoch  90 training error:  tensor(0.0609, device='cuda:0', grad_fn=<DivBackward0>)
Memory status after this epoch: 
Memory allocated:  1.11669921875
Memory cached:  8.0
[I 2023-11-03 22:19:32,020] Trial 2 finished with value: 0.05181977152824402 and parameters: {'W_layers': 7, 'W_layer_units_exponent_0': 10, 'W_layer_units_exponent_1': 4, 'W_layer_units_exponent_2': 10, 'W_layer_units_exponent_3': 4, 'W_layer_units_exponent_4': 6, 'W_layer_units_exponent_5': 5, 'W_layer_units_exponent_6': 5, 'D_layers': 5, 'D_layer_units_exponent_0': 6, 'D_layer_units_exponent_1': 5, 'D_layer_units_exponent_2': 5, 'D_layer_units_exponent_3': 5, 'D_layer_units_exponent_4': 10, 'log_learning_rate': -3.654941744168456, 'log_learning_rate_D': -1.1000191251703644, 'training_batch_size': 11, 'training_p': 5}. Best is trial 2 with value: 0.05181977152824402.
Time for this trial:  18.20270872116089
Memory status after this trial: 
Memory allocated:  118.85791015625
Memory cached:  146.0
--------------------  Trial  3   --------------------
Start timing: 
Parameters: 
{'W_layers': 5, 'W_layer_units_exponent_0': 9, 'W_layer_units_exponent_1': 5, 'W_layer_units_exponent_2': 7, 'W_layer_units_exponent_3': 4, 'W_layer_units_exponent_4': 10, 'D_layers': 4, 'D_layer_units_exponent_0': 6, 'D_layer_units_exponent_1': 8, 'D_layer_units_exponent_2': 10, 'D_layer_units_exponent_3': 5, 'log_learning_rate': -2.4138561583093865, 'log_learning_rate_D': -4.367083582238113, 'training_batch_size': 11, 'training_p': 7}
	 epoch  0 training error:  tensor(0.9589, device='cuda:0', grad_fn=<DivBackward0>)
Memory status after this epoch: 
Memory allocated:  1.935546875
Memory cached:  10.0
	 epoch  10 training error:  tensor(0.1771, device='cuda:0', grad_fn=<DivBackward0>)
Memory status after this epoch: 
Memory allocated:  1.935546875
Memory cached:  10.0
	 epoch  20 training error:  tensor(0.8517, device='cuda:0', grad_fn=<DivBackward0>)
Memory status after this epoch: 
Memory allocated:  1.935546875
Memory cached:  10.0
	 epoch  30 training error:  tensor(0.9774, device='cuda:0', grad_fn=<DivBackward0>)
Memory status after this epoch: 
Memory allocated:  1.935546875
Memory cached:  10.0
	 epoch  40 training error:  tensor(0.2343, device='cuda:0', grad_fn=<DivBackward0>)
Memory status after this epoch: 
Memory allocated:  1.935546875
Memory cached:  10.0
	 epoch  50 training error:  tensor(0.2766, device='cuda:0', grad_fn=<DivBackward0>)
Memory status after this epoch: 
Memory allocated:  1.935546875
Memory cached:  10.0
	 epoch  60 training error:  tensor(0.7062, device='cuda:0', grad_fn=<DivBackward0>)
Memory status after this epoch: 
Memory allocated:  1.935546875
Memory cached:  10.0
	 epoch  70 training error:  tensor(0.5799, device='cuda:0', grad_fn=<DivBackward0>)
Memory status after this epoch: 
Memory allocated:  1.935546875
Memory cached:  10.0
	 epoch  80 training error:  tensor(0.3559, device='cuda:0', grad_fn=<DivBackward0>)
Memory status after this epoch: 
Memory allocated:  1.935546875
Memory cached:  10.0
	 epoch  90 training error:  tensor(0.1203, device='cuda:0', grad_fn=<DivBackward0>)
Memory status after this epoch: 
Memory allocated:  1.935546875
Memory cached:  10.0
[I 2023-11-03 22:19:49,822] Trial 3 finished with value: 0.28393810987472534 and parameters: {'W_layers': 5, 'W_layer_units_exponent_0': 9, 'W_layer_units_exponent_1': 5, 'W_layer_units_exponent_2': 7, 'W_layer_units_exponent_3': 4, 'W_layer_units_exponent_4': 10, 'D_layers': 4, 'D_layer_units_exponent_0': 6, 'D_layer_units_exponent_1': 8, 'D_layer_units_exponent_2': 10, 'D_layer_units_exponent_3': 5, 'log_learning_rate': -2.4138561583093865, 'log_learning_rate_D': -4.367083582238113, 'training_batch_size': 11, 'training_p': 7}. Best is trial 2 with value: 0.05181977152824402.
Time for this trial:  17.69919490814209
Memory status after this trial: 
Memory allocated:  93.75634765625
Memory cached:  108.0
--------------------  Trial  4   --------------------
Start timing: 
Parameters: 
{'W_layers': 2, 'W_layer_units_exponent_0': 8, 'W_layer_units_exponent_1': 6, 'D_layers': 6, 'D_layer_units_exponent_0': 4, 'D_layer_units_exponent_1': 5, 'D_layer_units_exponent_2': 5, 'D_layer_units_exponent_3': 7, 'D_layer_units_exponent_4': 8, 'D_layer_units_exponent_5': 6, 'log_learning_rate': -3.9034662858881246, 'log_learning_rate_D': -1.1410756443533434, 'training_batch_size': 10, 'training_p': 6}
	 epoch  0 training error:  tensor(2.2412, device='cuda:0', grad_fn=<DivBackward0>)
Memory status after this epoch: 
Memory allocated:  0.56982421875
Memory cached:  2.0
	 epoch  10 training error:  tensor(0.4072, device='cuda:0', grad_fn=<DivBackward0>)
Memory status after this epoch: 
Memory allocated:  0.56982421875
Memory cached:  2.0
	 epoch  20 training error:  tensor(0.2063, device='cuda:0', grad_fn=<DivBackward0>)
Memory status after this epoch: 
Memory allocated:  0.56982421875
Memory cached:  2.0
	 epoch  30 training error:  tensor(0.0965, device='cuda:0', grad_fn=<DivBackward0>)
Memory status after this epoch: 
Memory allocated:  0.56982421875
Memory cached:  2.0
	 epoch  40 training error:  tensor(0.1202, device='cuda:0', grad_fn=<DivBackward0>)
Memory status after this epoch: 
Memory allocated:  0.56982421875
Memory cached:  2.0
	 epoch  50 training error:  tensor(0.0884, device='cuda:0', grad_fn=<DivBackward0>)
Memory status after this epoch: 
Memory allocated:  0.56982421875
Memory cached:  2.0
	 epoch  60 training error:  tensor(0.0682, device='cuda:0', grad_fn=<DivBackward0>)
Memory status after this epoch: 
Memory allocated:  0.56982421875
Memory cached:  2.0
	 epoch  70 training error:  tensor(0.0670, device='cuda:0', grad_fn=<DivBackward0>)
Memory status after this epoch: 
Memory allocated:  0.56982421875
Memory cached:  2.0
	 epoch  80 training error:  tensor(0.0672, device='cuda:0', grad_fn=<DivBackward0>)
Memory status after this epoch: 
Memory allocated:  0.56982421875
Memory cached:  2.0
	 epoch  90 training error:  tensor(0.0670, device='cuda:0', grad_fn=<DivBackward0>)
Memory status after this epoch: 
Memory allocated:  0.56982421875
Memory cached:  2.0
[I 2023-11-03 22:20:05,265] Trial 4 finished with value: 0.05525432899594307 and parameters: {'W_layers': 2, 'W_layer_units_exponent_0': 8, 'W_layer_units_exponent_1': 6, 'D_layers': 6, 'D_layer_units_exponent_0': 4, 'D_layer_units_exponent_1': 5, 'D_layer_units_exponent_2': 5, 'D_layer_units_exponent_3': 7, 'D_layer_units_exponent_4': 8, 'D_layer_units_exponent_5': 6, 'log_learning_rate': -3.9034662858881246, 'log_learning_rate_D': -1.1410756443533434, 'training_batch_size': 10, 'training_p': 6}. Best is trial 2 with value: 0.05181977152824402.
Time for this trial:  15.339093208312988
Memory status after this trial: 
Memory allocated:  17.34814453125
Memory cached:  26.0
--------------------  Trial  5   --------------------
Start timing: 
Parameters: 
{'W_layers': 6, 'W_layer_units_exponent_0': 10, 'W_layer_units_exponent_1': 7, 'W_layer_units_exponent_2': 9, 'W_layer_units_exponent_3': 7, 'W_layer_units_exponent_4': 4, 'W_layer_units_exponent_5': 8, 'D_layers': 6, 'D_layer_units_exponent_0': 6, 'D_layer_units_exponent_1': 4, 'D_layer_units_exponent_2': 5, 'D_layer_units_exponent_3': 6, 'D_layer_units_exponent_4': 7, 'D_layer_units_exponent_5': 5, 'log_learning_rate': -4.666466549075121, 'log_learning_rate_D': -1.9912206949024056, 'training_batch_size': 11, 'training_p': 6}
	 epoch  0 training error:  tensor(0.9361, device='cuda:0', grad_fn=<DivBackward0>)
Memory status after this epoch: 
Memory allocated:  4.3056640625
Memory cached:  6.0
	 epoch  10 training error:  tensor(0.4989, device='cuda:0', grad_fn=<DivBackward0>)
Memory status after this epoch: 
Memory allocated:  4.3056640625
Memory cached:  8.0
	 epoch  20 training error:  tensor(0.2090, device='cuda:0', grad_fn=<DivBackward0>)
Memory status after this epoch: 
Memory allocated:  4.3056640625
Memory cached:  8.0
	 epoch  30 training error:  tensor(0.1260, device='cuda:0', grad_fn=<DivBackward0>)
Memory status after this epoch: 
Memory allocated:  4.3056640625
Memory cached:  8.0
	 epoch  40 training error:  tensor(0.0695, device='cuda:0', grad_fn=<DivBackward0>)
Memory status after this epoch: 
Memory allocated:  4.3056640625
Memory cached:  8.0
	 epoch  50 training error:  tensor(0.0796, device='cuda:0', grad_fn=<DivBackward0>)
Memory status after this epoch: 
Memory allocated:  4.3056640625
Memory cached:  8.0
	 epoch  60 training error:  tensor(0.0704, device='cuda:0', grad_fn=<DivBackward0>)
Memory status after this epoch: 
Memory allocated:  4.3056640625
Memory cached:  8.0
	 epoch  70 training error:  tensor(0.0675, device='cuda:0', grad_fn=<DivBackward0>)
Memory status after this epoch: 
Memory allocated:  4.3056640625
Memory cached:  8.0
	 epoch  80 training error:  tensor(0.0656, device='cuda:0', grad_fn=<DivBackward0>)
Memory status after this epoch: 
Memory allocated:  4.3056640625
Memory cached:  8.0
	 epoch  90 training error:  tensor(0.0653, device='cuda:0', grad_fn=<DivBackward0>)
Memory status after this epoch: 
Memory allocated:  4.3056640625
Memory cached:  8.0
[I 2023-11-03 22:20:23,363] Trial 5 finished with value: 0.05388077720999718 and parameters: {'W_layers': 6, 'W_layer_units_exponent_0': 10, 'W_layer_units_exponent_1': 7, 'W_layer_units_exponent_2': 9, 'W_layer_units_exponent_3': 7, 'W_layer_units_exponent_4': 4, 'W_layer_units_exponent_5': 8, 'D_layers': 6, 'D_layer_units_exponent_0': 6, 'D_layer_units_exponent_1': 4, 'D_layer_units_exponent_2': 5, 'D_layer_units_exponent_3': 6, 'D_layer_units_exponent_4': 7, 'D_layer_units_exponent_5': 5, 'log_learning_rate': -4.666466549075121, 'log_learning_rate_D': -1.9912206949024056, 'training_batch_size': 11, 'training_p': 6}. Best is trial 2 with value: 0.05181977152824402.
Time for this trial:  17.990578413009644
Memory status after this trial: 
Memory allocated:  113.36767578125
Memory cached:  140.0
--------------------  Trial  6   --------------------
Start timing: 
Parameters: 
{'W_layers': 6, 'W_layer_units_exponent_0': 8, 'W_layer_units_exponent_1': 8, 'W_layer_units_exponent_2': 6, 'W_layer_units_exponent_3': 4, 'W_layer_units_exponent_4': 8, 'W_layer_units_exponent_5': 4, 'D_layers': 7, 'D_layer_units_exponent_0': 6, 'D_layer_units_exponent_1': 6, 'D_layer_units_exponent_2': 8, 'D_layer_units_exponent_3': 6, 'D_layer_units_exponent_4': 9, 'D_layer_units_exponent_5': 7, 'D_layer_units_exponent_6': 8, 'log_learning_rate': -3.112414564968351, 'log_learning_rate_D': -2.133819349061003, 'training_batch_size': 7, 'training_p': 3}
	 epoch  0 training error:  tensor(1.1116, device='cuda:0', grad_fn=<DivBackward0>)
Memory status after this epoch: 
Memory allocated:  2.15673828125
Memory cached:  8.0
	 epoch  10 training error:  tensor(0.0803, device='cuda:0', grad_fn=<DivBackward0>)
Memory status after this epoch: 
Memory allocated:  2.15673828125
Memory cached:  8.0
	 epoch  20 training error:  tensor(0.0820, device='cuda:0', grad_fn=<DivBackward0>)
Memory status after this epoch: 
Memory allocated:  2.15673828125
Memory cached:  8.0
	 epoch  30 training error:  tensor(0.0607, device='cuda:0', grad_fn=<DivBackward0>)
Memory status after this epoch: 
Memory allocated:  2.15673828125
Memory cached:  8.0
	 epoch  40 training error:  tensor(0.0588, device='cuda:0', grad_fn=<DivBackward0>)
Memory status after this epoch: 
Memory allocated:  2.15673828125
Memory cached:  8.0
	 epoch  50 training error:  tensor(0.0600, device='cuda:0', grad_fn=<DivBackward0>)
Memory status after this epoch: 
Memory allocated:  2.15673828125
Memory cached:  8.0
	 epoch  60 training error:  tensor(0.0601, device='cuda:0', grad_fn=<DivBackward0>)
Memory status after this epoch: 
Memory allocated:  2.15673828125
Memory cached:  8.0
	 epoch  70 training error:  tensor(0.0599, device='cuda:0', grad_fn=<DivBackward0>)
Memory status after this epoch: 
Memory allocated:  2.15673828125
Memory cached:  8.0
	 epoch  80 training error:  tensor(0.0594, device='cuda:0', grad_fn=<DivBackward0>)
Memory status after this epoch: 
Memory allocated:  2.15673828125
Memory cached:  8.0
	 epoch  90 training error:  tensor(0.0591, device='cuda:0', grad_fn=<DivBackward0>)
Memory status after this epoch: 
Memory allocated:  2.15673828125
Memory cached:  8.0
