[I 2023-11-01 12:20:11,143] Trial 32 finished with value: 0.2294849008321762 and parameters: {'W_layers': 3, 'W_layer_units_exponent_0': 5, 'W_layer_units_exponent_1': 8, 'W_layer_units_exponent_2': 6, 'D_layers': 6, 'D_layer_units_exponent_0': 6, 'D_layer_units_exponent_1': 5, 'D_layer_units_exponent_2': 10, 'D_layer_units_exponent_3': 6, 'D_layer_units_exponent_4': 8, 'D_layer_units_exponent_5': 10, 'log_learning_rate': -3.6748548712217675, 'log_learning_rate_D': -1.2991665289316678, 'training_batch_size': 10, 'training_p': 7}. Best is trial 12 with value: 0.22837500274181366.
Time for this trial:  141.1288845539093
Memory status after this trial: 
Memory allocated:  152.84814453125
Memory cached:  158.0
--------------------  Trial  33   --------------------
Start timing: 
Parameters: 
{'W_layers': 2, 'W_layer_units_exponent_0': 7, 'W_layer_units_exponent_1': 9, 'D_layers': 7, 'D_layer_units_exponent_0': 7, 'D_layer_units_exponent_1': 5, 'D_layer_units_exponent_2': 9, 'D_layer_units_exponent_3': 7, 'D_layer_units_exponent_4': 7, 'D_layer_units_exponent_5': 9, 'D_layer_units_exponent_6': 9, 'log_learning_rate': -4.451898430231429, 'log_learning_rate_D': -1.8748540580437603, 'training_batch_size': 11, 'training_p': 5}
	 epoch  0 training error:  tensor(0.8309, device='cuda:0', grad_fn=<DivBackward0>)
Memory status after this epoch: 
Memory allocated:  7.6611328125
Memory cached:  14.0
	 epoch  10 training error:  tensor(0.4822, device='cuda:0', grad_fn=<DivBackward0>)
Memory status after this epoch: 
Memory allocated:  7.6611328125
Memory cached:  22.0
	 epoch  20 training error:  tensor(0.2585, device='cuda:0', grad_fn=<DivBackward0>)
Memory status after this epoch: 
Memory allocated:  7.6611328125
Memory cached:  20.0
	 epoch  30 training error:  tensor(0.2845, device='cuda:0', grad_fn=<DivBackward0>)
Memory status after this epoch: 
Memory allocated:  7.6611328125
Memory cached:  20.0
	 epoch  40 training error:  tensor(0.2614, device='cuda:0', grad_fn=<DivBackward0>)
Memory status after this epoch: 
Memory allocated:  7.6611328125
Memory cached:  20.0
	 epoch  50 training error:  tensor(0.2561, device='cuda:0', grad_fn=<DivBackward0>)
Memory status after this epoch: 
Memory allocated:  7.6611328125
Memory cached:  20.0
	 epoch  60 training error:  tensor(0.2571, device='cuda:0', grad_fn=<DivBackward0>)
Memory status after this epoch: 
Memory allocated:  7.6611328125
Memory cached:  18.0
	 epoch  70 training error:  tensor(0.2560, device='cuda:0', grad_fn=<DivBackward0>)
Memory status after this epoch: 
Memory allocated:  7.6611328125
Memory cached:  20.0
	 epoch  80 training error:  tensor(0.2556, device='cuda:0', grad_fn=<DivBackward0>)
Memory status after this epoch: 
Memory allocated:  7.6611328125
Memory cached:  18.0
	 epoch  90 training error:  tensor(0.2556, device='cuda:0', grad_fn=<DivBackward0>)
Memory status after this epoch: 
Memory allocated:  7.6611328125
Memory cached:  18.0
[I 2023-11-01 12:22:30,427] Trial 33 finished with value: 0.2304503470659256 and parameters: {'W_layers': 2, 'W_layer_units_exponent_0': 7, 'W_layer_units_exponent_1': 9, 'D_layers': 7, 'D_layer_units_exponent_0': 7, 'D_layer_units_exponent_1': 5, 'D_layer_units_exponent_2': 9, 'D_layer_units_exponent_3': 7, 'D_layer_units_exponent_4': 7, 'D_layer_units_exponent_5': 9, 'D_layer_units_exponent_6': 9, 'log_learning_rate': -4.451898430231429, 'log_learning_rate_D': -1.8748540580437603, 'training_batch_size': 11, 'training_p': 5}. Best is trial 12 with value: 0.22837500274181366.
Time for this trial:  139.07258009910583
Memory status after this trial: 
Memory allocated:  141.85791015625
Memory cached:  146.0
--------------------  Trial  34   --------------------
Start timing: 
Parameters: 
{'W_layers': 4, 'W_layer_units_exponent_0': 6, 'W_layer_units_exponent_1': 7, 'W_layer_units_exponent_2': 5, 'W_layer_units_exponent_3': 4, 'D_layers': 8, 'D_layer_units_exponent_0': 6, 'D_layer_units_exponent_1': 4, 'D_layer_units_exponent_2': 6, 'D_layer_units_exponent_3': 6, 'D_layer_units_exponent_4': 8, 'D_layer_units_exponent_5': 7, 'D_layer_units_exponent_6': 4, 'D_layer_units_exponent_7': 10, 'log_learning_rate': -3.886476762449682, 'log_learning_rate_D': -2.199310529241288, 'training_batch_size': 9, 'training_p': 6}
	 epoch  0 training error:  tensor(1.0917, device='cuda:0', grad_fn=<DivBackward0>)
Memory status after this epoch: 
Memory allocated:  1.4169921875
Memory cached:  12.0
	 epoch  10 training error:  tensor(0.9721, device='cuda:0', grad_fn=<DivBackward0>)
Memory status after this epoch: 
Memory allocated:  1.4169921875
Memory cached:  16.0
	 epoch  20 training error:  tensor(0.8019, device='cuda:0', grad_fn=<DivBackward0>)
Memory status after this epoch: 
Memory allocated:  1.4169921875
Memory cached:  16.0
	 epoch  30 training error:  tensor(0.6044, device='cuda:0', grad_fn=<DivBackward0>)
Memory status after this epoch: 
Memory allocated:  1.4169921875
Memory cached:  16.0
	 epoch  40 training error:  tensor(0.3690, device='cuda:0', grad_fn=<DivBackward0>)
Memory status after this epoch: 
Memory allocated:  1.4169921875
Memory cached:  16.0
	 epoch  50 training error:  tensor(0.2779, device='cuda:0', grad_fn=<DivBackward0>)
Memory status after this epoch: 
Memory allocated:  1.4169921875
Memory cached:  16.0
	 epoch  60 training error:  tensor(0.2675, device='cuda:0', grad_fn=<DivBackward0>)
Memory status after this epoch: 
Memory allocated:  1.4169921875
Memory cached:  16.0
	 epoch  70 training error:  tensor(0.2626, device='cuda:0', grad_fn=<DivBackward0>)
Memory status after this epoch: 
Memory allocated:  1.4169921875
Memory cached:  16.0
	 epoch  80 training error:  tensor(0.2578, device='cuda:0', grad_fn=<DivBackward0>)
Memory status after this epoch: 
Memory allocated:  1.4169921875
Memory cached:  16.0
	 epoch  90 training error:  tensor(0.2582, device='cuda:0', grad_fn=<DivBackward0>)
Memory status after this epoch: 
Memory allocated:  1.4169921875
Memory cached:  16.0
[I 2023-11-01 12:25:05,127] Trial 34 finished with value: 0.2316162884235382 and parameters: {'W_layers': 4, 'W_layer_units_exponent_0': 6, 'W_layer_units_exponent_1': 7, 'W_layer_units_exponent_2': 5, 'W_layer_units_exponent_3': 4, 'D_layers': 8, 'D_layer_units_exponent_0': 6, 'D_layer_units_exponent_1': 4, 'D_layer_units_exponent_2': 6, 'D_layer_units_exponent_3': 6, 'D_layer_units_exponent_4': 8, 'D_layer_units_exponent_5': 7, 'D_layer_units_exponent_6': 4, 'D_layer_units_exponent_7': 10, 'log_learning_rate': -3.886476762449682, 'log_learning_rate_D': -2.199310529241288, 'training_batch_size': 9, 'training_p': 6}. Best is trial 12 with value: 0.22837500274181366.
Time for this trial:  154.45594930648804
Memory status after this trial: 
Memory allocated:  100.9638671875
Memory cached:  102.0
--------------------  Trial  35   --------------------
Start timing: 
Parameters: 
{'W_layers': 5, 'W_layer_units_exponent_0': 7, 'W_layer_units_exponent_1': 8, 'W_layer_units_exponent_2': 8, 'W_layer_units_exponent_3': 8, 'W_layer_units_exponent_4': 5, 'D_layers': 8, 'D_layer_units_exponent_0': 4, 'D_layer_units_exponent_1': 6, 'D_layer_units_exponent_2': 10, 'D_layer_units_exponent_3': 8, 'D_layer_units_exponent_4': 5, 'D_layer_units_exponent_5': 10, 'D_layer_units_exponent_6': 8, 'D_layer_units_exponent_7': 6, 'log_learning_rate': -3.5331026899161393, 'log_learning_rate_D': -1.6155405115532362, 'training_batch_size': 10, 'training_p': 7}
	 epoch  0 training error:  tensor(0.9574, device='cuda:0', grad_fn=<DivBackward0>)
Memory status after this epoch: 
Memory allocated:  12.6240234375
Memory cached:  16.0
	 epoch  10 training error:  tensor(0.2744, device='cuda:0', grad_fn=<DivBackward0>)
Memory status after this epoch: 
Memory allocated:  12.6240234375
Memory cached:  18.0
	 epoch  20 training error:  tensor(0.2896, device='cuda:0', grad_fn=<DivBackward0>)
Memory status after this epoch: 
Memory allocated:  12.6240234375
Memory cached:  18.0
	 epoch  30 training error:  tensor(0.2667, device='cuda:0', grad_fn=<DivBackward0>)
Memory status after this epoch: 
Memory allocated:  12.6240234375
Memory cached:  18.0
	 epoch  40 training error:  tensor(0.2592, device='cuda:0', grad_fn=<DivBackward0>)
Memory status after this epoch: 
Memory allocated:  12.6240234375
Memory cached:  18.0
	 epoch  50 training error:  tensor(0.2599, device='cuda:0', grad_fn=<DivBackward0>)
Memory status after this epoch: 
Memory allocated:  12.6240234375
Memory cached:  18.0
	 epoch  60 training error:  tensor(0.2597, device='cuda:0', grad_fn=<DivBackward0>)
Memory status after this epoch: 
Memory allocated:  12.6240234375
Memory cached:  18.0
	 epoch  70 training error:  tensor(0.2594, device='cuda:0', grad_fn=<DivBackward0>)
Memory status after this epoch: 
Memory allocated:  12.6240234375
Memory cached:  18.0
	 epoch  80 training error:  tensor(0.2593, device='cuda:0', grad_fn=<DivBackward0>)
Memory status after this epoch: 
Memory allocated:  12.6240234375
Memory cached:  18.0
	 epoch  90 training error:  tensor(0.2592, device='cuda:0', grad_fn=<DivBackward0>)
Memory status after this epoch: 
Memory allocated:  12.6240234375
Memory cached:  18.0
[I 2023-11-01 12:28:01,852] Trial 35 finished with value: 0.22966884076595306 and parameters: {'W_layers': 5, 'W_layer_units_exponent_0': 7, 'W_layer_units_exponent_1': 8, 'W_layer_units_exponent_2': 8, 'W_layer_units_exponent_3': 8, 'W_layer_units_exponent_4': 5, 'D_layers': 8, 'D_layer_units_exponent_0': 4, 'D_layer_units_exponent_1': 6, 'D_layer_units_exponent_2': 10, 'D_layer_units_exponent_3': 8, 'D_layer_units_exponent_4': 5, 'D_layer_units_exponent_5': 10, 'D_layer_units_exponent_6': 8, 'D_layer_units_exponent_7': 6, 'log_learning_rate': -3.5331026899161393, 'log_learning_rate_D': -1.6155405115532362, 'training_batch_size': 10, 'training_p': 7}. Best is trial 12 with value: 0.22837500274181366.
Time for this trial:  176.45839667320251
Memory status after this trial: 
Memory allocated:  201.3408203125
Memory cached:  208.0
--------------------  Trial  36   --------------------
Start timing: 
Parameters: 
{'W_layers': 3, 'W_layer_units_exponent_0': 6, 'W_layer_units_exponent_1': 9, 'W_layer_units_exponent_2': 6, 'D_layers': 4, 'D_layer_units_exponent_0': 5, 'D_layer_units_exponent_1': 8, 'D_layer_units_exponent_2': 6, 'D_layer_units_exponent_3': 9, 'log_learning_rate': -3.3877519866654273, 'log_learning_rate_D': -1.8428140542146336, 'training_batch_size': 12, 'training_p': 4}
	 epoch  0 training error:  tensor(1.0130, device='cuda:0', grad_fn=<DivBackward0>)
Memory status after this epoch: 
Memory allocated:  1.9521484375
Memory cached:  8.0
	 epoch  10 training error:  tensor(0.3145, device='cuda:0', grad_fn=<DivBackward0>)
Memory status after this epoch: 
Memory allocated:  1.9521484375
Memory cached:  12.0
	 epoch  20 training error:  tensor(0.2569, device='cuda:0', grad_fn=<DivBackward0>)
Memory status after this epoch: 
Memory allocated:  1.9521484375
Memory cached:  12.0
	 epoch  30 training error:  tensor(0.2568, device='cuda:0', grad_fn=<DivBackward0>)
Memory status after this epoch: 
Memory allocated:  1.9521484375
Memory cached:  12.0
	 epoch  40 training error:  tensor(0.2538, device='cuda:0', grad_fn=<DivBackward0>)
Memory status after this epoch: 
Memory allocated:  1.9521484375
Memory cached:  12.0
	 epoch  50 training error:  tensor(0.2523, device='cuda:0', grad_fn=<DivBackward0>)
Memory status after this epoch: 
Memory allocated:  1.9521484375
Memory cached:  12.0
	 epoch  60 training error:  tensor(0.2525, device='cuda:0', grad_fn=<DivBackward0>)
Memory status after this epoch: 
Memory allocated:  1.9521484375
Memory cached:  12.0
	 epoch  70 training error:  tensor(0.2524, device='cuda:0', grad_fn=<DivBackward0>)
Memory status after this epoch: 
Memory allocated:  1.9521484375
Memory cached:  12.0
	 epoch  80 training error:  tensor(0.2523, device='cuda:0', grad_fn=<DivBackward0>)
Memory status after this epoch: 
Memory allocated:  1.9521484375
Memory cached:  12.0
	 epoch  90 training error:  tensor(0.2523, device='cuda:0', grad_fn=<DivBackward0>)
Memory status after this epoch: 
Memory allocated:  1.9521484375
Memory cached:  12.0
[I 2023-11-01 12:29:59,774] Trial 36 finished with value: 0.23047566413879395 and parameters: {'W_layers': 3, 'W_layer_units_exponent_0': 6, 'W_layer_units_exponent_1': 9, 'W_layer_units_exponent_2': 6, 'D_layers': 4, 'D_layer_units_exponent_0': 5, 'D_layer_units_exponent_1': 8, 'D_layer_units_exponent_2': 6, 'D_layer_units_exponent_3': 9, 'log_learning_rate': -3.3877519866654273, 'log_learning_rate_D': -1.8428140542146336, 'training_batch_size': 12, 'training_p': 4}. Best is trial 12 with value: 0.22837500274181366.
Time for this trial:  117.69887804985046
Memory status after this trial: 
Memory allocated:  81.47900390625
Memory cached:  84.0
--------------------  Trial  37   --------------------
Start timing: 
Parameters: 
{'W_layers': 4, 'W_layer_units_exponent_0': 8, 'W_layer_units_exponent_1': 5, 'W_layer_units_exponent_2': 7, 'W_layer_units_exponent_3': 7, 'D_layers': 7, 'D_layer_units_exponent_0': 6, 'D_layer_units_exponent_1': 5, 'D_layer_units_exponent_2': 9, 'D_layer_units_exponent_3': 7, 'D_layer_units_exponent_4': 6, 'D_layer_units_exponent_5': 9, 'D_layer_units_exponent_6': 7, 'log_learning_rate': -3.852591961692083, 'log_learning_rate_D': -1.2251536481897016, 'training_batch_size': 9, 'training_p': 8}
	 epoch  0 training error:  tensor(0.9983, device='cuda:0', grad_fn=<DivBackward0>)
Memory status after this epoch: 
Memory allocated:  3.4287109375
Memory cached:  14.0
	 epoch  10 training error:  tensor(0.7005, device='cuda:0', grad_fn=<DivBackward0>)
Memory status after this epoch: 
Memory allocated:  3.4287109375
Memory cached:  18.0
	 epoch  20 training error:  tensor(0.2628, device='cuda:0', grad_fn=<DivBackward0>)
Memory status after this epoch: 
Memory allocated:  3.4287109375
Memory cached:  20.0
	 epoch  30 training error:  tensor(0.2644, device='cuda:0', grad_fn=<DivBackward0>)
Memory status after this epoch: 
Memory allocated:  3.4287109375
Memory cached:  20.0
	 epoch  40 training error:  tensor(0.2688, device='cuda:0', grad_fn=<DivBackward0>)
Memory status after this epoch: 
Memory allocated:  3.4287109375
Memory cached:  20.0
	 epoch  50 training error:  tensor(0.2632, device='cuda:0', grad_fn=<DivBackward0>)
Memory status after this epoch: 
Memory allocated:  3.4287109375
Memory cached:  20.0
	 epoch  60 training error:  tensor(0.2613, device='cuda:0', grad_fn=<DivBackward0>)
Memory status after this epoch: 
Memory allocated:  3.4287109375
Memory cached:  18.0
	 epoch  70 training error:  tensor(0.2604, device='cuda:0', grad_fn=<DivBackward0>)
Memory status after this epoch: 
Memory allocated:  3.4287109375
Memory cached:  18.0
	 epoch  80 training error:  tensor(0.2603, device='cuda:0', grad_fn=<DivBackward0>)
Memory status after this epoch: 
Memory allocated:  3.4287109375
Memory cached:  20.0
	 epoch  90 training error:  tensor(0.2603, device='cuda:0', grad_fn=<DivBackward0>)
Memory status after this epoch: 
Memory allocated:  3.4287109375
Memory cached:  18.0
[I 2023-11-01 12:32:29,610] Trial 37 finished with value: 0.22882024943828583 and parameters: {'W_layers': 4, 'W_layer_units_exponent_0': 8, 'W_layer_units_exponent_1': 5, 'W_layer_units_exponent_2': 7, 'W_layer_units_exponent_3': 7, 'D_layers': 7, 'D_layer_units_exponent_0': 6, 'D_layer_units_exponent_1': 5, 'D_layer_units_exponent_2': 9, 'D_layer_units_exponent_3': 7, 'D_layer_units_exponent_4': 6, 'D_layer_units_exponent_5': 9, 'D_layer_units_exponent_6': 7, 'log_learning_rate': -3.852591961692083, 'log_learning_rate_D': -1.2251536481897016, 'training_batch_size': 9, 'training_p': 8}. Best is trial 12 with value: 0.22837500274181366.
Time for this trial:  149.60253429412842
Memory status after this trial: 
Memory allocated:  107.54443359375
Memory cached:  110.0
--------------------  Trial  38   --------------------
Start timing: 
Parameters: 
{'W_layers': 5, 'W_layer_units_exponent_0': 8, 'W_layer_units_exponent_1': 5, 'W_layer_units_exponent_2': 7, 'W_layer_units_exponent_3': 7, 'W_layer_units_exponent_4': 9, 'D_layers': 7, 'D_layer_units_exponent_0': 10, 'D_layer_units_exponent_1': 5, 'D_layer_units_exponent_2': 9, 'D_layer_units_exponent_3': 8, 'D_layer_units_exponent_4': 5, 'D_layer_units_exponent_5': 7, 'D_layer_units_exponent_6': 7, 'log_learning_rate': -3.900608727998767, 'log_learning_rate_D': -1.1701026014970386, 'training_batch_size': 7, 'training_p': 8}
	 epoch  0 training error:  tensor(0.9526, device='cuda:0', grad_fn=<DivBackward0>)
Memory status after this epoch: 
Memory allocated:  4.7470703125
Memory cached:  16.0
	 epoch  10 training error:  tensor(0.3324, device='cuda:0', grad_fn=<DivBackward0>)
Memory status after this epoch: 
Memory allocated:  4.7470703125
Memory cached:  20.0
	 epoch  20 training error:  tensor(0.9229, device='cuda:0', grad_fn=<DivBackward0>)
Memory status after this epoch: 
Memory allocated:  4.7470703125
Memory cached:  20.0
	 epoch  30 training error:  tensor(0.8748, device='cuda:0', grad_fn=<DivBackward0>)
Memory status after this epoch: 
Memory allocated:  4.7470703125
Memory cached:  20.0
	 epoch  40 training error:  tensor(0.3253, device='cuda:0', grad_fn=<DivBackward0>)
Memory status after this epoch: 
Memory allocated:  4.7470703125
Memory cached:  20.0
	 epoch  50 training error:  tensor(0.4015, device='cuda:0', grad_fn=<DivBackward0>)
Memory status after this epoch: 
Memory allocated:  4.7470703125
Memory cached:  20.0
	 epoch  60 training error:  tensor(0.2932, device='cuda:0', grad_fn=<DivBackward0>)
Memory status after this epoch: 
Memory allocated:  4.7470703125
Memory cached:  20.0
	 epoch  70 training error:  tensor(0.2703, device='cuda:0', grad_fn=<DivBackward0>)
Memory status after this epoch: 
Memory allocated:  4.7470703125
Memory cached:  20.0
	 epoch  80 training error:  tensor(0.2632, device='cuda:0', grad_fn=<DivBackward0>)
Memory status after this epoch: 
Memory allocated:  4.7470703125
Memory cached:  20.0
	 epoch  90 training error:  tensor(0.2618, device='cuda:0', grad_fn=<DivBackward0>)
Memory status after this epoch: 
Memory allocated:  4.7470703125
Memory cached:  20.0
[I 2023-11-01 12:35:15,073] Trial 38 finished with value: 0.22650623321533203 and parameters: {'W_layers': 5, 'W_layer_units_exponent_0': 8, 'W_layer_units_exponent_1': 5, 'W_layer_units_exponent_2': 7, 'W_layer_units_exponent_3': 7, 'W_layer_units_exponent_4': 9, 'D_layers': 7, 'D_layer_units_exponent_0': 10, 'D_layer_units_exponent_1': 5, 'D_layer_units_exponent_2': 9, 'D_layer_units_exponent_3': 8, 'D_layer_units_exponent_4': 5, 'D_layer_units_exponent_5': 7, 'D_layer_units_exponent_6': 7, 'log_learning_rate': -3.900608727998767, 'log_learning_rate_D': -1.1701026014970386, 'training_batch_size': 7, 'training_p': 8}. Best is trial 38 with value: 0.22650623321533203.
Time for this trial:  165.21468925476074
Memory status after this trial: 
Memory allocated:  171.0771484375
Memory cached:  174.0
--------------------  Trial  39   --------------------
Start timing: 
Parameters: 
{'W_layers': 6, 'W_layer_units_exponent_0': 9, 'W_layer_units_exponent_1': 5, 'W_layer_units_exponent_2': 9, 'W_layer_units_exponent_3': 7, 'W_layer_units_exponent_4': 9, 'W_layer_units_exponent_5': 6, 'D_layers': 3, 'D_layer_units_exponent_0': 10, 'D_layer_units_exponent_1': 4, 'D_layer_units_exponent_2': 8, 'log_learning_rate': -4.045503508857432, 'log_learning_rate_D': -2.2991741717370617, 'training_batch_size': 6, 'training_p': 8}
	 epoch  0 training error:  tensor(1.0158, device='cuda:0', grad_fn=<DivBackward0>)
Memory status after this epoch: 
Memory allocated:  3.4130859375
Memory cached:  14.0
	 epoch  10 training error:  tensor(0.3465, device='cuda:0', grad_fn=<DivBackward0>)
Memory status after this epoch: 
Memory allocated:  3.4130859375
Memory cached:  18.0
	 epoch  20 training error:  tensor(0.2617, device='cuda:0', grad_fn=<DivBackward0>)
Memory status after this epoch: 
Memory allocated:  3.4130859375
Memory cached:  14.0
	 epoch  30 training error:  tensor(0.2625, device='cuda:0', grad_fn=<DivBackward0>)
Memory status after this epoch: 
Memory allocated:  3.4130859375
Memory cached:  16.0
	 epoch  40 training error:  tensor(0.2604, device='cuda:0', grad_fn=<DivBackward0>)
Memory status after this epoch: 
Memory allocated:  3.4130859375
Memory cached:  16.0
	 epoch  50 training error:  tensor(0.2603, device='cuda:0', grad_fn=<DivBackward0>)
Memory status after this epoch: 
Memory allocated:  3.4130859375
Memory cached:  18.0
	 epoch  60 training error:  tensor(0.2604, device='cuda:0', grad_fn=<DivBackward0>)
Memory status after this epoch: 
Memory allocated:  3.4130859375
Memory cached:  16.0
	 epoch  70 training error:  tensor(0.2603, device='cuda:0', grad_fn=<DivBackward0>)
Memory status after this epoch: 
Memory allocated:  3.4130859375
Memory cached:  16.0
	 epoch  80 training error:  tensor(0.2606, device='cuda:0', grad_fn=<DivBackward0>)
Memory status after this epoch: 
Memory allocated:  3.4130859375
Memory cached:  18.0
	 epoch  90 training error:  tensor(0.2603, device='cuda:0', grad_fn=<DivBackward0>)
Memory status after this epoch: 
Memory allocated:  3.4130859375
Memory cached:  18.0
