[I 2023-11-03 22:07:21,279] Trial 41 finished with value: 0.017715811729431152 and parameters: {'W_layers': 4, 'W_layer_units_exponent_0': 8, 'W_layer_units_exponent_1': 6, 'W_layer_units_exponent_2': 6, 'W_layer_units_exponent_3': 5, 'D_layers': 6, 'D_layer_units_exponent_0': 9, 'D_layer_units_exponent_1': 5, 'D_layer_units_exponent_2': 9, 'D_layer_units_exponent_3': 5, 'D_layer_units_exponent_4': 6, 'D_layer_units_exponent_5': 5, 'log_learning_rate': -2.9720942321497583, 'log_learning_rate_D': -3.0034874101711106, 'training_batch_size': 12, 'training_p': 3}. Best is trial 27 with value: 0.017602866515517235.
Time for this trial:  16.079152822494507
Memory status after this trial: 
Memory allocated:  22.52392578125
Memory cached:  30.0
--------------------  Trial  42   --------------------
Start timing: 
Parameters: 
{'W_layers': 5, 'W_layer_units_exponent_0': 8, 'W_layer_units_exponent_1': 5, 'W_layer_units_exponent_2': 6, 'W_layer_units_exponent_3': 5, 'W_layer_units_exponent_4': 9, 'D_layers': 6, 'D_layer_units_exponent_0': 8, 'D_layer_units_exponent_1': 5, 'D_layer_units_exponent_2': 9, 'D_layer_units_exponent_3': 4, 'D_layer_units_exponent_4': 6, 'D_layer_units_exponent_5': 5, 'log_learning_rate': -3.2933671515840373, 'log_learning_rate_D': -3.1937303721649126, 'training_batch_size': 12, 'training_p': 3}
	 epoch  0 training error:  tensor(1.0014, device='cuda:0', grad_fn=<DivBackward0>)
Memory status after this epoch: 
Memory allocated:  0.7041015625
Memory cached:  6.0
	 epoch  10 training error:  tensor(0.2553, device='cuda:0', grad_fn=<DivBackward0>)
Memory status after this epoch: 
Memory allocated:  0.7041015625
Memory cached:  8.0
	 epoch  20 training error:  tensor(0.1208, device='cuda:0', grad_fn=<DivBackward0>)
Memory status after this epoch: 
Memory allocated:  0.7041015625
Memory cached:  8.0
	 epoch  30 training error:  tensor(0.0575, device='cuda:0', grad_fn=<DivBackward0>)
Memory status after this epoch: 
Memory allocated:  0.7041015625
Memory cached:  6.0
	 epoch  40 training error:  tensor(0.0441, device='cuda:0', grad_fn=<DivBackward0>)
Memory status after this epoch: 
Memory allocated:  0.7041015625
Memory cached:  8.0
	 epoch  50 training error:  tensor(0.0232, device='cuda:0', grad_fn=<DivBackward0>)
Memory status after this epoch: 
Memory allocated:  0.7041015625
Memory cached:  8.0
	 epoch  60 training error:  tensor(0.0220, device='cuda:0', grad_fn=<DivBackward0>)
Memory status after this epoch: 
Memory allocated:  0.7041015625
Memory cached:  6.0
	 epoch  70 training error:  tensor(0.0215, device='cuda:0', grad_fn=<DivBackward0>)
Memory status after this epoch: 
Memory allocated:  0.7041015625
Memory cached:  8.0
	 epoch  80 training error:  tensor(0.0198, device='cuda:0', grad_fn=<DivBackward0>)
Memory status after this epoch: 
Memory allocated:  0.7041015625
Memory cached:  8.0
	 epoch  90 training error:  tensor(0.0192, device='cuda:0', grad_fn=<DivBackward0>)
Memory status after this epoch: 
Memory allocated:  0.7041015625
Memory cached:  6.0
[I 2023-11-03 22:07:38,571] Trial 42 finished with value: 0.019055737182497978 and parameters: {'W_layers': 5, 'W_layer_units_exponent_0': 8, 'W_layer_units_exponent_1': 5, 'W_layer_units_exponent_2': 6, 'W_layer_units_exponent_3': 5, 'W_layer_units_exponent_4': 9, 'D_layers': 6, 'D_layer_units_exponent_0': 8, 'D_layer_units_exponent_1': 5, 'D_layer_units_exponent_2': 9, 'D_layer_units_exponent_3': 4, 'D_layer_units_exponent_4': 6, 'D_layer_units_exponent_5': 5, 'log_learning_rate': -3.2933671515840373, 'log_learning_rate_D': -3.1937303721649126, 'training_batch_size': 12, 'training_p': 3}. Best is trial 27 with value: 0.017602866515517235.
Time for this trial:  17.088825464248657
Memory status after this trial: 
Memory allocated:  49.14990234375
Memory cached:  68.0
--------------------  Trial  43   --------------------
Start timing: 
Parameters: 
{'W_layers': 4, 'W_layer_units_exponent_0': 8, 'W_layer_units_exponent_1': 7, 'W_layer_units_exponent_2': 7, 'W_layer_units_exponent_3': 7, 'D_layers': 5, 'D_layer_units_exponent_0': 9, 'D_layer_units_exponent_1': 6, 'D_layer_units_exponent_2': 8, 'D_layer_units_exponent_3': 5, 'D_layer_units_exponent_4': 6, 'log_learning_rate': -3.493467089463573, 'log_learning_rate_D': -2.8757169823517947, 'training_batch_size': 12, 'training_p': 2}
	 epoch  0 training error:  tensor(0.9537, device='cuda:0', grad_fn=<DivBackward0>)
Memory status after this epoch: 
Memory allocated:  1.34228515625
Memory cached:  2.0
	 epoch  10 training error:  tensor(0.0888, device='cuda:0', grad_fn=<DivBackward0>)
Memory status after this epoch: 
Memory allocated:  1.34228515625
Memory cached:  2.0
	 epoch  20 training error:  tensor(0.1042, device='cuda:0', grad_fn=<DivBackward0>)
Memory status after this epoch: 
Memory allocated:  1.34228515625
Memory cached:  2.0
	 epoch  30 training error:  tensor(0.0560, device='cuda:0', grad_fn=<DivBackward0>)
Memory status after this epoch: 
Memory allocated:  1.34228515625
Memory cached:  2.0
	 epoch  40 training error:  tensor(0.0220, device='cuda:0', grad_fn=<DivBackward0>)
Memory status after this epoch: 
Memory allocated:  1.34228515625
Memory cached:  2.0
	 epoch  50 training error:  tensor(0.0212, device='cuda:0', grad_fn=<DivBackward0>)
Memory status after this epoch: 
Memory allocated:  1.34228515625
Memory cached:  2.0
	 epoch  60 training error:  tensor(0.0198, device='cuda:0', grad_fn=<DivBackward0>)
Memory status after this epoch: 
Memory allocated:  1.34228515625
Memory cached:  2.0
	 epoch  70 training error:  tensor(0.0184, device='cuda:0', grad_fn=<DivBackward0>)
Memory status after this epoch: 
Memory allocated:  1.34228515625
Memory cached:  2.0
	 epoch  80 training error:  tensor(0.0176, device='cuda:0', grad_fn=<DivBackward0>)
Memory status after this epoch: 
Memory allocated:  1.34228515625
Memory cached:  2.0
	 epoch  90 training error:  tensor(0.0170, device='cuda:0', grad_fn=<DivBackward0>)
Memory status after this epoch: 
Memory allocated:  1.34228515625
Memory cached:  2.0
[I 2023-11-03 22:07:55,404] Trial 43 finished with value: 0.019744595512747765 and parameters: {'W_layers': 4, 'W_layer_units_exponent_0': 8, 'W_layer_units_exponent_1': 7, 'W_layer_units_exponent_2': 7, 'W_layer_units_exponent_3': 7, 'D_layers': 5, 'D_layer_units_exponent_0': 9, 'D_layer_units_exponent_1': 6, 'D_layer_units_exponent_2': 8, 'D_layer_units_exponent_3': 5, 'D_layer_units_exponent_4': 6, 'log_learning_rate': -3.493467089463573, 'log_learning_rate_D': -2.8757169823517947, 'training_batch_size': 12, 'training_p': 2}. Best is trial 27 with value: 0.017602866515517235.
Time for this trial:  16.61002469062805
Memory status after this trial: 
Memory allocated:  34.81494140625
Memory cached:  44.0
--------------------  Trial  44   --------------------
Start timing: 
Parameters: 
{'W_layers': 5, 'W_layer_units_exponent_0': 8, 'W_layer_units_exponent_1': 5, 'W_layer_units_exponent_2': 4, 'W_layer_units_exponent_3': 5, 'W_layer_units_exponent_4': 5, 'D_layers': 6, 'D_layer_units_exponent_0': 8, 'D_layer_units_exponent_1': 4, 'D_layer_units_exponent_2': 10, 'D_layer_units_exponent_3': 6, 'D_layer_units_exponent_4': 7, 'D_layer_units_exponent_5': 6, 'log_learning_rate': -3.0002631957409047, 'log_learning_rate_D': -2.2889752243312396, 'training_batch_size': 11, 'training_p': 4}
	 epoch  0 training error:  tensor(1.0904, device='cuda:0', grad_fn=<DivBackward0>)
Memory status after this epoch: 
Memory allocated:  0.6669921875
Memory cached:  8.0
	 epoch  10 training error:  tensor(0.0988, device='cuda:0', grad_fn=<DivBackward0>)
Memory status after this epoch: 
Memory allocated:  0.6669921875
Memory cached:  8.0
	 epoch  20 training error:  tensor(0.0973, device='cuda:0', grad_fn=<DivBackward0>)
Memory status after this epoch: 
Memory allocated:  0.6669921875
Memory cached:  8.0
	 epoch  30 training error:  tensor(0.0539, device='cuda:0', grad_fn=<DivBackward0>)
Memory status after this epoch: 
Memory allocated:  0.6669921875
Memory cached:  8.0
	 epoch  40 training error:  tensor(0.0499, device='cuda:0', grad_fn=<DivBackward0>)
Memory status after this epoch: 
Memory allocated:  0.6669921875
Memory cached:  8.0
	 epoch  50 training error:  tensor(0.0340, device='cuda:0', grad_fn=<DivBackward0>)
Memory status after this epoch: 
Memory allocated:  0.6669921875
Memory cached:  8.0
	 epoch  60 training error:  tensor(0.0230, device='cuda:0', grad_fn=<DivBackward0>)
Memory status after this epoch: 
Memory allocated:  0.6669921875
Memory cached:  8.0
	 epoch  70 training error:  tensor(0.0204, device='cuda:0', grad_fn=<DivBackward0>)
Memory status after this epoch: 
Memory allocated:  0.6669921875
Memory cached:  8.0
	 epoch  80 training error:  tensor(0.0200, device='cuda:0', grad_fn=<DivBackward0>)
Memory status after this epoch: 
Memory allocated:  0.6669921875
Memory cached:  8.0
	 epoch  90 training error:  tensor(0.0197, device='cuda:0', grad_fn=<DivBackward0>)
Memory status after this epoch: 
Memory allocated:  0.6669921875
Memory cached:  8.0
[I 2023-11-03 22:08:12,683] Trial 44 finished with value: 0.017817510291934013 and parameters: {'W_layers': 5, 'W_layer_units_exponent_0': 8, 'W_layer_units_exponent_1': 5, 'W_layer_units_exponent_2': 4, 'W_layer_units_exponent_3': 5, 'W_layer_units_exponent_4': 5, 'D_layers': 6, 'D_layer_units_exponent_0': 8, 'D_layer_units_exponent_1': 4, 'D_layer_units_exponent_2': 10, 'D_layer_units_exponent_3': 6, 'D_layer_units_exponent_4': 7, 'D_layer_units_exponent_5': 6, 'log_learning_rate': -3.0002631957409047, 'log_learning_rate_D': -2.2889752243312396, 'training_batch_size': 11, 'training_p': 4}. Best is trial 27 with value: 0.017602866515517235.
Time for this trial:  17.05723738670349
Memory status after this trial: 
Memory allocated:  19.86767578125
Memory cached:  28.0
--------------------  Trial  45   --------------------
Start timing: 
Parameters: 
{'W_layers': 4, 'W_layer_units_exponent_0': 7, 'W_layer_units_exponent_1': 4, 'W_layer_units_exponent_2': 4, 'W_layer_units_exponent_3': 4, 'D_layers': 4, 'D_layer_units_exponent_0': 8, 'D_layer_units_exponent_1': 4, 'D_layer_units_exponent_2': 10, 'D_layer_units_exponent_3': 6, 'log_learning_rate': -2.4823831747674507, 'log_learning_rate_D': -2.288964153558253, 'training_batch_size': 12, 'training_p': 3}
	 epoch  0 training error:  tensor(0.9287, device='cuda:0', grad_fn=<DivBackward0>)
Memory status after this epoch: 
Memory allocated:  0.48046875
Memory cached:  6.0
	 epoch  10 training error:  tensor(0.1749, device='cuda:0', grad_fn=<DivBackward0>)
Memory status after this epoch: 
Memory allocated:  0.48046875
Memory cached:  6.0
	 epoch  20 training error:  tensor(0.0600, device='cuda:0', grad_fn=<DivBackward0>)
Memory status after this epoch: 
Memory allocated:  0.48046875
Memory cached:  6.0
	 epoch  30 training error:  tensor(0.0331, device='cuda:0', grad_fn=<DivBackward0>)
Memory status after this epoch: 
Memory allocated:  0.48046875
Memory cached:  6.0
	 epoch  40 training error:  tensor(0.0295, device='cuda:0', grad_fn=<DivBackward0>)
Memory status after this epoch: 
Memory allocated:  0.48046875
Memory cached:  6.0
	 epoch  50 training error:  tensor(0.0219, device='cuda:0', grad_fn=<DivBackward0>)
Memory status after this epoch: 
Memory allocated:  0.48046875
Memory cached:  6.0
	 epoch  60 training error:  tensor(0.0213, device='cuda:0', grad_fn=<DivBackward0>)
Memory status after this epoch: 
Memory allocated:  0.48046875
Memory cached:  6.0
	 epoch  70 training error:  tensor(0.0187, device='cuda:0', grad_fn=<DivBackward0>)
Memory status after this epoch: 
Memory allocated:  0.48046875
Memory cached:  6.0
	 epoch  80 training error:  tensor(0.0201, device='cuda:0', grad_fn=<DivBackward0>)
Memory status after this epoch: 
Memory allocated:  0.48046875
Memory cached:  6.0
	 epoch  90 training error:  tensor(0.0199, device='cuda:0', grad_fn=<DivBackward0>)
Memory status after this epoch: 
Memory allocated:  0.48046875
Memory cached:  6.0
[I 2023-11-03 22:08:29,138] Trial 45 finished with value: 0.018396029248833656 and parameters: {'W_layers': 4, 'W_layer_units_exponent_0': 7, 'W_layer_units_exponent_1': 4, 'W_layer_units_exponent_2': 4, 'W_layer_units_exponent_3': 4, 'D_layers': 4, 'D_layer_units_exponent_0': 8, 'D_layer_units_exponent_1': 4, 'D_layer_units_exponent_2': 10, 'D_layer_units_exponent_3': 6, 'log_learning_rate': -2.4823831747674507, 'log_learning_rate_D': -2.288964153558253, 'training_batch_size': 12, 'training_p': 3}. Best is trial 27 with value: 0.017602866515517235.
Time for this trial:  16.25951337814331
Memory status after this trial: 
Memory allocated:  9.55224609375
Memory cached:  12.0
--------------------  Trial  46   --------------------
Start timing: 
Parameters: 
{'W_layers': 3, 'W_layer_units_exponent_0': 9, 'W_layer_units_exponent_1': 5, 'W_layer_units_exponent_2': 8, 'D_layers': 7, 'D_layer_units_exponent_0': 9, 'D_layer_units_exponent_1': 4, 'D_layer_units_exponent_2': 10, 'D_layer_units_exponent_3': 6, 'D_layer_units_exponent_4': 7, 'D_layer_units_exponent_5': 7, 'D_layer_units_exponent_6': 4, 'log_learning_rate': -2.8341656867820846, 'log_learning_rate_D': -2.596746646532222, 'training_batch_size': 10, 'training_p': 2}
	 epoch  0 training error:  tensor(0.7275, device='cuda:0', grad_fn=<DivBackward0>)
Memory status after this epoch: 
Memory allocated:  0.94970703125
Memory cached:  4.0
	 epoch  10 training error:  tensor(0.0397, device='cuda:0', grad_fn=<DivBackward0>)
Memory status after this epoch: 
Memory allocated:  0.94970703125
Memory cached:  6.0
	 epoch  20 training error:  tensor(0.0468, device='cuda:0', grad_fn=<DivBackward0>)
Memory status after this epoch: 
Memory allocated:  0.94970703125
Memory cached:  6.0
	 epoch  30 training error:  tensor(0.0615, device='cuda:0', grad_fn=<DivBackward0>)
Memory status after this epoch: 
Memory allocated:  0.94970703125
Memory cached:  6.0
	 epoch  40 training error:  tensor(0.0220, device='cuda:0', grad_fn=<DivBackward0>)
Memory status after this epoch: 
Memory allocated:  0.94970703125
Memory cached:  6.0
	 epoch  50 training error:  tensor(0.0226, device='cuda:0', grad_fn=<DivBackward0>)
Memory status after this epoch: 
Memory allocated:  0.94970703125
Memory cached:  6.0
	 epoch  60 training error:  tensor(0.0187, device='cuda:0', grad_fn=<DivBackward0>)
Memory status after this epoch: 
Memory allocated:  0.94970703125
Memory cached:  6.0
	 epoch  70 training error:  tensor(0.0500, device='cuda:0', grad_fn=<DivBackward0>)
Memory status after this epoch: 
Memory allocated:  0.94970703125
Memory cached:  6.0
	 epoch  80 training error:  tensor(0.0298, device='cuda:0', grad_fn=<DivBackward0>)
Memory status after this epoch: 
Memory allocated:  0.94970703125
Memory cached:  6.0
	 epoch  90 training error:  tensor(0.0425, device='cuda:0', grad_fn=<DivBackward0>)
Memory status after this epoch: 
Memory allocated:  0.94970703125
Memory cached:  6.0
[I 2023-11-03 22:08:46,019] Trial 46 finished with value: 0.04555192589759827 and parameters: {'W_layers': 3, 'W_layer_units_exponent_0': 9, 'W_layer_units_exponent_1': 5, 'W_layer_units_exponent_2': 8, 'D_layers': 7, 'D_layer_units_exponent_0': 9, 'D_layer_units_exponent_1': 4, 'D_layer_units_exponent_2': 10, 'D_layer_units_exponent_3': 6, 'D_layer_units_exponent_4': 7, 'D_layer_units_exponent_5': 7, 'D_layer_units_exponent_6': 4, 'log_learning_rate': -2.8341656867820846, 'log_learning_rate_D': -2.596746646532222, 'training_batch_size': 10, 'training_p': 2}. Best is trial 27 with value: 0.017602866515517235.
Time for this trial:  16.673975944519043
Memory status after this trial: 
Memory allocated:  43.52099609375
Memory cached:  64.0
--------------------  Trial  47   --------------------
Start timing: 
Parameters: 
{'W_layers': 4, 'W_layer_units_exponent_0': 6, 'W_layer_units_exponent_1': 6, 'W_layer_units_exponent_2': 10, 'W_layer_units_exponent_3': 5, 'D_layers': 6, 'D_layer_units_exponent_0': 9, 'D_layer_units_exponent_1': 4, 'D_layer_units_exponent_2': 10, 'D_layer_units_exponent_3': 7, 'D_layer_units_exponent_4': 7, 'D_layer_units_exponent_5': 5, 'log_learning_rate': -3.00018259763447, 'log_learning_rate_D': -2.3738545220284686, 'training_batch_size': 12, 'training_p': 4}
	 epoch  0 training error:  tensor(1.0109, device='cuda:0', grad_fn=<DivBackward0>)
Memory status after this epoch: 
Memory allocated:  2.36328125
Memory cached:  6.0
	 epoch  10 training error:  tensor(0.2024, device='cuda:0', grad_fn=<DivBackward0>)
Memory status after this epoch: 
Memory allocated:  2.36328125
Memory cached:  6.0
	 epoch  20 training error:  tensor(0.0882, device='cuda:0', grad_fn=<DivBackward0>)
Memory status after this epoch: 
Memory allocated:  2.36328125
Memory cached:  6.0
	 epoch  30 training error:  tensor(0.0482, device='cuda:0', grad_fn=<DivBackward0>)
Memory status after this epoch: 
Memory allocated:  2.36328125
Memory cached:  6.0
	 epoch  40 training error:  tensor(0.0308, device='cuda:0', grad_fn=<DivBackward0>)
Memory status after this epoch: 
Memory allocated:  2.36328125
Memory cached:  6.0
	 epoch  50 training error:  tensor(0.0309, device='cuda:0', grad_fn=<DivBackward0>)
Memory status after this epoch: 
Memory allocated:  2.36328125
Memory cached:  6.0
	 epoch  60 training error:  tensor(0.0287, device='cuda:0', grad_fn=<DivBackward0>)
Memory status after this epoch: 
Memory allocated:  2.36328125
Memory cached:  6.0
	 epoch  70 training error:  tensor(0.0210, device='cuda:0', grad_fn=<DivBackward0>)
Memory status after this epoch: 
Memory allocated:  2.36328125
Memory cached:  6.0
	 epoch  80 training error:  tensor(0.0309, device='cuda:0', grad_fn=<DivBackward0>)
Memory status after this epoch: 
Memory allocated:  2.36328125
Memory cached:  6.0
	 epoch  90 training error:  tensor(0.0229, device='cuda:0', grad_fn=<DivBackward0>)
Memory status after this epoch: 
Memory allocated:  2.36328125
Memory cached:  6.0
[I 2023-11-03 22:09:03,679] Trial 47 finished with value: 0.021019933745265007 and parameters: {'W_layers': 4, 'W_layer_units_exponent_0': 6, 'W_layer_units_exponent_1': 6, 'W_layer_units_exponent_2': 10, 'W_layer_units_exponent_3': 5, 'D_layers': 6, 'D_layer_units_exponent_0': 9, 'D_layer_units_exponent_1': 4, 'D_layer_units_exponent_2': 10, 'D_layer_units_exponent_3': 7, 'D_layer_units_exponent_4': 7, 'D_layer_units_exponent_5': 5, 'log_learning_rate': -3.00018259763447, 'log_learning_rate_D': -2.3738545220284686, 'training_batch_size': 12, 'training_p': 4}. Best is trial 27 with value: 0.017602866515517235.
Time for this trial:  17.435314416885376
Memory status after this trial: 
Memory allocated:  64.15380859375
Memory cached:  92.0
--------------------  Trial  48   --------------------
Start timing: 
Parameters: 
{'W_layers': 5, 'W_layer_units_exponent_0': 7, 'W_layer_units_exponent_1': 4, 'W_layer_units_exponent_2': 4, 'W_layer_units_exponent_3': 4, 'W_layer_units_exponent_4': 4, 'D_layers': 8, 'D_layer_units_exponent_0': 8, 'D_layer_units_exponent_1': 6, 'D_layer_units_exponent_2': 9, 'D_layer_units_exponent_3': 8, 'D_layer_units_exponent_4': 7, 'D_layer_units_exponent_5': 6, 'D_layer_units_exponent_6': 7, 'D_layer_units_exponent_7': 5, 'log_learning_rate': -2.597264712180727, 'log_learning_rate_D': -2.156227368334478, 'training_batch_size': 7, 'training_p': 2}
	 epoch  0 training error:  tensor(1.0311, device='cuda:0', grad_fn=<DivBackward0>)
Memory status after this epoch: 
Memory allocated:  1.04931640625
Memory cached:  4.0
	 epoch  10 training error:  tensor(0.1966, device='cuda:0', grad_fn=<DivBackward0>)
Memory status after this epoch: 
Memory allocated:  1.04931640625
Memory cached:  6.0
	 epoch  20 training error:  tensor(0.0616, device='cuda:0', grad_fn=<DivBackward0>)
Memory status after this epoch: 
Memory allocated:  1.04931640625
Memory cached:  6.0
	 epoch  30 training error:  tensor(0.0328, device='cuda:0', grad_fn=<DivBackward0>)
Memory status after this epoch: 
Memory allocated:  1.04931640625
Memory cached:  6.0
	 epoch  40 training error:  tensor(0.0183, device='cuda:0', grad_fn=<DivBackward0>)
Memory status after this epoch: 
Memory allocated:  1.04931640625
Memory cached:  6.0
	 epoch  50 training error:  tensor(0.0186, device='cuda:0', grad_fn=<DivBackward0>)
Memory status after this epoch: 
Memory allocated:  1.04931640625
Memory cached:  6.0
	 epoch  60 training error:  tensor(0.0162, device='cuda:0', grad_fn=<DivBackward0>)
Memory status after this epoch: 
Memory allocated:  1.04931640625
Memory cached:  6.0
	 epoch  70 training error:  tensor(0.0159, device='cuda:0', grad_fn=<DivBackward0>)
Memory status after this epoch: 
Memory allocated:  1.04931640625
Memory cached:  6.0
	 epoch  80 training error:  tensor(0.0158, device='cuda:0', grad_fn=<DivBackward0>)
Memory status after this epoch: 
Memory allocated:  1.04931640625
Memory cached:  6.0
	 epoch  90 training error:  tensor(0.0158, device='cuda:0', grad_fn=<DivBackward0>)
Memory status after this epoch: 
Memory allocated:  1.04931640625
Memory cached:  6.0
