[I 2023-11-09 21:46:53,455] Trial 3 finished with value: 0.06924089789390564 and parameters: {'W_layers': 8, 'W_layer_units_exponent_0': 8, 'W_layer_units_exponent_1': 8, 'W_layer_units_exponent_2': 6, 'W_layer_units_exponent_3': 5, 'W_layer_units_exponent_4': 7, 'W_layer_units_exponent_5': 7, 'W_layer_units_exponent_6': 10, 'W_layer_units_exponent_7': 8, 'D_layers': 5, 'D_layer_units_exponent_0': 6, 'D_layer_units_exponent_1': 8, 'D_layer_units_exponent_2': 6, 'D_layer_units_exponent_3': 4, 'D_layer_units_exponent_4': 4, 'D_dagger_layers': 7, 'D_dagger_layer_units_exponent_0': 4, 'D_dagger_layer_units_exponent_1': 10, 'D_dagger_layer_units_exponent_2': 4, 'D_dagger_layer_units_exponent_3': 5, 'D_dagger_layer_units_exponent_4': 5, 'D_dagger_layer_units_exponent_5': 7, 'D_dagger_layer_units_exponent_6': 7, 'log_learning_rate': -4.416923581649058, 'log_learning_rate_D': -1.2316168031575758, 'log_learning_rate_D_dagger': -2.0121335235184867, 'training_batch_size': 12, 'training_p': 4}. Best is trial 1 with value: 0.04644765704870224.
Time for this trial:  242.2323727607727
Memory status after this trial: 
Memory allocated:  216.18603515625
Memory cached:  222.0
--------------------  Trial  4   --------------------
Start timing: 
Parameters: 
{'W_layers': 2, 'W_layer_units_exponent_0': 8, 'W_layer_units_exponent_1': 7, 'D_layers': 8, 'D_layer_units_exponent_0': 4, 'D_layer_units_exponent_1': 4, 'D_layer_units_exponent_2': 10, 'D_layer_units_exponent_3': 4, 'D_layer_units_exponent_4': 6, 'D_layer_units_exponent_5': 10, 'D_layer_units_exponent_6': 10, 'D_layer_units_exponent_7': 6, 'D_dagger_layers': 5, 'D_dagger_layer_units_exponent_0': 10, 'D_dagger_layer_units_exponent_1': 7, 'D_dagger_layer_units_exponent_2': 10, 'D_dagger_layer_units_exponent_3': 9, 'D_dagger_layer_units_exponent_4': 7, 'log_learning_rate': -2.861718803020591, 'log_learning_rate_D': -3.2112935762811325, 'log_learning_rate_D_dagger': -1.9141200628256363, 'training_batch_size': 9, 'training_p': 4}
	 epoch  0 training error:  tensor(1.2645, device='cuda:0', grad_fn=<DivBackward0>)
Memory status after this epoch: 
Memory allocated:  32.28759765625
Memory cached:  176.0
	 epoch  10 training error:  tensor(0.4061, device='cuda:0', grad_fn=<DivBackward0>)
Memory status after this epoch: 
Memory allocated:  32.28759765625
Memory cached:  316.0
	 epoch  20 training error:  tensor(0.1355, device='cuda:0', grad_fn=<DivBackward0>)
Memory status after this epoch: 
Memory allocated:  32.28759765625
Memory cached:  310.0
	 epoch  30 training error:  tensor(0.1297, device='cuda:0', grad_fn=<DivBackward0>)
Memory status after this epoch: 
Memory allocated:  32.28759765625
Memory cached:  304.0
	 epoch  40 training error:  tensor(0.1282, device='cuda:0', grad_fn=<DivBackward0>)
Memory status after this epoch: 
Memory allocated:  32.28759765625
Memory cached:  302.0
	 epoch  50 training error:  tensor(0.1168, device='cuda:0', grad_fn=<DivBackward0>)
Memory status after this epoch: 
Memory allocated:  32.28759765625
Memory cached:  322.0
	 epoch  60 training error:  tensor(0.1111, device='cuda:0', grad_fn=<DivBackward0>)
Memory status after this epoch: 
Memory allocated:  32.28759765625
Memory cached:  318.0
	 epoch  70 training error:  tensor(0.1114, device='cuda:0', grad_fn=<DivBackward0>)
Memory status after this epoch: 
Memory allocated:  32.28759765625
Memory cached:  302.0
	 epoch  80 training error:  tensor(0.1109, device='cuda:0', grad_fn=<DivBackward0>)
Memory status after this epoch: 
Memory allocated:  32.28759765625
Memory cached:  310.0
[W 2023-11-09 21:50:02,619] Trial 4 failed with parameters: {'W_layers': 2, 'W_layer_units_exponent_0': 8, 'W_layer_units_exponent_1': 7, 'D_layers': 8, 'D_layer_units_exponent_0': 4, 'D_layer_units_exponent_1': 4, 'D_layer_units_exponent_2': 10, 'D_layer_units_exponent_3': 4, 'D_layer_units_exponent_4': 6, 'D_layer_units_exponent_5': 10, 'D_layer_units_exponent_6': 10, 'D_layer_units_exponent_7': 6, 'D_dagger_layers': 5, 'D_dagger_layer_units_exponent_0': 10, 'D_dagger_layer_units_exponent_1': 7, 'D_dagger_layer_units_exponent_2': 10, 'D_dagger_layer_units_exponent_3': 9, 'D_dagger_layer_units_exponent_4': 7, 'log_learning_rate': -2.861718803020591, 'log_learning_rate_D': -3.2112935762811325, 'log_learning_rate_D_dagger': -1.9141200628256363, 'training_batch_size': 9, 'training_p': 4} because of the following error: KeyboardInterrupt().
Traceback (most recent call last):
  File "/home/shengduo/anaconda3/lib/python3.9/site-packages/optuna/study/_optimize.py", line 200, in _run_trial
    value_or_values = func(trial)
  File "/home/shengduo/RateAndStateWithPotential/TuneDimXi_logV_WDsep.py", line 386, in objective
    for i in range(params['training_epochs']):
  File "/home/shengduo/RateAndStateWithPotential/TuneDimXi_logV_WDsep.py", line 238, in train1Epoch
    loss.backward()
  File "/home/shengduo/anaconda3/lib/python3.9/site-packages/torch/_tensor.py", line 396, in backward
    torch.autograd.backward(self, gradient, retain_graph, create_graph, inputs=inputs)
  File "/home/shengduo/anaconda3/lib/python3.9/site-packages/torch/autograd/__init__.py", line 173, in backward
    Variable._execution_engine.run_backward(  # Calls into the C++ engine to run the backward pass
KeyboardInterrupt
[W 2023-11-09 21:50:02,625] Trial 4 failed with value None.
Traceback (most recent call last):
  File "/home/shengduo/RateAndStateWithPotential/TuneDimXi_logV_WDsep.py", line 431, in <module>
    for dim_xi in dim_xis:
  File "/home/shengduo/anaconda3/lib/python3.9/site-packages/optuna/study/study.py", line 442, in optimize
    _optimize(
  File "/home/shengduo/anaconda3/lib/python3.9/site-packages/optuna/study/_optimize.py", line 66, in _optimize
    _optimize_sequential(
  File "/home/shengduo/anaconda3/lib/python3.9/site-packages/optuna/study/_optimize.py", line 163, in _optimize_sequential
    frozen_trial = _run_trial(study, func, catch)
  File "/home/shengduo/anaconda3/lib/python3.9/site-packages/optuna/study/_optimize.py", line 251, in _run_trial
    raise func_err
  File "/home/shengduo/anaconda3/lib/python3.9/site-packages/optuna/study/_optimize.py", line 200, in _run_trial
    value_or_values = func(trial)
  File "/home/shengduo/RateAndStateWithPotential/TuneDimXi_logV_WDsep.py", line 386, in objective
    for i in range(params['training_epochs']):
  File "/home/shengduo/RateAndStateWithPotential/TuneDimXi_logV_WDsep.py", line 238, in train1Epoch
    loss.backward()
  File "/home/shengduo/anaconda3/lib/python3.9/site-packages/torch/_tensor.py", line 396, in backward
    torch.autograd.backward(self, gradient, retain_graph, create_graph, inputs=inputs)
  File "/home/shengduo/anaconda3/lib/python3.9/site-packages/torch/autograd/__init__.py", line 173, in backward
    Variable._execution_engine.run_backward(  # Calls into the C++ engine to run the backward pass
KeyboardInterrupt
