[I 2023-11-09 22:22:17,110] Trial 41 finished with value: 0.06181849166750908 and parameters: {'W_layers': 3, 'W_layer_units_exponent_0': 5, 'W_layer_units_exponent_1': 8, 'W_layer_units_exponent_2': 4, 'D_layers': 6, 'D_layer_units_exponent_0': 10, 'D_layer_units_exponent_1': 10, 'D_layer_units_exponent_2': 6, 'D_layer_units_exponent_3': 4, 'D_layer_units_exponent_4': 7, 'D_layer_units_exponent_5': 8, 'D_dagger_layers': 4, 'D_dagger_layer_units_exponent_0': 9, 'D_dagger_layer_units_exponent_1': 5, 'D_dagger_layer_units_exponent_2': 4, 'D_dagger_layer_units_exponent_3': 10, 'log_learning_rate': -3.144327635688556, 'log_learning_rate_D': -4.520414047815571, 'log_learning_rate_D_dagger': -3.0858363160055946, 'training_batch_size': 8, 'training_p': 2}. Best is trial 11 with value: 0.06177457049489021.
Time for this trial:  16.396270751953125
Memory status after this trial: 
Memory allocated:  103.1259765625
Memory cached:  124.0
--------------------  Trial  42   --------------------
Start timing: 
Parameters: 
{'W_layers': 3, 'W_layer_units_exponent_0': 5, 'W_layer_units_exponent_1': 8, 'W_layer_units_exponent_2': 4, 'D_layers': 6, 'D_layer_units_exponent_0': 10, 'D_layer_units_exponent_1': 10, 'D_layer_units_exponent_2': 6, 'D_layer_units_exponent_3': 4, 'D_layer_units_exponent_4': 7, 'D_layer_units_exponent_5': 8, 'D_dagger_layers': 4, 'D_dagger_layer_units_exponent_0': 9, 'D_dagger_layer_units_exponent_1': 5, 'D_dagger_layer_units_exponent_2': 5, 'D_dagger_layer_units_exponent_3': 10, 'log_learning_rate': -3.226256582946328, 'log_learning_rate_D': -4.989753130494959, 'log_learning_rate_D_dagger': -2.9935382994450372, 'training_batch_size': 8, 'training_p': 2}
	 epoch  0 training error:  tensor(1.0611, device='cuda:0', grad_fn=<DivBackward0>)
Memory status after this epoch: 
Memory allocated:  5.572265625
Memory cached:  24.0
	 epoch  10 training error:  tensor(0.2091, device='cuda:0', grad_fn=<DivBackward0>)
Memory status after this epoch: 
Memory allocated:  5.572265625
Memory cached:  26.0
	 epoch  20 training error:  tensor(0.0936, device='cuda:0', grad_fn=<DivBackward0>)
Memory status after this epoch: 
Memory allocated:  5.572265625
Memory cached:  26.0
	 epoch  30 training error:  tensor(0.0979, device='cuda:0', grad_fn=<DivBackward0>)
Memory status after this epoch: 
Memory allocated:  5.572265625
Memory cached:  26.0
	 epoch  40 training error:  tensor(0.0809, device='cuda:0', grad_fn=<DivBackward0>)
Memory status after this epoch: 
Memory allocated:  5.572265625
Memory cached:  26.0
	 epoch  50 training error:  tensor(0.0709, device='cuda:0', grad_fn=<DivBackward0>)
Memory status after this epoch: 
Memory allocated:  5.572265625
Memory cached:  26.0
	 epoch  60 training error:  tensor(0.0705, device='cuda:0', grad_fn=<DivBackward0>)
Memory status after this epoch: 
Memory allocated:  5.572265625
Memory cached:  26.0
	 epoch  70 training error:  tensor(0.0686, device='cuda:0', grad_fn=<DivBackward0>)
Memory status after this epoch: 
Memory allocated:  5.572265625
Memory cached:  26.0
	 epoch  80 training error:  tensor(0.0671, device='cuda:0', grad_fn=<DivBackward0>)
Memory status after this epoch: 
Memory allocated:  5.572265625
Memory cached:  26.0
	 epoch  90 training error:  tensor(0.0660, device='cuda:0', grad_fn=<DivBackward0>)
Memory status after this epoch: 
Memory allocated:  5.572265625
Memory cached:  26.0
[I 2023-11-09 22:22:34,000] Trial 42 finished with value: 0.06457243114709854 and parameters: {'W_layers': 3, 'W_layer_units_exponent_0': 5, 'W_layer_units_exponent_1': 8, 'W_layer_units_exponent_2': 4, 'D_layers': 6, 'D_layer_units_exponent_0': 10, 'D_layer_units_exponent_1': 10, 'D_layer_units_exponent_2': 6, 'D_layer_units_exponent_3': 4, 'D_layer_units_exponent_4': 7, 'D_layer_units_exponent_5': 8, 'D_dagger_layers': 4, 'D_dagger_layer_units_exponent_0': 9, 'D_dagger_layer_units_exponent_1': 5, 'D_dagger_layer_units_exponent_2': 5, 'D_dagger_layer_units_exponent_3': 10, 'log_learning_rate': -3.226256582946328, 'log_learning_rate_D': -4.989753130494959, 'log_learning_rate_D_dagger': -2.9935382994450372, 'training_batch_size': 8, 'training_p': 2}. Best is trial 11 with value: 0.06177457049489021.
Time for this trial:  16.644853830337524
Memory status after this trial: 
Memory allocated:  104.109375
Memory cached:  122.0
--------------------  Trial  43   --------------------
Start timing: 
Parameters: 
{'W_layers': 2, 'W_layer_units_exponent_0': 5, 'W_layer_units_exponent_1': 9, 'D_layers': 6, 'D_layer_units_exponent_0': 10, 'D_layer_units_exponent_1': 10, 'D_layer_units_exponent_2': 5, 'D_layer_units_exponent_3': 5, 'D_layer_units_exponent_4': 8, 'D_layer_units_exponent_5': 8, 'D_dagger_layers': 3, 'D_dagger_layer_units_exponent_0': 10, 'D_dagger_layer_units_exponent_1': 5, 'D_dagger_layer_units_exponent_2': 4, 'log_learning_rate': -3.2227953142942987, 'log_learning_rate_D': -4.574791857945567, 'log_learning_rate_D_dagger': -2.7501749560812017, 'training_batch_size': 7, 'training_p': 2}
	 epoch  0 training error:  tensor(0.7707, device='cuda:0', grad_fn=<DivBackward0>)
Memory status after this epoch: 
Memory allocated:  5.39501953125
Memory cached:  26.0
	 epoch  10 training error:  tensor(0.1991, device='cuda:0', grad_fn=<DivBackward0>)
Memory status after this epoch: 
Memory allocated:  5.39501953125
Memory cached:  28.0
	 epoch  20 training error:  tensor(0.1886, device='cuda:0', grad_fn=<DivBackward0>)
Memory status after this epoch: 
Memory allocated:  5.39501953125
Memory cached:  28.0
	 epoch  30 training error:  tensor(0.1059, device='cuda:0', grad_fn=<DivBackward0>)
Memory status after this epoch: 
Memory allocated:  5.39501953125
Memory cached:  28.0
	 epoch  40 training error:  tensor(0.0900, device='cuda:0', grad_fn=<DivBackward0>)
Memory status after this epoch: 
Memory allocated:  5.39501953125
Memory cached:  28.0
	 epoch  50 training error:  tensor(0.0820, device='cuda:0', grad_fn=<DivBackward0>)
Memory status after this epoch: 
Memory allocated:  5.39501953125
Memory cached:  28.0
	 epoch  60 training error:  tensor(0.0738, device='cuda:0', grad_fn=<DivBackward0>)
Memory status after this epoch: 
Memory allocated:  5.39501953125
Memory cached:  28.0
	 epoch  70 training error:  tensor(0.0698, device='cuda:0', grad_fn=<DivBackward0>)
Memory status after this epoch: 
Memory allocated:  5.39501953125
Memory cached:  28.0
	 epoch  80 training error:  tensor(0.0681, device='cuda:0', grad_fn=<DivBackward0>)
Memory status after this epoch: 
Memory allocated:  5.39501953125
Memory cached:  28.0
	 epoch  90 training error:  tensor(0.0658, device='cuda:0', grad_fn=<DivBackward0>)
Memory status after this epoch: 
Memory allocated:  5.39501953125
Memory cached:  28.0
[I 2023-11-09 22:22:49,622] Trial 43 finished with value: 0.06444447487592697 and parameters: {'W_layers': 2, 'W_layer_units_exponent_0': 5, 'W_layer_units_exponent_1': 9, 'D_layers': 6, 'D_layer_units_exponent_0': 10, 'D_layer_units_exponent_1': 10, 'D_layer_units_exponent_2': 5, 'D_layer_units_exponent_3': 5, 'D_layer_units_exponent_4': 8, 'D_layer_units_exponent_5': 8, 'D_dagger_layers': 3, 'D_dagger_layer_units_exponent_0': 10, 'D_dagger_layer_units_exponent_1': 5, 'D_dagger_layer_units_exponent_2': 4, 'log_learning_rate': -3.2227953142942987, 'log_learning_rate_D': -4.574791857945567, 'log_learning_rate_D_dagger': -2.7501749560812017, 'training_batch_size': 7, 'training_p': 2}. Best is trial 11 with value: 0.06177457049489021.
Time for this trial:  15.385931015014648
Memory status after this trial: 
Memory allocated:  88.1591796875
Memory cached:  106.0
--------------------  Trial  44   --------------------
Start timing: 
Parameters: 
{'W_layers': 3, 'W_layer_units_exponent_0': 4, 'W_layer_units_exponent_1': 8, 'W_layer_units_exponent_2': 4, 'D_layers': 7, 'D_layer_units_exponent_0': 10, 'D_layer_units_exponent_1': 10, 'D_layer_units_exponent_2': 5, 'D_layer_units_exponent_3': 5, 'D_layer_units_exponent_4': 7, 'D_layer_units_exponent_5': 9, 'D_layer_units_exponent_6': 10, 'D_dagger_layers': 5, 'D_dagger_layer_units_exponent_0': 9, 'D_dagger_layer_units_exponent_1': 4, 'D_dagger_layer_units_exponent_2': 5, 'D_dagger_layer_units_exponent_3': 10, 'D_dagger_layer_units_exponent_4': 8, 'log_learning_rate': -2.991832207941817, 'log_learning_rate_D': -4.260745727980656, 'log_learning_rate_D_dagger': -3.189505673521152, 'training_batch_size': 8, 'training_p': 2}
	 epoch  0 training error:  tensor(2.5824, device='cuda:0', grad_fn=<DivBackward0>)
Memory status after this epoch: 
Memory allocated:  11.384765625
Memory cached:  26.0
	 epoch  10 training error:  tensor(0.3820, device='cuda:0', grad_fn=<DivBackward0>)
Memory status after this epoch: 
Memory allocated:  11.384765625
Memory cached:  28.0
	 epoch  20 training error:  tensor(0.2119, device='cuda:0', grad_fn=<DivBackward0>)
Memory status after this epoch: 
Memory allocated:  11.384765625
Memory cached:  28.0
	 epoch  30 training error:  tensor(0.1346, device='cuda:0', grad_fn=<DivBackward0>)
Memory status after this epoch: 
Memory allocated:  11.384765625
Memory cached:  28.0
	 epoch  40 training error:  tensor(0.0745, device='cuda:0', grad_fn=<DivBackward0>)
Memory status after this epoch: 
Memory allocated:  11.384765625
Memory cached:  28.0
	 epoch  50 training error:  tensor(0.0749, device='cuda:0', grad_fn=<DivBackward0>)
Memory status after this epoch: 
Memory allocated:  11.384765625
Memory cached:  28.0
	 epoch  60 training error:  tensor(0.0753, device='cuda:0', grad_fn=<DivBackward0>)
Memory status after this epoch: 
Memory allocated:  11.384765625
Memory cached:  28.0
	 epoch  70 training error:  tensor(0.0766, device='cuda:0', grad_fn=<DivBackward0>)
Memory status after this epoch: 
Memory allocated:  11.384765625
Memory cached:  28.0
	 epoch  80 training error:  tensor(0.0665, device='cuda:0', grad_fn=<DivBackward0>)
Memory status after this epoch: 
Memory allocated:  11.384765625
Memory cached:  28.0
	 epoch  90 training error:  tensor(0.0730, device='cuda:0', grad_fn=<DivBackward0>)
Memory status after this epoch: 
Memory allocated:  11.384765625
Memory cached:  28.0
[I 2023-11-09 22:23:06,808] Trial 44 finished with value: 0.06468735635280609 and parameters: {'W_layers': 3, 'W_layer_units_exponent_0': 4, 'W_layer_units_exponent_1': 8, 'W_layer_units_exponent_2': 4, 'D_layers': 7, 'D_layer_units_exponent_0': 10, 'D_layer_units_exponent_1': 10, 'D_layer_units_exponent_2': 5, 'D_layer_units_exponent_3': 5, 'D_layer_units_exponent_4': 7, 'D_layer_units_exponent_5': 9, 'D_layer_units_exponent_6': 10, 'D_dagger_layers': 5, 'D_dagger_layer_units_exponent_0': 9, 'D_dagger_layer_units_exponent_1': 4, 'D_dagger_layer_units_exponent_2': 5, 'D_dagger_layer_units_exponent_3': 10, 'D_dagger_layer_units_exponent_4': 8, 'log_learning_rate': -2.991832207941817, 'log_learning_rate_D': -4.260745727980656, 'log_learning_rate_D_dagger': -3.189505673521152, 'training_batch_size': 8, 'training_p': 2}. Best is trial 11 with value: 0.06177457049489021.
Time for this trial:  16.922298431396484
Memory status after this trial: 
Memory allocated:  118.392578125
Memory cached:  144.0
--------------------  Trial  45   --------------------
Start timing: 
Parameters: 
{'W_layers': 4, 'W_layer_units_exponent_0': 5, 'W_layer_units_exponent_1': 10, 'W_layer_units_exponent_2': 5, 'W_layer_units_exponent_3': 7, 'D_layers': 6, 'D_layer_units_exponent_0': 10, 'D_layer_units_exponent_1': 10, 'D_layer_units_exponent_2': 6, 'D_layer_units_exponent_3': 4, 'D_layer_units_exponent_4': 7, 'D_layer_units_exponent_5': 9, 'D_dagger_layers': 4, 'D_dagger_layer_units_exponent_0': 9, 'D_dagger_layer_units_exponent_1': 5, 'D_dagger_layer_units_exponent_2': 4, 'D_dagger_layer_units_exponent_3': 9, 'log_learning_rate': -3.698730238334278, 'log_learning_rate_D': -4.675441365689487, 'log_learning_rate_D_dagger': -3.40048589395275, 'training_batch_size': 8, 'training_p': 2}
	 epoch  0 training error:  tensor(1.0681, device='cuda:0', grad_fn=<DivBackward0>)
Memory status after this epoch: 
Memory allocated:  6.189453125
Memory cached:  28.0
	 epoch  10 training error:  tensor(0.2492, device='cuda:0', grad_fn=<DivBackward0>)
Memory status after this epoch: 
Memory allocated:  6.189453125
Memory cached:  30.0
	 epoch  20 training error:  tensor(0.0784, device='cuda:0', grad_fn=<DivBackward0>)
Memory status after this epoch: 
Memory allocated:  6.189453125
Memory cached:  30.0
	 epoch  30 training error:  tensor(0.0956, device='cuda:0', grad_fn=<DivBackward0>)
Memory status after this epoch: 
Memory allocated:  6.189453125
Memory cached:  30.0
	 epoch  40 training error:  tensor(0.0810, device='cuda:0', grad_fn=<DivBackward0>)
Memory status after this epoch: 
Memory allocated:  6.189453125
Memory cached:  30.0
	 epoch  50 training error:  tensor(0.0747, device='cuda:0', grad_fn=<DivBackward0>)
Memory status after this epoch: 
Memory allocated:  6.189453125
Memory cached:  30.0
	 epoch  60 training error:  tensor(0.0696, device='cuda:0', grad_fn=<DivBackward0>)
Memory status after this epoch: 
Memory allocated:  6.189453125
Memory cached:  30.0
	 epoch  70 training error:  tensor(0.0675, device='cuda:0', grad_fn=<DivBackward0>)
Memory status after this epoch: 
Memory allocated:  6.189453125
Memory cached:  30.0
	 epoch  80 training error:  tensor(0.0656, device='cuda:0', grad_fn=<DivBackward0>)
Memory status after this epoch: 
Memory allocated:  6.189453125
Memory cached:  30.0
	 epoch  90 training error:  tensor(0.0640, device='cuda:0', grad_fn=<DivBackward0>)
Memory status after this epoch: 
Memory allocated:  6.189453125
Memory cached:  30.0
[I 2023-11-09 22:23:24,074] Trial 45 finished with value: 0.0628405436873436 and parameters: {'W_layers': 4, 'W_layer_units_exponent_0': 5, 'W_layer_units_exponent_1': 10, 'W_layer_units_exponent_2': 5, 'W_layer_units_exponent_3': 7, 'D_layers': 6, 'D_layer_units_exponent_0': 10, 'D_layer_units_exponent_1': 10, 'D_layer_units_exponent_2': 6, 'D_layer_units_exponent_3': 4, 'D_layer_units_exponent_4': 7, 'D_layer_units_exponent_5': 9, 'D_dagger_layers': 4, 'D_dagger_layer_units_exponent_0': 9, 'D_dagger_layer_units_exponent_1': 5, 'D_dagger_layer_units_exponent_2': 4, 'D_dagger_layer_units_exponent_3': 9, 'log_learning_rate': -3.698730238334278, 'log_learning_rate_D': -4.675441365689487, 'log_learning_rate_D_dagger': -3.40048589395275, 'training_batch_size': 8, 'training_p': 2}. Best is trial 11 with value: 0.06177457049489021.
Time for this trial:  17.03041958808899
Memory status after this trial: 
Memory allocated:  125.7060546875
Memory cached:  148.0
--------------------  Trial  46   --------------------
Start timing: 
Parameters: 
{'W_layers': 4, 'W_layer_units_exponent_0': 5, 'W_layer_units_exponent_1': 10, 'W_layer_units_exponent_2': 4, 'W_layer_units_exponent_3': 7, 'D_layers': 7, 'D_layer_units_exponent_0': 10, 'D_layer_units_exponent_1': 10, 'D_layer_units_exponent_2': 6, 'D_layer_units_exponent_3': 4, 'D_layer_units_exponent_4': 8, 'D_layer_units_exponent_5': 9, 'D_layer_units_exponent_6': 7, 'D_dagger_layers': 4, 'D_dagger_layer_units_exponent_0': 10, 'D_dagger_layer_units_exponent_1': 5, 'D_dagger_layer_units_exponent_2': 4, 'D_dagger_layer_units_exponent_3': 10, 'log_learning_rate': -3.7816243514963004, 'log_learning_rate_D': -4.706138449292963, 'log_learning_rate_D_dagger': -3.4125767332479926, 'training_batch_size': 8, 'training_p': 2}
	 epoch  0 training error:  tensor(1.1203, device='cuda:0', grad_fn=<DivBackward0>)
Memory status after this epoch: 
Memory allocated:  6.82177734375
Memory cached:  24.0
	 epoch  10 training error:  tensor(0.2323, device='cuda:0', grad_fn=<DivBackward0>)
Memory status after this epoch: 
Memory allocated:  6.82177734375
Memory cached:  26.0
	 epoch  20 training error:  tensor(0.1178, device='cuda:0', grad_fn=<DivBackward0>)
Memory status after this epoch: 
Memory allocated:  6.82177734375
Memory cached:  26.0
	 epoch  30 training error:  tensor(0.0839, device='cuda:0', grad_fn=<DivBackward0>)
Memory status after this epoch: 
Memory allocated:  6.82177734375
Memory cached:  26.0
	 epoch  40 training error:  tensor(0.0771, device='cuda:0', grad_fn=<DivBackward0>)
Memory status after this epoch: 
Memory allocated:  6.82177734375
Memory cached:  26.0
	 epoch  50 training error:  tensor(0.0713, device='cuda:0', grad_fn=<DivBackward0>)
Memory status after this epoch: 
Memory allocated:  6.82177734375
Memory cached:  26.0
	 epoch  60 training error:  tensor(0.0684, device='cuda:0', grad_fn=<DivBackward0>)
Memory status after this epoch: 
Memory allocated:  6.82177734375
Memory cached:  26.0
	 epoch  70 training error:  tensor(0.0655, device='cuda:0', grad_fn=<DivBackward0>)
Memory status after this epoch: 
Memory allocated:  6.82177734375
Memory cached:  26.0
	 epoch  80 training error:  tensor(0.0630, device='cuda:0', grad_fn=<DivBackward0>)
Memory status after this epoch: 
Memory allocated:  6.82177734375
Memory cached:  26.0
	 epoch  90 training error:  tensor(0.0616, device='cuda:0', grad_fn=<DivBackward0>)
Memory status after this epoch: 
Memory allocated:  6.82177734375
Memory cached:  26.0
[I 2023-11-09 22:23:41,464] Trial 46 finished with value: 0.06255500018596649 and parameters: {'W_layers': 4, 'W_layer_units_exponent_0': 5, 'W_layer_units_exponent_1': 10, 'W_layer_units_exponent_2': 4, 'W_layer_units_exponent_3': 7, 'D_layers': 7, 'D_layer_units_exponent_0': 10, 'D_layer_units_exponent_1': 10, 'D_layer_units_exponent_2': 6, 'D_layer_units_exponent_3': 4, 'D_layer_units_exponent_4': 8, 'D_layer_units_exponent_5': 9, 'D_layer_units_exponent_6': 7, 'D_dagger_layers': 4, 'D_dagger_layer_units_exponent_0': 10, 'D_dagger_layer_units_exponent_1': 5, 'D_dagger_layer_units_exponent_2': 4, 'D_dagger_layer_units_exponent_3': 10, 'log_learning_rate': -3.7816243514963004, 'log_learning_rate_D': -4.706138449292963, 'log_learning_rate_D_dagger': -3.4125767332479926, 'training_batch_size': 8, 'training_p': 2}. Best is trial 11 with value: 0.06177457049489021.
Time for this trial:  17.14446258544922
Memory status after this trial: 
Memory allocated:  177.8203125
Memory cached:  224.0
--------------------  Trial  47   --------------------
Start timing: 
Parameters: 
{'W_layers': 3, 'W_layer_units_exponent_0': 5, 'W_layer_units_exponent_1': 10, 'W_layer_units_exponent_2': 4, 'D_layers': 8, 'D_layer_units_exponent_0': 10, 'D_layer_units_exponent_1': 10, 'D_layer_units_exponent_2': 6, 'D_layer_units_exponent_3': 5, 'D_layer_units_exponent_4': 9, 'D_layer_units_exponent_5': 8, 'D_layer_units_exponent_6': 7, 'D_layer_units_exponent_7': 5, 'D_dagger_layers': 5, 'D_dagger_layer_units_exponent_0': 10, 'D_dagger_layer_units_exponent_1': 4, 'D_dagger_layer_units_exponent_2': 4, 'D_dagger_layer_units_exponent_3': 10, 'D_dagger_layer_units_exponent_4': 7, 'log_learning_rate': -3.7527587493560057, 'log_learning_rate_D': -4.8244494834558775, 'log_learning_rate_D_dagger': -2.690492298115079, 'training_batch_size': 7, 'training_p': 2}
	 epoch  0 training error:  tensor(1.7262, device='cuda:0', grad_fn=<DivBackward0>)
Memory status after this epoch: 
Memory allocated:  8.46484375
Memory cached:  30.0
	 epoch  10 training error:  tensor(0.5644, device='cuda:0', grad_fn=<DivBackward0>)
Memory status after this epoch: 
Memory allocated:  8.46484375
Memory cached:  32.0
	 epoch  20 training error:  tensor(0.2571, device='cuda:0', grad_fn=<DivBackward0>)
Memory status after this epoch: 
Memory allocated:  8.46484375
Memory cached:  32.0
	 epoch  30 training error:  tensor(0.1377, device='cuda:0', grad_fn=<DivBackward0>)
Memory status after this epoch: 
Memory allocated:  8.46484375
Memory cached:  32.0
	 epoch  40 training error:  tensor(0.1255, device='cuda:0', grad_fn=<DivBackward0>)
Memory status after this epoch: 
Memory allocated:  8.46484375
Memory cached:  32.0
	 epoch  50 training error:  tensor(0.1248, device='cuda:0', grad_fn=<DivBackward0>)
Memory status after this epoch: 
Memory allocated:  8.46484375
Memory cached:  32.0
	 epoch  60 training error:  tensor(0.1179, device='cuda:0', grad_fn=<DivBackward0>)
Memory status after this epoch: 
Memory allocated:  8.46484375
Memory cached:  32.0
	 epoch  70 training error:  tensor(0.1187, device='cuda:0', grad_fn=<DivBackward0>)
Memory status after this epoch: 
Memory allocated:  8.46484375
Memory cached:  32.0
	 epoch  80 training error:  tensor(0.1183, device='cuda:0', grad_fn=<DivBackward0>)
Memory status after this epoch: 
Memory allocated:  8.46484375
Memory cached:  32.0
	 epoch  90 training error:  tensor(0.1180, device='cuda:0', grad_fn=<DivBackward0>)
Memory status after this epoch: 
Memory allocated:  8.46484375
Memory cached:  32.0
