[I 2023-11-06 17:19:54,772] Trial 44 finished with value: 0.02794426679611206 and parameters: {'W_layers': 8, 'W_layer_units_exponent_0': 6, 'W_layer_units_exponent_1': 5, 'W_layer_units_exponent_2': 5, 'W_layer_units_exponent_3': 8, 'W_layer_units_exponent_4': 6, 'W_layer_units_exponent_5': 4, 'W_layer_units_exponent_6': 4, 'W_layer_units_exponent_7': 6, 'D_layers': 2, 'D_layer_units_exponent_0': 9, 'D_layer_units_exponent_1': 8, 'D_dagger_layers': 6, 'D_dagger_layer_units_exponent_0': 9, 'D_dagger_layer_units_exponent_1': 10, 'D_dagger_layer_units_exponent_2': 4, 'D_dagger_layer_units_exponent_3': 7, 'D_dagger_layer_units_exponent_4': 5, 'D_dagger_layer_units_exponent_5': 7, 'log_learning_rate': -3.2767886654790623, 'log_learning_rate_D': -3.8638014836084267, 'log_learning_rate_D_dagger': -4.3965827256385035, 'training_batch_size': 7, 'training_p': 6}. Best is trial 38 with value: 0.025585589930415154.
Time for this trial:  210.2506227493286
Memory status after this trial: 
Memory allocated:  174.91064453125
Memory cached:  206.0
--------------------  Trial  45   --------------------
Start timing: 
Parameters: 
{'W_layers': 6, 'W_layer_units_exponent_0': 6, 'W_layer_units_exponent_1': 6, 'W_layer_units_exponent_2': 5, 'W_layer_units_exponent_3': 8, 'W_layer_units_exponent_4': 6, 'W_layer_units_exponent_5': 4, 'D_layers': 2, 'D_layer_units_exponent_0': 9, 'D_layer_units_exponent_1': 7, 'D_dagger_layers': 6, 'D_dagger_layer_units_exponent_0': 10, 'D_dagger_layer_units_exponent_1': 10, 'D_dagger_layer_units_exponent_2': 4, 'D_dagger_layer_units_exponent_3': 7, 'D_dagger_layer_units_exponent_4': 5, 'D_dagger_layer_units_exponent_5': 7, 'log_learning_rate': -3.445906263657938, 'log_learning_rate_D': -3.447175315889106, 'log_learning_rate_D_dagger': -4.3834083321822535, 'training_batch_size': 7, 'training_p': 6}
	 epoch  0 training error:  tensor(0.9451, device='cuda:0', grad_fn=<DivBackward0>)
Memory status after this epoch: 
Memory allocated:  18.11279296875
Memory cached:  176.0
	 epoch  10 training error:  tensor(0.1159, device='cuda:0', grad_fn=<DivBackward0>)
Memory status after this epoch: 
Memory allocated:  18.11279296875
Memory cached:  258.0
	 epoch  20 training error:  tensor(0.0956, device='cuda:0', grad_fn=<DivBackward0>)
Memory status after this epoch: 
Memory allocated:  18.11279296875
Memory cached:  276.0
	 epoch  30 training error:  tensor(0.0586, device='cuda:0', grad_fn=<DivBackward0>)
Memory status after this epoch: 
Memory allocated:  18.11279296875
Memory cached:  272.0
	 epoch  40 training error:  tensor(0.0487, device='cuda:0', grad_fn=<DivBackward0>)
Memory status after this epoch: 
Memory allocated:  18.11279296875
Memory cached:  270.0
	 epoch  50 training error:  tensor(0.0384, device='cuda:0', grad_fn=<DivBackward0>)
Memory status after this epoch: 
Memory allocated:  18.11279296875
Memory cached:  266.0
	 epoch  60 training error:  tensor(0.0302, device='cuda:0', grad_fn=<DivBackward0>)
Memory status after this epoch: 
Memory allocated:  18.11279296875
Memory cached:  268.0
	 epoch  70 training error:  tensor(0.0280, device='cuda:0', grad_fn=<DivBackward0>)
Memory status after this epoch: 
Memory allocated:  18.11279296875
Memory cached:  262.0
	 epoch  80 training error:  tensor(0.0275, device='cuda:0', grad_fn=<DivBackward0>)
Memory status after this epoch: 
Memory allocated:  18.11279296875
Memory cached:  268.0
	 epoch  90 training error:  tensor(0.0269, device='cuda:0', grad_fn=<DivBackward0>)
Memory status after this epoch: 
Memory allocated:  18.11279296875
Memory cached:  262.0
[I 2023-11-06 17:23:13,368] Trial 45 finished with value: 0.0227485504001379 and parameters: {'W_layers': 6, 'W_layer_units_exponent_0': 6, 'W_layer_units_exponent_1': 6, 'W_layer_units_exponent_2': 5, 'W_layer_units_exponent_3': 8, 'W_layer_units_exponent_4': 6, 'W_layer_units_exponent_5': 4, 'D_layers': 2, 'D_layer_units_exponent_0': 9, 'D_layer_units_exponent_1': 7, 'D_dagger_layers': 6, 'D_dagger_layer_units_exponent_0': 10, 'D_dagger_layer_units_exponent_1': 10, 'D_dagger_layer_units_exponent_2': 4, 'D_dagger_layer_units_exponent_3': 7, 'D_dagger_layer_units_exponent_4': 5, 'D_dagger_layer_units_exponent_5': 7, 'log_learning_rate': -3.445906263657938, 'log_learning_rate_D': -3.447175315889106, 'log_learning_rate_D_dagger': -4.3834083321822535, 'training_batch_size': 7, 'training_p': 6}. Best is trial 45 with value: 0.0227485504001379.
Time for this trial:  198.2850785255432
Memory status after this trial: 
Memory allocated:  196.27001953125
Memory cached:  210.0
--------------------  Trial  46   --------------------
Start timing: 
Parameters: 
{'W_layers': 8, 'W_layer_units_exponent_0': 5, 'W_layer_units_exponent_1': 8, 'W_layer_units_exponent_2': 6, 'W_layer_units_exponent_3': 8, 'W_layer_units_exponent_4': 6, 'W_layer_units_exponent_5': 4, 'W_layer_units_exponent_6': 4, 'W_layer_units_exponent_7': 8, 'D_layers': 2, 'D_layer_units_exponent_0': 9, 'D_layer_units_exponent_1': 8, 'D_dagger_layers': 8, 'D_dagger_layer_units_exponent_0': 10, 'D_dagger_layer_units_exponent_1': 10, 'D_dagger_layer_units_exponent_2': 4, 'D_dagger_layer_units_exponent_3': 6, 'D_dagger_layer_units_exponent_4': 5, 'D_dagger_layer_units_exponent_5': 7, 'D_dagger_layer_units_exponent_6': 6, 'D_dagger_layer_units_exponent_7': 9, 'log_learning_rate': -3.4225095135672063, 'log_learning_rate_D': -3.8280409184847284, 'log_learning_rate_D_dagger': -4.471213995447874, 'training_batch_size': 8, 'training_p': 6}
	 epoch  0 training error:  tensor(0.9641, device='cuda:0', grad_fn=<DivBackward0>)
Memory status after this epoch: 
Memory allocated:  20.19091796875
Memory cached:  158.0
	 epoch  10 training error:  tensor(0.2324, device='cuda:0', grad_fn=<DivBackward0>)
Memory status after this epoch: 
Memory allocated:  20.19091796875
Memory cached:  282.0
	 epoch  20 training error:  tensor(0.1322, device='cuda:0', grad_fn=<DivBackward0>)
Memory status after this epoch: 
Memory allocated:  20.19091796875
Memory cached:  286.0
	 epoch  30 training error:  tensor(0.0772, device='cuda:0', grad_fn=<DivBackward0>)
Memory status after this epoch: 
Memory allocated:  20.19091796875
Memory cached:  294.0
	 epoch  40 training error:  tensor(0.0694, device='cuda:0', grad_fn=<DivBackward0>)
Memory status after this epoch: 
Memory allocated:  20.19091796875
Memory cached:  282.0
	 epoch  50 training error:  tensor(0.0662, device='cuda:0', grad_fn=<DivBackward0>)
Memory status after this epoch: 
Memory allocated:  20.19091796875
Memory cached:  288.0
	 epoch  60 training error:  tensor(0.0547, device='cuda:0', grad_fn=<DivBackward0>)
Memory status after this epoch: 
Memory allocated:  20.19091796875
Memory cached:  274.0
	 epoch  70 training error:  tensor(0.0475, device='cuda:0', grad_fn=<DivBackward0>)
Memory status after this epoch: 
Memory allocated:  20.19091796875
Memory cached:  292.0
	 epoch  80 training error:  tensor(0.0409, device='cuda:0', grad_fn=<DivBackward0>)
Memory status after this epoch: 
Memory allocated:  20.19091796875
Memory cached:  284.0
	 epoch  90 training error:  tensor(0.0349, device='cuda:0', grad_fn=<DivBackward0>)
Memory status after this epoch: 
Memory allocated:  20.19091796875
Memory cached:  288.0
[I 2023-11-06 17:27:08,567] Trial 46 finished with value: 0.02756159007549286 and parameters: {'W_layers': 8, 'W_layer_units_exponent_0': 5, 'W_layer_units_exponent_1': 8, 'W_layer_units_exponent_2': 6, 'W_layer_units_exponent_3': 8, 'W_layer_units_exponent_4': 6, 'W_layer_units_exponent_5': 4, 'W_layer_units_exponent_6': 4, 'W_layer_units_exponent_7': 8, 'D_layers': 2, 'D_layer_units_exponent_0': 9, 'D_layer_units_exponent_1': 8, 'D_dagger_layers': 8, 'D_dagger_layer_units_exponent_0': 10, 'D_dagger_layer_units_exponent_1': 10, 'D_dagger_layer_units_exponent_2': 4, 'D_dagger_layer_units_exponent_3': 6, 'D_dagger_layer_units_exponent_4': 5, 'D_dagger_layer_units_exponent_5': 7, 'D_dagger_layer_units_exponent_6': 6, 'D_dagger_layer_units_exponent_7': 9, 'log_learning_rate': -3.4225095135672063, 'log_learning_rate_D': -3.8280409184847284, 'log_learning_rate_D_dagger': -4.471213995447874, 'training_batch_size': 8, 'training_p': 6}. Best is trial 45 with value: 0.0227485504001379.
Time for this trial:  234.8715341091156
Memory status after this trial: 
Memory allocated:  256.37158203125
Memory cached:  272.0
--------------------  Trial  47   --------------------
Start timing: 
Parameters: 
{'W_layers': 8, 'W_layer_units_exponent_0': 5, 'W_layer_units_exponent_1': 8, 'W_layer_units_exponent_2': 6, 'W_layer_units_exponent_3': 8, 'W_layer_units_exponent_4': 5, 'W_layer_units_exponent_5': 4, 'W_layer_units_exponent_6': 4, 'W_layer_units_exponent_7': 8, 'D_layers': 2, 'D_layer_units_exponent_0': 9, 'D_layer_units_exponent_1': 7, 'D_dagger_layers': 8, 'D_dagger_layer_units_exponent_0': 10, 'D_dagger_layer_units_exponent_1': 9, 'D_dagger_layer_units_exponent_2': 4, 'D_dagger_layer_units_exponent_3': 6, 'D_dagger_layer_units_exponent_4': 5, 'D_dagger_layer_units_exponent_5': 7, 'D_dagger_layer_units_exponent_6': 6, 'D_dagger_layer_units_exponent_7': 9, 'log_learning_rate': -3.2828531347857526, 'log_learning_rate_D': -3.9545077151197536, 'log_learning_rate_D_dagger': -4.368695449796817, 'training_batch_size': 8, 'training_p': 6}
	 epoch  0 training error:  tensor(1.0041, device='cuda:0', grad_fn=<DivBackward0>)
Memory status after this epoch: 
Memory allocated:  10.92138671875
Memory cached:  158.0
	 epoch  10 training error:  tensor(0.3844, device='cuda:0', grad_fn=<DivBackward0>)
Memory status after this epoch: 
Memory allocated:  10.92138671875
Memory cached:  290.0
	 epoch  20 training error:  tensor(0.0811, device='cuda:0', grad_fn=<DivBackward0>)
Memory status after this epoch: 
Memory allocated:  10.92138671875
Memory cached:  278.0
	 epoch  30 training error:  tensor(0.0709, device='cuda:0', grad_fn=<DivBackward0>)
Memory status after this epoch: 
Memory allocated:  10.92138671875
Memory cached:  276.0
	 epoch  40 training error:  tensor(0.0773, device='cuda:0', grad_fn=<DivBackward0>)
Memory status after this epoch: 
Memory allocated:  10.92138671875
Memory cached:  292.0
	 epoch  50 training error:  tensor(0.0622, device='cuda:0', grad_fn=<DivBackward0>)
Memory status after this epoch: 
Memory allocated:  10.92138671875
Memory cached:  280.0
	 epoch  60 training error:  tensor(0.0486, device='cuda:0', grad_fn=<DivBackward0>)
Memory status after this epoch: 
Memory allocated:  10.92138671875
Memory cached:  274.0
	 epoch  70 training error:  tensor(0.0426, device='cuda:0', grad_fn=<DivBackward0>)
Memory status after this epoch: 
Memory allocated:  10.92138671875
Memory cached:  280.0
	 epoch  80 training error:  tensor(0.0337, device='cuda:0', grad_fn=<DivBackward0>)
Memory status after this epoch: 
Memory allocated:  10.92138671875
Memory cached:  280.0
	 epoch  90 training error:  tensor(0.0340, device='cuda:0', grad_fn=<DivBackward0>)
Memory status after this epoch: 
Memory allocated:  10.92138671875
Memory cached:  284.0
[I 2023-11-06 17:30:59,586] Trial 47 finished with value: 0.02469603158533573 and parameters: {'W_layers': 8, 'W_layer_units_exponent_0': 5, 'W_layer_units_exponent_1': 8, 'W_layer_units_exponent_2': 6, 'W_layer_units_exponent_3': 8, 'W_layer_units_exponent_4': 5, 'W_layer_units_exponent_5': 4, 'W_layer_units_exponent_6': 4, 'W_layer_units_exponent_7': 8, 'D_layers': 2, 'D_layer_units_exponent_0': 9, 'D_layer_units_exponent_1': 7, 'D_dagger_layers': 8, 'D_dagger_layer_units_exponent_0': 10, 'D_dagger_layer_units_exponent_1': 9, 'D_dagger_layer_units_exponent_2': 4, 'D_dagger_layer_units_exponent_3': 6, 'D_dagger_layer_units_exponent_4': 5, 'D_dagger_layer_units_exponent_5': 7, 'D_dagger_layer_units_exponent_6': 6, 'D_dagger_layer_units_exponent_7': 9, 'log_learning_rate': -3.2828531347857526, 'log_learning_rate_D': -3.9545077151197536, 'log_learning_rate_D_dagger': -4.368695449796817, 'training_batch_size': 8, 'training_p': 6}. Best is trial 45 with value: 0.0227485504001379.
Time for this trial:  230.69334268569946
Memory status after this trial: 
Memory allocated:  215.91650390625
Memory cached:  234.0
--------------------  Trial  48   --------------------
Start timing: 
Parameters: 
{'W_layers': 8, 'W_layer_units_exponent_0': 4, 'W_layer_units_exponent_1': 8, 'W_layer_units_exponent_2': 8, 'W_layer_units_exponent_3': 8, 'W_layer_units_exponent_4': 5, 'W_layer_units_exponent_5': 4, 'W_layer_units_exponent_6': 4, 'W_layer_units_exponent_7': 8, 'D_layers': 3, 'D_layer_units_exponent_0': 10, 'D_layer_units_exponent_1': 6, 'D_layer_units_exponent_2': 10, 'D_dagger_layers': 8, 'D_dagger_layer_units_exponent_0': 10, 'D_dagger_layer_units_exponent_1': 8, 'D_dagger_layer_units_exponent_2': 4, 'D_dagger_layer_units_exponent_3': 5, 'D_dagger_layer_units_exponent_4': 6, 'D_dagger_layer_units_exponent_5': 8, 'D_dagger_layer_units_exponent_6': 6, 'D_dagger_layer_units_exponent_7': 9, 'log_learning_rate': -3.449763377698582, 'log_learning_rate_D': -4.570126496176975, 'log_learning_rate_D_dagger': -3.6165142514818402, 'training_batch_size': 8, 'training_p': 6}
	 epoch  0 training error:  tensor(1.0385, device='cuda:0', grad_fn=<DivBackward0>)
Memory status after this epoch: 
Memory allocated:  9.65380859375
Memory cached:  152.0
	 epoch  10 training error:  tensor(0.1225, device='cuda:0', grad_fn=<DivBackward0>)
Memory status after this epoch: 
Memory allocated:  9.65380859375
Memory cached:  282.0
	 epoch  20 training error:  tensor(0.0803, device='cuda:0', grad_fn=<DivBackward0>)
Memory status after this epoch: 
Memory allocated:  9.65380859375
Memory cached:  270.0
	 epoch  30 training error:  tensor(0.0759, device='cuda:0', grad_fn=<DivBackward0>)
Memory status after this epoch: 
Memory allocated:  9.65380859375
Memory cached:  272.0
	 epoch  40 training error:  tensor(0.0640, device='cuda:0', grad_fn=<DivBackward0>)
Memory status after this epoch: 
Memory allocated:  9.65380859375
Memory cached:  286.0
	 epoch  50 training error:  tensor(0.0542, device='cuda:0', grad_fn=<DivBackward0>)
Memory status after this epoch: 
Memory allocated:  9.65380859375
Memory cached:  296.0
	 epoch  60 training error:  tensor(0.0494, device='cuda:0', grad_fn=<DivBackward0>)
Memory status after this epoch: 
Memory allocated:  9.65380859375
Memory cached:  268.0
	 epoch  70 training error:  tensor(0.0488, device='cuda:0', grad_fn=<DivBackward0>)
Memory status after this epoch: 
Memory allocated:  9.65380859375
Memory cached:  270.0
	 epoch  80 training error:  tensor(0.0462, device='cuda:0', grad_fn=<DivBackward0>)
Memory status after this epoch: 
Memory allocated:  9.65380859375
Memory cached:  264.0
	 epoch  90 training error:  tensor(0.0473, device='cuda:0', grad_fn=<DivBackward0>)
Memory status after this epoch: 
Memory allocated:  9.65380859375
Memory cached:  276.0
[I 2023-11-06 17:35:03,133] Trial 48 finished with value: 0.038301777094602585 and parameters: {'W_layers': 8, 'W_layer_units_exponent_0': 4, 'W_layer_units_exponent_1': 8, 'W_layer_units_exponent_2': 8, 'W_layer_units_exponent_3': 8, 'W_layer_units_exponent_4': 5, 'W_layer_units_exponent_5': 4, 'W_layer_units_exponent_6': 4, 'W_layer_units_exponent_7': 8, 'D_layers': 3, 'D_layer_units_exponent_0': 10, 'D_layer_units_exponent_1': 6, 'D_layer_units_exponent_2': 10, 'D_dagger_layers': 8, 'D_dagger_layer_units_exponent_0': 10, 'D_dagger_layer_units_exponent_1': 8, 'D_dagger_layer_units_exponent_2': 4, 'D_dagger_layer_units_exponent_3': 5, 'D_dagger_layer_units_exponent_4': 6, 'D_dagger_layer_units_exponent_5': 8, 'D_dagger_layer_units_exponent_6': 6, 'D_dagger_layer_units_exponent_7': 9, 'log_learning_rate': -3.449763377698582, 'log_learning_rate_D': -4.570126496176975, 'log_learning_rate_D_dagger': -3.6165142514818402, 'training_batch_size': 8, 'training_p': 6}. Best is trial 45 with value: 0.0227485504001379.
Time for this trial:  243.1271996498108
Memory status after this trial: 
Memory allocated:  295.84423828125
Memory cached:  302.0
--------------------  Trial  49   --------------------
Start timing: 
Parameters: 
{'W_layers': 8, 'W_layer_units_exponent_0': 4, 'W_layer_units_exponent_1': 9, 'W_layer_units_exponent_2': 6, 'W_layer_units_exponent_3': 8, 'W_layer_units_exponent_4': 5, 'W_layer_units_exponent_5': 5, 'W_layer_units_exponent_6': 4, 'W_layer_units_exponent_7': 8, 'D_layers': 2, 'D_layer_units_exponent_0': 9, 'D_layer_units_exponent_1': 7, 'D_dagger_layers': 8, 'D_dagger_layer_units_exponent_0': 10, 'D_dagger_layer_units_exponent_1': 9, 'D_dagger_layer_units_exponent_2': 4, 'D_dagger_layer_units_exponent_3': 5, 'D_dagger_layer_units_exponent_4': 4, 'D_dagger_layer_units_exponent_5': 7, 'D_dagger_layer_units_exponent_6': 6, 'D_dagger_layer_units_exponent_7': 8, 'log_learning_rate': -3.260828767185348, 'log_learning_rate_D': -4.005928492023752, 'log_learning_rate_D_dagger': -3.9717633202334777, 'training_batch_size': 9, 'training_p': 5}
	 epoch  0 training error:  tensor(0.9747, device='cuda:0', grad_fn=<DivBackward0>)
Memory status after this epoch: 
Memory allocated:  10.86669921875
Memory cached:  160.0
	 epoch  10 training error:  tensor(0.1639, device='cuda:0', grad_fn=<DivBackward0>)
Memory status after this epoch: 
Memory allocated:  10.86669921875
Memory cached:  270.0
	 epoch  20 training error:  tensor(0.1240, device='cuda:0', grad_fn=<DivBackward0>)
Memory status after this epoch: 
Memory allocated:  10.86669921875
Memory cached:  274.0
	 epoch  30 training error:  tensor(0.0573, device='cuda:0', grad_fn=<DivBackward0>)
Memory status after this epoch: 
Memory allocated:  10.86669921875
Memory cached:  266.0
	 epoch  40 training error:  tensor(0.0620, device='cuda:0', grad_fn=<DivBackward0>)
Memory status after this epoch: 
Memory allocated:  10.86669921875
Memory cached:  266.0
	 epoch  50 training error:  tensor(0.0496, device='cuda:0', grad_fn=<DivBackward0>)
Memory status after this epoch: 
Memory allocated:  10.86669921875
Memory cached:  274.0
	 epoch  60 training error:  tensor(0.0455, device='cuda:0', grad_fn=<DivBackward0>)
Memory status after this epoch: 
Memory allocated:  10.86669921875
Memory cached:  282.0
	 epoch  70 training error:  tensor(0.0380, device='cuda:0', grad_fn=<DivBackward0>)
Memory status after this epoch: 
Memory allocated:  10.86669921875
Memory cached:  280.0
	 epoch  80 training error:  tensor(0.0289, device='cuda:0', grad_fn=<DivBackward0>)
Memory status after this epoch: 
Memory allocated:  10.86669921875
Memory cached:  274.0
	 epoch  90 training error:  tensor(0.0321, device='cuda:0', grad_fn=<DivBackward0>)
Memory status after this epoch: 
Memory allocated:  10.86669921875
Memory cached:  278.0
