[I 2023-11-08 01:09:43,357] Trial 43 finished with value: 0.018147040158510208 and parameters: {'W_layers': 2, 'W_layer_units_exponent_0': 9, 'W_layer_units_exponent_1': 5, 'D_layers': 7, 'D_layer_units_exponent_0': 5, 'D_layer_units_exponent_1': 6, 'D_layer_units_exponent_2': 6, 'D_layer_units_exponent_3': 6, 'D_layer_units_exponent_4': 4, 'D_layer_units_exponent_5': 9, 'D_layer_units_exponent_6': 5, 'D_dagger_layers': 3, 'D_dagger_layer_units_exponent_0': 4, 'D_dagger_layer_units_exponent_1': 6, 'D_dagger_layer_units_exponent_2': 9, 'log_learning_rate': -4.054862860815986, 'log_learning_rate_D': -3.133758725614939, 'log_learning_rate_D_dagger': -3.045448596259592, 'training_batch_size': 10, 'training_p': 2}. Best is trial 35 with value: 0.013339980505406857.
Time for this trial:  170.45762252807617
Memory status after this trial: 
Memory allocated:  104.1591796875
Memory cached:  128.0
--------------------  Trial  44   --------------------
Start timing: 
Parameters: 
{'W_layers': 3, 'W_layer_units_exponent_0': 10, 'W_layer_units_exponent_1': 6, 'W_layer_units_exponent_2': 6, 'D_layers': 8, 'D_layer_units_exponent_0': 4, 'D_layer_units_exponent_1': 7, 'D_layer_units_exponent_2': 4, 'D_layer_units_exponent_3': 5, 'D_layer_units_exponent_4': 6, 'D_layer_units_exponent_5': 9, 'D_layer_units_exponent_6': 5, 'D_layer_units_exponent_7': 7, 'D_dagger_layers': 2, 'D_dagger_layer_units_exponent_0': 5, 'D_dagger_layer_units_exponent_1': 5, 'log_learning_rate': -3.914322634745089, 'log_learning_rate_D': -1.7242403527220604, 'log_learning_rate_D_dagger': -3.2692472815119595, 'training_batch_size': 11, 'training_p': 3}
	 epoch  0 training error:  tensor(0.5372, device='cuda:0', grad_fn=<DivBackward0>)
Memory status after this epoch: 
Memory allocated:  2.24462890625
Memory cached:  118.0
	 epoch  10 training error:  tensor(0.1188, device='cuda:0', grad_fn=<DivBackward0>)
Memory status after this epoch: 
Memory allocated:  2.24462890625
Memory cached:  184.0
	 epoch  20 training error:  tensor(0.0633, device='cuda:0', grad_fn=<DivBackward0>)
Memory status after this epoch: 
Memory allocated:  2.24462890625
Memory cached:  172.0
	 epoch  30 training error:  tensor(0.0203, device='cuda:0', grad_fn=<DivBackward0>)
Memory status after this epoch: 
Memory allocated:  2.24462890625
Memory cached:  184.0
	 epoch  40 training error:  tensor(0.0239, device='cuda:0', grad_fn=<DivBackward0>)
Memory status after this epoch: 
Memory allocated:  2.24462890625
Memory cached:  176.0
	 epoch  50 training error:  tensor(0.0183, device='cuda:0', grad_fn=<DivBackward0>)
Memory status after this epoch: 
Memory allocated:  2.24462890625
Memory cached:  178.0
	 epoch  60 training error:  tensor(0.0188, device='cuda:0', grad_fn=<DivBackward0>)
Memory status after this epoch: 
Memory allocated:  2.24462890625
Memory cached:  174.0
	 epoch  70 training error:  tensor(0.0180, device='cuda:0', grad_fn=<DivBackward0>)
Memory status after this epoch: 
Memory allocated:  2.24462890625
Memory cached:  178.0
	 epoch  80 training error:  tensor(0.0180, device='cuda:0', grad_fn=<DivBackward0>)
Memory status after this epoch: 
Memory allocated:  2.24462890625
Memory cached:  168.0
	 epoch  90 training error:  tensor(0.0180, device='cuda:0', grad_fn=<DivBackward0>)
Memory status after this epoch: 
Memory allocated:  2.24462890625
Memory cached:  192.0
[I 2023-11-08 01:12:39,679] Trial 44 finished with value: 0.014347291551530361 and parameters: {'W_layers': 3, 'W_layer_units_exponent_0': 10, 'W_layer_units_exponent_1': 6, 'W_layer_units_exponent_2': 6, 'D_layers': 8, 'D_layer_units_exponent_0': 4, 'D_layer_units_exponent_1': 7, 'D_layer_units_exponent_2': 4, 'D_layer_units_exponent_3': 5, 'D_layer_units_exponent_4': 6, 'D_layer_units_exponent_5': 9, 'D_layer_units_exponent_6': 5, 'D_layer_units_exponent_7': 7, 'D_dagger_layers': 2, 'D_dagger_layer_units_exponent_0': 5, 'D_dagger_layer_units_exponent_1': 5, 'log_learning_rate': -3.914322634745089, 'log_learning_rate_D': -1.7242403527220604, 'log_learning_rate_D_dagger': -3.2692472815119595, 'training_batch_size': 11, 'training_p': 3}. Best is trial 35 with value: 0.013339980505406857.
Time for this trial:  176.0432572364807
Memory status after this trial: 
Memory allocated:  116.40185546875
Memory cached:  134.0
--------------------  Trial  45   --------------------
Start timing: 
Parameters: 
{'W_layers': 3, 'W_layer_units_exponent_0': 10, 'W_layer_units_exponent_1': 5, 'W_layer_units_exponent_2': 7, 'D_layers': 7, 'D_layer_units_exponent_0': 6, 'D_layer_units_exponent_1': 8, 'D_layer_units_exponent_2': 7, 'D_layer_units_exponent_3': 6, 'D_layer_units_exponent_4': 5, 'D_layer_units_exponent_5': 8, 'D_layer_units_exponent_6': 5, 'D_dagger_layers': 4, 'D_dagger_layer_units_exponent_0': 5, 'D_dagger_layer_units_exponent_1': 6, 'D_dagger_layer_units_exponent_2': 7, 'D_dagger_layer_units_exponent_3': 10, 'log_learning_rate': -4.475975205308496, 'log_learning_rate_D': -2.644800635264126, 'log_learning_rate_D_dagger': -2.8306939093700763, 'training_batch_size': 11, 'training_p': 2}
	 epoch  0 training error:  tensor(0.8825, device='cuda:0', grad_fn=<DivBackward0>)
Memory status after this epoch: 
Memory allocated:  4.15673828125
Memory cached:  114.0
	 epoch  10 training error:  tensor(0.0771, device='cuda:0', grad_fn=<DivBackward0>)
Memory status after this epoch: 
Memory allocated:  4.15673828125
Memory cached:  176.0
	 epoch  20 training error:  tensor(0.0247, device='cuda:0', grad_fn=<DivBackward0>)
Memory status after this epoch: 
Memory allocated:  4.15673828125
Memory cached:  174.0
	 epoch  30 training error:  tensor(0.0213, device='cuda:0', grad_fn=<DivBackward0>)
Memory status after this epoch: 
Memory allocated:  4.15673828125
Memory cached:  178.0
	 epoch  40 training error:  tensor(0.0172, device='cuda:0', grad_fn=<DivBackward0>)
Memory status after this epoch: 
Memory allocated:  4.15673828125
Memory cached:  166.0
	 epoch  50 training error:  tensor(0.0234, device='cuda:0', grad_fn=<DivBackward0>)
Memory status after this epoch: 
Memory allocated:  4.15673828125
Memory cached:  176.0
	 epoch  60 training error:  tensor(0.0168, device='cuda:0', grad_fn=<DivBackward0>)
Memory status after this epoch: 
Memory allocated:  4.15673828125
Memory cached:  178.0
	 epoch  70 training error:  tensor(0.0171, device='cuda:0', grad_fn=<DivBackward0>)
Memory status after this epoch: 
Memory allocated:  4.15673828125
Memory cached:  168.0
	 epoch  80 training error:  tensor(0.0273, device='cuda:0', grad_fn=<DivBackward0>)
Memory status after this epoch: 
Memory allocated:  4.15673828125
Memory cached:  176.0
	 epoch  90 training error:  tensor(0.0197, device='cuda:0', grad_fn=<DivBackward0>)
Memory status after this epoch: 
Memory allocated:  4.15673828125
Memory cached:  180.0
[I 2023-11-08 01:15:58,721] Trial 45 finished with value: 0.022578580304980278 and parameters: {'W_layers': 3, 'W_layer_units_exponent_0': 10, 'W_layer_units_exponent_1': 5, 'W_layer_units_exponent_2': 7, 'D_layers': 7, 'D_layer_units_exponent_0': 6, 'D_layer_units_exponent_1': 8, 'D_layer_units_exponent_2': 7, 'D_layer_units_exponent_3': 6, 'D_layer_units_exponent_4': 5, 'D_layer_units_exponent_5': 8, 'D_layer_units_exponent_6': 5, 'D_dagger_layers': 4, 'D_dagger_layer_units_exponent_0': 5, 'D_dagger_layer_units_exponent_1': 6, 'D_dagger_layer_units_exponent_2': 7, 'D_dagger_layer_units_exponent_3': 10, 'log_learning_rate': -4.475975205308496, 'log_learning_rate_D': -2.644800635264126, 'log_learning_rate_D_dagger': -2.8306939093700763, 'training_batch_size': 11, 'training_p': 2}. Best is trial 35 with value: 0.013339980505406857.
Time for this trial:  198.76720094680786
Memory status after this trial: 
Memory allocated:  176.88525390625
Memory cached:  180.0
--------------------  Trial  46   --------------------
Start timing: 
Parameters: 
{'W_layers': 2, 'W_layer_units_exponent_0': 8, 'W_layer_units_exponent_1': 6, 'D_layers': 8, 'D_layer_units_exponent_0': 5, 'D_layer_units_exponent_1': 8, 'D_layer_units_exponent_2': 6, 'D_layer_units_exponent_3': 7, 'D_layer_units_exponent_4': 4, 'D_layer_units_exponent_5': 6, 'D_layer_units_exponent_6': 7, 'D_layer_units_exponent_7': 8, 'D_dagger_layers': 3, 'D_dagger_layer_units_exponent_0': 6, 'D_dagger_layer_units_exponent_1': 6, 'D_dagger_layer_units_exponent_2': 8, 'log_learning_rate': -3.812196526336959, 'log_learning_rate_D': -2.234586575471643, 'log_learning_rate_D_dagger': -3.7256850411166784, 'training_batch_size': 12, 'training_p': 3}
	 epoch  0 training error:  tensor(1.2856, device='cuda:0', grad_fn=<DivBackward0>)
Memory status after this epoch: 
Memory allocated:  1.92041015625
Memory cached:  90.0
	 epoch  10 training error:  tensor(0.1249, device='cuda:0', grad_fn=<DivBackward0>)
Memory status after this epoch: 
Memory allocated:  1.92041015625
Memory cached:  140.0
	 epoch  20 training error:  tensor(0.1109, device='cuda:0', grad_fn=<DivBackward0>)
Memory status after this epoch: 
Memory allocated:  1.92041015625
Memory cached:  136.0
	 epoch  30 training error:  tensor(0.0345, device='cuda:0', grad_fn=<DivBackward0>)
Memory status after this epoch: 
Memory allocated:  1.92041015625
Memory cached:  156.0
	 epoch  40 training error:  tensor(0.0196, device='cuda:0', grad_fn=<DivBackward0>)
Memory status after this epoch: 
Memory allocated:  1.92041015625
Memory cached:  140.0
	 epoch  50 training error:  tensor(0.0193, device='cuda:0', grad_fn=<DivBackward0>)
Memory status after this epoch: 
Memory allocated:  1.92041015625
Memory cached:  138.0
	 epoch  60 training error:  tensor(0.0185, device='cuda:0', grad_fn=<DivBackward0>)
Memory status after this epoch: 
Memory allocated:  1.92041015625
Memory cached:  140.0
	 epoch  70 training error:  tensor(0.0178, device='cuda:0', grad_fn=<DivBackward0>)
Memory status after this epoch: 
Memory allocated:  1.92041015625
Memory cached:  136.0
	 epoch  80 training error:  tensor(0.0178, device='cuda:0', grad_fn=<DivBackward0>)
Memory status after this epoch: 
Memory allocated:  1.92041015625
Memory cached:  138.0
	 epoch  90 training error:  tensor(0.0178, device='cuda:0', grad_fn=<DivBackward0>)
Memory status after this epoch: 
Memory allocated:  1.92041015625
Memory cached:  140.0
[I 2023-11-08 01:19:01,922] Trial 46 finished with value: 0.013785726390779018 and parameters: {'W_layers': 2, 'W_layer_units_exponent_0': 8, 'W_layer_units_exponent_1': 6, 'D_layers': 8, 'D_layer_units_exponent_0': 5, 'D_layer_units_exponent_1': 8, 'D_layer_units_exponent_2': 6, 'D_layer_units_exponent_3': 7, 'D_layer_units_exponent_4': 4, 'D_layer_units_exponent_5': 6, 'D_layer_units_exponent_6': 7, 'D_layer_units_exponent_7': 8, 'D_dagger_layers': 3, 'D_dagger_layer_units_exponent_0': 6, 'D_dagger_layer_units_exponent_1': 6, 'D_dagger_layer_units_exponent_2': 8, 'log_learning_rate': -3.812196526336959, 'log_learning_rate_D': -2.234586575471643, 'log_learning_rate_D_dagger': -3.7256850411166784, 'training_batch_size': 12, 'training_p': 3}. Best is trial 35 with value: 0.013339980505406857.
Time for this trial:  182.92456698417664
Memory status after this trial: 
Memory allocated:  89.57275390625
Memory cached:  104.0
--------------------  Trial  47   --------------------
Start timing: 
Parameters: 
{'W_layers': 3, 'W_layer_units_exponent_0': 9, 'W_layer_units_exponent_1': 4, 'W_layer_units_exponent_2': 6, 'D_layers': 6, 'D_layer_units_exponent_0': 5, 'D_layer_units_exponent_1': 6, 'D_layer_units_exponent_2': 7, 'D_layer_units_exponent_3': 5, 'D_layer_units_exponent_4': 5, 'D_layer_units_exponent_5': 9, 'D_dagger_layers': 2, 'D_dagger_layer_units_exponent_0': 4, 'D_dagger_layer_units_exponent_1': 5, 'log_learning_rate': -4.211197252540044, 'log_learning_rate_D': -1.9604307435283719, 'log_learning_rate_D_dagger': -3.5584369284149906, 'training_batch_size': 12, 'training_p': 3}
	 epoch  0 training error:  tensor(1.4947, device='cuda:0', grad_fn=<DivBackward0>)
Memory status after this epoch: 
Memory allocated:  0.84033203125
Memory cached:  114.0
	 epoch  10 training error:  tensor(1.2321, device='cuda:0', grad_fn=<DivBackward0>)
Memory status after this epoch: 
Memory allocated:  0.84033203125
Memory cached:  156.0
	 epoch  20 training error:  tensor(0.9703, device='cuda:0', grad_fn=<DivBackward0>)
Memory status after this epoch: 
Memory allocated:  0.84033203125
Memory cached:  158.0
	 epoch  30 training error:  tensor(0.6861, device='cuda:0', grad_fn=<DivBackward0>)
Memory status after this epoch: 
Memory allocated:  0.84033203125
Memory cached:  146.0
	 epoch  40 training error:  tensor(0.3730, device='cuda:0', grad_fn=<DivBackward0>)
Memory status after this epoch: 
Memory allocated:  0.84033203125
Memory cached:  144.0
	 epoch  50 training error:  tensor(0.0333, device='cuda:0', grad_fn=<DivBackward0>)
Memory status after this epoch: 
Memory allocated:  0.84033203125
Memory cached:  152.0
	 epoch  60 training error:  tensor(0.0528, device='cuda:0', grad_fn=<DivBackward0>)
Memory status after this epoch: 
Memory allocated:  0.84033203125
Memory cached:  148.0
	 epoch  70 training error:  tensor(0.0303, device='cuda:0', grad_fn=<DivBackward0>)
Memory status after this epoch: 
Memory allocated:  0.84033203125
Memory cached:  154.0
	 epoch  80 training error:  tensor(0.0197, device='cuda:0', grad_fn=<DivBackward0>)
Memory status after this epoch: 
Memory allocated:  0.84033203125
Memory cached:  154.0
	 epoch  90 training error:  tensor(0.0179, device='cuda:0', grad_fn=<DivBackward0>)
Memory status after this epoch: 
Memory allocated:  0.84033203125
Memory cached:  150.0
[I 2023-11-08 01:21:47,338] Trial 47 finished with value: 0.014119023457169533 and parameters: {'W_layers': 3, 'W_layer_units_exponent_0': 9, 'W_layer_units_exponent_1': 4, 'W_layer_units_exponent_2': 6, 'D_layers': 6, 'D_layer_units_exponent_0': 5, 'D_layer_units_exponent_1': 6, 'D_layer_units_exponent_2': 7, 'D_layer_units_exponent_3': 5, 'D_layer_units_exponent_4': 5, 'D_layer_units_exponent_5': 9, 'D_dagger_layers': 2, 'D_dagger_layer_units_exponent_0': 4, 'D_dagger_layer_units_exponent_1': 5, 'log_learning_rate': -4.211197252540044, 'log_learning_rate_D': -1.9604307435283719, 'log_learning_rate_D_dagger': -3.5584369284149906, 'training_batch_size': 12, 'training_p': 3}. Best is trial 35 with value: 0.013339980505406857.
Time for this trial:  165.13948607444763
Memory status after this trial: 
Memory allocated:  78.173828125
Memory cached:  116.0
--------------------  Trial  48   --------------------
Start timing: 
Parameters: 
{'W_layers': 4, 'W_layer_units_exponent_0': 9, 'W_layer_units_exponent_1': 5, 'W_layer_units_exponent_2': 7, 'W_layer_units_exponent_3': 9, 'D_layers': 7, 'D_layer_units_exponent_0': 4, 'D_layer_units_exponent_1': 8, 'D_layer_units_exponent_2': 4, 'D_layer_units_exponent_3': 4, 'D_layer_units_exponent_4': 6, 'D_layer_units_exponent_5': 8, 'D_layer_units_exponent_6': 5, 'D_dagger_layers': 3, 'D_dagger_layer_units_exponent_0': 5, 'D_dagger_layer_units_exponent_1': 7, 'D_dagger_layer_units_exponent_2': 7, 'log_learning_rate': -3.957852411417276, 'log_learning_rate_D': -2.6736978296244156, 'log_learning_rate_D_dagger': -3.2417263537123113, 'training_batch_size': 10, 'training_p': 7}
	 epoch  0 training error:  tensor(1.1265, device='cuda:0', grad_fn=<DivBackward0>)
Memory status after this epoch: 
Memory allocated:  2.36181640625
Memory cached:  114.0
	 epoch  10 training error:  tensor(0.1814, device='cuda:0', grad_fn=<DivBackward0>)
Memory status after this epoch: 
Memory allocated:  2.36181640625
Memory cached:  178.0
	 epoch  20 training error:  tensor(0.0793, device='cuda:0', grad_fn=<DivBackward0>)
Memory status after this epoch: 
Memory allocated:  2.36181640625
Memory cached:  176.0
	 epoch  30 training error:  tensor(0.0614, device='cuda:0', grad_fn=<DivBackward0>)
Memory status after this epoch: 
Memory allocated:  2.36181640625
Memory cached:  178.0
	 epoch  40 training error:  tensor(0.0305, device='cuda:0', grad_fn=<DivBackward0>)
Memory status after this epoch: 
Memory allocated:  2.36181640625
Memory cached:  186.0
	 epoch  50 training error:  tensor(0.0320, device='cuda:0', grad_fn=<DivBackward0>)
Memory status after this epoch: 
Memory allocated:  2.36181640625
Memory cached:  170.0
	 epoch  60 training error:  tensor(0.0297, device='cuda:0', grad_fn=<DivBackward0>)
Memory status after this epoch: 
Memory allocated:  2.36181640625
Memory cached:  170.0
	 epoch  70 training error:  tensor(0.0297, device='cuda:0', grad_fn=<DivBackward0>)
Memory status after this epoch: 
Memory allocated:  2.36181640625
Memory cached:  156.0
	 epoch  80 training error:  tensor(0.0283, device='cuda:0', grad_fn=<DivBackward0>)
Memory status after this epoch: 
Memory allocated:  2.36181640625
Memory cached:  172.0
	 epoch  90 training error:  tensor(0.0280, device='cuda:0', grad_fn=<DivBackward0>)
Memory status after this epoch: 
Memory allocated:  2.36181640625
Memory cached:  170.0
[I 2023-11-08 01:24:59,892] Trial 48 finished with value: 0.020272841677069664 and parameters: {'W_layers': 4, 'W_layer_units_exponent_0': 9, 'W_layer_units_exponent_1': 5, 'W_layer_units_exponent_2': 7, 'W_layer_units_exponent_3': 9, 'D_layers': 7, 'D_layer_units_exponent_0': 4, 'D_layer_units_exponent_1': 8, 'D_layer_units_exponent_2': 4, 'D_layer_units_exponent_3': 4, 'D_layer_units_exponent_4': 6, 'D_layer_units_exponent_5': 8, 'D_layer_units_exponent_6': 5, 'D_dagger_layers': 3, 'D_dagger_layer_units_exponent_0': 5, 'D_dagger_layer_units_exponent_1': 7, 'D_dagger_layer_units_exponent_2': 7, 'log_learning_rate': -3.957852411417276, 'log_learning_rate_D': -2.6736978296244156, 'log_learning_rate_D_dagger': -3.2417263537123113, 'training_batch_size': 10, 'training_p': 7}. Best is trial 35 with value: 0.013339980505406857.
Time for this trial:  192.2645969390869
Memory status after this trial: 
Memory allocated:  115.92041015625
Memory cached:  122.0
--------------------  Trial  49   --------------------
Start timing: 
Parameters: 
{'W_layers': 4, 'W_layer_units_exponent_0': 10, 'W_layer_units_exponent_1': 5, 'W_layer_units_exponent_2': 7, 'W_layer_units_exponent_3': 8, 'D_layers': 6, 'D_layer_units_exponent_0': 6, 'D_layer_units_exponent_1': 6, 'D_layer_units_exponent_2': 6, 'D_layer_units_exponent_3': 6, 'D_layer_units_exponent_4': 4, 'D_layer_units_exponent_5': 10, 'D_dagger_layers': 4, 'D_dagger_layer_units_exponent_0': 6, 'D_dagger_layer_units_exponent_1': 4, 'D_dagger_layer_units_exponent_2': 10, 'D_dagger_layer_units_exponent_3': 6, 'log_learning_rate': -4.704775800660139, 'log_learning_rate_D': -2.340373179611036, 'log_learning_rate_D_dagger': -3.4407409758882066, 'training_batch_size': 11, 'training_p': 2}
	 epoch  0 training error:  tensor(1.2470, device='cuda:0', grad_fn=<DivBackward0>)
Memory status after this epoch: 
Memory allocated:  3.07666015625
Memory cached:  140.0
	 epoch  10 training error:  tensor(0.1599, device='cuda:0', grad_fn=<DivBackward0>)
Memory status after this epoch: 
Memory allocated:  3.07666015625
Memory cached:  268.0
	 epoch  20 training error:  tensor(0.0741, device='cuda:0', grad_fn=<DivBackward0>)
Memory status after this epoch: 
Memory allocated:  3.07666015625
Memory cached:  266.0
	 epoch  30 training error:  tensor(0.0284, device='cuda:0', grad_fn=<DivBackward0>)
Memory status after this epoch: 
Memory allocated:  3.07666015625
Memory cached:  274.0
	 epoch  40 training error:  tensor(0.0361, device='cuda:0', grad_fn=<DivBackward0>)
Memory status after this epoch: 
Memory allocated:  3.07666015625
Memory cached:  284.0
	 epoch  50 training error:  tensor(0.0280, device='cuda:0', grad_fn=<DivBackward0>)
Memory status after this epoch: 
Memory allocated:  3.07666015625
Memory cached:  262.0
	 epoch  60 training error:  tensor(0.0237, device='cuda:0', grad_fn=<DivBackward0>)
Memory status after this epoch: 
Memory allocated:  3.07666015625
Memory cached:  268.0
	 epoch  70 training error:  tensor(0.0214, device='cuda:0', grad_fn=<DivBackward0>)
Memory status after this epoch: 
Memory allocated:  3.07666015625
Memory cached:  276.0
	 epoch  80 training error:  tensor(0.0199, device='cuda:0', grad_fn=<DivBackward0>)
Memory status after this epoch: 
Memory allocated:  3.07666015625
Memory cached:  264.0
	 epoch  90 training error:  tensor(0.0187, device='cuda:0', grad_fn=<DivBackward0>)
Memory status after this epoch: 
Memory allocated:  3.07666015625
Memory cached:  270.0
