[I 2023-11-08 03:07:22,683] Trial 29 finished with value: 0.01626313291490078 and parameters: {'W_layers': 4, 'W_layer_units_exponent_0': 6, 'W_layer_units_exponent_1': 6, 'W_layer_units_exponent_2': 5, 'W_layer_units_exponent_3': 6, 'D_layers': 8, 'D_layer_units_exponent_0': 6, 'D_layer_units_exponent_1': 4, 'D_layer_units_exponent_2': 6, 'D_layer_units_exponent_3': 8, 'D_layer_units_exponent_4': 10, 'D_layer_units_exponent_5': 5, 'D_layer_units_exponent_6': 8, 'D_layer_units_exponent_7': 10, 'D_dagger_layers': 4, 'D_dagger_layer_units_exponent_0': 8, 'D_dagger_layer_units_exponent_1': 8, 'D_dagger_layer_units_exponent_2': 10, 'D_dagger_layer_units_exponent_3': 10, 'log_learning_rate': -2.219246814436341, 'log_learning_rate_D': -2.274424371200907, 'log_learning_rate_D_dagger': -4.148845445736919, 'training_batch_size': 10, 'training_p': 6}. Best is trial 15 with value: 0.013434025458991528.
Time for this trial:  223.67974424362183
Memory status after this trial: 
Memory allocated:  309.69189453125
Memory cached:  330.0
--------------------  Trial  30   --------------------
Start timing: 
Parameters: 
{'W_layers': 3, 'W_layer_units_exponent_0': 9, 'W_layer_units_exponent_1': 6, 'W_layer_units_exponent_2': 6, 'D_layers': 5, 'D_layer_units_exponent_0': 5, 'D_layer_units_exponent_1': 8, 'D_layer_units_exponent_2': 8, 'D_layer_units_exponent_3': 9, 'D_layer_units_exponent_4': 9, 'D_dagger_layers': 2, 'D_dagger_layer_units_exponent_0': 9, 'D_dagger_layer_units_exponent_1': 6, 'log_learning_rate': -1.9875132326873994, 'log_learning_rate_D': -3.983638345828349, 'log_learning_rate_D_dagger': -4.657402216432459, 'training_batch_size': 12, 'training_p': 3}
	 epoch  0 training error:  tensor(1.0049, device='cuda:0', grad_fn=<DivBackward0>)
Memory status after this epoch: 
Memory allocated:  8.44970703125
Memory cached:  126.0
	 epoch  10 training error:  tensor(0.4355, device='cuda:0', grad_fn=<DivBackward0>)
Memory status after this epoch: 
Memory allocated:  8.44970703125
Memory cached:  192.0
	 epoch  20 training error:  tensor(0.4899, device='cuda:0', grad_fn=<DivBackward0>)
Memory status after this epoch: 
Memory allocated:  8.44970703125
Memory cached:  206.0
	 epoch  30 training error:  tensor(0.1761, device='cuda:0', grad_fn=<DivBackward0>)
Memory status after this epoch: 
Memory allocated:  8.44970703125
Memory cached:  202.0
	 epoch  40 training error:  tensor(0.0543, device='cuda:0', grad_fn=<DivBackward0>)
Memory status after this epoch: 
Memory allocated:  8.44970703125
Memory cached:  196.0
	 epoch  50 training error:  tensor(0.0334, device='cuda:0', grad_fn=<DivBackward0>)
Memory status after this epoch: 
Memory allocated:  8.44970703125
Memory cached:  202.0
	 epoch  60 training error:  tensor(0.0280, device='cuda:0', grad_fn=<DivBackward0>)
Memory status after this epoch: 
Memory allocated:  8.44970703125
Memory cached:  202.0
	 epoch  70 training error:  tensor(0.0200, device='cuda:0', grad_fn=<DivBackward0>)
Memory status after this epoch: 
Memory allocated:  8.44970703125
Memory cached:  208.0
	 epoch  80 training error:  tensor(0.0195, device='cuda:0', grad_fn=<DivBackward0>)
Memory status after this epoch: 
Memory allocated:  8.44970703125
Memory cached:  196.0
	 epoch  90 training error:  tensor(0.0186, device='cuda:0', grad_fn=<DivBackward0>)
Memory status after this epoch: 
Memory allocated:  8.44970703125
Memory cached:  206.0
[I 2023-11-08 03:10:03,450] Trial 30 finished with value: 0.01466207206249237 and parameters: {'W_layers': 3, 'W_layer_units_exponent_0': 9, 'W_layer_units_exponent_1': 6, 'W_layer_units_exponent_2': 6, 'D_layers': 5, 'D_layer_units_exponent_0': 5, 'D_layer_units_exponent_1': 8, 'D_layer_units_exponent_2': 8, 'D_layer_units_exponent_3': 9, 'D_layer_units_exponent_4': 9, 'D_dagger_layers': 2, 'D_dagger_layer_units_exponent_0': 9, 'D_dagger_layer_units_exponent_1': 6, 'log_learning_rate': -1.9875132326873994, 'log_learning_rate_D': -3.983638345828349, 'log_learning_rate_D_dagger': -4.657402216432459, 'training_batch_size': 12, 'training_p': 3}. Best is trial 15 with value: 0.013434025458991528.
Time for this trial:  160.5130205154419
Memory status after this trial: 
Memory allocated:  153.1025390625
Memory cached:  164.0
--------------------  Trial  31   --------------------
Start timing: 
Parameters: 
{'W_layers': 3, 'W_layer_units_exponent_0': 8, 'W_layer_units_exponent_1': 4, 'W_layer_units_exponent_2': 5, 'D_layers': 4, 'D_layer_units_exponent_0': 9, 'D_layer_units_exponent_1': 6, 'D_layer_units_exponent_2': 6, 'D_layer_units_exponent_3': 7, 'D_dagger_layers': 2, 'D_dagger_layer_units_exponent_0': 9, 'D_dagger_layer_units_exponent_1': 10, 'log_learning_rate': -2.656450941833891, 'log_learning_rate_D': -2.4200804451509033, 'log_learning_rate_D_dagger': -4.963706580677544, 'training_batch_size': 11, 'training_p': 3}
	 epoch  0 training error:  tensor(0.8034, device='cuda:0', grad_fn=<DivBackward0>)
Memory status after this epoch: 
Memory allocated:  9.04931640625
Memory cached:  138.0
	 epoch  10 training error:  tensor(0.0767, device='cuda:0', grad_fn=<DivBackward0>)
Memory status after this epoch: 
Memory allocated:  9.04931640625
Memory cached:  220.0
	 epoch  20 training error:  tensor(0.0391, device='cuda:0', grad_fn=<DivBackward0>)
Memory status after this epoch: 
Memory allocated:  9.04931640625
Memory cached:  214.0
	 epoch  30 training error:  tensor(0.0231, device='cuda:0', grad_fn=<DivBackward0>)
Memory status after this epoch: 
Memory allocated:  9.04931640625
Memory cached:  214.0
	 epoch  40 training error:  tensor(0.0234, device='cuda:0', grad_fn=<DivBackward0>)
Memory status after this epoch: 
Memory allocated:  9.04931640625
Memory cached:  222.0
	 epoch  50 training error:  tensor(0.0177, device='cuda:0', grad_fn=<DivBackward0>)
Memory status after this epoch: 
Memory allocated:  9.04931640625
Memory cached:  212.0
	 epoch  60 training error:  tensor(0.0178, device='cuda:0', grad_fn=<DivBackward0>)
Memory status after this epoch: 
Memory allocated:  9.04931640625
Memory cached:  222.0
	 epoch  70 training error:  tensor(0.0174, device='cuda:0', grad_fn=<DivBackward0>)
Memory status after this epoch: 
Memory allocated:  9.04931640625
Memory cached:  216.0
	 epoch  80 training error:  tensor(0.0174, device='cuda:0', grad_fn=<DivBackward0>)
Memory status after this epoch: 
Memory allocated:  9.04931640625
Memory cached:  212.0
	 epoch  90 training error:  tensor(0.0173, device='cuda:0', grad_fn=<DivBackward0>)
Memory status after this epoch: 
Memory allocated:  9.04931640625
Memory cached:  218.0
[I 2023-11-08 03:12:35,652] Trial 31 finished with value: 0.013405325822532177 and parameters: {'W_layers': 3, 'W_layer_units_exponent_0': 8, 'W_layer_units_exponent_1': 4, 'W_layer_units_exponent_2': 5, 'D_layers': 4, 'D_layer_units_exponent_0': 9, 'D_layer_units_exponent_1': 6, 'D_layer_units_exponent_2': 6, 'D_layer_units_exponent_3': 7, 'D_dagger_layers': 2, 'D_dagger_layer_units_exponent_0': 9, 'D_dagger_layer_units_exponent_1': 10, 'log_learning_rate': -2.656450941833891, 'log_learning_rate_D': -2.4200804451509033, 'log_learning_rate_D_dagger': -4.963706580677544, 'training_batch_size': 11, 'training_p': 3}. Best is trial 31 with value: 0.013405325822532177.
Time for this trial:  151.96317553520203
Memory status after this trial: 
Memory allocated:  144.60107421875
Memory cached:  178.0
--------------------  Trial  32   --------------------
Start timing: 
Parameters: 
{'W_layers': 2, 'W_layer_units_exponent_0': 7, 'W_layer_units_exponent_1': 4, 'D_layers': 3, 'D_layer_units_exponent_0': 9, 'D_layer_units_exponent_1': 6, 'D_layer_units_exponent_2': 4, 'D_dagger_layers': 2, 'D_dagger_layer_units_exponent_0': 10, 'D_dagger_layer_units_exponent_1': 10, 'log_learning_rate': -2.517333440113222, 'log_learning_rate_D': -2.328796956601364, 'log_learning_rate_D_dagger': -4.745372849369926, 'training_batch_size': 11, 'training_p': 4}
	 epoch  0 training error:  tensor(0.6592, device='cuda:0', grad_fn=<DivBackward0>)
Memory status after this epoch: 
Memory allocated:  16.83056640625
Memory cached:  126.0
	 epoch  10 training error:  tensor(0.0980, device='cuda:0', grad_fn=<DivBackward0>)
Memory status after this epoch: 
Memory allocated:  16.83056640625
Memory cached:  218.0
	 epoch  20 training error:  tensor(0.0342, device='cuda:0', grad_fn=<DivBackward0>)
Memory status after this epoch: 
Memory allocated:  16.83056640625
Memory cached:  216.0
	 epoch  30 training error:  tensor(0.0296, device='cuda:0', grad_fn=<DivBackward0>)
Memory status after this epoch: 
Memory allocated:  16.83056640625
Memory cached:  226.0
	 epoch  40 training error:  tensor(0.0244, device='cuda:0', grad_fn=<DivBackward0>)
Memory status after this epoch: 
Memory allocated:  16.83056640625
Memory cached:  222.0
	 epoch  50 training error:  tensor(0.0264, device='cuda:0', grad_fn=<DivBackward0>)
Memory status after this epoch: 
Memory allocated:  16.83056640625
Memory cached:  220.0
	 epoch  60 training error:  tensor(0.0207, device='cuda:0', grad_fn=<DivBackward0>)
Memory status after this epoch: 
Memory allocated:  16.83056640625
Memory cached:  218.0
	 epoch  70 training error:  tensor(0.0218, device='cuda:0', grad_fn=<DivBackward0>)
Memory status after this epoch: 
Memory allocated:  16.83056640625
Memory cached:  226.0
	 epoch  80 training error:  tensor(0.0216, device='cuda:0', grad_fn=<DivBackward0>)
Memory status after this epoch: 
Memory allocated:  16.83056640625
Memory cached:  222.0
	 epoch  90 training error:  tensor(0.0203, device='cuda:0', grad_fn=<DivBackward0>)
Memory status after this epoch: 
Memory allocated:  16.83056640625
Memory cached:  214.0
[I 2023-11-08 03:14:54,735] Trial 32 finished with value: 0.02135443314909935 and parameters: {'W_layers': 2, 'W_layer_units_exponent_0': 7, 'W_layer_units_exponent_1': 4, 'D_layers': 3, 'D_layer_units_exponent_0': 9, 'D_layer_units_exponent_1': 6, 'D_layer_units_exponent_2': 4, 'D_dagger_layers': 2, 'D_dagger_layer_units_exponent_0': 10, 'D_dagger_layer_units_exponent_1': 10, 'log_learning_rate': -2.517333440113222, 'log_learning_rate_D': -2.328796956601364, 'log_learning_rate_D_dagger': -4.745372849369926, 'training_batch_size': 11, 'training_p': 4}. Best is trial 31 with value: 0.013405325822532177.
Time for this trial:  138.86811995506287
Memory status after this trial: 
Memory allocated:  158.154296875
Memory cached:  172.0
--------------------  Trial  33   --------------------
Start timing: 
Parameters: 
{'W_layers': 5, 'W_layer_units_exponent_0': 8, 'W_layer_units_exponent_1': 5, 'W_layer_units_exponent_2': 5, 'W_layer_units_exponent_3': 10, 'W_layer_units_exponent_4': 8, 'D_layers': 4, 'D_layer_units_exponent_0': 10, 'D_layer_units_exponent_1': 7, 'D_layer_units_exponent_2': 5, 'D_layer_units_exponent_3': 6, 'D_dagger_layers': 3, 'D_dagger_layer_units_exponent_0': 10, 'D_dagger_layer_units_exponent_1': 9, 'D_dagger_layer_units_exponent_2': 6, 'log_learning_rate': -2.9212187075481615, 'log_learning_rate_D': -2.67355983918438, 'log_learning_rate_D_dagger': -4.927104594349599, 'training_batch_size': 9, 'training_p': 2}
	 epoch  0 training error:  tensor(0.9419, device='cuda:0', grad_fn=<DivBackward0>)
Memory status after this epoch: 
Memory allocated:  15.61376953125
Memory cached:  140.0
	 epoch  10 training error:  tensor(0.0311, device='cuda:0', grad_fn=<DivBackward0>)
Memory status after this epoch: 
Memory allocated:  15.61376953125
Memory cached:  226.0
	 epoch  20 training error:  tensor(0.0755, device='cuda:0', grad_fn=<DivBackward0>)
Memory status after this epoch: 
Memory allocated:  15.61376953125
Memory cached:  230.0
	 epoch  30 training error:  tensor(0.0225, device='cuda:0', grad_fn=<DivBackward0>)
Memory status after this epoch: 
Memory allocated:  15.61376953125
Memory cached:  226.0
	 epoch  40 training error:  tensor(0.0290, device='cuda:0', grad_fn=<DivBackward0>)
Memory status after this epoch: 
Memory allocated:  15.61376953125
Memory cached:  224.0
	 epoch  50 training error:  tensor(0.0179, device='cuda:0', grad_fn=<DivBackward0>)
Memory status after this epoch: 
Memory allocated:  15.61376953125
Memory cached:  234.0
	 epoch  60 training error:  tensor(0.0248, device='cuda:0', grad_fn=<DivBackward0>)
Memory status after this epoch: 
Memory allocated:  15.61376953125
Memory cached:  228.0
	 epoch  70 training error:  tensor(0.0143, device='cuda:0', grad_fn=<DivBackward0>)
Memory status after this epoch: 
Memory allocated:  15.61376953125
Memory cached:  224.0
	 epoch  80 training error:  tensor(0.0191, device='cuda:0', grad_fn=<DivBackward0>)
Memory status after this epoch: 
Memory allocated:  15.61376953125
Memory cached:  228.0
	 epoch  90 training error:  tensor(0.0211, device='cuda:0', grad_fn=<DivBackward0>)
Memory status after this epoch: 
Memory allocated:  15.61376953125
Memory cached:  226.0
[I 2023-11-08 03:18:02,016] Trial 33 finished with value: 0.020419318228960037 and parameters: {'W_layers': 5, 'W_layer_units_exponent_0': 8, 'W_layer_units_exponent_1': 5, 'W_layer_units_exponent_2': 5, 'W_layer_units_exponent_3': 10, 'W_layer_units_exponent_4': 8, 'D_layers': 4, 'D_layer_units_exponent_0': 10, 'D_layer_units_exponent_1': 7, 'D_layer_units_exponent_2': 5, 'D_layer_units_exponent_3': 6, 'D_dagger_layers': 3, 'D_dagger_layer_units_exponent_0': 10, 'D_dagger_layer_units_exponent_1': 9, 'D_dagger_layer_units_exponent_2': 6, 'log_learning_rate': -2.9212187075481615, 'log_learning_rate_D': -2.67355983918438, 'log_learning_rate_D_dagger': -4.927104594349599, 'training_batch_size': 9, 'training_p': 2}. Best is trial 31 with value: 0.013405325822532177.
Time for this trial:  186.9978301525116
Memory status after this trial: 
Memory allocated:  245.72265625
Memory cached:  266.0
--------------------  Trial  34   --------------------
Start timing: 
Parameters: 
{'W_layers': 4, 'W_layer_units_exponent_0': 7, 'W_layer_units_exponent_1': 6, 'W_layer_units_exponent_2': 4, 'W_layer_units_exponent_3': 7, 'D_layers': 5, 'D_layer_units_exponent_0': 9, 'D_layer_units_exponent_1': 5, 'D_layer_units_exponent_2': 6, 'D_layer_units_exponent_3': 7, 'D_layer_units_exponent_4': 5, 'D_dagger_layers': 2, 'D_dagger_layer_units_exponent_0': 9, 'D_dagger_layer_units_exponent_1': 10, 'log_learning_rate': -3.609306888384456, 'log_learning_rate_D': -3.4423597313394363, 'log_learning_rate_D_dagger': -4.331142005792054, 'training_batch_size': 12, 'training_p': 3}
	 epoch  0 training error:  tensor(1.0472, device='cuda:0', grad_fn=<DivBackward0>)
Memory status after this epoch: 
Memory allocated:  8.91650390625
Memory cached:  128.0
	 epoch  10 training error:  tensor(0.0977, device='cuda:0', grad_fn=<DivBackward0>)
Memory status after this epoch: 
Memory allocated:  8.91650390625
Memory cached:  242.0
	 epoch  20 training error:  tensor(0.0594, device='cuda:0', grad_fn=<DivBackward0>)
Memory status after this epoch: 
Memory allocated:  8.91650390625
Memory cached:  234.0
	 epoch  30 training error:  tensor(0.0616, device='cuda:0', grad_fn=<DivBackward0>)
Memory status after this epoch: 
Memory allocated:  8.91650390625
Memory cached:  236.0
	 epoch  40 training error:  tensor(0.0320, device='cuda:0', grad_fn=<DivBackward0>)
Memory status after this epoch: 
Memory allocated:  8.91650390625
Memory cached:  236.0
	 epoch  50 training error:  tensor(0.0237, device='cuda:0', grad_fn=<DivBackward0>)
Memory status after this epoch: 
Memory allocated:  8.91650390625
Memory cached:  228.0
	 epoch  60 training error:  tensor(0.0183, device='cuda:0', grad_fn=<DivBackward0>)
Memory status after this epoch: 
Memory allocated:  8.91650390625
Memory cached:  230.0
	 epoch  70 training error:  tensor(0.0179, device='cuda:0', grad_fn=<DivBackward0>)
Memory status after this epoch: 
Memory allocated:  8.91650390625
Memory cached:  242.0
	 epoch  80 training error:  tensor(0.0179, device='cuda:0', grad_fn=<DivBackward0>)
Memory status after this epoch: 
Memory allocated:  8.91650390625
Memory cached:  230.0
	 epoch  90 training error:  tensor(0.0177, device='cuda:0', grad_fn=<DivBackward0>)
Memory status after this epoch: 
Memory allocated:  8.91650390625
Memory cached:  242.0
[I 2023-11-08 03:20:48,173] Trial 34 finished with value: 0.013423750177025795 and parameters: {'W_layers': 4, 'W_layer_units_exponent_0': 7, 'W_layer_units_exponent_1': 6, 'W_layer_units_exponent_2': 4, 'W_layer_units_exponent_3': 7, 'D_layers': 5, 'D_layer_units_exponent_0': 9, 'D_layer_units_exponent_1': 5, 'D_layer_units_exponent_2': 6, 'D_layer_units_exponent_3': 7, 'D_layer_units_exponent_4': 5, 'D_dagger_layers': 2, 'D_dagger_layer_units_exponent_0': 9, 'D_dagger_layer_units_exponent_1': 10, 'log_learning_rate': -3.609306888384456, 'log_learning_rate_D': -3.4423597313394363, 'log_learning_rate_D_dagger': -4.331142005792054, 'training_batch_size': 12, 'training_p': 3}. Best is trial 31 with value: 0.013405325822532177.
Time for this trial:  165.91128492355347
Memory status after this trial: 
Memory allocated:  146.24365234375
Memory cached:  182.0
--------------------  Trial  35   --------------------
Start timing: 
Parameters: 
{'W_layers': 4, 'W_layer_units_exponent_0': 6, 'W_layer_units_exponent_1': 7, 'W_layer_units_exponent_2': 4, 'W_layer_units_exponent_3': 7, 'D_layers': 3, 'D_layer_units_exponent_0': 9, 'D_layer_units_exponent_1': 5, 'D_layer_units_exponent_2': 7, 'D_dagger_layers': 3, 'D_dagger_layer_units_exponent_0': 8, 'D_dagger_layer_units_exponent_1': 10, 'D_dagger_layer_units_exponent_2': 9, 'log_learning_rate': -3.584145454634025, 'log_learning_rate_D': -3.3418573741010573, 'log_learning_rate_D_dagger': -4.389278545014826, 'training_batch_size': 12, 'training_p': 3}
	 epoch  0 training error:  tensor(1.1681, device='cuda:0', grad_fn=<DivBackward0>)
Memory status after this epoch: 
Memory allocated:  12.75634765625
Memory cached:  132.0
	 epoch  10 training error:  tensor(0.1329, device='cuda:0', grad_fn=<DivBackward0>)
Memory status after this epoch: 
Memory allocated:  12.75634765625
Memory cached:  230.0
	 epoch  20 training error:  tensor(0.1067, device='cuda:0', grad_fn=<DivBackward0>)
Memory status after this epoch: 
Memory allocated:  12.75634765625
Memory cached:  228.0
	 epoch  30 training error:  tensor(0.0706, device='cuda:0', grad_fn=<DivBackward0>)
Memory status after this epoch: 
Memory allocated:  12.75634765625
Memory cached:  234.0
	 epoch  40 training error:  tensor(0.0300, device='cuda:0', grad_fn=<DivBackward0>)
Memory status after this epoch: 
Memory allocated:  12.75634765625
Memory cached:  230.0
	 epoch  50 training error:  tensor(0.0264, device='cuda:0', grad_fn=<DivBackward0>)
Memory status after this epoch: 
Memory allocated:  12.75634765625
Memory cached:  230.0
	 epoch  60 training error:  tensor(0.0280, device='cuda:0', grad_fn=<DivBackward0>)
Memory status after this epoch: 
Memory allocated:  12.75634765625
Memory cached:  236.0
	 epoch  70 training error:  tensor(0.0254, device='cuda:0', grad_fn=<DivBackward0>)
Memory status after this epoch: 
Memory allocated:  12.75634765625
Memory cached:  232.0
	 epoch  80 training error:  tensor(0.0242, device='cuda:0', grad_fn=<DivBackward0>)
Memory status after this epoch: 
Memory allocated:  12.75634765625
Memory cached:  234.0
	 epoch  90 training error:  tensor(0.0232, device='cuda:0', grad_fn=<DivBackward0>)
Memory status after this epoch: 
Memory allocated:  12.75634765625
Memory cached:  216.0
