[I 2023-11-07 15:57:42,887] Trial 9 finished with value: 0.019011614844202995 and parameters: {'W_layers': 8, 'W_layer_units_exponent_0': 10, 'W_layer_units_exponent_1': 8, 'W_layer_units_exponent_2': 7, 'W_layer_units_exponent_3': 6, 'W_layer_units_exponent_4': 9, 'W_layer_units_exponent_5': 6, 'W_layer_units_exponent_6': 10, 'W_layer_units_exponent_7': 8, 'D_layers': 2, 'D_layer_units_exponent_0': 9, 'D_layer_units_exponent_1': 4, 'D_dagger_layers': 3, 'D_dagger_layer_units_exponent_0': 8, 'D_dagger_layer_units_exponent_1': 4, 'D_dagger_layer_units_exponent_2': 9, 'log_learning_rate': -4.710747000658827, 'log_learning_rate_D': -2.5234545289615085, 'log_learning_rate_D_dagger': -1.938386262578128, 'training_batch_size': 12, 'training_p': 5}. Best is trial 2 with value: 0.01742001250386238.
Time for this trial:  192.1430265903473
Memory status after this trial: 
Memory allocated:  254.388671875
Memory cached:  262.0
--------------------  Trial  10   --------------------
Start timing: 
Parameters: 
{'W_layers': 2, 'W_layer_units_exponent_0': 4, 'W_layer_units_exponent_1': 6, 'D_layers': 2, 'D_layer_units_exponent_0': 7, 'D_layer_units_exponent_1': 5, 'D_dagger_layers': 2, 'D_dagger_layer_units_exponent_0': 5, 'D_dagger_layer_units_exponent_1': 9, 'log_learning_rate': -4.14319247310018, 'log_learning_rate_D': -1.932948005788061, 'log_learning_rate_D_dagger': -3.390294496034963, 'training_batch_size': 8, 'training_p': 7}
	 epoch  0 training error:  tensor(0.7941, device='cuda:0', grad_fn=<DivBackward0>)
Memory status after this epoch: 
Memory allocated:  0.48095703125
Memory cached:  62.0
	 epoch  10 training error:  tensor(0.0981, device='cuda:0', grad_fn=<DivBackward0>)
Memory status after this epoch: 
Memory allocated:  0.48095703125
Memory cached:  64.0
	 epoch  20 training error:  tensor(0.0871, device='cuda:0', grad_fn=<DivBackward0>)
Memory status after this epoch: 
Memory allocated:  0.48095703125
Memory cached:  64.0
	 epoch  30 training error:  tensor(0.0348, device='cuda:0', grad_fn=<DivBackward0>)
Memory status after this epoch: 
Memory allocated:  0.48095703125
Memory cached:  64.0
	 epoch  40 training error:  tensor(0.0337, device='cuda:0', grad_fn=<DivBackward0>)
Memory status after this epoch: 
Memory allocated:  0.48095703125
Memory cached:  64.0
	 epoch  50 training error:  tensor(0.0277, device='cuda:0', grad_fn=<DivBackward0>)
Memory status after this epoch: 
Memory allocated:  0.48095703125
Memory cached:  64.0
	 epoch  60 training error:  tensor(0.0279, device='cuda:0', grad_fn=<DivBackward0>)
Memory status after this epoch: 
Memory allocated:  0.48095703125
Memory cached:  64.0
	 epoch  70 training error:  tensor(0.0267, device='cuda:0', grad_fn=<DivBackward0>)
Memory status after this epoch: 
Memory allocated:  0.48095703125
Memory cached:  64.0
	 epoch  80 training error:  tensor(0.0267, device='cuda:0', grad_fn=<DivBackward0>)
Memory status after this epoch: 
Memory allocated:  0.48095703125
Memory cached:  64.0
	 epoch  90 training error:  tensor(0.0265, device='cuda:0', grad_fn=<DivBackward0>)
Memory status after this epoch: 
Memory allocated:  0.48095703125
Memory cached:  64.0
[I 2023-11-07 15:59:41,480] Trial 10 finished with value: 0.01693674735724926 and parameters: {'W_layers': 2, 'W_layer_units_exponent_0': 4, 'W_layer_units_exponent_1': 6, 'D_layers': 2, 'D_layer_units_exponent_0': 7, 'D_layer_units_exponent_1': 5, 'D_dagger_layers': 2, 'D_dagger_layer_units_exponent_0': 5, 'D_dagger_layer_units_exponent_1': 9, 'log_learning_rate': -4.14319247310018, 'log_learning_rate_D': -1.932948005788061, 'log_learning_rate_D_dagger': -3.390294496034963, 'training_batch_size': 8, 'training_p': 7}. Best is trial 10 with value: 0.01693674735724926.
Time for this trial:  118.38811588287354
Memory status after this trial: 
Memory allocated:  43.1298828125
Memory cached:  56.0
--------------------  Trial  11   --------------------
Start timing: 
Parameters: 
{'W_layers': 2, 'W_layer_units_exponent_0': 4, 'W_layer_units_exponent_1': 6, 'D_layers': 2, 'D_layer_units_exponent_0': 7, 'D_layer_units_exponent_1': 5, 'D_dagger_layers': 2, 'D_dagger_layer_units_exponent_0': 5, 'D_dagger_layer_units_exponent_1': 9, 'log_learning_rate': -4.002031360092069, 'log_learning_rate_D': -1.9288539248539949, 'log_learning_rate_D_dagger': -3.3370332804201523, 'training_batch_size': 8, 'training_p': 7}
	 epoch  0 training error:  tensor(0.5829, device='cuda:0', grad_fn=<DivBackward0>)
Memory status after this epoch: 
Memory allocated:  0.48095703125
Memory cached:  62.0
	 epoch  10 training error:  tensor(0.1296, device='cuda:0', grad_fn=<DivBackward0>)
Memory status after this epoch: 
Memory allocated:  0.48095703125
Memory cached:  64.0
	 epoch  20 training error:  tensor(0.0750, device='cuda:0', grad_fn=<DivBackward0>)
Memory status after this epoch: 
Memory allocated:  0.48095703125
Memory cached:  64.0
	 epoch  30 training error:  tensor(0.0433, device='cuda:0', grad_fn=<DivBackward0>)
Memory status after this epoch: 
Memory allocated:  0.48095703125
Memory cached:  64.0
	 epoch  40 training error:  tensor(0.0423, device='cuda:0', grad_fn=<DivBackward0>)
Memory status after this epoch: 
Memory allocated:  0.48095703125
Memory cached:  64.0
	 epoch  50 training error:  tensor(0.0276, device='cuda:0', grad_fn=<DivBackward0>)
Memory status after this epoch: 
Memory allocated:  0.48095703125
Memory cached:  64.0
	 epoch  60 training error:  tensor(0.0286, device='cuda:0', grad_fn=<DivBackward0>)
Memory status after this epoch: 
Memory allocated:  0.48095703125
Memory cached:  64.0
	 epoch  70 training error:  tensor(0.0274, device='cuda:0', grad_fn=<DivBackward0>)
Memory status after this epoch: 
Memory allocated:  0.48095703125
Memory cached:  64.0
	 epoch  80 training error:  tensor(0.0272, device='cuda:0', grad_fn=<DivBackward0>)
Memory status after this epoch: 
Memory allocated:  0.48095703125
Memory cached:  64.0
	 epoch  90 training error:  tensor(0.0273, device='cuda:0', grad_fn=<DivBackward0>)
Memory status after this epoch: 
Memory allocated:  0.48095703125
Memory cached:  64.0
[I 2023-11-07 16:01:40,804] Trial 11 finished with value: 0.0201970674097538 and parameters: {'W_layers': 2, 'W_layer_units_exponent_0': 4, 'W_layer_units_exponent_1': 6, 'D_layers': 2, 'D_layer_units_exponent_0': 7, 'D_layer_units_exponent_1': 5, 'D_dagger_layers': 2, 'D_dagger_layer_units_exponent_0': 5, 'D_dagger_layer_units_exponent_1': 9, 'log_learning_rate': -4.002031360092069, 'log_learning_rate_D': -1.9288539248539949, 'log_learning_rate_D_dagger': -3.3370332804201523, 'training_batch_size': 8, 'training_p': 7}. Best is trial 10 with value: 0.01693674735724926.
Time for this trial:  119.13971638679504
Memory status after this trial: 
Memory allocated:  43.1298828125
Memory cached:  60.0
--------------------  Trial  12   --------------------
Start timing: 
Parameters: 
{'W_layers': 3, 'W_layer_units_exponent_0': 4, 'W_layer_units_exponent_1': 6, 'W_layer_units_exponent_2': 4, 'D_layers': 3, 'D_layer_units_exponent_0': 8, 'D_layer_units_exponent_1': 4, 'D_layer_units_exponent_2': 7, 'D_dagger_layers': 2, 'D_dagger_layer_units_exponent_0': 5, 'D_dagger_layer_units_exponent_1': 10, 'log_learning_rate': -4.322223424924478, 'log_learning_rate_D': -1.8343009345879695, 'log_learning_rate_D_dagger': -3.4165972442590964, 'training_batch_size': 6, 'training_p': 7}
	 epoch  0 training error:  tensor(1.1089, device='cuda:0', grad_fn=<DivBackward0>)
Memory status after this epoch: 
Memory allocated:  0.82666015625
Memory cached:  86.0
	 epoch  10 training error:  tensor(0.1309, device='cuda:0', grad_fn=<DivBackward0>)
Memory status after this epoch: 
Memory allocated:  0.82666015625
Memory cached:  100.0
	 epoch  20 training error:  tensor(0.0859, device='cuda:0', grad_fn=<DivBackward0>)
Memory status after this epoch: 
Memory allocated:  0.82666015625
Memory cached:  92.0
	 epoch  30 training error:  tensor(0.0623, device='cuda:0', grad_fn=<DivBackward0>)
Memory status after this epoch: 
Memory allocated:  0.82666015625
Memory cached:  102.0
	 epoch  40 training error:  tensor(0.0641, device='cuda:0', grad_fn=<DivBackward0>)
Memory status after this epoch: 
Memory allocated:  0.82666015625
Memory cached:  100.0
	 epoch  50 training error:  tensor(0.0475, device='cuda:0', grad_fn=<DivBackward0>)
Memory status after this epoch: 
Memory allocated:  0.82666015625
Memory cached:  92.0
	 epoch  60 training error:  tensor(0.0493, device='cuda:0', grad_fn=<DivBackward0>)
Memory status after this epoch: 
Memory allocated:  0.82666015625
Memory cached:  94.0
	 epoch  70 training error:  tensor(0.0466, device='cuda:0', grad_fn=<DivBackward0>)
Memory status after this epoch: 
Memory allocated:  0.82666015625
Memory cached:  82.0
	 epoch  80 training error:  tensor(0.0462, device='cuda:0', grad_fn=<DivBackward0>)
Memory status after this epoch: 
Memory allocated:  0.82666015625
Memory cached:  92.0
	 epoch  90 training error:  tensor(0.0416, device='cuda:0', grad_fn=<DivBackward0>)
Memory status after this epoch: 
Memory allocated:  0.82666015625
Memory cached:  106.0
[I 2023-11-07 16:05:56,665] Trial 12 finished with value: 0.03545919805765152 and parameters: {'W_layers': 3, 'W_layer_units_exponent_0': 4, 'W_layer_units_exponent_1': 6, 'W_layer_units_exponent_2': 4, 'D_layers': 3, 'D_layer_units_exponent_0': 8, 'D_layer_units_exponent_1': 4, 'D_layer_units_exponent_2': 7, 'D_dagger_layers': 2, 'D_dagger_layer_units_exponent_0': 5, 'D_dagger_layer_units_exponent_1': 10, 'log_learning_rate': -4.322223424924478, 'log_learning_rate_D': -1.8343009345879695, 'log_learning_rate_D_dagger': -3.4165972442590964, 'training_batch_size': 6, 'training_p': 7}. Best is trial 10 with value: 0.01693674735724926.
Time for this trial:  255.65030813217163
Memory status after this trial: 
Memory allocated:  84.5673828125
Memory cached:  88.0
--------------------  Trial  13   --------------------
Start timing: 
Parameters: 
{'W_layers': 3, 'W_layer_units_exponent_0': 7, 'W_layer_units_exponent_1': 6, 'W_layer_units_exponent_2': 5, 'D_layers': 3, 'D_layer_units_exponent_0': 6, 'D_layer_units_exponent_1': 6, 'D_layer_units_exponent_2': 7, 'D_dagger_layers': 4, 'D_dagger_layer_units_exponent_0': 6, 'D_dagger_layer_units_exponent_1': 8, 'D_dagger_layer_units_exponent_2': 10, 'D_dagger_layer_units_exponent_3': 4, 'log_learning_rate': -4.199834319725509, 'log_learning_rate_D': -2.4129088975654454, 'log_learning_rate_D_dagger': -1.1086446959803067, 'training_batch_size': 8, 'training_p': 8}
	 epoch  0 training error:  tensor(1.0106, device='cuda:0', grad_fn=<DivBackward0>)
Memory status after this epoch: 
Memory allocated:  5.01025390625
Memory cached:  94.0
	 epoch  10 training error:  tensor(0.9613, device='cuda:0', grad_fn=<DivBackward0>)
Memory status after this epoch: 
Memory allocated:  5.01025390625
Memory cached:  156.0
	 epoch  20 training error:  tensor(0.8958, device='cuda:0', grad_fn=<DivBackward0>)
Memory status after this epoch: 
Memory allocated:  5.01025390625
Memory cached:  156.0
	 epoch  30 training error:  tensor(0.8170, device='cuda:0', grad_fn=<DivBackward0>)
Memory status after this epoch: 
Memory allocated:  5.01025390625
Memory cached:  152.0
	 epoch  40 training error:  tensor(0.7267, device='cuda:0', grad_fn=<DivBackward0>)
Memory status after this epoch: 
Memory allocated:  5.01025390625
Memory cached:  156.0
	 epoch  50 training error:  tensor(0.6138, device='cuda:0', grad_fn=<DivBackward0>)
Memory status after this epoch: 
Memory allocated:  5.01025390625
Memory cached:  142.0
	 epoch  60 training error:  tensor(0.4736, device='cuda:0', grad_fn=<DivBackward0>)
Memory status after this epoch: 
Memory allocated:  5.01025390625
Memory cached:  148.0
	 epoch  70 training error:  tensor(0.3120, device='cuda:0', grad_fn=<DivBackward0>)
Memory status after this epoch: 
Memory allocated:  5.01025390625
Memory cached:  150.0
	 epoch  80 training error:  tensor(0.1299, device='cuda:0', grad_fn=<DivBackward0>)
Memory status after this epoch: 
Memory allocated:  5.01025390625
Memory cached:  154.0
	 epoch  90 training error:  tensor(0.0646, device='cuda:0', grad_fn=<DivBackward0>)
Memory status after this epoch: 
Memory allocated:  5.01025390625
Memory cached:  150.0
[I 2023-11-07 16:08:31,287] Trial 13 finished with value: 0.021034318953752518 and parameters: {'W_layers': 3, 'W_layer_units_exponent_0': 7, 'W_layer_units_exponent_1': 6, 'W_layer_units_exponent_2': 5, 'D_layers': 3, 'D_layer_units_exponent_0': 6, 'D_layer_units_exponent_1': 6, 'D_layer_units_exponent_2': 7, 'D_dagger_layers': 4, 'D_dagger_layer_units_exponent_0': 6, 'D_dagger_layer_units_exponent_1': 8, 'D_dagger_layer_units_exponent_2': 10, 'D_dagger_layer_units_exponent_3': 4, 'log_learning_rate': -4.199834319725509, 'log_learning_rate_D': -2.4129088975654454, 'log_learning_rate_D_dagger': -1.1086446959803067, 'training_batch_size': 8, 'training_p': 8}. Best is trial 10 with value: 0.01693674735724926.
Time for this trial:  154.40696692466736
Memory status after this trial: 
Memory allocated:  101.73974609375
Memory cached:  118.0
--------------------  Trial  14   --------------------
Start timing: 
Parameters: 
{'W_layers': 3, 'W_layer_units_exponent_0': 6, 'W_layer_units_exponent_1': 7, 'W_layer_units_exponent_2': 4, 'D_layers': 2, 'D_layer_units_exponent_0': 8, 'D_layer_units_exponent_1': 5, 'D_dagger_layers': 3, 'D_dagger_layer_units_exponent_0': 4, 'D_dagger_layer_units_exponent_1': 8, 'D_dagger_layer_units_exponent_2': 10, 'log_learning_rate': -4.445158155737412, 'log_learning_rate_D': -1.390946509207632, 'log_learning_rate_D_dagger': -3.8019082123125463, 'training_batch_size': 8, 'training_p': 7}
	 epoch  0 training error:  tensor(1.1928, device='cuda:0', grad_fn=<DivBackward0>)
Memory status after this epoch: 
Memory allocated:  4.52197265625
Memory cached:  104.0
	 epoch  10 training error:  tensor(0.3345, device='cuda:0', grad_fn=<DivBackward0>)
Memory status after this epoch: 
Memory allocated:  4.52197265625
Memory cached:  148.0
	 epoch  20 training error:  tensor(0.0923, device='cuda:0', grad_fn=<DivBackward0>)
Memory status after this epoch: 
Memory allocated:  4.52197265625
Memory cached:  146.0
	 epoch  30 training error:  tensor(0.0865, device='cuda:0', grad_fn=<DivBackward0>)
Memory status after this epoch: 
Memory allocated:  4.52197265625
Memory cached:  142.0
	 epoch  40 training error:  tensor(0.0517, device='cuda:0', grad_fn=<DivBackward0>)
Memory status after this epoch: 
Memory allocated:  4.52197265625
Memory cached:  144.0
	 epoch  50 training error:  tensor(0.0557, device='cuda:0', grad_fn=<DivBackward0>)
Memory status after this epoch: 
Memory allocated:  4.52197265625
Memory cached:  148.0
	 epoch  60 training error:  tensor(0.0399, device='cuda:0', grad_fn=<DivBackward0>)
Memory status after this epoch: 
Memory allocated:  4.52197265625
Memory cached:  148.0
	 epoch  70 training error:  tensor(0.0405, device='cuda:0', grad_fn=<DivBackward0>)
Memory status after this epoch: 
Memory allocated:  4.52197265625
Memory cached:  148.0
	 epoch  80 training error:  tensor(0.0378, device='cuda:0', grad_fn=<DivBackward0>)
Memory status after this epoch: 
Memory allocated:  4.52197265625
Memory cached:  140.0
	 epoch  90 training error:  tensor(0.0376, device='cuda:0', grad_fn=<DivBackward0>)
Memory status after this epoch: 
Memory allocated:  4.52197265625
Memory cached:  154.0
[I 2023-11-07 16:10:52,010] Trial 14 finished with value: 0.028415212407708168 and parameters: {'W_layers': 3, 'W_layer_units_exponent_0': 6, 'W_layer_units_exponent_1': 7, 'W_layer_units_exponent_2': 4, 'D_layers': 2, 'D_layer_units_exponent_0': 8, 'D_layer_units_exponent_1': 5, 'D_dagger_layers': 3, 'D_dagger_layer_units_exponent_0': 4, 'D_dagger_layer_units_exponent_1': 8, 'D_dagger_layer_units_exponent_2': 10, 'log_learning_rate': -4.445158155737412, 'log_learning_rate_D': -1.390946509207632, 'log_learning_rate_D_dagger': -3.8019082123125463, 'training_batch_size': 8, 'training_p': 7}. Best is trial 10 with value: 0.01693674735724926.
Time for this trial:  140.51739597320557
Memory status after this trial: 
Memory allocated:  99.0859375
Memory cached:  120.0
--------------------  Trial  15   --------------------
Start timing: 
Parameters: 
{'W_layers': 4, 'W_layer_units_exponent_0': 7, 'W_layer_units_exponent_1': 10, 'W_layer_units_exponent_2': 5, 'W_layer_units_exponent_3': 10, 'D_layers': 8, 'D_layer_units_exponent_0': 8, 'D_layer_units_exponent_1': 6, 'D_layer_units_exponent_2': 6, 'D_layer_units_exponent_3': 8, 'D_layer_units_exponent_4': 10, 'D_layer_units_exponent_5': 8, 'D_layer_units_exponent_6': 10, 'D_layer_units_exponent_7': 4, 'D_dagger_layers': 3, 'D_dagger_layer_units_exponent_0': 6, 'D_dagger_layer_units_exponent_1': 6, 'D_dagger_layer_units_exponent_2': 8, 'log_learning_rate': -3.7204331551810386, 'log_learning_rate_D': -1.1456242626844637, 'log_learning_rate_D_dagger': -3.001628441098471, 'training_batch_size': 7, 'training_p': 4}
	 epoch  0 training error:  tensor(1.2702, device='cuda:0', grad_fn=<DivBackward0>)
Memory status after this epoch: 
Memory allocated:  16.36572265625
Memory cached:  158.0
	 epoch  10 training error:  tensor(0.1373, device='cuda:0', grad_fn=<DivBackward0>)
Memory status after this epoch: 
Memory allocated:  16.36572265625
Memory cached:  304.0
	 epoch  20 training error:  tensor(0.0651, device='cuda:0', grad_fn=<DivBackward0>)
Memory status after this epoch: 
Memory allocated:  16.36572265625
Memory cached:  290.0
	 epoch  30 training error:  tensor(0.0277, device='cuda:0', grad_fn=<DivBackward0>)
Memory status after this epoch: 
Memory allocated:  16.36572265625
Memory cached:  308.0
	 epoch  40 training error:  tensor(0.0254, device='cuda:0', grad_fn=<DivBackward0>)
Memory status after this epoch: 
Memory allocated:  16.36572265625
Memory cached:  302.0
	 epoch  50 training error:  tensor(0.0233, device='cuda:0', grad_fn=<DivBackward0>)
Memory status after this epoch: 
Memory allocated:  16.36572265625
Memory cached:  298.0
	 epoch  60 training error:  tensor(0.0219, device='cuda:0', grad_fn=<DivBackward0>)
Memory status after this epoch: 
Memory allocated:  16.36572265625
Memory cached:  306.0
	 epoch  70 training error:  tensor(0.0211, device='cuda:0', grad_fn=<DivBackward0>)
Memory status after this epoch: 
Memory allocated:  16.36572265625
Memory cached:  298.0
	 epoch  80 training error:  tensor(0.0210, device='cuda:0', grad_fn=<DivBackward0>)
Memory status after this epoch: 
Memory allocated:  16.36572265625
Memory cached:  300.0
	 epoch  90 training error:  tensor(0.0211, device='cuda:0', grad_fn=<DivBackward0>)
Memory status after this epoch: 
Memory allocated:  16.36572265625
Memory cached:  298.0
