[I 2023-10-30 13:27:22,240] Trial 35 finished with value: 0.23686838150024414 and parameters: {'W_layers': 3, 'W_layer_units_exponent_0': 8, 'W_layer_units_exponent_1': 7, 'W_layer_units_exponent_2': 7, 'D_layers': 3, 'D_layer_units_exponent_0': 5, 'D_layer_units_exponent_1': 10, 'D_layer_units_exponent_2': 10, 'log_learning_rate': -2.460321978673896, 'log_learning_rate_D': -2.392171303005923, 'training_batch_size': 10, 'training_p': 7}. Best is trial 32 with value: 0.23615007102489471.
Time for this trial:  116.38241457939148
Memory status after this trial: 
Memory allocated:  146.63916015625
Memory cached:  160.0
--------------------  Trial  36   --------------------
Start timing: 
Parameters: 
{'W_layers': 2, 'W_layer_units_exponent_0': 7, 'W_layer_units_exponent_1': 6, 'D_layers': 2, 'D_layer_units_exponent_0': 4, 'D_layer_units_exponent_1': 8, 'log_learning_rate': -2.074531677611069, 'log_learning_rate_D': -3.4041105664183546, 'training_batch_size': 8, 'training_p': 8}
	 epoch  0 training error:  tensor(0.9990, device='cuda:0', grad_fn=<DivBackward0>)
Memory status after this epoch: 
Memory allocated:  0.248046875
Memory cached:  4.0
	 epoch  10 training error:  tensor(0.2652, device='cuda:0', grad_fn=<DivBackward0>)
Memory status after this epoch: 
Memory allocated:  0.248046875
Memory cached:  6.0
	 epoch  20 training error:  tensor(0.2631, device='cuda:0', grad_fn=<DivBackward0>)
Memory status after this epoch: 
Memory allocated:  0.248046875
Memory cached:  6.0
	 epoch  30 training error:  tensor(0.2600, device='cuda:0', grad_fn=<DivBackward0>)
Memory status after this epoch: 
Memory allocated:  0.248046875
Memory cached:  6.0
	 epoch  40 training error:  tensor(0.2584, device='cuda:0', grad_fn=<DivBackward0>)
Memory status after this epoch: 
Memory allocated:  0.248046875
Memory cached:  6.0
	 epoch  50 training error:  tensor(0.2573, device='cuda:0', grad_fn=<DivBackward0>)
Memory status after this epoch: 
Memory allocated:  0.248046875
Memory cached:  6.0
	 epoch  60 training error:  tensor(0.2573, device='cuda:0', grad_fn=<DivBackward0>)
Memory status after this epoch: 
Memory allocated:  0.248046875
Memory cached:  6.0
	 epoch  70 training error:  tensor(0.2573, device='cuda:0', grad_fn=<DivBackward0>)
Memory status after this epoch: 
Memory allocated:  0.248046875
Memory cached:  6.0
	 epoch  80 training error:  tensor(0.2573, device='cuda:0', grad_fn=<DivBackward0>)
Memory status after this epoch: 
Memory allocated:  0.248046875
Memory cached:  6.0
	 epoch  90 training error:  tensor(0.2572, device='cuda:0', grad_fn=<DivBackward0>)
Memory status after this epoch: 
Memory allocated:  0.248046875
Memory cached:  6.0
[I 2023-10-30 13:28:49,656] Trial 36 finished with value: 0.23751206696033478 and parameters: {'W_layers': 2, 'W_layer_units_exponent_0': 7, 'W_layer_units_exponent_1': 6, 'D_layers': 2, 'D_layer_units_exponent_0': 4, 'D_layer_units_exponent_1': 8, 'log_learning_rate': -2.074531677611069, 'log_learning_rate_D': -3.4041105664183546, 'training_batch_size': 8, 'training_p': 8}. Best is trial 32 with value: 0.23615007102489471.
Time for this trial:  87.20771217346191
Memory status after this trial: 
Memory allocated:  25.57080078125
Memory cached:  26.0
--------------------  Trial  37   --------------------
Start timing: 
Parameters: 
{'W_layers': 3, 'W_layer_units_exponent_0': 8, 'W_layer_units_exponent_1': 5, 'W_layer_units_exponent_2': 7, 'D_layers': 3, 'D_layer_units_exponent_0': 7, 'D_layer_units_exponent_1': 8, 'D_layer_units_exponent_2': 7, 'log_learning_rate': -1.1282171162938643, 'log_learning_rate_D': -2.859541056770157, 'training_batch_size': 11, 'training_p': 7}
	 epoch  0 training error:  tensor(1.0000, device='cuda:0', grad_fn=<DivBackward0>)
Memory status after this epoch: 
Memory allocated:  1.259765625
Memory cached:  8.0
[W 2023-10-30 13:28:52,735] Trial 37 failed with parameters: {'W_layers': 3, 'W_layer_units_exponent_0': 8, 'W_layer_units_exponent_1': 5, 'W_layer_units_exponent_2': 7, 'D_layers': 3, 'D_layer_units_exponent_0': 7, 'D_layer_units_exponent_1': 8, 'D_layer_units_exponent_2': 7, 'log_learning_rate': -1.1282171162938643, 'log_learning_rate_D': -2.859541056770157, 'training_batch_size': 11, 'training_p': 7} because of the following error: The value nan is not acceptable.
[W 2023-10-30 13:28:52,736] Trial 37 failed with value tensor(nan, device='cuda:0', grad_fn=<DivBackward0>).
Time for this trial:  2.8880677223205566
Memory status after this trial: 
Memory allocated:  50.5595703125
Memory cached:  52.0
--------------------  Trial  38   --------------------
Start timing: 
Parameters: 
{'W_layers': 3, 'W_layer_units_exponent_0': 8, 'W_layer_units_exponent_1': 5, 'W_layer_units_exponent_2': 7, 'D_layers': 3, 'D_layer_units_exponent_0': 7, 'D_layer_units_exponent_1': 8, 'D_layer_units_exponent_2': 7, 'log_learning_rate': -1.2384008935200046, 'log_learning_rate_D': -2.7679876037824434, 'training_batch_size': 11, 'training_p': 7}
	 epoch  0 training error:  tensor(0.9998, device='cuda:0', grad_fn=<DivBackward0>)
Memory status after this epoch: 
Memory allocated:  1.259765625
Memory cached:  8.0
	 epoch  10 training error:  tensor(1., device='cuda:0', grad_fn=<DivBackward0>)
Memory status after this epoch: 
Memory allocated:  1.259765625
Memory cached:  10.0
	 epoch  20 training error:  tensor(1., device='cuda:0', grad_fn=<DivBackward0>)
Memory status after this epoch: 
Memory allocated:  1.259765625
Memory cached:  10.0
	 epoch  30 training error:  tensor(1., device='cuda:0', grad_fn=<DivBackward0>)
Memory status after this epoch: 
Memory allocated:  1.259765625
Memory cached:  12.0
	 epoch  40 training error:  tensor(1., device='cuda:0', grad_fn=<DivBackward0>)
Memory status after this epoch: 
Memory allocated:  1.259765625
Memory cached:  10.0
	 epoch  50 training error:  tensor(1., device='cuda:0', grad_fn=<DivBackward0>)
Memory status after this epoch: 
Memory allocated:  1.259765625
Memory cached:  10.0
	 epoch  60 training error:  tensor(1., device='cuda:0', grad_fn=<DivBackward0>)
Memory status after this epoch: 
Memory allocated:  1.259765625
Memory cached:  10.0
	 epoch  70 training error:  tensor(1., device='cuda:0', grad_fn=<DivBackward0>)
Memory status after this epoch: 
Memory allocated:  1.259765625
Memory cached:  12.0
	 epoch  80 training error:  tensor(1., device='cuda:0', grad_fn=<DivBackward0>)
Memory status after this epoch: 
Memory allocated:  1.259765625
Memory cached:  10.0
	 epoch  90 training error:  tensor(1., device='cuda:0', grad_fn=<DivBackward0>)
Memory status after this epoch: 
Memory allocated:  1.259765625
Memory cached:  10.0
[I 2023-10-30 13:30:39,789] Trial 38 finished with value: 1.0 and parameters: {'W_layers': 3, 'W_layer_units_exponent_0': 8, 'W_layer_units_exponent_1': 5, 'W_layer_units_exponent_2': 7, 'D_layers': 3, 'D_layer_units_exponent_0': 7, 'D_layer_units_exponent_1': 8, 'D_layer_units_exponent_2': 7, 'log_learning_rate': -1.2384008935200046, 'log_learning_rate_D': -2.7679876037824434, 'training_batch_size': 11, 'training_p': 7}. Best is trial 32 with value: 0.23615007102489471.
Time for this trial:  106.86952686309814
Memory status after this trial: 
Memory allocated:  50.5595703125
Memory cached:  52.0
--------------------  Trial  39   --------------------
Start timing: 
Parameters: 
{'W_layers': 4, 'W_layer_units_exponent_0': 9, 'W_layer_units_exponent_1': 8, 'W_layer_units_exponent_2': 6, 'W_layer_units_exponent_3': 5, 'D_layers': 4, 'D_layer_units_exponent_0': 6, 'D_layer_units_exponent_1': 9, 'D_layer_units_exponent_2': 9, 'D_layer_units_exponent_3': 4, 'log_learning_rate': -2.3832234561200174, 'log_learning_rate_D': -3.1225772346123932, 'training_batch_size': 10, 'training_p': 6}
	 epoch  0 training error:  tensor(1.0000, device='cuda:0', grad_fn=<DivBackward0>)
Memory status after this epoch: 
Memory allocated:  7.0078125
Memory cached:  16.0
	 epoch  10 training error:  tensor(2.3111, device='cuda:0', grad_fn=<DivBackward0>)
Memory status after this epoch: 
Memory allocated:  7.0078125
Memory cached:  22.0
	 epoch  20 training error:  tensor(0.2604, device='cuda:0', grad_fn=<DivBackward0>)
Memory status after this epoch: 
Memory allocated:  7.0078125
Memory cached:  22.0
	 epoch  30 training error:  tensor(0.3551, device='cuda:0', grad_fn=<DivBackward0>)
Memory status after this epoch: 
Memory allocated:  7.0078125
Memory cached:  22.0
	 epoch  40 training error:  tensor(0.2567, device='cuda:0', grad_fn=<DivBackward0>)
Memory status after this epoch: 
Memory allocated:  7.0078125
Memory cached:  22.0
	 epoch  50 training error:  tensor(0.2561, device='cuda:0', grad_fn=<DivBackward0>)
Memory status after this epoch: 
Memory allocated:  7.0078125
Memory cached:  22.0
	 epoch  60 training error:  tensor(0.2548, device='cuda:0', grad_fn=<DivBackward0>)
Memory status after this epoch: 
Memory allocated:  7.0078125
Memory cached:  22.0
	 epoch  70 training error:  tensor(0.2554, device='cuda:0', grad_fn=<DivBackward0>)
Memory status after this epoch: 
Memory allocated:  7.0078125
Memory cached:  22.0
	 epoch  80 training error:  tensor(0.2547, device='cuda:0', grad_fn=<DivBackward0>)
Memory status after this epoch: 
Memory allocated:  7.0078125
Memory cached:  22.0
	 epoch  90 training error:  tensor(0.2548, device='cuda:0', grad_fn=<DivBackward0>)
Memory status after this epoch: 
Memory allocated:  7.0078125
Memory cached:  22.0
[I 2023-10-30 13:32:50,604] Trial 39 finished with value: 0.2368200272321701 and parameters: {'W_layers': 4, 'W_layer_units_exponent_0': 9, 'W_layer_units_exponent_1': 8, 'W_layer_units_exponent_2': 6, 'W_layer_units_exponent_3': 5, 'D_layers': 4, 'D_layer_units_exponent_0': 6, 'D_layer_units_exponent_1': 9, 'D_layer_units_exponent_2': 9, 'D_layer_units_exponent_3': 4, 'log_learning_rate': -2.3832234561200174, 'log_learning_rate_D': -3.1225772346123932, 'training_batch_size': 10, 'training_p': 6}. Best is trial 32 with value: 0.23615007102489471.
Time for this trial:  130.60723209381104
Memory status after this trial: 
Memory allocated:  108.82861328125
Memory cached:  114.0
--------------------  Trial  40   --------------------
Start timing: 
Parameters: 
{'W_layers': 2, 'W_layer_units_exponent_0': 6, 'W_layer_units_exponent_1': 9, 'D_layers': 2, 'D_layer_units_exponent_0': 5, 'D_layer_units_exponent_1': 10, 'log_learning_rate': -1.9503863166985946, 'log_learning_rate_D': -3.839071405805563, 'training_batch_size': 9, 'training_p': 7}
	 epoch  0 training error:  tensor(0.9995, device='cuda:0', grad_fn=<DivBackward0>)
Memory status after this epoch: 
Memory allocated:  1.09375
Memory cached:  8.0
	 epoch  10 training error:  tensor(0.4085, device='cuda:0', grad_fn=<DivBackward0>)
Memory status after this epoch: 
Memory allocated:  1.09375
Memory cached:  10.0
	 epoch  20 training error:  tensor(0.3067, device='cuda:0', grad_fn=<DivBackward0>)
Memory status after this epoch: 
Memory allocated:  1.09375
Memory cached:  10.0
	 epoch  30 training error:  tensor(0.2602, device='cuda:0', grad_fn=<DivBackward0>)
Memory status after this epoch: 
Memory allocated:  1.09375
Memory cached:  10.0
	 epoch  40 training error:  tensor(0.2622, device='cuda:0', grad_fn=<DivBackward0>)
Memory status after this epoch: 
Memory allocated:  1.09375
Memory cached:  10.0
	 epoch  50 training error:  tensor(0.2563, device='cuda:0', grad_fn=<DivBackward0>)
Memory status after this epoch: 
Memory allocated:  1.09375
Memory cached:  10.0
	 epoch  60 training error:  tensor(0.2570, device='cuda:0', grad_fn=<DivBackward0>)
Memory status after this epoch: 
Memory allocated:  1.09375
Memory cached:  10.0
	 epoch  70 training error:  tensor(0.2565, device='cuda:0', grad_fn=<DivBackward0>)
Memory status after this epoch: 
Memory allocated:  1.09375
Memory cached:  10.0
	 epoch  80 training error:  tensor(0.2562, device='cuda:0', grad_fn=<DivBackward0>)
Memory status after this epoch: 
Memory allocated:  1.09375
Memory cached:  10.0
	 epoch  90 training error:  tensor(0.2562, device='cuda:0', grad_fn=<DivBackward0>)
Memory status after this epoch: 
Memory allocated:  1.09375
Memory cached:  10.0
[I 2023-10-30 13:34:28,735] Trial 40 finished with value: 0.23753340542316437 and parameters: {'W_layers': 2, 'W_layer_units_exponent_0': 6, 'W_layer_units_exponent_1': 9, 'D_layers': 2, 'D_layer_units_exponent_0': 5, 'D_layer_units_exponent_1': 10, 'log_learning_rate': -1.9503863166985946, 'log_learning_rate_D': -3.839071405805563, 'training_batch_size': 9, 'training_p': 7}. Best is trial 32 with value: 0.23615007102489471.
Time for this trial:  97.92908763885498
Memory status after this trial: 
Memory allocated:  87.78369140625
Memory cached:  90.0
--------------------  Trial  41   --------------------
Start timing: 
Parameters: 
{'W_layers': 3, 'W_layer_units_exponent_0': 10, 'W_layer_units_exponent_1': 10, 'W_layer_units_exponent_2': 8, 'D_layers': 2, 'D_layer_units_exponent_0': 7, 'D_layer_units_exponent_1': 7, 'log_learning_rate': -2.6737725040233085, 'log_learning_rate_D': -3.543109545405416, 'training_batch_size': 9, 'training_p': 8}
	 epoch  0 training error:  tensor(1.0000, device='cuda:0', grad_fn=<DivBackward0>)
Memory status after this epoch: 
Memory allocated:  20.3828125
Memory cached:  30.0
	 epoch  10 training error:  tensor(0.4795, device='cuda:0', grad_fn=<DivBackward0>)
Memory status after this epoch: 
Memory allocated:  20.3828125
Memory cached:  34.0
	 epoch  20 training error:  tensor(0.9910, device='cuda:0', grad_fn=<DivBackward0>)
Memory status after this epoch: 
Memory allocated:  20.3828125
Memory cached:  34.0
	 epoch  30 training error:  tensor(0.6482, device='cuda:0', grad_fn=<DivBackward0>)
Memory status after this epoch: 
Memory allocated:  20.3828125
Memory cached:  36.0
	 epoch  40 training error:  tensor(0.4229, device='cuda:0', grad_fn=<DivBackward0>)
Memory status after this epoch: 
Memory allocated:  20.3828125
Memory cached:  34.0
	 epoch  50 training error:  tensor(0.2856, device='cuda:0', grad_fn=<DivBackward0>)
Memory status after this epoch: 
Memory allocated:  20.3828125
Memory cached:  36.0
	 epoch  60 training error:  tensor(0.2574, device='cuda:0', grad_fn=<DivBackward0>)
Memory status after this epoch: 
Memory allocated:  20.3828125
Memory cached:  38.0
	 epoch  70 training error:  tensor(0.2600, device='cuda:0', grad_fn=<DivBackward0>)
Memory status after this epoch: 
Memory allocated:  20.3828125
Memory cached:  34.0
	 epoch  80 training error:  tensor(0.2588, device='cuda:0', grad_fn=<DivBackward0>)
Memory status after this epoch: 
Memory allocated:  20.3828125
Memory cached:  38.0
	 epoch  90 training error:  tensor(0.2578, device='cuda:0', grad_fn=<DivBackward0>)
Memory status after this epoch: 
Memory allocated:  20.3828125
Memory cached:  32.0
[I 2023-10-30 13:36:19,832] Trial 41 finished with value: 0.2365351915359497 and parameters: {'W_layers': 3, 'W_layer_units_exponent_0': 10, 'W_layer_units_exponent_1': 10, 'W_layer_units_exponent_2': 8, 'D_layers': 2, 'D_layer_units_exponent_0': 7, 'D_layer_units_exponent_1': 7, 'log_learning_rate': -2.6737725040233085, 'log_learning_rate_D': -3.543109545405416, 'training_batch_size': 9, 'training_p': 8}. Best is trial 32 with value: 0.23615007102489471.
Time for this trial:  110.91860604286194
Memory status after this trial: 
Memory allocated:  147.416015625
Memory cached:  162.0
--------------------  Trial  42   --------------------
Start timing: 
Parameters: 
{'W_layers': 3, 'W_layer_units_exponent_0': 10, 'W_layer_units_exponent_1': 10, 'W_layer_units_exponent_2': 8, 'D_layers': 2, 'D_layer_units_exponent_0': 7, 'D_layer_units_exponent_1': 7, 'log_learning_rate': -2.7209917267805688, 'log_learning_rate_D': -3.3906556673888897, 'training_batch_size': 9, 'training_p': 8}
	 epoch  0 training error:  tensor(1.0000, device='cuda:0', grad_fn=<DivBackward0>)
Memory status after this epoch: 
Memory allocated:  20.3828125
Memory cached:  32.0
	 epoch  10 training error:  tensor(0.9870, device='cuda:0', grad_fn=<DivBackward0>)
Memory status after this epoch: 
Memory allocated:  20.3828125
Memory cached:  34.0
	 epoch  20 training error:  tensor(1., device='cuda:0', grad_fn=<DivBackward0>)
Memory status after this epoch: 
Memory allocated:  20.3828125
Memory cached:  34.0
	 epoch  30 training error:  tensor(1., device='cuda:0', grad_fn=<DivBackward0>)
Memory status after this epoch: 
Memory allocated:  20.3828125
Memory cached:  34.0
	 epoch  40 training error:  tensor(1., device='cuda:0', grad_fn=<DivBackward0>)
Memory status after this epoch: 
Memory allocated:  20.3828125
Memory cached:  34.0
	 epoch  50 training error:  tensor(1., device='cuda:0', grad_fn=<DivBackward0>)
Memory status after this epoch: 
Memory allocated:  20.3828125
Memory cached:  34.0
	 epoch  60 training error:  tensor(1., device='cuda:0', grad_fn=<DivBackward0>)
Memory status after this epoch: 
Memory allocated:  20.3828125
Memory cached:  34.0
	 epoch  70 training error:  tensor(1., device='cuda:0', grad_fn=<DivBackward0>)
Memory status after this epoch: 
Memory allocated:  20.3828125
Memory cached:  34.0
	 epoch  80 training error:  tensor(1., device='cuda:0', grad_fn=<DivBackward0>)
Memory status after this epoch: 
Memory allocated:  20.3828125
Memory cached:  34.0
	 epoch  90 training error:  tensor(1., device='cuda:0', grad_fn=<DivBackward0>)
Memory status after this epoch: 
Memory allocated:  20.3828125
Memory cached:  34.0
[I 2023-10-30 13:38:11,280] Trial 42 finished with value: 1.0 and parameters: {'W_layers': 3, 'W_layer_units_exponent_0': 10, 'W_layer_units_exponent_1': 10, 'W_layer_units_exponent_2': 8, 'D_layers': 2, 'D_layer_units_exponent_0': 7, 'D_layer_units_exponent_1': 7, 'log_learning_rate': -2.7209917267805688, 'log_learning_rate_D': -3.3906556673888897, 'training_batch_size': 9, 'training_p': 8}. Best is trial 32 with value: 0.23615007102489471.
Time for this trial:  111.25555276870728
Memory status after this trial: 
Memory allocated:  147.416015625
Memory cached:  162.0
--------------------  Trial  43   --------------------
Start timing: 
Parameters: 
{'W_layers': 3, 'W_layer_units_exponent_0': 10, 'W_layer_units_exponent_1': 9, 'W_layer_units_exponent_2': 9, 'D_layers': 2, 'D_layer_units_exponent_0': 9, 'D_layer_units_exponent_1': 8, 'log_learning_rate': -2.2989077063938828, 'log_learning_rate_D': -3.660344914983244, 'training_batch_size': 9, 'training_p': 8}
	 epoch  0 training error:  tensor(1.0000, device='cuda:0', grad_fn=<DivBackward0>)
Memory status after this epoch: 
Memory allocated:  14.154296875
Memory cached:  30.0
	 epoch  10 training error:  tensor(1., device='cuda:0', grad_fn=<DivBackward0>)
Memory status after this epoch: 
Memory allocated:  14.154296875
Memory cached:  34.0
	 epoch  20 training error:  tensor(1., device='cuda:0', grad_fn=<DivBackward0>)
Memory status after this epoch: 
Memory allocated:  14.154296875
Memory cached:  38.0
	 epoch  30 training error:  tensor(1., device='cuda:0', grad_fn=<DivBackward0>)
Memory status after this epoch: 
Memory allocated:  14.154296875
Memory cached:  36.0
	 epoch  40 training error:  tensor(1., device='cuda:0', grad_fn=<DivBackward0>)
Memory status after this epoch: 
Memory allocated:  14.154296875
Memory cached:  38.0
	 epoch  50 training error:  tensor(1., device='cuda:0', grad_fn=<DivBackward0>)
Memory status after this epoch: 
Memory allocated:  14.154296875
Memory cached:  36.0
	 epoch  60 training error:  tensor(1., device='cuda:0', grad_fn=<DivBackward0>)
Memory status after this epoch: 
Memory allocated:  14.154296875
Memory cached:  38.0
	 epoch  70 training error:  tensor(1., device='cuda:0', grad_fn=<DivBackward0>)
Memory status after this epoch: 
Memory allocated:  14.154296875
Memory cached:  36.0
	 epoch  80 training error:  tensor(1., device='cuda:0', grad_fn=<DivBackward0>)
Memory status after this epoch: 
Memory allocated:  14.154296875
Memory cached:  38.0
	 epoch  90 training error:  tensor(1., device='cuda:0', grad_fn=<DivBackward0>)
Memory status after this epoch: 
Memory allocated:  14.154296875
Memory cached:  36.0
