[I 2023-11-06 12:50:36,340] Trial 29 finished with value: 0.05016987398266792 and parameters: {'W_layers': 2, 'W_layer_units_exponent_0': 5, 'W_layer_units_exponent_1': 7, 'D_layers': 3, 'D_layer_units_exponent_0': 6, 'D_layer_units_exponent_1': 5, 'D_layer_units_exponent_2': 10, 'D_dagger_layers': 6, 'D_dagger_layer_units_exponent_0': 9, 'D_dagger_layer_units_exponent_1': 6, 'D_dagger_layer_units_exponent_2': 6, 'D_dagger_layer_units_exponent_3': 8, 'D_dagger_layer_units_exponent_4': 7, 'D_dagger_layer_units_exponent_5': 7, 'log_learning_rate': -1.2893387766085842, 'log_learning_rate_D': -4.559585151637459, 'log_learning_rate_D_dagger': -3.1678019088287934, 'training_batch_size': 10, 'training_p': 2}. Best is trial 26 with value: 0.03105420432984829.
Time for this trial:  172.1730501651764
Memory status after this trial: 
Memory allocated:  131.392578125
Memory cached:  134.0
--------------------  Trial  30   --------------------
Start timing: 
Parameters: 
{'W_layers': 5, 'W_layer_units_exponent_0': 9, 'W_layer_units_exponent_1': 6, 'W_layer_units_exponent_2': 9, 'W_layer_units_exponent_3': 10, 'W_layer_units_exponent_4': 7, 'D_layers': 4, 'D_layer_units_exponent_0': 9, 'D_layer_units_exponent_1': 8, 'D_layer_units_exponent_2': 7, 'D_layer_units_exponent_3': 10, 'D_dagger_layers': 5, 'D_dagger_layer_units_exponent_0': 8, 'D_dagger_layer_units_exponent_1': 9, 'D_dagger_layer_units_exponent_2': 4, 'D_dagger_layer_units_exponent_3': 4, 'D_dagger_layer_units_exponent_4': 4, 'log_learning_rate': -1.7041246407106216, 'log_learning_rate_D': -3.688261831932059, 'log_learning_rate_D_dagger': -2.6966586136041664, 'training_batch_size': 7, 'training_p': 3}
	 epoch  0 training error:  tensor(0.8320, device='cuda:0', grad_fn=<DivBackward0>)
Memory status after this epoch: 
Memory allocated:  17.87939453125
Memory cached:  174.0
	 epoch  10 training error:  tensor(0.0901, device='cuda:0', grad_fn=<DivBackward0>)
Memory status after this epoch: 
Memory allocated:  17.87939453125
Memory cached:  312.0
	 epoch  20 training error:  tensor(0.0836, device='cuda:0', grad_fn=<DivBackward0>)
Memory status after this epoch: 
Memory allocated:  17.87939453125
Memory cached:  310.0
	 epoch  30 training error:  tensor(0.1034, device='cuda:0', grad_fn=<DivBackward0>)
Memory status after this epoch: 
Memory allocated:  17.87939453125
Memory cached:  306.0
	 epoch  40 training error:  tensor(0.0796, device='cuda:0', grad_fn=<DivBackward0>)
Memory status after this epoch: 
Memory allocated:  17.87939453125
Memory cached:  308.0
	 epoch  50 training error:  tensor(0.0550, device='cuda:0', grad_fn=<DivBackward0>)
Memory status after this epoch: 
Memory allocated:  17.87939453125
Memory cached:  306.0
	 epoch  60 training error:  tensor(0.0540, device='cuda:0', grad_fn=<DivBackward0>)
Memory status after this epoch: 
Memory allocated:  17.87939453125
Memory cached:  304.0
	 epoch  70 training error:  tensor(0.0537, device='cuda:0', grad_fn=<DivBackward0>)
Memory status after this epoch: 
Memory allocated:  17.87939453125
Memory cached:  310.0
	 epoch  80 training error:  tensor(0.0530, device='cuda:0', grad_fn=<DivBackward0>)
Memory status after this epoch: 
Memory allocated:  17.87939453125
Memory cached:  306.0
	 epoch  90 training error:  tensor(0.0525, device='cuda:0', grad_fn=<DivBackward0>)
Memory status after this epoch: 
Memory allocated:  17.87939453125
Memory cached:  306.0
[I 2023-11-06 12:54:07,159] Trial 30 finished with value: 0.05048146843910217 and parameters: {'W_layers': 5, 'W_layer_units_exponent_0': 9, 'W_layer_units_exponent_1': 6, 'W_layer_units_exponent_2': 9, 'W_layer_units_exponent_3': 10, 'W_layer_units_exponent_4': 7, 'D_layers': 4, 'D_layer_units_exponent_0': 9, 'D_layer_units_exponent_1': 8, 'D_layer_units_exponent_2': 7, 'D_layer_units_exponent_3': 10, 'D_dagger_layers': 5, 'D_dagger_layer_units_exponent_0': 8, 'D_dagger_layer_units_exponent_1': 9, 'D_dagger_layer_units_exponent_2': 4, 'D_dagger_layer_units_exponent_3': 4, 'D_dagger_layer_units_exponent_4': 4, 'log_learning_rate': -1.7041246407106216, 'log_learning_rate_D': -3.688261831932059, 'log_learning_rate_D_dagger': -2.6966586136041664, 'training_batch_size': 7, 'training_p': 3}. Best is trial 26 with value: 0.03105420432984829.
Time for this trial:  210.54914927482605
Memory status after this trial: 
Memory allocated:  275.10791015625
Memory cached:  298.0
--------------------  Trial  31   --------------------
Start timing: 
Parameters: 
{'W_layers': 6, 'W_layer_units_exponent_0': 6, 'W_layer_units_exponent_1': 9, 'W_layer_units_exponent_2': 7, 'W_layer_units_exponent_3': 6, 'W_layer_units_exponent_4': 6, 'W_layer_units_exponent_5': 6, 'D_layers': 2, 'D_layer_units_exponent_0': 5, 'D_layer_units_exponent_1': 7, 'D_dagger_layers': 5, 'D_dagger_layer_units_exponent_0': 8, 'D_dagger_layer_units_exponent_1': 8, 'D_dagger_layer_units_exponent_2': 7, 'D_dagger_layer_units_exponent_3': 5, 'D_dagger_layer_units_exponent_4': 9, 'log_learning_rate': -2.715763003277496, 'log_learning_rate_D': -3.97635733234261, 'log_learning_rate_D_dagger': -3.6092569710939744, 'training_batch_size': 12, 'training_p': 5}
	 epoch  0 training error:  tensor(0.7438, device='cuda:0', grad_fn=<DivBackward0>)
Memory status after this epoch: 
Memory allocated:  3.80322265625
Memory cached:  92.0
	 epoch  10 training error:  tensor(0.1136, device='cuda:0', grad_fn=<DivBackward0>)
Memory status after this epoch: 
Memory allocated:  3.80322265625
Memory cached:  112.0
	 epoch  20 training error:  tensor(0.0587, device='cuda:0', grad_fn=<DivBackward0>)
Memory status after this epoch: 
Memory allocated:  3.80322265625
Memory cached:  114.0
	 epoch  30 training error:  tensor(0.0490, device='cuda:0', grad_fn=<DivBackward0>)
Memory status after this epoch: 
Memory allocated:  3.80322265625
Memory cached:  112.0
	 epoch  40 training error:  tensor(0.0467, device='cuda:0', grad_fn=<DivBackward0>)
Memory status after this epoch: 
Memory allocated:  3.80322265625
Memory cached:  112.0
	 epoch  50 training error:  tensor(0.0442, device='cuda:0', grad_fn=<DivBackward0>)
Memory status after this epoch: 
Memory allocated:  3.80322265625
Memory cached:  112.0
	 epoch  60 training error:  tensor(0.0363, device='cuda:0', grad_fn=<DivBackward0>)
Memory status after this epoch: 
Memory allocated:  3.80322265625
Memory cached:  112.0
	 epoch  70 training error:  tensor(0.0336, device='cuda:0', grad_fn=<DivBackward0>)
Memory status after this epoch: 
Memory allocated:  3.80322265625
Memory cached:  112.0
	 epoch  80 training error:  tensor(0.0337, device='cuda:0', grad_fn=<DivBackward0>)
Memory status after this epoch: 
Memory allocated:  3.80322265625
Memory cached:  112.0
	 epoch  90 training error:  tensor(0.0355, device='cuda:0', grad_fn=<DivBackward0>)
Memory status after this epoch: 
Memory allocated:  3.80322265625
Memory cached:  112.0
[I 2023-11-06 12:57:13,196] Trial 31 finished with value: 0.024036098271608353 and parameters: {'W_layers': 6, 'W_layer_units_exponent_0': 6, 'W_layer_units_exponent_1': 9, 'W_layer_units_exponent_2': 7, 'W_layer_units_exponent_3': 6, 'W_layer_units_exponent_4': 6, 'W_layer_units_exponent_5': 6, 'D_layers': 2, 'D_layer_units_exponent_0': 5, 'D_layer_units_exponent_1': 7, 'D_dagger_layers': 5, 'D_dagger_layer_units_exponent_0': 8, 'D_dagger_layer_units_exponent_1': 8, 'D_dagger_layer_units_exponent_2': 7, 'D_dagger_layer_units_exponent_3': 5, 'D_dagger_layer_units_exponent_4': 9, 'log_learning_rate': -2.715763003277496, 'log_learning_rate_D': -3.97635733234261, 'log_learning_rate_D_dagger': -3.6092569710939744, 'training_batch_size': 12, 'training_p': 5}. Best is trial 31 with value: 0.024036098271608353.
Time for this trial:  185.75031328201294
Memory status after this trial: 
Memory allocated:  122.37890625
Memory cached:  126.0
--------------------  Trial  32   --------------------
Start timing: 
Parameters: 
{'W_layers': 7, 'W_layer_units_exponent_0': 7, 'W_layer_units_exponent_1': 9, 'W_layer_units_exponent_2': 7, 'W_layer_units_exponent_3': 5, 'W_layer_units_exponent_4': 5, 'W_layer_units_exponent_5': 5, 'W_layer_units_exponent_6': 5, 'D_layers': 2, 'D_layer_units_exponent_0': 5, 'D_layer_units_exponent_1': 7, 'D_dagger_layers': 5, 'D_dagger_layer_units_exponent_0': 8, 'D_dagger_layer_units_exponent_1': 8, 'D_dagger_layer_units_exponent_2': 8, 'D_dagger_layer_units_exponent_3': 4, 'D_dagger_layer_units_exponent_4': 9, 'log_learning_rate': -2.836257894190968, 'log_learning_rate_D': -3.556969118927096, 'log_learning_rate_D_dagger': -3.6352041861231124, 'training_batch_size': 12, 'training_p': 5}
	 epoch  0 training error:  tensor(0.9813, device='cuda:0', grad_fn=<DivBackward0>)
Memory status after this epoch: 
Memory allocated:  4.54345703125
Memory cached:  132.0
	 epoch  10 training error:  tensor(0.2008, device='cuda:0', grad_fn=<DivBackward0>)
Memory status after this epoch: 
Memory allocated:  4.54345703125
Memory cached:  168.0
	 epoch  20 training error:  tensor(0.0661, device='cuda:0', grad_fn=<DivBackward0>)
Memory status after this epoch: 
Memory allocated:  4.54345703125
Memory cached:  172.0
	 epoch  30 training error:  tensor(0.0936, device='cuda:0', grad_fn=<DivBackward0>)
Memory status after this epoch: 
Memory allocated:  4.54345703125
Memory cached:  184.0
	 epoch  40 training error:  tensor(0.0724, device='cuda:0', grad_fn=<DivBackward0>)
Memory status after this epoch: 
Memory allocated:  4.54345703125
Memory cached:  170.0
	 epoch  50 training error:  tensor(0.0603, device='cuda:0', grad_fn=<DivBackward0>)
Memory status after this epoch: 
Memory allocated:  4.54345703125
Memory cached:  168.0
	 epoch  60 training error:  tensor(0.0472, device='cuda:0', grad_fn=<DivBackward0>)
Memory status after this epoch: 
Memory allocated:  4.54345703125
Memory cached:  164.0
	 epoch  70 training error:  tensor(0.0389, device='cuda:0', grad_fn=<DivBackward0>)
Memory status after this epoch: 
Memory allocated:  4.54345703125
Memory cached:  174.0
	 epoch  80 training error:  tensor(0.0363, device='cuda:0', grad_fn=<DivBackward0>)
Memory status after this epoch: 
Memory allocated:  4.54345703125
Memory cached:  174.0
	 epoch  90 training error:  tensor(0.0340, device='cuda:0', grad_fn=<DivBackward0>)
Memory status after this epoch: 
Memory allocated:  4.54345703125
Memory cached:  164.0
[I 2023-11-06 13:00:25,252] Trial 32 finished with value: 0.0265895277261734 and parameters: {'W_layers': 7, 'W_layer_units_exponent_0': 7, 'W_layer_units_exponent_1': 9, 'W_layer_units_exponent_2': 7, 'W_layer_units_exponent_3': 5, 'W_layer_units_exponent_4': 5, 'W_layer_units_exponent_5': 5, 'W_layer_units_exponent_6': 5, 'D_layers': 2, 'D_layer_units_exponent_0': 5, 'D_layer_units_exponent_1': 7, 'D_dagger_layers': 5, 'D_dagger_layer_units_exponent_0': 8, 'D_dagger_layer_units_exponent_1': 8, 'D_dagger_layer_units_exponent_2': 8, 'D_dagger_layer_units_exponent_3': 4, 'D_dagger_layer_units_exponent_4': 9, 'log_learning_rate': -2.836257894190968, 'log_learning_rate_D': -3.556969118927096, 'log_learning_rate_D_dagger': -3.6352041861231124, 'training_batch_size': 12, 'training_p': 5}. Best is trial 31 with value: 0.024036098271608353.
Time for this trial:  191.77521800994873
Memory status after this trial: 
Memory allocated:  128.9013671875
Memory cached:  152.0
--------------------  Trial  33   --------------------
Start timing: 
Parameters: 
{'W_layers': 6, 'W_layer_units_exponent_0': 7, 'W_layer_units_exponent_1': 9, 'W_layer_units_exponent_2': 8, 'W_layer_units_exponent_3': 5, 'W_layer_units_exponent_4': 5, 'W_layer_units_exponent_5': 5, 'D_layers': 2, 'D_layer_units_exponent_0': 5, 'D_layer_units_exponent_1': 7, 'D_dagger_layers': 5, 'D_dagger_layer_units_exponent_0': 8, 'D_dagger_layer_units_exponent_1': 7, 'D_dagger_layer_units_exponent_2': 8, 'D_dagger_layer_units_exponent_3': 4, 'D_dagger_layer_units_exponent_4': 9, 'log_learning_rate': -3.241959534047932, 'log_learning_rate_D': -4.074513561437595, 'log_learning_rate_D_dagger': -3.665135187919558, 'training_batch_size': 12, 'training_p': 5}
	 epoch  0 training error:  tensor(0.9198, device='cuda:0', grad_fn=<DivBackward0>)
Memory status after this epoch: 
Memory allocated:  4.58837890625
Memory cached:  126.0
	 epoch  10 training error:  tensor(0.1542, device='cuda:0', grad_fn=<DivBackward0>)
Memory status after this epoch: 
Memory allocated:  4.58837890625
Memory cached:  164.0
	 epoch  20 training error:  tensor(0.1129, device='cuda:0', grad_fn=<DivBackward0>)
Memory status after this epoch: 
Memory allocated:  4.58837890625
Memory cached:  170.0
	 epoch  30 training error:  tensor(0.0863, device='cuda:0', grad_fn=<DivBackward0>)
Memory status after this epoch: 
Memory allocated:  4.58837890625
Memory cached:  164.0
	 epoch  40 training error:  tensor(0.0551, device='cuda:0', grad_fn=<DivBackward0>)
Memory status after this epoch: 
Memory allocated:  4.58837890625
Memory cached:  170.0
	 epoch  50 training error:  tensor(0.0533, device='cuda:0', grad_fn=<DivBackward0>)
Memory status after this epoch: 
Memory allocated:  4.58837890625
Memory cached:  162.0
	 epoch  60 training error:  tensor(0.0478, device='cuda:0', grad_fn=<DivBackward0>)
Memory status after this epoch: 
Memory allocated:  4.58837890625
Memory cached:  160.0
	 epoch  70 training error:  tensor(0.0448, device='cuda:0', grad_fn=<DivBackward0>)
Memory status after this epoch: 
Memory allocated:  4.58837890625
Memory cached:  164.0
	 epoch  80 training error:  tensor(0.0406, device='cuda:0', grad_fn=<DivBackward0>)
Memory status after this epoch: 
Memory allocated:  4.58837890625
Memory cached:  170.0
	 epoch  90 training error:  tensor(0.0389, device='cuda:0', grad_fn=<DivBackward0>)
Memory status after this epoch: 
Memory allocated:  4.58837890625
Memory cached:  168.0
[I 2023-11-06 13:03:30,617] Trial 33 finished with value: 0.030151722952723503 and parameters: {'W_layers': 6, 'W_layer_units_exponent_0': 7, 'W_layer_units_exponent_1': 9, 'W_layer_units_exponent_2': 8, 'W_layer_units_exponent_3': 5, 'W_layer_units_exponent_4': 5, 'W_layer_units_exponent_5': 5, 'D_layers': 2, 'D_layer_units_exponent_0': 5, 'D_layer_units_exponent_1': 7, 'D_dagger_layers': 5, 'D_dagger_layer_units_exponent_0': 8, 'D_dagger_layer_units_exponent_1': 7, 'D_dagger_layer_units_exponent_2': 8, 'D_dagger_layer_units_exponent_3': 4, 'D_dagger_layer_units_exponent_4': 9, 'log_learning_rate': -3.241959534047932, 'log_learning_rate_D': -4.074513561437595, 'log_learning_rate_D_dagger': -3.665135187919558, 'training_batch_size': 12, 'training_p': 5}. Best is trial 31 with value: 0.024036098271608353.
Time for this trial:  185.07556581497192
Memory status after this trial: 
Memory allocated:  127.21484375
Memory cached:  140.0
--------------------  Trial  34   --------------------
Start timing: 
Parameters: 
{'W_layers': 6, 'W_layer_units_exponent_0': 8, 'W_layer_units_exponent_1': 10, 'W_layer_units_exponent_2': 8, 'W_layer_units_exponent_3': 5, 'W_layer_units_exponent_4': 5, 'W_layer_units_exponent_5': 5, 'D_layers': 3, 'D_layer_units_exponent_0': 5, 'D_layer_units_exponent_1': 7, 'D_layer_units_exponent_2': 5, 'D_dagger_layers': 5, 'D_dagger_layer_units_exponent_0': 8, 'D_dagger_layer_units_exponent_1': 7, 'D_dagger_layer_units_exponent_2': 9, 'D_dagger_layer_units_exponent_3': 4, 'D_dagger_layer_units_exponent_4': 9, 'log_learning_rate': -3.223883267339539, 'log_learning_rate_D': -4.352505616511842, 'log_learning_rate_D_dagger': -3.772228363341461, 'training_batch_size': 12, 'training_p': 5}
	 epoch  0 training error:  tensor(0.9812, device='cuda:0', grad_fn=<DivBackward0>)
Memory status after this epoch: 
Memory allocated:  10.23291015625
Memory cached:  138.0
	 epoch  10 training error:  tensor(0.1173, device='cuda:0', grad_fn=<DivBackward0>)
Memory status after this epoch: 
Memory allocated:  10.23291015625
Memory cached:  216.0
	 epoch  20 training error:  tensor(0.1431, device='cuda:0', grad_fn=<DivBackward0>)
Memory status after this epoch: 
Memory allocated:  10.23291015625
Memory cached:  210.0
	 epoch  30 training error:  tensor(0.0985, device='cuda:0', grad_fn=<DivBackward0>)
Memory status after this epoch: 
Memory allocated:  10.23291015625
Memory cached:  218.0
	 epoch  40 training error:  tensor(0.0840, device='cuda:0', grad_fn=<DivBackward0>)
Memory status after this epoch: 
Memory allocated:  10.23291015625
Memory cached:  212.0
	 epoch  50 training error:  tensor(0.0640, device='cuda:0', grad_fn=<DivBackward0>)
Memory status after this epoch: 
Memory allocated:  10.23291015625
Memory cached:  212.0
	 epoch  60 training error:  tensor(0.0510, device='cuda:0', grad_fn=<DivBackward0>)
Memory status after this epoch: 
Memory allocated:  10.23291015625
Memory cached:  208.0
	 epoch  70 training error:  tensor(0.0479, device='cuda:0', grad_fn=<DivBackward0>)
Memory status after this epoch: 
Memory allocated:  10.23291015625
Memory cached:  218.0
	 epoch  80 training error:  tensor(0.0443, device='cuda:0', grad_fn=<DivBackward0>)
Memory status after this epoch: 
Memory allocated:  10.23291015625
Memory cached:  220.0
	 epoch  90 training error:  tensor(0.0409, device='cuda:0', grad_fn=<DivBackward0>)
Memory status after this epoch: 
Memory allocated:  10.23291015625
Memory cached:  204.0
[I 2023-11-06 13:06:47,906] Trial 34 finished with value: 0.03479677438735962 and parameters: {'W_layers': 6, 'W_layer_units_exponent_0': 8, 'W_layer_units_exponent_1': 10, 'W_layer_units_exponent_2': 8, 'W_layer_units_exponent_3': 5, 'W_layer_units_exponent_4': 5, 'W_layer_units_exponent_5': 5, 'D_layers': 3, 'D_layer_units_exponent_0': 5, 'D_layer_units_exponent_1': 7, 'D_layer_units_exponent_2': 5, 'D_dagger_layers': 5, 'D_dagger_layer_units_exponent_0': 8, 'D_dagger_layer_units_exponent_1': 7, 'D_dagger_layer_units_exponent_2': 9, 'D_dagger_layer_units_exponent_3': 4, 'D_dagger_layer_units_exponent_4': 9, 'log_learning_rate': -3.223883267339539, 'log_learning_rate_D': -4.352505616511842, 'log_learning_rate_D_dagger': -3.772228363341461, 'training_batch_size': 12, 'training_p': 5}. Best is trial 31 with value: 0.024036098271608353.
Time for this trial:  197.00401759147644
Memory status after this trial: 
Memory allocated:  179.58056640625
Memory cached:  186.0
--------------------  Trial  35   --------------------
Start timing: 
Parameters: 
{'W_layers': 5, 'W_layer_units_exponent_0': 7, 'W_layer_units_exponent_1': 9, 'W_layer_units_exponent_2': 8, 'W_layer_units_exponent_3': 4, 'W_layer_units_exponent_4': 4, 'D_layers': 3, 'D_layer_units_exponent_0': 5, 'D_layer_units_exponent_1': 7, 'D_layer_units_exponent_2': 9, 'D_dagger_layers': 5, 'D_dagger_layer_units_exponent_0': 8, 'D_dagger_layer_units_exponent_1': 8, 'D_dagger_layer_units_exponent_2': 8, 'D_dagger_layer_units_exponent_3': 5, 'D_dagger_layer_units_exponent_4': 9, 'log_learning_rate': -4.046753842155686, 'log_learning_rate_D': -4.036350220733729, 'log_learning_rate_D_dagger': -4.195804183605996, 'training_batch_size': 11, 'training_p': 5}
	 epoch  0 training error:  tensor(1.0702, device='cuda:0', grad_fn=<DivBackward0>)
Memory status after this epoch: 
Memory allocated:  6.69970703125
Memory cached:  114.0
	 epoch  10 training error:  tensor(0.2241, device='cuda:0', grad_fn=<DivBackward0>)
Memory status after this epoch: 
Memory allocated:  6.69970703125
Memory cached:  190.0
	 epoch  20 training error:  tensor(0.0948, device='cuda:0', grad_fn=<DivBackward0>)
Memory status after this epoch: 
Memory allocated:  6.69970703125
Memory cached:  188.0
	 epoch  30 training error:  tensor(0.0827, device='cuda:0', grad_fn=<DivBackward0>)
Memory status after this epoch: 
Memory allocated:  6.69970703125
Memory cached:  188.0
	 epoch  40 training error:  tensor(0.0732, device='cuda:0', grad_fn=<DivBackward0>)
Memory status after this epoch: 
Memory allocated:  6.69970703125
Memory cached:  188.0
	 epoch  50 training error:  tensor(0.0742, device='cuda:0', grad_fn=<DivBackward0>)
Memory status after this epoch: 
Memory allocated:  6.69970703125
Memory cached:  180.0
	 epoch  60 training error:  tensor(0.0685, device='cuda:0', grad_fn=<DivBackward0>)
Memory status after this epoch: 
Memory allocated:  6.69970703125
Memory cached:  182.0
	 epoch  70 training error:  tensor(0.0622, device='cuda:0', grad_fn=<DivBackward0>)
Memory status after this epoch: 
Memory allocated:  6.69970703125
Memory cached:  184.0
	 epoch  80 training error:  tensor(0.0513, device='cuda:0', grad_fn=<DivBackward0>)
Memory status after this epoch: 
Memory allocated:  6.69970703125
Memory cached:  188.0
	 epoch  90 training error:  tensor(0.0491, device='cuda:0', grad_fn=<DivBackward0>)
Memory status after this epoch: 
Memory allocated:  6.69970703125
Memory cached:  190.0
