[I 2023-10-30 16:25:19,387] Trial 1 finished with value: 0.22659710049629211 and parameters: {'W_layers': 3, 'W_layer_units_exponent_0': 7, 'W_layer_units_exponent_1': 4, 'W_layer_units_exponent_2': 10, 'D_layers': 5, 'D_layer_units_exponent_0': 9, 'D_layer_units_exponent_1': 9, 'D_layer_units_exponent_2': 4, 'D_layer_units_exponent_3': 5, 'D_layer_units_exponent_4': 10, 'log_learning_rate': -2.8006463654869314, 'log_learning_rate_D': -4.672358903198418, 'training_batch_size': 8, 'training_p': 6}. Best is trial 1 with value: 0.22659710049629211.
Time for this trial:  138.48427844047546
Memory status after this trial: 
Memory allocated:  176.8388671875
Memory cached:  180.0
--------------------  Trial  2   --------------------
Start timing: 
Parameters: 
{'W_layers': 2, 'W_layer_units_exponent_0': 5, 'W_layer_units_exponent_1': 4, 'D_layers': 2, 'D_layer_units_exponent_0': 5, 'D_layer_units_exponent_1': 5, 'log_learning_rate': -1.9749075576794297, 'log_learning_rate_D': -2.343773299438873, 'training_batch_size': 7, 'training_p': 8}
	 epoch  0 training error:  tensor(1.0005, device='cuda:0', grad_fn=<DivBackward0>)
Memory status after this epoch: 
Memory allocated:  0.0849609375
Memory cached:  4.0
	 epoch  10 training error:  tensor(0.7552, device='cuda:0', grad_fn=<DivBackward0>)
Memory status after this epoch: 
Memory allocated:  0.0849609375
Memory cached:  4.0
	 epoch  20 training error:  tensor(0.2788, device='cuda:0', grad_fn=<DivBackward0>)
Memory status after this epoch: 
Memory allocated:  0.0849609375
Memory cached:  4.0
	 epoch  30 training error:  tensor(0.3098, device='cuda:0', grad_fn=<DivBackward0>)
Memory status after this epoch: 
Memory allocated:  0.0849609375
Memory cached:  4.0
	 epoch  40 training error:  tensor(0.2736, device='cuda:0', grad_fn=<DivBackward0>)
Memory status after this epoch: 
Memory allocated:  0.0849609375
Memory cached:  4.0
	 epoch  50 training error:  tensor(0.2618, device='cuda:0', grad_fn=<DivBackward0>)
Memory status after this epoch: 
Memory allocated:  0.0849609375
Memory cached:  4.0
	 epoch  60 training error:  tensor(0.2601, device='cuda:0', grad_fn=<DivBackward0>)
Memory status after this epoch: 
Memory allocated:  0.0849609375
Memory cached:  4.0
	 epoch  70 training error:  tensor(0.2598, device='cuda:0', grad_fn=<DivBackward0>)
Memory status after this epoch: 
Memory allocated:  0.0849609375
Memory cached:  4.0
	 epoch  80 training error:  tensor(0.2596, device='cuda:0', grad_fn=<DivBackward0>)
Memory status after this epoch: 
Memory allocated:  0.0849609375
Memory cached:  4.0
	 epoch  90 training error:  tensor(0.2593, device='cuda:0', grad_fn=<DivBackward0>)
Memory status after this epoch: 
Memory allocated:  0.0849609375
Memory cached:  4.0
[I 2023-10-30 16:26:43,738] Trial 2 finished with value: 0.22630071640014648 and parameters: {'W_layers': 2, 'W_layer_units_exponent_0': 5, 'W_layer_units_exponent_1': 4, 'D_layers': 2, 'D_layer_units_exponent_0': 5, 'D_layer_units_exponent_1': 5, 'log_learning_rate': -1.9749075576794297, 'log_learning_rate_D': -2.343773299438873, 'training_batch_size': 7, 'training_p': 8}. Best is trial 2 with value: 0.22630071640014648.
Time for this trial:  84.2190592288971
Memory status after this trial: 
Memory allocated:  6.90234375
Memory cached:  8.0
--------------------  Trial  3   --------------------
Start timing: 
Parameters: 
{'W_layers': 5, 'W_layer_units_exponent_0': 10, 'W_layer_units_exponent_1': 7, 'W_layer_units_exponent_2': 9, 'W_layer_units_exponent_3': 8, 'W_layer_units_exponent_4': 7, 'D_layers': 4, 'D_layer_units_exponent_0': 7, 'D_layer_units_exponent_1': 9, 'D_layer_units_exponent_2': 8, 'D_layer_units_exponent_3': 8, 'log_learning_rate': -1.6675615694413972, 'log_learning_rate_D': -3.4924774085801977, 'training_batch_size': 6, 'training_p': 8}
	 epoch  0 training error:  tensor(0.9991, device='cuda:0', grad_fn=<DivBackward0>)
Memory status after this epoch: 
Memory allocated:  9.7265625
Memory cached:  16.0
[W 2023-10-30 16:26:49,747] Trial 3 failed with parameters: {'W_layers': 5, 'W_layer_units_exponent_0': 10, 'W_layer_units_exponent_1': 7, 'W_layer_units_exponent_2': 9, 'W_layer_units_exponent_3': 8, 'W_layer_units_exponent_4': 7, 'D_layers': 4, 'D_layer_units_exponent_0': 7, 'D_layer_units_exponent_1': 9, 'D_layer_units_exponent_2': 8, 'D_layer_units_exponent_3': 8, 'log_learning_rate': -1.6675615694413972, 'log_learning_rate_D': -3.4924774085801977, 'training_batch_size': 6, 'training_p': 8} because of the following error: The value nan is not acceptable.
[W 2023-10-30 16:26:49,747] Trial 3 failed with value tensor(nan, device='cuda:0', grad_fn=<DivBackward0>).
Time for this trial:  5.872002124786377
Memory status after this trial: 
Memory allocated:  175.900390625
Memory cached:  182.0
--------------------  Trial  4   --------------------
Start timing: 
Parameters: 
{'W_layers': 2, 'W_layer_units_exponent_0': 4, 'W_layer_units_exponent_1': 4, 'D_layers': 4, 'D_layer_units_exponent_0': 10, 'D_layer_units_exponent_1': 8, 'D_layer_units_exponent_2': 9, 'D_layer_units_exponent_3': 7, 'log_learning_rate': -3.3416468381169486, 'log_learning_rate_D': -3.1902255423284203, 'training_batch_size': 10, 'training_p': 6}
	 epoch  0 training error:  tensor(0.9938, device='cuda:0', grad_fn=<DivBackward0>)
Memory status after this epoch: 
Memory allocated:  7.2099609375
Memory cached:  12.0
	 epoch  10 training error:  tensor(0.9900, device='cuda:0', grad_fn=<DivBackward0>)
Memory status after this epoch: 
Memory allocated:  7.2099609375
Memory cached:  16.0
	 epoch  20 training error:  tensor(0.9854, device='cuda:0', grad_fn=<DivBackward0>)
Memory status after this epoch: 
Memory allocated:  7.2099609375
Memory cached:  14.0
	 epoch  30 training error:  tensor(0.8309, device='cuda:0', grad_fn=<DivBackward0>)
Memory status after this epoch: 
Memory allocated:  7.2099609375
Memory cached:  14.0
	 epoch  40 training error:  tensor(0.8062, device='cuda:0', grad_fn=<DivBackward0>)
Memory status after this epoch: 
Memory allocated:  7.2099609375
Memory cached:  14.0
	 epoch  50 training error:  tensor(0.7632, device='cuda:0', grad_fn=<DivBackward0>)
Memory status after this epoch: 
Memory allocated:  7.2099609375
Memory cached:  14.0
	 epoch  60 training error:  tensor(0.7395, device='cuda:0', grad_fn=<DivBackward0>)
Memory status after this epoch: 
Memory allocated:  7.2099609375
Memory cached:  14.0
	 epoch  70 training error:  tensor(0.6535, device='cuda:0', grad_fn=<DivBackward0>)
Memory status after this epoch: 
Memory allocated:  7.2099609375
Memory cached:  14.0
	 epoch  80 training error:  tensor(0.6327, device='cuda:0', grad_fn=<DivBackward0>)
Memory status after this epoch: 
Memory allocated:  7.2099609375
Memory cached:  14.0
	 epoch  90 training error:  tensor(0.6021, device='cuda:0', grad_fn=<DivBackward0>)
Memory status after this epoch: 
Memory allocated:  7.2099609375
Memory cached:  14.0
[I 2023-10-30 16:28:42,085] Trial 4 finished with value: 0.36557134985923767 and parameters: {'W_layers': 2, 'W_layer_units_exponent_0': 4, 'W_layer_units_exponent_1': 4, 'D_layers': 4, 'D_layer_units_exponent_0': 10, 'D_layer_units_exponent_1': 8, 'D_layer_units_exponent_2': 9, 'D_layer_units_exponent_3': 7, 'log_learning_rate': -3.3416468381169486, 'log_learning_rate_D': -3.1902255423284203, 'training_batch_size': 10, 'training_p': 6}. Best is trial 2 with value: 0.22630071640014648.
Time for this trial:  112.20549750328064
Memory status after this trial: 
Memory allocated:  107.9111328125
Memory cached:  112.0
--------------------  Trial  5   --------------------
Start timing: 
Parameters: 
{'W_layers': 2, 'W_layer_units_exponent_0': 10, 'W_layer_units_exponent_1': 4, 'D_layers': 2, 'D_layer_units_exponent_0': 4, 'D_layer_units_exponent_1': 8, 'log_learning_rate': -3.076964239134008, 'log_learning_rate_D': -3.1509208656860235, 'training_batch_size': 9, 'training_p': 4}
	 epoch  0 training error:  tensor(0.9988, device='cuda:0', grad_fn=<DivBackward0>)
Memory status after this epoch: 
Memory allocated:  0.5244140625
Memory cached:  10.0
	 epoch  10 training error:  tensor(0.7601, device='cuda:0', grad_fn=<DivBackward0>)
Memory status after this epoch: 
Memory allocated:  0.5244140625
Memory cached:  16.0
	 epoch  20 training error:  tensor(0.3261, device='cuda:0', grad_fn=<DivBackward0>)
Memory status after this epoch: 
Memory allocated:  0.5244140625
Memory cached:  16.0
	 epoch  30 training error:  tensor(0.2524, device='cuda:0', grad_fn=<DivBackward0>)
Memory status after this epoch: 
Memory allocated:  0.5244140625
Memory cached:  16.0
	 epoch  40 training error:  tensor(0.2705, device='cuda:0', grad_fn=<DivBackward0>)
Memory status after this epoch: 
Memory allocated:  0.5244140625
Memory cached:  16.0
	 epoch  50 training error:  tensor(0.2526, device='cuda:0', grad_fn=<DivBackward0>)
Memory status after this epoch: 
Memory allocated:  0.5244140625
Memory cached:  16.0
	 epoch  60 training error:  tensor(0.2542, device='cuda:0', grad_fn=<DivBackward0>)
Memory status after this epoch: 
Memory allocated:  0.5244140625
Memory cached:  16.0
	 epoch  70 training error:  tensor(0.2530, device='cuda:0', grad_fn=<DivBackward0>)
Memory status after this epoch: 
Memory allocated:  0.5244140625
Memory cached:  16.0
	 epoch  80 training error:  tensor(0.2524, device='cuda:0', grad_fn=<DivBackward0>)
Memory status after this epoch: 
Memory allocated:  0.5244140625
Memory cached:  16.0
	 epoch  90 training error:  tensor(0.2524, device='cuda:0', grad_fn=<DivBackward0>)
Memory status after this epoch: 
Memory allocated:  0.5244140625
Memory cached:  16.0
[I 2023-10-30 16:30:14,407] Trial 5 finished with value: 0.22611753642559052 and parameters: {'W_layers': 2, 'W_layer_units_exponent_0': 10, 'W_layer_units_exponent_1': 4, 'D_layers': 2, 'D_layer_units_exponent_0': 4, 'D_layer_units_exponent_1': 8, 'log_learning_rate': -3.076964239134008, 'log_learning_rate_D': -3.1509208656860235, 'training_batch_size': 9, 'training_p': 4}. Best is trial 5 with value: 0.22611753642559052.
Time for this trial:  92.19792366027832
Memory status after this trial: 
Memory allocated:  71.26708984375
Memory cached:  72.0
--------------------  Trial  6   --------------------
Start timing: 
Parameters: 
{'W_layers': 2, 'W_layer_units_exponent_0': 10, 'W_layer_units_exponent_1': 6, 'D_layers': 5, 'D_layer_units_exponent_0': 4, 'D_layer_units_exponent_1': 8, 'D_layer_units_exponent_2': 4, 'D_layer_units_exponent_3': 6, 'D_layer_units_exponent_4': 7, 'log_learning_rate': -4.858857901637945, 'log_learning_rate_D': -2.762296584050278, 'training_batch_size': 12, 'training_p': 6}
	 epoch  0 training error:  tensor(0.9991, device='cuda:0', grad_fn=<DivBackward0>)
Memory status after this epoch: 
Memory allocated:  1.4814453125
Memory cached:  12.0
	 epoch  10 training error:  tensor(0.9982, device='cuda:0', grad_fn=<DivBackward0>)
Memory status after this epoch: 
Memory allocated:  1.4814453125
Memory cached:  14.0
	 epoch  20 training error:  tensor(0.9973, device='cuda:0', grad_fn=<DivBackward0>)
Memory status after this epoch: 
Memory allocated:  1.4814453125
Memory cached:  14.0
	 epoch  30 training error:  tensor(0.9961, device='cuda:0', grad_fn=<DivBackward0>)
Memory status after this epoch: 
Memory allocated:  1.4814453125
Memory cached:  14.0
	 epoch  40 training error:  tensor(0.9844, device='cuda:0', grad_fn=<DivBackward0>)
Memory status after this epoch: 
Memory allocated:  1.4814453125
Memory cached:  14.0
	 epoch  50 training error:  tensor(0.9322, device='cuda:0', grad_fn=<DivBackward0>)
Memory status after this epoch: 
Memory allocated:  1.4814453125
Memory cached:  14.0
	 epoch  60 training error:  tensor(0.9955, device='cuda:0', grad_fn=<DivBackward0>)
Memory status after this epoch: 
Memory allocated:  1.4814453125
Memory cached:  14.0
	 epoch  70 training error:  tensor(0.9958, device='cuda:0', grad_fn=<DivBackward0>)
Memory status after this epoch: 
Memory allocated:  1.4814453125
Memory cached:  14.0
	 epoch  80 training error:  tensor(0.9958, device='cuda:0', grad_fn=<DivBackward0>)
Memory status after this epoch: 
Memory allocated:  1.4814453125
Memory cached:  14.0
	 epoch  90 training error:  tensor(0.9958, device='cuda:0', grad_fn=<DivBackward0>)
Memory status after this epoch: 
Memory allocated:  1.4814453125
Memory cached:  14.0
[I 2023-10-30 16:32:12,292] Trial 6 finished with value: 0.9952247738838196 and parameters: {'W_layers': 2, 'W_layer_units_exponent_0': 10, 'W_layer_units_exponent_1': 6, 'D_layers': 5, 'D_layer_units_exponent_0': 4, 'D_layer_units_exponent_1': 8, 'D_layer_units_exponent_2': 4, 'D_layer_units_exponent_3': 6, 'D_layer_units_exponent_4': 7, 'log_learning_rate': -4.858857901637945, 'log_learning_rate_D': -2.762296584050278, 'training_batch_size': 12, 'training_p': 6}. Best is trial 5 with value: 0.22611753642559052.
Time for this trial:  117.77477979660034
Memory status after this trial: 
Memory allocated:  85.3046875
Memory cached:  88.0
--------------------  Trial  7   --------------------
Start timing: 
Parameters: 
{'W_layers': 2, 'W_layer_units_exponent_0': 8, 'W_layer_units_exponent_1': 8, 'D_layers': 3, 'D_layer_units_exponent_0': 6, 'D_layer_units_exponent_1': 10, 'D_layer_units_exponent_2': 6, 'log_learning_rate': -4.065516149597702, 'log_learning_rate_D': -2.3669662255604753, 'training_batch_size': 11, 'training_p': 4}
	 epoch  0 training error:  tensor(1.0000, device='cuda:0', grad_fn=<DivBackward0>)
Memory status after this epoch: 
Memory allocated:  3.1162109375
Memory cached:  8.0
	 epoch  10 training error:  tensor(0.9961, device='cuda:0', grad_fn=<DivBackward0>)
Memory status after this epoch: 
Memory allocated:  3.1162109375
Memory cached:  12.0
	 epoch  20 training error:  tensor(1.2230, device='cuda:0', grad_fn=<DivBackward0>)
Memory status after this epoch: 
Memory allocated:  3.1162109375
Memory cached:  10.0
	 epoch  30 training error:  tensor(0.9990, device='cuda:0', grad_fn=<DivBackward0>)
Memory status after this epoch: 
Memory allocated:  3.1162109375
Memory cached:  10.0
	 epoch  40 training error:  tensor(0.9990, device='cuda:0', grad_fn=<DivBackward0>)
Memory status after this epoch: 
Memory allocated:  3.1162109375
Memory cached:  10.0
	 epoch  50 training error:  tensor(0.9989, device='cuda:0', grad_fn=<DivBackward0>)
Memory status after this epoch: 
Memory allocated:  3.1162109375
Memory cached:  10.0
	 epoch  60 training error:  tensor(0.9989, device='cuda:0', grad_fn=<DivBackward0>)
Memory status after this epoch: 
Memory allocated:  3.1162109375
Memory cached:  10.0
	 epoch  70 training error:  tensor(0.9988, device='cuda:0', grad_fn=<DivBackward0>)
Memory status after this epoch: 
Memory allocated:  3.1162109375
Memory cached:  10.0
	 epoch  80 training error:  tensor(0.9988, device='cuda:0', grad_fn=<DivBackward0>)
Memory status after this epoch: 
Memory allocated:  3.1162109375
Memory cached:  10.0
	 epoch  90 training error:  tensor(0.9987, device='cuda:0', grad_fn=<DivBackward0>)
Memory status after this epoch: 
Memory allocated:  3.1162109375
Memory cached:  10.0
[I 2023-10-30 16:33:56,575] Trial 7 finished with value: 0.9984920620918274 and parameters: {'W_layers': 2, 'W_layer_units_exponent_0': 8, 'W_layer_units_exponent_1': 8, 'D_layers': 3, 'D_layer_units_exponent_0': 6, 'D_layer_units_exponent_1': 10, 'D_layer_units_exponent_2': 6, 'log_learning_rate': -4.065516149597702, 'log_learning_rate_D': -2.3669662255604753, 'training_batch_size': 11, 'training_p': 4}. Best is trial 5 with value: 0.22611753642559052.
Time for this trial:  104.15303301811218
Memory status after this trial: 
Memory allocated:  90.5517578125
Memory cached:  94.0
--------------------  Trial  8   --------------------
Start timing: 
Parameters: 
{'W_layers': 3, 'W_layer_units_exponent_0': 8, 'W_layer_units_exponent_1': 8, 'W_layer_units_exponent_2': 8, 'D_layers': 3, 'D_layer_units_exponent_0': 6, 'D_layer_units_exponent_1': 6, 'D_layer_units_exponent_2': 10, 'log_learning_rate': -3.5449533048231583, 'log_learning_rate_D': -1.5983628499284368, 'training_batch_size': 8, 'training_p': 3}
	 epoch  0 training error:  tensor(1.0000, device='cuda:0', grad_fn=<DivBackward0>)
Memory status after this epoch: 
Memory allocated:  3.1962890625
Memory cached:  16.0
	 epoch  10 training error:  tensor(0.9995, device='cuda:0', grad_fn=<DivBackward0>)
Memory status after this epoch: 
Memory allocated:  3.1962890625
Memory cached:  18.0
	 epoch  20 training error:  tensor(0.9983, device='cuda:0', grad_fn=<DivBackward0>)
Memory status after this epoch: 
Memory allocated:  3.1962890625
Memory cached:  18.0
	 epoch  30 training error:  tensor(0.9943, device='cuda:0', grad_fn=<DivBackward0>)
Memory status after this epoch: 
Memory allocated:  3.1962890625
Memory cached:  18.0
	 epoch  40 training error:  tensor(0.9814, device='cuda:0', grad_fn=<DivBackward0>)
Memory status after this epoch: 
Memory allocated:  3.1962890625
Memory cached:  18.0
	 epoch  50 training error:  tensor(0.9375, device='cuda:0', grad_fn=<DivBackward0>)
Memory status after this epoch: 
Memory allocated:  3.1962890625
Memory cached:  18.0
	 epoch  60 training error:  tensor(0.7377, device='cuda:0', grad_fn=<DivBackward0>)
Memory status after this epoch: 
Memory allocated:  3.1962890625
Memory cached:  18.0
	 epoch  70 training error:  tensor(0.3840, device='cuda:0', grad_fn=<DivBackward0>)
Memory status after this epoch: 
Memory allocated:  3.1962890625
Memory cached:  18.0
	 epoch  80 training error:  tensor(0.2982, device='cuda:0', grad_fn=<DivBackward0>)
Memory status after this epoch: 
Memory allocated:  3.1962890625
Memory cached:  18.0
	 epoch  90 training error:  tensor(0.2619, device='cuda:0', grad_fn=<DivBackward0>)
Memory status after this epoch: 
Memory allocated:  3.1962890625
Memory cached:  18.0
[I 2023-10-30 16:35:51,739] Trial 8 finished with value: 0.22491002082824707 and parameters: {'W_layers': 3, 'W_layer_units_exponent_0': 8, 'W_layer_units_exponent_1': 8, 'W_layer_units_exponent_2': 8, 'D_layers': 3, 'D_layer_units_exponent_0': 6, 'D_layer_units_exponent_1': 6, 'D_layer_units_exponent_2': 10, 'log_learning_rate': -3.5449533048231583, 'log_learning_rate_D': -1.5983628499284368, 'training_batch_size': 8, 'training_p': 3}. Best is trial 8 with value: 0.22491002082824707.
Time for this trial:  115.0385992527008
Memory status after this trial: 
Memory allocated:  104.263671875
Memory cached:  108.0
--------------------  Trial  9   --------------------
Start timing: 
Parameters: 
{'W_layers': 5, 'W_layer_units_exponent_0': 7, 'W_layer_units_exponent_1': 5, 'W_layer_units_exponent_2': 6, 'W_layer_units_exponent_3': 8, 'W_layer_units_exponent_4': 10, 'D_layers': 2, 'D_layer_units_exponent_0': 8, 'D_layer_units_exponent_1': 6, 'log_learning_rate': -4.731396109783132, 'log_learning_rate_D': -3.296397825630285, 'training_batch_size': 7, 'training_p': 4}
	 epoch  0 training error:  tensor(1., device='cuda:0', grad_fn=<DivBackward0>)
Memory status after this epoch: 
Memory allocated:  4.7314453125
Memory cached:  12.0
	 epoch  10 training error:  tensor(1.0000, device='cuda:0', grad_fn=<DivBackward0>)
Memory status after this epoch: 
Memory allocated:  4.7314453125
Memory cached:  14.0
	 epoch  20 training error:  tensor(1.0000, device='cuda:0', grad_fn=<DivBackward0>)
Memory status after this epoch: 
Memory allocated:  4.7314453125
Memory cached:  16.0
	 epoch  30 training error:  tensor(1.0000, device='cuda:0', grad_fn=<DivBackward0>)
Memory status after this epoch: 
Memory allocated:  4.7314453125
Memory cached:  14.0
	 epoch  40 training error:  tensor(1.0000, device='cuda:0', grad_fn=<DivBackward0>)
Memory status after this epoch: 
Memory allocated:  4.7314453125
Memory cached:  14.0
	 epoch  50 training error:  tensor(1.0000, device='cuda:0', grad_fn=<DivBackward0>)
Memory status after this epoch: 
Memory allocated:  4.7314453125
Memory cached:  16.0
	 epoch  60 training error:  tensor(1.0000, device='cuda:0', grad_fn=<DivBackward0>)
Memory status after this epoch: 
Memory allocated:  4.7314453125
Memory cached:  20.0
	 epoch  70 training error:  tensor(1.0000, device='cuda:0', grad_fn=<DivBackward0>)
Memory status after this epoch: 
Memory allocated:  4.7314453125
Memory cached:  16.0
	 epoch  80 training error:  tensor(1.0000, device='cuda:0', grad_fn=<DivBackward0>)
Memory status after this epoch: 
Memory allocated:  4.7314453125
Memory cached:  14.0
	 epoch  90 training error:  tensor(1.0000, device='cuda:0', grad_fn=<DivBackward0>)
Memory status after this epoch: 
Memory allocated:  4.7314453125
Memory cached:  14.0
