[I 2023-11-08 12:02:47,886] Trial 5 finished with value: 0.055005379021167755 and parameters: {'W_layers': 3, 'W_layer_units_exponent_0': 10, 'W_layer_units_exponent_1': 7, 'W_layer_units_exponent_2': 4, 'D_layers': 2, 'D_layer_units_exponent_0': 10, 'D_layer_units_exponent_1': 10, 'D_dagger_layers': 2, 'D_dagger_layer_units_exponent_0': 7, 'D_dagger_layer_units_exponent_1': 4, 'log_learning_rate': -4.883713360755177, 'log_learning_rate_D': -3.862637066884417, 'log_learning_rate_D_dagger': -3.733010745700133, 'training_batch_size': 12, 'training_p': 4}. Best is trial 5 with value: 0.055005379021167755.
Time for this trial:  139.71276760101318
Memory status after this trial: 
Memory allocated:  188.77685546875
Memory cached:  204.0
--------------------  Trial  6   --------------------
Start timing: 
Parameters: 
{'W_layers': 2, 'W_layer_units_exponent_0': 10, 'W_layer_units_exponent_1': 6, 'D_layers': 4, 'D_layer_units_exponent_0': 4, 'D_layer_units_exponent_1': 6, 'D_layer_units_exponent_2': 6, 'D_layer_units_exponent_3': 9, 'D_dagger_layers': 8, 'D_dagger_layer_units_exponent_0': 7, 'D_dagger_layer_units_exponent_1': 10, 'D_dagger_layer_units_exponent_2': 9, 'D_dagger_layer_units_exponent_3': 9, 'D_dagger_layer_units_exponent_4': 9, 'D_dagger_layer_units_exponent_5': 4, 'D_dagger_layer_units_exponent_6': 7, 'D_dagger_layer_units_exponent_7': 10, 'log_learning_rate': -2.993924397195259, 'log_learning_rate_D': -3.2095483222766164, 'log_learning_rate_D_dagger': -2.979559526923098, 'training_batch_size': 6, 'training_p': 2}
	 epoch  0 training error:  tensor(2.6954, device='cuda:0', grad_fn=<DivBackward0>)
Memory status after this epoch: 
Memory allocated:  22.02978515625
Memory cached:  182.0
	 epoch  10 training error:  tensor(0.5823, device='cuda:0', grad_fn=<DivBackward0>)
Memory status after this epoch: 
Memory allocated:  22.02978515625
Memory cached:  190.0
	 epoch  20 training error:  tensor(0.5949, device='cuda:0', grad_fn=<DivBackward0>)
Memory status after this epoch: 
Memory allocated:  22.02978515625
Memory cached:  186.0
	 epoch  30 training error:  tensor(0.4250, device='cuda:0', grad_fn=<DivBackward0>)
Memory status after this epoch: 
Memory allocated:  22.02978515625
Memory cached:  188.0
	 epoch  40 training error:  tensor(0.3429, device='cuda:0', grad_fn=<DivBackward0>)
Memory status after this epoch: 
Memory allocated:  22.02978515625
Memory cached:  190.0
	 epoch  50 training error:  tensor(0.2898, device='cuda:0', grad_fn=<DivBackward0>)
Memory status after this epoch: 
Memory allocated:  22.02978515625
Memory cached:  190.0
	 epoch  60 training error:  tensor(0.1208, device='cuda:0', grad_fn=<DivBackward0>)
Memory status after this epoch: 
Memory allocated:  22.02978515625
Memory cached:  182.0
	 epoch  70 training error:  tensor(0.1100, device='cuda:0', grad_fn=<DivBackward0>)
Memory status after this epoch: 
Memory allocated:  22.02978515625
Memory cached:  198.0
	 epoch  80 training error:  tensor(0.1069, device='cuda:0', grad_fn=<DivBackward0>)
Memory status after this epoch: 
Memory allocated:  22.02978515625
Memory cached:  196.0
	 epoch  90 training error:  tensor(0.1132, device='cuda:0', grad_fn=<DivBackward0>)
Memory status after this epoch: 
Memory allocated:  22.02978515625
Memory cached:  188.0
[I 2023-11-08 12:08:53,287] Trial 6 finished with value: 0.10323382914066315 and parameters: {'W_layers': 2, 'W_layer_units_exponent_0': 10, 'W_layer_units_exponent_1': 6, 'D_layers': 4, 'D_layer_units_exponent_0': 4, 'D_layer_units_exponent_1': 6, 'D_layer_units_exponent_2': 6, 'D_layer_units_exponent_3': 9, 'D_dagger_layers': 8, 'D_dagger_layer_units_exponent_0': 7, 'D_dagger_layer_units_exponent_1': 10, 'D_dagger_layer_units_exponent_2': 9, 'D_dagger_layer_units_exponent_3': 9, 'D_dagger_layer_units_exponent_4': 9, 'D_dagger_layer_units_exponent_5': 4, 'D_dagger_layer_units_exponent_6': 7, 'D_dagger_layer_units_exponent_7': 10, 'log_learning_rate': -2.993924397195259, 'log_learning_rate_D': -3.2095483222766164, 'log_learning_rate_D_dagger': -2.979559526923098, 'training_batch_size': 6, 'training_p': 2}. Best is trial 5 with value: 0.055005379021167755.
Time for this trial:  365.237530708313
Memory status after this trial: 
Memory allocated:  311.0478515625
Memory cached:  336.0
--------------------  Trial  7   --------------------
Start timing: 
Parameters: 
{'W_layers': 6, 'W_layer_units_exponent_0': 9, 'W_layer_units_exponent_1': 7, 'W_layer_units_exponent_2': 4, 'W_layer_units_exponent_3': 4, 'W_layer_units_exponent_4': 7, 'W_layer_units_exponent_5': 9, 'D_layers': 2, 'D_layer_units_exponent_0': 10, 'D_layer_units_exponent_1': 10, 'D_dagger_layers': 4, 'D_dagger_layer_units_exponent_0': 10, 'D_dagger_layer_units_exponent_1': 6, 'D_dagger_layer_units_exponent_2': 9, 'D_dagger_layer_units_exponent_3': 7, 'log_learning_rate': -1.2855848895830873, 'log_learning_rate_D': -3.721635582238512, 'log_learning_rate_D_dagger': -3.638001258449729, 'training_batch_size': 6, 'training_p': 3}
	 epoch  0 training error:  tensor(0.7919, device='cuda:0', grad_fn=<DivBackward0>)
Memory status after this epoch: 
Memory allocated:  20.86376953125
Memory cached:  146.0
	 epoch  10 training error:  tensor(0.2635, device='cuda:0', grad_fn=<DivBackward0>)
Memory status after this epoch: 
Memory allocated:  20.86376953125
Memory cached:  150.0
	 epoch  20 training error:  tensor(0.1369, device='cuda:0', grad_fn=<DivBackward0>)
Memory status after this epoch: 
Memory allocated:  20.86376953125
Memory cached:  152.0
	 epoch  30 training error:  tensor(0.1240, device='cuda:0', grad_fn=<DivBackward0>)
Memory status after this epoch: 
Memory allocated:  20.86376953125
Memory cached:  148.0
	 epoch  40 training error:  tensor(0.1114, device='cuda:0', grad_fn=<DivBackward0>)
Memory status after this epoch: 
Memory allocated:  20.86376953125
Memory cached:  154.0
	 epoch  50 training error:  tensor(0.0883, device='cuda:0', grad_fn=<DivBackward0>)
Memory status after this epoch: 
Memory allocated:  20.86376953125
Memory cached:  148.0
	 epoch  60 training error:  tensor(0.0838, device='cuda:0', grad_fn=<DivBackward0>)
Memory status after this epoch: 
Memory allocated:  20.86376953125
Memory cached:  144.0
	 epoch  70 training error:  tensor(0.0798, device='cuda:0', grad_fn=<DivBackward0>)
Memory status after this epoch: 
Memory allocated:  20.86376953125
Memory cached:  142.0
	 epoch  80 training error:  tensor(0.0784, device='cuda:0', grad_fn=<DivBackward0>)
Memory status after this epoch: 
Memory allocated:  20.86376953125
Memory cached:  148.0
	 epoch  90 training error:  tensor(0.1006, device='cuda:0', grad_fn=<DivBackward0>)
Memory status after this epoch: 
Memory allocated:  20.86376953125
Memory cached:  150.0
[I 2023-11-08 12:14:27,423] Trial 7 finished with value: 0.08390510082244873 and parameters: {'W_layers': 6, 'W_layer_units_exponent_0': 9, 'W_layer_units_exponent_1': 7, 'W_layer_units_exponent_2': 4, 'W_layer_units_exponent_3': 4, 'W_layer_units_exponent_4': 7, 'W_layer_units_exponent_5': 9, 'D_layers': 2, 'D_layer_units_exponent_0': 10, 'D_layer_units_exponent_1': 10, 'D_dagger_layers': 4, 'D_dagger_layer_units_exponent_0': 10, 'D_dagger_layer_units_exponent_1': 6, 'D_dagger_layer_units_exponent_2': 9, 'D_dagger_layer_units_exponent_3': 7, 'log_learning_rate': -1.2855848895830873, 'log_learning_rate_D': -3.721635582238512, 'log_learning_rate_D_dagger': -3.638001258449729, 'training_batch_size': 6, 'training_p': 3}. Best is trial 5 with value: 0.055005379021167755.
Time for this trial:  333.95818758010864
Memory status after this trial: 
Memory allocated:  282.37939453125
Memory cached:  298.0
--------------------  Trial  8   --------------------
Start timing: 
Parameters: 
{'W_layers': 5, 'W_layer_units_exponent_0': 6, 'W_layer_units_exponent_1': 6, 'W_layer_units_exponent_2': 10, 'W_layer_units_exponent_3': 9, 'W_layer_units_exponent_4': 6, 'D_layers': 8, 'D_layer_units_exponent_0': 7, 'D_layer_units_exponent_1': 4, 'D_layer_units_exponent_2': 9, 'D_layer_units_exponent_3': 7, 'D_layer_units_exponent_4': 8, 'D_layer_units_exponent_5': 8, 'D_layer_units_exponent_6': 6, 'D_layer_units_exponent_7': 7, 'D_dagger_layers': 7, 'D_dagger_layer_units_exponent_0': 7, 'D_dagger_layer_units_exponent_1': 6, 'D_dagger_layer_units_exponent_2': 5, 'D_dagger_layer_units_exponent_3': 9, 'D_dagger_layer_units_exponent_4': 7, 'D_dagger_layer_units_exponent_5': 10, 'D_dagger_layer_units_exponent_6': 6, 'log_learning_rate': -2.2738314249545875, 'log_learning_rate_D': -1.9054937943554275, 'log_learning_rate_D_dagger': -1.6538951461083458, 'training_batch_size': 7, 'training_p': 8}
	 epoch  0 training error:  tensor(0.9018, device='cuda:0', grad_fn=<DivBackward0>)
Memory status after this epoch: 
Memory allocated:  17.21728515625
Memory cached:  178.0
	 epoch  10 training error:  tensor(1.0000, device='cuda:0', grad_fn=<DivBackward0>)
Memory status after this epoch: 
Memory allocated:  17.21728515625
Memory cached:  310.0
	 epoch  20 training error:  tensor(1., device='cuda:0', grad_fn=<DivBackward0>)
Memory status after this epoch: 
Memory allocated:  17.21728515625
Memory cached:  298.0
	 epoch  30 training error:  tensor(1., device='cuda:0', grad_fn=<DivBackward0>)
Memory status after this epoch: 
Memory allocated:  17.21728515625
Memory cached:  308.0
	 epoch  40 training error:  tensor(1., device='cuda:0', grad_fn=<DivBackward0>)
Memory status after this epoch: 
Memory allocated:  17.21728515625
Memory cached:  308.0
	 epoch  50 training error:  tensor(1., device='cuda:0', grad_fn=<DivBackward0>)
Memory status after this epoch: 
Memory allocated:  17.21728515625
Memory cached:  306.0
	 epoch  60 training error:  tensor(1., device='cuda:0', grad_fn=<DivBackward0>)
Memory status after this epoch: 
Memory allocated:  17.21728515625
Memory cached:  304.0
	 epoch  70 training error:  tensor(1., device='cuda:0', grad_fn=<DivBackward0>)
Memory status after this epoch: 
Memory allocated:  17.21728515625
Memory cached:  314.0
	 epoch  80 training error:  tensor(1., device='cuda:0', grad_fn=<DivBackward0>)
Memory status after this epoch: 
Memory allocated:  17.21728515625
Memory cached:  312.0
	 epoch  90 training error:  tensor(1., device='cuda:0', grad_fn=<DivBackward0>)
Memory status after this epoch: 
Memory allocated:  17.21728515625
Memory cached:  316.0
[I 2023-11-08 12:18:30,845] Trial 8 finished with value: 1.0 and parameters: {'W_layers': 5, 'W_layer_units_exponent_0': 6, 'W_layer_units_exponent_1': 6, 'W_layer_units_exponent_2': 10, 'W_layer_units_exponent_3': 9, 'W_layer_units_exponent_4': 6, 'D_layers': 8, 'D_layer_units_exponent_0': 7, 'D_layer_units_exponent_1': 4, 'D_layer_units_exponent_2': 9, 'D_layer_units_exponent_3': 7, 'D_layer_units_exponent_4': 8, 'D_layer_units_exponent_5': 8, 'D_layer_units_exponent_6': 6, 'D_layer_units_exponent_7': 7, 'D_dagger_layers': 7, 'D_dagger_layer_units_exponent_0': 7, 'D_dagger_layer_units_exponent_1': 6, 'D_dagger_layer_units_exponent_2': 5, 'D_dagger_layer_units_exponent_3': 9, 'D_dagger_layer_units_exponent_4': 7, 'D_dagger_layer_units_exponent_5': 10, 'D_dagger_layer_units_exponent_6': 6, 'log_learning_rate': -2.2738314249545875, 'log_learning_rate_D': -1.9054937943554275, 'log_learning_rate_D_dagger': -1.6538951461083458, 'training_batch_size': 7, 'training_p': 8}. Best is trial 5 with value: 0.055005379021167755.
Time for this trial:  243.25510573387146
Memory status after this trial: 
Memory allocated:  284.91796875
Memory cached:  306.0
--------------------  Trial  9   --------------------
Start timing: 
Parameters: 
{'W_layers': 8, 'W_layer_units_exponent_0': 5, 'W_layer_units_exponent_1': 4, 'W_layer_units_exponent_2': 4, 'W_layer_units_exponent_3': 10, 'W_layer_units_exponent_4': 10, 'W_layer_units_exponent_5': 5, 'W_layer_units_exponent_6': 10, 'W_layer_units_exponent_7': 8, 'D_layers': 8, 'D_layer_units_exponent_0': 7, 'D_layer_units_exponent_1': 8, 'D_layer_units_exponent_2': 5, 'D_layer_units_exponent_3': 7, 'D_layer_units_exponent_4': 7, 'D_layer_units_exponent_5': 10, 'D_layer_units_exponent_6': 6, 'D_layer_units_exponent_7': 6, 'D_dagger_layers': 2, 'D_dagger_layer_units_exponent_0': 5, 'D_dagger_layer_units_exponent_1': 9, 'log_learning_rate': -3.70690026660545, 'log_learning_rate_D': -1.4474672024303392, 'log_learning_rate_D_dagger': -2.852214659115066, 'training_batch_size': 6, 'training_p': 2}
	 epoch  0 training error:  tensor(0.9629, device='cuda:0', grad_fn=<DivBackward0>)
Memory status after this epoch: 
Memory allocated:  25.77392578125
Memory cached:  178.0
	 epoch  10 training error:  tensor(0.1862, device='cuda:0', grad_fn=<DivBackward0>)
Memory status after this epoch: 
Memory allocated:  25.77392578125
Memory cached:  184.0
	 epoch  20 training error:  tensor(0.3014, device='cuda:0', grad_fn=<DivBackward0>)
Memory status after this epoch: 
Memory allocated:  25.77392578125
Memory cached:  190.0
	 epoch  30 training error:  tensor(0.2124, device='cuda:0', grad_fn=<DivBackward0>)
Memory status after this epoch: 
Memory allocated:  25.77392578125
Memory cached:  188.0
	 epoch  40 training error:  tensor(0.2215, device='cuda:0', grad_fn=<DivBackward0>)
Memory status after this epoch: 
Memory allocated:  25.77392578125
Memory cached:  184.0
	 epoch  50 training error:  tensor(0.1995, device='cuda:0', grad_fn=<DivBackward0>)
Memory status after this epoch: 
Memory allocated:  25.77392578125
Memory cached:  182.0
	 epoch  60 training error:  tensor(0.1988, device='cuda:0', grad_fn=<DivBackward0>)
Memory status after this epoch: 
Memory allocated:  25.77392578125
Memory cached:  194.0
	 epoch  70 training error:  tensor(0.1871, device='cuda:0', grad_fn=<DivBackward0>)
Memory status after this epoch: 
Memory allocated:  25.77392578125
Memory cached:  192.0
	 epoch  80 training error:  tensor(0.1836, device='cuda:0', grad_fn=<DivBackward0>)
Memory status after this epoch: 
Memory allocated:  25.77392578125
Memory cached:  190.0
	 epoch  90 training error:  tensor(0.1776, device='cuda:0', grad_fn=<DivBackward0>)
Memory status after this epoch: 
Memory allocated:  25.77392578125
Memory cached:  200.0
[I 2023-11-08 12:25:35,372] Trial 9 finished with value: 0.1902325600385666 and parameters: {'W_layers': 8, 'W_layer_units_exponent_0': 5, 'W_layer_units_exponent_1': 4, 'W_layer_units_exponent_2': 4, 'W_layer_units_exponent_3': 10, 'W_layer_units_exponent_4': 10, 'W_layer_units_exponent_5': 5, 'W_layer_units_exponent_6': 10, 'W_layer_units_exponent_7': 8, 'D_layers': 8, 'D_layer_units_exponent_0': 7, 'D_layer_units_exponent_1': 8, 'D_layer_units_exponent_2': 5, 'D_layer_units_exponent_3': 7, 'D_layer_units_exponent_4': 7, 'D_layer_units_exponent_5': 10, 'D_layer_units_exponent_6': 6, 'D_layer_units_exponent_7': 6, 'D_dagger_layers': 2, 'D_dagger_layer_units_exponent_0': 5, 'D_dagger_layer_units_exponent_1': 9, 'log_learning_rate': -3.70690026660545, 'log_learning_rate_D': -1.4474672024303392, 'log_learning_rate_D_dagger': -2.852214659115066, 'training_batch_size': 6, 'training_p': 2}. Best is trial 5 with value: 0.055005379021167755.
Time for this trial:  424.3341417312622
Memory status after this trial: 
Memory allocated:  322.5517578125
Memory cached:  340.0
--------------------  Trial  10   --------------------
Start timing: 
Parameters: 
{'W_layers': 3, 'W_layer_units_exponent_0': 10, 'W_layer_units_exponent_1': 10, 'W_layer_units_exponent_2': 7, 'D_layers': 3, 'D_layer_units_exponent_0': 5, 'D_layer_units_exponent_1': 9, 'D_layer_units_exponent_2': 10, 'D_dagger_layers': 2, 'D_dagger_layer_units_exponent_0': 8, 'D_dagger_layer_units_exponent_1': 4, 'log_learning_rate': -4.896590444610863, 'log_learning_rate_D': -4.9917894974347465, 'log_learning_rate_D_dagger': -4.893457113889365, 'training_batch_size': 12, 'training_p': 6}
	 epoch  0 training error:  tensor(2.4429, device='cuda:0', grad_fn=<DivBackward0>)
Memory status after this epoch: 
Memory allocated:  26.55126953125
Memory cached:  190.0
	 epoch  10 training error:  tensor(0.5885, device='cuda:0', grad_fn=<DivBackward0>)
Memory status after this epoch: 
Memory allocated:  26.55126953125
Memory cached:  262.0
	 epoch  20 training error:  tensor(0.3353, device='cuda:0', grad_fn=<DivBackward0>)
Memory status after this epoch: 
Memory allocated:  26.55126953125
Memory cached:  266.0
	 epoch  30 training error:  tensor(0.3063, device='cuda:0', grad_fn=<DivBackward0>)
Memory status after this epoch: 
Memory allocated:  26.55126953125
Memory cached:  268.0
	 epoch  40 training error:  tensor(0.1982, device='cuda:0', grad_fn=<DivBackward0>)
Memory status after this epoch: 
Memory allocated:  26.55126953125
Memory cached:  260.0
	 epoch  50 training error:  tensor(0.1874, device='cuda:0', grad_fn=<DivBackward0>)
Memory status after this epoch: 
Memory allocated:  26.55126953125
Memory cached:  266.0
	 epoch  60 training error:  tensor(0.1590, device='cuda:0', grad_fn=<DivBackward0>)
Memory status after this epoch: 
Memory allocated:  26.55126953125
Memory cached:  258.0
	 epoch  70 training error:  tensor(0.1323, device='cuda:0', grad_fn=<DivBackward0>)
Memory status after this epoch: 
Memory allocated:  26.55126953125
Memory cached:  270.0
	 epoch  80 training error:  tensor(0.1116, device='cuda:0', grad_fn=<DivBackward0>)
Memory status after this epoch: 
Memory allocated:  26.55126953125
Memory cached:  266.0
	 epoch  90 training error:  tensor(0.0959, device='cuda:0', grad_fn=<DivBackward0>)
Memory status after this epoch: 
Memory allocated:  26.55126953125
Memory cached:  260.0
[I 2023-11-08 12:28:13,781] Trial 10 finished with value: 0.07799948751926422 and parameters: {'W_layers': 3, 'W_layer_units_exponent_0': 10, 'W_layer_units_exponent_1': 10, 'W_layer_units_exponent_2': 7, 'D_layers': 3, 'D_layer_units_exponent_0': 5, 'D_layer_units_exponent_1': 9, 'D_layer_units_exponent_2': 10, 'D_dagger_layers': 2, 'D_dagger_layer_units_exponent_0': 8, 'D_dagger_layer_units_exponent_1': 4, 'log_learning_rate': -4.896590444610863, 'log_learning_rate_D': -4.9917894974347465, 'log_learning_rate_D_dagger': -4.893457113889365, 'training_batch_size': 12, 'training_p': 6}. Best is trial 5 with value: 0.055005379021167755.
Time for this trial:  158.17938685417175
Memory status after this trial: 
Memory allocated:  228.0205078125
Memory cached:  258.0
--------------------  Trial  11   --------------------
Start timing: 
Parameters: 
{'W_layers': 4, 'W_layer_units_exponent_0': 4, 'W_layer_units_exponent_1': 8, 'W_layer_units_exponent_2': 8, 'W_layer_units_exponent_3': 5, 'D_layers': 6, 'D_layer_units_exponent_0': 6, 'D_layer_units_exponent_1': 6, 'D_layer_units_exponent_2': 10, 'D_layer_units_exponent_3': 4, 'D_layer_units_exponent_4': 4, 'D_layer_units_exponent_5': 6, 'D_dagger_layers': 6, 'D_dagger_layer_units_exponent_0': 4, 'D_dagger_layer_units_exponent_1': 7, 'D_dagger_layer_units_exponent_2': 4, 'D_dagger_layer_units_exponent_3': 5, 'D_dagger_layer_units_exponent_4': 4, 'D_dagger_layer_units_exponent_5': 4, 'log_learning_rate': -4.296938908168093, 'log_learning_rate_D': -4.498322354063177, 'log_learning_rate_D_dagger': -3.858561228748085, 'training_batch_size': 10, 'training_p': 6}
	 epoch  0 training error:  tensor(0.3455, device='cuda:0', grad_fn=<DivBackward0>)
Memory status after this epoch: 
Memory allocated:  2.77978515625
Memory cached:  108.0
	 epoch  10 training error:  tensor(0.1610, device='cuda:0', grad_fn=<DivBackward0>)
Memory status after this epoch: 
Memory allocated:  2.77978515625
Memory cached:  148.0
	 epoch  20 training error:  tensor(0.1437, device='cuda:0', grad_fn=<DivBackward0>)
Memory status after this epoch: 
Memory allocated:  2.77978515625
Memory cached:  150.0
	 epoch  30 training error:  tensor(0.1244, device='cuda:0', grad_fn=<DivBackward0>)
Memory status after this epoch: 
Memory allocated:  2.77978515625
Memory cached:  144.0
	 epoch  40 training error:  tensor(0.1099, device='cuda:0', grad_fn=<DivBackward0>)
Memory status after this epoch: 
Memory allocated:  2.77978515625
Memory cached:  158.0
	 epoch  50 training error:  tensor(0.1010, device='cuda:0', grad_fn=<DivBackward0>)
Memory status after this epoch: 
Memory allocated:  2.77978515625
Memory cached:  156.0
	 epoch  60 training error:  tensor(0.0974, device='cuda:0', grad_fn=<DivBackward0>)
Memory status after this epoch: 
Memory allocated:  2.77978515625
Memory cached:  160.0
	 epoch  70 training error:  tensor(0.0917, device='cuda:0', grad_fn=<DivBackward0>)
Memory status after this epoch: 
Memory allocated:  2.77978515625
Memory cached:  150.0
	 epoch  80 training error:  tensor(0.0839, device='cuda:0', grad_fn=<DivBackward0>)
Memory status after this epoch: 
Memory allocated:  2.77978515625
Memory cached:  160.0
	 epoch  90 training error:  tensor(0.0780, device='cuda:0', grad_fn=<DivBackward0>)
Memory status after this epoch: 
Memory allocated:  2.77978515625
Memory cached:  142.0
