[I 2023-11-07 15:08:20,819] Trial 23 finished with value: 0.013663604855537415 and parameters: {'W_layers': 2, 'W_layer_units_exponent_0': 5, 'W_layer_units_exponent_1': 9, 'D_layers': 6, 'D_layer_units_exponent_0': 8, 'D_layer_units_exponent_1': 10, 'D_layer_units_exponent_2': 8, 'D_layer_units_exponent_3': 7, 'D_layer_units_exponent_4': 5, 'D_layer_units_exponent_5': 6, 'D_dagger_layers': 4, 'D_dagger_layer_units_exponent_0': 4, 'D_dagger_layer_units_exponent_1': 4, 'D_dagger_layer_units_exponent_2': 9, 'D_dagger_layer_units_exponent_3': 6, 'log_learning_rate': -4.205411342108461, 'log_learning_rate_D': -2.1132694800428298, 'log_learning_rate_D_dagger': -3.232077505888999, 'training_batch_size': 9, 'training_p': 2}. Best is trial 22 with value: 0.013349753804504871.
Time for this trial:  18.42401647567749
Memory status after this trial: 
Memory allocated:  63.1484375
Memory cached:  72.0
--------------------  Trial  24   --------------------
Start timing: 
Parameters: 
{'W_layers': 3, 'W_layer_units_exponent_0': 6, 'W_layer_units_exponent_1': 9, 'W_layer_units_exponent_2': 6, 'D_layers': 6, 'D_layer_units_exponent_0': 7, 'D_layer_units_exponent_1': 9, 'D_layer_units_exponent_2': 10, 'D_layer_units_exponent_3': 8, 'D_layer_units_exponent_4': 5, 'D_layer_units_exponent_5': 6, 'D_dagger_layers': 3, 'D_dagger_layer_units_exponent_0': 5, 'D_dagger_layer_units_exponent_1': 5, 'D_dagger_layer_units_exponent_2': 9, 'log_learning_rate': -4.960878046843311, 'log_learning_rate_D': -1.620188415887975, 'log_learning_rate_D_dagger': -3.225086650081014, 'training_batch_size': 11, 'training_p': 4}
	 epoch  0 training error:  tensor(1.2889, device='cuda:0', grad_fn=<DivBackward0>)
Memory status after this epoch: 
Memory allocated:  4.75927734375
Memory cached:  28.0
	 epoch  10 training error:  tensor(0.2434, device='cuda:0', grad_fn=<DivBackward0>)
Memory status after this epoch: 
Memory allocated:  4.75927734375
Memory cached:  32.0
	 epoch  20 training error:  tensor(0.1552, device='cuda:0', grad_fn=<DivBackward0>)
Memory status after this epoch: 
Memory allocated:  4.75927734375
Memory cached:  32.0
	 epoch  30 training error:  tensor(0.0489, device='cuda:0', grad_fn=<DivBackward0>)
Memory status after this epoch: 
Memory allocated:  4.75927734375
Memory cached:  32.0
	 epoch  40 training error:  tensor(0.0408, device='cuda:0', grad_fn=<DivBackward0>)
Memory status after this epoch: 
Memory allocated:  4.75927734375
Memory cached:  32.0
	 epoch  50 training error:  tensor(0.0210, device='cuda:0', grad_fn=<DivBackward0>)
Memory status after this epoch: 
Memory allocated:  4.75927734375
Memory cached:  32.0
	 epoch  60 training error:  tensor(0.0232, device='cuda:0', grad_fn=<DivBackward0>)
Memory status after this epoch: 
Memory allocated:  4.75927734375
Memory cached:  32.0
	 epoch  70 training error:  tensor(0.0215, device='cuda:0', grad_fn=<DivBackward0>)
Memory status after this epoch: 
Memory allocated:  4.75927734375
Memory cached:  32.0
	 epoch  80 training error:  tensor(0.0208, device='cuda:0', grad_fn=<DivBackward0>)
Memory status after this epoch: 
Memory allocated:  4.75927734375
Memory cached:  32.0
	 epoch  90 training error:  tensor(0.0209, device='cuda:0', grad_fn=<DivBackward0>)
Memory status after this epoch: 
Memory allocated:  4.75927734375
Memory cached:  32.0
[I 2023-11-07 15:08:39,271] Trial 24 finished with value: 0.01440795511007309 and parameters: {'W_layers': 3, 'W_layer_units_exponent_0': 6, 'W_layer_units_exponent_1': 9, 'W_layer_units_exponent_2': 6, 'D_layers': 6, 'D_layer_units_exponent_0': 7, 'D_layer_units_exponent_1': 9, 'D_layer_units_exponent_2': 10, 'D_layer_units_exponent_3': 8, 'D_layer_units_exponent_4': 5, 'D_layer_units_exponent_5': 6, 'D_dagger_layers': 3, 'D_dagger_layer_units_exponent_0': 5, 'D_dagger_layer_units_exponent_1': 5, 'D_dagger_layer_units_exponent_2': 9, 'log_learning_rate': -4.960878046843311, 'log_learning_rate_D': -1.620188415887975, 'log_learning_rate_D_dagger': -3.225086650081014, 'training_batch_size': 11, 'training_p': 4}. Best is trial 22 with value: 0.013349753804504871.
Time for this trial:  18.246673822402954
Memory status after this trial: 
Memory allocated:  66.759765625
Memory cached:  74.0
--------------------  Trial  25   --------------------
Start timing: 
Parameters: 
{'W_layers': 2, 'W_layer_units_exponent_0': 4, 'W_layer_units_exponent_1': 8, 'D_layers': 7, 'D_layer_units_exponent_0': 7, 'D_layer_units_exponent_1': 9, 'D_layer_units_exponent_2': 8, 'D_layer_units_exponent_3': 7, 'D_layer_units_exponent_4': 7, 'D_layer_units_exponent_5': 6, 'D_layer_units_exponent_6': 7, 'D_dagger_layers': 2, 'D_dagger_layer_units_exponent_0': 4, 'D_dagger_layer_units_exponent_1': 6, 'log_learning_rate': -4.567351861658994, 'log_learning_rate_D': -2.2029082584237525, 'log_learning_rate_D_dagger': -3.857370240047132, 'training_batch_size': 12, 'training_p': 3}
	 epoch  0 training error:  tensor(1.1934, device='cuda:0', grad_fn=<DivBackward0>)
Memory status after this epoch: 
Memory allocated:  1.26220703125
Memory cached:  8.0
	 epoch  10 training error:  tensor(1.0939, device='cuda:0', grad_fn=<DivBackward0>)
Memory status after this epoch: 
Memory allocated:  1.26220703125
Memory cached:  8.0
	 epoch  20 training error:  tensor(0.9923, device='cuda:0', grad_fn=<DivBackward0>)
Memory status after this epoch: 
Memory allocated:  1.26220703125
Memory cached:  8.0
	 epoch  30 training error:  tensor(0.8866, device='cuda:0', grad_fn=<DivBackward0>)
Memory status after this epoch: 
Memory allocated:  1.26220703125
Memory cached:  8.0
	 epoch  40 training error:  tensor(0.7743, device='cuda:0', grad_fn=<DivBackward0>)
Memory status after this epoch: 
Memory allocated:  1.26220703125
Memory cached:  8.0
	 epoch  50 training error:  tensor(0.6531, device='cuda:0', grad_fn=<DivBackward0>)
Memory status after this epoch: 
Memory allocated:  1.26220703125
Memory cached:  8.0
	 epoch  60 training error:  tensor(0.5203, device='cuda:0', grad_fn=<DivBackward0>)
Memory status after this epoch: 
Memory allocated:  1.26220703125
Memory cached:  8.0
	 epoch  70 training error:  tensor(0.3751, device='cuda:0', grad_fn=<DivBackward0>)
Memory status after this epoch: 
Memory allocated:  1.26220703125
Memory cached:  8.0
	 epoch  80 training error:  tensor(0.2264, device='cuda:0', grad_fn=<DivBackward0>)
Memory status after this epoch: 
Memory allocated:  1.26220703125
Memory cached:  8.0
	 epoch  90 training error:  tensor(0.0740, device='cuda:0', grad_fn=<DivBackward0>)
Memory status after this epoch: 
Memory allocated:  1.26220703125
Memory cached:  8.0
[I 2023-11-07 15:08:56,905] Trial 25 finished with value: 0.05760512501001358 and parameters: {'W_layers': 2, 'W_layer_units_exponent_0': 4, 'W_layer_units_exponent_1': 8, 'D_layers': 7, 'D_layer_units_exponent_0': 7, 'D_layer_units_exponent_1': 9, 'D_layer_units_exponent_2': 8, 'D_layer_units_exponent_3': 7, 'D_layer_units_exponent_4': 7, 'D_layer_units_exponent_5': 6, 'D_layer_units_exponent_6': 7, 'D_dagger_layers': 2, 'D_dagger_layer_units_exponent_0': 4, 'D_dagger_layer_units_exponent_1': 6, 'log_learning_rate': -4.567351861658994, 'log_learning_rate_D': -2.2029082584237525, 'log_learning_rate_D_dagger': -3.857370240047132, 'training_batch_size': 12, 'training_p': 3}. Best is trial 22 with value: 0.013349753804504871.
Time for this trial:  17.443472862243652
Memory status after this trial: 
Memory allocated:  19.0771484375
Memory cached:  28.0
--------------------  Trial  26   --------------------
Start timing: 
Parameters: 
{'W_layers': 5, 'W_layer_units_exponent_0': 5, 'W_layer_units_exponent_1': 7, 'W_layer_units_exponent_2': 5, 'W_layer_units_exponent_3': 5, 'W_layer_units_exponent_4': 6, 'D_layers': 6, 'D_layer_units_exponent_0': 6, 'D_layer_units_exponent_1': 10, 'D_layer_units_exponent_2': 7, 'D_layer_units_exponent_3': 8, 'D_layer_units_exponent_4': 4, 'D_layer_units_exponent_5': 7, 'D_dagger_layers': 3, 'D_dagger_layer_units_exponent_0': 6, 'D_dagger_layer_units_exponent_1': 4, 'D_dagger_layer_units_exponent_2': 8, 'log_learning_rate': -3.889520006221648, 'log_learning_rate_D': -2.6130570179712036, 'log_learning_rate_D_dagger': -3.4915661759274297, 'training_batch_size': 10, 'training_p': 2}
	 epoch  0 training error:  tensor(0.8038, device='cuda:0', grad_fn=<DivBackward0>)
Memory status after this epoch: 
Memory allocated:  1.341796875
Memory cached:  14.0
	 epoch  10 training error:  tensor(0.1761, device='cuda:0', grad_fn=<DivBackward0>)
Memory status after this epoch: 
Memory allocated:  1.341796875
Memory cached:  16.0
	 epoch  20 training error:  tensor(0.0882, device='cuda:0', grad_fn=<DivBackward0>)
Memory status after this epoch: 
Memory allocated:  1.341796875
Memory cached:  16.0
	 epoch  30 training error:  tensor(0.0469, device='cuda:0', grad_fn=<DivBackward0>)
Memory status after this epoch: 
Memory allocated:  1.341796875
Memory cached:  16.0
	 epoch  40 training error:  tensor(0.0316, device='cuda:0', grad_fn=<DivBackward0>)
Memory status after this epoch: 
Memory allocated:  1.341796875
Memory cached:  16.0
	 epoch  50 training error:  tensor(0.0279, device='cuda:0', grad_fn=<DivBackward0>)
Memory status after this epoch: 
Memory allocated:  1.341796875
Memory cached:  16.0
	 epoch  60 training error:  tensor(0.0261, device='cuda:0', grad_fn=<DivBackward0>)
Memory status after this epoch: 
Memory allocated:  1.341796875
Memory cached:  16.0
	 epoch  70 training error:  tensor(0.0238, device='cuda:0', grad_fn=<DivBackward0>)
Memory status after this epoch: 
Memory allocated:  1.341796875
Memory cached:  16.0
	 epoch  80 training error:  tensor(0.0227, device='cuda:0', grad_fn=<DivBackward0>)
Memory status after this epoch: 
Memory allocated:  1.341796875
Memory cached:  16.0
	 epoch  90 training error:  tensor(0.0220, device='cuda:0', grad_fn=<DivBackward0>)
Memory status after this epoch: 
Memory allocated:  1.341796875
Memory cached:  16.0
[I 2023-11-07 15:09:15,263] Trial 26 finished with value: 0.02104387991130352 and parameters: {'W_layers': 5, 'W_layer_units_exponent_0': 5, 'W_layer_units_exponent_1': 7, 'W_layer_units_exponent_2': 5, 'W_layer_units_exponent_3': 5, 'W_layer_units_exponent_4': 6, 'D_layers': 6, 'D_layer_units_exponent_0': 6, 'D_layer_units_exponent_1': 10, 'D_layer_units_exponent_2': 7, 'D_layer_units_exponent_3': 8, 'D_layer_units_exponent_4': 4, 'D_layer_units_exponent_5': 7, 'D_dagger_layers': 3, 'D_dagger_layer_units_exponent_0': 6, 'D_dagger_layer_units_exponent_1': 4, 'D_dagger_layer_units_exponent_2': 8, 'log_learning_rate': -3.889520006221648, 'log_learning_rate_D': -2.6130570179712036, 'log_learning_rate_D_dagger': -3.4915661759274297, 'training_batch_size': 10, 'training_p': 2}. Best is trial 22 with value: 0.013349753804504871.
Time for this trial:  18.137872457504272
Memory status after this trial: 
Memory allocated:  33.693359375
Memory cached:  42.0
--------------------  Trial  27   --------------------
Start timing: 
Parameters: 
{'W_layers': 3, 'W_layer_units_exponent_0': 6, 'W_layer_units_exponent_1': 7, 'W_layer_units_exponent_2': 5, 'D_layers': 5, 'D_layer_units_exponent_0': 7, 'D_layer_units_exponent_1': 8, 'D_layer_units_exponent_2': 5, 'D_layer_units_exponent_3': 6, 'D_layer_units_exponent_4': 6, 'D_dagger_layers': 4, 'D_dagger_layer_units_exponent_0': 7, 'D_dagger_layer_units_exponent_1': 5, 'D_dagger_layer_units_exponent_2': 7, 'D_dagger_layer_units_exponent_3': 6, 'log_learning_rate': -3.457561432893504, 'log_learning_rate_D': -1.8177452129236715, 'log_learning_rate_D_dagger': -3.1404622942836076, 'training_batch_size': 11, 'training_p': 3}
	 epoch  0 training error:  tensor(0.9171, device='cuda:0', grad_fn=<DivBackward0>)
Memory status after this epoch: 
Memory allocated:  0.80078125
Memory cached:  10.0
	 epoch  10 training error:  tensor(0.1382, device='cuda:0', grad_fn=<DivBackward0>)
Memory status after this epoch: 
Memory allocated:  0.80078125
Memory cached:  12.0
	 epoch  20 training error:  tensor(0.1138, device='cuda:0', grad_fn=<DivBackward0>)
Memory status after this epoch: 
Memory allocated:  0.80078125
Memory cached:  12.0
	 epoch  30 training error:  tensor(0.0660, device='cuda:0', grad_fn=<DivBackward0>)
Memory status after this epoch: 
Memory allocated:  0.80078125
Memory cached:  12.0
	 epoch  40 training error:  tensor(0.0315, device='cuda:0', grad_fn=<DivBackward0>)
Memory status after this epoch: 
Memory allocated:  0.80078125
Memory cached:  12.0
	 epoch  50 training error:  tensor(0.0261, device='cuda:0', grad_fn=<DivBackward0>)
Memory status after this epoch: 
Memory allocated:  0.80078125
Memory cached:  12.0
	 epoch  60 training error:  tensor(0.0203, device='cuda:0', grad_fn=<DivBackward0>)
Memory status after this epoch: 
Memory allocated:  0.80078125
Memory cached:  12.0
	 epoch  70 training error:  tensor(0.0191, device='cuda:0', grad_fn=<DivBackward0>)
Memory status after this epoch: 
Memory allocated:  0.80078125
Memory cached:  12.0
	 epoch  80 training error:  tensor(0.0180, device='cuda:0', grad_fn=<DivBackward0>)
Memory status after this epoch: 
Memory allocated:  0.80078125
Memory cached:  12.0
	 epoch  90 training error:  tensor(0.0179, device='cuda:0', grad_fn=<DivBackward0>)
Memory status after this epoch: 
Memory allocated:  0.80078125
Memory cached:  12.0
[I 2023-11-07 15:09:32,368] Trial 27 finished with value: 0.013888642191886902 and parameters: {'W_layers': 3, 'W_layer_units_exponent_0': 6, 'W_layer_units_exponent_1': 7, 'W_layer_units_exponent_2': 5, 'D_layers': 5, 'D_layer_units_exponent_0': 7, 'D_layer_units_exponent_1': 8, 'D_layer_units_exponent_2': 5, 'D_layer_units_exponent_3': 6, 'D_layer_units_exponent_4': 6, 'D_dagger_layers': 4, 'D_dagger_layer_units_exponent_0': 7, 'D_dagger_layer_units_exponent_1': 5, 'D_dagger_layer_units_exponent_2': 7, 'D_dagger_layer_units_exponent_3': 6, 'log_learning_rate': -3.457561432893504, 'log_learning_rate_D': -1.8177452129236715, 'log_learning_rate_D_dagger': -3.1404622942836076, 'training_batch_size': 11, 'training_p': 3}. Best is trial 22 with value: 0.013349753804504871.
Time for this trial:  16.90980815887451
Memory status after this trial: 
Memory allocated:  31.220703125
Memory cached:  34.0
--------------------  Trial  28   --------------------
Start timing: 
Parameters: 
{'W_layers': 2, 'W_layer_units_exponent_0': 7, 'W_layer_units_exponent_1': 9, 'D_layers': 3, 'D_layer_units_exponent_0': 9, 'D_layer_units_exponent_1': 6, 'D_layer_units_exponent_2': 8, 'D_dagger_layers': 2, 'D_dagger_layer_units_exponent_0': 5, 'D_dagger_layer_units_exponent_1': 4, 'log_learning_rate': -4.1117290537491265, 'log_learning_rate_D': -2.239090551225915, 'log_learning_rate_D_dagger': -3.487033428107602, 'training_batch_size': 12, 'training_p': 4}
	 epoch  0 training error:  tensor(0.7123, device='cuda:0', grad_fn=<DivBackward0>)
Memory status after this epoch: 
Memory allocated:  1.3857421875
Memory cached:  6.0
	 epoch  10 training error:  tensor(0.1995, device='cuda:0', grad_fn=<DivBackward0>)
Memory status after this epoch: 
Memory allocated:  1.3857421875
Memory cached:  8.0
	 epoch  20 training error:  tensor(0.1070, device='cuda:0', grad_fn=<DivBackward0>)
Memory status after this epoch: 
Memory allocated:  1.3857421875
Memory cached:  8.0
	 epoch  30 training error:  tensor(0.0297, device='cuda:0', grad_fn=<DivBackward0>)
Memory status after this epoch: 
Memory allocated:  1.3857421875
Memory cached:  8.0
	 epoch  40 training error:  tensor(0.0247, device='cuda:0', grad_fn=<DivBackward0>)
Memory status after this epoch: 
Memory allocated:  1.3857421875
Memory cached:  8.0
	 epoch  50 training error:  tensor(0.0238, device='cuda:0', grad_fn=<DivBackward0>)
Memory status after this epoch: 
Memory allocated:  1.3857421875
Memory cached:  8.0
	 epoch  60 training error:  tensor(0.0211, device='cuda:0', grad_fn=<DivBackward0>)
Memory status after this epoch: 
Memory allocated:  1.3857421875
Memory cached:  8.0
	 epoch  70 training error:  tensor(0.0213, device='cuda:0', grad_fn=<DivBackward0>)
Memory status after this epoch: 
Memory allocated:  1.3857421875
Memory cached:  8.0
	 epoch  80 training error:  tensor(0.0210, device='cuda:0', grad_fn=<DivBackward0>)
Memory status after this epoch: 
Memory allocated:  1.3857421875
Memory cached:  8.0
	 epoch  90 training error:  tensor(0.0208, device='cuda:0', grad_fn=<DivBackward0>)
Memory status after this epoch: 
Memory allocated:  1.3857421875
Memory cached:  8.0
[I 2023-11-07 15:09:49,588] Trial 28 finished with value: 0.014400600455701351 and parameters: {'W_layers': 2, 'W_layer_units_exponent_0': 7, 'W_layer_units_exponent_1': 9, 'D_layers': 3, 'D_layer_units_exponent_0': 9, 'D_layer_units_exponent_1': 6, 'D_layer_units_exponent_2': 8, 'D_dagger_layers': 2, 'D_dagger_layer_units_exponent_0': 5, 'D_dagger_layer_units_exponent_1': 4, 'log_learning_rate': -4.1117290537491265, 'log_learning_rate_D': -2.239090551225915, 'log_learning_rate_D_dagger': -3.487033428107602, 'training_batch_size': 12, 'training_p': 4}. Best is trial 22 with value: 0.013349753804504871.
Time for this trial:  17.044594049453735
Memory status after this trial: 
Memory allocated:  37.958984375
Memory cached:  52.0
--------------------  Trial  29   --------------------
Start timing: 
Parameters: 
{'W_layers': 4, 'W_layer_units_exponent_0': 9, 'W_layer_units_exponent_1': 8, 'W_layer_units_exponent_2': 7, 'W_layer_units_exponent_3': 6, 'D_layers': 7, 'D_layer_units_exponent_0': 8, 'D_layer_units_exponent_1': 10, 'D_layer_units_exponent_2': 7, 'D_layer_units_exponent_3': 7, 'D_layer_units_exponent_4': 5, 'D_layer_units_exponent_5': 9, 'D_layer_units_exponent_6': 8, 'D_dagger_layers': 4, 'D_dagger_layer_units_exponent_0': 6, 'D_dagger_layer_units_exponent_1': 5, 'D_dagger_layer_units_exponent_2': 10, 'D_dagger_layer_units_exponent_3': 9, 'log_learning_rate': -3.1049319190998697, 'log_learning_rate_D': -2.6518952197503745, 'log_learning_rate_D_dagger': -2.601860093442249, 'training_batch_size': 9, 'training_p': 7}
	 epoch  0 training error:  tensor(1.0067, device='cuda:0', grad_fn=<DivBackward0>)
Memory status after this epoch: 
Memory allocated:  13.7626953125
Memory cached:  46.0
	 epoch  10 training error:  tensor(0.5197, device='cuda:0', grad_fn=<DivBackward0>)
Memory status after this epoch: 
Memory allocated:  13.7626953125
Memory cached:  46.0
	 epoch  20 training error:  tensor(0.0983, device='cuda:0', grad_fn=<DivBackward0>)
Memory status after this epoch: 
Memory allocated:  13.7626953125
Memory cached:  46.0
	 epoch  30 training error:  tensor(0.1687, device='cuda:0', grad_fn=<DivBackward0>)
Memory status after this epoch: 
Memory allocated:  13.7626953125
Memory cached:  46.0
	 epoch  40 training error:  tensor(0.1516, device='cuda:0', grad_fn=<DivBackward0>)
Memory status after this epoch: 
Memory allocated:  13.7626953125
Memory cached:  46.0
	 epoch  50 training error:  tensor(0.0453, device='cuda:0', grad_fn=<DivBackward0>)
Memory status after this epoch: 
Memory allocated:  13.7626953125
Memory cached:  46.0
	 epoch  60 training error:  tensor(0.0824, device='cuda:0', grad_fn=<DivBackward0>)
Memory status after this epoch: 
Memory allocated:  13.7626953125
Memory cached:  46.0
	 epoch  70 training error:  tensor(0.0649, device='cuda:0', grad_fn=<DivBackward0>)
Memory status after this epoch: 
Memory allocated:  13.7626953125
Memory cached:  46.0
	 epoch  80 training error:  tensor(0.0751, device='cuda:0', grad_fn=<DivBackward0>)
Memory status after this epoch: 
Memory allocated:  13.7626953125
Memory cached:  46.0
	 epoch  90 training error:  tensor(0.0808, device='cuda:0', grad_fn=<DivBackward0>)
Memory status after this epoch: 
Memory allocated:  13.7626953125
Memory cached:  46.0
