[I 2023-11-07 21:27:48,651] Trial 35 finished with value: 0.013065703213214874 and parameters: {'W_layers': 8, 'W_layer_units_exponent_0': 8, 'W_layer_units_exponent_1': 8, 'W_layer_units_exponent_2': 9, 'W_layer_units_exponent_3': 8, 'W_layer_units_exponent_4': 7, 'W_layer_units_exponent_5': 8, 'W_layer_units_exponent_6': 7, 'W_layer_units_exponent_7': 6, 'D_layers': 5, 'D_layer_units_exponent_0': 10, 'D_layer_units_exponent_1': 6, 'D_layer_units_exponent_2': 7, 'D_layer_units_exponent_3': 7, 'D_layer_units_exponent_4': 5, 'D_dagger_layers': 3, 'D_dagger_layer_units_exponent_0': 8, 'D_dagger_layer_units_exponent_1': 7, 'D_dagger_layer_units_exponent_2': 4, 'log_learning_rate': -4.075655258035069, 'log_learning_rate_D': -3.1761237868996113, 'log_learning_rate_D_dagger': -4.2493877322186915, 'training_batch_size': 8, 'training_p': 2}. Best is trial 35 with value: 0.013065703213214874.
Time for this trial:  216.5388753414154
Memory status after this trial: 
Memory allocated:  198.7529296875
Memory cached:  204.0
--------------------  Trial  36   --------------------
Start timing: 
Parameters: 
{'W_layers': 8, 'W_layer_units_exponent_0': 8, 'W_layer_units_exponent_1': 9, 'W_layer_units_exponent_2': 9, 'W_layer_units_exponent_3': 7, 'W_layer_units_exponent_4': 7, 'W_layer_units_exponent_5': 7, 'W_layer_units_exponent_6': 6, 'W_layer_units_exponent_7': 6, 'D_layers': 5, 'D_layer_units_exponent_0': 10, 'D_layer_units_exponent_1': 6, 'D_layer_units_exponent_2': 7, 'D_layer_units_exponent_3': 6, 'D_layer_units_exponent_4': 6, 'D_dagger_layers': 4, 'D_dagger_layer_units_exponent_0': 7, 'D_dagger_layer_units_exponent_1': 8, 'D_dagger_layer_units_exponent_2': 4, 'D_dagger_layer_units_exponent_3': 9, 'log_learning_rate': -4.083812372648776, 'log_learning_rate_D': -2.9714994740585152, 'log_learning_rate_D_dagger': -4.644125650305694, 'training_batch_size': 9, 'training_p': 3}
	 epoch  0 training error:  tensor(0.7965, device='cuda:0', grad_fn=<DivBackward0>)
Memory status after this epoch: 
Memory allocated:  9.93115234375
Memory cached:  164.0
	 epoch  10 training error:  tensor(0.4441, device='cuda:0', grad_fn=<DivBackward0>)
Memory status after this epoch: 
Memory allocated:  9.93115234375
Memory cached:  266.0
	 epoch  20 training error:  tensor(0.1765, device='cuda:0', grad_fn=<DivBackward0>)
Memory status after this epoch: 
Memory allocated:  9.93115234375
Memory cached:  256.0
	 epoch  30 training error:  tensor(0.0568, device='cuda:0', grad_fn=<DivBackward0>)
Memory status after this epoch: 
Memory allocated:  9.93115234375
Memory cached:  264.0
	 epoch  40 training error:  tensor(0.0353, device='cuda:0', grad_fn=<DivBackward0>)
Memory status after this epoch: 
Memory allocated:  9.93115234375
Memory cached:  256.0
	 epoch  50 training error:  tensor(0.0254, device='cuda:0', grad_fn=<DivBackward0>)
Memory status after this epoch: 
Memory allocated:  9.93115234375
Memory cached:  248.0
	 epoch  60 training error:  tensor(0.0200, device='cuda:0', grad_fn=<DivBackward0>)
Memory status after this epoch: 
Memory allocated:  9.93115234375
Memory cached:  250.0
	 epoch  70 training error:  tensor(0.0192, device='cuda:0', grad_fn=<DivBackward0>)
Memory status after this epoch: 
Memory allocated:  9.93115234375
Memory cached:  258.0
	 epoch  80 training error:  tensor(0.0183, device='cuda:0', grad_fn=<DivBackward0>)
Memory status after this epoch: 
Memory allocated:  9.93115234375
Memory cached:  264.0
	 epoch  90 training error:  tensor(0.0183, device='cuda:0', grad_fn=<DivBackward0>)
Memory status after this epoch: 
Memory allocated:  9.93115234375
Memory cached:  256.0
[I 2023-11-07 21:31:34,424] Trial 36 finished with value: 0.014867655001580715 and parameters: {'W_layers': 8, 'W_layer_units_exponent_0': 8, 'W_layer_units_exponent_1': 9, 'W_layer_units_exponent_2': 9, 'W_layer_units_exponent_3': 7, 'W_layer_units_exponent_4': 7, 'W_layer_units_exponent_5': 7, 'W_layer_units_exponent_6': 6, 'W_layer_units_exponent_7': 6, 'D_layers': 5, 'D_layer_units_exponent_0': 10, 'D_layer_units_exponent_1': 6, 'D_layer_units_exponent_2': 7, 'D_layer_units_exponent_3': 6, 'D_layer_units_exponent_4': 6, 'D_dagger_layers': 4, 'D_dagger_layer_units_exponent_0': 7, 'D_dagger_layer_units_exponent_1': 8, 'D_dagger_layer_units_exponent_2': 4, 'D_dagger_layer_units_exponent_3': 9, 'log_learning_rate': -4.083812372648776, 'log_learning_rate_D': -2.9714994740585152, 'log_learning_rate_D_dagger': -4.644125650305694, 'training_batch_size': 9, 'training_p': 3}. Best is trial 35 with value: 0.013065703213214874.
Time for this trial:  225.40386867523193
Memory status after this trial: 
Memory allocated:  221.53955078125
Memory cached:  228.0
--------------------  Trial  37   --------------------
Start timing: 
Parameters: 
{'W_layers': 8, 'W_layer_units_exponent_0': 7, 'W_layer_units_exponent_1': 8, 'W_layer_units_exponent_2': 7, 'W_layer_units_exponent_3': 8, 'W_layer_units_exponent_4': 7, 'W_layer_units_exponent_5': 7, 'W_layer_units_exponent_6': 7, 'W_layer_units_exponent_7': 6, 'D_layers': 5, 'D_layer_units_exponent_0': 10, 'D_layer_units_exponent_1': 6, 'D_layer_units_exponent_2': 7, 'D_layer_units_exponent_3': 6, 'D_layer_units_exponent_4': 8, 'D_dagger_layers': 3, 'D_dagger_layer_units_exponent_0': 9, 'D_dagger_layer_units_exponent_1': 9, 'D_dagger_layer_units_exponent_2': 4, 'log_learning_rate': -4.335796264691015, 'log_learning_rate_D': -3.2512336568919125, 'log_learning_rate_D_dagger': -4.336103330299084, 'training_batch_size': 8, 'training_p': 6}
	 epoch  0 training error:  tensor(0.8711, device='cuda:0', grad_fn=<DivBackward0>)
Memory status after this epoch: 
Memory allocated:  8.48388671875
Memory cached:  138.0
	 epoch  10 training error:  tensor(0.2227, device='cuda:0', grad_fn=<DivBackward0>)
Memory status after this epoch: 
Memory allocated:  8.48388671875
Memory cached:  252.0
	 epoch  20 training error:  tensor(0.1221, device='cuda:0', grad_fn=<DivBackward0>)
Memory status after this epoch: 
Memory allocated:  8.48388671875
Memory cached:  266.0
	 epoch  30 training error:  tensor(0.0366, device='cuda:0', grad_fn=<DivBackward0>)
Memory status after this epoch: 
Memory allocated:  8.48388671875
Memory cached:  264.0
	 epoch  40 training error:  tensor(0.0337, device='cuda:0', grad_fn=<DivBackward0>)
Memory status after this epoch: 
Memory allocated:  8.48388671875
Memory cached:  262.0
	 epoch  50 training error:  tensor(0.0368, device='cuda:0', grad_fn=<DivBackward0>)
Memory status after this epoch: 
Memory allocated:  8.48388671875
Memory cached:  258.0
	 epoch  60 training error:  tensor(0.0338, device='cuda:0', grad_fn=<DivBackward0>)
Memory status after this epoch: 
Memory allocated:  8.48388671875
Memory cached:  246.0
	 epoch  70 training error:  tensor(0.0314, device='cuda:0', grad_fn=<DivBackward0>)
Memory status after this epoch: 
Memory allocated:  8.48388671875
Memory cached:  256.0
	 epoch  80 training error:  tensor(0.0307, device='cuda:0', grad_fn=<DivBackward0>)
Memory status after this epoch: 
Memory allocated:  8.48388671875
Memory cached:  256.0
	 epoch  90 training error:  tensor(0.0295, device='cuda:0', grad_fn=<DivBackward0>)
Memory status after this epoch: 
Memory allocated:  8.48388671875
Memory cached:  258.0
[I 2023-11-07 21:35:11,530] Trial 37 finished with value: 0.022468915209174156 and parameters: {'W_layers': 8, 'W_layer_units_exponent_0': 7, 'W_layer_units_exponent_1': 8, 'W_layer_units_exponent_2': 7, 'W_layer_units_exponent_3': 8, 'W_layer_units_exponent_4': 7, 'W_layer_units_exponent_5': 7, 'W_layer_units_exponent_6': 7, 'W_layer_units_exponent_7': 6, 'D_layers': 5, 'D_layer_units_exponent_0': 10, 'D_layer_units_exponent_1': 6, 'D_layer_units_exponent_2': 7, 'D_layer_units_exponent_3': 6, 'D_layer_units_exponent_4': 8, 'D_dagger_layers': 3, 'D_dagger_layer_units_exponent_0': 9, 'D_dagger_layer_units_exponent_1': 9, 'D_dagger_layer_units_exponent_2': 4, 'log_learning_rate': -4.335796264691015, 'log_learning_rate_D': -3.2512336568919125, 'log_learning_rate_D_dagger': -4.336103330299084, 'training_batch_size': 8, 'training_p': 6}. Best is trial 35 with value: 0.013065703213214874.
Time for this trial:  216.81041765213013
Memory status after this trial: 
Memory allocated:  207.04150390625
Memory cached:  212.0
--------------------  Trial  38   --------------------
Start timing: 
Parameters: 
{'W_layers': 4, 'W_layer_units_exponent_0': 8, 'W_layer_units_exponent_1': 9, 'W_layer_units_exponent_2': 7, 'W_layer_units_exponent_3': 9, 'D_layers': 7, 'D_layer_units_exponent_0': 10, 'D_layer_units_exponent_1': 7, 'D_layer_units_exponent_2': 8, 'D_layer_units_exponent_3': 7, 'D_layer_units_exponent_4': 5, 'D_layer_units_exponent_5': 7, 'D_layer_units_exponent_6': 6, 'D_dagger_layers': 4, 'D_dagger_layer_units_exponent_0': 8, 'D_dagger_layer_units_exponent_1': 6, 'D_dagger_layer_units_exponent_2': 9, 'D_dagger_layer_units_exponent_3': 5, 'log_learning_rate': -3.3231030637559553, 'log_learning_rate_D': -3.483851194492475, 'log_learning_rate_D_dagger': -3.9374539254965835, 'training_batch_size': 8, 'training_p': 2}
	 epoch  0 training error:  tensor(1.0154, device='cuda:0', grad_fn=<DivBackward0>)
Memory status after this epoch: 
Memory allocated:  8.49365234375
Memory cached:  112.0
	 epoch  10 training error:  tensor(0.3161, device='cuda:0', grad_fn=<DivBackward0>)
Memory status after this epoch: 
Memory allocated:  8.49365234375
Memory cached:  154.0
	 epoch  20 training error:  tensor(0.1227, device='cuda:0', grad_fn=<DivBackward0>)
Memory status after this epoch: 
Memory allocated:  8.49365234375
Memory cached:  156.0
	 epoch  30 training error:  tensor(0.0479, device='cuda:0', grad_fn=<DivBackward0>)
Memory status after this epoch: 
Memory allocated:  8.49365234375
Memory cached:  158.0
	 epoch  40 training error:  tensor(0.0346, device='cuda:0', grad_fn=<DivBackward0>)
Memory status after this epoch: 
Memory allocated:  8.49365234375
Memory cached:  156.0
	 epoch  50 training error:  tensor(0.0185, device='cuda:0', grad_fn=<DivBackward0>)
Memory status after this epoch: 
Memory allocated:  8.49365234375
Memory cached:  152.0
	 epoch  60 training error:  tensor(0.0158, device='cuda:0', grad_fn=<DivBackward0>)
Memory status after this epoch: 
Memory allocated:  8.49365234375
Memory cached:  148.0
	 epoch  70 training error:  tensor(0.0151, device='cuda:0', grad_fn=<DivBackward0>)
Memory status after this epoch: 
Memory allocated:  8.49365234375
Memory cached:  154.0
	 epoch  80 training error:  tensor(0.0205, device='cuda:0', grad_fn=<DivBackward0>)
Memory status after this epoch: 
Memory allocated:  8.49365234375
Memory cached:  154.0
	 epoch  90 training error:  tensor(0.0183, device='cuda:0', grad_fn=<DivBackward0>)
Memory status after this epoch: 
Memory allocated:  8.49365234375
Memory cached:  152.0
[I 2023-11-07 21:38:46,670] Trial 38 finished with value: 0.018726371228694916 and parameters: {'W_layers': 4, 'W_layer_units_exponent_0': 8, 'W_layer_units_exponent_1': 9, 'W_layer_units_exponent_2': 7, 'W_layer_units_exponent_3': 9, 'D_layers': 7, 'D_layer_units_exponent_0': 10, 'D_layer_units_exponent_1': 7, 'D_layer_units_exponent_2': 8, 'D_layer_units_exponent_3': 7, 'D_layer_units_exponent_4': 5, 'D_layer_units_exponent_5': 7, 'D_layer_units_exponent_6': 6, 'D_dagger_layers': 4, 'D_dagger_layer_units_exponent_0': 8, 'D_dagger_layer_units_exponent_1': 6, 'D_dagger_layer_units_exponent_2': 9, 'D_dagger_layer_units_exponent_3': 5, 'log_learning_rate': -3.3231030637559553, 'log_learning_rate_D': -3.483851194492475, 'log_learning_rate_D_dagger': -3.9374539254965835, 'training_batch_size': 8, 'training_p': 2}. Best is trial 35 with value: 0.013065703213214874.
Time for this trial:  214.8508472442627
Memory status after this trial: 
Memory allocated:  219.5732421875
Memory cached:  224.0
--------------------  Trial  39   --------------------
Start timing: 
Parameters: 
{'W_layers': 6, 'W_layer_units_exponent_0': 10, 'W_layer_units_exponent_1': 8, 'W_layer_units_exponent_2': 10, 'W_layer_units_exponent_3': 6, 'W_layer_units_exponent_4': 5, 'W_layer_units_exponent_5': 9, 'D_layers': 4, 'D_layer_units_exponent_0': 9, 'D_layer_units_exponent_1': 5, 'D_layer_units_exponent_2': 8, 'D_layer_units_exponent_3': 7, 'D_dagger_layers': 2, 'D_dagger_layer_units_exponent_0': 10, 'D_dagger_layer_units_exponent_1': 5, 'log_learning_rate': -3.9223285965631787, 'log_learning_rate_D': -3.0967733188350848, 'log_learning_rate_D_dagger': -4.6174615240321435, 'training_batch_size': 9, 'training_p': 4}
	 epoch  0 training error:  tensor(0.7457, device='cuda:0', grad_fn=<DivBackward0>)
Memory status after this epoch: 
Memory allocated:  10.94482421875
Memory cached:  122.0
	 epoch  10 training error:  tensor(0.0855, device='cuda:0', grad_fn=<DivBackward0>)
Memory status after this epoch: 
Memory allocated:  10.94482421875
Memory cached:  182.0
	 epoch  20 training error:  tensor(0.0356, device='cuda:0', grad_fn=<DivBackward0>)
Memory status after this epoch: 
Memory allocated:  10.94482421875
Memory cached:  174.0
	 epoch  30 training error:  tensor(0.0261, device='cuda:0', grad_fn=<DivBackward0>)
Memory status after this epoch: 
Memory allocated:  10.94482421875
Memory cached:  178.0
	 epoch  40 training error:  tensor(0.0253, device='cuda:0', grad_fn=<DivBackward0>)
Memory status after this epoch: 
Memory allocated:  10.94482421875
Memory cached:  172.0
	 epoch  50 training error:  tensor(0.0229, device='cuda:0', grad_fn=<DivBackward0>)
Memory status after this epoch: 
Memory allocated:  10.94482421875
Memory cached:  174.0
	 epoch  60 training error:  tensor(0.0229, device='cuda:0', grad_fn=<DivBackward0>)
Memory status after this epoch: 
Memory allocated:  10.94482421875
Memory cached:  180.0
	 epoch  70 training error:  tensor(0.0223, device='cuda:0', grad_fn=<DivBackward0>)
Memory status after this epoch: 
Memory allocated:  10.94482421875
Memory cached:  176.0
	 epoch  80 training error:  tensor(0.0221, device='cuda:0', grad_fn=<DivBackward0>)
Memory status after this epoch: 
Memory allocated:  10.94482421875
Memory cached:  172.0
	 epoch  90 training error:  tensor(0.0219, device='cuda:0', grad_fn=<DivBackward0>)
Memory status after this epoch: 
Memory allocated:  10.94482421875
Memory cached:  168.0
[I 2023-11-07 21:42:04,567] Trial 39 finished with value: 0.01698828488588333 and parameters: {'W_layers': 6, 'W_layer_units_exponent_0': 10, 'W_layer_units_exponent_1': 8, 'W_layer_units_exponent_2': 10, 'W_layer_units_exponent_3': 6, 'W_layer_units_exponent_4': 5, 'W_layer_units_exponent_5': 9, 'D_layers': 4, 'D_layer_units_exponent_0': 9, 'D_layer_units_exponent_1': 5, 'D_layer_units_exponent_2': 8, 'D_layer_units_exponent_3': 7, 'D_dagger_layers': 2, 'D_dagger_layer_units_exponent_0': 10, 'D_dagger_layer_units_exponent_1': 5, 'log_learning_rate': -3.9223285965631787, 'log_learning_rate_D': -3.0967733188350848, 'log_learning_rate_D_dagger': -4.6174615240321435, 'training_batch_size': 9, 'training_p': 4}. Best is trial 35 with value: 0.013065703213214874.
Time for this trial:  197.58239316940308
Memory status after this trial: 
Memory allocated:  267.3857421875
Memory cached:  274.0
--------------------  Trial  40   --------------------
Start timing: 
Parameters: 
{'W_layers': 8, 'W_layer_units_exponent_0': 6, 'W_layer_units_exponent_1': 9, 'W_layer_units_exponent_2': 9, 'W_layer_units_exponent_3': 7, 'W_layer_units_exponent_4': 7, 'W_layer_units_exponent_5': 6, 'W_layer_units_exponent_6': 7, 'W_layer_units_exponent_7': 8, 'D_layers': 5, 'D_layer_units_exponent_0': 9, 'D_layer_units_exponent_1': 7, 'D_layer_units_exponent_2': 9, 'D_layer_units_exponent_3': 10, 'D_layer_units_exponent_4': 5, 'D_dagger_layers': 3, 'D_dagger_layer_units_exponent_0': 7, 'D_dagger_layer_units_exponent_1': 6, 'D_dagger_layer_units_exponent_2': 4, 'log_learning_rate': -4.6268978549679955, 'log_learning_rate_D': -2.891229697761087, 'log_learning_rate_D_dagger': -4.198657347408028, 'training_batch_size': 8, 'training_p': 7}
	 epoch  0 training error:  tensor(1.1384, device='cuda:0', grad_fn=<DivBackward0>)
Memory status after this epoch: 
Memory allocated:  17.35888671875
Memory cached:  184.0
	 epoch  10 training error:  tensor(0.9789, device='cuda:0', grad_fn=<DivBackward0>)
Memory status after this epoch: 
Memory allocated:  17.35888671875
Memory cached:  324.0
	 epoch  20 training error:  tensor(0.8014, device='cuda:0', grad_fn=<DivBackward0>)
Memory status after this epoch: 
Memory allocated:  17.35888671875
Memory cached:  308.0
	 epoch  30 training error:  tensor(0.5858, device='cuda:0', grad_fn=<DivBackward0>)
Memory status after this epoch: 
Memory allocated:  17.35888671875
Memory cached:  316.0
	 epoch  40 training error:  tensor(0.3090, device='cuda:0', grad_fn=<DivBackward0>)
Memory status after this epoch: 
Memory allocated:  17.35888671875
Memory cached:  322.0
	 epoch  50 training error:  tensor(0.0786, device='cuda:0', grad_fn=<DivBackward0>)
Memory status after this epoch: 
Memory allocated:  17.35888671875
Memory cached:  302.0
	 epoch  60 training error:  tensor(0.0390, device='cuda:0', grad_fn=<DivBackward0>)
Memory status after this epoch: 
Memory allocated:  17.35888671875
Memory cached:  294.0
	 epoch  70 training error:  tensor(0.0284, device='cuda:0', grad_fn=<DivBackward0>)
Memory status after this epoch: 
Memory allocated:  17.35888671875
Memory cached:  330.0
	 epoch  80 training error:  tensor(0.0312, device='cuda:0', grad_fn=<DivBackward0>)
Memory status after this epoch: 
Memory allocated:  17.35888671875
Memory cached:  312.0
	 epoch  90 training error:  tensor(0.0267, device='cuda:0', grad_fn=<DivBackward0>)
Memory status after this epoch: 
Memory allocated:  17.35888671875
Memory cached:  308.0
[I 2023-11-07 21:45:43,718] Trial 40 finished with value: 0.017802199348807335 and parameters: {'W_layers': 8, 'W_layer_units_exponent_0': 6, 'W_layer_units_exponent_1': 9, 'W_layer_units_exponent_2': 9, 'W_layer_units_exponent_3': 7, 'W_layer_units_exponent_4': 7, 'W_layer_units_exponent_5': 6, 'W_layer_units_exponent_6': 7, 'W_layer_units_exponent_7': 8, 'D_layers': 5, 'D_layer_units_exponent_0': 9, 'D_layer_units_exponent_1': 7, 'D_layer_units_exponent_2': 9, 'D_layer_units_exponent_3': 10, 'D_layer_units_exponent_4': 5, 'D_dagger_layers': 3, 'D_dagger_layer_units_exponent_0': 7, 'D_dagger_layer_units_exponent_1': 6, 'D_dagger_layer_units_exponent_2': 4, 'log_learning_rate': -4.6268978549679955, 'log_learning_rate_D': -2.891229697761087, 'log_learning_rate_D_dagger': -4.198657347408028, 'training_batch_size': 8, 'training_p': 7}. Best is trial 35 with value: 0.013065703213214874.
Time for this trial:  218.85841822624207
Memory status after this trial: 
Memory allocated:  233.3369140625
Memory cached:  256.0
--------------------  Trial  41   --------------------
Start timing: 
Parameters: 
{'W_layers': 7, 'W_layer_units_exponent_0': 9, 'W_layer_units_exponent_1': 7, 'W_layer_units_exponent_2': 8, 'W_layer_units_exponent_3': 8, 'W_layer_units_exponent_4': 6, 'W_layer_units_exponent_5': 8, 'W_layer_units_exponent_6': 8, 'D_layers': 6, 'D_layer_units_exponent_0': 10, 'D_layer_units_exponent_1': 4, 'D_layer_units_exponent_2': 8, 'D_layer_units_exponent_3': 8, 'D_layer_units_exponent_4': 4, 'D_layer_units_exponent_5': 4, 'D_dagger_layers': 3, 'D_dagger_layer_units_exponent_0': 8, 'D_dagger_layer_units_exponent_1': 7, 'D_dagger_layer_units_exponent_2': 5, 'log_learning_rate': -3.3376896662701907, 'log_learning_rate_D': -3.676074864805553, 'log_learning_rate_D_dagger': -4.090070129420919, 'training_batch_size': 7, 'training_p': 2}
	 epoch  0 training error:  tensor(0.9296, device='cuda:0', grad_fn=<DivBackward0>)
Memory status after this epoch: 
Memory allocated:  6.19091796875
Memory cached:  128.0
	 epoch  10 training error:  tensor(0.1814, device='cuda:0', grad_fn=<DivBackward0>)
Memory status after this epoch: 
Memory allocated:  6.19091796875
Memory cached:  248.0
	 epoch  20 training error:  tensor(0.0267, device='cuda:0', grad_fn=<DivBackward0>)
Memory status after this epoch: 
Memory allocated:  6.19091796875
Memory cached:  254.0
	 epoch  30 training error:  tensor(0.0527, device='cuda:0', grad_fn=<DivBackward0>)
Memory status after this epoch: 
Memory allocated:  6.19091796875
Memory cached:  236.0
	 epoch  40 training error:  tensor(0.0278, device='cuda:0', grad_fn=<DivBackward0>)
Memory status after this epoch: 
Memory allocated:  6.19091796875
Memory cached:  254.0
	 epoch  50 training error:  tensor(0.0152, device='cuda:0', grad_fn=<DivBackward0>)
Memory status after this epoch: 
Memory allocated:  6.19091796875
Memory cached:  250.0
	 epoch  60 training error:  tensor(0.0155, device='cuda:0', grad_fn=<DivBackward0>)
Memory status after this epoch: 
Memory allocated:  6.19091796875
Memory cached:  262.0
	 epoch  70 training error:  tensor(0.0147, device='cuda:0', grad_fn=<DivBackward0>)
Memory status after this epoch: 
Memory allocated:  6.19091796875
Memory cached:  248.0
	 epoch  80 training error:  tensor(0.0147, device='cuda:0', grad_fn=<DivBackward0>)
Memory status after this epoch: 
Memory allocated:  6.19091796875
Memory cached:  230.0
	 epoch  90 training error:  tensor(0.0146, device='cuda:0', grad_fn=<DivBackward0>)
Memory status after this epoch: 
Memory allocated:  6.19091796875
Memory cached:  252.0
