[I 2023-11-06 16:55:34,058] Trial 38 finished with value: 0.025585589930415154 and parameters: {'W_layers': 7, 'W_layer_units_exponent_0': 9, 'W_layer_units_exponent_1': 4, 'W_layer_units_exponent_2': 7, 'W_layer_units_exponent_3': 4, 'W_layer_units_exponent_4': 9, 'W_layer_units_exponent_5': 7, 'W_layer_units_exponent_6': 6, 'D_layers': 4, 'D_layer_units_exponent_0': 8, 'D_layer_units_exponent_1': 7, 'D_layer_units_exponent_2': 9, 'D_layer_units_exponent_3': 5, 'D_dagger_layers': 6, 'D_dagger_layer_units_exponent_0': 7, 'D_dagger_layer_units_exponent_1': 10, 'D_dagger_layer_units_exponent_2': 5, 'D_dagger_layer_units_exponent_3': 9, 'D_dagger_layer_units_exponent_4': 9, 'D_dagger_layer_units_exponent_5': 6, 'log_learning_rate': -3.885863807418326, 'log_learning_rate_D': -3.8636015555340597, 'log_learning_rate_D_dagger': -4.140792145480115, 'training_batch_size': 7, 'training_p': 7}. Best is trial 38 with value: 0.025585589930415154.
Time for this trial:  230.0415222644806
Memory status after this trial: 
Memory allocated:  250.501953125
Memory cached:  256.0
--------------------  Trial  39   --------------------
Start timing: 
Parameters: 
{'W_layers': 7, 'W_layer_units_exponent_0': 9, 'W_layer_units_exponent_1': 4, 'W_layer_units_exponent_2': 8, 'W_layer_units_exponent_3': 4, 'W_layer_units_exponent_4': 9, 'W_layer_units_exponent_5': 9, 'W_layer_units_exponent_6': 7, 'D_layers': 5, 'D_layer_units_exponent_0': 8, 'D_layer_units_exponent_1': 6, 'D_layer_units_exponent_2': 9, 'D_layer_units_exponent_3': 5, 'D_layer_units_exponent_4': 7, 'D_dagger_layers': 6, 'D_dagger_layer_units_exponent_0': 7, 'D_dagger_layer_units_exponent_1': 10, 'D_dagger_layer_units_exponent_2': 4, 'D_dagger_layer_units_exponent_3': 9, 'D_dagger_layer_units_exponent_4': 9, 'D_dagger_layer_units_exponent_5': 5, 'log_learning_rate': -4.7549428253500325, 'log_learning_rate_D': -3.900375362219067, 'log_learning_rate_D_dagger': -3.179124309320704, 'training_batch_size': 8, 'training_p': 8}
	 epoch  0 training error:  tensor(0.9768, device='cuda:0', grad_fn=<DivBackward0>)
Memory status after this epoch: 
Memory allocated:  13.30810546875
Memory cached:  162.0
	 epoch  10 training error:  tensor(0.2130, device='cuda:0', grad_fn=<DivBackward0>)
Memory status after this epoch: 
Memory allocated:  13.30810546875
Memory cached:  312.0
	 epoch  20 training error:  tensor(0.1162, device='cuda:0', grad_fn=<DivBackward0>)
Memory status after this epoch: 
Memory allocated:  13.30810546875
Memory cached:  292.0
	 epoch  30 training error:  tensor(0.1583, device='cuda:0', grad_fn=<DivBackward0>)
Memory status after this epoch: 
Memory allocated:  13.30810546875
Memory cached:  292.0
	 epoch  40 training error:  tensor(0.0999, device='cuda:0', grad_fn=<DivBackward0>)
Memory status after this epoch: 
Memory allocated:  13.30810546875
Memory cached:  296.0
	 epoch  50 training error:  tensor(0.0709, device='cuda:0', grad_fn=<DivBackward0>)
Memory status after this epoch: 
Memory allocated:  13.30810546875
Memory cached:  298.0
	 epoch  60 training error:  tensor(0.0749, device='cuda:0', grad_fn=<DivBackward0>)
Memory status after this epoch: 
Memory allocated:  13.30810546875
Memory cached:  288.0
	 epoch  70 training error:  tensor(0.0646, device='cuda:0', grad_fn=<DivBackward0>)
Memory status after this epoch: 
Memory allocated:  13.30810546875
Memory cached:  300.0
	 epoch  80 training error:  tensor(0.0589, device='cuda:0', grad_fn=<DivBackward0>)
Memory status after this epoch: 
Memory allocated:  13.30810546875
Memory cached:  308.0
	 epoch  90 training error:  tensor(0.0441, device='cuda:0', grad_fn=<DivBackward0>)
Memory status after this epoch: 
Memory allocated:  13.30810546875
Memory cached:  294.0
[I 2023-11-06 16:59:35,481] Trial 39 finished with value: 0.05075329169631004 and parameters: {'W_layers': 7, 'W_layer_units_exponent_0': 9, 'W_layer_units_exponent_1': 4, 'W_layer_units_exponent_2': 8, 'W_layer_units_exponent_3': 4, 'W_layer_units_exponent_4': 9, 'W_layer_units_exponent_5': 9, 'W_layer_units_exponent_6': 7, 'D_layers': 5, 'D_layer_units_exponent_0': 8, 'D_layer_units_exponent_1': 6, 'D_layer_units_exponent_2': 9, 'D_layer_units_exponent_3': 5, 'D_layer_units_exponent_4': 7, 'D_dagger_layers': 6, 'D_dagger_layer_units_exponent_0': 7, 'D_dagger_layer_units_exponent_1': 10, 'D_dagger_layer_units_exponent_2': 4, 'D_dagger_layer_units_exponent_3': 9, 'D_dagger_layer_units_exponent_4': 9, 'D_dagger_layer_units_exponent_5': 5, 'log_learning_rate': -4.7549428253500325, 'log_learning_rate_D': -3.900375362219067, 'log_learning_rate_D_dagger': -3.179124309320704, 'training_batch_size': 8, 'training_p': 8}. Best is trial 38 with value: 0.025585589930415154.
Time for this trial:  241.05891633033752
Memory status after this trial: 
Memory allocated:  283.572265625
Memory cached:  292.0
--------------------  Trial  40   --------------------
Start timing: 
Parameters: 
{'W_layers': 5, 'W_layer_units_exponent_0': 10, 'W_layer_units_exponent_1': 4, 'W_layer_units_exponent_2': 7, 'W_layer_units_exponent_3': 9, 'W_layer_units_exponent_4': 9, 'D_layers': 4, 'D_layer_units_exponent_0': 5, 'D_layer_units_exponent_1': 7, 'D_layer_units_exponent_2': 10, 'D_layer_units_exponent_3': 5, 'D_dagger_layers': 7, 'D_dagger_layer_units_exponent_0': 7, 'D_dagger_layer_units_exponent_1': 10, 'D_dagger_layer_units_exponent_2': 7, 'D_dagger_layer_units_exponent_3': 10, 'D_dagger_layer_units_exponent_4': 9, 'D_dagger_layer_units_exponent_5': 6, 'D_dagger_layer_units_exponent_6': 9, 'log_learning_rate': -3.9340535114831474, 'log_learning_rate_D': -4.413275042540394, 'log_learning_rate_D_dagger': -3.8240837538447505, 'training_batch_size': 8, 'training_p': 7}
	 epoch  0 training error:  tensor(1.0660, device='cuda:0', grad_fn=<DivBackward0>)
Memory status after this epoch: 
Memory allocated:  23.14013671875
Memory cached:  170.0
	 epoch  10 training error:  tensor(0.1437, device='cuda:0', grad_fn=<DivBackward0>)
Memory status after this epoch: 
Memory allocated:  23.14013671875
Memory cached:  306.0
	 epoch  20 training error:  tensor(0.1433, device='cuda:0', grad_fn=<DivBackward0>)
Memory status after this epoch: 
Memory allocated:  23.14013671875
Memory cached:  302.0
	 epoch  30 training error:  tensor(0.0709, device='cuda:0', grad_fn=<DivBackward0>)
Memory status after this epoch: 
Memory allocated:  23.14013671875
Memory cached:  308.0
	 epoch  40 training error:  tensor(0.0729, device='cuda:0', grad_fn=<DivBackward0>)
Memory status after this epoch: 
Memory allocated:  23.14013671875
Memory cached:  314.0
	 epoch  50 training error:  tensor(0.0639, device='cuda:0', grad_fn=<DivBackward0>)
Memory status after this epoch: 
Memory allocated:  23.14013671875
Memory cached:  306.0
	 epoch  60 training error:  tensor(0.0498, device='cuda:0', grad_fn=<DivBackward0>)
Memory status after this epoch: 
Memory allocated:  23.14013671875
Memory cached:  318.0
	 epoch  70 training error:  tensor(0.0475, device='cuda:0', grad_fn=<DivBackward0>)
Memory status after this epoch: 
Memory allocated:  23.14013671875
Memory cached:  306.0
	 epoch  80 training error:  tensor(0.0436, device='cuda:0', grad_fn=<DivBackward0>)
Memory status after this epoch: 
Memory allocated:  23.14013671875
Memory cached:  304.0
	 epoch  90 training error:  tensor(0.0402, device='cuda:0', grad_fn=<DivBackward0>)
Memory status after this epoch: 
Memory allocated:  23.14013671875
Memory cached:  298.0
[I 2023-11-06 17:03:31,754] Trial 40 finished with value: 0.03001011721789837 and parameters: {'W_layers': 5, 'W_layer_units_exponent_0': 10, 'W_layer_units_exponent_1': 4, 'W_layer_units_exponent_2': 7, 'W_layer_units_exponent_3': 9, 'W_layer_units_exponent_4': 9, 'D_layers': 4, 'D_layer_units_exponent_0': 5, 'D_layer_units_exponent_1': 7, 'D_layer_units_exponent_2': 10, 'D_layer_units_exponent_3': 5, 'D_dagger_layers': 7, 'D_dagger_layer_units_exponent_0': 7, 'D_dagger_layer_units_exponent_1': 10, 'D_dagger_layer_units_exponent_2': 7, 'D_dagger_layer_units_exponent_3': 10, 'D_dagger_layer_units_exponent_4': 9, 'D_dagger_layer_units_exponent_5': 6, 'D_dagger_layer_units_exponent_6': 9, 'log_learning_rate': -3.9340535114831474, 'log_learning_rate_D': -4.413275042540394, 'log_learning_rate_D_dagger': -3.8240837538447505, 'training_batch_size': 8, 'training_p': 7}. Best is trial 38 with value: 0.025585589930415154.
Time for this trial:  235.95264673233032
Memory status after this trial: 
Memory allocated:  375.18505859375
Memory cached:  400.0
--------------------  Trial  41   --------------------
Start timing: 
Parameters: 
{'W_layers': 7, 'W_layer_units_exponent_0': 9, 'W_layer_units_exponent_1': 5, 'W_layer_units_exponent_2': 6, 'W_layer_units_exponent_3': 4, 'W_layer_units_exponent_4': 7, 'W_layer_units_exponent_5': 7, 'W_layer_units_exponent_6': 6, 'D_layers': 3, 'D_layer_units_exponent_0': 8, 'D_layer_units_exponent_1': 8, 'D_layer_units_exponent_2': 9, 'D_dagger_layers': 5, 'D_dagger_layer_units_exponent_0': 8, 'D_dagger_layer_units_exponent_1': 6, 'D_dagger_layer_units_exponent_2': 5, 'D_dagger_layer_units_exponent_3': 9, 'D_dagger_layer_units_exponent_4': 7, 'log_learning_rate': -4.227905813143336, 'log_learning_rate_D': -3.8682011619744205, 'log_learning_rate_D_dagger': -4.1760046693867565, 'training_batch_size': 7, 'training_p': 5}
	 epoch  0 training error:  tensor(0.8071, device='cuda:0', grad_fn=<DivBackward0>)
Memory status after this epoch: 
Memory allocated:  5.45263671875
Memory cached:  132.0
	 epoch  10 training error:  tensor(0.2379, device='cuda:0', grad_fn=<DivBackward0>)
Memory status after this epoch: 
Memory allocated:  5.45263671875
Memory cached:  222.0
	 epoch  20 training error:  tensor(0.1497, device='cuda:0', grad_fn=<DivBackward0>)
Memory status after this epoch: 
Memory allocated:  5.45263671875
Memory cached:  236.0
	 epoch  30 training error:  tensor(0.0788, device='cuda:0', grad_fn=<DivBackward0>)
Memory status after this epoch: 
Memory allocated:  5.45263671875
Memory cached:  228.0
	 epoch  40 training error:  tensor(0.0766, device='cuda:0', grad_fn=<DivBackward0>)
Memory status after this epoch: 
Memory allocated:  5.45263671875
Memory cached:  214.0
	 epoch  50 training error:  tensor(0.0665, device='cuda:0', grad_fn=<DivBackward0>)
Memory status after this epoch: 
Memory allocated:  5.45263671875
Memory cached:  236.0
	 epoch  60 training error:  tensor(0.0613, device='cuda:0', grad_fn=<DivBackward0>)
Memory status after this epoch: 
Memory allocated:  5.45263671875
Memory cached:  224.0
	 epoch  70 training error:  tensor(0.0566, device='cuda:0', grad_fn=<DivBackward0>)
Memory status after this epoch: 
Memory allocated:  5.45263671875
Memory cached:  224.0
	 epoch  80 training error:  tensor(0.0490, device='cuda:0', grad_fn=<DivBackward0>)
Memory status after this epoch: 
Memory allocated:  5.45263671875
Memory cached:  228.0
	 epoch  90 training error:  tensor(0.0398, device='cuda:0', grad_fn=<DivBackward0>)
Memory status after this epoch: 
Memory allocated:  5.45263671875
Memory cached:  220.0
[I 2023-11-06 17:06:55,306] Trial 41 finished with value: 0.03247876465320587 and parameters: {'W_layers': 7, 'W_layer_units_exponent_0': 9, 'W_layer_units_exponent_1': 5, 'W_layer_units_exponent_2': 6, 'W_layer_units_exponent_3': 4, 'W_layer_units_exponent_4': 7, 'W_layer_units_exponent_5': 7, 'W_layer_units_exponent_6': 6, 'D_layers': 3, 'D_layer_units_exponent_0': 8, 'D_layer_units_exponent_1': 8, 'D_layer_units_exponent_2': 9, 'D_dagger_layers': 5, 'D_dagger_layer_units_exponent_0': 8, 'D_dagger_layer_units_exponent_1': 6, 'D_dagger_layer_units_exponent_2': 5, 'D_dagger_layer_units_exponent_3': 9, 'D_dagger_layer_units_exponent_4': 7, 'log_learning_rate': -4.227905813143336, 'log_learning_rate_D': -3.8682011619744205, 'log_learning_rate_D_dagger': -4.1760046693867565, 'training_batch_size': 7, 'training_p': 5}. Best is trial 38 with value: 0.025585589930415154.
Time for this trial:  203.2541754245758
Memory status after this trial: 
Memory allocated:  161.36572265625
Memory cached:  176.0
--------------------  Trial  42   --------------------
Start timing: 
Parameters: 
{'W_layers': 8, 'W_layer_units_exponent_0': 9, 'W_layer_units_exponent_1': 4, 'W_layer_units_exponent_2': 7, 'W_layer_units_exponent_3': 4, 'W_layer_units_exponent_4': 8, 'W_layer_units_exponent_5': 7, 'W_layer_units_exponent_6': 6, 'W_layer_units_exponent_7': 8, 'D_layers': 2, 'D_layer_units_exponent_0': 7, 'D_layer_units_exponent_1': 7, 'D_dagger_layers': 6, 'D_dagger_layer_units_exponent_0': 7, 'D_dagger_layer_units_exponent_1': 10, 'D_dagger_layer_units_exponent_2': 6, 'D_dagger_layer_units_exponent_3': 8, 'D_dagger_layer_units_exponent_4': 9, 'D_dagger_layer_units_exponent_5': 4, 'log_learning_rate': -4.716677449732967, 'log_learning_rate_D': -4.108546384776751, 'log_learning_rate_D_dagger': -4.109723767578434, 'training_batch_size': 10, 'training_p': 7}
	 epoch  0 training error:  tensor(0.9525, device='cuda:0', grad_fn=<DivBackward0>)
Memory status after this epoch: 
Memory allocated:  6.96826171875
Memory cached:  150.0
	 epoch  10 training error:  tensor(0.2878, device='cuda:0', grad_fn=<DivBackward0>)
Memory status after this epoch: 
Memory allocated:  6.96826171875
Memory cached:  280.0
	 epoch  20 training error:  tensor(0.1599, device='cuda:0', grad_fn=<DivBackward0>)
Memory status after this epoch: 
Memory allocated:  6.96826171875
Memory cached:  254.0
	 epoch  30 training error:  tensor(0.0910, device='cuda:0', grad_fn=<DivBackward0>)
Memory status after this epoch: 
Memory allocated:  6.96826171875
Memory cached:  258.0
	 epoch  40 training error:  tensor(0.0791, device='cuda:0', grad_fn=<DivBackward0>)
Memory status after this epoch: 
Memory allocated:  6.96826171875
Memory cached:  270.0
	 epoch  50 training error:  tensor(0.0746, device='cuda:0', grad_fn=<DivBackward0>)
Memory status after this epoch: 
Memory allocated:  6.96826171875
Memory cached:  254.0
	 epoch  60 training error:  tensor(0.0703, device='cuda:0', grad_fn=<DivBackward0>)
Memory status after this epoch: 
Memory allocated:  6.96826171875
Memory cached:  266.0
	 epoch  70 training error:  tensor(0.0675, device='cuda:0', grad_fn=<DivBackward0>)
Memory status after this epoch: 
Memory allocated:  6.96826171875
Memory cached:  268.0
	 epoch  80 training error:  tensor(0.0649, device='cuda:0', grad_fn=<DivBackward0>)
Memory status after this epoch: 
Memory allocated:  6.96826171875
Memory cached:  258.0
	 epoch  90 training error:  tensor(0.0623, device='cuda:0', grad_fn=<DivBackward0>)
Memory status after this epoch: 
Memory allocated:  6.96826171875
Memory cached:  262.0
[I 2023-11-06 17:10:29,259] Trial 42 finished with value: 0.04691499099135399 and parameters: {'W_layers': 8, 'W_layer_units_exponent_0': 9, 'W_layer_units_exponent_1': 4, 'W_layer_units_exponent_2': 7, 'W_layer_units_exponent_3': 4, 'W_layer_units_exponent_4': 8, 'W_layer_units_exponent_5': 7, 'W_layer_units_exponent_6': 6, 'W_layer_units_exponent_7': 8, 'D_layers': 2, 'D_layer_units_exponent_0': 7, 'D_layer_units_exponent_1': 7, 'D_dagger_layers': 6, 'D_dagger_layer_units_exponent_0': 7, 'D_dagger_layer_units_exponent_1': 10, 'D_dagger_layer_units_exponent_2': 6, 'D_dagger_layer_units_exponent_3': 8, 'D_dagger_layer_units_exponent_4': 9, 'D_dagger_layer_units_exponent_5': 4, 'log_learning_rate': -4.716677449732967, 'log_learning_rate_D': -4.108546384776751, 'log_learning_rate_D_dagger': -4.109723767578434, 'training_batch_size': 10, 'training_p': 7}. Best is trial 38 with value: 0.025585589930415154.
Time for this trial:  213.6389753818512
Memory status after this trial: 
Memory allocated:  198.76416015625
Memory cached:  204.0
--------------------  Trial  43   --------------------
Start timing: 
Parameters: 
{'W_layers': 6, 'W_layer_units_exponent_0': 8, 'W_layer_units_exponent_1': 6, 'W_layer_units_exponent_2': 4, 'W_layer_units_exponent_3': 5, 'W_layer_units_exponent_4': 7, 'W_layer_units_exponent_5': 8, 'D_layers': 3, 'D_layer_units_exponent_0': 8, 'D_layer_units_exponent_1': 8, 'D_layer_units_exponent_2': 8, 'D_dagger_layers': 5, 'D_dagger_layer_units_exponent_0': 6, 'D_dagger_layer_units_exponent_1': 9, 'D_dagger_layer_units_exponent_2': 5, 'D_dagger_layer_units_exponent_3': 9, 'D_dagger_layer_units_exponent_4': 8, 'log_learning_rate': -3.743271907133153, 'log_learning_rate_D': -3.626105225013274, 'log_learning_rate_D_dagger': -4.827273974180982, 'training_batch_size': 6, 'training_p': 7}
	 epoch  0 training error:  tensor(0.9512, device='cuda:0', grad_fn=<DivBackward0>)
Memory status after this epoch: 
Memory allocated:  6.06298828125
Memory cached:  120.0
	 epoch  10 training error:  tensor(0.1295, device='cuda:0', grad_fn=<DivBackward0>)
Memory status after this epoch: 
Memory allocated:  6.06298828125
Memory cached:  140.0
	 epoch  20 training error:  tensor(0.0773, device='cuda:0', grad_fn=<DivBackward0>)
Memory status after this epoch: 
Memory allocated:  6.06298828125
Memory cached:  138.0
	 epoch  30 training error:  tensor(0.0605, device='cuda:0', grad_fn=<DivBackward0>)
Memory status after this epoch: 
Memory allocated:  6.06298828125
Memory cached:  142.0
	 epoch  40 training error:  tensor(0.0536, device='cuda:0', grad_fn=<DivBackward0>)
Memory status after this epoch: 
Memory allocated:  6.06298828125
Memory cached:  142.0
	 epoch  50 training error:  tensor(0.0509, device='cuda:0', grad_fn=<DivBackward0>)
Memory status after this epoch: 
Memory allocated:  6.06298828125
Memory cached:  130.0
	 epoch  60 training error:  tensor(0.0511, device='cuda:0', grad_fn=<DivBackward0>)
Memory status after this epoch: 
Memory allocated:  6.06298828125
Memory cached:  138.0
	 epoch  70 training error:  tensor(0.0492, device='cuda:0', grad_fn=<DivBackward0>)
Memory status after this epoch: 
Memory allocated:  6.06298828125
Memory cached:  118.0
	 epoch  80 training error:  tensor(0.0460, device='cuda:0', grad_fn=<DivBackward0>)
Memory status after this epoch: 
Memory allocated:  6.06298828125
Memory cached:  132.0
	 epoch  90 training error:  tensor(0.0439, device='cuda:0', grad_fn=<DivBackward0>)
Memory status after this epoch: 
Memory allocated:  6.06298828125
Memory cached:  152.0
[I 2023-11-06 17:16:24,207] Trial 43 finished with value: 0.03744874149560928 and parameters: {'W_layers': 6, 'W_layer_units_exponent_0': 8, 'W_layer_units_exponent_1': 6, 'W_layer_units_exponent_2': 4, 'W_layer_units_exponent_3': 5, 'W_layer_units_exponent_4': 7, 'W_layer_units_exponent_5': 8, 'D_layers': 3, 'D_layer_units_exponent_0': 8, 'D_layer_units_exponent_1': 8, 'D_layer_units_exponent_2': 8, 'D_dagger_layers': 5, 'D_dagger_layer_units_exponent_0': 6, 'D_dagger_layer_units_exponent_1': 9, 'D_dagger_layer_units_exponent_2': 5, 'D_dagger_layer_units_exponent_3': 9, 'D_dagger_layer_units_exponent_4': 8, 'log_learning_rate': -3.743271907133153, 'log_learning_rate_D': -3.626105225013274, 'log_learning_rate_D_dagger': -4.827273974180982, 'training_batch_size': 6, 'training_p': 7}. Best is trial 38 with value: 0.025585589930415154.
Time for this trial:  354.62183451652527
Memory status after this trial: 
Memory allocated:  158.42626953125
Memory cached:  162.0
--------------------  Trial  44   --------------------
Start timing: 
Parameters: 
{'W_layers': 8, 'W_layer_units_exponent_0': 6, 'W_layer_units_exponent_1': 5, 'W_layer_units_exponent_2': 5, 'W_layer_units_exponent_3': 8, 'W_layer_units_exponent_4': 6, 'W_layer_units_exponent_5': 4, 'W_layer_units_exponent_6': 4, 'W_layer_units_exponent_7': 6, 'D_layers': 2, 'D_layer_units_exponent_0': 9, 'D_layer_units_exponent_1': 8, 'D_dagger_layers': 6, 'D_dagger_layer_units_exponent_0': 9, 'D_dagger_layer_units_exponent_1': 10, 'D_dagger_layer_units_exponent_2': 4, 'D_dagger_layer_units_exponent_3': 7, 'D_dagger_layer_units_exponent_4': 5, 'D_dagger_layer_units_exponent_5': 7, 'log_learning_rate': -3.2767886654790623, 'log_learning_rate_D': -3.8638014836084267, 'log_learning_rate_D_dagger': -4.3965827256385035, 'training_batch_size': 7, 'training_p': 6}
	 epoch  0 training error:  tensor(0.9776, device='cuda:0', grad_fn=<DivBackward0>)
Memory status after this epoch: 
Memory allocated:  11.07763671875
Memory cached:  160.0
	 epoch  10 training error:  tensor(0.2529, device='cuda:0', grad_fn=<DivBackward0>)
Memory status after this epoch: 
Memory allocated:  11.07763671875
Memory cached:  256.0
	 epoch  20 training error:  tensor(0.1196, device='cuda:0', grad_fn=<DivBackward0>)
Memory status after this epoch: 
Memory allocated:  11.07763671875
Memory cached:  260.0
	 epoch  30 training error:  tensor(0.0904, device='cuda:0', grad_fn=<DivBackward0>)
Memory status after this epoch: 
Memory allocated:  11.07763671875
Memory cached:  252.0
	 epoch  40 training error:  tensor(0.0664, device='cuda:0', grad_fn=<DivBackward0>)
Memory status after this epoch: 
Memory allocated:  11.07763671875
Memory cached:  266.0
	 epoch  50 training error:  tensor(0.0531, device='cuda:0', grad_fn=<DivBackward0>)
Memory status after this epoch: 
Memory allocated:  11.07763671875
Memory cached:  254.0
	 epoch  60 training error:  tensor(0.0423, device='cuda:0', grad_fn=<DivBackward0>)
Memory status after this epoch: 
Memory allocated:  11.07763671875
Memory cached:  240.0
	 epoch  70 training error:  tensor(0.0368, device='cuda:0', grad_fn=<DivBackward0>)
Memory status after this epoch: 
Memory allocated:  11.07763671875
Memory cached:  254.0
	 epoch  80 training error:  tensor(0.0328, device='cuda:0', grad_fn=<DivBackward0>)
Memory status after this epoch: 
Memory allocated:  11.07763671875
Memory cached:  254.0
	 epoch  90 training error:  tensor(0.0303, device='cuda:0', grad_fn=<DivBackward0>)
Memory status after this epoch: 
Memory allocated:  11.07763671875
Memory cached:  248.0
