[I 2023-11-04 04:07:12,478] Trial 33 finished with value: 0.03654458001255989 and parameters: {'W_layers': 6, 'W_layer_units_exponent_0': 4, 'W_layer_units_exponent_1': 10, 'W_layer_units_exponent_2': 4, 'W_layer_units_exponent_3': 7, 'W_layer_units_exponent_4': 5, 'W_layer_units_exponent_5': 5, 'D_layers': 6, 'D_layer_units_exponent_0': 8, 'D_layer_units_exponent_1': 4, 'D_layer_units_exponent_2': 8, 'D_layer_units_exponent_3': 9, 'D_layer_units_exponent_4': 9, 'D_layer_units_exponent_5': 6, 'log_learning_rate': -3.5823625218814903, 'log_learning_rate_D': -3.8330882874803125, 'training_batch_size': 12, 'training_p': 2}. Best is trial 31 with value: 0.028786510229110718.
Time for this trial:  165.2130892276764
Memory status after this trial: 
Memory allocated:  156.91845703125
Memory cached:  162.0
--------------------  Trial  34   --------------------
Start timing: 
Parameters: 
{'W_layers': 7, 'W_layer_units_exponent_0': 4, 'W_layer_units_exponent_1': 10, 'W_layer_units_exponent_2': 5, 'W_layer_units_exponent_3': 8, 'W_layer_units_exponent_4': 5, 'W_layer_units_exponent_5': 5, 'W_layer_units_exponent_6': 8, 'D_layers': 7, 'D_layer_units_exponent_0': 7, 'D_layer_units_exponent_1': 4, 'D_layer_units_exponent_2': 9, 'D_layer_units_exponent_3': 8, 'D_layer_units_exponent_4': 9, 'D_layer_units_exponent_5': 6, 'D_layer_units_exponent_6': 4, 'log_learning_rate': -2.685765920661314, 'log_learning_rate_D': -3.5735058576837275, 'training_batch_size': 12, 'training_p': 3}
	 epoch  0 training error:  tensor(1.0108, device='cuda:0', grad_fn=<DivBackward0>)
Memory status after this epoch: 
Memory allocated:  5.9248046875
Memory cached:  18.0
	 epoch  10 training error:  tensor(0.1317, device='cuda:0', grad_fn=<DivBackward0>)
Memory status after this epoch: 
Memory allocated:  5.9248046875
Memory cached:  22.0
	 epoch  20 training error:  tensor(0.1083, device='cuda:0', grad_fn=<DivBackward0>)
Memory status after this epoch: 
Memory allocated:  5.9248046875
Memory cached:  22.0
	 epoch  30 training error:  tensor(0.0517, device='cuda:0', grad_fn=<DivBackward0>)
Memory status after this epoch: 
Memory allocated:  5.9248046875
Memory cached:  22.0
	 epoch  40 training error:  tensor(0.0475, device='cuda:0', grad_fn=<DivBackward0>)
Memory status after this epoch: 
Memory allocated:  5.9248046875
Memory cached:  22.0
	 epoch  50 training error:  tensor(0.0435, device='cuda:0', grad_fn=<DivBackward0>)
Memory status after this epoch: 
Memory allocated:  5.9248046875
Memory cached:  22.0
	 epoch  60 training error:  tensor(0.0368, device='cuda:0', grad_fn=<DivBackward0>)
Memory status after this epoch: 
Memory allocated:  5.9248046875
Memory cached:  22.0
	 epoch  70 training error:  tensor(0.1574, device='cuda:0', grad_fn=<DivBackward0>)
Memory status after this epoch: 
Memory allocated:  5.9248046875
Memory cached:  22.0
	 epoch  80 training error:  tensor(0.1516, device='cuda:0', grad_fn=<DivBackward0>)
Memory status after this epoch: 
Memory allocated:  5.9248046875
Memory cached:  22.0
	 epoch  90 training error:  tensor(0.2132, device='cuda:0', grad_fn=<DivBackward0>)
Memory status after this epoch: 
Memory allocated:  5.9248046875
Memory cached:  22.0
[I 2023-11-04 04:10:13,729] Trial 34 finished with value: 0.05365965515375137 and parameters: {'W_layers': 7, 'W_layer_units_exponent_0': 4, 'W_layer_units_exponent_1': 10, 'W_layer_units_exponent_2': 5, 'W_layer_units_exponent_3': 8, 'W_layer_units_exponent_4': 5, 'W_layer_units_exponent_5': 5, 'W_layer_units_exponent_6': 8, 'D_layers': 7, 'D_layer_units_exponent_0': 7, 'D_layer_units_exponent_1': 4, 'D_layer_units_exponent_2': 9, 'D_layer_units_exponent_3': 8, 'D_layer_units_exponent_4': 9, 'D_layer_units_exponent_5': 6, 'D_layer_units_exponent_6': 4, 'log_learning_rate': -2.685765920661314, 'log_learning_rate_D': -3.5735058576837275, 'training_batch_size': 12, 'training_p': 3}. Best is trial 31 with value: 0.028786510229110718.
Time for this trial:  180.99043440818787
Memory status after this trial: 
Memory allocated:  171.646484375
Memory cached:  176.0
--------------------  Trial  35   --------------------
Start timing: 
Parameters: 
{'W_layers': 6, 'W_layer_units_exponent_0': 4, 'W_layer_units_exponent_1': 10, 'W_layer_units_exponent_2': 6, 'W_layer_units_exponent_3': 7, 'W_layer_units_exponent_4': 4, 'W_layer_units_exponent_5': 5, 'D_layers': 5, 'D_layer_units_exponent_0': 7, 'D_layer_units_exponent_1': 5, 'D_layer_units_exponent_2': 8, 'D_layer_units_exponent_3': 9, 'D_layer_units_exponent_4': 9, 'log_learning_rate': -3.244157317054821, 'log_learning_rate_D': -4.340767842036518, 'training_batch_size': 12, 'training_p': 3}
	 epoch  0 training error:  tensor(0.9855, device='cuda:0', grad_fn=<DivBackward0>)
Memory status after this epoch: 
Memory allocated:  7.7080078125
Memory cached:  16.0
	 epoch  10 training error:  tensor(0.2494, device='cuda:0', grad_fn=<DivBackward0>)
Memory status after this epoch: 
Memory allocated:  7.7080078125
Memory cached:  18.0
	 epoch  20 training error:  tensor(0.1266, device='cuda:0', grad_fn=<DivBackward0>)
Memory status after this epoch: 
Memory allocated:  7.7080078125
Memory cached:  18.0
	 epoch  30 training error:  tensor(0.0580, device='cuda:0', grad_fn=<DivBackward0>)
Memory status after this epoch: 
Memory allocated:  7.7080078125
Memory cached:  18.0
	 epoch  40 training error:  tensor(0.0589, device='cuda:0', grad_fn=<DivBackward0>)
Memory status after this epoch: 
Memory allocated:  7.7080078125
Memory cached:  18.0
	 epoch  50 training error:  tensor(0.0469, device='cuda:0', grad_fn=<DivBackward0>)
Memory status after this epoch: 
Memory allocated:  7.7080078125
Memory cached:  18.0
	 epoch  60 training error:  tensor(0.0443, device='cuda:0', grad_fn=<DivBackward0>)
Memory status after this epoch: 
Memory allocated:  7.7080078125
Memory cached:  18.0
	 epoch  70 training error:  tensor(0.0403, device='cuda:0', grad_fn=<DivBackward0>)
Memory status after this epoch: 
Memory allocated:  7.7080078125
Memory cached:  18.0
	 epoch  80 training error:  tensor(0.0376, device='cuda:0', grad_fn=<DivBackward0>)
Memory status after this epoch: 
Memory allocated:  7.7080078125
Memory cached:  18.0
	 epoch  90 training error:  tensor(0.0341, device='cuda:0', grad_fn=<DivBackward0>)
Memory status after this epoch: 
Memory allocated:  7.7080078125
Memory cached:  18.0
[I 2023-11-04 04:12:49,832] Trial 35 finished with value: 0.03207879140973091 and parameters: {'W_layers': 6, 'W_layer_units_exponent_0': 4, 'W_layer_units_exponent_1': 10, 'W_layer_units_exponent_2': 6, 'W_layer_units_exponent_3': 7, 'W_layer_units_exponent_4': 4, 'W_layer_units_exponent_5': 5, 'D_layers': 5, 'D_layer_units_exponent_0': 7, 'D_layer_units_exponent_1': 5, 'D_layer_units_exponent_2': 8, 'D_layer_units_exponent_3': 9, 'D_layer_units_exponent_4': 9, 'log_learning_rate': -3.244157317054821, 'log_learning_rate_D': -4.340767842036518, 'training_batch_size': 12, 'training_p': 3}. Best is trial 31 with value: 0.028786510229110718.
Time for this trial:  155.86158156394958
Memory status after this trial: 
Memory allocated:  149.33349609375
Memory cached:  154.0
--------------------  Trial  36   --------------------
Start timing: 
Parameters: 
{'W_layers': 8, 'W_layer_units_exponent_0': 4, 'W_layer_units_exponent_1': 9, 'W_layer_units_exponent_2': 4, 'W_layer_units_exponent_3': 9, 'W_layer_units_exponent_4': 5, 'W_layer_units_exponent_5': 6, 'W_layer_units_exponent_6': 8, 'W_layer_units_exponent_7': 10, 'D_layers': 7, 'D_layer_units_exponent_0': 8, 'D_layer_units_exponent_1': 4, 'D_layer_units_exponent_2': 10, 'D_layer_units_exponent_3': 9, 'D_layer_units_exponent_4': 10, 'D_layer_units_exponent_5': 5, 'D_layer_units_exponent_6': 4, 'log_learning_rate': -2.745678556714556, 'log_learning_rate_D': -3.498646233683819, 'training_batch_size': 6, 'training_p': 2}
	 epoch  0 training error:  tensor(0.9854, device='cuda:0', grad_fn=<DivBackward0>)
Memory status after this epoch: 
Memory allocated:  21.8671875
Memory cached:  38.0
	 epoch  10 training error:  tensor(0.1495, device='cuda:0', grad_fn=<DivBackward0>)
Memory status after this epoch: 
Memory allocated:  21.8671875
Memory cached:  40.0
	 epoch  20 training error:  tensor(0.0644, device='cuda:0', grad_fn=<DivBackward0>)
Memory status after this epoch: 
Memory allocated:  21.8671875
Memory cached:  40.0
	 epoch  30 training error:  tensor(0.1431, device='cuda:0', grad_fn=<DivBackward0>)
Memory status after this epoch: 
Memory allocated:  21.8671875
Memory cached:  40.0
	 epoch  40 training error:  tensor(0.0874, device='cuda:0', grad_fn=<DivBackward0>)
Memory status after this epoch: 
Memory allocated:  21.8671875
Memory cached:  40.0
	 epoch  50 training error:  tensor(0.0507, device='cuda:0', grad_fn=<DivBackward0>)
Memory status after this epoch: 
Memory allocated:  21.8671875
Memory cached:  40.0
	 epoch  60 training error:  tensor(0.0587, device='cuda:0', grad_fn=<DivBackward0>)
Memory status after this epoch: 
Memory allocated:  21.8671875
Memory cached:  40.0
	 epoch  70 training error:  tensor(0.0482, device='cuda:0', grad_fn=<DivBackward0>)
Memory status after this epoch: 
Memory allocated:  21.8671875
Memory cached:  40.0
	 epoch  80 training error:  tensor(0.0431, device='cuda:0', grad_fn=<DivBackward0>)
Memory status after this epoch: 
Memory allocated:  21.8671875
Memory cached:  40.0
	 epoch  90 training error:  tensor(0.0412, device='cuda:0', grad_fn=<DivBackward0>)
Memory status after this epoch: 
Memory allocated:  21.8671875
Memory cached:  40.0
[I 2023-11-04 04:18:39,430] Trial 36 finished with value: 0.04002947732806206 and parameters: {'W_layers': 8, 'W_layer_units_exponent_0': 4, 'W_layer_units_exponent_1': 9, 'W_layer_units_exponent_2': 4, 'W_layer_units_exponent_3': 9, 'W_layer_units_exponent_4': 5, 'W_layer_units_exponent_5': 6, 'W_layer_units_exponent_6': 8, 'W_layer_units_exponent_7': 10, 'D_layers': 7, 'D_layer_units_exponent_0': 8, 'D_layer_units_exponent_1': 4, 'D_layer_units_exponent_2': 10, 'D_layer_units_exponent_3': 9, 'D_layer_units_exponent_4': 10, 'D_layer_units_exponent_5': 5, 'D_layer_units_exponent_6': 4, 'log_learning_rate': -2.745678556714556, 'log_learning_rate_D': -3.498646233683819, 'training_batch_size': 6, 'training_p': 2}. Best is trial 31 with value: 0.028786510229110718.
Time for this trial:  349.30845832824707
Memory status after this trial: 
Memory allocated:  294.42236328125
Memory cached:  310.0
--------------------  Trial  37   --------------------
Start timing: 
Parameters: 
{'W_layers': 6, 'W_layer_units_exponent_0': 4, 'W_layer_units_exponent_1': 10, 'W_layer_units_exponent_2': 6, 'W_layer_units_exponent_3': 8, 'W_layer_units_exponent_4': 4, 'W_layer_units_exponent_5': 6, 'D_layers': 6, 'D_layer_units_exponent_0': 9, 'D_layer_units_exponent_1': 5, 'D_layer_units_exponent_2': 7, 'D_layer_units_exponent_3': 8, 'D_layer_units_exponent_4': 8, 'D_layer_units_exponent_5': 5, 'log_learning_rate': -1.0264485548285536, 'log_learning_rate_D': -3.8292551266778254, 'training_batch_size': 12, 'training_p': 3}
	 epoch  0 training error:  tensor(0.9772, device='cuda:0', grad_fn=<DivBackward0>)
Memory status after this epoch: 
Memory allocated:  3.6396484375
Memory cached:  16.0
	 epoch  10 training error:  tensor(1., device='cuda:0', grad_fn=<DivBackward0>)
Memory status after this epoch: 
Memory allocated:  3.6396484375
Memory cached:  20.0
	 epoch  20 training error:  tensor(1., device='cuda:0', grad_fn=<DivBackward0>)
Memory status after this epoch: 
Memory allocated:  3.6396484375
Memory cached:  20.0
	 epoch  30 training error:  tensor(1., device='cuda:0', grad_fn=<DivBackward0>)
Memory status after this epoch: 
Memory allocated:  3.6396484375
Memory cached:  20.0
	 epoch  40 training error:  tensor(1., device='cuda:0', grad_fn=<DivBackward0>)
Memory status after this epoch: 
Memory allocated:  3.6396484375
Memory cached:  20.0
	 epoch  50 training error:  tensor(1., device='cuda:0', grad_fn=<DivBackward0>)
Memory status after this epoch: 
Memory allocated:  3.6396484375
Memory cached:  20.0
	 epoch  60 training error:  tensor(1., device='cuda:0', grad_fn=<DivBackward0>)
Memory status after this epoch: 
Memory allocated:  3.6396484375
Memory cached:  20.0
	 epoch  70 training error:  tensor(1., device='cuda:0', grad_fn=<DivBackward0>)
Memory status after this epoch: 
Memory allocated:  3.6396484375
Memory cached:  20.0
	 epoch  80 training error:  tensor(1., device='cuda:0', grad_fn=<DivBackward0>)
Memory status after this epoch: 
Memory allocated:  3.6396484375
Memory cached:  20.0
	 epoch  90 training error:  tensor(1., device='cuda:0', grad_fn=<DivBackward0>)
Memory status after this epoch: 
Memory allocated:  3.6396484375
Memory cached:  20.0
[I 2023-11-04 04:21:20,200] Trial 37 finished with value: 1.0 and parameters: {'W_layers': 6, 'W_layer_units_exponent_0': 4, 'W_layer_units_exponent_1': 10, 'W_layer_units_exponent_2': 6, 'W_layer_units_exponent_3': 8, 'W_layer_units_exponent_4': 4, 'W_layer_units_exponent_5': 6, 'D_layers': 6, 'D_layer_units_exponent_0': 9, 'D_layer_units_exponent_1': 5, 'D_layer_units_exponent_2': 7, 'D_layer_units_exponent_3': 8, 'D_layer_units_exponent_4': 8, 'D_layer_units_exponent_5': 5, 'log_learning_rate': -1.0264485548285536, 'log_learning_rate_D': -3.8292551266778254, 'training_batch_size': 12, 'training_p': 3}. Best is trial 31 with value: 0.028786510229110718.
Time for this trial:  160.4877634048462
Memory status after this trial: 
Memory allocated:  144.0009765625
Memory cached:  146.0
--------------------  Trial  38   --------------------
Start timing: 
Parameters: 
{'W_layers': 7, 'W_layer_units_exponent_0': 5, 'W_layer_units_exponent_1': 9, 'W_layer_units_exponent_2': 5, 'W_layer_units_exponent_3': 7, 'W_layer_units_exponent_4': 6, 'W_layer_units_exponent_5': 4, 'W_layer_units_exponent_6': 9, 'D_layers': 7, 'D_layer_units_exponent_0': 7, 'D_layer_units_exponent_1': 4, 'D_layer_units_exponent_2': 9, 'D_layer_units_exponent_3': 9, 'D_layer_units_exponent_4': 8, 'D_layer_units_exponent_5': 7, 'D_layer_units_exponent_6': 4, 'log_learning_rate': -3.867920705313757, 'log_learning_rate_D': -2.920893019653906, 'training_batch_size': 11, 'training_p': 2}
	 epoch  0 training error:  tensor(0.9977, device='cuda:0', grad_fn=<DivBackward0>)
Memory status after this epoch: 
Memory allocated:  7.6279296875
Memory cached:  20.0
	 epoch  10 training error:  tensor(0.7372, device='cuda:0', grad_fn=<DivBackward0>)
Memory status after this epoch: 
Memory allocated:  7.6279296875
Memory cached:  22.0
	 epoch  20 training error:  tensor(0.1776, device='cuda:0', grad_fn=<DivBackward0>)
Memory status after this epoch: 
Memory allocated:  7.6279296875
Memory cached:  22.0
	 epoch  30 training error:  tensor(0.2019, device='cuda:0', grad_fn=<DivBackward0>)
Memory status after this epoch: 
Memory allocated:  7.6279296875
Memory cached:  22.0
	 epoch  40 training error:  tensor(0.1001, device='cuda:0', grad_fn=<DivBackward0>)
Memory status after this epoch: 
Memory allocated:  7.6279296875
Memory cached:  22.0
	 epoch  50 training error:  tensor(0.0588, device='cuda:0', grad_fn=<DivBackward0>)
Memory status after this epoch: 
Memory allocated:  7.6279296875
Memory cached:  22.0
	 epoch  60 training error:  tensor(0.0475, device='cuda:0', grad_fn=<DivBackward0>)
Memory status after this epoch: 
Memory allocated:  7.6279296875
Memory cached:  22.0
	 epoch  70 training error:  tensor(0.0446, device='cuda:0', grad_fn=<DivBackward0>)
Memory status after this epoch: 
Memory allocated:  7.6279296875
Memory cached:  22.0
	 epoch  80 training error:  tensor(0.0431, device='cuda:0', grad_fn=<DivBackward0>)
Memory status after this epoch: 
Memory allocated:  7.6279296875
Memory cached:  22.0
	 epoch  90 training error:  tensor(0.0422, device='cuda:0', grad_fn=<DivBackward0>)
Memory status after this epoch: 
Memory allocated:  7.6279296875
Memory cached:  22.0
[I 2023-11-04 04:24:15,971] Trial 38 finished with value: 0.04740886017680168 and parameters: {'W_layers': 7, 'W_layer_units_exponent_0': 5, 'W_layer_units_exponent_1': 9, 'W_layer_units_exponent_2': 5, 'W_layer_units_exponent_3': 7, 'W_layer_units_exponent_4': 6, 'W_layer_units_exponent_5': 4, 'W_layer_units_exponent_6': 9, 'D_layers': 7, 'D_layer_units_exponent_0': 7, 'D_layer_units_exponent_1': 4, 'D_layer_units_exponent_2': 9, 'D_layer_units_exponent_3': 9, 'D_layer_units_exponent_4': 8, 'D_layer_units_exponent_5': 7, 'D_layer_units_exponent_6': 4, 'log_learning_rate': -3.867920705313757, 'log_learning_rate_D': -2.920893019653906, 'training_batch_size': 11, 'training_p': 2}. Best is trial 31 with value: 0.028786510229110718.
Time for this trial:  175.51276445388794
Memory status after this trial: 
Memory allocated:  157.0830078125
Memory cached:  162.0
--------------------  Trial  39   --------------------
Start timing: 
Parameters: 
{'W_layers': 6, 'W_layer_units_exponent_0': 4, 'W_layer_units_exponent_1': 10, 'W_layer_units_exponent_2': 6, 'W_layer_units_exponent_3': 8, 'W_layer_units_exponent_4': 7, 'W_layer_units_exponent_5': 5, 'D_layers': 6, 'D_layer_units_exponent_0': 8, 'D_layer_units_exponent_1': 5, 'D_layer_units_exponent_2': 10, 'D_layer_units_exponent_3': 8, 'D_layer_units_exponent_4': 9, 'D_layer_units_exponent_5': 6, 'log_learning_rate': -3.2869266021662296, 'log_learning_rate_D': -3.135090091697384, 'training_batch_size': 11, 'training_p': 3}
	 epoch  0 training error:  tensor(0.9925, device='cuda:0', grad_fn=<DivBackward0>)
Memory status after this epoch: 
Memory allocated:  9.3095703125
Memory cached:  14.0
	 epoch  10 training error:  tensor(0.1398, device='cuda:0', grad_fn=<DivBackward0>)
Memory status after this epoch: 
Memory allocated:  9.3095703125
Memory cached:  18.0
	 epoch  20 training error:  tensor(0.0731, device='cuda:0', grad_fn=<DivBackward0>)
Memory status after this epoch: 
Memory allocated:  9.3095703125
Memory cached:  18.0
	 epoch  30 training error:  tensor(0.0574, device='cuda:0', grad_fn=<DivBackward0>)
Memory status after this epoch: 
Memory allocated:  9.3095703125
Memory cached:  18.0
	 epoch  40 training error:  tensor(0.0448, device='cuda:0', grad_fn=<DivBackward0>)
Memory status after this epoch: 
Memory allocated:  9.3095703125
Memory cached:  18.0
	 epoch  50 training error:  tensor(0.0513, device='cuda:0', grad_fn=<DivBackward0>)
Memory status after this epoch: 
Memory allocated:  9.3095703125
Memory cached:  18.0
	 epoch  60 training error:  tensor(0.0441, device='cuda:0', grad_fn=<DivBackward0>)
Memory status after this epoch: 
Memory allocated:  9.3095703125
Memory cached:  18.0
	 epoch  70 training error:  tensor(0.0412, device='cuda:0', grad_fn=<DivBackward0>)
Memory status after this epoch: 
Memory allocated:  9.3095703125
Memory cached:  18.0
	 epoch  80 training error:  tensor(0.0437, device='cuda:0', grad_fn=<DivBackward0>)
Memory status after this epoch: 
Memory allocated:  9.3095703125
Memory cached:  18.0
	 epoch  90 training error:  tensor(0.0466, device='cuda:0', grad_fn=<DivBackward0>)
Memory status after this epoch: 
Memory allocated:  9.3095703125
Memory cached:  18.0
