[I 2023-11-09 22:11:38,484] Trial 5 finished with value: 0.0655740424990654 and parameters: {'W_layers': 5, 'W_layer_units_exponent_0': 10, 'W_layer_units_exponent_1': 9, 'W_layer_units_exponent_2': 4, 'W_layer_units_exponent_3': 10, 'W_layer_units_exponent_4': 4, 'D_layers': 6, 'D_layer_units_exponent_0': 10, 'D_layer_units_exponent_1': 6, 'D_layer_units_exponent_2': 9, 'D_layer_units_exponent_3': 9, 'D_layer_units_exponent_4': 8, 'D_layer_units_exponent_5': 6, 'D_dagger_layers': 3, 'D_dagger_layer_units_exponent_0': 4, 'D_dagger_layer_units_exponent_1': 7, 'D_dagger_layer_units_exponent_2': 6, 'log_learning_rate': -2.0536649380456504, 'log_learning_rate_D': -1.8907296585719884, 'log_learning_rate_D_dagger': -3.5312790114491, 'training_batch_size': 12, 'training_p': 2}. Best is trial 5 with value: 0.0655740424990654.
Time for this trial:  16.41882061958313
Memory status after this trial: 
Memory allocated:  157.09765625
Memory cached:  170.0
--------------------  Trial  6   --------------------
Start timing: 
Parameters: 
{'W_layers': 2, 'W_layer_units_exponent_0': 10, 'W_layer_units_exponent_1': 4, 'D_layers': 6, 'D_layer_units_exponent_0': 5, 'D_layer_units_exponent_1': 6, 'D_layer_units_exponent_2': 10, 'D_layer_units_exponent_3': 4, 'D_layer_units_exponent_4': 5, 'D_layer_units_exponent_5': 7, 'D_dagger_layers': 3, 'D_dagger_layer_units_exponent_0': 10, 'D_dagger_layer_units_exponent_1': 8, 'D_dagger_layer_units_exponent_2': 7, 'log_learning_rate': -3.906725089831313, 'log_learning_rate_D': -2.5958461599265683, 'log_learning_rate_D_dagger': -2.8859709063353587, 'training_batch_size': 11, 'training_p': 3}
	 epoch  0 training error:  tensor(0.4803, device='cuda:0', grad_fn=<DivBackward0>)
Memory status after this epoch: 
Memory allocated:  5.32763671875
Memory cached:  8.0
	 epoch  10 training error:  tensor(0.3542, device='cuda:0', grad_fn=<DivBackward0>)
Memory status after this epoch: 
Memory allocated:  5.32763671875
Memory cached:  8.0
	 epoch  20 training error:  tensor(0.1782, device='cuda:0', grad_fn=<DivBackward0>)
Memory status after this epoch: 
Memory allocated:  5.32763671875
Memory cached:  8.0
	 epoch  30 training error:  tensor(0.1657, device='cuda:0', grad_fn=<DivBackward0>)
Memory status after this epoch: 
Memory allocated:  5.32763671875
Memory cached:  8.0
	 epoch  40 training error:  tensor(0.1362, device='cuda:0', grad_fn=<DivBackward0>)
Memory status after this epoch: 
Memory allocated:  5.32763671875
Memory cached:  8.0
	 epoch  50 training error:  tensor(0.1284, device='cuda:0', grad_fn=<DivBackward0>)
Memory status after this epoch: 
Memory allocated:  5.32763671875
Memory cached:  8.0
	 epoch  60 training error:  tensor(0.1293, device='cuda:0', grad_fn=<DivBackward0>)
Memory status after this epoch: 
Memory allocated:  5.32763671875
Memory cached:  8.0
	 epoch  70 training error:  tensor(0.1288, device='cuda:0', grad_fn=<DivBackward0>)
Memory status after this epoch: 
Memory allocated:  5.32763671875
Memory cached:  8.0
	 epoch  80 training error:  tensor(0.1284, device='cuda:0', grad_fn=<DivBackward0>)
Memory status after this epoch: 
Memory allocated:  5.32763671875
Memory cached:  8.0
	 epoch  90 training error:  tensor(0.1284, device='cuda:0', grad_fn=<DivBackward0>)
Memory status after this epoch: 
Memory allocated:  5.32763671875
Memory cached:  8.0
[I 2023-11-09 22:11:54,135] Trial 6 finished with value: 0.11196742206811905 and parameters: {'W_layers': 2, 'W_layer_units_exponent_0': 10, 'W_layer_units_exponent_1': 4, 'D_layers': 6, 'D_layer_units_exponent_0': 5, 'D_layer_units_exponent_1': 6, 'D_layer_units_exponent_2': 10, 'D_layer_units_exponent_3': 4, 'D_layer_units_exponent_4': 5, 'D_layer_units_exponent_5': 7, 'D_dagger_layers': 3, 'D_dagger_layer_units_exponent_0': 10, 'D_dagger_layer_units_exponent_1': 8, 'D_dagger_layer_units_exponent_2': 7, 'log_learning_rate': -3.906725089831313, 'log_learning_rate_D': -2.5958461599265683, 'log_learning_rate_D_dagger': -2.8859709063353587, 'training_batch_size': 11, 'training_p': 3}. Best is trial 5 with value: 0.0655740424990654.
Time for this trial:  15.539861679077148
Memory status after this trial: 
Memory allocated:  135.16015625
Memory cached:  150.0
--------------------  Trial  7   --------------------
Start timing: 
Parameters: 
{'W_layers': 3, 'W_layer_units_exponent_0': 5, 'W_layer_units_exponent_1': 8, 'W_layer_units_exponent_2': 4, 'D_layers': 6, 'D_layer_units_exponent_0': 8, 'D_layer_units_exponent_1': 9, 'D_layer_units_exponent_2': 4, 'D_layer_units_exponent_3': 10, 'D_layer_units_exponent_4': 9, 'D_layer_units_exponent_5': 8, 'D_dagger_layers': 5, 'D_dagger_layer_units_exponent_0': 8, 'D_dagger_layer_units_exponent_1': 6, 'D_dagger_layer_units_exponent_2': 6, 'D_dagger_layer_units_exponent_3': 7, 'D_dagger_layer_units_exponent_4': 7, 'log_learning_rate': -4.746129902804778, 'log_learning_rate_D': -2.9955671971338966, 'log_learning_rate_D_dagger': -4.441975088262511, 'training_batch_size': 6, 'training_p': 6}
	 epoch  0 training error:  tensor(2.3088, device='cuda:0', grad_fn=<DivBackward0>)
Memory status after this epoch: 
Memory allocated:  4.1435546875
Memory cached:  24.0
	 epoch  10 training error:  tensor(1.4603, device='cuda:0', grad_fn=<DivBackward0>)
Memory status after this epoch: 
Memory allocated:  4.1435546875
Memory cached:  26.0
	 epoch  20 training error:  tensor(0.6214, device='cuda:0', grad_fn=<DivBackward0>)
Memory status after this epoch: 
Memory allocated:  4.1435546875
Memory cached:  24.0
	 epoch  30 training error:  tensor(0.4835, device='cuda:0', grad_fn=<DivBackward0>)
Memory status after this epoch: 
Memory allocated:  4.1435546875
Memory cached:  24.0
	 epoch  40 training error:  tensor(0.3689, device='cuda:0', grad_fn=<DivBackward0>)
Memory status after this epoch: 
Memory allocated:  4.1435546875
Memory cached:  24.0
	 epoch  50 training error:  tensor(0.2817, device='cuda:0', grad_fn=<DivBackward0>)
Memory status after this epoch: 
Memory allocated:  4.1435546875
Memory cached:  26.0
	 epoch  60 training error:  tensor(0.2194, device='cuda:0', grad_fn=<DivBackward0>)
Memory status after this epoch: 
Memory allocated:  4.1435546875
Memory cached:  24.0
	 epoch  70 training error:  tensor(0.1692, device='cuda:0', grad_fn=<DivBackward0>)
Memory status after this epoch: 
Memory allocated:  4.1435546875
Memory cached:  24.0
	 epoch  80 training error:  tensor(0.1309, device='cuda:0', grad_fn=<DivBackward0>)
Memory status after this epoch: 
Memory allocated:  4.1435546875
Memory cached:  24.0
	 epoch  90 training error:  tensor(0.1089, device='cuda:0', grad_fn=<DivBackward0>)
Memory status after this epoch: 
Memory allocated:  4.1435546875
Memory cached:  24.0
[I 2023-11-09 22:12:11,247] Trial 7 finished with value: 0.07161954790353775 and parameters: {'W_layers': 3, 'W_layer_units_exponent_0': 5, 'W_layer_units_exponent_1': 8, 'W_layer_units_exponent_2': 4, 'D_layers': 6, 'D_layer_units_exponent_0': 8, 'D_layer_units_exponent_1': 9, 'D_layer_units_exponent_2': 4, 'D_layer_units_exponent_3': 10, 'D_layer_units_exponent_4': 9, 'D_layer_units_exponent_5': 8, 'D_dagger_layers': 5, 'D_dagger_layer_units_exponent_0': 8, 'D_dagger_layer_units_exponent_1': 6, 'D_dagger_layer_units_exponent_2': 6, 'D_dagger_layer_units_exponent_3': 7, 'D_dagger_layer_units_exponent_4': 7, 'log_learning_rate': -4.746129902804778, 'log_learning_rate_D': -2.9955671971338966, 'log_learning_rate_D_dagger': -4.441975088262511, 'training_batch_size': 6, 'training_p': 6}. Best is trial 5 with value: 0.0655740424990654.
Time for this trial:  17.01628303527832
Memory status after this trial: 
Memory allocated:  51.4248046875
Memory cached:  64.0
--------------------  Trial  8   --------------------
Start timing: 
Parameters: 
{'W_layers': 3, 'W_layer_units_exponent_0': 9, 'W_layer_units_exponent_1': 10, 'W_layer_units_exponent_2': 10, 'D_layers': 7, 'D_layer_units_exponent_0': 6, 'D_layer_units_exponent_1': 5, 'D_layer_units_exponent_2': 6, 'D_layer_units_exponent_3': 6, 'D_layer_units_exponent_4': 9, 'D_layer_units_exponent_5': 5, 'D_layer_units_exponent_6': 8, 'D_dagger_layers': 7, 'D_dagger_layer_units_exponent_0': 5, 'D_dagger_layer_units_exponent_1': 7, 'D_dagger_layer_units_exponent_2': 8, 'D_dagger_layer_units_exponent_3': 8, 'D_dagger_layer_units_exponent_4': 4, 'D_dagger_layer_units_exponent_5': 9, 'D_dagger_layer_units_exponent_6': 9, 'log_learning_rate': -1.9969303426388199, 'log_learning_rate_D': -4.7618917885493826, 'log_learning_rate_D_dagger': -3.343970384292858, 'training_batch_size': 7, 'training_p': 7}
	 epoch  0 training error:  tensor(1.2524, device='cuda:0', grad_fn=<DivBackward0>)
Memory status after this epoch: 
Memory allocated:  30.6416015625
Memory cached:  46.0
	 epoch  10 training error:  tensor(0.3605, device='cuda:0', grad_fn=<DivBackward0>)
Memory status after this epoch: 
Memory allocated:  30.6416015625
Memory cached:  46.0
	 epoch  20 training error:  tensor(0.2817, device='cuda:0', grad_fn=<DivBackward0>)
Memory status after this epoch: 
Memory allocated:  30.6416015625
Memory cached:  46.0
	 epoch  30 training error:  tensor(0.1298, device='cuda:0', grad_fn=<DivBackward0>)
Memory status after this epoch: 
Memory allocated:  30.6416015625
Memory cached:  46.0
	 epoch  40 training error:  tensor(0.1161, device='cuda:0', grad_fn=<DivBackward0>)
Memory status after this epoch: 
Memory allocated:  30.6416015625
Memory cached:  46.0
	 epoch  50 training error:  tensor(0.1202, device='cuda:0', grad_fn=<DivBackward0>)
Memory status after this epoch: 
Memory allocated:  30.6416015625
Memory cached:  46.0
	 epoch  60 training error:  tensor(0.1034, device='cuda:0', grad_fn=<DivBackward0>)
Memory status after this epoch: 
Memory allocated:  30.6416015625
Memory cached:  46.0
	 epoch  70 training error:  tensor(0.0952, device='cuda:0', grad_fn=<DivBackward0>)
Memory status after this epoch: 
Memory allocated:  30.6416015625
Memory cached:  46.0
	 epoch  80 training error:  tensor(0.0949, device='cuda:0', grad_fn=<DivBackward0>)
Memory status after this epoch: 
Memory allocated:  30.6416015625
Memory cached:  46.0
	 epoch  90 training error:  tensor(0.1010, device='cuda:0', grad_fn=<DivBackward0>)
Memory status after this epoch: 
Memory allocated:  30.6416015625
Memory cached:  46.0
[I 2023-11-09 22:12:29,385] Trial 8 finished with value: 0.07739686965942383 and parameters: {'W_layers': 3, 'W_layer_units_exponent_0': 9, 'W_layer_units_exponent_1': 10, 'W_layer_units_exponent_2': 10, 'D_layers': 7, 'D_layer_units_exponent_0': 6, 'D_layer_units_exponent_1': 5, 'D_layer_units_exponent_2': 6, 'D_layer_units_exponent_3': 6, 'D_layer_units_exponent_4': 9, 'D_layer_units_exponent_5': 5, 'D_layer_units_exponent_6': 8, 'D_dagger_layers': 7, 'D_dagger_layer_units_exponent_0': 5, 'D_dagger_layer_units_exponent_1': 7, 'D_dagger_layer_units_exponent_2': 8, 'D_dagger_layer_units_exponent_3': 8, 'D_dagger_layer_units_exponent_4': 4, 'D_dagger_layer_units_exponent_5': 9, 'D_dagger_layer_units_exponent_6': 9, 'log_learning_rate': -1.9969303426388199, 'log_learning_rate_D': -4.7618917885493826, 'log_learning_rate_D_dagger': -3.343970384292858, 'training_batch_size': 7, 'training_p': 7}. Best is trial 5 with value: 0.0655740424990654.
Time for this trial:  18.033416032791138
Memory status after this trial: 
Memory allocated:  248.2734375
Memory cached:  286.0
--------------------  Trial  9   --------------------
Start timing: 
Parameters: 
{'W_layers': 4, 'W_layer_units_exponent_0': 7, 'W_layer_units_exponent_1': 4, 'W_layer_units_exponent_2': 7, 'W_layer_units_exponent_3': 6, 'D_layers': 6, 'D_layer_units_exponent_0': 6, 'D_layer_units_exponent_1': 7, 'D_layer_units_exponent_2': 5, 'D_layer_units_exponent_3': 8, 'D_layer_units_exponent_4': 4, 'D_layer_units_exponent_5': 10, 'D_dagger_layers': 8, 'D_dagger_layer_units_exponent_0': 10, 'D_dagger_layer_units_exponent_1': 4, 'D_dagger_layer_units_exponent_2': 7, 'D_dagger_layer_units_exponent_3': 9, 'D_dagger_layer_units_exponent_4': 7, 'D_dagger_layer_units_exponent_5': 4, 'D_dagger_layer_units_exponent_6': 6, 'D_dagger_layer_units_exponent_7': 5, 'log_learning_rate': -4.002116947611098, 'log_learning_rate_D': -1.9542980415509112, 'log_learning_rate_D_dagger': -4.345178102701652, 'training_batch_size': 6, 'training_p': 8}
	 epoch  0 training error:  tensor(1.2432, device='cuda:0', grad_fn=<DivBackward0>)
Memory status after this epoch: 
Memory allocated:  2.91259765625
Memory cached:  12.0
	 epoch  10 training error:  tensor(0.3062, device='cuda:0', grad_fn=<DivBackward0>)
Memory status after this epoch: 
Memory allocated:  2.91259765625
Memory cached:  12.0
	 epoch  20 training error:  tensor(0.1812, device='cuda:0', grad_fn=<DivBackward0>)
Memory status after this epoch: 
Memory allocated:  2.91259765625
Memory cached:  12.0
	 epoch  30 training error:  tensor(0.1254, device='cuda:0', grad_fn=<DivBackward0>)
Memory status after this epoch: 
Memory allocated:  2.91259765625
Memory cached:  14.0
	 epoch  40 training error:  tensor(0.1082, device='cuda:0', grad_fn=<DivBackward0>)
Memory status after this epoch: 
Memory allocated:  2.91259765625
Memory cached:  12.0
	 epoch  50 training error:  tensor(0.1040, device='cuda:0', grad_fn=<DivBackward0>)
Memory status after this epoch: 
Memory allocated:  2.91259765625
Memory cached:  14.0
	 epoch  60 training error:  tensor(0.1015, device='cuda:0', grad_fn=<DivBackward0>)
Memory status after this epoch: 
Memory allocated:  2.91259765625
Memory cached:  14.0
	 epoch  70 training error:  tensor(0.1006, device='cuda:0', grad_fn=<DivBackward0>)
Memory status after this epoch: 
Memory allocated:  2.91259765625
Memory cached:  12.0
	 epoch  80 training error:  tensor(0.0986, device='cuda:0', grad_fn=<DivBackward0>)
Memory status after this epoch: 
Memory allocated:  2.91259765625
Memory cached:  12.0
	 epoch  90 training error:  tensor(0.0981, device='cuda:0', grad_fn=<DivBackward0>)
Memory status after this epoch: 
Memory allocated:  2.91259765625
Memory cached:  12.0
[I 2023-11-09 22:12:49,536] Trial 9 finished with value: 0.07154404371976852 and parameters: {'W_layers': 4, 'W_layer_units_exponent_0': 7, 'W_layer_units_exponent_1': 4, 'W_layer_units_exponent_2': 7, 'W_layer_units_exponent_3': 6, 'D_layers': 6, 'D_layer_units_exponent_0': 6, 'D_layer_units_exponent_1': 7, 'D_layer_units_exponent_2': 5, 'D_layer_units_exponent_3': 8, 'D_layer_units_exponent_4': 4, 'D_layer_units_exponent_5': 10, 'D_dagger_layers': 8, 'D_dagger_layer_units_exponent_0': 10, 'D_dagger_layer_units_exponent_1': 4, 'D_dagger_layer_units_exponent_2': 7, 'D_dagger_layer_units_exponent_3': 9, 'D_dagger_layer_units_exponent_4': 7, 'D_dagger_layer_units_exponent_5': 4, 'D_dagger_layer_units_exponent_6': 6, 'D_dagger_layer_units_exponent_7': 5, 'log_learning_rate': -4.002116947611098, 'log_learning_rate_D': -1.9542980415509112, 'log_learning_rate_D_dagger': -4.345178102701652, 'training_batch_size': 6, 'training_p': 8}. Best is trial 5 with value: 0.0655740424990654.
Time for this trial:  20.049784183502197
Memory status after this trial: 
Memory allocated:  123.4248046875
Memory cached:  144.0
--------------------  Trial  10   --------------------
Start timing: 
Parameters: 
{'W_layers': 7, 'W_layer_units_exponent_0': 9, 'W_layer_units_exponent_1': 10, 'W_layer_units_exponent_2': 10, 'W_layer_units_exponent_3': 10, 'W_layer_units_exponent_4': 4, 'W_layer_units_exponent_5': 10, 'W_layer_units_exponent_6': 10, 'D_layers': 2, 'D_layer_units_exponent_0': 10, 'D_layer_units_exponent_1': 4, 'D_dagger_layers': 2, 'D_dagger_layer_units_exponent_0': 4, 'D_dagger_layer_units_exponent_1': 9, 'log_learning_rate': -1.0918173725424931, 'log_learning_rate_D': -1.0751040474141473, 'log_learning_rate_D_dagger': -1.0357674850314398, 'training_batch_size': 9, 'training_p': 2}
	 epoch  0 training error:  tensor(1.5390, device='cuda:0', grad_fn=<DivBackward0>)
Memory status after this epoch: 
Memory allocated:  57.73193359375
Memory cached:  92.0
	 epoch  10 training error:  tensor(28.4224, device='cuda:0', grad_fn=<DivBackward0>)
Memory status after this epoch: 
Memory allocated:  57.73193359375
Memory cached:  94.0
	 epoch  20 training error:  tensor(1., device='cuda:0', grad_fn=<DivBackward0>)
Memory status after this epoch: 
Memory allocated:  57.73193359375
Memory cached:  92.0
	 epoch  30 training error:  tensor(1., device='cuda:0', grad_fn=<DivBackward0>)
Memory status after this epoch: 
Memory allocated:  57.73193359375
Memory cached:  92.0
	 epoch  40 training error:  tensor(1., device='cuda:0', grad_fn=<DivBackward0>)
Memory status after this epoch: 
Memory allocated:  57.73193359375
Memory cached:  94.0
	 epoch  50 training error:  tensor(1., device='cuda:0', grad_fn=<DivBackward0>)
Memory status after this epoch: 
Memory allocated:  57.73193359375
Memory cached:  94.0
	 epoch  60 training error:  tensor(1., device='cuda:0', grad_fn=<DivBackward0>)
Memory status after this epoch: 
Memory allocated:  57.73193359375
Memory cached:  94.0
	 epoch  70 training error:  tensor(1., device='cuda:0', grad_fn=<DivBackward0>)
Memory status after this epoch: 
Memory allocated:  57.73193359375
Memory cached:  92.0
	 epoch  80 training error:  tensor(1., device='cuda:0', grad_fn=<DivBackward0>)
Memory status after this epoch: 
Memory allocated:  57.73193359375
Memory cached:  92.0
	 epoch  90 training error:  tensor(1., device='cuda:0', grad_fn=<DivBackward0>)
Memory status after this epoch: 
Memory allocated:  57.73193359375
Memory cached:  94.0
[I 2023-11-09 22:13:08,663] Trial 10 finished with value: 1.0 and parameters: {'W_layers': 7, 'W_layer_units_exponent_0': 9, 'W_layer_units_exponent_1': 10, 'W_layer_units_exponent_2': 10, 'W_layer_units_exponent_3': 10, 'W_layer_units_exponent_4': 4, 'W_layer_units_exponent_5': 10, 'W_layer_units_exponent_6': 10, 'D_layers': 2, 'D_layer_units_exponent_0': 10, 'D_layer_units_exponent_1': 4, 'D_dagger_layers': 2, 'D_dagger_layer_units_exponent_0': 4, 'D_dagger_layer_units_exponent_1': 9, 'log_learning_rate': -1.0918173725424931, 'log_learning_rate_D': -1.0751040474141473, 'log_learning_rate_D_dagger': -1.0357674850314398, 'training_batch_size': 9, 'training_p': 2}. Best is trial 5 with value: 0.0655740424990654.
Time for this trial:  18.954439640045166
Memory status after this trial: 
Memory allocated:  365.84765625
Memory cached:  438.0
--------------------  Trial  11   --------------------
Start timing: 
Parameters: 
{'W_layers': 6, 'W_layer_units_exponent_0': 9, 'W_layer_units_exponent_1': 9, 'W_layer_units_exponent_2': 4, 'W_layer_units_exponent_3': 4, 'W_layer_units_exponent_4': 10, 'W_layer_units_exponent_5': 4, 'D_layers': 4, 'D_layer_units_exponent_0': 10, 'D_layer_units_exponent_1': 10, 'D_layer_units_exponent_2': 9, 'D_layer_units_exponent_3': 8, 'D_dagger_layers': 5, 'D_dagger_layer_units_exponent_0': 4, 'D_dagger_layer_units_exponent_1': 9, 'D_dagger_layer_units_exponent_2': 10, 'D_dagger_layer_units_exponent_3': 5, 'D_dagger_layer_units_exponent_4': 10, 'log_learning_rate': -2.821585954470225, 'log_learning_rate_D': -3.3669591500119633, 'log_learning_rate_D_dagger': -3.807919669584557, 'training_batch_size': 12, 'training_p': 5}
	 epoch  0 training error:  tensor(0.9214, device='cuda:0', grad_fn=<DivBackward0>)
Memory status after this epoch: 
Memory allocated:  20.90673828125
Memory cached:  48.0
	 epoch  10 training error:  tensor(0.3250, device='cuda:0', grad_fn=<DivBackward0>)
Memory status after this epoch: 
Memory allocated:  20.90673828125
Memory cached:  50.0
	 epoch  20 training error:  tensor(0.1351, device='cuda:0', grad_fn=<DivBackward0>)
Memory status after this epoch: 
Memory allocated:  20.90673828125
Memory cached:  50.0
	 epoch  30 training error:  tensor(0.1127, device='cuda:0', grad_fn=<DivBackward0>)
Memory status after this epoch: 
Memory allocated:  20.90673828125
Memory cached:  50.0
	 epoch  40 training error:  tensor(0.0940, device='cuda:0', grad_fn=<DivBackward0>)
Memory status after this epoch: 
Memory allocated:  20.90673828125
Memory cached:  50.0
	 epoch  50 training error:  tensor(0.0835, device='cuda:0', grad_fn=<DivBackward0>)
Memory status after this epoch: 
Memory allocated:  20.90673828125
Memory cached:  50.0
	 epoch  60 training error:  tensor(0.0832, device='cuda:0', grad_fn=<DivBackward0>)
Memory status after this epoch: 
Memory allocated:  20.90673828125
Memory cached:  50.0
	 epoch  70 training error:  tensor(0.0815, device='cuda:0', grad_fn=<DivBackward0>)
Memory status after this epoch: 
Memory allocated:  20.90673828125
Memory cached:  50.0
	 epoch  80 training error:  tensor(0.0810, device='cuda:0', grad_fn=<DivBackward0>)
Memory status after this epoch: 
Memory allocated:  20.90673828125
Memory cached:  50.0
	 epoch  90 training error:  tensor(0.0806, device='cuda:0', grad_fn=<DivBackward0>)
Memory status after this epoch: 
Memory allocated:  20.90673828125
Memory cached:  50.0
