[I 2023-11-03 21:57:23,511] Trial 6 finished with value: 1.0 and parameters: {'W_layers': 4, 'W_layer_units_exponent_0': 7, 'W_layer_units_exponent_1': 6, 'W_layer_units_exponent_2': 9, 'W_layer_units_exponent_3': 7, 'D_layers': 6, 'D_layer_units_exponent_0': 5, 'D_layer_units_exponent_1': 4, 'D_layer_units_exponent_2': 4, 'D_layer_units_exponent_3': 8, 'D_layer_units_exponent_4': 10, 'D_layer_units_exponent_5': 7, 'log_learning_rate': -1.194082272716996, 'log_learning_rate_D': -4.112024832933255, 'training_batch_size': 11, 'training_p': 6}. Best is trial 2 with value: 0.025889886543154716.
Time for this trial:  16.225591897964478
Memory status after this trial: 
Memory allocated:  45.85107421875
Memory cached:  62.0
--------------------  Trial  7   --------------------
Start timing: 
Parameters: 
{'W_layers': 7, 'W_layer_units_exponent_0': 5, 'W_layer_units_exponent_1': 10, 'W_layer_units_exponent_2': 9, 'W_layer_units_exponent_3': 4, 'W_layer_units_exponent_4': 5, 'W_layer_units_exponent_5': 10, 'W_layer_units_exponent_6': 9, 'D_layers': 6, 'D_layer_units_exponent_0': 7, 'D_layer_units_exponent_1': 7, 'D_layer_units_exponent_2': 4, 'D_layer_units_exponent_3': 6, 'D_layer_units_exponent_4': 6, 'D_layer_units_exponent_5': 7, 'log_learning_rate': -1.0639315812826022, 'log_learning_rate_D': -1.5617755101386872, 'training_batch_size': 9, 'training_p': 4}
	 epoch  0 training error:  tensor(0.9944, device='cuda:0', grad_fn=<DivBackward0>)
Memory status after this epoch: 
Memory allocated:  17.7900390625
Memory cached:  62.0
	 epoch  10 training error:  tensor(1., device='cuda:0', grad_fn=<DivBackward0>)
Memory status after this epoch: 
Memory allocated:  17.7900390625
Memory cached:  64.0
	 epoch  20 training error:  tensor(1., device='cuda:0', grad_fn=<DivBackward0>)
Memory status after this epoch: 
Memory allocated:  17.7900390625
Memory cached:  64.0
	 epoch  30 training error:  tensor(1., device='cuda:0', grad_fn=<DivBackward0>)
Memory status after this epoch: 
Memory allocated:  17.7900390625
Memory cached:  64.0
	 epoch  40 training error:  tensor(1., device='cuda:0', grad_fn=<DivBackward0>)
Memory status after this epoch: 
Memory allocated:  17.7900390625
Memory cached:  64.0
	 epoch  50 training error:  tensor(1., device='cuda:0', grad_fn=<DivBackward0>)
Memory status after this epoch: 
Memory allocated:  17.7900390625
Memory cached:  64.0
	 epoch  60 training error:  tensor(1., device='cuda:0', grad_fn=<DivBackward0>)
Memory status after this epoch: 
Memory allocated:  17.7900390625
Memory cached:  64.0
	 epoch  70 training error:  tensor(1., device='cuda:0', grad_fn=<DivBackward0>)
Memory status after this epoch: 
Memory allocated:  17.7900390625
Memory cached:  64.0
	 epoch  80 training error:  tensor(1., device='cuda:0', grad_fn=<DivBackward0>)
Memory status after this epoch: 
Memory allocated:  17.7900390625
Memory cached:  64.0
	 epoch  90 training error:  tensor(1., device='cuda:0', grad_fn=<DivBackward0>)
Memory status after this epoch: 
Memory allocated:  17.7900390625
Memory cached:  64.0
[I 2023-11-03 21:57:42,583] Trial 7 finished with value: 1.0 and parameters: {'W_layers': 7, 'W_layer_units_exponent_0': 5, 'W_layer_units_exponent_1': 10, 'W_layer_units_exponent_2': 9, 'W_layer_units_exponent_3': 4, 'W_layer_units_exponent_4': 5, 'W_layer_units_exponent_5': 10, 'W_layer_units_exponent_6': 9, 'D_layers': 6, 'D_layer_units_exponent_0': 7, 'D_layer_units_exponent_1': 7, 'D_layer_units_exponent_2': 4, 'D_layer_units_exponent_3': 6, 'D_layer_units_exponent_4': 6, 'D_layer_units_exponent_5': 7, 'log_learning_rate': -1.0639315812826022, 'log_learning_rate_D': -1.5617755101386872, 'training_batch_size': 9, 'training_p': 4}. Best is trial 2 with value: 0.025889886543154716.
Time for this trial:  18.967130184173584
Memory status after this trial: 
Memory allocated:  180.52880859375
Memory cached:  198.0
--------------------  Trial  8   --------------------
Start timing: 
Parameters: 
{'W_layers': 6, 'W_layer_units_exponent_0': 8, 'W_layer_units_exponent_1': 10, 'W_layer_units_exponent_2': 5, 'W_layer_units_exponent_3': 9, 'W_layer_units_exponent_4': 6, 'W_layer_units_exponent_5': 8, 'D_layers': 4, 'D_layer_units_exponent_0': 9, 'D_layer_units_exponent_1': 9, 'D_layer_units_exponent_2': 8, 'D_layer_units_exponent_3': 7, 'log_learning_rate': -2.5975702160847347, 'log_learning_rate_D': -1.4198392570040501, 'training_batch_size': 12, 'training_p': 6}
	 epoch  0 training error:  tensor(1.0020, device='cuda:0', grad_fn=<DivBackward0>)
Memory status after this epoch: 
Memory allocated:  7.26904296875
Memory cached:  8.0
	 epoch  10 training error:  tensor(0.4231, device='cuda:0', grad_fn=<DivBackward0>)
Memory status after this epoch: 
Memory allocated:  7.26904296875
Memory cached:  8.0
	 epoch  20 training error:  tensor(0.0537, device='cuda:0', grad_fn=<DivBackward0>)
Memory status after this epoch: 
Memory allocated:  7.26904296875
Memory cached:  8.0
	 epoch  30 training error:  tensor(0.4989, device='cuda:0', grad_fn=<DivBackward0>)
Memory status after this epoch: 
Memory allocated:  7.26904296875
Memory cached:  8.0
	 epoch  40 training error:  tensor(0.1064, device='cuda:0', grad_fn=<DivBackward0>)
Memory status after this epoch: 
Memory allocated:  7.26904296875
Memory cached:  8.0
	 epoch  50 training error:  tensor(0.0572, device='cuda:0', grad_fn=<DivBackward0>)
Memory status after this epoch: 
Memory allocated:  7.26904296875
Memory cached:  8.0
	 epoch  60 training error:  tensor(0.0712, device='cuda:0', grad_fn=<DivBackward0>)
Memory status after this epoch: 
Memory allocated:  7.26904296875
Memory cached:  8.0
	 epoch  70 training error:  tensor(0.1447, device='cuda:0', grad_fn=<DivBackward0>)
Memory status after this epoch: 
Memory allocated:  7.26904296875
Memory cached:  8.0
	 epoch  80 training error:  tensor(0.0916, device='cuda:0', grad_fn=<DivBackward0>)
Memory status after this epoch: 
Memory allocated:  7.26904296875
Memory cached:  8.0
	 epoch  90 training error:  tensor(0.0988, device='cuda:0', grad_fn=<DivBackward0>)
Memory status after this epoch: 
Memory allocated:  7.26904296875
Memory cached:  8.0
[I 2023-11-03 21:58:00,954] Trial 8 finished with value: 0.03287147730588913 and parameters: {'W_layers': 6, 'W_layer_units_exponent_0': 8, 'W_layer_units_exponent_1': 10, 'W_layer_units_exponent_2': 5, 'W_layer_units_exponent_3': 9, 'W_layer_units_exponent_4': 6, 'W_layer_units_exponent_5': 8, 'D_layers': 4, 'D_layer_units_exponent_0': 9, 'D_layer_units_exponent_1': 9, 'D_layer_units_exponent_2': 8, 'D_layer_units_exponent_3': 7, 'log_learning_rate': -2.5975702160847347, 'log_learning_rate_D': -1.4198392570040501, 'training_batch_size': 12, 'training_p': 6}. Best is trial 2 with value: 0.025889886543154716.
Time for this trial:  18.27365231513977
Memory status after this trial: 
Memory allocated:  119.74462890625
Memory cached:  134.0
--------------------  Trial  9   --------------------
Start timing: 
Parameters: 
{'W_layers': 8, 'W_layer_units_exponent_0': 4, 'W_layer_units_exponent_1': 6, 'W_layer_units_exponent_2': 8, 'W_layer_units_exponent_3': 9, 'W_layer_units_exponent_4': 6, 'W_layer_units_exponent_5': 5, 'W_layer_units_exponent_6': 7, 'W_layer_units_exponent_7': 9, 'D_layers': 2, 'D_layer_units_exponent_0': 7, 'D_layer_units_exponent_1': 4, 'log_learning_rate': -4.775772507592578, 'log_learning_rate_D': -3.3425850607502188, 'training_batch_size': 8, 'training_p': 4}
	 epoch  0 training error:  tensor(1.0017, device='cuda:0', grad_fn=<DivBackward0>)
Memory status after this epoch: 
Memory allocated:  4.0029296875
Memory cached:  8.0
	 epoch  10 training error:  tensor(0.9749, device='cuda:0', grad_fn=<DivBackward0>)
Memory status after this epoch: 
Memory allocated:  4.0029296875
Memory cached:  10.0
	 epoch  20 training error:  tensor(0.9458, device='cuda:0', grad_fn=<DivBackward0>)
Memory status after this epoch: 
Memory allocated:  4.0029296875
Memory cached:  10.0
	 epoch  30 training error:  tensor(0.9082, device='cuda:0', grad_fn=<DivBackward0>)
Memory status after this epoch: 
Memory allocated:  4.0029296875
Memory cached:  10.0
	 epoch  40 training error:  tensor(0.8569, device='cuda:0', grad_fn=<DivBackward0>)
Memory status after this epoch: 
Memory allocated:  4.0029296875
Memory cached:  10.0
	 epoch  50 training error:  tensor(0.7872, device='cuda:0', grad_fn=<DivBackward0>)
Memory status after this epoch: 
Memory allocated:  4.0029296875
Memory cached:  10.0
	 epoch  60 training error:  tensor(0.6949, device='cuda:0', grad_fn=<DivBackward0>)
Memory status after this epoch: 
Memory allocated:  4.0029296875
Memory cached:  10.0
	 epoch  70 training error:  tensor(0.5782, device='cuda:0', grad_fn=<DivBackward0>)
Memory status after this epoch: 
Memory allocated:  4.0029296875
Memory cached:  10.0
	 epoch  80 training error:  tensor(0.4447, device='cuda:0', grad_fn=<DivBackward0>)
Memory status after this epoch: 
Memory allocated:  4.0029296875
Memory cached:  10.0
	 epoch  90 training error:  tensor(0.3122, device='cuda:0', grad_fn=<DivBackward0>)
Memory status after this epoch: 
Memory allocated:  4.0029296875
Memory cached:  10.0
[I 2023-11-03 21:58:18,975] Trial 9 finished with value: 0.2065633088350296 and parameters: {'W_layers': 8, 'W_layer_units_exponent_0': 4, 'W_layer_units_exponent_1': 6, 'W_layer_units_exponent_2': 8, 'W_layer_units_exponent_3': 9, 'W_layer_units_exponent_4': 6, 'W_layer_units_exponent_5': 5, 'W_layer_units_exponent_6': 7, 'W_layer_units_exponent_7': 9, 'D_layers': 2, 'D_layer_units_exponent_0': 7, 'D_layer_units_exponent_1': 4, 'log_learning_rate': -4.775772507592578, 'log_learning_rate_D': -3.3425850607502188, 'training_batch_size': 8, 'training_p': 4}. Best is trial 2 with value: 0.025889886543154716.
Time for this trial:  17.929046630859375
Memory status after this trial: 
Memory allocated:  88.07763671875
Memory cached:  102.0
--------------------  Trial  10   --------------------
Start timing: 
Parameters: 
{'W_layers': 2, 'W_layer_units_exponent_0': 6, 'W_layer_units_exponent_1': 5, 'D_layers': 8, 'D_layer_units_exponent_0': 10, 'D_layer_units_exponent_1': 10, 'D_layer_units_exponent_2': 10, 'D_layer_units_exponent_3': 4, 'D_layer_units_exponent_4': 7, 'D_layer_units_exponent_5': 4, 'D_layer_units_exponent_6': 6, 'D_layer_units_exponent_7': 9, 'log_learning_rate': -3.780636238548731, 'log_learning_rate_D': -4.729279966707018, 'training_batch_size': 10, 'training_p': 2}
	 epoch  0 training error:  tensor(1.1226, device='cuda:0', grad_fn=<DivBackward0>)
Memory status after this epoch: 
Memory allocated:  8.35888671875
Memory cached:  24.0
	 epoch  10 training error:  tensor(0.8958, device='cuda:0', grad_fn=<DivBackward0>)
Memory status after this epoch: 
Memory allocated:  8.35888671875
Memory cached:  26.0
	 epoch  20 training error:  tensor(0.6665, device='cuda:0', grad_fn=<DivBackward0>)
Memory status after this epoch: 
Memory allocated:  8.35888671875
Memory cached:  26.0
	 epoch  30 training error:  tensor(0.4328, device='cuda:0', grad_fn=<DivBackward0>)
Memory status after this epoch: 
Memory allocated:  8.35888671875
Memory cached:  26.0
	 epoch  40 training error:  tensor(0.2106, device='cuda:0', grad_fn=<DivBackward0>)
Memory status after this epoch: 
Memory allocated:  8.35888671875
Memory cached:  26.0
	 epoch  50 training error:  tensor(0.0926, device='cuda:0', grad_fn=<DivBackward0>)
Memory status after this epoch: 
Memory allocated:  8.35888671875
Memory cached:  26.0
	 epoch  60 training error:  tensor(0.0511, device='cuda:0', grad_fn=<DivBackward0>)
Memory status after this epoch: 
Memory allocated:  8.35888671875
Memory cached:  26.0
	 epoch  70 training error:  tensor(0.0243, device='cuda:0', grad_fn=<DivBackward0>)
Memory status after this epoch: 
Memory allocated:  8.35888671875
Memory cached:  26.0
	 epoch  80 training error:  tensor(0.0242, device='cuda:0', grad_fn=<DivBackward0>)
Memory status after this epoch: 
Memory allocated:  8.35888671875
Memory cached:  26.0
	 epoch  90 training error:  tensor(0.0185, device='cuda:0', grad_fn=<DivBackward0>)
Memory status after this epoch: 
Memory allocated:  8.35888671875
Memory cached:  26.0
[I 2023-11-03 21:58:34,075] Trial 10 finished with value: 0.021226320415735245 and parameters: {'W_layers': 2, 'W_layer_units_exponent_0': 6, 'W_layer_units_exponent_1': 5, 'D_layers': 8, 'D_layer_units_exponent_0': 10, 'D_layer_units_exponent_1': 10, 'D_layer_units_exponent_2': 10, 'D_layer_units_exponent_3': 4, 'D_layer_units_exponent_4': 7, 'D_layer_units_exponent_5': 4, 'D_layer_units_exponent_6': 6, 'D_layer_units_exponent_7': 9, 'log_learning_rate': -3.780636238548731, 'log_learning_rate_D': -4.729279966707018, 'training_batch_size': 10, 'training_p': 2}. Best is trial 10 with value: 0.021226320415735245.
Time for this trial:  14.94433045387268
Memory status after this trial: 
Memory allocated:  5.27392578125
Memory cached:  6.0
--------------------  Trial  11   --------------------
Start timing: 
Parameters: 
{'W_layers': 2, 'W_layer_units_exponent_0': 6, 'W_layer_units_exponent_1': 5, 'D_layers': 8, 'D_layer_units_exponent_0': 10, 'D_layer_units_exponent_1': 10, 'D_layer_units_exponent_2': 10, 'D_layer_units_exponent_3': 4, 'D_layer_units_exponent_4': 7, 'D_layer_units_exponent_5': 4, 'D_layer_units_exponent_6': 6, 'D_layer_units_exponent_7': 9, 'log_learning_rate': -3.837645706775048, 'log_learning_rate_D': -4.940559282052834, 'training_batch_size': 10, 'training_p': 2}
	 epoch  0 training error:  tensor(0.9389, device='cuda:0', grad_fn=<DivBackward0>)
Memory status after this epoch: 
Memory allocated:  8.35888671875
Memory cached:  24.0
	 epoch  10 training error:  tensor(0.7946, device='cuda:0', grad_fn=<DivBackward0>)
Memory status after this epoch: 
Memory allocated:  8.35888671875
Memory cached:  26.0
	 epoch  20 training error:  tensor(0.6453, device='cuda:0', grad_fn=<DivBackward0>)
Memory status after this epoch: 
Memory allocated:  8.35888671875
Memory cached:  26.0
	 epoch  30 training error:  tensor(0.5000, device='cuda:0', grad_fn=<DivBackward0>)
Memory status after this epoch: 
Memory allocated:  8.35888671875
Memory cached:  26.0
	 epoch  40 training error:  tensor(0.3531, device='cuda:0', grad_fn=<DivBackward0>)
Memory status after this epoch: 
Memory allocated:  8.35888671875
Memory cached:  26.0
	 epoch  50 training error:  tensor(0.1991, device='cuda:0', grad_fn=<DivBackward0>)
Memory status after this epoch: 
Memory allocated:  8.35888671875
Memory cached:  26.0
	 epoch  60 training error:  tensor(0.0634, device='cuda:0', grad_fn=<DivBackward0>)
Memory status after this epoch: 
Memory allocated:  8.35888671875
Memory cached:  26.0
	 epoch  70 training error:  tensor(0.0506, device='cuda:0', grad_fn=<DivBackward0>)
Memory status after this epoch: 
Memory allocated:  8.35888671875
Memory cached:  26.0
	 epoch  80 training error:  tensor(0.0278, device='cuda:0', grad_fn=<DivBackward0>)
Memory status after this epoch: 
Memory allocated:  8.35888671875
Memory cached:  26.0
	 epoch  90 training error:  tensor(0.0215, device='cuda:0', grad_fn=<DivBackward0>)
Memory status after this epoch: 
Memory allocated:  8.35888671875
Memory cached:  26.0
[I 2023-11-03 21:58:49,253] Trial 11 finished with value: 0.023538785055279732 and parameters: {'W_layers': 2, 'W_layer_units_exponent_0': 6, 'W_layer_units_exponent_1': 5, 'D_layers': 8, 'D_layer_units_exponent_0': 10, 'D_layer_units_exponent_1': 10, 'D_layer_units_exponent_2': 10, 'D_layer_units_exponent_3': 4, 'D_layer_units_exponent_4': 7, 'D_layer_units_exponent_5': 4, 'D_layer_units_exponent_6': 6, 'D_layer_units_exponent_7': 9, 'log_learning_rate': -3.837645706775048, 'log_learning_rate_D': -4.940559282052834, 'training_batch_size': 10, 'training_p': 2}. Best is trial 10 with value: 0.021226320415735245.
Time for this trial:  15.01112961769104
Memory status after this trial: 
Memory allocated:  5.27392578125
Memory cached:  6.0
--------------------  Trial  12   --------------------
Start timing: 
Parameters: 
{'W_layers': 2, 'W_layer_units_exponent_0': 6, 'W_layer_units_exponent_1': 5, 'D_layers': 8, 'D_layer_units_exponent_0': 10, 'D_layer_units_exponent_1': 10, 'D_layer_units_exponent_2': 10, 'D_layer_units_exponent_3': 4, 'D_layer_units_exponent_4': 8, 'D_layer_units_exponent_5': 4, 'D_layer_units_exponent_6': 6, 'D_layer_units_exponent_7': 9, 'log_learning_rate': -3.6716981742813655, 'log_learning_rate_D': -4.934698955468703, 'training_batch_size': 10, 'training_p': 2}
	 epoch  0 training error:  tensor(0.8967, device='cuda:0', grad_fn=<DivBackward0>)
Memory status after this epoch: 
Memory allocated:  8.375
Memory cached:  24.0
	 epoch  10 training error:  tensor(0.5923, device='cuda:0', grad_fn=<DivBackward0>)
Memory status after this epoch: 
Memory allocated:  8.375
Memory cached:  26.0
	 epoch  20 training error:  tensor(0.2972, device='cuda:0', grad_fn=<DivBackward0>)
Memory status after this epoch: 
Memory allocated:  8.375
Memory cached:  26.0
	 epoch  30 training error:  tensor(0.1508, device='cuda:0', grad_fn=<DivBackward0>)
Memory status after this epoch: 
Memory allocated:  8.375
Memory cached:  26.0
	 epoch  40 training error:  tensor(0.1619, device='cuda:0', grad_fn=<DivBackward0>)
Memory status after this epoch: 
Memory allocated:  8.375
Memory cached:  26.0
	 epoch  50 training error:  tensor(0.1208, device='cuda:0', grad_fn=<DivBackward0>)
Memory status after this epoch: 
Memory allocated:  8.375
Memory cached:  26.0
	 epoch  60 training error:  tensor(0.1098, device='cuda:0', grad_fn=<DivBackward0>)
Memory status after this epoch: 
Memory allocated:  8.375
Memory cached:  26.0
	 epoch  70 training error:  tensor(0.0928, device='cuda:0', grad_fn=<DivBackward0>)
Memory status after this epoch: 
Memory allocated:  8.375
Memory cached:  26.0
	 epoch  80 training error:  tensor(0.0749, device='cuda:0', grad_fn=<DivBackward0>)
Memory status after this epoch: 
Memory allocated:  8.375
Memory cached:  26.0
	 epoch  90 training error:  tensor(0.0574, device='cuda:0', grad_fn=<DivBackward0>)
Memory status after this epoch: 
Memory allocated:  8.375
Memory cached:  26.0
[I 2023-11-03 21:59:04,486] Trial 12 finished with value: 0.03495323657989502 and parameters: {'W_layers': 2, 'W_layer_units_exponent_0': 6, 'W_layer_units_exponent_1': 5, 'D_layers': 8, 'D_layer_units_exponent_0': 10, 'D_layer_units_exponent_1': 10, 'D_layer_units_exponent_2': 10, 'D_layer_units_exponent_3': 4, 'D_layer_units_exponent_4': 8, 'D_layer_units_exponent_5': 4, 'D_layer_units_exponent_6': 6, 'D_layer_units_exponent_7': 9, 'log_learning_rate': -3.6716981742813655, 'log_learning_rate_D': -4.934698955468703, 'training_batch_size': 10, 'training_p': 2}. Best is trial 10 with value: 0.021226320415735245.
Time for this trial:  15.062944173812866
Memory status after this trial: 
Memory allocated:  5.27392578125
Memory cached:  6.0
--------------------  Trial  13   --------------------
Start timing: 
Parameters: 
{'W_layers': 2, 'W_layer_units_exponent_0': 6, 'W_layer_units_exponent_1': 6, 'D_layers': 8, 'D_layer_units_exponent_0': 10, 'D_layer_units_exponent_1': 10, 'D_layer_units_exponent_2': 10, 'D_layer_units_exponent_3': 4, 'D_layer_units_exponent_4': 8, 'D_layer_units_exponent_5': 4, 'D_layer_units_exponent_6': 5, 'D_layer_units_exponent_7': 9, 'log_learning_rate': -3.6399251460270747, 'log_learning_rate_D': -4.95463647551925, 'training_batch_size': 9, 'training_p': 2}
	 epoch  0 training error:  tensor(1.1649, device='cuda:0', grad_fn=<DivBackward0>)
Memory status after this epoch: 
Memory allocated:  8.341796875
Memory cached:  22.0
	 epoch  10 training error:  tensor(0.6113, device='cuda:0', grad_fn=<DivBackward0>)
Memory status after this epoch: 
Memory allocated:  8.341796875
Memory cached:  22.0
	 epoch  20 training error:  tensor(0.1088, device='cuda:0', grad_fn=<DivBackward0>)
Memory status after this epoch: 
Memory allocated:  8.341796875
Memory cached:  22.0
	 epoch  30 training error:  tensor(0.1078, device='cuda:0', grad_fn=<DivBackward0>)
Memory status after this epoch: 
Memory allocated:  8.341796875
Memory cached:  22.0
	 epoch  40 training error:  tensor(0.0527, device='cuda:0', grad_fn=<DivBackward0>)
Memory status after this epoch: 
Memory allocated:  8.341796875
Memory cached:  22.0
	 epoch  50 training error:  tensor(0.0296, device='cuda:0', grad_fn=<DivBackward0>)
Memory status after this epoch: 
Memory allocated:  8.341796875
Memory cached:  22.0
	 epoch  60 training error:  tensor(0.0251, device='cuda:0', grad_fn=<DivBackward0>)
Memory status after this epoch: 
Memory allocated:  8.341796875
Memory cached:  22.0
	 epoch  70 training error:  tensor(0.0194, device='cuda:0', grad_fn=<DivBackward0>)
Memory status after this epoch: 
Memory allocated:  8.341796875
Memory cached:  22.0
	 epoch  80 training error:  tensor(0.0187, device='cuda:0', grad_fn=<DivBackward0>)
Memory status after this epoch: 
Memory allocated:  8.341796875
Memory cached:  22.0
	 epoch  90 training error:  tensor(0.0185, device='cuda:0', grad_fn=<DivBackward0>)
Memory status after this epoch: 
Memory allocated:  8.341796875
Memory cached:  22.0
