[I 2023-11-03 22:09:20,137] Trial 48 finished with value: 0.017604121938347816 and parameters: {'W_layers': 5, 'W_layer_units_exponent_0': 7, 'W_layer_units_exponent_1': 4, 'W_layer_units_exponent_2': 4, 'W_layer_units_exponent_3': 4, 'W_layer_units_exponent_4': 4, 'D_layers': 8, 'D_layer_units_exponent_0': 8, 'D_layer_units_exponent_1': 6, 'D_layer_units_exponent_2': 9, 'D_layer_units_exponent_3': 8, 'D_layer_units_exponent_4': 7, 'D_layer_units_exponent_5': 6, 'D_layer_units_exponent_6': 7, 'D_layer_units_exponent_7': 5, 'log_learning_rate': -2.597264712180727, 'log_learning_rate_D': -2.156227368334478, 'training_batch_size': 7, 'training_p': 2}. Best is trial 27 with value: 0.017602866515517235.
Time for this trial:  16.234490633010864
Memory status after this trial: 
Memory allocated:  10.40966796875
Memory cached:  12.0
--------------------  Trial  49   --------------------
Start timing: 
Parameters: 
{'W_layers': 5, 'W_layer_units_exponent_0': 7, 'W_layer_units_exponent_1': 4, 'W_layer_units_exponent_2': 4, 'W_layer_units_exponent_3': 4, 'W_layer_units_exponent_4': 4, 'D_layers': 8, 'D_layer_units_exponent_0': 10, 'D_layer_units_exponent_1': 5, 'D_layer_units_exponent_2': 10, 'D_layer_units_exponent_3': 8, 'D_layer_units_exponent_4': 7, 'D_layer_units_exponent_5': 5, 'D_layer_units_exponent_6': 8, 'D_layer_units_exponent_7': 5, 'log_learning_rate': -2.189669736340152, 'log_learning_rate_D': -2.1405703424696685, 'training_batch_size': 7, 'training_p': 2}
	 epoch  0 training error:  tensor(0.9849, device='cuda:0', grad_fn=<DivBackward0>)
Memory status after this epoch: 
Memory allocated:  1.6171875
Memory cached:  6.0
	 epoch  10 training error:  tensor(0.2731, device='cuda:0', grad_fn=<DivBackward0>)
Memory status after this epoch: 
Memory allocated:  1.6171875
Memory cached:  8.0
	 epoch  20 training error:  tensor(0.1051, device='cuda:0', grad_fn=<DivBackward0>)
Memory status after this epoch: 
Memory allocated:  1.6171875
Memory cached:  8.0
	 epoch  30 training error:  tensor(0.0448, device='cuda:0', grad_fn=<DivBackward0>)
Memory status after this epoch: 
Memory allocated:  1.6171875
Memory cached:  8.0
	 epoch  40 training error:  tensor(0.0258, device='cuda:0', grad_fn=<DivBackward0>)
Memory status after this epoch: 
Memory allocated:  1.6171875
Memory cached:  8.0
	 epoch  50 training error:  tensor(0.0233, device='cuda:0', grad_fn=<DivBackward0>)
Memory status after this epoch: 
Memory allocated:  1.6171875
Memory cached:  8.0
	 epoch  60 training error:  tensor(0.0254, device='cuda:0', grad_fn=<DivBackward0>)
Memory status after this epoch: 
Memory allocated:  1.6171875
Memory cached:  8.0
	 epoch  70 training error:  tensor(0.0202, device='cuda:0', grad_fn=<DivBackward0>)
Memory status after this epoch: 
Memory allocated:  1.6171875
Memory cached:  8.0
	 epoch  80 training error:  tensor(0.0263, device='cuda:0', grad_fn=<DivBackward0>)
Memory status after this epoch: 
Memory allocated:  1.6171875
Memory cached:  8.0
	 epoch  90 training error:  tensor(0.0225, device='cuda:0', grad_fn=<DivBackward0>)
Memory status after this epoch: 
Memory allocated:  1.6171875
Memory cached:  8.0
[I 2023-11-03 22:09:36,740] Trial 49 finished with value: 0.028072837740182877 and parameters: {'W_layers': 5, 'W_layer_units_exponent_0': 7, 'W_layer_units_exponent_1': 4, 'W_layer_units_exponent_2': 4, 'W_layer_units_exponent_3': 4, 'W_layer_units_exponent_4': 4, 'D_layers': 8, 'D_layer_units_exponent_0': 10, 'D_layer_units_exponent_1': 5, 'D_layer_units_exponent_2': 10, 'D_layer_units_exponent_3': 8, 'D_layer_units_exponent_4': 7, 'D_layer_units_exponent_5': 5, 'D_layer_units_exponent_6': 8, 'D_layer_units_exponent_7': 5, 'log_learning_rate': -2.189669736340152, 'log_learning_rate_D': -2.1405703424696685, 'training_batch_size': 7, 'training_p': 2}. Best is trial 27 with value: 0.017602866515517235.
[I 2023-11-03 22:09:36,741] A new study created in memory with name: no-name-c4ba1127-7807-4a65-a35b-155212a02654
Time for this trial:  16.381476402282715
Memory status after this trial: 
Memory allocated:  10.40966796875
Memory cached:  14.0
--------------------  Trial  0   --------------------
Start timing: 
Parameters: 
{'W_layers': 7, 'W_layer_units_exponent_0': 10, 'W_layer_units_exponent_1': 9, 'W_layer_units_exponent_2': 10, 'W_layer_units_exponent_3': 8, 'W_layer_units_exponent_4': 9, 'W_layer_units_exponent_5': 9, 'W_layer_units_exponent_6': 4, 'D_layers': 6, 'D_layer_units_exponent_0': 7, 'D_layer_units_exponent_1': 5, 'D_layer_units_exponent_2': 6, 'D_layer_units_exponent_3': 5, 'D_layer_units_exponent_4': 9, 'D_layer_units_exponent_5': 4, 'log_learning_rate': -3.5767371445511285, 'log_learning_rate_D': -3.2760571088782826, 'training_batch_size': 11, 'training_p': 3}
	 epoch  0 training error:  tensor(1.0068, device='cuda:0', grad_fn=<DivBackward0>)
Memory status after this epoch: 
Memory allocated:  26.7763671875
Memory cached:  44.0
	 epoch  10 training error:  tensor(0.2922, device='cuda:0', grad_fn=<DivBackward0>)
Memory status after this epoch: 
Memory allocated:  26.7763671875
Memory cached:  52.0
	 epoch  20 training error:  tensor(0.0567, device='cuda:0', grad_fn=<DivBackward0>)
Memory status after this epoch: 
Memory allocated:  26.7763671875
Memory cached:  50.0
	 epoch  30 training error:  tensor(0.0441, device='cuda:0', grad_fn=<DivBackward0>)
Memory status after this epoch: 
Memory allocated:  26.7763671875
Memory cached:  50.0
	 epoch  40 training error:  tensor(0.0357, device='cuda:0', grad_fn=<DivBackward0>)
Memory status after this epoch: 
Memory allocated:  26.7763671875
Memory cached:  50.0
	 epoch  50 training error:  tensor(0.0333, device='cuda:0', grad_fn=<DivBackward0>)
Memory status after this epoch: 
Memory allocated:  26.7763671875
Memory cached:  50.0
	 epoch  60 training error:  tensor(0.0309, device='cuda:0', grad_fn=<DivBackward0>)
Memory status after this epoch: 
Memory allocated:  26.7763671875
Memory cached:  50.0
	 epoch  70 training error:  tensor(0.0317, device='cuda:0', grad_fn=<DivBackward0>)
Memory status after this epoch: 
Memory allocated:  26.7763671875
Memory cached:  50.0
	 epoch  80 training error:  tensor(0.0256, device='cuda:0', grad_fn=<DivBackward0>)
Memory status after this epoch: 
Memory allocated:  26.7763671875
Memory cached:  50.0
	 epoch  90 training error:  tensor(0.0259, device='cuda:0', grad_fn=<DivBackward0>)
Memory status after this epoch: 
Memory allocated:  26.7763671875
Memory cached:  50.0
[I 2023-11-03 22:12:40,488] Trial 0 finished with value: 0.01793208345770836 and parameters: {'W_layers': 7, 'W_layer_units_exponent_0': 10, 'W_layer_units_exponent_1': 9, 'W_layer_units_exponent_2': 10, 'W_layer_units_exponent_3': 8, 'W_layer_units_exponent_4': 9, 'W_layer_units_exponent_5': 9, 'W_layer_units_exponent_6': 4, 'D_layers': 6, 'D_layer_units_exponent_0': 7, 'D_layer_units_exponent_1': 5, 'D_layer_units_exponent_2': 6, 'D_layer_units_exponent_3': 5, 'D_layer_units_exponent_4': 9, 'D_layer_units_exponent_5': 4, 'log_learning_rate': -3.5767371445511285, 'log_learning_rate_D': -3.2760571088782826, 'training_batch_size': 11, 'training_p': 3}. Best is trial 0 with value: 0.01793208345770836.
Time for this trial:  183.62614917755127
Memory status after this trial: 
Memory allocated:  261.75439453125
Memory cached:  280.0
--------------------  Trial  1   --------------------
Start timing: 
Parameters: 
{'W_layers': 8, 'W_layer_units_exponent_0': 5, 'W_layer_units_exponent_1': 9, 'W_layer_units_exponent_2': 6, 'W_layer_units_exponent_3': 8, 'W_layer_units_exponent_4': 9, 'W_layer_units_exponent_5': 9, 'W_layer_units_exponent_6': 10, 'W_layer_units_exponent_7': 8, 'D_layers': 5, 'D_layer_units_exponent_0': 4, 'D_layer_units_exponent_1': 5, 'D_layer_units_exponent_2': 9, 'D_layer_units_exponent_3': 8, 'D_layer_units_exponent_4': 9, 'log_learning_rate': -2.5717824979665007, 'log_learning_rate_D': -1.0015929721301418, 'training_batch_size': 6, 'training_p': 3}
	 epoch  0 training error:  tensor(0.8539, device='cuda:0', grad_fn=<DivBackward0>)
Memory status after this epoch: 
Memory allocated:  23.3603515625
Memory cached:  46.0
	 epoch  10 training error:  tensor(1., device='cuda:0', grad_fn=<DivBackward0>)
Memory status after this epoch: 
Memory allocated:  23.3603515625
Memory cached:  46.0
	 epoch  20 training error:  tensor(1., device='cuda:0', grad_fn=<DivBackward0>)
Memory status after this epoch: 
Memory allocated:  23.3603515625
Memory cached:  46.0
	 epoch  30 training error:  tensor(1., device='cuda:0', grad_fn=<DivBackward0>)
Memory status after this epoch: 
Memory allocated:  23.3603515625
Memory cached:  46.0
	 epoch  40 training error:  tensor(1., device='cuda:0', grad_fn=<DivBackward0>)
Memory status after this epoch: 
Memory allocated:  23.3603515625
Memory cached:  46.0
	 epoch  50 training error:  tensor(1., device='cuda:0', grad_fn=<DivBackward0>)
Memory status after this epoch: 
Memory allocated:  23.3603515625
Memory cached:  46.0
	 epoch  60 training error:  tensor(1., device='cuda:0', grad_fn=<DivBackward0>)
Memory status after this epoch: 
Memory allocated:  23.3603515625
Memory cached:  46.0
	 epoch  70 training error:  tensor(1., device='cuda:0', grad_fn=<DivBackward0>)
Memory status after this epoch: 
Memory allocated:  23.3603515625
Memory cached:  46.0
	 epoch  80 training error:  tensor(1., device='cuda:0', grad_fn=<DivBackward0>)
Memory status after this epoch: 
Memory allocated:  23.3603515625
Memory cached:  46.0
	 epoch  90 training error:  tensor(1., device='cuda:0', grad_fn=<DivBackward0>)
Memory status after this epoch: 
Memory allocated:  23.3603515625
Memory cached:  46.0
[I 2023-11-03 22:18:00,201] Trial 1 finished with value: 1.0 and parameters: {'W_layers': 8, 'W_layer_units_exponent_0': 5, 'W_layer_units_exponent_1': 9, 'W_layer_units_exponent_2': 6, 'W_layer_units_exponent_3': 8, 'W_layer_units_exponent_4': 9, 'W_layer_units_exponent_5': 9, 'W_layer_units_exponent_6': 10, 'W_layer_units_exponent_7': 8, 'D_layers': 5, 'D_layer_units_exponent_0': 4, 'D_layer_units_exponent_1': 5, 'D_layer_units_exponent_2': 9, 'D_layer_units_exponent_3': 8, 'D_layer_units_exponent_4': 9, 'log_learning_rate': -2.5717824979665007, 'log_learning_rate_D': -1.0015929721301418, 'training_batch_size': 6, 'training_p': 3}. Best is trial 0 with value: 0.01793208345770836.
Time for this trial:  319.5543761253357
Memory status after this trial: 
Memory allocated:  251.9072265625
Memory cached:  276.0
--------------------  Trial  2   --------------------
Start timing: 
Parameters: 
{'W_layers': 3, 'W_layer_units_exponent_0': 9, 'W_layer_units_exponent_1': 4, 'W_layer_units_exponent_2': 9, 'D_layers': 4, 'D_layer_units_exponent_0': 4, 'D_layer_units_exponent_1': 9, 'D_layer_units_exponent_2': 4, 'D_layer_units_exponent_3': 6, 'log_learning_rate': -1.2214582948950992, 'log_learning_rate_D': -4.986406619212067, 'training_batch_size': 7, 'training_p': 7}
	 epoch  0 training error:  tensor(1.0347, device='cuda:0', grad_fn=<DivBackward0>)
Memory status after this epoch: 
Memory allocated:  0.6103515625
Memory cached:  8.0
[W 2023-11-03 22:18:08,596] Trial 2 failed with parameters: {'W_layers': 3, 'W_layer_units_exponent_0': 9, 'W_layer_units_exponent_1': 4, 'W_layer_units_exponent_2': 9, 'D_layers': 4, 'D_layer_units_exponent_0': 4, 'D_layer_units_exponent_1': 9, 'D_layer_units_exponent_2': 4, 'D_layer_units_exponent_3': 6, 'log_learning_rate': -1.2214582948950992, 'log_learning_rate_D': -4.986406619212067, 'training_batch_size': 7, 'training_p': 7} because of the following error: KeyboardInterrupt().
Traceback (most recent call last):
  File "/home/shengduo/anaconda3/lib/python3.9/site-packages/optuna/study/_optimize.py", line 200, in _run_trial
    value_or_values = func(trial)
  File "/home/shengduo/RateAndStateWithPotential/TuneDimXi_logV.py", line 339, in objective
    avg_training_loss = train1Epoch(trainDataLoader, Loss, myWD, params['training_p'])
  File "/home/shengduo/RateAndStateWithPotential/TuneDimXi_logV.py", line 208, in train1Epoch
    loss.backward()
  File "/home/shengduo/anaconda3/lib/python3.9/site-packages/torch/_tensor.py", line 396, in backward
    torch.autograd.backward(self, gradient, retain_graph, create_graph, inputs=inputs)
  File "/home/shengduo/anaconda3/lib/python3.9/site-packages/torch/autograd/__init__.py", line 173, in backward
    Variable._execution_engine.run_backward(  # Calls into the C++ engine to run the backward pass
KeyboardInterrupt
[W 2023-11-03 22:18:08,598] Trial 2 failed with value None.
Traceback (most recent call last):
  File "/home/shengduo/RateAndStateWithPotential/TuneDimXi_logV.py", line 384, in <module>
    this_study.optimize(myOpt.objective, n_trials=50)
  File "/home/shengduo/anaconda3/lib/python3.9/site-packages/optuna/study/study.py", line 442, in optimize
    _optimize(
  File "/home/shengduo/anaconda3/lib/python3.9/site-packages/optuna/study/_optimize.py", line 66, in _optimize
    _optimize_sequential(
  File "/home/shengduo/anaconda3/lib/python3.9/site-packages/optuna/study/_optimize.py", line 163, in _optimize_sequential
    frozen_trial = _run_trial(study, func, catch)
  File "/home/shengduo/anaconda3/lib/python3.9/site-packages/optuna/study/_optimize.py", line 251, in _run_trial
    raise func_err
  File "/home/shengduo/anaconda3/lib/python3.9/site-packages/optuna/study/_optimize.py", line 200, in _run_trial
    value_or_values = func(trial)
  File "/home/shengduo/RateAndStateWithPotential/TuneDimXi_logV.py", line 339, in objective
    avg_training_loss = train1Epoch(trainDataLoader, Loss, myWD, params['training_p'])
  File "/home/shengduo/RateAndStateWithPotential/TuneDimXi_logV.py", line 208, in train1Epoch
    loss.backward()
  File "/home/shengduo/anaconda3/lib/python3.9/site-packages/torch/_tensor.py", line 396, in backward
    torch.autograd.backward(self, gradient, retain_graph, create_graph, inputs=inputs)
  File "/home/shengduo/anaconda3/lib/python3.9/site-packages/torch/autograd/__init__.py", line 173, in backward
    Variable._execution_engine.run_backward(  # Calls into the C++ engine to run the backward pass
KeyboardInterrupt
