[I 2023-10-30 12:58:56,935] Trial 20 finished with value: 0.9941161274909973 and parameters: {'W_layers': 3, 'W_layer_units_exponent_0': 4, 'W_layer_units_exponent_1': 4, 'W_layer_units_exponent_2': 4, 'D_layers': 3, 'D_layer_units_exponent_0': 7, 'D_layer_units_exponent_1': 8, 'D_layer_units_exponent_2': 8, 'log_learning_rate': -4.0936411980165595, 'log_learning_rate_D': -4.886494141600042, 'training_batch_size': 6, 'training_p': 8}. Best is trial 2 with value: 0.23701313138008118.
Time for this trial:  190.00642108917236
Memory status after this trial: 
Memory allocated:  38.3427734375
Memory cached:  40.0
--------------------  Trial  21   --------------------
Start timing: 
Parameters: 
{'W_layers': 5, 'W_layer_units_exponent_0': 10, 'W_layer_units_exponent_1': 8, 'W_layer_units_exponent_2': 6, 'W_layer_units_exponent_3': 7, 'W_layer_units_exponent_4': 4, 'D_layers': 2, 'D_layer_units_exponent_0': 6, 'D_layer_units_exponent_1': 4, 'log_learning_rate': -2.9643781402128297, 'log_learning_rate_D': -3.925075372539056, 'training_batch_size': 6, 'training_p': 6}
	 epoch  0 training error:  tensor(1.0000, device='cuda:0', grad_fn=<DivBackward0>)
Memory status after this epoch: 
Memory allocated:  4.5166015625
Memory cached:  16.0
	 epoch  10 training error:  tensor(0.7893, device='cuda:0', grad_fn=<DivBackward0>)
Memory status after this epoch: 
Memory allocated:  4.5166015625
Memory cached:  16.0
	 epoch  20 training error:  tensor(0.3777, device='cuda:0', grad_fn=<DivBackward0>)
Memory status after this epoch: 
Memory allocated:  4.5166015625
Memory cached:  16.0
	 epoch  30 training error:  tensor(0.3022, device='cuda:0', grad_fn=<DivBackward0>)
Memory status after this epoch: 
Memory allocated:  4.5166015625
Memory cached:  16.0
	 epoch  40 training error:  tensor(0.2586, device='cuda:0', grad_fn=<DivBackward0>)
Memory status after this epoch: 
Memory allocated:  4.5166015625
Memory cached:  16.0
	 epoch  50 training error:  tensor(0.2590, device='cuda:0', grad_fn=<DivBackward0>)
Memory status after this epoch: 
Memory allocated:  4.5166015625
Memory cached:  16.0
	 epoch  60 training error:  tensor(0.2546, device='cuda:0', grad_fn=<DivBackward0>)
Memory status after this epoch: 
Memory allocated:  4.5166015625
Memory cached:  16.0
	 epoch  70 training error:  tensor(0.2546, device='cuda:0', grad_fn=<DivBackward0>)
Memory status after this epoch: 
Memory allocated:  4.5166015625
Memory cached:  16.0
	 epoch  80 training error:  tensor(0.2551, device='cuda:0', grad_fn=<DivBackward0>)
Memory status after this epoch: 
Memory allocated:  4.5166015625
Memory cached:  16.0
	 epoch  90 training error:  tensor(0.2566, device='cuda:0', grad_fn=<DivBackward0>)
Memory status after this epoch: 
Memory allocated:  4.5166015625
Memory cached:  16.0
[I 2023-10-30 13:02:27,379] Trial 21 finished with value: 0.24004928767681122 and parameters: {'W_layers': 5, 'W_layer_units_exponent_0': 10, 'W_layer_units_exponent_1': 8, 'W_layer_units_exponent_2': 6, 'W_layer_units_exponent_3': 7, 'W_layer_units_exponent_4': 4, 'D_layers': 2, 'D_layer_units_exponent_0': 6, 'D_layer_units_exponent_1': 4, 'log_learning_rate': -2.9643781402128297, 'log_learning_rate_D': -3.925075372539056, 'training_batch_size': 6, 'training_p': 6}. Best is trial 2 with value: 0.23701313138008118.
Time for this trial:  210.25752568244934
Memory status after this trial: 
Memory allocated:  86.95068359375
Memory cached:  90.0
--------------------  Trial  22   --------------------
Start timing: 
Parameters: 
{'W_layers': 3, 'W_layer_units_exponent_0': 8, 'W_layer_units_exponent_1': 6, 'W_layer_units_exponent_2': 9, 'D_layers': 3, 'D_layer_units_exponent_0': 8, 'D_layer_units_exponent_1': 8, 'D_layer_units_exponent_2': 8, 'log_learning_rate': -4.844753443459315, 'log_learning_rate_D': -4.964877705915224, 'training_batch_size': 8, 'training_p': 7}
	 epoch  0 training error:  tensor(1.0000, device='cuda:0', grad_fn=<DivBackward0>)
Memory status after this epoch: 
Memory allocated:  2.84375
Memory cached:  8.0
	 epoch  10 training error:  tensor(0.9999, device='cuda:0', grad_fn=<DivBackward0>)
Memory status after this epoch: 
Memory allocated:  2.84375
Memory cached:  10.0
	 epoch  20 training error:  tensor(0.9999, device='cuda:0', grad_fn=<DivBackward0>)
Memory status after this epoch: 
Memory allocated:  2.84375
Memory cached:  10.0
	 epoch  30 training error:  tensor(0.9998, device='cuda:0', grad_fn=<DivBackward0>)
Memory status after this epoch: 
Memory allocated:  2.84375
Memory cached:  10.0
	 epoch  40 training error:  tensor(0.9997, device='cuda:0', grad_fn=<DivBackward0>)
Memory status after this epoch: 
Memory allocated:  2.84375
Memory cached:  10.0
	 epoch  50 training error:  tensor(0.9996, device='cuda:0', grad_fn=<DivBackward0>)
Memory status after this epoch: 
Memory allocated:  2.84375
Memory cached:  10.0
	 epoch  60 training error:  tensor(0.9995, device='cuda:0', grad_fn=<DivBackward0>)
Memory status after this epoch: 
Memory allocated:  2.84375
Memory cached:  10.0
	 epoch  70 training error:  tensor(0.9994, device='cuda:0', grad_fn=<DivBackward0>)
Memory status after this epoch: 
Memory allocated:  2.84375
Memory cached:  10.0
	 epoch  80 training error:  tensor(0.9992, device='cuda:0', grad_fn=<DivBackward0>)
Memory status after this epoch: 
Memory allocated:  2.84375
Memory cached:  10.0
	 epoch  90 training error:  tensor(0.9991, device='cuda:0', grad_fn=<DivBackward0>)
Memory status after this epoch: 
Memory allocated:  2.84375
Memory cached:  10.0
[I 2023-10-30 13:04:21,074] Trial 22 finished with value: 0.998727023601532 and parameters: {'W_layers': 3, 'W_layer_units_exponent_0': 8, 'W_layer_units_exponent_1': 6, 'W_layer_units_exponent_2': 9, 'D_layers': 3, 'D_layer_units_exponent_0': 8, 'D_layer_units_exponent_1': 8, 'D_layer_units_exponent_2': 8, 'log_learning_rate': -4.844753443459315, 'log_learning_rate_D': -4.964877705915224, 'training_batch_size': 8, 'training_p': 7}. Best is trial 2 with value: 0.23701313138008118.
Time for this trial:  113.5069968700409
Memory status after this trial: 
Memory allocated:  87.103515625
Memory cached:  90.0
--------------------  Trial  23   --------------------
Start timing: 
Parameters: 
{'W_layers': 4, 'W_layer_units_exponent_0': 4, 'W_layer_units_exponent_1': 10, 'W_layer_units_exponent_2': 5, 'W_layer_units_exponent_3': 7, 'D_layers': 2, 'D_layer_units_exponent_0': 7, 'D_layer_units_exponent_1': 5, 'log_learning_rate': -3.879974542288177, 'log_learning_rate_D': -3.333913163035886, 'training_batch_size': 7, 'training_p': 4}
	 epoch  0 training error:  tensor(1.0000, device='cuda:0', grad_fn=<DivBackward0>)
Memory status after this epoch: 
Memory allocated:  0.947265625
Memory cached:  8.0
	 epoch  10 training error:  tensor(0.9999, device='cuda:0', grad_fn=<DivBackward0>)
Memory status after this epoch: 
Memory allocated:  0.947265625
Memory cached:  10.0
	 epoch  20 training error:  tensor(0.9995, device='cuda:0', grad_fn=<DivBackward0>)
Memory status after this epoch: 
Memory allocated:  0.947265625
Memory cached:  10.0
	 epoch  30 training error:  tensor(0.9987, device='cuda:0', grad_fn=<DivBackward0>)
Memory status after this epoch: 
Memory allocated:  0.947265625
Memory cached:  10.0
	 epoch  40 training error:  tensor(0.9968, device='cuda:0', grad_fn=<DivBackward0>)
Memory status after this epoch: 
Memory allocated:  0.947265625
Memory cached:  10.0
	 epoch  50 training error:  tensor(0.9923, device='cuda:0', grad_fn=<DivBackward0>)
Memory status after this epoch: 
Memory allocated:  0.947265625
Memory cached:  10.0
	 epoch  60 training error:  tensor(0.9800, device='cuda:0', grad_fn=<DivBackward0>)
Memory status after this epoch: 
Memory allocated:  0.947265625
Memory cached:  10.0
	 epoch  70 training error:  tensor(0.9319, device='cuda:0', grad_fn=<DivBackward0>)
Memory status after this epoch: 
Memory allocated:  0.947265625
Memory cached:  10.0
	 epoch  80 training error:  tensor(0.7256, device='cuda:0', grad_fn=<DivBackward0>)
Memory status after this epoch: 
Memory allocated:  0.947265625
Memory cached:  10.0
	 epoch  90 training error:  tensor(0.4830, device='cuda:0', grad_fn=<DivBackward0>)
Memory status after this epoch: 
Memory allocated:  0.947265625
Memory cached:  10.0
[I 2023-10-30 13:06:09,266] Trial 23 finished with value: 0.2752928137779236 and parameters: {'W_layers': 4, 'W_layer_units_exponent_0': 4, 'W_layer_units_exponent_1': 10, 'W_layer_units_exponent_2': 5, 'W_layer_units_exponent_3': 7, 'D_layers': 2, 'D_layer_units_exponent_0': 7, 'D_layer_units_exponent_1': 5, 'log_learning_rate': -3.879974542288177, 'log_learning_rate_D': -3.333913163035886, 'training_batch_size': 7, 'training_p': 4}. Best is trial 2 with value: 0.23701313138008118.
Time for this trial:  107.99870133399963
Memory status after this trial: 
Memory allocated:  73.83349609375
Memory cached:  76.0
--------------------  Trial  24   --------------------
Start timing: 
Parameters: 
{'W_layers': 3, 'W_layer_units_exponent_0': 9, 'W_layer_units_exponent_1': 8, 'W_layer_units_exponent_2': 8, 'D_layers': 3, 'D_layer_units_exponent_0': 5, 'D_layer_units_exponent_1': 7, 'D_layer_units_exponent_2': 8, 'log_learning_rate': -3.155262575117784, 'log_learning_rate_D': -4.239541518692733, 'training_batch_size': 10, 'training_p': 7}
	 epoch  0 training error:  tensor(1.0000, device='cuda:0', grad_fn=<DivBackward0>)
Memory status after this epoch: 
Memory allocated:  3.65625
Memory cached:  8.0
	 epoch  10 training error:  tensor(0.9710, device='cuda:0', grad_fn=<DivBackward0>)
Memory status after this epoch: 
Memory allocated:  3.65625
Memory cached:  10.0
	 epoch  20 training error:  tensor(0.2603, device='cuda:0', grad_fn=<DivBackward0>)
Memory status after this epoch: 
Memory allocated:  3.65625
Memory cached:  10.0
	 epoch  30 training error:  tensor(0.2737, device='cuda:0', grad_fn=<DivBackward0>)
Memory status after this epoch: 
Memory allocated:  3.65625
Memory cached:  10.0
	 epoch  40 training error:  tensor(0.2882, device='cuda:0', grad_fn=<DivBackward0>)
Memory status after this epoch: 
Memory allocated:  3.65625
Memory cached:  10.0
	 epoch  50 training error:  tensor(0.2578, device='cuda:0', grad_fn=<DivBackward0>)
Memory status after this epoch: 
Memory allocated:  3.65625
Memory cached:  10.0
	 epoch  60 training error:  tensor(0.2564, device='cuda:0', grad_fn=<DivBackward0>)
Memory status after this epoch: 
Memory allocated:  3.65625
Memory cached:  10.0
	 epoch  70 training error:  tensor(0.2567, device='cuda:0', grad_fn=<DivBackward0>)
Memory status after this epoch: 
Memory allocated:  3.65625
Memory cached:  10.0
	 epoch  80 training error:  tensor(0.2563, device='cuda:0', grad_fn=<DivBackward0>)
Memory status after this epoch: 
Memory allocated:  3.65625
Memory cached:  10.0
	 epoch  90 training error:  tensor(0.2562, device='cuda:0', grad_fn=<DivBackward0>)
Memory status after this epoch: 
Memory allocated:  3.65625
Memory cached:  10.0
[I 2023-10-30 13:07:58,546] Trial 24 finished with value: 0.2367389053106308 and parameters: {'W_layers': 3, 'W_layer_units_exponent_0': 9, 'W_layer_units_exponent_1': 8, 'W_layer_units_exponent_2': 8, 'D_layers': 3, 'D_layer_units_exponent_0': 5, 'D_layer_units_exponent_1': 7, 'D_layer_units_exponent_2': 8, 'log_learning_rate': -3.155262575117784, 'log_learning_rate_D': -4.239541518692733, 'training_batch_size': 10, 'training_p': 7}. Best is trial 24 with value: 0.2367389053106308.
Time for this trial:  109.09648871421814
Memory status after this trial: 
Memory allocated:  79.15283203125
Memory cached:  82.0
--------------------  Trial  25   --------------------
Start timing: 
Parameters: 
{'W_layers': 3, 'W_layer_units_exponent_0': 9, 'W_layer_units_exponent_1': 8, 'W_layer_units_exponent_2': 8, 'D_layers': 5, 'D_layer_units_exponent_0': 5, 'D_layer_units_exponent_1': 8, 'D_layer_units_exponent_2': 6, 'D_layer_units_exponent_3': 10, 'D_layer_units_exponent_4': 10, 'log_learning_rate': -3.0154758087914293, 'log_learning_rate_D': -4.099753952758496, 'training_batch_size': 10, 'training_p': 7}
	 epoch  0 training error:  tensor(0.9999, device='cuda:0', grad_fn=<DivBackward0>)
Memory status after this epoch: 
Memory allocated:  20.51171875
Memory cached:  36.0
	 epoch  10 training error:  tensor(0.7147, device='cuda:0', grad_fn=<DivBackward0>)
Memory status after this epoch: 
Memory allocated:  20.51171875
Memory cached:  38.0
	 epoch  20 training error:  tensor(0.2956, device='cuda:0', grad_fn=<DivBackward0>)
Memory status after this epoch: 
Memory allocated:  20.51171875
Memory cached:  38.0
	 epoch  30 training error:  tensor(0.2669, device='cuda:0', grad_fn=<DivBackward0>)
Memory status after this epoch: 
Memory allocated:  20.51171875
Memory cached:  38.0
	 epoch  40 training error:  tensor(0.2601, device='cuda:0', grad_fn=<DivBackward0>)
Memory status after this epoch: 
Memory allocated:  20.51171875
Memory cached:  38.0
	 epoch  50 training error:  tensor(0.2574, device='cuda:0', grad_fn=<DivBackward0>)
Memory status after this epoch: 
Memory allocated:  20.51171875
Memory cached:  38.0
	 epoch  60 training error:  tensor(0.2564, device='cuda:0', grad_fn=<DivBackward0>)
Memory status after this epoch: 
Memory allocated:  20.51171875
Memory cached:  38.0
	 epoch  70 training error:  tensor(0.2562, device='cuda:0', grad_fn=<DivBackward0>)
Memory status after this epoch: 
Memory allocated:  20.51171875
Memory cached:  38.0
	 epoch  80 training error:  tensor(0.2562, device='cuda:0', grad_fn=<DivBackward0>)
Memory status after this epoch: 
Memory allocated:  20.51171875
Memory cached:  38.0
	 epoch  90 training error:  tensor(0.2562, device='cuda:0', grad_fn=<DivBackward0>)
Memory status after this epoch: 
Memory allocated:  20.51171875
Memory cached:  38.0
[I 2023-10-30 13:10:18,486] Trial 25 finished with value: 0.2371620237827301 and parameters: {'W_layers': 3, 'W_layer_units_exponent_0': 9, 'W_layer_units_exponent_1': 8, 'W_layer_units_exponent_2': 8, 'D_layers': 5, 'D_layer_units_exponent_0': 5, 'D_layer_units_exponent_1': 8, 'D_layer_units_exponent_2': 6, 'D_layer_units_exponent_3': 10, 'D_layer_units_exponent_4': 10, 'log_learning_rate': -3.0154758087914293, 'log_learning_rate_D': -4.099753952758496, 'training_batch_size': 10, 'training_p': 7}. Best is trial 24 with value: 0.2367389053106308.
Time for this trial:  139.75297284126282
Memory status after this trial: 
Memory allocated:  192.47802734375
Memory cached:  208.0
--------------------  Trial  26   --------------------
Start timing: 
Parameters: 
{'W_layers': 3, 'W_layer_units_exponent_0': 9, 'W_layer_units_exponent_1': 8, 'W_layer_units_exponent_2': 7, 'D_layers': 2, 'D_layer_units_exponent_0': 5, 'D_layer_units_exponent_1': 7, 'log_learning_rate': -2.4563511963292837, 'log_learning_rate_D': -3.2295129913989453, 'training_batch_size': 10, 'training_p': 8}
	 epoch  0 training error:  tensor(1.0001, device='cuda:0', grad_fn=<DivBackward0>)
Memory status after this epoch: 
Memory allocated:  2.646484375
Memory cached:  8.0
	 epoch  10 training error:  tensor(0.9468, device='cuda:0', grad_fn=<DivBackward0>)
Memory status after this epoch: 
Memory allocated:  2.646484375
Memory cached:  12.0
	 epoch  20 training error:  tensor(0.6631, device='cuda:0', grad_fn=<DivBackward0>)
Memory status after this epoch: 
Memory allocated:  2.646484375
Memory cached:  12.0
	 epoch  30 training error:  tensor(0.4282, device='cuda:0', grad_fn=<DivBackward0>)
Memory status after this epoch: 
Memory allocated:  2.646484375
Memory cached:  12.0
	 epoch  40 training error:  tensor(0.2845, device='cuda:0', grad_fn=<DivBackward0>)
Memory status after this epoch: 
Memory allocated:  2.646484375
Memory cached:  12.0
	 epoch  50 training error:  tensor(0.2620, device='cuda:0', grad_fn=<DivBackward0>)
Memory status after this epoch: 
Memory allocated:  2.646484375
Memory cached:  12.0
	 epoch  60 training error:  tensor(0.2590, device='cuda:0', grad_fn=<DivBackward0>)
Memory status after this epoch: 
Memory allocated:  2.646484375
Memory cached:  12.0
	 epoch  70 training error:  tensor(0.2589, device='cuda:0', grad_fn=<DivBackward0>)
Memory status after this epoch: 
Memory allocated:  2.646484375
Memory cached:  12.0
	 epoch  80 training error:  tensor(0.2580, device='cuda:0', grad_fn=<DivBackward0>)
Memory status after this epoch: 
Memory allocated:  2.646484375
Memory cached:  12.0
	 epoch  90 training error:  tensor(0.2573, device='cuda:0', grad_fn=<DivBackward0>)
Memory status after this epoch: 
Memory allocated:  2.646484375
Memory cached:  12.0
[I 2023-10-30 13:12:00,270] Trial 26 finished with value: 0.2366243451833725 and parameters: {'W_layers': 3, 'W_layer_units_exponent_0': 9, 'W_layer_units_exponent_1': 8, 'W_layer_units_exponent_2': 7, 'D_layers': 2, 'D_layer_units_exponent_0': 5, 'D_layer_units_exponent_1': 7, 'log_learning_rate': -2.4563511963292837, 'log_learning_rate_D': -3.2295129913989453, 'training_batch_size': 10, 'training_p': 8}. Best is trial 26 with value: 0.2366243451833725.
Time for this trial:  101.60422396659851
Memory status after this trial: 
Memory allocated:  58.27685546875
Memory cached:  60.0
--------------------  Trial  27   --------------------
Start timing: 
Parameters: 
{'W_layers': 3, 'W_layer_units_exponent_0': 8, 'W_layer_units_exponent_1': 8, 'W_layer_units_exponent_2': 8, 'D_layers': 3, 'D_layer_units_exponent_0': 5, 'D_layer_units_exponent_1': 9, 'D_layer_units_exponent_2': 9, 'log_learning_rate': -2.1966162029638054, 'log_learning_rate_D': -3.1858912976219114, 'training_batch_size': 10, 'training_p': 8}
	 epoch  0 training error:  tensor(1.0001, device='cuda:0', grad_fn=<DivBackward0>)
Memory status after this epoch: 
Memory allocated:  6.341796875
Memory cached:  14.0
	 epoch  10 training error:  tensor(0.5217, device='cuda:0', grad_fn=<DivBackward0>)
Memory status after this epoch: 
Memory allocated:  6.341796875
Memory cached:  20.0
	 epoch  20 training error:  tensor(0.4438, device='cuda:0', grad_fn=<DivBackward0>)
Memory status after this epoch: 
Memory allocated:  6.341796875
Memory cached:  18.0
	 epoch  30 training error:  tensor(0.2831, device='cuda:0', grad_fn=<DivBackward0>)
Memory status after this epoch: 
Memory allocated:  6.341796875
Memory cached:  20.0
	 epoch  40 training error:  tensor(0.2575, device='cuda:0', grad_fn=<DivBackward0>)
Memory status after this epoch: 
Memory allocated:  6.341796875
Memory cached:  18.0
	 epoch  50 training error:  tensor(0.2590, device='cuda:0', grad_fn=<DivBackward0>)
Memory status after this epoch: 
Memory allocated:  6.341796875
Memory cached:  18.0
	 epoch  60 training error:  tensor(0.2609, device='cuda:0', grad_fn=<DivBackward0>)
Memory status after this epoch: 
Memory allocated:  6.341796875
Memory cached:  18.0
	 epoch  70 training error:  tensor(0.2575, device='cuda:0', grad_fn=<DivBackward0>)
Memory status after this epoch: 
Memory allocated:  6.341796875
Memory cached:  20.0
	 epoch  80 training error:  tensor(0.2577, device='cuda:0', grad_fn=<DivBackward0>)
Memory status after this epoch: 
Memory allocated:  6.341796875
Memory cached:  22.0
	 epoch  90 training error:  tensor(0.2573, device='cuda:0', grad_fn=<DivBackward0>)
Memory status after this epoch: 
Memory allocated:  6.341796875
Memory cached:  18.0
