[I 2023-11-01 16:51:21,956] Trial 27 finished with value: 0.2295713722705841 and parameters: {'W_layers': 8, 'W_layer_units_exponent_0': 9, 'W_layer_units_exponent_1': 10, 'W_layer_units_exponent_2': 6, 'W_layer_units_exponent_3': 10, 'W_layer_units_exponent_4': 6, 'W_layer_units_exponent_5': 5, 'W_layer_units_exponent_6': 9, 'W_layer_units_exponent_7': 4, 'D_layers': 7, 'D_layer_units_exponent_0': 6, 'D_layer_units_exponent_1': 8, 'D_layer_units_exponent_2': 6, 'D_layer_units_exponent_3': 7, 'D_layer_units_exponent_4': 9, 'D_layer_units_exponent_5': 8, 'D_layer_units_exponent_6': 4, 'log_learning_rate': -2.8505594369971528, 'log_learning_rate_D': -1.0203960701121453, 'training_batch_size': 9, 'training_p': 5}. Best is trial 12 with value: 0.22162218391895294.
Time for this trial:  195.6079225540161
Memory status after this trial: 
Memory allocated:  250.59521484375
Memory cached:  272.0
--------------------  Trial  28   --------------------
Start timing: 
Parameters: 
{'W_layers': 7, 'W_layer_units_exponent_0': 8, 'W_layer_units_exponent_1': 9, 'W_layer_units_exponent_2': 5, 'W_layer_units_exponent_3': 9, 'W_layer_units_exponent_4': 9, 'W_layer_units_exponent_5': 7, 'W_layer_units_exponent_6': 6, 'D_layers': 5, 'D_layer_units_exponent_0': 4, 'D_layer_units_exponent_1': 5, 'D_layer_units_exponent_2': 5, 'D_layer_units_exponent_3': 9, 'D_layer_units_exponent_4': 10, 'log_learning_rate': -4.612019411455024, 'log_learning_rate_D': -1.5448091839153697, 'training_batch_size': 11, 'training_p': 6}
	 epoch  0 training error:  tensor(0.9955, device='cuda:0', grad_fn=<DivBackward0>)
Memory status after this epoch: 
Memory allocated:  16.0380859375
Memory cached:  36.0
	 epoch  10 training error:  tensor(0.9219, device='cuda:0', grad_fn=<DivBackward0>)
Memory status after this epoch: 
Memory allocated:  16.0380859375
Memory cached:  38.0
	 epoch  20 training error:  tensor(0.7923, device='cuda:0', grad_fn=<DivBackward0>)
Memory status after this epoch: 
Memory allocated:  16.0380859375
Memory cached:  38.0
	 epoch  30 training error:  tensor(0.5582, device='cuda:0', grad_fn=<DivBackward0>)
Memory status after this epoch: 
Memory allocated:  16.0380859375
Memory cached:  38.0
	 epoch  40 training error:  tensor(0.2583, device='cuda:0', grad_fn=<DivBackward0>)
Memory status after this epoch: 
Memory allocated:  16.0380859375
Memory cached:  38.0
	 epoch  50 training error:  tensor(0.2713, device='cuda:0', grad_fn=<DivBackward0>)
Memory status after this epoch: 
Memory allocated:  16.0380859375
Memory cached:  38.0
	 epoch  60 training error:  tensor(0.2720, device='cuda:0', grad_fn=<DivBackward0>)
Memory status after this epoch: 
Memory allocated:  16.0380859375
Memory cached:  38.0
	 epoch  70 training error:  tensor(0.2621, device='cuda:0', grad_fn=<DivBackward0>)
Memory status after this epoch: 
Memory allocated:  16.0380859375
Memory cached:  38.0
	 epoch  80 training error:  tensor(0.2584, device='cuda:0', grad_fn=<DivBackward0>)
Memory status after this epoch: 
Memory allocated:  16.0380859375
Memory cached:  38.0
	 epoch  90 training error:  tensor(0.2577, device='cuda:0', grad_fn=<DivBackward0>)
Memory status after this epoch: 
Memory allocated:  16.0380859375
Memory cached:  38.0
[I 2023-11-01 16:54:13,530] Trial 28 finished with value: 0.22930467128753662 and parameters: {'W_layers': 7, 'W_layer_units_exponent_0': 8, 'W_layer_units_exponent_1': 9, 'W_layer_units_exponent_2': 5, 'W_layer_units_exponent_3': 9, 'W_layer_units_exponent_4': 9, 'W_layer_units_exponent_5': 7, 'W_layer_units_exponent_6': 6, 'D_layers': 5, 'D_layer_units_exponent_0': 4, 'D_layer_units_exponent_1': 5, 'D_layer_units_exponent_2': 5, 'D_layer_units_exponent_3': 9, 'D_layer_units_exponent_4': 10, 'log_learning_rate': -4.612019411455024, 'log_learning_rate_D': -1.5448091839153697, 'training_batch_size': 11, 'training_p': 6}. Best is trial 12 with value: 0.22162218391895294.
Time for this trial:  171.30051589012146
Memory status after this trial: 
Memory allocated:  201.93798828125
Memory cached:  224.0
--------------------  Trial  29   --------------------
Start timing: 
Parameters: 
{'W_layers': 5, 'W_layer_units_exponent_0': 10, 'W_layer_units_exponent_1': 7, 'W_layer_units_exponent_2': 8, 'W_layer_units_exponent_3': 10, 'W_layer_units_exponent_4': 4, 'D_layers': 3, 'D_layer_units_exponent_0': 5, 'D_layer_units_exponent_1': 8, 'D_layer_units_exponent_2': 7, 'log_learning_rate': -3.9496306098909626, 'log_learning_rate_D': -2.4920613622329952, 'training_batch_size': 9, 'training_p': 8}
	 epoch  0 training error:  tensor(1.0073, device='cuda:0', grad_fn=<DivBackward0>)
Memory status after this epoch: 
Memory allocated:  7.5439453125
Memory cached:  18.0
	 epoch  10 training error:  tensor(0.4099, device='cuda:0', grad_fn=<DivBackward0>)
Memory status after this epoch: 
Memory allocated:  7.5439453125
Memory cached:  20.0
	 epoch  20 training error:  tensor(0.2684, device='cuda:0', grad_fn=<DivBackward0>)
Memory status after this epoch: 
Memory allocated:  7.5439453125
Memory cached:  20.0
	 epoch  30 training error:  tensor(0.2774, device='cuda:0', grad_fn=<DivBackward0>)
Memory status after this epoch: 
Memory allocated:  7.5439453125
Memory cached:  20.0
	 epoch  40 training error:  tensor(0.2613, device='cuda:0', grad_fn=<DivBackward0>)
Memory status after this epoch: 
Memory allocated:  7.5439453125
Memory cached:  20.0
	 epoch  50 training error:  tensor(0.2607, device='cuda:0', grad_fn=<DivBackward0>)
Memory status after this epoch: 
Memory allocated:  7.5439453125
Memory cached:  20.0
	 epoch  60 training error:  tensor(0.2609, device='cuda:0', grad_fn=<DivBackward0>)
Memory status after this epoch: 
Memory allocated:  7.5439453125
Memory cached:  20.0
	 epoch  70 training error:  tensor(0.2606, device='cuda:0', grad_fn=<DivBackward0>)
Memory status after this epoch: 
Memory allocated:  7.5439453125
Memory cached:  20.0
	 epoch  80 training error:  tensor(0.2604, device='cuda:0', grad_fn=<DivBackward0>)
Memory status after this epoch: 
Memory allocated:  7.5439453125
Memory cached:  20.0
	 epoch  90 training error:  tensor(0.2603, device='cuda:0', grad_fn=<DivBackward0>)
Memory status after this epoch: 
Memory allocated:  7.5439453125
Memory cached:  20.0
[I 2023-11-01 16:56:29,241] Trial 29 finished with value: 0.22897468507289886 and parameters: {'W_layers': 5, 'W_layer_units_exponent_0': 10, 'W_layer_units_exponent_1': 7, 'W_layer_units_exponent_2': 8, 'W_layer_units_exponent_3': 10, 'W_layer_units_exponent_4': 4, 'D_layers': 3, 'D_layer_units_exponent_0': 5, 'D_layer_units_exponent_1': 8, 'D_layer_units_exponent_2': 7, 'log_learning_rate': -3.9496306098909626, 'log_learning_rate_D': -2.4920613622329952, 'training_batch_size': 9, 'training_p': 8}. Best is trial 12 with value: 0.22162218391895294.
Time for this trial:  135.4883828163147
Memory status after this trial: 
Memory allocated:  157.31787109375
Memory cached:  162.0
--------------------  Trial  30   --------------------
Start timing: 
Parameters: 
{'W_layers': 8, 'W_layer_units_exponent_0': 10, 'W_layer_units_exponent_1': 10, 'W_layer_units_exponent_2': 4, 'W_layer_units_exponent_3': 6, 'W_layer_units_exponent_4': 10, 'W_layer_units_exponent_5': 8, 'W_layer_units_exponent_6': 9, 'W_layer_units_exponent_7': 8, 'D_layers': 2, 'D_layer_units_exponent_0': 7, 'D_layer_units_exponent_1': 4, 'log_learning_rate': -3.5789768990817907, 'log_learning_rate_D': -3.015515075782265, 'training_batch_size': 10, 'training_p': 7}
	 epoch  0 training error:  tensor(1.0003, device='cuda:0', grad_fn=<DivBackward0>)
Memory status after this epoch: 
Memory allocated:  25.4970703125
Memory cached:  38.0
	 epoch  10 training error:  tensor(0.3987, device='cuda:0', grad_fn=<DivBackward0>)
Memory status after this epoch: 
Memory allocated:  25.4970703125
Memory cached:  42.0
	 epoch  20 training error:  tensor(0.3058, device='cuda:0', grad_fn=<DivBackward0>)
Memory status after this epoch: 
Memory allocated:  25.4970703125
Memory cached:  42.0
	 epoch  30 training error:  tensor(0.2628, device='cuda:0', grad_fn=<DivBackward0>)
Memory status after this epoch: 
Memory allocated:  25.4970703125
Memory cached:  42.0
	 epoch  40 training error:  tensor(0.2667, device='cuda:0', grad_fn=<DivBackward0>)
Memory status after this epoch: 
Memory allocated:  25.4970703125
Memory cached:  42.0
	 epoch  50 training error:  tensor(0.2593, device='cuda:0', grad_fn=<DivBackward0>)
Memory status after this epoch: 
Memory allocated:  25.4970703125
Memory cached:  42.0
	 epoch  60 training error:  tensor(0.2593, device='cuda:0', grad_fn=<DivBackward0>)
Memory status after this epoch: 
Memory allocated:  25.4970703125
Memory cached:  42.0
	 epoch  70 training error:  tensor(0.2592, device='cuda:0', grad_fn=<DivBackward0>)
Memory status after this epoch: 
Memory allocated:  25.4970703125
Memory cached:  42.0
	 epoch  80 training error:  tensor(0.2590, device='cuda:0', grad_fn=<DivBackward0>)
Memory status after this epoch: 
Memory allocated:  25.4970703125
Memory cached:  42.0
	 epoch  90 training error:  tensor(0.2589, device='cuda:0', grad_fn=<DivBackward0>)
Memory status after this epoch: 
Memory allocated:  25.4970703125
Memory cached:  42.0
[I 2023-11-01 16:59:08,313] Trial 30 finished with value: 0.2314668446779251 and parameters: {'W_layers': 8, 'W_layer_units_exponent_0': 10, 'W_layer_units_exponent_1': 10, 'W_layer_units_exponent_2': 4, 'W_layer_units_exponent_3': 6, 'W_layer_units_exponent_4': 10, 'W_layer_units_exponent_5': 8, 'W_layer_units_exponent_6': 9, 'W_layer_units_exponent_7': 8, 'D_layers': 2, 'D_layer_units_exponent_0': 7, 'D_layer_units_exponent_1': 4, 'log_learning_rate': -3.5789768990817907, 'log_learning_rate_D': -3.015515075782265, 'training_batch_size': 10, 'training_p': 7}. Best is trial 12 with value: 0.22162218391895294.
Time for this trial:  158.84461069107056
Memory status after this trial: 
Memory allocated:  244.36767578125
Memory cached:  262.0
--------------------  Trial  31   --------------------
Start timing: 
Parameters: 
{'W_layers': 6, 'W_layer_units_exponent_0': 6, 'W_layer_units_exponent_1': 7, 'W_layer_units_exponent_2': 7, 'W_layer_units_exponent_3': 9, 'W_layer_units_exponent_4': 8, 'W_layer_units_exponent_5': 6, 'D_layers': 7, 'D_layer_units_exponent_0': 8, 'D_layer_units_exponent_1': 4, 'D_layer_units_exponent_2': 5, 'D_layer_units_exponent_3': 9, 'D_layer_units_exponent_4': 10, 'D_layer_units_exponent_5': 4, 'D_layer_units_exponent_6': 10, 'log_learning_rate': -4.362597852817696, 'log_learning_rate_D': -1.8893392039082388, 'training_batch_size': 10, 'training_p': 7}
	 epoch  0 training error:  tensor(1.0185, device='cuda:0', grad_fn=<DivBackward0>)
Memory status after this epoch: 
Memory allocated:  12.5908203125
Memory cached:  38.0
	 epoch  10 training error:  tensor(0.9080, device='cuda:0', grad_fn=<DivBackward0>)
Memory status after this epoch: 
Memory allocated:  12.5908203125
Memory cached:  42.0
	 epoch  20 training error:  tensor(0.7774, device='cuda:0', grad_fn=<DivBackward0>)
Memory status after this epoch: 
Memory allocated:  12.5908203125
Memory cached:  44.0
	 epoch  30 training error:  tensor(0.5937, device='cuda:0', grad_fn=<DivBackward0>)
Memory status after this epoch: 
Memory allocated:  12.5908203125
Memory cached:  44.0
	 epoch  40 training error:  tensor(0.3202, device='cuda:0', grad_fn=<DivBackward0>)
Memory status after this epoch: 
Memory allocated:  12.5908203125
Memory cached:  44.0
	 epoch  50 training error:  tensor(0.3092, device='cuda:0', grad_fn=<DivBackward0>)
Memory status after this epoch: 
Memory allocated:  12.5908203125
Memory cached:  44.0
	 epoch  60 training error:  tensor(0.2683, device='cuda:0', grad_fn=<DivBackward0>)
Memory status after this epoch: 
Memory allocated:  12.5908203125
Memory cached:  44.0
	 epoch  70 training error:  tensor(0.2592, device='cuda:0', grad_fn=<DivBackward0>)
Memory status after this epoch: 
Memory allocated:  12.5908203125
Memory cached:  42.0
	 epoch  80 training error:  tensor(0.2601, device='cuda:0', grad_fn=<DivBackward0>)
Memory status after this epoch: 
Memory allocated:  12.5908203125
Memory cached:  42.0
	 epoch  90 training error:  tensor(0.2600, device='cuda:0', grad_fn=<DivBackward0>)
Memory status after this epoch: 
Memory allocated:  12.5908203125
Memory cached:  42.0
[I 2023-11-01 17:02:09,062] Trial 31 finished with value: 0.22745418548583984 and parameters: {'W_layers': 6, 'W_layer_units_exponent_0': 6, 'W_layer_units_exponent_1': 7, 'W_layer_units_exponent_2': 7, 'W_layer_units_exponent_3': 9, 'W_layer_units_exponent_4': 8, 'W_layer_units_exponent_5': 6, 'D_layers': 7, 'D_layer_units_exponent_0': 8, 'D_layer_units_exponent_1': 4, 'D_layer_units_exponent_2': 5, 'D_layer_units_exponent_3': 9, 'D_layer_units_exponent_4': 10, 'D_layer_units_exponent_5': 4, 'D_layer_units_exponent_6': 10, 'log_learning_rate': -4.362597852817696, 'log_learning_rate_D': -1.8893392039082388, 'training_batch_size': 10, 'training_p': 7}. Best is trial 12 with value: 0.22162218391895294.
Time for this trial:  180.50180578231812
Memory status after this trial: 
Memory allocated:  221.07080078125
Memory cached:  240.0
--------------------  Trial  32   --------------------
Start timing: 
Parameters: 
{'W_layers': 6, 'W_layer_units_exponent_0': 6, 'W_layer_units_exponent_1': 6, 'W_layer_units_exponent_2': 7, 'W_layer_units_exponent_3': 9, 'W_layer_units_exponent_4': 8, 'W_layer_units_exponent_5': 6, 'D_layers': 8, 'D_layer_units_exponent_0': 8, 'D_layer_units_exponent_1': 4, 'D_layer_units_exponent_2': 4, 'D_layer_units_exponent_3': 8, 'D_layer_units_exponent_4': 10, 'D_layer_units_exponent_5': 4, 'D_layer_units_exponent_6': 8, 'D_layer_units_exponent_7': 10, 'log_learning_rate': -4.715759938007698, 'log_learning_rate_D': -1.968943150526247, 'training_batch_size': 10, 'training_p': 7}
	 epoch  0 training error:  tensor(0.9910, device='cuda:0', grad_fn=<DivBackward0>)
Memory status after this epoch: 
Memory allocated:  12.0244140625
Memory cached:  22.0
	 epoch  10 training error:  tensor(0.9422, device='cuda:0', grad_fn=<DivBackward0>)
Memory status after this epoch: 
Memory allocated:  12.0244140625
Memory cached:  24.0
	 epoch  20 training error:  tensor(0.8898, device='cuda:0', grad_fn=<DivBackward0>)
Memory status after this epoch: 
Memory allocated:  12.0244140625
Memory cached:  24.0
	 epoch  30 training error:  tensor(0.8307, device='cuda:0', grad_fn=<DivBackward0>)
Memory status after this epoch: 
Memory allocated:  12.0244140625
Memory cached:  24.0
	 epoch  40 training error:  tensor(0.7606, device='cuda:0', grad_fn=<DivBackward0>)
Memory status after this epoch: 
Memory allocated:  12.0244140625
Memory cached:  24.0
	 epoch  50 training error:  tensor(0.6736, device='cuda:0', grad_fn=<DivBackward0>)
Memory status after this epoch: 
Memory allocated:  12.0244140625
Memory cached:  24.0
	 epoch  60 training error:  tensor(0.5626, device='cuda:0', grad_fn=<DivBackward0>)
Memory status after this epoch: 
Memory allocated:  12.0244140625
Memory cached:  24.0
	 epoch  70 training error:  tensor(0.4178, device='cuda:0', grad_fn=<DivBackward0>)
Memory status after this epoch: 
Memory allocated:  12.0244140625
Memory cached:  24.0
	 epoch  80 training error:  tensor(0.2682, device='cuda:0', grad_fn=<DivBackward0>)
Memory status after this epoch: 
Memory allocated:  12.0244140625
Memory cached:  24.0
	 epoch  90 training error:  tensor(0.2751, device='cuda:0', grad_fn=<DivBackward0>)
Memory status after this epoch: 
Memory allocated:  12.0244140625
Memory cached:  24.0
[I 2023-11-01 17:05:16,071] Trial 32 finished with value: 0.2274821251630783 and parameters: {'W_layers': 6, 'W_layer_units_exponent_0': 6, 'W_layer_units_exponent_1': 6, 'W_layer_units_exponent_2': 7, 'W_layer_units_exponent_3': 9, 'W_layer_units_exponent_4': 8, 'W_layer_units_exponent_5': 6, 'D_layers': 8, 'D_layer_units_exponent_0': 8, 'D_layer_units_exponent_1': 4, 'D_layer_units_exponent_2': 4, 'D_layer_units_exponent_3': 8, 'D_layer_units_exponent_4': 10, 'D_layer_units_exponent_5': 4, 'D_layer_units_exponent_6': 8, 'D_layer_units_exponent_7': 10, 'log_learning_rate': -4.715759938007698, 'log_learning_rate_D': -1.968943150526247, 'training_batch_size': 10, 'training_p': 7}. Best is trial 12 with value: 0.22162218391895294.
Time for this trial:  186.76131653785706
Memory status after this trial: 
Memory allocated:  216.69287109375
Memory cached:  224.0
--------------------  Trial  33   --------------------
Start timing: 
Parameters: 
{'W_layers': 4, 'W_layer_units_exponent_0': 6, 'W_layer_units_exponent_1': 6, 'W_layer_units_exponent_2': 7, 'W_layer_units_exponent_3': 8, 'D_layers': 8, 'D_layer_units_exponent_0': 8, 'D_layer_units_exponent_1': 4, 'D_layer_units_exponent_2': 5, 'D_layer_units_exponent_3': 7, 'D_layer_units_exponent_4': 10, 'D_layer_units_exponent_5': 4, 'D_layer_units_exponent_6': 8, 'D_layer_units_exponent_7': 10, 'log_learning_rate': -4.69489483297743, 'log_learning_rate_D': -2.0118563241438836, 'training_batch_size': 11, 'training_p': 8}
	 epoch  0 training error:  tensor(0.9764, device='cuda:0', grad_fn=<DivBackward0>)
Memory status after this epoch: 
Memory allocated:  7.2685546875
Memory cached:  14.0
	 epoch  10 training error:  tensor(0.9405, device='cuda:0', grad_fn=<DivBackward0>)
Memory status after this epoch: 
Memory allocated:  7.2685546875
Memory cached:  20.0
	 epoch  20 training error:  tensor(0.9034, device='cuda:0', grad_fn=<DivBackward0>)
Memory status after this epoch: 
Memory allocated:  7.2685546875
Memory cached:  20.0
	 epoch  30 training error:  tensor(0.8653, device='cuda:0', grad_fn=<DivBackward0>)
Memory status after this epoch: 
Memory allocated:  7.2685546875
Memory cached:  20.0
	 epoch  40 training error:  tensor(0.8262, device='cuda:0', grad_fn=<DivBackward0>)
Memory status after this epoch: 
Memory allocated:  7.2685546875
Memory cached:  20.0
	 epoch  50 training error:  tensor(0.7853, device='cuda:0', grad_fn=<DivBackward0>)
Memory status after this epoch: 
Memory allocated:  7.2685546875
Memory cached:  20.0
	 epoch  60 training error:  tensor(0.7420, device='cuda:0', grad_fn=<DivBackward0>)
Memory status after this epoch: 
Memory allocated:  7.2685546875
Memory cached:  20.0
	 epoch  70 training error:  tensor(0.6959, device='cuda:0', grad_fn=<DivBackward0>)
Memory status after this epoch: 
Memory allocated:  7.2685546875
Memory cached:  20.0
	 epoch  80 training error:  tensor(0.6463, device='cuda:0', grad_fn=<DivBackward0>)
Memory status after this epoch: 
Memory allocated:  7.2685546875
Memory cached:  20.0
	 epoch  90 training error:  tensor(0.5927, device='cuda:0', grad_fn=<DivBackward0>)
Memory status after this epoch: 
Memory allocated:  7.2685546875
Memory cached:  20.0
[I 2023-11-01 17:08:02,351] Trial 33 finished with value: 0.49224424362182617 and parameters: {'W_layers': 4, 'W_layer_units_exponent_0': 6, 'W_layer_units_exponent_1': 6, 'W_layer_units_exponent_2': 7, 'W_layer_units_exponent_3': 8, 'D_layers': 8, 'D_layer_units_exponent_0': 8, 'D_layer_units_exponent_1': 4, 'D_layer_units_exponent_2': 5, 'D_layer_units_exponent_3': 7, 'D_layer_units_exponent_4': 10, 'D_layer_units_exponent_5': 4, 'D_layer_units_exponent_6': 8, 'D_layer_units_exponent_7': 10, 'log_learning_rate': -4.69489483297743, 'log_learning_rate_D': -2.0118563241438836, 'training_batch_size': 11, 'training_p': 8}. Best is trial 12 with value: 0.22162218391895294.
Time for this trial:  166.02921056747437
Memory status after this trial: 
Memory allocated:  177.46240234375
Memory cached:  182.0
--------------------  Trial  34   --------------------
Start timing: 
Parameters: 
{'W_layers': 6, 'W_layer_units_exponent_0': 5, 'W_layer_units_exponent_1': 6, 'W_layer_units_exponent_2': 8, 'W_layer_units_exponent_3': 8, 'W_layer_units_exponent_4': 8, 'W_layer_units_exponent_5': 6, 'D_layers': 8, 'D_layer_units_exponent_0': 8, 'D_layer_units_exponent_1': 4, 'D_layer_units_exponent_2': 4, 'D_layer_units_exponent_3': 8, 'D_layer_units_exponent_4': 10, 'D_layer_units_exponent_5': 5, 'D_layer_units_exponent_6': 9, 'D_layer_units_exponent_7': 10, 'log_learning_rate': -4.353473661374105, 'log_learning_rate_D': -2.36454722650744, 'training_batch_size': 9, 'training_p': 7}
	 epoch  0 training error:  tensor(0.9949, device='cuda:0', grad_fn=<DivBackward0>)
Memory status after this epoch: 
Memory allocated:  15.5556640625
Memory cached:  36.0
	 epoch  10 training error:  tensor(0.9034, device='cuda:0', grad_fn=<DivBackward0>)
Memory status after this epoch: 
Memory allocated:  15.5556640625
Memory cached:  40.0
	 epoch  20 training error:  tensor(0.7940, device='cuda:0', grad_fn=<DivBackward0>)
Memory status after this epoch: 
Memory allocated:  15.5556640625
Memory cached:  40.0
	 epoch  30 training error:  tensor(0.6454, device='cuda:0', grad_fn=<DivBackward0>)
Memory status after this epoch: 
Memory allocated:  15.5556640625
Memory cached:  40.0
	 epoch  40 training error:  tensor(0.4302, device='cuda:0', grad_fn=<DivBackward0>)
Memory status after this epoch: 
Memory allocated:  15.5556640625
Memory cached:  40.0
	 epoch  50 training error:  tensor(0.2771, device='cuda:0', grad_fn=<DivBackward0>)
Memory status after this epoch: 
Memory allocated:  15.5556640625
Memory cached:  40.0
	 epoch  60 training error:  tensor(0.2638, device='cuda:0', grad_fn=<DivBackward0>)
Memory status after this epoch: 
Memory allocated:  15.5556640625
Memory cached:  40.0
	 epoch  70 training error:  tensor(0.2684, device='cuda:0', grad_fn=<DivBackward0>)
Memory status after this epoch: 
Memory allocated:  15.5556640625
Memory cached:  40.0
	 epoch  80 training error:  tensor(0.2610, device='cuda:0', grad_fn=<DivBackward0>)
Memory status after this epoch: 
Memory allocated:  15.5556640625
Memory cached:  40.0
	 epoch  90 training error:  tensor(0.2592, device='cuda:0', grad_fn=<DivBackward0>)
Memory status after this epoch: 
Memory allocated:  15.5556640625
Memory cached:  40.0
