[I 2023-11-06 21:56:02,558] Trial 14 finished with value: 0.054254330694675446 and parameters: {'W_layers': 6, 'W_layer_units_exponent_0': 4, 'W_layer_units_exponent_1': 8, 'W_layer_units_exponent_2': 6, 'W_layer_units_exponent_3': 6, 'W_layer_units_exponent_4': 5, 'W_layer_units_exponent_5': 10, 'D_layers': 6, 'D_layer_units_exponent_0': 6, 'D_layer_units_exponent_1': 5, 'D_layer_units_exponent_2': 8, 'D_layer_units_exponent_3': 6, 'D_layer_units_exponent_4': 6, 'D_layer_units_exponent_5': 10, 'D_dagger_layers': 5, 'D_dagger_layer_units_exponent_0': 6, 'D_dagger_layer_units_exponent_1': 9, 'D_dagger_layer_units_exponent_2': 4, 'D_dagger_layer_units_exponent_3': 8, 'D_dagger_layer_units_exponent_4': 4, 'log_learning_rate': -2.9051338924945216, 'log_learning_rate_D': -4.848381421729954, 'log_learning_rate_D_dagger': -4.01566097253315, 'training_batch_size': 11, 'training_p': 6}. Best is trial 13 with value: 0.03758919611573219.
Time for this trial:  216.7928910255432
Memory status after this trial: 
Memory allocated:  206.6494140625
Memory cached:  210.0
--------------------  Trial  15   --------------------
Start timing: 
Parameters: 
{'W_layers': 8, 'W_layer_units_exponent_0': 5, 'W_layer_units_exponent_1': 5, 'W_layer_units_exponent_2': 9, 'W_layer_units_exponent_3': 4, 'W_layer_units_exponent_4': 7, 'W_layer_units_exponent_5': 5, 'W_layer_units_exponent_6': 7, 'W_layer_units_exponent_7': 10, 'D_layers': 6, 'D_layer_units_exponent_0': 7, 'D_layer_units_exponent_1': 5, 'D_layer_units_exponent_2': 6, 'D_layer_units_exponent_3': 8, 'D_layer_units_exponent_4': 9, 'D_layer_units_exponent_5': 8, 'D_dagger_layers': 7, 'D_dagger_layer_units_exponent_0': 7, 'D_dagger_layer_units_exponent_1': 5, 'D_dagger_layer_units_exponent_2': 5, 'D_dagger_layer_units_exponent_3': 7, 'D_dagger_layer_units_exponent_4': 10, 'D_dagger_layer_units_exponent_5': 8, 'D_dagger_layer_units_exponent_6': 4, 'log_learning_rate': -4.12169029349935, 'log_learning_rate_D': -4.001797842586679, 'log_learning_rate_D_dagger': -4.0117006794532255, 'training_batch_size': 10, 'training_p': 6}
	 epoch  0 training error:  tensor(0.9991, device='cuda:0', grad_fn=<DivBackward0>)
Memory status after this epoch: 
Memory allocated:  13.34619140625
Memory cached:  136.0
	 epoch  10 training error:  tensor(0.1901, device='cuda:0', grad_fn=<DivBackward0>)
Memory status after this epoch: 
Memory allocated:  13.34619140625
Memory cached:  296.0
	 epoch  20 training error:  tensor(0.1432, device='cuda:0', grad_fn=<DivBackward0>)
Memory status after this epoch: 
Memory allocated:  13.34619140625
Memory cached:  284.0
	 epoch  30 training error:  tensor(0.1092, device='cuda:0', grad_fn=<DivBackward0>)
Memory status after this epoch: 
Memory allocated:  13.34619140625
Memory cached:  280.0
	 epoch  40 training error:  tensor(0.0881, device='cuda:0', grad_fn=<DivBackward0>)
Memory status after this epoch: 
Memory allocated:  13.34619140625
Memory cached:  278.0
	 epoch  50 training error:  tensor(0.0756, device='cuda:0', grad_fn=<DivBackward0>)
Memory status after this epoch: 
Memory allocated:  13.34619140625
Memory cached:  290.0
	 epoch  60 training error:  tensor(0.0690, device='cuda:0', grad_fn=<DivBackward0>)
Memory status after this epoch: 
Memory allocated:  13.34619140625
Memory cached:  294.0
	 epoch  70 training error:  tensor(0.0684, device='cuda:0', grad_fn=<DivBackward0>)
Memory status after this epoch: 
Memory allocated:  13.34619140625
Memory cached:  292.0
	 epoch  80 training error:  tensor(0.0659, device='cuda:0', grad_fn=<DivBackward0>)
Memory status after this epoch: 
Memory allocated:  13.34619140625
Memory cached:  294.0
	 epoch  90 training error:  tensor(0.0619, device='cuda:0', grad_fn=<DivBackward0>)
Memory status after this epoch: 
Memory allocated:  13.34619140625
Memory cached:  298.0
[I 2023-11-06 22:00:15,290] Trial 15 finished with value: 0.04731279984116554 and parameters: {'W_layers': 8, 'W_layer_units_exponent_0': 5, 'W_layer_units_exponent_1': 5, 'W_layer_units_exponent_2': 9, 'W_layer_units_exponent_3': 4, 'W_layer_units_exponent_4': 7, 'W_layer_units_exponent_5': 5, 'W_layer_units_exponent_6': 7, 'W_layer_units_exponent_7': 10, 'D_layers': 6, 'D_layer_units_exponent_0': 7, 'D_layer_units_exponent_1': 5, 'D_layer_units_exponent_2': 6, 'D_layer_units_exponent_3': 8, 'D_layer_units_exponent_4': 9, 'D_layer_units_exponent_5': 8, 'D_dagger_layers': 7, 'D_dagger_layer_units_exponent_0': 7, 'D_dagger_layer_units_exponent_1': 5, 'D_dagger_layer_units_exponent_2': 5, 'D_dagger_layer_units_exponent_3': 7, 'D_dagger_layer_units_exponent_4': 10, 'D_dagger_layer_units_exponent_5': 8, 'D_dagger_layer_units_exponent_6': 4, 'log_learning_rate': -4.12169029349935, 'log_learning_rate_D': -4.001797842586679, 'log_learning_rate_D_dagger': -4.0117006794532255, 'training_batch_size': 10, 'training_p': 6}. Best is trial 13 with value: 0.03758919611573219.
Time for this trial:  252.40388894081116
Memory status after this trial: 
Memory allocated:  262.0205078125
Memory cached:  270.0
--------------------  Trial  16   --------------------
Start timing: 
Parameters: 
{'W_layers': 4, 'W_layer_units_exponent_0': 4, 'W_layer_units_exponent_1': 5, 'W_layer_units_exponent_2': 6, 'W_layer_units_exponent_3': 6, 'D_layers': 2, 'D_layer_units_exponent_0': 9, 'D_layer_units_exponent_1': 6, 'D_dagger_layers': 7, 'D_dagger_layer_units_exponent_0': 5, 'D_dagger_layer_units_exponent_1': 9, 'D_dagger_layer_units_exponent_2': 6, 'D_dagger_layer_units_exponent_3': 10, 'D_dagger_layer_units_exponent_4': 8, 'D_dagger_layer_units_exponent_5': 8, 'D_dagger_layer_units_exponent_6': 9, 'log_learning_rate': -4.167652345737609, 'log_learning_rate_D': -3.5807907067325293, 'log_learning_rate_D_dagger': -2.9620169838529353, 'training_batch_size': 8, 'training_p': 8}
	 epoch  0 training error:  tensor(1.0865, device='cuda:0', grad_fn=<DivBackward0>)
Memory status after this epoch: 
Memory allocated:  9.61376953125
Memory cached:  130.0
	 epoch  10 training error:  tensor(0.7274, device='cuda:0', grad_fn=<DivBackward0>)
Memory status after this epoch: 
Memory allocated:  9.61376953125
Memory cached:  216.0
	 epoch  20 training error:  tensor(0.1418, device='cuda:0', grad_fn=<DivBackward0>)
Memory status after this epoch: 
Memory allocated:  9.61376953125
Memory cached:  240.0
	 epoch  30 training error:  tensor(0.1339, device='cuda:0', grad_fn=<DivBackward0>)
Memory status after this epoch: 
Memory allocated:  9.61376953125
Memory cached:  226.0
	 epoch  40 training error:  tensor(0.1502, device='cuda:0', grad_fn=<DivBackward0>)
Memory status after this epoch: 
Memory allocated:  9.61376953125
Memory cached:  246.0
	 epoch  50 training error:  tensor(0.0711, device='cuda:0', grad_fn=<DivBackward0>)
Memory status after this epoch: 
Memory allocated:  9.61376953125
Memory cached:  218.0
	 epoch  60 training error:  tensor(0.0934, device='cuda:0', grad_fn=<DivBackward0>)
Memory status after this epoch: 
Memory allocated:  9.61376953125
Memory cached:  230.0
	 epoch  70 training error:  tensor(0.0486, device='cuda:0', grad_fn=<DivBackward0>)
Memory status after this epoch: 
Memory allocated:  9.61376953125
Memory cached:  208.0
	 epoch  80 training error:  tensor(0.0441, device='cuda:0', grad_fn=<DivBackward0>)
Memory status after this epoch: 
Memory allocated:  9.61376953125
Memory cached:  228.0
	 epoch  90 training error:  tensor(0.0787, device='cuda:0', grad_fn=<DivBackward0>)
Memory status after this epoch: 
Memory allocated:  9.61376953125
Memory cached:  216.0
[I 2023-11-06 22:03:20,170] Trial 16 finished with value: 0.03392419219017029 and parameters: {'W_layers': 4, 'W_layer_units_exponent_0': 4, 'W_layer_units_exponent_1': 5, 'W_layer_units_exponent_2': 6, 'W_layer_units_exponent_3': 6, 'D_layers': 2, 'D_layer_units_exponent_0': 9, 'D_layer_units_exponent_1': 6, 'D_dagger_layers': 7, 'D_dagger_layer_units_exponent_0': 5, 'D_dagger_layer_units_exponent_1': 9, 'D_dagger_layer_units_exponent_2': 6, 'D_dagger_layer_units_exponent_3': 10, 'D_dagger_layer_units_exponent_4': 8, 'D_dagger_layer_units_exponent_5': 8, 'D_dagger_layer_units_exponent_6': 9, 'log_learning_rate': -4.167652345737609, 'log_learning_rate_D': -3.5807907067325293, 'log_learning_rate_D_dagger': -2.9620169838529353, 'training_batch_size': 8, 'training_p': 8}. Best is trial 16 with value: 0.03392419219017029.
Time for this trial:  184.5980772972107
Memory status after this trial: 
Memory allocated:  187.71044921875
Memory cached:  194.0
--------------------  Trial  17   --------------------
Start timing: 
Parameters: 
{'W_layers': 4, 'W_layer_units_exponent_0': 4, 'W_layer_units_exponent_1': 5, 'W_layer_units_exponent_2': 5, 'W_layer_units_exponent_3': 8, 'D_layers': 5, 'D_layer_units_exponent_0': 7, 'D_layer_units_exponent_1': 6, 'D_layer_units_exponent_2': 6, 'D_layer_units_exponent_3': 6, 'D_layer_units_exponent_4': 6, 'D_dagger_layers': 7, 'D_dagger_layer_units_exponent_0': 5, 'D_dagger_layer_units_exponent_1': 9, 'D_dagger_layer_units_exponent_2': 5, 'D_dagger_layer_units_exponent_3': 10, 'D_dagger_layer_units_exponent_4': 7, 'D_dagger_layer_units_exponent_5': 7, 'D_dagger_layer_units_exponent_6': 9, 'log_learning_rate': -4.912198638720229, 'log_learning_rate_D': -2.722268595219414, 'log_learning_rate_D_dagger': -2.8061947553894404, 'training_batch_size': 8, 'training_p': 8}
	 epoch  0 training error:  tensor(1.1941, device='cuda:0', grad_fn=<DivBackward0>)
Memory status after this epoch: 
Memory allocated:  4.92626953125
Memory cached:  128.0
	 epoch  10 training error:  tensor(0.5770, device='cuda:0', grad_fn=<DivBackward0>)
Memory status after this epoch: 
Memory allocated:  4.92626953125
Memory cached:  212.0
	 epoch  20 training error:  tensor(0.2086, device='cuda:0', grad_fn=<DivBackward0>)
Memory status after this epoch: 
Memory allocated:  4.92626953125
Memory cached:  218.0
	 epoch  30 training error:  tensor(0.0680, device='cuda:0', grad_fn=<DivBackward0>)
Memory status after this epoch: 
Memory allocated:  4.92626953125
Memory cached:  234.0
	 epoch  40 training error:  tensor(0.0657, device='cuda:0', grad_fn=<DivBackward0>)
Memory status after this epoch: 
Memory allocated:  4.92626953125
Memory cached:  230.0
	 epoch  50 training error:  tensor(0.1978, device='cuda:0', grad_fn=<DivBackward0>)
Memory status after this epoch: 
Memory allocated:  4.92626953125
Memory cached:  232.0
	 epoch  60 training error:  tensor(0.1075, device='cuda:0', grad_fn=<DivBackward0>)
Memory status after this epoch: 
Memory allocated:  4.92626953125
Memory cached:  232.0
	 epoch  70 training error:  tensor(0.0412, device='cuda:0', grad_fn=<DivBackward0>)
Memory status after this epoch: 
Memory allocated:  4.92626953125
Memory cached:  226.0
	 epoch  80 training error:  tensor(0.0373, device='cuda:0', grad_fn=<DivBackward0>)
Memory status after this epoch: 
Memory allocated:  4.92626953125
Memory cached:  230.0
	 epoch  90 training error:  tensor(0.0418, device='cuda:0', grad_fn=<DivBackward0>)
Memory status after this epoch: 
Memory allocated:  4.92626953125
Memory cached:  234.0
[I 2023-11-06 22:06:43,350] Trial 17 finished with value: 0.03788606449961662 and parameters: {'W_layers': 4, 'W_layer_units_exponent_0': 4, 'W_layer_units_exponent_1': 5, 'W_layer_units_exponent_2': 5, 'W_layer_units_exponent_3': 8, 'D_layers': 5, 'D_layer_units_exponent_0': 7, 'D_layer_units_exponent_1': 6, 'D_layer_units_exponent_2': 6, 'D_layer_units_exponent_3': 6, 'D_layer_units_exponent_4': 6, 'D_dagger_layers': 7, 'D_dagger_layer_units_exponent_0': 5, 'D_dagger_layer_units_exponent_1': 9, 'D_dagger_layer_units_exponent_2': 5, 'D_dagger_layer_units_exponent_3': 10, 'D_dagger_layer_units_exponent_4': 7, 'D_dagger_layer_units_exponent_5': 7, 'D_dagger_layer_units_exponent_6': 9, 'log_learning_rate': -4.912198638720229, 'log_learning_rate_D': -2.722268595219414, 'log_learning_rate_D_dagger': -2.8061947553894404, 'training_batch_size': 8, 'training_p': 8}. Best is trial 16 with value: 0.03392419219017029.
Time for this trial:  202.89951086044312
Memory status after this trial: 
Memory allocated:  168.37939453125
Memory cached:  176.0
--------------------  Trial  18   --------------------
Start timing: 
Parameters: 
{'W_layers': 4, 'W_layer_units_exponent_0': 4, 'W_layer_units_exponent_1': 5, 'W_layer_units_exponent_2': 5, 'W_layer_units_exponent_3': 6, 'D_layers': 2, 'D_layer_units_exponent_0': 5, 'D_layer_units_exponent_1': 6, 'D_dagger_layers': 5, 'D_dagger_layer_units_exponent_0': 5, 'D_dagger_layer_units_exponent_1': 9, 'D_dagger_layer_units_exponent_2': 5, 'D_dagger_layer_units_exponent_3': 9, 'D_dagger_layer_units_exponent_4': 9, 'log_learning_rate': -4.236410817169306, 'log_learning_rate_D': -3.529709887305132, 'log_learning_rate_D_dagger': -2.4905341689458864, 'training_batch_size': 8, 'training_p': 7}
	 epoch  0 training error:  tensor(1.1843, device='cuda:0', grad_fn=<DivBackward0>)
Memory status after this epoch: 
Memory allocated:  5.01806640625
Memory cached:  112.0
	 epoch  10 training error:  tensor(1.0390, device='cuda:0', grad_fn=<DivBackward0>)
Memory status after this epoch: 
Memory allocated:  5.01806640625
Memory cached:  164.0
	 epoch  20 training error:  tensor(1.0029, device='cuda:0', grad_fn=<DivBackward0>)
Memory status after this epoch: 
Memory allocated:  5.01806640625
Memory cached:  172.0
	 epoch  30 training error:  tensor(0.9646, device='cuda:0', grad_fn=<DivBackward0>)
Memory status after this epoch: 
Memory allocated:  5.01806640625
Memory cached:  174.0
	 epoch  40 training error:  tensor(0.9257, device='cuda:0', grad_fn=<DivBackward0>)
Memory status after this epoch: 
Memory allocated:  5.01806640625
Memory cached:  170.0
	 epoch  50 training error:  tensor(0.8865, device='cuda:0', grad_fn=<DivBackward0>)
Memory status after this epoch: 
Memory allocated:  5.01806640625
Memory cached:  164.0
	 epoch  60 training error:  tensor(0.8455, device='cuda:0', grad_fn=<DivBackward0>)
Memory status after this epoch: 
Memory allocated:  5.01806640625
Memory cached:  162.0
	 epoch  70 training error:  tensor(0.8018, device='cuda:0', grad_fn=<DivBackward0>)
Memory status after this epoch: 
Memory allocated:  5.01806640625
Memory cached:  166.0
	 epoch  80 training error:  tensor(0.7536, device='cuda:0', grad_fn=<DivBackward0>)
Memory status after this epoch: 
Memory allocated:  5.01806640625
Memory cached:  176.0
	 epoch  90 training error:  tensor(0.6992, device='cuda:0', grad_fn=<DivBackward0>)
Memory status after this epoch: 
Memory allocated:  5.01806640625
Memory cached:  164.0
[I 2023-11-06 22:09:23,458] Trial 18 finished with value: 0.6225137114524841 and parameters: {'W_layers': 4, 'W_layer_units_exponent_0': 4, 'W_layer_units_exponent_1': 5, 'W_layer_units_exponent_2': 5, 'W_layer_units_exponent_3': 6, 'D_layers': 2, 'D_layer_units_exponent_0': 5, 'D_layer_units_exponent_1': 6, 'D_dagger_layers': 5, 'D_dagger_layer_units_exponent_0': 5, 'D_dagger_layer_units_exponent_1': 9, 'D_dagger_layer_units_exponent_2': 5, 'D_dagger_layer_units_exponent_3': 9, 'D_dagger_layer_units_exponent_4': 9, 'log_learning_rate': -4.236410817169306, 'log_learning_rate_D': -3.529709887305132, 'log_learning_rate_D_dagger': -2.4905341689458864, 'training_batch_size': 8, 'training_p': 7}. Best is trial 16 with value: 0.03392419219017029.
Time for this trial:  159.85792684555054
Memory status after this trial: 
Memory allocated:  101.9287109375
Memory cached:  132.0
--------------------  Trial  19   --------------------
Start timing: 
Parameters: 
{'W_layers': 5, 'W_layer_units_exponent_0': 5, 'W_layer_units_exponent_1': 7, 'W_layer_units_exponent_2': 6, 'W_layer_units_exponent_3': 6, 'W_layer_units_exponent_4': 10, 'D_layers': 5, 'D_layer_units_exponent_0': 9, 'D_layer_units_exponent_1': 7, 'D_layer_units_exponent_2': 4, 'D_layer_units_exponent_3': 9, 'D_layer_units_exponent_4': 10, 'D_dagger_layers': 7, 'D_dagger_layer_units_exponent_0': 7, 'D_dagger_layer_units_exponent_1': 10, 'D_dagger_layer_units_exponent_2': 6, 'D_dagger_layer_units_exponent_3': 9, 'D_dagger_layer_units_exponent_4': 4, 'D_dagger_layer_units_exponent_5': 7, 'D_dagger_layer_units_exponent_6': 10, 'log_learning_rate': -3.8600497813540007, 'log_learning_rate_D': -4.450548258710975, 'log_learning_rate_D_dagger': -3.115350751479586, 'training_batch_size': 11, 'training_p': 8}
	 epoch  0 training error:  tensor(0.9650, device='cuda:0', grad_fn=<DivBackward0>)
Memory status after this epoch: 
Memory allocated:  16.40673828125
Memory cached:  166.0
	 epoch  10 training error:  tensor(0.3113, device='cuda:0', grad_fn=<DivBackward0>)
Memory status after this epoch: 
Memory allocated:  16.40673828125
Memory cached:  308.0
	 epoch  20 training error:  tensor(0.2598, device='cuda:0', grad_fn=<DivBackward0>)
Memory status after this epoch: 
Memory allocated:  16.40673828125
Memory cached:  318.0
	 epoch  30 training error:  tensor(0.0994, device='cuda:0', grad_fn=<DivBackward0>)
Memory status after this epoch: 
Memory allocated:  16.40673828125
Memory cached:  316.0
	 epoch  40 training error:  tensor(0.0812, device='cuda:0', grad_fn=<DivBackward0>)
Memory status after this epoch: 
Memory allocated:  16.40673828125
Memory cached:  322.0
	 epoch  50 training error:  tensor(0.0692, device='cuda:0', grad_fn=<DivBackward0>)
Memory status after this epoch: 
Memory allocated:  16.40673828125
Memory cached:  308.0
	 epoch  60 training error:  tensor(0.0601, device='cuda:0', grad_fn=<DivBackward0>)
Memory status after this epoch: 
Memory allocated:  16.40673828125
Memory cached:  316.0
	 epoch  70 training error:  tensor(0.0552, device='cuda:0', grad_fn=<DivBackward0>)
Memory status after this epoch: 
Memory allocated:  16.40673828125
Memory cached:  302.0
	 epoch  80 training error:  tensor(0.0528, device='cuda:0', grad_fn=<DivBackward0>)
Memory status after this epoch: 
Memory allocated:  16.40673828125
Memory cached:  314.0
	 epoch  90 training error:  tensor(0.0501, device='cuda:0', grad_fn=<DivBackward0>)
Memory status after this epoch: 
Memory allocated:  16.40673828125
Memory cached:  318.0
[I 2023-11-06 22:13:18,751] Trial 19 finished with value: 0.03771831467747688 and parameters: {'W_layers': 5, 'W_layer_units_exponent_0': 5, 'W_layer_units_exponent_1': 7, 'W_layer_units_exponent_2': 6, 'W_layer_units_exponent_3': 6, 'W_layer_units_exponent_4': 10, 'D_layers': 5, 'D_layer_units_exponent_0': 9, 'D_layer_units_exponent_1': 7, 'D_layer_units_exponent_2': 4, 'D_layer_units_exponent_3': 9, 'D_layer_units_exponent_4': 10, 'D_dagger_layers': 7, 'D_dagger_layer_units_exponent_0': 7, 'D_dagger_layer_units_exponent_1': 10, 'D_dagger_layer_units_exponent_2': 6, 'D_dagger_layer_units_exponent_3': 9, 'D_dagger_layer_units_exponent_4': 4, 'D_dagger_layer_units_exponent_5': 7, 'D_dagger_layer_units_exponent_6': 10, 'log_learning_rate': -3.8600497813540007, 'log_learning_rate_D': -4.450548258710975, 'log_learning_rate_D_dagger': -3.115350751479586, 'training_batch_size': 11, 'training_p': 8}. Best is trial 16 with value: 0.03392419219017029.
Time for this trial:  235.01401352882385
Memory status after this trial: 
Memory allocated:  350.203125
Memory cached:  372.0
--------------------  Trial  20   --------------------
Start timing: 
Parameters: 
{'W_layers': 3, 'W_layer_units_exponent_0': 8, 'W_layer_units_exponent_1': 9, 'W_layer_units_exponent_2': 4, 'D_layers': 8, 'D_layer_units_exponent_0': 7, 'D_layer_units_exponent_1': 6, 'D_layer_units_exponent_2': 6, 'D_layer_units_exponent_3': 5, 'D_layer_units_exponent_4': 5, 'D_layer_units_exponent_5': 8, 'D_layer_units_exponent_6': 10, 'D_layer_units_exponent_7': 4, 'D_dagger_layers': 8, 'D_dagger_layer_units_exponent_0': 8, 'D_dagger_layer_units_exponent_1': 9, 'D_dagger_layer_units_exponent_2': 5, 'D_dagger_layer_units_exponent_3': 10, 'D_dagger_layer_units_exponent_4': 6, 'D_dagger_layer_units_exponent_5': 4, 'D_dagger_layer_units_exponent_6': 8, 'D_dagger_layer_units_exponent_7': 4, 'log_learning_rate': -4.564317602570168, 'log_learning_rate_D': -3.6077537264684274, 'log_learning_rate_D_dagger': -2.5213757672197055, 'training_batch_size': 8, 'training_p': 5}
	 epoch  0 training error:  tensor(1.1368, device='cuda:0', grad_fn=<DivBackward0>)
Memory status after this epoch: 
Memory allocated:  10.89111328125
Memory cached:  136.0
	 epoch  10 training error:  tensor(0.4714, device='cuda:0', grad_fn=<DivBackward0>)
Memory status after this epoch: 
Memory allocated:  10.89111328125
Memory cached:  270.0
	 epoch  20 training error:  tensor(0.1408, device='cuda:0', grad_fn=<DivBackward0>)
Memory status after this epoch: 
Memory allocated:  10.89111328125
Memory cached:  270.0
	 epoch  30 training error:  tensor(0.1691, device='cuda:0', grad_fn=<DivBackward0>)
Memory status after this epoch: 
Memory allocated:  10.89111328125
Memory cached:  264.0
	 epoch  40 training error:  tensor(0.1091, device='cuda:0', grad_fn=<DivBackward0>)
Memory status after this epoch: 
Memory allocated:  10.89111328125
Memory cached:  284.0
	 epoch  50 training error:  tensor(0.0791, device='cuda:0', grad_fn=<DivBackward0>)
Memory status after this epoch: 
Memory allocated:  10.89111328125
Memory cached:  272.0
	 epoch  60 training error:  tensor(0.0600, device='cuda:0', grad_fn=<DivBackward0>)
Memory status after this epoch: 
Memory allocated:  10.89111328125
Memory cached:  254.0
	 epoch  70 training error:  tensor(0.0673, device='cuda:0', grad_fn=<DivBackward0>)
Memory status after this epoch: 
Memory allocated:  10.89111328125
Memory cached:  268.0
	 epoch  80 training error:  tensor(0.0618, device='cuda:0', grad_fn=<DivBackward0>)
Memory status after this epoch: 
Memory allocated:  10.89111328125
Memory cached:  260.0
	 epoch  90 training error:  tensor(0.0559, device='cuda:0', grad_fn=<DivBackward0>)
Memory status after this epoch: 
Memory allocated:  10.89111328125
Memory cached:  262.0
