[I 2023-11-01 17:28:10,942] Trial 40 finished with value: 0.2302979975938797 and parameters: {'W_layers': 7, 'W_layer_units_exponent_0': 7, 'W_layer_units_exponent_1': 6, 'W_layer_units_exponent_2': 10, 'W_layer_units_exponent_3': 6, 'W_layer_units_exponent_4': 8, 'W_layer_units_exponent_5': 7, 'W_layer_units_exponent_6': 7, 'D_layers': 6, 'D_layer_units_exponent_0': 9, 'D_layer_units_exponent_1': 5, 'D_layer_units_exponent_2': 4, 'D_layer_units_exponent_3': 10, 'D_layer_units_exponent_4': 9, 'D_layer_units_exponent_5': 5, 'log_learning_rate': -4.0016344985221854, 'log_learning_rate_D': -1.4211682181042584, 'training_batch_size': 8, 'training_p': 3}. Best is trial 12 with value: 0.22162218391895294.
Time for this trial:  177.98964309692383
Memory status after this trial: 
Memory allocated:  215.04248046875
Memory cached:  234.0
--------------------  Trial  41   --------------------
Start timing: 
Parameters: 
{'W_layers': 8, 'W_layer_units_exponent_0': 6, 'W_layer_units_exponent_1': 7, 'W_layer_units_exponent_2': 6, 'W_layer_units_exponent_3': 9, 'W_layer_units_exponent_4': 7, 'W_layer_units_exponent_5': 5, 'W_layer_units_exponent_6': 6, 'W_layer_units_exponent_7': 9, 'D_layers': 6, 'D_layer_units_exponent_0': 8, 'D_layer_units_exponent_1': 6, 'D_layer_units_exponent_2': 4, 'D_layer_units_exponent_3': 9, 'D_layer_units_exponent_4': 8, 'D_layer_units_exponent_5': 4, 'log_learning_rate': -3.7904175218686893, 'log_learning_rate_D': -1.209472722181743, 'training_batch_size': 10, 'training_p': 6}
	 epoch  0 training error:  tensor(0.9983, device='cuda:0', grad_fn=<DivBackward0>)
Memory status after this epoch: 
Memory allocated:  4.9150390625
Memory cached:  16.0
	 epoch  10 training error:  tensor(0.9981, device='cuda:0', grad_fn=<DivBackward0>)
Memory status after this epoch: 
Memory allocated:  4.9150390625
Memory cached:  18.0
	 epoch  20 training error:  tensor(0.3487, device='cuda:0', grad_fn=<DivBackward0>)
Memory status after this epoch: 
Memory allocated:  4.9150390625
Memory cached:  18.0
	 epoch  30 training error:  tensor(0.2658, device='cuda:0', grad_fn=<DivBackward0>)
Memory status after this epoch: 
Memory allocated:  4.9150390625
Memory cached:  18.0
	 epoch  40 training error:  tensor(0.2666, device='cuda:0', grad_fn=<DivBackward0>)
Memory status after this epoch: 
Memory allocated:  4.9150390625
Memory cached:  18.0
	 epoch  50 training error:  tensor(0.2591, device='cuda:0', grad_fn=<DivBackward0>)
Memory status after this epoch: 
Memory allocated:  4.9150390625
Memory cached:  18.0
	 epoch  60 training error:  tensor(0.2588, device='cuda:0', grad_fn=<DivBackward0>)
Memory status after this epoch: 
Memory allocated:  4.9150390625
Memory cached:  18.0
	 epoch  70 training error:  tensor(0.2578, device='cuda:0', grad_fn=<DivBackward0>)
Memory status after this epoch: 
Memory allocated:  4.9150390625
Memory cached:  18.0
	 epoch  80 training error:  tensor(0.2579, device='cuda:0', grad_fn=<DivBackward0>)
Memory status after this epoch: 
Memory allocated:  4.9150390625
Memory cached:  18.0
	 epoch  90 training error:  tensor(0.2578, device='cuda:0', grad_fn=<DivBackward0>)
Memory status after this epoch: 
Memory allocated:  4.9150390625
Memory cached:  18.0
[I 2023-11-01 17:31:07,633] Trial 41 finished with value: 0.22958020865917206 and parameters: {'W_layers': 8, 'W_layer_units_exponent_0': 6, 'W_layer_units_exponent_1': 7, 'W_layer_units_exponent_2': 6, 'W_layer_units_exponent_3': 9, 'W_layer_units_exponent_4': 7, 'W_layer_units_exponent_5': 5, 'W_layer_units_exponent_6': 6, 'W_layer_units_exponent_7': 9, 'D_layers': 6, 'D_layer_units_exponent_0': 8, 'D_layer_units_exponent_1': 6, 'D_layer_units_exponent_2': 4, 'D_layer_units_exponent_3': 9, 'D_layer_units_exponent_4': 8, 'D_layer_units_exponent_5': 4, 'log_learning_rate': -3.7904175218686893, 'log_learning_rate_D': -1.209472722181743, 'training_batch_size': 10, 'training_p': 6}. Best is trial 12 with value: 0.22162218391895294.
Time for this trial:  176.4241931438446
Memory status after this trial: 
Memory allocated:  142.9775390625
Memory cached:  146.0
--------------------  Trial  42   --------------------
Start timing: 
Parameters: 
{'W_layers': 7, 'W_layer_units_exponent_0': 9, 'W_layer_units_exponent_1': 7, 'W_layer_units_exponent_2': 6, 'W_layer_units_exponent_3': 9, 'W_layer_units_exponent_4': 7, 'W_layer_units_exponent_5': 6, 'W_layer_units_exponent_6': 8, 'D_layers': 4, 'D_layer_units_exponent_0': 8, 'D_layer_units_exponent_1': 4, 'D_layer_units_exponent_2': 5, 'D_layer_units_exponent_3': 8, 'log_learning_rate': -4.5127353966494725, 'log_learning_rate_D': -1.2423461177448045, 'training_batch_size': 10, 'training_p': 5}
	 epoch  0 training error:  tensor(1.0063, device='cuda:0', grad_fn=<DivBackward0>)
Memory status after this epoch: 
Memory allocated:  3.3349609375
Memory cached:  16.0
	 epoch  10 training error:  tensor(0.9445, device='cuda:0', grad_fn=<DivBackward0>)
Memory status after this epoch: 
Memory allocated:  3.3349609375
Memory cached:  20.0
	 epoch  20 training error:  tensor(0.8519, device='cuda:0', grad_fn=<DivBackward0>)
Memory status after this epoch: 
Memory allocated:  3.3349609375
Memory cached:  22.0
	 epoch  30 training error:  tensor(0.6955, device='cuda:0', grad_fn=<DivBackward0>)
Memory status after this epoch: 
Memory allocated:  3.3349609375
Memory cached:  22.0
	 epoch  40 training error:  tensor(0.4277, device='cuda:0', grad_fn=<DivBackward0>)
Memory status after this epoch: 
Memory allocated:  3.3349609375
Memory cached:  22.0
	 epoch  50 training error:  tensor(0.3036, device='cuda:0', grad_fn=<DivBackward0>)
Memory status after this epoch: 
Memory allocated:  3.3349609375
Memory cached:  22.0
	 epoch  60 training error:  tensor(0.2560, device='cuda:0', grad_fn=<DivBackward0>)
Memory status after this epoch: 
Memory allocated:  3.3349609375
Memory cached:  20.0
	 epoch  70 training error:  tensor(0.2606, device='cuda:0', grad_fn=<DivBackward0>)
Memory status after this epoch: 
Memory allocated:  3.3349609375
Memory cached:  26.0
	 epoch  80 training error:  tensor(0.2590, device='cuda:0', grad_fn=<DivBackward0>)
Memory status after this epoch: 
Memory allocated:  3.3349609375
Memory cached:  24.0
	 epoch  90 training error:  tensor(0.2565, device='cuda:0', grad_fn=<DivBackward0>)
Memory status after this epoch: 
Memory allocated:  3.3349609375
Memory cached:  24.0
[I 2023-11-01 17:33:39,389] Trial 42 finished with value: 0.22850120067596436 and parameters: {'W_layers': 7, 'W_layer_units_exponent_0': 9, 'W_layer_units_exponent_1': 7, 'W_layer_units_exponent_2': 6, 'W_layer_units_exponent_3': 9, 'W_layer_units_exponent_4': 7, 'W_layer_units_exponent_5': 6, 'W_layer_units_exponent_6': 8, 'D_layers': 4, 'D_layer_units_exponent_0': 8, 'D_layer_units_exponent_1': 4, 'D_layer_units_exponent_2': 5, 'D_layer_units_exponent_3': 8, 'log_learning_rate': -4.5127353966494725, 'log_learning_rate_D': -1.2423461177448045, 'training_batch_size': 10, 'training_p': 5}. Best is trial 12 with value: 0.22162218391895294.
Time for this trial:  151.50306057929993
Memory status after this trial: 
Memory allocated:  120.955078125
Memory cached:  124.0
--------------------  Trial  43   --------------------
Start timing: 
Parameters: 
{'W_layers': 7, 'W_layer_units_exponent_0': 7, 'W_layer_units_exponent_1': 5, 'W_layer_units_exponent_2': 7, 'W_layer_units_exponent_3': 8, 'W_layer_units_exponent_4': 8, 'W_layer_units_exponent_5': 4, 'W_layer_units_exponent_6': 7, 'D_layers': 8, 'D_layer_units_exponent_0': 10, 'D_layer_units_exponent_1': 4, 'D_layer_units_exponent_2': 8, 'D_layer_units_exponent_3': 9, 'D_layer_units_exponent_4': 10, 'D_layer_units_exponent_5': 5, 'D_layer_units_exponent_6': 10, 'D_layer_units_exponent_7': 6, 'log_learning_rate': -4.172301703095924, 'log_learning_rate_D': -1.559384613239709, 'training_batch_size': 11, 'training_p': 6}
	 epoch  0 training error:  tensor(0.9975, device='cuda:0', grad_fn=<DivBackward0>)
Memory status after this epoch: 
Memory allocated:  14.2275390625
Memory cached:  38.0
	 epoch  10 training error:  tensor(0.9159, device='cuda:0', grad_fn=<DivBackward0>)
Memory status after this epoch: 
Memory allocated:  14.2275390625
Memory cached:  40.0
	 epoch  20 training error:  tensor(0.7944, device='cuda:0', grad_fn=<DivBackward0>)
Memory status after this epoch: 
Memory allocated:  14.2275390625
Memory cached:  40.0
	 epoch  30 training error:  tensor(0.5887, device='cuda:0', grad_fn=<DivBackward0>)
Memory status after this epoch: 
Memory allocated:  14.2275390625
Memory cached:  40.0
	 epoch  40 training error:  tensor(0.2673, device='cuda:0', grad_fn=<DivBackward0>)
Memory status after this epoch: 
Memory allocated:  14.2275390625
Memory cached:  40.0
	 epoch  50 training error:  tensor(0.2854, device='cuda:0', grad_fn=<DivBackward0>)
Memory status after this epoch: 
Memory allocated:  14.2275390625
Memory cached:  40.0
	 epoch  60 training error:  tensor(0.2749, device='cuda:0', grad_fn=<DivBackward0>)
Memory status after this epoch: 
Memory allocated:  14.2275390625
Memory cached:  40.0
	 epoch  70 training error:  tensor(0.2617, device='cuda:0', grad_fn=<DivBackward0>)
Memory status after this epoch: 
Memory allocated:  14.2275390625
Memory cached:  40.0
	 epoch  80 training error:  tensor(0.2583, device='cuda:0', grad_fn=<DivBackward0>)
Memory status after this epoch: 
Memory allocated:  14.2275390625
Memory cached:  40.0
	 epoch  90 training error:  tensor(0.2577, device='cuda:0', grad_fn=<DivBackward0>)
Memory status after this epoch: 
Memory allocated:  14.2275390625
Memory cached:  40.0
[I 2023-11-01 17:36:58,290] Trial 43 finished with value: 0.22910480201244354 and parameters: {'W_layers': 7, 'W_layer_units_exponent_0': 7, 'W_layer_units_exponent_1': 5, 'W_layer_units_exponent_2': 7, 'W_layer_units_exponent_3': 8, 'W_layer_units_exponent_4': 8, 'W_layer_units_exponent_5': 4, 'W_layer_units_exponent_6': 7, 'D_layers': 8, 'D_layer_units_exponent_0': 10, 'D_layer_units_exponent_1': 4, 'D_layer_units_exponent_2': 8, 'D_layer_units_exponent_3': 9, 'D_layer_units_exponent_4': 10, 'D_layer_units_exponent_5': 5, 'D_layer_units_exponent_6': 10, 'D_layer_units_exponent_7': 6, 'log_learning_rate': -4.172301703095924, 'log_learning_rate_D': -1.559384613239709, 'training_batch_size': 11, 'training_p': 6}. Best is trial 12 with value: 0.22162218391895294.
Time for this trial:  198.64081811904907
Memory status after this trial: 
Memory allocated:  267.4609375
Memory cached:  288.0
--------------------  Trial  44   --------------------
Start timing: 
Parameters: 
{'W_layers': 2, 'W_layer_units_exponent_0': 6, 'W_layer_units_exponent_1': 8, 'D_layers': 5, 'D_layer_units_exponent_0': 7, 'D_layer_units_exponent_1': 7, 'D_layer_units_exponent_2': 4, 'D_layer_units_exponent_3': 10, 'D_layer_units_exponent_4': 6, 'log_learning_rate': -4.797981817021215, 'log_learning_rate_D': -1.6727827840532312, 'training_batch_size': 10, 'training_p': 6}
	 epoch  0 training error:  tensor(1.2031, device='cuda:0', grad_fn=<DivBackward0>)
Memory status after this epoch: 
Memory allocated:  1.8681640625
Memory cached:  10.0
	 epoch  10 training error:  tensor(1.1592, device='cuda:0', grad_fn=<DivBackward0>)
Memory status after this epoch: 
Memory allocated:  1.8681640625
Memory cached:  12.0
	 epoch  20 training error:  tensor(1.1115, device='cuda:0', grad_fn=<DivBackward0>)
Memory status after this epoch: 
Memory allocated:  1.8681640625
Memory cached:  12.0
	 epoch  30 training error:  tensor(1.0639, device='cuda:0', grad_fn=<DivBackward0>)
Memory status after this epoch: 
Memory allocated:  1.8681640625
Memory cached:  12.0
	 epoch  40 training error:  tensor(1.0165, device='cuda:0', grad_fn=<DivBackward0>)
Memory status after this epoch: 
Memory allocated:  1.8681640625
Memory cached:  12.0
	 epoch  50 training error:  tensor(0.9694, device='cuda:0', grad_fn=<DivBackward0>)
Memory status after this epoch: 
Memory allocated:  1.8681640625
Memory cached:  12.0
	 epoch  60 training error:  tensor(0.9227, device='cuda:0', grad_fn=<DivBackward0>)
Memory status after this epoch: 
Memory allocated:  1.8681640625
Memory cached:  12.0
	 epoch  70 training error:  tensor(0.8762, device='cuda:0', grad_fn=<DivBackward0>)
Memory status after this epoch: 
Memory allocated:  1.8681640625
Memory cached:  12.0
	 epoch  80 training error:  tensor(0.8300, device='cuda:0', grad_fn=<DivBackward0>)
Memory status after this epoch: 
Memory allocated:  1.8681640625
Memory cached:  12.0
	 epoch  90 training error:  tensor(0.7842, device='cuda:0', grad_fn=<DivBackward0>)
Memory status after this epoch: 
Memory allocated:  1.8681640625
Memory cached:  12.0
[I 2023-11-01 17:38:57,239] Trial 44 finished with value: 0.7200724482536316 and parameters: {'W_layers': 2, 'W_layer_units_exponent_0': 6, 'W_layer_units_exponent_1': 8, 'D_layers': 5, 'D_layer_units_exponent_0': 7, 'D_layer_units_exponent_1': 7, 'D_layer_units_exponent_2': 4, 'D_layer_units_exponent_3': 10, 'D_layer_units_exponent_4': 6, 'log_learning_rate': -4.797981817021215, 'log_learning_rate_D': -1.6727827840532312, 'training_batch_size': 10, 'training_p': 6}. Best is trial 12 with value: 0.22162218391895294.
Time for this trial:  118.71496534347534
Memory status after this trial: 
Memory allocated:  90.74169921875
Memory cached:  92.0
--------------------  Trial  45   --------------------
Start timing: 
Parameters: 
{'W_layers': 8, 'W_layer_units_exponent_0': 5, 'W_layer_units_exponent_1': 8, 'W_layer_units_exponent_2': 6, 'W_layer_units_exponent_3': 9, 'W_layer_units_exponent_4': 9, 'W_layer_units_exponent_5': 5, 'W_layer_units_exponent_6': 10, 'W_layer_units_exponent_7': 9, 'D_layers': 6, 'D_layer_units_exponent_0': 8, 'D_layer_units_exponent_1': 5, 'D_layer_units_exponent_2': 4, 'D_layer_units_exponent_3': 9, 'D_layer_units_exponent_4': 4, 'D_layer_units_exponent_5': 6, 'log_learning_rate': -4.349796613617492, 'log_learning_rate_D': -1.9253640847150364, 'training_batch_size': 9, 'training_p': 7}
	 epoch  0 training error:  tensor(0.9981, device='cuda:0', grad_fn=<DivBackward0>)
Memory status after this epoch: 
Memory allocated:  14.1591796875
Memory cached:  34.0
	 epoch  10 training error:  tensor(0.8305, device='cuda:0', grad_fn=<DivBackward0>)
Memory status after this epoch: 
Memory allocated:  14.1591796875
Memory cached:  38.0
	 epoch  20 training error:  tensor(0.4061, device='cuda:0', grad_fn=<DivBackward0>)
Memory status after this epoch: 
Memory allocated:  14.1591796875
Memory cached:  38.0
	 epoch  30 training error:  tensor(0.2806, device='cuda:0', grad_fn=<DivBackward0>)
Memory status after this epoch: 
Memory allocated:  14.1591796875
Memory cached:  38.0
	 epoch  40 training error:  tensor(0.2595, device='cuda:0', grad_fn=<DivBackward0>)
Memory status after this epoch: 
Memory allocated:  14.1591796875
Memory cached:  38.0
	 epoch  50 training error:  tensor(0.2609, device='cuda:0', grad_fn=<DivBackward0>)
Memory status after this epoch: 
Memory allocated:  14.1591796875
Memory cached:  38.0
	 epoch  60 training error:  tensor(0.2600, device='cuda:0', grad_fn=<DivBackward0>)
Memory status after this epoch: 
Memory allocated:  14.1591796875
Memory cached:  38.0
	 epoch  70 training error:  tensor(0.2592, device='cuda:0', grad_fn=<DivBackward0>)
Memory status after this epoch: 
Memory allocated:  14.1591796875
Memory cached:  38.0
	 epoch  80 training error:  tensor(0.2593, device='cuda:0', grad_fn=<DivBackward0>)
Memory status after this epoch: 
Memory allocated:  14.1591796875
Memory cached:  38.0
	 epoch  90 training error:  tensor(0.2592, device='cuda:0', grad_fn=<DivBackward0>)
Memory status after this epoch: 
Memory allocated:  14.1591796875
Memory cached:  38.0
[I 2023-11-01 17:42:02,513] Trial 45 finished with value: 0.22908754646778107 and parameters: {'W_layers': 8, 'W_layer_units_exponent_0': 5, 'W_layer_units_exponent_1': 8, 'W_layer_units_exponent_2': 6, 'W_layer_units_exponent_3': 9, 'W_layer_units_exponent_4': 9, 'W_layer_units_exponent_5': 5, 'W_layer_units_exponent_6': 10, 'W_layer_units_exponent_7': 9, 'D_layers': 6, 'D_layer_units_exponent_0': 8, 'D_layer_units_exponent_1': 5, 'D_layer_units_exponent_2': 4, 'D_layer_units_exponent_3': 9, 'D_layer_units_exponent_4': 4, 'D_layer_units_exponent_5': 6, 'log_learning_rate': -4.349796613617492, 'log_learning_rate_D': -1.9253640847150364, 'training_batch_size': 9, 'training_p': 7}. Best is trial 12 with value: 0.22162218391895294.
Time for this trial:  185.00224995613098
Memory status after this trial: 
Memory allocated:  212.66064453125
Memory cached:  232.0
--------------------  Trial  46   --------------------
Start timing: 
Parameters: 
{'W_layers': 6, 'W_layer_units_exponent_0': 7, 'W_layer_units_exponent_1': 10, 'W_layer_units_exponent_2': 5, 'W_layer_units_exponent_3': 10, 'W_layer_units_exponent_4': 7, 'W_layer_units_exponent_5': 6, 'D_layers': 7, 'D_layer_units_exponent_0': 4, 'D_layer_units_exponent_1': 4, 'D_layer_units_exponent_2': 5, 'D_layer_units_exponent_3': 8, 'D_layer_units_exponent_4': 8, 'D_layer_units_exponent_5': 4, 'D_layer_units_exponent_6': 9, 'log_learning_rate': -4.771799490670178, 'log_learning_rate_D': -2.101671212963087, 'training_batch_size': 11, 'training_p': 8}
	 epoch  0 training error:  tensor(1.0013, device='cuda:0', grad_fn=<DivBackward0>)
Memory status after this epoch: 
Memory allocated:  6.5712890625
Memory cached:  16.0
	 epoch  10 training error:  tensor(0.9372, device='cuda:0', grad_fn=<DivBackward0>)
Memory status after this epoch: 
Memory allocated:  6.5712890625
Memory cached:  18.0
	 epoch  20 training error:  tensor(0.8514, device='cuda:0', grad_fn=<DivBackward0>)
Memory status after this epoch: 
Memory allocated:  6.5712890625
Memory cached:  18.0
	 epoch  30 training error:  tensor(0.7210, device='cuda:0', grad_fn=<DivBackward0>)
Memory status after this epoch: 
Memory allocated:  6.5712890625
Memory cached:  18.0
	 epoch  40 training error:  tensor(0.5279, device='cuda:0', grad_fn=<DivBackward0>)
Memory status after this epoch: 
Memory allocated:  6.5712890625
Memory cached:  18.0
	 epoch  50 training error:  tensor(0.2765, device='cuda:0', grad_fn=<DivBackward0>)
Memory status after this epoch: 
Memory allocated:  6.5712890625
Memory cached:  18.0
	 epoch  60 training error:  tensor(0.2983, device='cuda:0', grad_fn=<DivBackward0>)
Memory status after this epoch: 
Memory allocated:  6.5712890625
Memory cached:  18.0
	 epoch  70 training error:  tensor(0.2602, device='cuda:0', grad_fn=<DivBackward0>)
Memory status after this epoch: 
Memory allocated:  6.5712890625
Memory cached:  18.0
	 epoch  80 training error:  tensor(0.2612, device='cuda:0', grad_fn=<DivBackward0>)
Memory status after this epoch: 
Memory allocated:  6.5712890625
Memory cached:  18.0
	 epoch  90 training error:  tensor(0.2601, device='cuda:0', grad_fn=<DivBackward0>)
Memory status after this epoch: 
Memory allocated:  6.5712890625
Memory cached:  18.0
