[I 2023-11-04 01:46:25,118] Trial 27 finished with value: 0.07203284651041031 and parameters: {'W_layers': 7, 'W_layer_units_exponent_0': 7, 'W_layer_units_exponent_1': 9, 'W_layer_units_exponent_2': 9, 'W_layer_units_exponent_3': 5, 'W_layer_units_exponent_4': 6, 'W_layer_units_exponent_5': 4, 'W_layer_units_exponent_6': 6, 'D_layers': 4, 'D_layer_units_exponent_0': 7, 'D_layer_units_exponent_1': 10, 'D_layer_units_exponent_2': 9, 'D_layer_units_exponent_3': 9, 'log_learning_rate': -2.188336612917309, 'log_learning_rate_D': -3.8601599467383996, 'training_batch_size': 9, 'training_p': 3}. Best is trial 24 with value: 0.03180091083049774.
Time for this trial:  158.73634934425354
Memory status after this trial: 
Memory allocated:  196.4990234375
Memory cached:  220.0
--------------------  Trial  28   --------------------
Start timing: 
Parameters: 
{'W_layers': 8, 'W_layer_units_exponent_0': 6, 'W_layer_units_exponent_1': 10, 'W_layer_units_exponent_2': 5, 'W_layer_units_exponent_3': 9, 'W_layer_units_exponent_4': 8, 'W_layer_units_exponent_5': 8, 'W_layer_units_exponent_6': 4, 'W_layer_units_exponent_7': 7, 'D_layers': 3, 'D_layer_units_exponent_0': 7, 'D_layer_units_exponent_1': 7, 'D_layer_units_exponent_2': 9, 'log_learning_rate': -2.6662638128596465, 'log_learning_rate_D': -4.988031185994962, 'training_batch_size': 11, 'training_p': 6}
	 epoch  0 training error:  tensor(0.9831, device='cuda:0', grad_fn=<DivBackward0>)
Memory status after this epoch: 
Memory allocated:  6.19921875
Memory cached:  14.0
	 epoch  10 training error:  tensor(0.5496, device='cuda:0', grad_fn=<DivBackward0>)
Memory status after this epoch: 
Memory allocated:  6.19921875
Memory cached:  16.0
	 epoch  20 training error:  tensor(0.1293, device='cuda:0', grad_fn=<DivBackward0>)
Memory status after this epoch: 
Memory allocated:  6.19921875
Memory cached:  16.0
	 epoch  30 training error:  tensor(0.2250, device='cuda:0', grad_fn=<DivBackward0>)
Memory status after this epoch: 
Memory allocated:  6.19921875
Memory cached:  16.0
	 epoch  40 training error:  tensor(0.0908, device='cuda:0', grad_fn=<DivBackward0>)
Memory status after this epoch: 
Memory allocated:  6.19921875
Memory cached:  16.0
	 epoch  50 training error:  tensor(0.1158, device='cuda:0', grad_fn=<DivBackward0>)
Memory status after this epoch: 
Memory allocated:  6.19921875
Memory cached:  14.0
	 epoch  60 training error:  tensor(0.0673, device='cuda:0', grad_fn=<DivBackward0>)
Memory status after this epoch: 
Memory allocated:  6.19921875
Memory cached:  18.0
	 epoch  70 training error:  tensor(0.0549, device='cuda:0', grad_fn=<DivBackward0>)
Memory status after this epoch: 
Memory allocated:  6.19921875
Memory cached:  14.0
	 epoch  80 training error:  tensor(0.0504, device='cuda:0', grad_fn=<DivBackward0>)
Memory status after this epoch: 
Memory allocated:  6.19921875
Memory cached:  14.0
	 epoch  90 training error:  tensor(0.0487, device='cuda:0', grad_fn=<DivBackward0>)
Memory status after this epoch: 
Memory allocated:  6.19921875
Memory cached:  16.0
[I 2023-11-04 01:49:00,405] Trial 28 finished with value: 0.039754122495651245 and parameters: {'W_layers': 8, 'W_layer_units_exponent_0': 6, 'W_layer_units_exponent_1': 10, 'W_layer_units_exponent_2': 5, 'W_layer_units_exponent_3': 9, 'W_layer_units_exponent_4': 8, 'W_layer_units_exponent_5': 8, 'W_layer_units_exponent_6': 4, 'W_layer_units_exponent_7': 7, 'D_layers': 3, 'D_layer_units_exponent_0': 7, 'D_layer_units_exponent_1': 7, 'D_layer_units_exponent_2': 9, 'log_learning_rate': -2.6662638128596465, 'log_learning_rate_D': -4.988031185994962, 'training_batch_size': 11, 'training_p': 6}. Best is trial 24 with value: 0.03180091083049774.
Time for this trial:  155.0487060546875
Memory status after this trial: 
Memory allocated:  166.7109375
Memory cached:  170.0
--------------------  Trial  29   --------------------
Start timing: 
Parameters: 
{'W_layers': 7, 'W_layer_units_exponent_0': 8, 'W_layer_units_exponent_1': 6, 'W_layer_units_exponent_2': 4, 'W_layer_units_exponent_3': 6, 'W_layer_units_exponent_4': 4, 'W_layer_units_exponent_5': 6, 'W_layer_units_exponent_6': 8, 'D_layers': 5, 'D_layer_units_exponent_0': 8, 'D_layer_units_exponent_1': 9, 'D_layer_units_exponent_2': 10, 'D_layer_units_exponent_3': 10, 'D_layer_units_exponent_4': 10, 'log_learning_rate': -1.669056086754463, 'log_learning_rate_D': -3.757821921097888, 'training_batch_size': 8, 'training_p': 2}
	 epoch  0 training error:  tensor(0.9825, device='cuda:0', grad_fn=<DivBackward0>)
Memory status after this epoch: 
Memory allocated:  42.71484375
Memory cached:  52.0
	 epoch  10 training error:  tensor(0.4019, device='cuda:0', grad_fn=<DivBackward0>)
Memory status after this epoch: 
Memory allocated:  42.71484375
Memory cached:  56.0
	 epoch  20 training error:  tensor(0.9143, device='cuda:0', grad_fn=<DivBackward0>)
Memory status after this epoch: 
Memory allocated:  42.71484375
Memory cached:  58.0
	 epoch  30 training error:  tensor(1., device='cuda:0', grad_fn=<DivBackward0>)
Memory status after this epoch: 
Memory allocated:  42.71484375
Memory cached:  56.0
	 epoch  40 training error:  tensor(1., device='cuda:0', grad_fn=<DivBackward0>)
Memory status after this epoch: 
Memory allocated:  42.71484375
Memory cached:  56.0
	 epoch  50 training error:  tensor(1., device='cuda:0', grad_fn=<DivBackward0>)
Memory status after this epoch: 
Memory allocated:  42.71484375
Memory cached:  56.0
	 epoch  60 training error:  tensor(1., device='cuda:0', grad_fn=<DivBackward0>)
Memory status after this epoch: 
Memory allocated:  42.71484375
Memory cached:  56.0
	 epoch  70 training error:  tensor(1., device='cuda:0', grad_fn=<DivBackward0>)
Memory status after this epoch: 
Memory allocated:  42.71484375
Memory cached:  56.0
	 epoch  80 training error:  tensor(1., device='cuda:0', grad_fn=<DivBackward0>)
Memory status after this epoch: 
Memory allocated:  42.71484375
Memory cached:  58.0
	 epoch  90 training error:  tensor(1., device='cuda:0', grad_fn=<DivBackward0>)
Memory status after this epoch: 
Memory allocated:  42.71484375
Memory cached:  56.0
[I 2023-11-04 01:51:53,748] Trial 29 finished with value: 1.0 and parameters: {'W_layers': 7, 'W_layer_units_exponent_0': 8, 'W_layer_units_exponent_1': 6, 'W_layer_units_exponent_2': 4, 'W_layer_units_exponent_3': 6, 'W_layer_units_exponent_4': 4, 'W_layer_units_exponent_5': 6, 'W_layer_units_exponent_6': 8, 'D_layers': 5, 'D_layer_units_exponent_0': 8, 'D_layer_units_exponent_1': 9, 'D_layer_units_exponent_2': 10, 'D_layer_units_exponent_3': 10, 'D_layer_units_exponent_4': 10, 'log_learning_rate': -1.669056086754463, 'log_learning_rate_D': -3.757821921097888, 'training_batch_size': 8, 'training_p': 2}. Best is trial 24 with value: 0.03180091083049774.
Time for this trial:  173.10046863555908
Memory status after this trial: 
Memory allocated:  264.67578125
Memory cached:  288.0
--------------------  Trial  30   --------------------
Start timing: 
Parameters: 
{'W_layers': 6, 'W_layer_units_exponent_0': 4, 'W_layer_units_exponent_1': 5, 'W_layer_units_exponent_2': 5, 'W_layer_units_exponent_3': 4, 'W_layer_units_exponent_4': 7, 'W_layer_units_exponent_5': 8, 'D_layers': 4, 'D_layer_units_exponent_0': 9, 'D_layer_units_exponent_1': 5, 'D_layer_units_exponent_2': 8, 'D_layer_units_exponent_3': 5, 'log_learning_rate': -3.2685251683655294, 'log_learning_rate_D': -4.302769985299453, 'training_batch_size': 12, 'training_p': 5}
	 epoch  0 training error:  tensor(1.0142, device='cuda:0', grad_fn=<DivBackward0>)
Memory status after this epoch: 
Memory allocated:  1.15234375
Memory cached:  8.0
	 epoch  10 training error:  tensor(0.2587, device='cuda:0', grad_fn=<DivBackward0>)
Memory status after this epoch: 
Memory allocated:  1.15234375
Memory cached:  10.0
	 epoch  20 training error:  tensor(0.1818, device='cuda:0', grad_fn=<DivBackward0>)
Memory status after this epoch: 
Memory allocated:  1.15234375
Memory cached:  10.0
	 epoch  30 training error:  tensor(0.0896, device='cuda:0', grad_fn=<DivBackward0>)
Memory status after this epoch: 
Memory allocated:  1.15234375
Memory cached:  10.0
	 epoch  40 training error:  tensor(0.0688, device='cuda:0', grad_fn=<DivBackward0>)
Memory status after this epoch: 
Memory allocated:  1.15234375
Memory cached:  10.0
	 epoch  50 training error:  tensor(0.0585, device='cuda:0', grad_fn=<DivBackward0>)
Memory status after this epoch: 
Memory allocated:  1.15234375
Memory cached:  10.0
	 epoch  60 training error:  tensor(0.0513, device='cuda:0', grad_fn=<DivBackward0>)
Memory status after this epoch: 
Memory allocated:  1.15234375
Memory cached:  10.0
	 epoch  70 training error:  tensor(0.0484, device='cuda:0', grad_fn=<DivBackward0>)
Memory status after this epoch: 
Memory allocated:  1.15234375
Memory cached:  10.0
	 epoch  80 training error:  tensor(0.0469, device='cuda:0', grad_fn=<DivBackward0>)
Memory status after this epoch: 
Memory allocated:  1.15234375
Memory cached:  10.0
	 epoch  90 training error:  tensor(0.0460, device='cuda:0', grad_fn=<DivBackward0>)
Memory status after this epoch: 
Memory allocated:  1.15234375
Memory cached:  10.0
[I 2023-11-04 01:54:09,634] Trial 30 finished with value: 0.04153598099946976 and parameters: {'W_layers': 6, 'W_layer_units_exponent_0': 4, 'W_layer_units_exponent_1': 5, 'W_layer_units_exponent_2': 5, 'W_layer_units_exponent_3': 4, 'W_layer_units_exponent_4': 7, 'W_layer_units_exponent_5': 8, 'D_layers': 4, 'D_layer_units_exponent_0': 9, 'D_layer_units_exponent_1': 5, 'D_layer_units_exponent_2': 8, 'D_layer_units_exponent_3': 5, 'log_learning_rate': -3.2685251683655294, 'log_learning_rate_D': -4.302769985299453, 'training_batch_size': 12, 'training_p': 5}. Best is trial 24 with value: 0.03180091083049774.
Time for this trial:  135.6595594882965
Memory status after this trial: 
Memory allocated:  71.1845703125
Memory cached:  72.0
--------------------  Trial  31   --------------------
Start timing: 
Parameters: 
{'W_layers': 5, 'W_layer_units_exponent_0': 5, 'W_layer_units_exponent_1': 9, 'W_layer_units_exponent_2': 4, 'W_layer_units_exponent_3': 7, 'W_layer_units_exponent_4': 5, 'D_layers': 3, 'D_layer_units_exponent_0': 7, 'D_layer_units_exponent_1': 7, 'D_layer_units_exponent_2': 8, 'log_learning_rate': -2.757121401847689, 'log_learning_rate_D': -4.2832583574267655, 'training_batch_size': 11, 'training_p': 4}
	 epoch  0 training error:  tensor(0.9211, device='cuda:0', grad_fn=<DivBackward0>)
Memory status after this epoch: 
Memory allocated:  1.291015625
Memory cached:  8.0
	 epoch  10 training error:  tensor(0.1244, device='cuda:0', grad_fn=<DivBackward0>)
Memory status after this epoch: 
Memory allocated:  1.291015625
Memory cached:  10.0
	 epoch  20 training error:  tensor(0.0684, device='cuda:0', grad_fn=<DivBackward0>)
Memory status after this epoch: 
Memory allocated:  1.291015625
Memory cached:  10.0
	 epoch  30 training error:  tensor(0.0633, device='cuda:0', grad_fn=<DivBackward0>)
Memory status after this epoch: 
Memory allocated:  1.291015625
Memory cached:  10.0
	 epoch  40 training error:  tensor(0.0610, device='cuda:0', grad_fn=<DivBackward0>)
Memory status after this epoch: 
Memory allocated:  1.291015625
Memory cached:  10.0
	 epoch  50 training error:  tensor(0.0493, device='cuda:0', grad_fn=<DivBackward0>)
Memory status after this epoch: 
Memory allocated:  1.291015625
Memory cached:  10.0
	 epoch  60 training error:  tensor(0.0469, device='cuda:0', grad_fn=<DivBackward0>)
Memory status after this epoch: 
Memory allocated:  1.291015625
Memory cached:  10.0
	 epoch  70 training error:  tensor(0.0400, device='cuda:0', grad_fn=<DivBackward0>)
Memory status after this epoch: 
Memory allocated:  1.291015625
Memory cached:  10.0
	 epoch  80 training error:  tensor(0.0392, device='cuda:0', grad_fn=<DivBackward0>)
Memory status after this epoch: 
Memory allocated:  1.291015625
Memory cached:  10.0
	 epoch  90 training error:  tensor(0.0411, device='cuda:0', grad_fn=<DivBackward0>)
Memory status after this epoch: 
Memory allocated:  1.291015625
Memory cached:  10.0
[I 2023-11-04 01:56:10,803] Trial 31 finished with value: 0.04045070335268974 and parameters: {'W_layers': 5, 'W_layer_units_exponent_0': 5, 'W_layer_units_exponent_1': 9, 'W_layer_units_exponent_2': 4, 'W_layer_units_exponent_3': 7, 'W_layer_units_exponent_4': 5, 'D_layers': 3, 'D_layer_units_exponent_0': 7, 'D_layer_units_exponent_1': 7, 'D_layer_units_exponent_2': 8, 'log_learning_rate': -2.757121401847689, 'log_learning_rate_D': -4.2832583574267655, 'training_batch_size': 11, 'training_p': 4}. Best is trial 24 with value: 0.03180091083049774.
Time for this trial:  120.94725060462952
Memory status after this trial: 
Memory allocated:  66.9814453125
Memory cached:  68.0
--------------------  Trial  32   --------------------
Start timing: 
Parameters: 
{'W_layers': 6, 'W_layer_units_exponent_0': 5, 'W_layer_units_exponent_1': 8, 'W_layer_units_exponent_2': 4, 'W_layer_units_exponent_3': 7, 'W_layer_units_exponent_4': 5, 'W_layer_units_exponent_5': 5, 'D_layers': 3, 'D_layer_units_exponent_0': 7, 'D_layer_units_exponent_1': 8, 'D_layer_units_exponent_2': 9, 'log_learning_rate': -3.165209723500925, 'log_learning_rate_D': -4.640644332601191, 'training_batch_size': 11, 'training_p': 3}
	 epoch  0 training error:  tensor(0.9988, device='cuda:0', grad_fn=<DivBackward0>)
Memory status after this epoch: 
Memory allocated:  2.876953125
Memory cached:  8.0
	 epoch  10 training error:  tensor(0.3297, device='cuda:0', grad_fn=<DivBackward0>)
Memory status after this epoch: 
Memory allocated:  2.876953125
Memory cached:  10.0
	 epoch  20 training error:  tensor(0.0880, device='cuda:0', grad_fn=<DivBackward0>)
Memory status after this epoch: 
Memory allocated:  2.876953125
Memory cached:  10.0
	 epoch  30 training error:  tensor(0.0711, device='cuda:0', grad_fn=<DivBackward0>)
Memory status after this epoch: 
Memory allocated:  2.876953125
Memory cached:  10.0
	 epoch  40 training error:  tensor(0.0696, device='cuda:0', grad_fn=<DivBackward0>)
Memory status after this epoch: 
Memory allocated:  2.876953125
Memory cached:  10.0
	 epoch  50 training error:  tensor(0.0546, device='cuda:0', grad_fn=<DivBackward0>)
Memory status after this epoch: 
Memory allocated:  2.876953125
Memory cached:  10.0
	 epoch  60 training error:  tensor(0.0434, device='cuda:0', grad_fn=<DivBackward0>)
Memory status after this epoch: 
Memory allocated:  2.876953125
Memory cached:  10.0
	 epoch  70 training error:  tensor(0.0420, device='cuda:0', grad_fn=<DivBackward0>)
Memory status after this epoch: 
Memory allocated:  2.876953125
Memory cached:  10.0
	 epoch  80 training error:  tensor(0.0397, device='cuda:0', grad_fn=<DivBackward0>)
Memory status after this epoch: 
Memory allocated:  2.876953125
Memory cached:  10.0
	 epoch  90 training error:  tensor(0.0378, device='cuda:0', grad_fn=<DivBackward0>)
Memory status after this epoch: 
Memory allocated:  2.876953125
Memory cached:  10.0
[I 2023-11-04 01:58:20,349] Trial 32 finished with value: 0.03893069177865982 and parameters: {'W_layers': 6, 'W_layer_units_exponent_0': 5, 'W_layer_units_exponent_1': 8, 'W_layer_units_exponent_2': 4, 'W_layer_units_exponent_3': 7, 'W_layer_units_exponent_4': 5, 'W_layer_units_exponent_5': 5, 'D_layers': 3, 'D_layer_units_exponent_0': 7, 'D_layer_units_exponent_1': 8, 'D_layer_units_exponent_2': 9, 'log_learning_rate': -3.165209723500925, 'log_learning_rate_D': -4.640644332601191, 'training_batch_size': 11, 'training_p': 3}. Best is trial 24 with value: 0.03180091083049774.
Time for this trial:  129.33936142921448
Memory status after this trial: 
Memory allocated:  76.1142578125
Memory cached:  78.0
--------------------  Trial  33   --------------------
Start timing: 
Parameters: 
{'W_layers': 5, 'W_layer_units_exponent_0': 4, 'W_layer_units_exponent_1': 9, 'W_layer_units_exponent_2': 4, 'W_layer_units_exponent_3': 6, 'W_layer_units_exponent_4': 4, 'D_layers': 2, 'D_layer_units_exponent_0': 7, 'D_layer_units_exponent_1': 7, 'log_learning_rate': -2.821205932588753, 'log_learning_rate_D': -4.232928186427192, 'training_batch_size': 10, 'training_p': 4}
	 epoch  0 training error:  tensor(0.9423, device='cuda:0', grad_fn=<DivBackward0>)
Memory status after this epoch: 
Memory allocated:  0.59765625
Memory cached:  12.0
	 epoch  10 training error:  tensor(0.1634, device='cuda:0', grad_fn=<DivBackward0>)
Memory status after this epoch: 
Memory allocated:  0.59765625
Memory cached:  12.0
	 epoch  20 training error:  tensor(0.1239, device='cuda:0', grad_fn=<DivBackward0>)
Memory status after this epoch: 
Memory allocated:  0.59765625
Memory cached:  12.0
	 epoch  30 training error:  tensor(0.0939, device='cuda:0', grad_fn=<DivBackward0>)
Memory status after this epoch: 
Memory allocated:  0.59765625
Memory cached:  12.0
	 epoch  40 training error:  tensor(0.0573, device='cuda:0', grad_fn=<DivBackward0>)
Memory status after this epoch: 
Memory allocated:  0.59765625
Memory cached:  12.0
	 epoch  50 training error:  tensor(0.0519, device='cuda:0', grad_fn=<DivBackward0>)
Memory status after this epoch: 
Memory allocated:  0.59765625
Memory cached:  12.0
	 epoch  60 training error:  tensor(0.0465, device='cuda:0', grad_fn=<DivBackward0>)
Memory status after this epoch: 
Memory allocated:  0.59765625
Memory cached:  12.0
	 epoch  70 training error:  tensor(0.0438, device='cuda:0', grad_fn=<DivBackward0>)
Memory status after this epoch: 
Memory allocated:  0.59765625
Memory cached:  12.0
	 epoch  80 training error:  tensor(0.0409, device='cuda:0', grad_fn=<DivBackward0>)
Memory status after this epoch: 
Memory allocated:  0.59765625
Memory cached:  12.0
	 epoch  90 training error:  tensor(0.0386, device='cuda:0', grad_fn=<DivBackward0>)
Memory status after this epoch: 
Memory allocated:  0.59765625
Memory cached:  12.0
[I 2023-11-04 02:00:11,248] Trial 33 finished with value: 0.032955873757600784 and parameters: {'W_layers': 5, 'W_layer_units_exponent_0': 4, 'W_layer_units_exponent_1': 9, 'W_layer_units_exponent_2': 4, 'W_layer_units_exponent_3': 6, 'W_layer_units_exponent_4': 4, 'D_layers': 2, 'D_layer_units_exponent_0': 7, 'D_layer_units_exponent_1': 7, 'log_learning_rate': -2.821205932588753, 'log_learning_rate_D': -4.232928186427192, 'training_batch_size': 10, 'training_p': 4}. Best is trial 24 with value: 0.03180091083049774.
Time for this trial:  110.68170714378357
Memory status after this trial: 
Memory allocated:  48.314453125
Memory cached:  50.0
--------------------  Trial  34   --------------------
Start timing: 
Parameters: 
{'W_layers': 8, 'W_layer_units_exponent_0': 4, 'W_layer_units_exponent_1': 10, 'W_layer_units_exponent_2': 6, 'W_layer_units_exponent_3': 5, 'W_layer_units_exponent_4': 4, 'W_layer_units_exponent_5': 9, 'W_layer_units_exponent_6': 6, 'W_layer_units_exponent_7': 10, 'D_layers': 2, 'D_layer_units_exponent_0': 8, 'D_layer_units_exponent_1': 6, 'log_learning_rate': -2.8972158509000523, 'log_learning_rate_D': -4.728017444712924, 'training_batch_size': 10, 'training_p': 3}
	 epoch  0 training error:  tensor(1.0054, device='cuda:0', grad_fn=<DivBackward0>)
Memory status after this epoch: 
Memory allocated:  3.283203125
Memory cached:  12.0
	 epoch  10 training error:  tensor(0.1839, device='cuda:0', grad_fn=<DivBackward0>)
Memory status after this epoch: 
Memory allocated:  3.283203125
Memory cached:  14.0
	 epoch  20 training error:  tensor(0.2267, device='cuda:0', grad_fn=<DivBackward0>)
Memory status after this epoch: 
Memory allocated:  3.283203125
Memory cached:  14.0
	 epoch  30 training error:  tensor(0.1727, device='cuda:0', grad_fn=<DivBackward0>)
Memory status after this epoch: 
Memory allocated:  3.283203125
Memory cached:  14.0
	 epoch  40 training error:  tensor(0.0535, device='cuda:0', grad_fn=<DivBackward0>)
Memory status after this epoch: 
Memory allocated:  3.283203125
Memory cached:  14.0
	 epoch  50 training error:  tensor(0.0624, device='cuda:0', grad_fn=<DivBackward0>)
Memory status after this epoch: 
Memory allocated:  3.283203125
Memory cached:  14.0
	 epoch  60 training error:  tensor(0.0733, device='cuda:0', grad_fn=<DivBackward0>)
Memory status after this epoch: 
Memory allocated:  3.283203125
Memory cached:  14.0
	 epoch  70 training error:  tensor(0.0668, device='cuda:0', grad_fn=<DivBackward0>)
Memory status after this epoch: 
Memory allocated:  3.283203125
Memory cached:  14.0
	 epoch  80 training error:  tensor(0.0718, device='cuda:0', grad_fn=<DivBackward0>)
Memory status after this epoch: 
Memory allocated:  3.283203125
Memory cached:  14.0
	 epoch  90 training error:  tensor(0.0617, device='cuda:0', grad_fn=<DivBackward0>)
Memory status after this epoch: 
Memory allocated:  3.283203125
Memory cached:  14.0
