[I 2023-11-01 15:17:26,693] Trial 45 finished with value: 0.23029685020446777 and parameters: {'W_layers': 6, 'W_layer_units_exponent_0': 9, 'W_layer_units_exponent_1': 9, 'W_layer_units_exponent_2': 5, 'W_layer_units_exponent_3': 6, 'W_layer_units_exponent_4': 7, 'W_layer_units_exponent_5': 8, 'D_layers': 8, 'D_layer_units_exponent_0': 10, 'D_layer_units_exponent_1': 9, 'D_layer_units_exponent_2': 6, 'D_layer_units_exponent_3': 9, 'D_layer_units_exponent_4': 10, 'D_layer_units_exponent_5': 4, 'D_layer_units_exponent_6': 10, 'D_layer_units_exponent_7': 4, 'log_learning_rate': -3.977851192856371, 'log_learning_rate_D': -1.9494354080003307, 'training_batch_size': 9, 'training_p': 5}. Best is trial 32 with value: 0.22594527900218964.
Time for this trial:  198.4326627254486
Memory status after this trial: 
Memory allocated:  314.365234375
Memory cached:  330.0
--------------------  Trial  46   --------------------
Start timing: 
Parameters: 
{'W_layers': 4, 'W_layer_units_exponent_0': 8, 'W_layer_units_exponent_1': 4, 'W_layer_units_exponent_2': 7, 'W_layer_units_exponent_3': 5, 'D_layers': 7, 'D_layer_units_exponent_0': 9, 'D_layer_units_exponent_1': 10, 'D_layer_units_exponent_2': 9, 'D_layer_units_exponent_3': 5, 'D_layer_units_exponent_4': 4, 'D_layer_units_exponent_5': 10, 'D_layer_units_exponent_6': 9, 'log_learning_rate': -4.38059577910603, 'log_learning_rate_D': -1.4299350742964776, 'training_batch_size': 10, 'training_p': 3}
	 epoch  0 training error:  tensor(1.0484, device='cuda:0', grad_fn=<DivBackward0>)
Memory status after this epoch: 
Memory allocated:  24.806640625
Memory cached:  54.0
	 epoch  10 training error:  tensor(0.9976, device='cuda:0', grad_fn=<DivBackward0>)
Memory status after this epoch: 
Memory allocated:  24.806640625
Memory cached:  56.0
	 epoch  20 training error:  tensor(0.9410, device='cuda:0', grad_fn=<DivBackward0>)
Memory status after this epoch: 
Memory allocated:  24.806640625
Memory cached:  56.0
	 epoch  30 training error:  tensor(0.8793, device='cuda:0', grad_fn=<DivBackward0>)
Memory status after this epoch: 
Memory allocated:  24.806640625
Memory cached:  56.0
	 epoch  40 training error:  tensor(0.8086, device='cuda:0', grad_fn=<DivBackward0>)
Memory status after this epoch: 
Memory allocated:  24.806640625
Memory cached:  56.0
	 epoch  50 training error:  tensor(0.7251, device='cuda:0', grad_fn=<DivBackward0>)
Memory status after this epoch: 
Memory allocated:  24.806640625
Memory cached:  58.0
	 epoch  60 training error:  tensor(0.6256, device='cuda:0', grad_fn=<DivBackward0>)
Memory status after this epoch: 
Memory allocated:  24.806640625
Memory cached:  58.0
	 epoch  70 training error:  tensor(0.5107, device='cuda:0', grad_fn=<DivBackward0>)
Memory status after this epoch: 
Memory allocated:  24.806640625
Memory cached:  58.0
	 epoch  80 training error:  tensor(0.3853, device='cuda:0', grad_fn=<DivBackward0>)
Memory status after this epoch: 
Memory allocated:  24.806640625
Memory cached:  58.0
	 epoch  90 training error:  tensor(0.2735, device='cuda:0', grad_fn=<DivBackward0>)
Memory status after this epoch: 
Memory allocated:  24.806640625
Memory cached:  58.0
[I 2023-11-01 15:20:10,902] Trial 46 finished with value: 0.22591491043567657 and parameters: {'W_layers': 4, 'W_layer_units_exponent_0': 8, 'W_layer_units_exponent_1': 4, 'W_layer_units_exponent_2': 7, 'W_layer_units_exponent_3': 5, 'D_layers': 7, 'D_layer_units_exponent_0': 9, 'D_layer_units_exponent_1': 10, 'D_layer_units_exponent_2': 9, 'D_layer_units_exponent_3': 5, 'D_layer_units_exponent_4': 4, 'D_layer_units_exponent_5': 10, 'D_layer_units_exponent_6': 9, 'log_learning_rate': -4.38059577910603, 'log_learning_rate_D': -1.4299350742964776, 'training_batch_size': 10, 'training_p': 3}. Best is trial 46 with value: 0.22591491043567657.
Time for this trial:  163.94152235984802
Memory status after this trial: 
Memory allocated:  228.4873046875
Memory cached:  238.0
--------------------  Trial  47   --------------------
Start timing: 
Parameters: 
{'W_layers': 5, 'W_layer_units_exponent_0': 10, 'W_layer_units_exponent_1': 4, 'W_layer_units_exponent_2': 6, 'W_layer_units_exponent_3': 4, 'W_layer_units_exponent_4': 9, 'D_layers': 7, 'D_layer_units_exponent_0': 8, 'D_layer_units_exponent_1': 10, 'D_layer_units_exponent_2': 5, 'D_layer_units_exponent_3': 5, 'D_layer_units_exponent_4': 9, 'D_layer_units_exponent_5': 9, 'D_layer_units_exponent_6': 7, 'log_learning_rate': -4.427459521433946, 'log_learning_rate_D': -1.426113106838353, 'training_batch_size': 11, 'training_p': 2}
	 epoch  0 training error:  tensor(1.0551, device='cuda:0', grad_fn=<DivBackward0>)
Memory status after this epoch: 
Memory allocated:  10.34375
Memory cached:  16.0
	 epoch  10 training error:  tensor(0.9454, device='cuda:0', grad_fn=<DivBackward0>)
Memory status after this epoch: 
Memory allocated:  10.34375
Memory cached:  18.0
	 epoch  20 training error:  tensor(0.8210, device='cuda:0', grad_fn=<DivBackward0>)
Memory status after this epoch: 
Memory allocated:  10.34375
Memory cached:  18.0
	 epoch  30 training error:  tensor(0.6512, device='cuda:0', grad_fn=<DivBackward0>)
Memory status after this epoch: 
Memory allocated:  10.34375
Memory cached:  18.0
	 epoch  40 training error:  tensor(0.4300, device='cuda:0', grad_fn=<DivBackward0>)
Memory status after this epoch: 
Memory allocated:  10.34375
Memory cached:  18.0
	 epoch  50 training error:  tensor(0.2475, device='cuda:0', grad_fn=<DivBackward0>)
Memory status after this epoch: 
Memory allocated:  10.34375
Memory cached:  18.0
	 epoch  60 training error:  tensor(0.2571, device='cuda:0', grad_fn=<DivBackward0>)
Memory status after this epoch: 
Memory allocated:  10.34375
Memory cached:  18.0
	 epoch  70 training error:  tensor(0.2398, device='cuda:0', grad_fn=<DivBackward0>)
Memory status after this epoch: 
Memory allocated:  10.34375
Memory cached:  18.0
	 epoch  80 training error:  tensor(0.2404, device='cuda:0', grad_fn=<DivBackward0>)
Memory status after this epoch: 
Memory allocated:  10.34375
Memory cached:  18.0
	 epoch  90 training error:  tensor(0.2382, device='cuda:0', grad_fn=<DivBackward0>)
Memory status after this epoch: 
Memory allocated:  10.34375
Memory cached:  18.0
[I 2023-11-01 15:22:59,522] Trial 47 finished with value: 0.22767940163612366 and parameters: {'W_layers': 5, 'W_layer_units_exponent_0': 10, 'W_layer_units_exponent_1': 4, 'W_layer_units_exponent_2': 6, 'W_layer_units_exponent_3': 4, 'W_layer_units_exponent_4': 9, 'D_layers': 7, 'D_layer_units_exponent_0': 8, 'D_layer_units_exponent_1': 10, 'D_layer_units_exponent_2': 5, 'D_layer_units_exponent_3': 5, 'D_layer_units_exponent_4': 9, 'D_layer_units_exponent_5': 9, 'D_layer_units_exponent_6': 7, 'log_learning_rate': -4.427459521433946, 'log_learning_rate_D': -1.426113106838353, 'training_batch_size': 11, 'training_p': 2}. Best is trial 46 with value: 0.22591491043567657.
Time for this trial:  168.3151285648346
Memory status after this trial: 
Memory allocated:  225.2822265625
Memory cached:  232.0
--------------------  Trial  48   --------------------
Start timing: 
Parameters: 
{'W_layers': 5, 'W_layer_units_exponent_0': 9, 'W_layer_units_exponent_1': 4, 'W_layer_units_exponent_2': 6, 'W_layer_units_exponent_3': 4, 'W_layer_units_exponent_4': 9, 'D_layers': 7, 'D_layer_units_exponent_0': 8, 'D_layer_units_exponent_1': 10, 'D_layer_units_exponent_2': 8, 'D_layer_units_exponent_3': 5, 'D_layer_units_exponent_4': 9, 'D_layer_units_exponent_5': 9, 'D_layer_units_exponent_6': 7, 'log_learning_rate': -4.587449492192301, 'log_learning_rate_D': -1.4557198971977687, 'training_batch_size': 10, 'training_p': 2}
	 epoch  0 training error:  tensor(0.9713, device='cuda:0', grad_fn=<DivBackward0>)
Memory status after this epoch: 
Memory allocated:  13.798828125
Memory cached:  20.0
	 epoch  10 training error:  tensor(0.9385, device='cuda:0', grad_fn=<DivBackward0>)
Memory status after this epoch: 
Memory allocated:  13.798828125
Memory cached:  24.0
	 epoch  20 training error:  tensor(0.8960, device='cuda:0', grad_fn=<DivBackward0>)
Memory status after this epoch: 
Memory allocated:  13.798828125
Memory cached:  22.0
	 epoch  30 training error:  tensor(0.8408, device='cuda:0', grad_fn=<DivBackward0>)
Memory status after this epoch: 
Memory allocated:  13.798828125
Memory cached:  22.0
	 epoch  40 training error:  tensor(0.7680, device='cuda:0', grad_fn=<DivBackward0>)
Memory status after this epoch: 
Memory allocated:  13.798828125
Memory cached:  22.0
	 epoch  50 training error:  tensor(0.6743, device='cuda:0', grad_fn=<DivBackward0>)
Memory status after this epoch: 
Memory allocated:  13.798828125
Memory cached:  24.0
	 epoch  60 training error:  tensor(0.5574, device='cuda:0', grad_fn=<DivBackward0>)
Memory status after this epoch: 
Memory allocated:  13.798828125
Memory cached:  22.0
	 epoch  70 training error:  tensor(0.4193, device='cuda:0', grad_fn=<DivBackward0>)
Memory status after this epoch: 
Memory allocated:  13.798828125
Memory cached:  24.0
	 epoch  80 training error:  tensor(0.2888, device='cuda:0', grad_fn=<DivBackward0>)
Memory status after this epoch: 
Memory allocated:  13.798828125
Memory cached:  24.0
	 epoch  90 training error:  tensor(0.2382, device='cuda:0', grad_fn=<DivBackward0>)
Memory status after this epoch: 
Memory allocated:  13.798828125
Memory cached:  24.0
[I 2023-11-01 15:25:46,185] Trial 48 finished with value: 0.22205987572669983 and parameters: {'W_layers': 5, 'W_layer_units_exponent_0': 9, 'W_layer_units_exponent_1': 4, 'W_layer_units_exponent_2': 6, 'W_layer_units_exponent_3': 4, 'W_layer_units_exponent_4': 9, 'D_layers': 7, 'D_layer_units_exponent_0': 8, 'D_layer_units_exponent_1': 10, 'D_layer_units_exponent_2': 8, 'D_layer_units_exponent_3': 5, 'D_layer_units_exponent_4': 9, 'D_layer_units_exponent_5': 9, 'D_layer_units_exponent_6': 7, 'log_learning_rate': -4.587449492192301, 'log_learning_rate_D': -1.4557198971977687, 'training_batch_size': 10, 'training_p': 2}. Best is trial 48 with value: 0.22205987572669983.
Time for this trial:  166.39922523498535
Memory status after this trial: 
Memory allocated:  211.50927734375
Memory cached:  218.0
--------------------  Trial  49   --------------------
Start timing: 
Parameters: 
{'W_layers': 6, 'W_layer_units_exponent_0': 10, 'W_layer_units_exponent_1': 4, 'W_layer_units_exponent_2': 6, 'W_layer_units_exponent_3': 4, 'W_layer_units_exponent_4': 9, 'W_layer_units_exponent_5': 4, 'D_layers': 6, 'D_layer_units_exponent_0': 6, 'D_layer_units_exponent_1': 10, 'D_layer_units_exponent_2': 8, 'D_layer_units_exponent_3': 5, 'D_layer_units_exponent_4': 8, 'D_layer_units_exponent_5': 9, 'log_learning_rate': -4.506699919630415, 'log_learning_rate_D': -1.4519923901913787, 'training_batch_size': 9, 'training_p': 2}
	 epoch  0 training error:  tensor(1.0046, device='cuda:0', grad_fn=<DivBackward0>)
Memory status after this epoch: 
Memory allocated:  7.943359375
Memory cached:  20.0
	 epoch  10 training error:  tensor(0.9494, device='cuda:0', grad_fn=<DivBackward0>)
Memory status after this epoch: 
Memory allocated:  7.943359375
Memory cached:  22.0
	 epoch  20 training error:  tensor(0.8789, device='cuda:0', grad_fn=<DivBackward0>)
Memory status after this epoch: 
Memory allocated:  7.943359375
Memory cached:  22.0
	 epoch  30 training error:  tensor(0.7678, device='cuda:0', grad_fn=<DivBackward0>)
Memory status after this epoch: 
Memory allocated:  7.943359375
Memory cached:  22.0
	 epoch  40 training error:  tensor(0.5975, device='cuda:0', grad_fn=<DivBackward0>)
Memory status after this epoch: 
Memory allocated:  7.943359375
Memory cached:  22.0
	 epoch  50 training error:  tensor(0.3652, device='cuda:0', grad_fn=<DivBackward0>)
Memory status after this epoch: 
Memory allocated:  7.943359375
Memory cached:  22.0
	 epoch  60 training error:  tensor(0.2402, device='cuda:0', grad_fn=<DivBackward0>)
Memory status after this epoch: 
Memory allocated:  7.943359375
Memory cached:  22.0
	 epoch  70 training error:  tensor(0.2541, device='cuda:0', grad_fn=<DivBackward0>)
Memory status after this epoch: 
Memory allocated:  7.943359375
Memory cached:  22.0
	 epoch  80 training error:  tensor(0.2392, device='cuda:0', grad_fn=<DivBackward0>)
Memory status after this epoch: 
Memory allocated:  7.943359375
Memory cached:  22.0
	 epoch  90 training error:  tensor(0.2398, device='cuda:0', grad_fn=<DivBackward0>)
Memory status after this epoch: 
Memory allocated:  7.943359375
Memory cached:  22.0
[I 2023-11-01 15:28:31,280] Trial 49 finished with value: 0.22772057354450226 and parameters: {'W_layers': 6, 'W_layer_units_exponent_0': 10, 'W_layer_units_exponent_1': 4, 'W_layer_units_exponent_2': 6, 'W_layer_units_exponent_3': 4, 'W_layer_units_exponent_4': 9, 'W_layer_units_exponent_5': 4, 'D_layers': 6, 'D_layer_units_exponent_0': 6, 'D_layer_units_exponent_1': 10, 'D_layer_units_exponent_2': 8, 'D_layer_units_exponent_3': 5, 'D_layer_units_exponent_4': 8, 'D_layer_units_exponent_5': 9, 'log_learning_rate': -4.506699919630415, 'log_learning_rate_D': -1.4519923901913787, 'training_batch_size': 9, 'training_p': 2}. Best is trial 48 with value: 0.22205987572669983.
[I 2023-11-01 15:28:31,311] A new study created in memory with name: no-name-884dbe73-01a6-4e28-8c0b-d25cd48ca9b7
Time for this trial:  164.8360950946808
Memory status after this trial: 
Memory allocated:  206.49658203125
Memory cached:  212.0
--------------------  Trial  0   --------------------
Start timing: 
Parameters: 
{'W_layers': 3, 'W_layer_units_exponent_0': 10, 'W_layer_units_exponent_1': 6, 'W_layer_units_exponent_2': 8, 'D_layers': 3, 'D_layer_units_exponent_0': 5, 'D_layer_units_exponent_1': 9, 'D_layer_units_exponent_2': 5, 'log_learning_rate': -3.7004800877635877, 'log_learning_rate_D': -4.4028638732079015, 'training_batch_size': 6, 'training_p': 8}
	 epoch  0 training error:  tensor(0.9987, device='cuda:0', grad_fn=<DivBackward0>)
Memory status after this epoch: 
Memory allocated:  1.8828125
Memory cached:  14.0
	 epoch  10 training error:  tensor(0.2625, device='cuda:0', grad_fn=<DivBackward0>)
Memory status after this epoch: 
Memory allocated:  1.8828125
Memory cached:  18.0
	 epoch  20 training error:  tensor(0.2605, device='cuda:0', grad_fn=<DivBackward0>)
Memory status after this epoch: 
Memory allocated:  1.8828125
Memory cached:  16.0
	 epoch  30 training error:  tensor(0.2604, device='cuda:0', grad_fn=<DivBackward0>)
Memory status after this epoch: 
Memory allocated:  1.8828125
Memory cached:  14.0
	 epoch  40 training error:  tensor(0.2606, device='cuda:0', grad_fn=<DivBackward0>)
Memory status after this epoch: 
Memory allocated:  1.8828125
Memory cached:  16.0
	 epoch  50 training error:  tensor(0.2607, device='cuda:0', grad_fn=<DivBackward0>)
Memory status after this epoch: 
Memory allocated:  1.8828125
Memory cached:  16.0
	 epoch  60 training error:  tensor(0.2601, device='cuda:0', grad_fn=<DivBackward0>)
Memory status after this epoch: 
Memory allocated:  1.8828125
Memory cached:  16.0
	 epoch  70 training error:  tensor(0.2601, device='cuda:0', grad_fn=<DivBackward0>)
Memory status after this epoch: 
Memory allocated:  1.8828125
Memory cached:  16.0
	 epoch  80 training error:  tensor(0.2601, device='cuda:0', grad_fn=<DivBackward0>)
Memory status after this epoch: 
Memory allocated:  1.8828125
Memory cached:  18.0
	 epoch  90 training error:  tensor(0.2601, device='cuda:0', grad_fn=<DivBackward0>)
Memory status after this epoch: 
Memory allocated:  1.8828125
Memory cached:  16.0
[I 2023-11-01 15:31:44,680] Trial 0 finished with value: 0.23115716874599457 and parameters: {'W_layers': 3, 'W_layer_units_exponent_0': 10, 'W_layer_units_exponent_1': 6, 'W_layer_units_exponent_2': 8, 'D_layers': 3, 'D_layer_units_exponent_0': 5, 'D_layer_units_exponent_1': 9, 'D_layer_units_exponent_2': 5, 'log_learning_rate': -3.7004800877635877, 'log_learning_rate_D': -4.4028638732079015, 'training_batch_size': 6, 'training_p': 8}. Best is trial 0 with value: 0.23115716874599457.
Time for this trial:  193.24528646469116
Memory status after this trial: 
Memory allocated:  103.828125
Memory cached:  106.0
--------------------  Trial  1   --------------------
Start timing: 
Parameters: 
{'W_layers': 4, 'W_layer_units_exponent_0': 9, 'W_layer_units_exponent_1': 6, 'W_layer_units_exponent_2': 9, 'W_layer_units_exponent_3': 8, 'D_layers': 8, 'D_layer_units_exponent_0': 10, 'D_layer_units_exponent_1': 4, 'D_layer_units_exponent_2': 8, 'D_layer_units_exponent_3': 7, 'D_layer_units_exponent_4': 5, 'D_layer_units_exponent_5': 6, 'D_layer_units_exponent_6': 5, 'D_layer_units_exponent_7': 6, 'log_learning_rate': -4.9215111841649914, 'log_learning_rate_D': -4.477417057069013, 'training_batch_size': 7, 'training_p': 5}
	 epoch  0 training error:  tensor(0.9229, device='cuda:0', grad_fn=<DivBackward0>)
Memory status after this epoch: 
Memory allocated:  4.1669921875
Memory cached:  14.0
	 epoch  10 training error:  tensor(0.8222, device='cuda:0', grad_fn=<DivBackward0>)
Memory status after this epoch: 
Memory allocated:  4.1669921875
Memory cached:  18.0
	 epoch  20 training error:  tensor(0.7162, device='cuda:0', grad_fn=<DivBackward0>)
Memory status after this epoch: 
Memory allocated:  4.1669921875
Memory cached:  18.0
	 epoch  30 training error:  tensor(0.5998, device='cuda:0', grad_fn=<DivBackward0>)
Memory status after this epoch: 
Memory allocated:  4.1669921875
Memory cached:  18.0
	 epoch  40 training error:  tensor(0.4677, device='cuda:0', grad_fn=<DivBackward0>)
Memory status after this epoch: 
Memory allocated:  4.1669921875
Memory cached:  18.0
	 epoch  50 training error:  tensor(0.3197, device='cuda:0', grad_fn=<DivBackward0>)
Memory status after this epoch: 
Memory allocated:  4.1669921875
Memory cached:  18.0
	 epoch  60 training error:  tensor(0.2568, device='cuda:0', grad_fn=<DivBackward0>)
Memory status after this epoch: 
Memory allocated:  4.1669921875
Memory cached:  18.0
	 epoch  70 training error:  tensor(0.2649, device='cuda:0', grad_fn=<DivBackward0>)
Memory status after this epoch: 
Memory allocated:  4.1669921875
Memory cached:  18.0
	 epoch  80 training error:  tensor(0.2557, device='cuda:0', grad_fn=<DivBackward0>)
Memory status after this epoch: 
Memory allocated:  4.1669921875
Memory cached:  18.0
	 epoch  90 training error:  tensor(0.2569, device='cuda:0', grad_fn=<DivBackward0>)
Memory status after this epoch: 
Memory allocated:  4.1669921875
Memory cached:  18.0
[I 2023-11-01 15:34:29,536] Trial 1 finished with value: 0.2304292768239975 and parameters: {'W_layers': 4, 'W_layer_units_exponent_0': 9, 'W_layer_units_exponent_1': 6, 'W_layer_units_exponent_2': 9, 'W_layer_units_exponent_3': 8, 'D_layers': 8, 'D_layer_units_exponent_0': 10, 'D_layer_units_exponent_1': 4, 'D_layer_units_exponent_2': 8, 'D_layer_units_exponent_3': 7, 'D_layer_units_exponent_4': 5, 'D_layer_units_exponent_5': 6, 'D_layer_units_exponent_6': 5, 'D_layer_units_exponent_7': 6, 'log_learning_rate': -4.9215111841649914, 'log_learning_rate_D': -4.477417057069013, 'training_batch_size': 7, 'training_p': 5}. Best is trial 1 with value: 0.2304292768239975.
Time for this trial:  164.72268295288086
Memory status after this trial: 
Memory allocated:  160.11376953125
Memory cached:  164.0
--------------------  Trial  2   --------------------
Start timing: 
Parameters: 
{'W_layers': 2, 'W_layer_units_exponent_0': 7, 'W_layer_units_exponent_1': 8, 'D_layers': 7, 'D_layer_units_exponent_0': 9, 'D_layer_units_exponent_1': 7, 'D_layer_units_exponent_2': 9, 'D_layer_units_exponent_3': 10, 'D_layer_units_exponent_4': 4, 'D_layer_units_exponent_5': 9, 'D_layer_units_exponent_6': 5, 'log_learning_rate': -3.8536151957826967, 'log_learning_rate_D': -4.64168510587532, 'training_batch_size': 6, 'training_p': 3}
	 epoch  0 training error:  tensor(0.9381, device='cuda:0', grad_fn=<DivBackward0>)
Memory status after this epoch: 
Memory allocated:  11.236328125
Memory cached:  36.0
	 epoch  10 training error:  tensor(0.3185, device='cuda:0', grad_fn=<DivBackward0>)
Memory status after this epoch: 
Memory allocated:  11.236328125
Memory cached:  36.0
	 epoch  20 training error:  tensor(0.2525, device='cuda:0', grad_fn=<DivBackward0>)
Memory status after this epoch: 
Memory allocated:  11.236328125
Memory cached:  36.0
	 epoch  30 training error:  tensor(0.2478, device='cuda:0', grad_fn=<DivBackward0>)
Memory status after this epoch: 
Memory allocated:  11.236328125
Memory cached:  36.0
	 epoch  40 training error:  tensor(0.2469, device='cuda:0', grad_fn=<DivBackward0>)
Memory status after this epoch: 
Memory allocated:  11.236328125
Memory cached:  36.0
	 epoch  50 training error:  tensor(0.2468, device='cuda:0', grad_fn=<DivBackward0>)
Memory status after this epoch: 
Memory allocated:  11.236328125
Memory cached:  36.0
	 epoch  60 training error:  tensor(0.2466, device='cuda:0', grad_fn=<DivBackward0>)
Memory status after this epoch: 
Memory allocated:  11.236328125
Memory cached:  36.0
	 epoch  70 training error:  tensor(0.2463, device='cuda:0', grad_fn=<DivBackward0>)
Memory status after this epoch: 
Memory allocated:  11.236328125
Memory cached:  36.0
	 epoch  80 training error:  tensor(0.2463, device='cuda:0', grad_fn=<DivBackward0>)
Memory status after this epoch: 
Memory allocated:  11.236328125
Memory cached:  36.0
	 epoch  90 training error:  tensor(0.2461, device='cuda:0', grad_fn=<DivBackward0>)
Memory status after this epoch: 
Memory allocated:  11.236328125
Memory cached:  36.0
