[I 2023-11-09 14:11:36,766] Trial 11 finished with value: 0.06910323351621628 and parameters: {'W_layers': 4, 'W_layer_units_exponent_0': 4, 'W_layer_units_exponent_1': 9, 'W_layer_units_exponent_2': 7, 'W_layer_units_exponent_3': 9, 'D_layers': 7, 'D_layer_units_exponent_0': 7, 'D_layer_units_exponent_1': 4, 'D_layer_units_exponent_2': 8, 'D_layer_units_exponent_3': 10, 'D_layer_units_exponent_4': 10, 'D_layer_units_exponent_5': 7, 'D_layer_units_exponent_6': 10, 'D_dagger_layers': 4, 'D_dagger_layer_units_exponent_0': 10, 'D_dagger_layer_units_exponent_1': 8, 'D_dagger_layer_units_exponent_2': 7, 'D_dagger_layer_units_exponent_3': 8, 'log_learning_rate': -3.5587182750048676, 'log_learning_rate_D': -4.195436621655416, 'log_learning_rate_D_dagger': -3.2318977647936844, 'training_batch_size': 10, 'training_p': 7}. Best is trial 3 with value: 0.05958547815680504.
Time for this trial:  21.229727268218994
Memory status after this trial: 
Memory allocated:  157.18359375
Memory cached:  180.0
--------------------  Trial  12   --------------------
Start timing: 
Parameters: 
{'W_layers': 4, 'W_layer_units_exponent_0': 4, 'W_layer_units_exponent_1': 8, 'W_layer_units_exponent_2': 7, 'W_layer_units_exponent_3': 9, 'D_layers': 7, 'D_layer_units_exponent_0': 7, 'D_layer_units_exponent_1': 4, 'D_layer_units_exponent_2': 8, 'D_layer_units_exponent_3': 10, 'D_layer_units_exponent_4': 10, 'D_layer_units_exponent_5': 6, 'D_layer_units_exponent_6': 4, 'D_dagger_layers': 5, 'D_dagger_layer_units_exponent_0': 10, 'D_dagger_layer_units_exponent_1': 8, 'D_dagger_layer_units_exponent_2': 7, 'D_dagger_layer_units_exponent_3': 8, 'D_dagger_layer_units_exponent_4': 4, 'log_learning_rate': -3.7935814912411487, 'log_learning_rate_D': -4.152335247181552, 'log_learning_rate_D_dagger': -2.32365254092765, 'training_batch_size': 10, 'training_p': 6}
	 epoch  0 training error:  tensor(1.0904, device='cuda:0', grad_fn=<DivBackward0>)
Memory status after this epoch: 
Memory allocated:  12.142578125
Memory cached:  26.0
	 epoch  10 training error:  tensor(0.1866, device='cuda:0', grad_fn=<DivBackward0>)
Memory status after this epoch: 
Memory allocated:  12.142578125
Memory cached:  28.0
	 epoch  20 training error:  tensor(0.2002, device='cuda:0', grad_fn=<DivBackward0>)
Memory status after this epoch: 
Memory allocated:  12.142578125
Memory cached:  28.0
	 epoch  30 training error:  tensor(0.1489, device='cuda:0', grad_fn=<DivBackward0>)
Memory status after this epoch: 
Memory allocated:  12.142578125
Memory cached:  28.0
	 epoch  40 training error:  tensor(0.1541, device='cuda:0', grad_fn=<DivBackward0>)
Memory status after this epoch: 
Memory allocated:  12.142578125
Memory cached:  28.0
	 epoch  50 training error:  tensor(0.1485, device='cuda:0', grad_fn=<DivBackward0>)
Memory status after this epoch: 
Memory allocated:  12.142578125
Memory cached:  28.0
	 epoch  60 training error:  tensor(0.1491, device='cuda:0', grad_fn=<DivBackward0>)
Memory status after this epoch: 
Memory allocated:  12.142578125
Memory cached:  28.0
	 epoch  70 training error:  tensor(0.1485, device='cuda:0', grad_fn=<DivBackward0>)
Memory status after this epoch: 
Memory allocated:  12.142578125
Memory cached:  28.0
	 epoch  80 training error:  tensor(0.1486, device='cuda:0', grad_fn=<DivBackward0>)
Memory status after this epoch: 
Memory allocated:  12.142578125
Memory cached:  28.0
	 epoch  90 training error:  tensor(0.1485, device='cuda:0', grad_fn=<DivBackward0>)
Memory status after this epoch: 
Memory allocated:  12.142578125
Memory cached:  28.0
[I 2023-11-09 14:11:57,811] Trial 12 finished with value: 0.11318206787109375 and parameters: {'W_layers': 4, 'W_layer_units_exponent_0': 4, 'W_layer_units_exponent_1': 8, 'W_layer_units_exponent_2': 7, 'W_layer_units_exponent_3': 9, 'D_layers': 7, 'D_layer_units_exponent_0': 7, 'D_layer_units_exponent_1': 4, 'D_layer_units_exponent_2': 8, 'D_layer_units_exponent_3': 10, 'D_layer_units_exponent_4': 10, 'D_layer_units_exponent_5': 6, 'D_layer_units_exponent_6': 4, 'D_dagger_layers': 5, 'D_dagger_layer_units_exponent_0': 10, 'D_dagger_layer_units_exponent_1': 8, 'D_dagger_layer_units_exponent_2': 7, 'D_dagger_layer_units_exponent_3': 8, 'D_dagger_layer_units_exponent_4': 4, 'log_learning_rate': -3.7935814912411487, 'log_learning_rate_D': -4.152335247181552, 'log_learning_rate_D_dagger': -2.32365254092765, 'training_batch_size': 10, 'training_p': 6}. Best is trial 3 with value: 0.05958547815680504.
Time for this trial:  20.8377103805542
Memory status after this trial: 
Memory allocated:  144.5830078125
Memory cached:  160.0
--------------------  Trial  13   --------------------
Start timing: 
Parameters: 
{'W_layers': 5, 'W_layer_units_exponent_0': 6, 'W_layer_units_exponent_1': 7, 'W_layer_units_exponent_2': 7, 'W_layer_units_exponent_3': 9, 'W_layer_units_exponent_4': 4, 'D_layers': 5, 'D_layer_units_exponent_0': 7, 'D_layer_units_exponent_1': 7, 'D_layer_units_exponent_2': 10, 'D_layer_units_exponent_3': 9, 'D_layer_units_exponent_4': 9, 'D_dagger_layers': 4, 'D_dagger_layer_units_exponent_0': 10, 'D_dagger_layer_units_exponent_1': 9, 'D_dagger_layer_units_exponent_2': 8, 'D_dagger_layer_units_exponent_3': 7, 'log_learning_rate': -2.9831572411584553, 'log_learning_rate_D': -4.243186089636407, 'log_learning_rate_D_dagger': -3.3066737336170697, 'training_batch_size': 10, 'training_p': 8}
	 epoch  0 training error:  tensor(0.9438, device='cuda:0', grad_fn=<DivBackward0>)
Memory status after this epoch: 
Memory allocated:  16.17333984375
Memory cached:  44.0
	 epoch  10 training error:  tensor(0.5753, device='cuda:0', grad_fn=<DivBackward0>)
Memory status after this epoch: 
Memory allocated:  16.17333984375
Memory cached:  44.0
	 epoch  20 training error:  tensor(0.2093, device='cuda:0', grad_fn=<DivBackward0>)
Memory status after this epoch: 
Memory allocated:  16.17333984375
Memory cached:  46.0
	 epoch  30 training error:  tensor(0.1488, device='cuda:0', grad_fn=<DivBackward0>)
Memory status after this epoch: 
Memory allocated:  16.17333984375
Memory cached:  44.0
	 epoch  40 training error:  tensor(0.1184, device='cuda:0', grad_fn=<DivBackward0>)
Memory status after this epoch: 
Memory allocated:  16.17333984375
Memory cached:  44.0
	 epoch  50 training error:  tensor(0.1171, device='cuda:0', grad_fn=<DivBackward0>)
Memory status after this epoch: 
Memory allocated:  16.17333984375
Memory cached:  44.0
	 epoch  60 training error:  tensor(0.1090, device='cuda:0', grad_fn=<DivBackward0>)
Memory status after this epoch: 
Memory allocated:  16.17333984375
Memory cached:  44.0
	 epoch  70 training error:  tensor(0.1022, device='cuda:0', grad_fn=<DivBackward0>)
Memory status after this epoch: 
Memory allocated:  16.17333984375
Memory cached:  44.0
	 epoch  80 training error:  tensor(0.1002, device='cuda:0', grad_fn=<DivBackward0>)
Memory status after this epoch: 
Memory allocated:  16.17333984375
Memory cached:  44.0
	 epoch  90 training error:  tensor(0.0980, device='cuda:0', grad_fn=<DivBackward0>)
Memory status after this epoch: 
Memory allocated:  16.17333984375
Memory cached:  44.0
[I 2023-11-09 14:12:18,904] Trial 13 finished with value: 0.06919290870428085 and parameters: {'W_layers': 5, 'W_layer_units_exponent_0': 6, 'W_layer_units_exponent_1': 7, 'W_layer_units_exponent_2': 7, 'W_layer_units_exponent_3': 9, 'W_layer_units_exponent_4': 4, 'D_layers': 5, 'D_layer_units_exponent_0': 7, 'D_layer_units_exponent_1': 7, 'D_layer_units_exponent_2': 10, 'D_layer_units_exponent_3': 9, 'D_layer_units_exponent_4': 9, 'D_dagger_layers': 4, 'D_dagger_layer_units_exponent_0': 10, 'D_dagger_layer_units_exponent_1': 9, 'D_dagger_layer_units_exponent_2': 8, 'D_dagger_layer_units_exponent_3': 7, 'log_learning_rate': -2.9831572411584553, 'log_learning_rate_D': -4.243186089636407, 'log_learning_rate_D_dagger': -3.3066737336170697, 'training_batch_size': 10, 'training_p': 8}. Best is trial 3 with value: 0.05958547815680504.
Time for this trial:  20.89067053794861
Memory status after this trial: 
Memory allocated:  155.68359375
Memory cached:  186.0
--------------------  Trial  14   --------------------
Start timing: 
Parameters: 
{'W_layers': 3, 'W_layer_units_exponent_0': 6, 'W_layer_units_exponent_1': 8, 'W_layer_units_exponent_2': 8, 'D_layers': 7, 'D_layer_units_exponent_0': 4, 'D_layer_units_exponent_1': 7, 'D_layer_units_exponent_2': 8, 'D_layer_units_exponent_3': 9, 'D_layer_units_exponent_4': 10, 'D_layer_units_exponent_5': 7, 'D_layer_units_exponent_6': 8, 'D_dagger_layers': 4, 'D_dagger_layer_units_exponent_0': 7, 'D_dagger_layer_units_exponent_1': 7, 'D_dagger_layer_units_exponent_2': 7, 'D_dagger_layer_units_exponent_3': 7, 'log_learning_rate': -2.2719404539208905, 'log_learning_rate_D': -3.9981573728057658, 'log_learning_rate_D_dagger': -3.8138098305621337, 'training_batch_size': 11, 'training_p': 6}
	 epoch  0 training error:  tensor(0.4783, device='cuda:0', grad_fn=<DivBackward0>)
Memory status after this epoch: 
Memory allocated:  5.4541015625
Memory cached:  18.0
	 epoch  10 training error:  tensor(0.3159, device='cuda:0', grad_fn=<DivBackward0>)
Memory status after this epoch: 
Memory allocated:  5.4541015625
Memory cached:  18.0
	 epoch  20 training error:  tensor(0.2329, device='cuda:0', grad_fn=<DivBackward0>)
Memory status after this epoch: 
Memory allocated:  5.4541015625
Memory cached:  18.0
	 epoch  30 training error:  tensor(0.1641, device='cuda:0', grad_fn=<DivBackward0>)
Memory status after this epoch: 
Memory allocated:  5.4541015625
Memory cached:  18.0
	 epoch  40 training error:  tensor(0.1177, device='cuda:0', grad_fn=<DivBackward0>)
Memory status after this epoch: 
Memory allocated:  5.4541015625
Memory cached:  18.0
	 epoch  50 training error:  tensor(0.0985, device='cuda:0', grad_fn=<DivBackward0>)
Memory status after this epoch: 
Memory allocated:  5.4541015625
Memory cached:  18.0
	 epoch  60 training error:  tensor(0.0932, device='cuda:0', grad_fn=<DivBackward0>)
Memory status after this epoch: 
Memory allocated:  5.4541015625
Memory cached:  18.0
	 epoch  70 training error:  tensor(0.0887, device='cuda:0', grad_fn=<DivBackward0>)
Memory status after this epoch: 
Memory allocated:  5.4541015625
Memory cached:  18.0
	 epoch  80 training error:  tensor(0.0875, device='cuda:0', grad_fn=<DivBackward0>)
Memory status after this epoch: 
Memory allocated:  5.4541015625
Memory cached:  18.0
	 epoch  90 training error:  tensor(0.0871, device='cuda:0', grad_fn=<DivBackward0>)
Memory status after this epoch: 
Memory allocated:  5.4541015625
Memory cached:  18.0
[I 2023-11-09 14:12:37,689] Trial 14 finished with value: 0.06530233472585678 and parameters: {'W_layers': 3, 'W_layer_units_exponent_0': 6, 'W_layer_units_exponent_1': 8, 'W_layer_units_exponent_2': 8, 'D_layers': 7, 'D_layer_units_exponent_0': 4, 'D_layer_units_exponent_1': 7, 'D_layer_units_exponent_2': 8, 'D_layer_units_exponent_3': 9, 'D_layer_units_exponent_4': 10, 'D_layer_units_exponent_5': 7, 'D_layer_units_exponent_6': 8, 'D_dagger_layers': 4, 'D_dagger_layer_units_exponent_0': 7, 'D_dagger_layer_units_exponent_1': 7, 'D_dagger_layer_units_exponent_2': 7, 'D_dagger_layer_units_exponent_3': 7, 'log_learning_rate': -2.2719404539208905, 'log_learning_rate_D': -3.9981573728057658, 'log_learning_rate_D_dagger': -3.8138098305621337, 'training_batch_size': 11, 'training_p': 6}. Best is trial 3 with value: 0.05958547815680504.
Time for this trial:  18.585013151168823
Memory status after this trial: 
Memory allocated:  59.6298828125
Memory cached:  70.0
--------------------  Trial  15   --------------------
Start timing: 
Parameters: 
{'W_layers': 3, 'W_layer_units_exponent_0': 6, 'W_layer_units_exponent_1': 6, 'W_layer_units_exponent_2': 9, 'D_layers': 7, 'D_layer_units_exponent_0': 4, 'D_layer_units_exponent_1': 7, 'D_layer_units_exponent_2': 9, 'D_layer_units_exponent_3': 8, 'D_layer_units_exponent_4': 9, 'D_layer_units_exponent_5': 7, 'D_layer_units_exponent_6': 7, 'D_dagger_layers': 3, 'D_dagger_layer_units_exponent_0': 6, 'D_dagger_layer_units_exponent_1': 7, 'D_dagger_layer_units_exponent_2': 4, 'log_learning_rate': -2.2618685833134875, 'log_learning_rate_D': -3.7689128075555214, 'log_learning_rate_D_dagger': -3.8559775634265145, 'training_batch_size': 11, 'training_p': 6}
	 epoch  0 training error:  tensor(1.6531, device='cuda:0', grad_fn=<DivBackward0>)
Memory status after this epoch: 
Memory allocated:  2.486328125
Memory cached:  6.0
	 epoch  10 training error:  tensor(1.2658, device='cuda:0', grad_fn=<DivBackward0>)
Memory status after this epoch: 
Memory allocated:  2.486328125
Memory cached:  6.0
	 epoch  20 training error:  tensor(0.2972, device='cuda:0', grad_fn=<DivBackward0>)
Memory status after this epoch: 
Memory allocated:  2.486328125
Memory cached:  6.0
	 epoch  30 training error:  tensor(0.4142, device='cuda:0', grad_fn=<DivBackward0>)
Memory status after this epoch: 
Memory allocated:  2.486328125
Memory cached:  6.0
	 epoch  40 training error:  tensor(0.3631, device='cuda:0', grad_fn=<DivBackward0>)
Memory status after this epoch: 
Memory allocated:  2.486328125
Memory cached:  6.0
	 epoch  50 training error:  tensor(0.3026, device='cuda:0', grad_fn=<DivBackward0>)
Memory status after this epoch: 
Memory allocated:  2.486328125
Memory cached:  6.0
	 epoch  60 training error:  tensor(0.2404, device='cuda:0', grad_fn=<DivBackward0>)
Memory status after this epoch: 
Memory allocated:  2.486328125
Memory cached:  6.0
	 epoch  70 training error:  tensor(0.1593, device='cuda:0', grad_fn=<DivBackward0>)
Memory status after this epoch: 
Memory allocated:  2.486328125
Memory cached:  6.0
	 epoch  80 training error:  tensor(0.1268, device='cuda:0', grad_fn=<DivBackward0>)
Memory status after this epoch: 
Memory allocated:  2.486328125
Memory cached:  6.0
	 epoch  90 training error:  tensor(0.1621, device='cuda:0', grad_fn=<DivBackward0>)
Memory status after this epoch: 
Memory allocated:  2.486328125
Memory cached:  6.0
[I 2023-11-09 14:12:56,568] Trial 15 finished with value: 0.23542571067810059 and parameters: {'W_layers': 3, 'W_layer_units_exponent_0': 6, 'W_layer_units_exponent_1': 6, 'W_layer_units_exponent_2': 9, 'D_layers': 7, 'D_layer_units_exponent_0': 4, 'D_layer_units_exponent_1': 7, 'D_layer_units_exponent_2': 9, 'D_layer_units_exponent_3': 8, 'D_layer_units_exponent_4': 9, 'D_layer_units_exponent_5': 7, 'D_layer_units_exponent_6': 7, 'D_dagger_layers': 3, 'D_dagger_layer_units_exponent_0': 6, 'D_dagger_layer_units_exponent_1': 7, 'D_dagger_layer_units_exponent_2': 4, 'log_learning_rate': -2.2618685833134875, 'log_learning_rate_D': -3.7689128075555214, 'log_learning_rate_D_dagger': -3.8559775634265145, 'training_batch_size': 11, 'training_p': 6}. Best is trial 3 with value: 0.05958547815680504.
Time for this trial:  18.672290563583374
Memory status after this trial: 
Memory allocated:  46.361328125
Memory cached:  62.0
--------------------  Trial  16   --------------------
Start timing: 
Parameters: 
{'W_layers': 3, 'W_layer_units_exponent_0': 7, 'W_layer_units_exponent_1': 8, 'W_layer_units_exponent_2': 8, 'D_layers': 4, 'D_layer_units_exponent_0': 9, 'D_layer_units_exponent_1': 6, 'D_layer_units_exponent_2': 8, 'D_layer_units_exponent_3': 9, 'D_dagger_layers': 6, 'D_dagger_layer_units_exponent_0': 7, 'D_dagger_layer_units_exponent_1': 6, 'D_dagger_layer_units_exponent_2': 8, 'D_dagger_layer_units_exponent_3': 7, 'D_dagger_layer_units_exponent_4': 10, 'D_dagger_layer_units_exponent_5': 4, 'log_learning_rate': -1.990615273438114, 'log_learning_rate_D': -4.970045894992288, 'log_learning_rate_D_dagger': -2.7054565365658174, 'training_batch_size': 12, 'training_p': 6}
	 epoch  0 training error:  tensor(1.4654, device='cuda:0', grad_fn=<DivBackward0>)
Memory status after this epoch: 
Memory allocated:  5.525390625
Memory cached:  8.0
	 epoch  10 training error:  tensor(0.6804, device='cuda:0', grad_fn=<DivBackward0>)
Memory status after this epoch: 
Memory allocated:  5.525390625
Memory cached:  10.0
	 epoch  20 training error:  tensor(0.2605, device='cuda:0', grad_fn=<DivBackward0>)
Memory status after this epoch: 
Memory allocated:  5.525390625
Memory cached:  10.0
	 epoch  30 training error:  tensor(0.1566, device='cuda:0', grad_fn=<DivBackward0>)
Memory status after this epoch: 
Memory allocated:  5.525390625
Memory cached:  10.0
	 epoch  40 training error:  tensor(0.1156, device='cuda:0', grad_fn=<DivBackward0>)
Memory status after this epoch: 
Memory allocated:  5.525390625
Memory cached:  10.0
	 epoch  50 training error:  tensor(0.1366, device='cuda:0', grad_fn=<DivBackward0>)
Memory status after this epoch: 
Memory allocated:  5.525390625
Memory cached:  10.0
	 epoch  60 training error:  tensor(0.1217, device='cuda:0', grad_fn=<DivBackward0>)
Memory status after this epoch: 
Memory allocated:  5.525390625
Memory cached:  10.0
	 epoch  70 training error:  tensor(0.1067, device='cuda:0', grad_fn=<DivBackward0>)
Memory status after this epoch: 
Memory allocated:  5.525390625
Memory cached:  10.0
	 epoch  80 training error:  tensor(0.0967, device='cuda:0', grad_fn=<DivBackward0>)
Memory status after this epoch: 
Memory allocated:  5.525390625
Memory cached:  10.0
	 epoch  90 training error:  tensor(0.1077, device='cuda:0', grad_fn=<DivBackward0>)
Memory status after this epoch: 
Memory allocated:  5.525390625
Memory cached:  10.0
[I 2023-11-09 14:13:17,483] Trial 16 finished with value: 0.08061761409044266 and parameters: {'W_layers': 3, 'W_layer_units_exponent_0': 7, 'W_layer_units_exponent_1': 8, 'W_layer_units_exponent_2': 8, 'D_layers': 4, 'D_layer_units_exponent_0': 9, 'D_layer_units_exponent_1': 6, 'D_layer_units_exponent_2': 8, 'D_layer_units_exponent_3': 9, 'D_dagger_layers': 6, 'D_dagger_layer_units_exponent_0': 7, 'D_dagger_layer_units_exponent_1': 6, 'D_dagger_layer_units_exponent_2': 8, 'D_dagger_layer_units_exponent_3': 7, 'D_dagger_layer_units_exponent_4': 10, 'D_dagger_layer_units_exponent_5': 4, 'log_learning_rate': -1.990615273438114, 'log_learning_rate_D': -4.970045894992288, 'log_learning_rate_D_dagger': -2.7054565365658174, 'training_batch_size': 12, 'training_p': 6}. Best is trial 3 with value: 0.05958547815680504.
Time for this trial:  20.709214448928833
Memory status after this trial: 
Memory allocated:  124.923828125
Memory cached:  132.0
--------------------  Trial  17   --------------------
Start timing: 
Parameters: 
{'W_layers': 5, 'W_layer_units_exponent_0': 5, 'W_layer_units_exponent_1': 6, 'W_layer_units_exponent_2': 8, 'W_layer_units_exponent_3': 6, 'W_layer_units_exponent_4': 4, 'D_layers': 2, 'D_layer_units_exponent_0': 4, 'D_layer_units_exponent_1': 10, 'D_dagger_layers': 4, 'D_dagger_layer_units_exponent_0': 7, 'D_dagger_layer_units_exponent_1': 9, 'D_dagger_layer_units_exponent_2': 5, 'D_dagger_layer_units_exponent_3': 10, 'log_learning_rate': -2.6265843148298704, 'log_learning_rate_D': -2.644585328531398, 'log_learning_rate_D_dagger': -4.160723792139539, 'training_batch_size': 9, 'training_p': 4}
	 epoch  0 training error:  tensor(0.5765, device='cuda:0', grad_fn=<DivBackward0>)
Memory status after this epoch: 
Memory allocated:  2.5869140625
Memory cached:  10.0
	 epoch  10 training error:  tensor(0.2862, device='cuda:0', grad_fn=<DivBackward0>)
Memory status after this epoch: 
Memory allocated:  2.5869140625
Memory cached:  12.0
	 epoch  20 training error:  tensor(0.1464, device='cuda:0', grad_fn=<DivBackward0>)
Memory status after this epoch: 
Memory allocated:  2.5869140625
Memory cached:  12.0
	 epoch  30 training error:  tensor(0.1134, device='cuda:0', grad_fn=<DivBackward0>)
Memory status after this epoch: 
Memory allocated:  2.5869140625
Memory cached:  12.0
	 epoch  40 training error:  tensor(0.0974, device='cuda:0', grad_fn=<DivBackward0>)
Memory status after this epoch: 
Memory allocated:  2.5869140625
Memory cached:  12.0
	 epoch  50 training error:  tensor(0.0877, device='cuda:0', grad_fn=<DivBackward0>)
Memory status after this epoch: 
Memory allocated:  2.5869140625
Memory cached:  12.0
	 epoch  60 training error:  tensor(0.0839, device='cuda:0', grad_fn=<DivBackward0>)
Memory status after this epoch: 
Memory allocated:  2.5869140625
Memory cached:  12.0
	 epoch  70 training error:  tensor(0.0822, device='cuda:0', grad_fn=<DivBackward0>)
Memory status after this epoch: 
Memory allocated:  2.5869140625
Memory cached:  12.0
	 epoch  80 training error:  tensor(0.0804, device='cuda:0', grad_fn=<DivBackward0>)
Memory status after this epoch: 
Memory allocated:  2.5869140625
Memory cached:  12.0
	 epoch  90 training error:  tensor(0.0800, device='cuda:0', grad_fn=<DivBackward0>)
Memory status after this epoch: 
Memory allocated:  2.5869140625
Memory cached:  12.0
