[I 2023-11-08 21:03:18,725] Trial 42 finished with value: 0.05704233795404434 and parameters: {'W_layers': 6, 'W_layer_units_exponent_0': 5, 'W_layer_units_exponent_1': 9, 'W_layer_units_exponent_2': 5, 'W_layer_units_exponent_3': 5, 'W_layer_units_exponent_4': 10, 'W_layer_units_exponent_5': 4, 'D_layers': 5, 'D_layer_units_exponent_0': 9, 'D_layer_units_exponent_1': 7, 'D_layer_units_exponent_2': 8, 'D_layer_units_exponent_3': 5, 'D_layer_units_exponent_4': 9, 'D_dagger_layers': 8, 'D_dagger_layer_units_exponent_0': 10, 'D_dagger_layer_units_exponent_1': 6, 'D_dagger_layer_units_exponent_2': 8, 'D_dagger_layer_units_exponent_3': 6, 'D_dagger_layer_units_exponent_4': 7, 'D_dagger_layer_units_exponent_5': 5, 'D_dagger_layer_units_exponent_6': 8, 'D_dagger_layer_units_exponent_7': 8, 'log_learning_rate': -4.948979544189759, 'log_learning_rate_D': -2.8424858504703705, 'log_learning_rate_D_dagger': -3.30703802865031, 'training_batch_size': 12, 'training_p': 4}. Best is trial 30 with value: 0.03039935790002346.
Time for this trial:  241.0373969078064
Memory status after this trial: 
Memory allocated:  279.451171875
Memory cached:  284.0
--------------------  Trial  43   --------------------
Start timing: 
Parameters: 
{'W_layers': 7, 'W_layer_units_exponent_0': 5, 'W_layer_units_exponent_1': 9, 'W_layer_units_exponent_2': 4, 'W_layer_units_exponent_3': 6, 'W_layer_units_exponent_4': 9, 'W_layer_units_exponent_5': 4, 'W_layer_units_exponent_6': 4, 'D_layers': 4, 'D_layer_units_exponent_0': 8, 'D_layer_units_exponent_1': 7, 'D_layer_units_exponent_2': 8, 'D_layer_units_exponent_3': 6, 'D_dagger_layers': 8, 'D_dagger_layer_units_exponent_0': 9, 'D_dagger_layer_units_exponent_1': 5, 'D_dagger_layer_units_exponent_2': 7, 'D_dagger_layer_units_exponent_3': 6, 'D_dagger_layer_units_exponent_4': 7, 'D_dagger_layer_units_exponent_5': 5, 'D_dagger_layer_units_exponent_6': 8, 'D_dagger_layer_units_exponent_7': 8, 'log_learning_rate': -4.786634952551871, 'log_learning_rate_D': -2.0264537356747905, 'log_learning_rate_D_dagger': -2.8933865682094435, 'training_batch_size': 11, 'training_p': 3}
	 epoch  0 training error:  tensor(0.9994, device='cuda:0', grad_fn=<DivBackward0>)
Memory status after this epoch: 
Memory allocated:  4.23681640625
Memory cached:  114.0
	 epoch  10 training error:  tensor(0.5849, device='cuda:0', grad_fn=<DivBackward0>)
Memory status after this epoch: 
Memory allocated:  4.23681640625
Memory cached:  226.0
	 epoch  20 training error:  tensor(0.1976, device='cuda:0', grad_fn=<DivBackward0>)
Memory status after this epoch: 
Memory allocated:  4.23681640625
Memory cached:  218.0
	 epoch  30 training error:  tensor(0.1899, device='cuda:0', grad_fn=<DivBackward0>)
Memory status after this epoch: 
Memory allocated:  4.23681640625
Memory cached:  222.0
	 epoch  40 training error:  tensor(0.1035, device='cuda:0', grad_fn=<DivBackward0>)
Memory status after this epoch: 
Memory allocated:  4.23681640625
Memory cached:  208.0
	 epoch  50 training error:  tensor(0.0932, device='cuda:0', grad_fn=<DivBackward0>)
Memory status after this epoch: 
Memory allocated:  4.23681640625
Memory cached:  210.0
	 epoch  60 training error:  tensor(0.0827, device='cuda:0', grad_fn=<DivBackward0>)
Memory status after this epoch: 
Memory allocated:  4.23681640625
Memory cached:  222.0
	 epoch  70 training error:  tensor(0.0822, device='cuda:0', grad_fn=<DivBackward0>)
Memory status after this epoch: 
Memory allocated:  4.23681640625
Memory cached:  202.0
	 epoch  80 training error:  tensor(0.0804, device='cuda:0', grad_fn=<DivBackward0>)
Memory status after this epoch: 
Memory allocated:  4.23681640625
Memory cached:  228.0
	 epoch  90 training error:  tensor(0.0791, device='cuda:0', grad_fn=<DivBackward0>)
Memory status after this epoch: 
Memory allocated:  4.23681640625
Memory cached:  220.0
[I 2023-11-08 21:07:07,803] Trial 43 finished with value: 0.0666656419634819 and parameters: {'W_layers': 7, 'W_layer_units_exponent_0': 5, 'W_layer_units_exponent_1': 9, 'W_layer_units_exponent_2': 4, 'W_layer_units_exponent_3': 6, 'W_layer_units_exponent_4': 9, 'W_layer_units_exponent_5': 4, 'W_layer_units_exponent_6': 4, 'D_layers': 4, 'D_layer_units_exponent_0': 8, 'D_layer_units_exponent_1': 7, 'D_layer_units_exponent_2': 8, 'D_layer_units_exponent_3': 6, 'D_dagger_layers': 8, 'D_dagger_layer_units_exponent_0': 9, 'D_dagger_layer_units_exponent_1': 5, 'D_dagger_layer_units_exponent_2': 7, 'D_dagger_layer_units_exponent_3': 6, 'D_dagger_layer_units_exponent_4': 7, 'D_dagger_layer_units_exponent_5': 5, 'D_dagger_layer_units_exponent_6': 8, 'D_dagger_layer_units_exponent_7': 8, 'log_learning_rate': -4.786634952551871, 'log_learning_rate_D': -2.0264537356747905, 'log_learning_rate_D_dagger': -2.8933865682094435, 'training_batch_size': 11, 'training_p': 3}. Best is trial 30 with value: 0.03039935790002346.
Time for this trial:  228.74033212661743
Memory status after this trial: 
Memory allocated:  178.36083984375
Memory cached:  182.0
--------------------  Trial  44   --------------------
Start timing: 
Parameters: 
{'W_layers': 6, 'W_layer_units_exponent_0': 6, 'W_layer_units_exponent_1': 10, 'W_layer_units_exponent_2': 6, 'W_layer_units_exponent_3': 4, 'W_layer_units_exponent_4': 10, 'W_layer_units_exponent_5': 5, 'D_layers': 5, 'D_layer_units_exponent_0': 8, 'D_layer_units_exponent_1': 8, 'D_layer_units_exponent_2': 9, 'D_layer_units_exponent_3': 4, 'D_layer_units_exponent_4': 8, 'D_dagger_layers': 8, 'D_dagger_layer_units_exponent_0': 8, 'D_dagger_layer_units_exponent_1': 6, 'D_dagger_layer_units_exponent_2': 8, 'D_dagger_layer_units_exponent_3': 4, 'D_dagger_layer_units_exponent_4': 6, 'D_dagger_layer_units_exponent_5': 5, 'D_dagger_layer_units_exponent_6': 7, 'D_dagger_layer_units_exponent_7': 6, 'log_learning_rate': -4.398544263255867, 'log_learning_rate_D': -2.7267229421072834, 'log_learning_rate_D_dagger': -3.1588137824788443, 'training_batch_size': 11, 'training_p': 5}
	 epoch  0 training error:  tensor(1.0707, device='cuda:0', grad_fn=<DivBackward0>)
Memory status after this epoch: 
Memory allocated:  6.98291015625
Memory cached:  130.0
	 epoch  10 training error:  tensor(0.1851, device='cuda:0', grad_fn=<DivBackward0>)
Memory status after this epoch: 
Memory allocated:  6.98291015625
Memory cached:  244.0
	 epoch  20 training error:  tensor(0.1143, device='cuda:0', grad_fn=<DivBackward0>)
Memory status after this epoch: 
Memory allocated:  6.98291015625
Memory cached:  236.0
	 epoch  30 training error:  tensor(0.0841, device='cuda:0', grad_fn=<DivBackward0>)
Memory status after this epoch: 
Memory allocated:  6.98291015625
Memory cached:  250.0
	 epoch  40 training error:  tensor(0.0706, device='cuda:0', grad_fn=<DivBackward0>)
Memory status after this epoch: 
Memory allocated:  6.98291015625
Memory cached:  254.0
	 epoch  50 training error:  tensor(0.0612, device='cuda:0', grad_fn=<DivBackward0>)
Memory status after this epoch: 
Memory allocated:  6.98291015625
Memory cached:  242.0
	 epoch  60 training error:  tensor(0.0582, device='cuda:0', grad_fn=<DivBackward0>)
Memory status after this epoch: 
Memory allocated:  6.98291015625
Memory cached:  246.0
	 epoch  70 training error:  tensor(0.0514, device='cuda:0', grad_fn=<DivBackward0>)
Memory status after this epoch: 
Memory allocated:  6.98291015625
Memory cached:  242.0
	 epoch  80 training error:  tensor(0.0480, device='cuda:0', grad_fn=<DivBackward0>)
Memory status after this epoch: 
Memory allocated:  6.98291015625
Memory cached:  256.0
	 epoch  90 training error:  tensor(0.1063, device='cuda:0', grad_fn=<DivBackward0>)
Memory status after this epoch: 
Memory allocated:  6.98291015625
Memory cached:  250.0
[I 2023-11-08 21:11:02,817] Trial 44 finished with value: 0.0361236035823822 and parameters: {'W_layers': 6, 'W_layer_units_exponent_0': 6, 'W_layer_units_exponent_1': 10, 'W_layer_units_exponent_2': 6, 'W_layer_units_exponent_3': 4, 'W_layer_units_exponent_4': 10, 'W_layer_units_exponent_5': 5, 'D_layers': 5, 'D_layer_units_exponent_0': 8, 'D_layer_units_exponent_1': 8, 'D_layer_units_exponent_2': 9, 'D_layer_units_exponent_3': 4, 'D_layer_units_exponent_4': 8, 'D_dagger_layers': 8, 'D_dagger_layer_units_exponent_0': 8, 'D_dagger_layer_units_exponent_1': 6, 'D_dagger_layer_units_exponent_2': 8, 'D_dagger_layer_units_exponent_3': 4, 'D_dagger_layer_units_exponent_4': 6, 'D_dagger_layer_units_exponent_5': 5, 'D_dagger_layer_units_exponent_6': 7, 'D_dagger_layer_units_exponent_7': 6, 'log_learning_rate': -4.398544263255867, 'log_learning_rate_D': -2.7267229421072834, 'log_learning_rate_D_dagger': -3.1588137824788443, 'training_batch_size': 11, 'training_p': 5}. Best is trial 30 with value: 0.03039935790002346.
Time for this trial:  234.6746916770935
Memory status after this trial: 
Memory allocated:  239.23046875
Memory cached:  244.0
--------------------  Trial  45   --------------------
Start timing: 
Parameters: 
{'W_layers': 8, 'W_layer_units_exponent_0': 6, 'W_layer_units_exponent_1': 10, 'W_layer_units_exponent_2': 6, 'W_layer_units_exponent_3': 5, 'W_layer_units_exponent_4': 9, 'W_layer_units_exponent_5': 5, 'W_layer_units_exponent_6': 6, 'W_layer_units_exponent_7': 4, 'D_layers': 6, 'D_layer_units_exponent_0': 8, 'D_layer_units_exponent_1': 8, 'D_layer_units_exponent_2': 9, 'D_layer_units_exponent_3': 5, 'D_layer_units_exponent_4': 8, 'D_layer_units_exponent_5': 4, 'D_dagger_layers': 8, 'D_dagger_layer_units_exponent_0': 8, 'D_dagger_layer_units_exponent_1': 6, 'D_dagger_layer_units_exponent_2': 8, 'D_dagger_layer_units_exponent_3': 4, 'D_dagger_layer_units_exponent_4': 8, 'D_dagger_layer_units_exponent_5': 4, 'D_dagger_layer_units_exponent_6': 6, 'D_dagger_layer_units_exponent_7': 6, 'log_learning_rate': -4.425062112417389, 'log_learning_rate_D': -2.697635268842248, 'log_learning_rate_D_dagger': -3.1434939284412486, 'training_batch_size': 12, 'training_p': 4}
	 epoch  0 training error:  tensor(0.9636, device='cuda:0', grad_fn=<DivBackward0>)
Memory status after this epoch: 
Memory allocated:  7.01220703125
Memory cached:  142.0
	 epoch  10 training error:  tensor(0.1810, device='cuda:0', grad_fn=<DivBackward0>)
Memory status after this epoch: 
Memory allocated:  7.01220703125
Memory cached:  254.0
	 epoch  20 training error:  tensor(0.0847, device='cuda:0', grad_fn=<DivBackward0>)
Memory status after this epoch: 
Memory allocated:  7.01220703125
Memory cached:  276.0
	 epoch  30 training error:  tensor(0.1002, device='cuda:0', grad_fn=<DivBackward0>)
Memory status after this epoch: 
Memory allocated:  7.01220703125
Memory cached:  262.0
	 epoch  40 training error:  tensor(0.0813, device='cuda:0', grad_fn=<DivBackward0>)
Memory status after this epoch: 
Memory allocated:  7.01220703125
Memory cached:  270.0
	 epoch  50 training error:  tensor(0.0750, device='cuda:0', grad_fn=<DivBackward0>)
Memory status after this epoch: 
Memory allocated:  7.01220703125
Memory cached:  276.0
	 epoch  60 training error:  tensor(0.0675, device='cuda:0', grad_fn=<DivBackward0>)
Memory status after this epoch: 
Memory allocated:  7.01220703125
Memory cached:  266.0
	 epoch  70 training error:  tensor(0.0576, device='cuda:0', grad_fn=<DivBackward0>)
Memory status after this epoch: 
Memory allocated:  7.01220703125
Memory cached:  264.0
	 epoch  80 training error:  tensor(0.0502, device='cuda:0', grad_fn=<DivBackward0>)
Memory status after this epoch: 
Memory allocated:  7.01220703125
Memory cached:  274.0
	 epoch  90 training error:  tensor(0.0450, device='cuda:0', grad_fn=<DivBackward0>)
Memory status after this epoch: 
Memory allocated:  7.01220703125
Memory cached:  252.0
[I 2023-11-08 21:15:19,783] Trial 45 finished with value: 0.03502436354756355 and parameters: {'W_layers': 8, 'W_layer_units_exponent_0': 6, 'W_layer_units_exponent_1': 10, 'W_layer_units_exponent_2': 6, 'W_layer_units_exponent_3': 5, 'W_layer_units_exponent_4': 9, 'W_layer_units_exponent_5': 5, 'W_layer_units_exponent_6': 6, 'W_layer_units_exponent_7': 4, 'D_layers': 6, 'D_layer_units_exponent_0': 8, 'D_layer_units_exponent_1': 8, 'D_layer_units_exponent_2': 9, 'D_layer_units_exponent_3': 5, 'D_layer_units_exponent_4': 8, 'D_layer_units_exponent_5': 4, 'D_dagger_layers': 8, 'D_dagger_layer_units_exponent_0': 8, 'D_dagger_layer_units_exponent_1': 6, 'D_dagger_layer_units_exponent_2': 8, 'D_dagger_layer_units_exponent_3': 4, 'D_dagger_layer_units_exponent_4': 8, 'D_dagger_layer_units_exponent_5': 4, 'D_dagger_layer_units_exponent_6': 6, 'D_dagger_layer_units_exponent_7': 6, 'log_learning_rate': -4.425062112417389, 'log_learning_rate_D': -2.697635268842248, 'log_learning_rate_D_dagger': -3.1434939284412486, 'training_batch_size': 12, 'training_p': 4}. Best is trial 30 with value: 0.03039935790002346.
Time for this trial:  256.58445048332214
Memory status after this trial: 
Memory allocated:  224.87255859375
Memory cached:  230.0
--------------------  Trial  46   --------------------
Start timing: 
Parameters: 
{'W_layers': 8, 'W_layer_units_exponent_0': 6, 'W_layer_units_exponent_1': 10, 'W_layer_units_exponent_2': 6, 'W_layer_units_exponent_3': 6, 'W_layer_units_exponent_4': 9, 'W_layer_units_exponent_5': 5, 'W_layer_units_exponent_6': 7, 'W_layer_units_exponent_7': 4, 'D_layers': 6, 'D_layer_units_exponent_0': 8, 'D_layer_units_exponent_1': 8, 'D_layer_units_exponent_2': 8, 'D_layer_units_exponent_3': 5, 'D_layer_units_exponent_4': 8, 'D_layer_units_exponent_5': 4, 'D_dagger_layers': 8, 'D_dagger_layer_units_exponent_0': 8, 'D_dagger_layer_units_exponent_1': 6, 'D_dagger_layer_units_exponent_2': 8, 'D_dagger_layer_units_exponent_3': 4, 'D_dagger_layer_units_exponent_4': 8, 'D_dagger_layer_units_exponent_5': 4, 'D_dagger_layer_units_exponent_6': 6, 'D_dagger_layer_units_exponent_7': 6, 'log_learning_rate': -4.427700028295282, 'log_learning_rate_D': -2.3994808139554236, 'log_learning_rate_D_dagger': -2.722516651971603, 'training_batch_size': 11, 'training_p': 4}
	 epoch  0 training error:  tensor(0.9737, device='cuda:0', grad_fn=<DivBackward0>)
Memory status after this epoch: 
Memory allocated:  6.21142578125
Memory cached:  136.0
	 epoch  10 training error:  tensor(0.4586, device='cuda:0', grad_fn=<DivBackward0>)
Memory status after this epoch: 
Memory allocated:  6.21142578125
Memory cached:  268.0
	 epoch  20 training error:  tensor(0.1515, device='cuda:0', grad_fn=<DivBackward0>)
Memory status after this epoch: 
Memory allocated:  6.21142578125
Memory cached:  256.0
	 epoch  30 training error:  tensor(0.0948, device='cuda:0', grad_fn=<DivBackward0>)
Memory status after this epoch: 
Memory allocated:  6.21142578125
Memory cached:  254.0
	 epoch  40 training error:  tensor(0.1027, device='cuda:0', grad_fn=<DivBackward0>)
Memory status after this epoch: 
Memory allocated:  6.21142578125
Memory cached:  256.0
	 epoch  50 training error:  tensor(0.0966, device='cuda:0', grad_fn=<DivBackward0>)
Memory status after this epoch: 
Memory allocated:  6.21142578125
Memory cached:  244.0
	 epoch  60 training error:  tensor(0.0930, device='cuda:0', grad_fn=<DivBackward0>)
Memory status after this epoch: 
Memory allocated:  6.21142578125
Memory cached:  252.0
	 epoch  70 training error:  tensor(0.0911, device='cuda:0', grad_fn=<DivBackward0>)
Memory status after this epoch: 
Memory allocated:  6.21142578125
Memory cached:  242.0
	 epoch  80 training error:  tensor(0.0903, device='cuda:0', grad_fn=<DivBackward0>)
Memory status after this epoch: 
Memory allocated:  6.21142578125
Memory cached:  250.0
	 epoch  90 training error:  tensor(0.0894, device='cuda:0', grad_fn=<DivBackward0>)
Memory status after this epoch: 
Memory allocated:  6.21142578125
Memory cached:  248.0
[I 2023-11-08 21:19:36,147] Trial 46 finished with value: 0.06984446197748184 and parameters: {'W_layers': 8, 'W_layer_units_exponent_0': 6, 'W_layer_units_exponent_1': 10, 'W_layer_units_exponent_2': 6, 'W_layer_units_exponent_3': 6, 'W_layer_units_exponent_4': 9, 'W_layer_units_exponent_5': 5, 'W_layer_units_exponent_6': 7, 'W_layer_units_exponent_7': 4, 'D_layers': 6, 'D_layer_units_exponent_0': 8, 'D_layer_units_exponent_1': 8, 'D_layer_units_exponent_2': 8, 'D_layer_units_exponent_3': 5, 'D_layer_units_exponent_4': 8, 'D_layer_units_exponent_5': 4, 'D_dagger_layers': 8, 'D_dagger_layer_units_exponent_0': 8, 'D_dagger_layer_units_exponent_1': 6, 'D_dagger_layer_units_exponent_2': 8, 'D_dagger_layer_units_exponent_3': 4, 'D_dagger_layer_units_exponent_4': 8, 'D_dagger_layer_units_exponent_5': 4, 'D_dagger_layer_units_exponent_6': 6, 'D_dagger_layer_units_exponent_7': 6, 'log_learning_rate': -4.427700028295282, 'log_learning_rate_D': -2.3994808139554236, 'log_learning_rate_D_dagger': -2.722516651971603, 'training_batch_size': 11, 'training_p': 4}. Best is trial 30 with value: 0.03039935790002346.
Time for this trial:  255.9554796218872
Memory status after this trial: 
Memory allocated:  216.06396484375
Memory cached:  220.0
--------------------  Trial  47   --------------------
Start timing: 
Parameters: 
{'W_layers': 8, 'W_layer_units_exponent_0': 4, 'W_layer_units_exponent_1': 10, 'W_layer_units_exponent_2': 7, 'W_layer_units_exponent_3': 7, 'W_layer_units_exponent_4': 8, 'W_layer_units_exponent_5': 5, 'W_layer_units_exponent_6': 6, 'W_layer_units_exponent_7': 6, 'D_layers': 6, 'D_layer_units_exponent_0': 8, 'D_layer_units_exponent_1': 8, 'D_layer_units_exponent_2': 10, 'D_layer_units_exponent_3': 4, 'D_layer_units_exponent_4': 8, 'D_layer_units_exponent_5': 6, 'D_dagger_layers': 8, 'D_dagger_layer_units_exponent_0': 8, 'D_dagger_layer_units_exponent_1': 6, 'D_dagger_layer_units_exponent_2': 8, 'D_dagger_layer_units_exponent_3': 4, 'D_dagger_layer_units_exponent_4': 9, 'D_dagger_layer_units_exponent_5': 4, 'D_dagger_layer_units_exponent_6': 6, 'D_dagger_layer_units_exponent_7': 6, 'log_learning_rate': -4.832602890508457, 'log_learning_rate_D': -2.030929949837819, 'log_learning_rate_D_dagger': -3.3108170846238973, 'training_batch_size': 12, 'training_p': 4}
	 epoch  0 training error:  tensor(1.0177, device='cuda:0', grad_fn=<DivBackward0>)
Memory status after this epoch: 
Memory allocated:  9.90673828125
Memory cached:  136.0
	 epoch  10 training error:  tensor(0.2599, device='cuda:0', grad_fn=<DivBackward0>)
Memory status after this epoch: 
Memory allocated:  9.90673828125
Memory cached:  256.0
	 epoch  20 training error:  tensor(0.1163, device='cuda:0', grad_fn=<DivBackward0>)
Memory status after this epoch: 
Memory allocated:  9.90673828125
Memory cached:  250.0
	 epoch  30 training error:  tensor(0.1021, device='cuda:0', grad_fn=<DivBackward0>)
Memory status after this epoch: 
Memory allocated:  9.90673828125
Memory cached:  244.0
	 epoch  40 training error:  tensor(0.0934, device='cuda:0', grad_fn=<DivBackward0>)
Memory status after this epoch: 
Memory allocated:  9.90673828125
Memory cached:  254.0
	 epoch  50 training error:  tensor(0.0928, device='cuda:0', grad_fn=<DivBackward0>)
Memory status after this epoch: 
Memory allocated:  9.90673828125
Memory cached:  246.0
	 epoch  60 training error:  tensor(0.0900, device='cuda:0', grad_fn=<DivBackward0>)
Memory status after this epoch: 
Memory allocated:  9.90673828125
Memory cached:  246.0
	 epoch  70 training error:  tensor(0.0885, device='cuda:0', grad_fn=<DivBackward0>)
Memory status after this epoch: 
Memory allocated:  9.90673828125
Memory cached:  246.0
	 epoch  80 training error:  tensor(0.0872, device='cuda:0', grad_fn=<DivBackward0>)
Memory status after this epoch: 
Memory allocated:  9.90673828125
Memory cached:  246.0
	 epoch  90 training error:  tensor(0.0860, device='cuda:0', grad_fn=<DivBackward0>)
Memory status after this epoch: 
Memory allocated:  9.90673828125
Memory cached:  258.0
