[I 2023-11-01 16:16:47,135] Trial 15 finished with value: 0.230549618601799 and parameters: {'W_layers': 8, 'W_layer_units_exponent_0': 8, 'W_layer_units_exponent_1': 9, 'W_layer_units_exponent_2': 6, 'W_layer_units_exponent_3': 9, 'W_layer_units_exponent_4': 6, 'W_layer_units_exponent_5': 5, 'W_layer_units_exponent_6': 8, 'W_layer_units_exponent_7': 10, 'D_layers': 6, 'D_layer_units_exponent_0': 4, 'D_layer_units_exponent_1': 5, 'D_layer_units_exponent_2': 4, 'D_layer_units_exponent_3': 8, 'D_layer_units_exponent_4': 9, 'D_layer_units_exponent_5': 5, 'log_learning_rate': -4.456746563599438, 'log_learning_rate_D': -2.1775162756600177, 'training_batch_size': 10, 'training_p': 5}. Best is trial 12 with value: 0.22162218391895294.
Time for this trial:  181.3603081703186
Memory status after this trial: 
Memory allocated:  196.9892578125
Memory cached:  204.0
--------------------  Trial  16   --------------------
Start timing: 
Parameters: 
{'W_layers': 6, 'W_layer_units_exponent_0': 9, 'W_layer_units_exponent_1': 9, 'W_layer_units_exponent_2': 5, 'W_layer_units_exponent_3': 10, 'W_layer_units_exponent_4': 5, 'W_layer_units_exponent_5': 4, 'D_layers': 7, 'D_layer_units_exponent_0': 4, 'D_layer_units_exponent_1': 5, 'D_layer_units_exponent_2': 5, 'D_layer_units_exponent_3': 6, 'D_layer_units_exponent_4': 9, 'D_layer_units_exponent_5': 10, 'D_layer_units_exponent_6': 10, 'log_learning_rate': -4.895016228200055, 'log_learning_rate_D': -2.6481057294466317, 'training_batch_size': 9, 'training_p': 7}
	 epoch  0 training error:  tensor(0.9987, device='cuda:0', grad_fn=<DivBackward0>)
Memory status after this epoch: 
Memory allocated:  29.9931640625
Memory cached:  58.0
	 epoch  10 training error:  tensor(0.9319, device='cuda:0', grad_fn=<DivBackward0>)
Memory status after this epoch: 
Memory allocated:  29.9931640625
Memory cached:  62.0
	 epoch  20 training error:  tensor(0.8569, device='cuda:0', grad_fn=<DivBackward0>)
Memory status after this epoch: 
Memory allocated:  29.9931640625
Memory cached:  62.0
	 epoch  30 training error:  tensor(0.7617, device='cuda:0', grad_fn=<DivBackward0>)
Memory status after this epoch: 
Memory allocated:  29.9931640625
Memory cached:  62.0
	 epoch  40 training error:  tensor(0.6399, device='cuda:0', grad_fn=<DivBackward0>)
Memory status after this epoch: 
Memory allocated:  29.9931640625
Memory cached:  62.0
	 epoch  50 training error:  tensor(0.4837, device='cuda:0', grad_fn=<DivBackward0>)
Memory status after this epoch: 
Memory allocated:  29.9931640625
Memory cached:  62.0
	 epoch  60 training error:  tensor(0.3018, device='cuda:0', grad_fn=<DivBackward0>)
Memory status after this epoch: 
Memory allocated:  29.9931640625
Memory cached:  62.0
	 epoch  70 training error:  tensor(0.2691, device='cuda:0', grad_fn=<DivBackward0>)
Memory status after this epoch: 
Memory allocated:  29.9931640625
Memory cached:  62.0
	 epoch  80 training error:  tensor(0.2638, device='cuda:0', grad_fn=<DivBackward0>)
Memory status after this epoch: 
Memory allocated:  29.9931640625
Memory cached:  62.0
	 epoch  90 training error:  tensor(0.2595, device='cuda:0', grad_fn=<DivBackward0>)
Memory status after this epoch: 
Memory allocated:  29.9931640625
Memory cached:  62.0
[I 2023-11-01 16:19:51,342] Trial 16 finished with value: 0.23085308074951172 and parameters: {'W_layers': 6, 'W_layer_units_exponent_0': 9, 'W_layer_units_exponent_1': 9, 'W_layer_units_exponent_2': 5, 'W_layer_units_exponent_3': 10, 'W_layer_units_exponent_4': 5, 'W_layer_units_exponent_5': 4, 'D_layers': 7, 'D_layer_units_exponent_0': 4, 'D_layer_units_exponent_1': 5, 'D_layer_units_exponent_2': 5, 'D_layer_units_exponent_3': 6, 'D_layer_units_exponent_4': 9, 'D_layer_units_exponent_5': 10, 'D_layer_units_exponent_6': 10, 'log_learning_rate': -4.895016228200055, 'log_learning_rate_D': -2.6481057294466317, 'training_batch_size': 9, 'training_p': 7}. Best is trial 12 with value: 0.22162218391895294.
Time for this trial:  183.9838466644287
Memory status after this trial: 
Memory allocated:  272.59228515625
Memory cached:  284.0
--------------------  Trial  17   --------------------
Start timing: 
Parameters: 
{'W_layers': 6, 'W_layer_units_exponent_0': 6, 'W_layer_units_exponent_1': 7, 'W_layer_units_exponent_2': 7, 'W_layer_units_exponent_3': 9, 'W_layer_units_exponent_4': 8, 'W_layer_units_exponent_5': 6, 'D_layers': 7, 'D_layer_units_exponent_0': 7, 'D_layer_units_exponent_1': 4, 'D_layer_units_exponent_2': 5, 'D_layer_units_exponent_3': 9, 'D_layer_units_exponent_4': 10, 'D_layer_units_exponent_5': 4, 'D_layer_units_exponent_6': 10, 'log_learning_rate': -4.395829930256804, 'log_learning_rate_D': -1.8167484794162374, 'training_batch_size': 10, 'training_p': 7}
	 epoch  0 training error:  tensor(1.0159, device='cuda:0', grad_fn=<DivBackward0>)
Memory status after this epoch: 
Memory allocated:  12.5498046875
Memory cached:  34.0
	 epoch  10 training error:  tensor(0.9220, device='cuda:0', grad_fn=<DivBackward0>)
Memory status after this epoch: 
Memory allocated:  12.5498046875
Memory cached:  38.0
	 epoch  20 training error:  tensor(0.8087, device='cuda:0', grad_fn=<DivBackward0>)
Memory status after this epoch: 
Memory allocated:  12.5498046875
Memory cached:  38.0
	 epoch  30 training error:  tensor(0.6404, device='cuda:0', grad_fn=<DivBackward0>)
Memory status after this epoch: 
Memory allocated:  12.5498046875
Memory cached:  38.0
	 epoch  40 training error:  tensor(0.3780, device='cuda:0', grad_fn=<DivBackward0>)
Memory status after this epoch: 
Memory allocated:  12.5498046875
Memory cached:  38.0
	 epoch  50 training error:  tensor(0.3088, device='cuda:0', grad_fn=<DivBackward0>)
Memory status after this epoch: 
Memory allocated:  12.5498046875
Memory cached:  38.0
	 epoch  60 training error:  tensor(0.2613, device='cuda:0', grad_fn=<DivBackward0>)
Memory status after this epoch: 
Memory allocated:  12.5498046875
Memory cached:  38.0
	 epoch  70 training error:  tensor(0.2616, device='cuda:0', grad_fn=<DivBackward0>)
Memory status after this epoch: 
Memory allocated:  12.5498046875
Memory cached:  38.0
	 epoch  80 training error:  tensor(0.2617, device='cuda:0', grad_fn=<DivBackward0>)
Memory status after this epoch: 
Memory allocated:  12.5498046875
Memory cached:  38.0
	 epoch  90 training error:  tensor(0.2601, device='cuda:0', grad_fn=<DivBackward0>)
Memory status after this epoch: 
Memory allocated:  12.5498046875
Memory cached:  38.0
[I 2023-11-01 16:22:45,944] Trial 17 finished with value: 0.227934792637825 and parameters: {'W_layers': 6, 'W_layer_units_exponent_0': 6, 'W_layer_units_exponent_1': 7, 'W_layer_units_exponent_2': 7, 'W_layer_units_exponent_3': 9, 'W_layer_units_exponent_4': 8, 'W_layer_units_exponent_5': 6, 'D_layers': 7, 'D_layer_units_exponent_0': 7, 'D_layer_units_exponent_1': 4, 'D_layer_units_exponent_2': 5, 'D_layer_units_exponent_3': 9, 'D_layer_units_exponent_4': 10, 'D_layer_units_exponent_5': 4, 'D_layer_units_exponent_6': 10, 'log_learning_rate': -4.395829930256804, 'log_learning_rate_D': -1.8167484794162374, 'training_batch_size': 10, 'training_p': 7}. Best is trial 12 with value: 0.22162218391895294.
Time for this trial:  174.3382453918457
Memory status after this trial: 
Memory allocated:  214.28271484375
Memory cached:  234.0
--------------------  Trial  18   --------------------
Start timing: 
Parameters: 
{'W_layers': 8, 'W_layer_units_exponent_0': 10, 'W_layer_units_exponent_1': 9, 'W_layer_units_exponent_2': 5, 'W_layer_units_exponent_3': 9, 'W_layer_units_exponent_4': 7, 'W_layer_units_exponent_5': 5, 'W_layer_units_exponent_6': 8, 'W_layer_units_exponent_7': 10, 'D_layers': 5, 'D_layer_units_exponent_0': 5, 'D_layer_units_exponent_1': 6, 'D_layer_units_exponent_2': 4, 'D_layer_units_exponent_3': 9, 'D_layer_units_exponent_4': 8, 'log_learning_rate': -3.28988105523013, 'log_learning_rate_D': -1.1945580133517975, 'training_batch_size': 10, 'training_p': 6}
	 epoch  0 training error:  tensor(0.9953, device='cuda:0', grad_fn=<DivBackward0>)
Memory status after this epoch: 
Memory allocated:  16.0712890625
Memory cached:  38.0
	 epoch  10 training error:  tensor(0.9367, device='cuda:0', grad_fn=<DivBackward0>)
Memory status after this epoch: 
Memory allocated:  16.0712890625
Memory cached:  42.0
	 epoch  20 training error:  tensor(0.8336, device='cuda:0', grad_fn=<DivBackward0>)
Memory status after this epoch: 
Memory allocated:  16.0712890625
Memory cached:  42.0
	 epoch  30 training error:  tensor(0.3248, device='cuda:0', grad_fn=<DivBackward0>)
Memory status after this epoch: 
Memory allocated:  16.0712890625
Memory cached:  42.0
	 epoch  40 training error:  tensor(0.2676, device='cuda:0', grad_fn=<DivBackward0>)
Memory status after this epoch: 
Memory allocated:  16.0712890625
Memory cached:  42.0
	 epoch  50 training error:  tensor(0.3549, device='cuda:0', grad_fn=<DivBackward0>)
Memory status after this epoch: 
Memory allocated:  16.0712890625
Memory cached:  42.0
	 epoch  60 training error:  tensor(0.2728, device='cuda:0', grad_fn=<DivBackward0>)
Memory status after this epoch: 
Memory allocated:  16.0712890625
Memory cached:  42.0
	 epoch  70 training error:  tensor(0.2671, device='cuda:0', grad_fn=<DivBackward0>)
Memory status after this epoch: 
Memory allocated:  16.0712890625
Memory cached:  42.0
	 epoch  80 training error:  tensor(0.2585, device='cuda:0', grad_fn=<DivBackward0>)
Memory status after this epoch: 
Memory allocated:  16.0712890625
Memory cached:  42.0
	 epoch  90 training error:  tensor(0.2595, device='cuda:0', grad_fn=<DivBackward0>)
Memory status after this epoch: 
Memory allocated:  16.0712890625
Memory cached:  42.0
[I 2023-11-01 16:25:44,432] Trial 18 finished with value: 0.22754354774951935 and parameters: {'W_layers': 8, 'W_layer_units_exponent_0': 10, 'W_layer_units_exponent_1': 9, 'W_layer_units_exponent_2': 5, 'W_layer_units_exponent_3': 9, 'W_layer_units_exponent_4': 7, 'W_layer_units_exponent_5': 5, 'W_layer_units_exponent_6': 8, 'W_layer_units_exponent_7': 10, 'D_layers': 5, 'D_layer_units_exponent_0': 5, 'D_layer_units_exponent_1': 6, 'D_layer_units_exponent_2': 4, 'D_layer_units_exponent_3': 9, 'D_layer_units_exponent_4': 8, 'log_learning_rate': -3.28988105523013, 'log_learning_rate_D': -1.1945580133517975, 'training_batch_size': 10, 'training_p': 6}. Best is trial 12 with value: 0.22162218391895294.
Time for this trial:  178.26526618003845
Memory status after this trial: 
Memory allocated:  243.36328125
Memory cached:  264.0
--------------------  Trial  19   --------------------
Start timing: 
Parameters: 
{'W_layers': 7, 'W_layer_units_exponent_0': 9, 'W_layer_units_exponent_1': 10, 'W_layer_units_exponent_2': 6, 'W_layer_units_exponent_3': 8, 'W_layer_units_exponent_4': 5, 'W_layer_units_exponent_5': 8, 'W_layer_units_exponent_6': 7, 'D_layers': 6, 'D_layer_units_exponent_0': 6, 'D_layer_units_exponent_1': 6, 'D_layer_units_exponent_2': 6, 'D_layer_units_exponent_3': 4, 'D_layer_units_exponent_4': 9, 'D_layer_units_exponent_5': 6, 'log_learning_rate': -4.482198227754258, 'log_learning_rate_D': -2.6515891856875387, 'training_batch_size': 12, 'training_p': 4}
	 epoch  0 training error:  tensor(0.9942, device='cuda:0', grad_fn=<DivBackward0>)
Memory status after this epoch: 
Memory allocated:  10.9052734375
Memory cached:  36.0
	 epoch  10 training error:  tensor(0.8773, device='cuda:0', grad_fn=<DivBackward0>)
Memory status after this epoch: 
Memory allocated:  10.9052734375
Memory cached:  40.0
	 epoch  20 training error:  tensor(0.6446, device='cuda:0', grad_fn=<DivBackward0>)
Memory status after this epoch: 
Memory allocated:  10.9052734375
Memory cached:  42.0
	 epoch  30 training error:  tensor(0.2537, device='cuda:0', grad_fn=<DivBackward0>)
Memory status after this epoch: 
Memory allocated:  10.9052734375
Memory cached:  38.0
	 epoch  40 training error:  tensor(0.2803, device='cuda:0', grad_fn=<DivBackward0>)
Memory status after this epoch: 
Memory allocated:  10.9052734375
Memory cached:  38.0
	 epoch  50 training error:  tensor(0.2550, device='cuda:0', grad_fn=<DivBackward0>)
Memory status after this epoch: 
Memory allocated:  10.9052734375
Memory cached:  38.0
	 epoch  60 training error:  tensor(0.2528, device='cuda:0', grad_fn=<DivBackward0>)
Memory status after this epoch: 
Memory allocated:  10.9052734375
Memory cached:  38.0
	 epoch  70 training error:  tensor(0.2523, device='cuda:0', grad_fn=<DivBackward0>)
Memory status after this epoch: 
Memory allocated:  10.9052734375
Memory cached:  38.0
	 epoch  80 training error:  tensor(0.2521, device='cuda:0', grad_fn=<DivBackward0>)
Memory status after this epoch: 
Memory allocated:  10.9052734375
Memory cached:  38.0
	 epoch  90 training error:  tensor(0.2519, device='cuda:0', grad_fn=<DivBackward0>)
Memory status after this epoch: 
Memory allocated:  10.9052734375
Memory cached:  38.0
[I 2023-11-01 16:28:32,373] Trial 19 finished with value: 0.23315317928791046 and parameters: {'W_layers': 7, 'W_layer_units_exponent_0': 9, 'W_layer_units_exponent_1': 10, 'W_layer_units_exponent_2': 6, 'W_layer_units_exponent_3': 8, 'W_layer_units_exponent_4': 5, 'W_layer_units_exponent_5': 8, 'W_layer_units_exponent_6': 7, 'D_layers': 6, 'D_layer_units_exponent_0': 6, 'D_layer_units_exponent_1': 6, 'D_layer_units_exponent_2': 6, 'D_layer_units_exponent_3': 4, 'D_layer_units_exponent_4': 9, 'D_layer_units_exponent_5': 6, 'log_learning_rate': -4.482198227754258, 'log_learning_rate_D': -2.6515891856875387, 'training_batch_size': 12, 'training_p': 4}. Best is trial 12 with value: 0.22162218391895294.
Time for this trial:  167.69878888130188
Memory status after this trial: 
Memory allocated:  169.05419921875
Memory cached:  188.0
--------------------  Trial  20   --------------------
Start timing: 
Parameters: 
{'W_layers': 5, 'W_layer_units_exponent_0': 8, 'W_layer_units_exponent_1': 7, 'W_layer_units_exponent_2': 7, 'W_layer_units_exponent_3': 7, 'W_layer_units_exponent_4': 6, 'D_layers': 7, 'D_layer_units_exponent_0': 4, 'D_layer_units_exponent_1': 4, 'D_layer_units_exponent_2': 6, 'D_layer_units_exponent_3': 6, 'D_layer_units_exponent_4': 8, 'D_layer_units_exponent_5': 5, 'D_layer_units_exponent_6': 7, 'log_learning_rate': -4.917537077487242, 'log_learning_rate_D': -1.8338910892486175, 'training_batch_size': 8, 'training_p': 5}
	 epoch  0 training error:  tensor(1.0230, device='cuda:0', grad_fn=<DivBackward0>)
Memory status after this epoch: 
Memory allocated:  1.7353515625
Memory cached:  12.0
	 epoch  10 training error:  tensor(0.9928, device='cuda:0', grad_fn=<DivBackward0>)
Memory status after this epoch: 
Memory allocated:  1.7353515625
Memory cached:  14.0
	 epoch  20 training error:  tensor(0.9618, device='cuda:0', grad_fn=<DivBackward0>)
Memory status after this epoch: 
Memory allocated:  1.7353515625
Memory cached:  14.0
	 epoch  30 training error:  tensor(0.9301, device='cuda:0', grad_fn=<DivBackward0>)
Memory status after this epoch: 
Memory allocated:  1.7353515625
Memory cached:  12.0
	 epoch  40 training error:  tensor(0.8972, device='cuda:0', grad_fn=<DivBackward0>)
Memory status after this epoch: 
Memory allocated:  1.7353515625
Memory cached:  14.0
	 epoch  50 training error:  tensor(0.8624, device='cuda:0', grad_fn=<DivBackward0>)
Memory status after this epoch: 
Memory allocated:  1.7353515625
Memory cached:  14.0
	 epoch  60 training error:  tensor(0.8248, device='cuda:0', grad_fn=<DivBackward0>)
Memory status after this epoch: 
Memory allocated:  1.7353515625
Memory cached:  12.0
	 epoch  70 training error:  tensor(0.7837, device='cuda:0', grad_fn=<DivBackward0>)
Memory status after this epoch: 
Memory allocated:  1.7353515625
Memory cached:  14.0
	 epoch  80 training error:  tensor(0.7385, device='cuda:0', grad_fn=<DivBackward0>)
Memory status after this epoch: 
Memory allocated:  1.7353515625
Memory cached:  14.0
	 epoch  90 training error:  tensor(0.6886, device='cuda:0', grad_fn=<DivBackward0>)
Memory status after this epoch: 
Memory allocated:  1.7353515625
Memory cached:  12.0
[I 2023-11-01 16:31:00,940] Trial 20 finished with value: 0.6132760047912598 and parameters: {'W_layers': 5, 'W_layer_units_exponent_0': 8, 'W_layer_units_exponent_1': 7, 'W_layer_units_exponent_2': 7, 'W_layer_units_exponent_3': 7, 'W_layer_units_exponent_4': 6, 'D_layers': 7, 'D_layer_units_exponent_0': 4, 'D_layer_units_exponent_1': 4, 'D_layer_units_exponent_2': 6, 'D_layer_units_exponent_3': 6, 'D_layer_units_exponent_4': 8, 'D_layer_units_exponent_5': 5, 'D_layer_units_exponent_6': 7, 'log_learning_rate': -4.917537077487242, 'log_learning_rate_D': -1.8338910892486175, 'training_batch_size': 8, 'training_p': 5}. Best is trial 12 with value: 0.22162218391895294.
Time for this trial:  148.30788207054138
Memory status after this trial: 
Memory allocated:  69.90087890625
Memory cached:  72.0
--------------------  Trial  21   --------------------
Start timing: 
Parameters: 
{'W_layers': 8, 'W_layer_units_exponent_0': 10, 'W_layer_units_exponent_1': 9, 'W_layer_units_exponent_2': 5, 'W_layer_units_exponent_3': 9, 'W_layer_units_exponent_4': 7, 'W_layer_units_exponent_5': 5, 'W_layer_units_exponent_6': 8, 'W_layer_units_exponent_7': 10, 'D_layers': 5, 'D_layer_units_exponent_0': 5, 'D_layer_units_exponent_1': 6, 'D_layer_units_exponent_2': 4, 'D_layer_units_exponent_3': 9, 'D_layer_units_exponent_4': 8, 'log_learning_rate': -3.271389163025936, 'log_learning_rate_D': -1.0906998145090334, 'training_batch_size': 10, 'training_p': 6}
	 epoch  0 training error:  tensor(0.9999, device='cuda:0', grad_fn=<DivBackward0>)
Memory status after this epoch: 
Memory allocated:  16.0712890625
Memory cached:  40.0
	 epoch  10 training error:  tensor(0.2610, device='cuda:0', grad_fn=<DivBackward0>)
Memory status after this epoch: 
Memory allocated:  16.0712890625
Memory cached:  48.0
	 epoch  20 training error:  tensor(0.2935, device='cuda:0', grad_fn=<DivBackward0>)
Memory status after this epoch: 
Memory allocated:  16.0712890625
Memory cached:  42.0
	 epoch  30 training error:  tensor(0.2694, device='cuda:0', grad_fn=<DivBackward0>)
Memory status after this epoch: 
Memory allocated:  16.0712890625
Memory cached:  42.0
	 epoch  40 training error:  tensor(0.2641, device='cuda:0', grad_fn=<DivBackward0>)
Memory status after this epoch: 
Memory allocated:  16.0712890625
Memory cached:  42.0
	 epoch  50 training error:  tensor(0.2584, device='cuda:0', grad_fn=<DivBackward0>)
Memory status after this epoch: 
Memory allocated:  16.0712890625
Memory cached:  42.0
	 epoch  60 training error:  tensor(0.2579, device='cuda:0', grad_fn=<DivBackward0>)
Memory status after this epoch: 
Memory allocated:  16.0712890625
Memory cached:  42.0
	 epoch  70 training error:  tensor(0.2579, device='cuda:0', grad_fn=<DivBackward0>)
Memory status after this epoch: 
Memory allocated:  16.0712890625
Memory cached:  42.0
	 epoch  80 training error:  tensor(0.2578, device='cuda:0', grad_fn=<DivBackward0>)
Memory status after this epoch: 
Memory allocated:  16.0712890625
Memory cached:  42.0
	 epoch  90 training error:  tensor(0.2577, device='cuda:0', grad_fn=<DivBackward0>)
Memory status after this epoch: 
Memory allocated:  16.0712890625
Memory cached:  42.0
