[I 2023-11-04 00:17:03,413] Trial 42 finished with value: 0.03365514054894447 and parameters: {'W_layers': 4, 'W_layer_units_exponent_0': 10, 'W_layer_units_exponent_1': 8, 'W_layer_units_exponent_2': 7, 'W_layer_units_exponent_3': 7, 'D_layers': 3, 'D_layer_units_exponent_0': 6, 'D_layer_units_exponent_1': 8, 'D_layer_units_exponent_2': 7, 'log_learning_rate': -3.6294619559461636, 'log_learning_rate_D': -4.180213302853701, 'training_batch_size': 9, 'training_p': 3}. Best is trial 26 with value: 0.027899861335754395.
Time for this trial:  118.71576642990112
Memory status after this trial: 
Memory allocated:  109.162109375
Memory cached:  114.0
--------------------  Trial  43   --------------------
Start timing: 
Parameters: 
{'W_layers': 3, 'W_layer_units_exponent_0': 10, 'W_layer_units_exponent_1': 9, 'W_layer_units_exponent_2': 6, 'D_layers': 5, 'D_layer_units_exponent_0': 6, 'D_layer_units_exponent_1': 8, 'D_layer_units_exponent_2': 8, 'D_layer_units_exponent_3': 9, 'D_layer_units_exponent_4': 6, 'log_learning_rate': -3.9151073560001772, 'log_learning_rate_D': -4.735780284528974, 'training_batch_size': 8, 'training_p': 4}
	 epoch  0 training error:  tensor(1.2141, device='cuda:0', grad_fn=<DivBackward0>)
Memory status after this epoch: 
Memory allocated:  12.3681640625
Memory cached:  36.0
	 epoch  10 training error:  tensor(0.1765, device='cuda:0', grad_fn=<DivBackward0>)
Memory status after this epoch: 
Memory allocated:  12.3681640625
Memory cached:  40.0
	 epoch  20 training error:  tensor(0.0925, device='cuda:0', grad_fn=<DivBackward0>)
Memory status after this epoch: 
Memory allocated:  12.3681640625
Memory cached:  40.0
	 epoch  30 training error:  tensor(0.0756, device='cuda:0', grad_fn=<DivBackward0>)
Memory status after this epoch: 
Memory allocated:  12.3681640625
Memory cached:  40.0
	 epoch  40 training error:  tensor(0.0596, device='cuda:0', grad_fn=<DivBackward0>)
Memory status after this epoch: 
Memory allocated:  12.3681640625
Memory cached:  38.0
	 epoch  50 training error:  tensor(0.0490, device='cuda:0', grad_fn=<DivBackward0>)
Memory status after this epoch: 
Memory allocated:  12.3681640625
Memory cached:  40.0
	 epoch  60 training error:  tensor(0.0550, device='cuda:0', grad_fn=<DivBackward0>)
Memory status after this epoch: 
Memory allocated:  12.3681640625
Memory cached:  40.0
	 epoch  70 training error:  tensor(0.0459, device='cuda:0', grad_fn=<DivBackward0>)
Memory status after this epoch: 
Memory allocated:  12.3681640625
Memory cached:  38.0
	 epoch  80 training error:  tensor(0.0565, device='cuda:0', grad_fn=<DivBackward0>)
Memory status after this epoch: 
Memory allocated:  12.3681640625
Memory cached:  38.0
	 epoch  90 training error:  tensor(0.0478, device='cuda:0', grad_fn=<DivBackward0>)
Memory status after this epoch: 
Memory allocated:  12.3681640625
Memory cached:  38.0
[I 2023-11-04 00:19:14,384] Trial 43 finished with value: 0.05378330498933792 and parameters: {'W_layers': 3, 'W_layer_units_exponent_0': 10, 'W_layer_units_exponent_1': 9, 'W_layer_units_exponent_2': 6, 'D_layers': 5, 'D_layer_units_exponent_0': 6, 'D_layer_units_exponent_1': 8, 'D_layer_units_exponent_2': 8, 'D_layer_units_exponent_3': 9, 'D_layer_units_exponent_4': 6, 'log_learning_rate': -3.9151073560001772, 'log_learning_rate_D': -4.735780284528974, 'training_batch_size': 8, 'training_p': 4}. Best is trial 26 with value: 0.027899861335754395.
Time for this trial:  130.7485101222992
Memory status after this trial: 
Memory allocated:  153.18359375
Memory cached:  172.0
--------------------  Trial  44   --------------------
Start timing: 
Parameters: 
{'W_layers': 3, 'W_layer_units_exponent_0': 9, 'W_layer_units_exponent_1': 8, 'W_layer_units_exponent_2': 5, 'D_layers': 3, 'D_layer_units_exponent_0': 5, 'D_layer_units_exponent_1': 5, 'D_layer_units_exponent_2': 9, 'log_learning_rate': -3.7288840921466213, 'log_learning_rate_D': -3.9172088671107064, 'training_batch_size': 6, 'training_p': 2}
	 epoch  0 training error:  tensor(1.2085, device='cuda:0', grad_fn=<DivBackward0>)
Memory status after this epoch: 
Memory allocated:  2.4560546875
Memory cached:  10.0
	 epoch  10 training error:  tensor(0.1205, device='cuda:0', grad_fn=<DivBackward0>)
Memory status after this epoch: 
Memory allocated:  2.4560546875
Memory cached:  12.0
	 epoch  20 training error:  tensor(0.0705, device='cuda:0', grad_fn=<DivBackward0>)
Memory status after this epoch: 
Memory allocated:  2.4560546875
Memory cached:  14.0
	 epoch  30 training error:  tensor(0.0489, device='cuda:0', grad_fn=<DivBackward0>)
Memory status after this epoch: 
Memory allocated:  2.4560546875
Memory cached:  16.0
	 epoch  40 training error:  tensor(0.0399, device='cuda:0', grad_fn=<DivBackward0>)
Memory status after this epoch: 
Memory allocated:  2.4560546875
Memory cached:  12.0
	 epoch  50 training error:  tensor(0.0413, device='cuda:0', grad_fn=<DivBackward0>)
Memory status after this epoch: 
Memory allocated:  2.4560546875
Memory cached:  12.0
	 epoch  60 training error:  tensor(0.0434, device='cuda:0', grad_fn=<DivBackward0>)
Memory status after this epoch: 
Memory allocated:  2.4560546875
Memory cached:  12.0
	 epoch  70 training error:  tensor(0.0430, device='cuda:0', grad_fn=<DivBackward0>)
Memory status after this epoch: 
Memory allocated:  2.4560546875
Memory cached:  12.0
	 epoch  80 training error:  tensor(0.0435, device='cuda:0', grad_fn=<DivBackward0>)
Memory status after this epoch: 
Memory allocated:  2.4560546875
Memory cached:  12.0
	 epoch  90 training error:  tensor(0.0398, device='cuda:0', grad_fn=<DivBackward0>)
Memory status after this epoch: 
Memory allocated:  2.4560546875
Memory cached:  12.0
[I 2023-11-04 00:22:26,217] Trial 44 finished with value: 0.049000468105077744 and parameters: {'W_layers': 3, 'W_layer_units_exponent_0': 9, 'W_layer_units_exponent_1': 8, 'W_layer_units_exponent_2': 5, 'D_layers': 3, 'D_layer_units_exponent_0': 5, 'D_layer_units_exponent_1': 5, 'D_layer_units_exponent_2': 9, 'log_learning_rate': -3.7288840921466213, 'log_learning_rate_D': -3.9172088671107064, 'training_batch_size': 6, 'training_p': 2}. Best is trial 26 with value: 0.027899861335754395.
Time for this trial:  191.619882106781
Memory status after this trial: 
Memory allocated:  75.0615234375
Memory cached:  78.0
--------------------  Trial  45   --------------------
Start timing: 
Parameters: 
{'W_layers': 4, 'W_layer_units_exponent_0': 6, 'W_layer_units_exponent_1': 7, 'W_layer_units_exponent_2': 4, 'W_layer_units_exponent_3': 6, 'D_layers': 6, 'D_layer_units_exponent_0': 6, 'D_layer_units_exponent_1': 8, 'D_layer_units_exponent_2': 7, 'D_layer_units_exponent_3': 8, 'D_layer_units_exponent_4': 8, 'D_layer_units_exponent_5': 8, 'log_learning_rate': -3.543178998333281, 'log_learning_rate_D': -4.341273149127403, 'training_batch_size': 10, 'training_p': 4}
	 epoch  0 training error:  tensor(0.9142, device='cuda:0', grad_fn=<DivBackward0>)
Memory status after this epoch: 
Memory allocated:  3.4951171875
Memory cached:  10.0
	 epoch  10 training error:  tensor(0.3831, device='cuda:0', grad_fn=<DivBackward0>)
Memory status after this epoch: 
Memory allocated:  3.4951171875
Memory cached:  14.0
	 epoch  20 training error:  tensor(0.2655, device='cuda:0', grad_fn=<DivBackward0>)
Memory status after this epoch: 
Memory allocated:  3.4951171875
Memory cached:  14.0
	 epoch  30 training error:  tensor(0.1559, device='cuda:0', grad_fn=<DivBackward0>)
Memory status after this epoch: 
Memory allocated:  3.4951171875
Memory cached:  14.0
	 epoch  40 training error:  tensor(0.0752, device='cuda:0', grad_fn=<DivBackward0>)
Memory status after this epoch: 
Memory allocated:  3.4951171875
Memory cached:  14.0
	 epoch  50 training error:  tensor(0.0710, device='cuda:0', grad_fn=<DivBackward0>)
Memory status after this epoch: 
Memory allocated:  3.4951171875
Memory cached:  14.0
	 epoch  60 training error:  tensor(0.0607, device='cuda:0', grad_fn=<DivBackward0>)
Memory status after this epoch: 
Memory allocated:  3.4951171875
Memory cached:  14.0
	 epoch  70 training error:  tensor(0.0579, device='cuda:0', grad_fn=<DivBackward0>)
Memory status after this epoch: 
Memory allocated:  3.4951171875
Memory cached:  14.0
	 epoch  80 training error:  tensor(0.0540, device='cuda:0', grad_fn=<DivBackward0>)
Memory status after this epoch: 
Memory allocated:  3.4951171875
Memory cached:  14.0
	 epoch  90 training error:  tensor(0.0495, device='cuda:0', grad_fn=<DivBackward0>)
Memory status after this epoch: 
Memory allocated:  3.4951171875
Memory cached:  14.0
[I 2023-11-04 00:24:47,205] Trial 45 finished with value: 0.043541718274354935 and parameters: {'W_layers': 4, 'W_layer_units_exponent_0': 6, 'W_layer_units_exponent_1': 7, 'W_layer_units_exponent_2': 4, 'W_layer_units_exponent_3': 6, 'D_layers': 6, 'D_layer_units_exponent_0': 6, 'D_layer_units_exponent_1': 8, 'D_layer_units_exponent_2': 7, 'D_layer_units_exponent_3': 8, 'D_layer_units_exponent_4': 8, 'D_layer_units_exponent_5': 8, 'log_learning_rate': -3.543178998333281, 'log_learning_rate_D': -4.341273149127403, 'training_batch_size': 10, 'training_p': 4}. Best is trial 26 with value: 0.027899861335754395.
Time for this trial:  140.75548386573792
Memory status after this trial: 
Memory allocated:  81.37890625
Memory cached:  84.0
--------------------  Trial  46   --------------------
Start timing: 
Parameters: 
{'W_layers': 2, 'W_layer_units_exponent_0': 9, 'W_layer_units_exponent_1': 6, 'D_layers': 2, 'D_layer_units_exponent_0': 7, 'D_layer_units_exponent_1': 7, 'log_learning_rate': -3.8190826583777717, 'log_learning_rate_D': -4.978297305381413, 'training_batch_size': 8, 'training_p': 3}
	 epoch  0 training error:  tensor(0.5473, device='cuda:0', grad_fn=<DivBackward0>)
Memory status after this epoch: 
Memory allocated:  0.8212890625
Memory cached:  6.0
	 epoch  10 training error:  tensor(0.1084, device='cuda:0', grad_fn=<DivBackward0>)
Memory status after this epoch: 
Memory allocated:  0.8212890625
Memory cached:  6.0
	 epoch  20 training error:  tensor(0.0983, device='cuda:0', grad_fn=<DivBackward0>)
Memory status after this epoch: 
Memory allocated:  0.8212890625
Memory cached:  6.0
	 epoch  30 training error:  tensor(0.0655, device='cuda:0', grad_fn=<DivBackward0>)
Memory status after this epoch: 
Memory allocated:  0.8212890625
Memory cached:  6.0
	 epoch  40 training error:  tensor(0.0650, device='cuda:0', grad_fn=<DivBackward0>)
Memory status after this epoch: 
Memory allocated:  0.8212890625
Memory cached:  6.0
	 epoch  50 training error:  tensor(0.0596, device='cuda:0', grad_fn=<DivBackward0>)
Memory status after this epoch: 
Memory allocated:  0.8212890625
Memory cached:  6.0
	 epoch  60 training error:  tensor(0.0579, device='cuda:0', grad_fn=<DivBackward0>)
Memory status after this epoch: 
Memory allocated:  0.8212890625
Memory cached:  6.0
	 epoch  70 training error:  tensor(0.0554, device='cuda:0', grad_fn=<DivBackward0>)
Memory status after this epoch: 
Memory allocated:  0.8212890625
Memory cached:  6.0
	 epoch  80 training error:  tensor(0.0527, device='cuda:0', grad_fn=<DivBackward0>)
Memory status after this epoch: 
Memory allocated:  0.8212890625
Memory cached:  6.0
	 epoch  90 training error:  tensor(0.0499, device='cuda:0', grad_fn=<DivBackward0>)
Memory status after this epoch: 
Memory allocated:  0.8212890625
Memory cached:  6.0
[I 2023-11-04 00:26:19,645] Trial 46 finished with value: 0.048407599329948425 and parameters: {'W_layers': 2, 'W_layer_units_exponent_0': 9, 'W_layer_units_exponent_1': 6, 'D_layers': 2, 'D_layer_units_exponent_0': 7, 'D_layer_units_exponent_1': 7, 'log_learning_rate': -3.8190826583777717, 'log_learning_rate_D': -4.978297305381413, 'training_batch_size': 8, 'training_p': 3}. Best is trial 26 with value: 0.027899861335754395.
Time for this trial:  92.2301139831543
Memory status after this trial: 
Memory allocated:  45.349609375
Memory cached:  46.0
--------------------  Trial  47   --------------------
Start timing: 
Parameters: 
{'W_layers': 4, 'W_layer_units_exponent_0': 10, 'W_layer_units_exponent_1': 10, 'W_layer_units_exponent_2': 8, 'W_layer_units_exponent_3': 4, 'D_layers': 4, 'D_layer_units_exponent_0': 7, 'D_layer_units_exponent_1': 6, 'D_layer_units_exponent_2': 8, 'D_layer_units_exponent_3': 6, 'log_learning_rate': -3.275335099700175, 'log_learning_rate_D': -4.635812939653538, 'training_batch_size': 6, 'training_p': 6}
	 epoch  0 training error:  tensor(1.6175, device='cuda:0', grad_fn=<DivBackward0>)
Memory status after this epoch: 
Memory allocated:  20.7841796875
Memory cached:  36.0
	 epoch  10 training error:  tensor(0.1984, device='cuda:0', grad_fn=<DivBackward0>)
Memory status after this epoch: 
Memory allocated:  20.7841796875
Memory cached:  40.0
	 epoch  20 training error:  tensor(0.1051, device='cuda:0', grad_fn=<DivBackward0>)
Memory status after this epoch: 
Memory allocated:  20.7841796875
Memory cached:  44.0
	 epoch  30 training error:  tensor(0.1148, device='cuda:0', grad_fn=<DivBackward0>)
Memory status after this epoch: 
Memory allocated:  20.7841796875
Memory cached:  40.0
	 epoch  40 training error:  tensor(0.0788, device='cuda:0', grad_fn=<DivBackward0>)
Memory status after this epoch: 
Memory allocated:  20.7841796875
Memory cached:  42.0
	 epoch  50 training error:  tensor(0.0522, device='cuda:0', grad_fn=<DivBackward0>)
Memory status after this epoch: 
Memory allocated:  20.7841796875
Memory cached:  40.0
	 epoch  60 training error:  tensor(0.0624, device='cuda:0', grad_fn=<DivBackward0>)
Memory status after this epoch: 
Memory allocated:  20.7841796875
Memory cached:  40.0
	 epoch  70 training error:  tensor(0.0755, device='cuda:0', grad_fn=<DivBackward0>)
Memory status after this epoch: 
Memory allocated:  20.7841796875
Memory cached:  40.0
	 epoch  80 training error:  tensor(0.0581, device='cuda:0', grad_fn=<DivBackward0>)
Memory status after this epoch: 
Memory allocated:  20.7841796875
Memory cached:  42.0
	 epoch  90 training error:  tensor(0.0543, device='cuda:0', grad_fn=<DivBackward0>)
Memory status after this epoch: 
Memory allocated:  20.7841796875
Memory cached:  44.0
[I 2023-11-04 00:30:10,899] Trial 47 finished with value: 0.052952852100133896 and parameters: {'W_layers': 4, 'W_layer_units_exponent_0': 10, 'W_layer_units_exponent_1': 10, 'W_layer_units_exponent_2': 8, 'W_layer_units_exponent_3': 4, 'D_layers': 4, 'D_layer_units_exponent_0': 7, 'D_layer_units_exponent_1': 6, 'D_layer_units_exponent_2': 8, 'D_layer_units_exponent_3': 6, 'log_learning_rate': -3.275335099700175, 'log_learning_rate_D': -4.635812939653538, 'training_batch_size': 6, 'training_p': 6}. Best is trial 26 with value: 0.027899861335754395.
Time for this trial:  231.02187657356262
Memory status after this trial: 
Memory allocated:  162.189453125
Memory cached:  178.0
--------------------  Trial  48   --------------------
Start timing: 
Parameters: 
{'W_layers': 3, 'W_layer_units_exponent_0': 8, 'W_layer_units_exponent_1': 9, 'W_layer_units_exponent_2': 6, 'D_layers': 8, 'D_layer_units_exponent_0': 5, 'D_layer_units_exponent_1': 4, 'D_layer_units_exponent_2': 6, 'D_layer_units_exponent_3': 7, 'D_layer_units_exponent_4': 5, 'D_layer_units_exponent_5': 9, 'D_layer_units_exponent_6': 10, 'D_layer_units_exponent_7': 10, 'log_learning_rate': -1.0054459612768154, 'log_learning_rate_D': -4.041334806498372, 'training_batch_size': 6, 'training_p': 4}
	 epoch  0 training error:  tensor(8.1987, device='cuda:0', grad_fn=<DivBackward0>)
Memory status after this epoch: 
Memory allocated:  27.0634765625
Memory cached:  58.0
	 epoch  10 training error:  tensor(1., device='cuda:0', grad_fn=<DivBackward0>)
Memory status after this epoch: 
Memory allocated:  27.0634765625
Memory cached:  60.0
	 epoch  20 training error:  tensor(1., device='cuda:0', grad_fn=<DivBackward0>)
Memory status after this epoch: 
Memory allocated:  27.0634765625
Memory cached:  60.0
	 epoch  30 training error:  tensor(1., device='cuda:0', grad_fn=<DivBackward0>)
Memory status after this epoch: 
Memory allocated:  27.0634765625
Memory cached:  60.0
	 epoch  40 training error:  tensor(1., device='cuda:0', grad_fn=<DivBackward0>)
Memory status after this epoch: 
Memory allocated:  27.0634765625
Memory cached:  60.0
	 epoch  50 training error:  tensor(1., device='cuda:0', grad_fn=<DivBackward0>)
Memory status after this epoch: 
Memory allocated:  27.0634765625
Memory cached:  60.0
	 epoch  60 training error:  tensor(1., device='cuda:0', grad_fn=<DivBackward0>)
Memory status after this epoch: 
Memory allocated:  27.0634765625
Memory cached:  60.0
	 epoch  70 training error:  tensor(1., device='cuda:0', grad_fn=<DivBackward0>)
Memory status after this epoch: 
Memory allocated:  27.0634765625
Memory cached:  60.0
	 epoch  80 training error:  tensor(1., device='cuda:0', grad_fn=<DivBackward0>)
Memory status after this epoch: 
Memory allocated:  27.0634765625
Memory cached:  60.0
	 epoch  90 training error:  tensor(1., device='cuda:0', grad_fn=<DivBackward0>)
Memory status after this epoch: 
Memory allocated:  27.0634765625
Memory cached:  60.0
[I 2023-11-04 00:34:50,459] Trial 48 finished with value: 1.0 and parameters: {'W_layers': 3, 'W_layer_units_exponent_0': 8, 'W_layer_units_exponent_1': 9, 'W_layer_units_exponent_2': 6, 'D_layers': 8, 'D_layer_units_exponent_0': 5, 'D_layer_units_exponent_1': 4, 'D_layer_units_exponent_2': 6, 'D_layer_units_exponent_3': 7, 'D_layer_units_exponent_4': 5, 'D_layer_units_exponent_5': 9, 'D_layer_units_exponent_6': 10, 'D_layer_units_exponent_7': 10, 'log_learning_rate': -1.0054459612768154, 'log_learning_rate_D': -4.041334806498372, 'training_batch_size': 6, 'training_p': 4}. Best is trial 26 with value: 0.027899861335754395.
Time for this trial:  279.2965512275696
Memory status after this trial: 
Memory allocated:  208.52197265625
Memory cached:  220.0
--------------------  Trial  49   --------------------
Start timing: 
Parameters: 
{'W_layers': 5, 'W_layer_units_exponent_0': 6, 'W_layer_units_exponent_1': 6, 'W_layer_units_exponent_2': 7, 'W_layer_units_exponent_3': 5, 'W_layer_units_exponent_4': 8, 'D_layers': 3, 'D_layer_units_exponent_0': 8, 'D_layer_units_exponent_1': 7, 'D_layer_units_exponent_2': 8, 'log_learning_rate': -3.9483687980738447, 'log_learning_rate_D': -4.2361121724611515, 'training_batch_size': 9, 'training_p': 2}
	 epoch  0 training error:  tensor(1.1284, device='cuda:0', grad_fn=<DivBackward0>)
Memory status after this epoch: 
Memory allocated:  1.4462890625
Memory cached:  10.0
	 epoch  10 training error:  tensor(0.8554, device='cuda:0', grad_fn=<DivBackward0>)
Memory status after this epoch: 
Memory allocated:  1.4462890625
Memory cached:  12.0
	 epoch  20 training error:  tensor(0.5231, device='cuda:0', grad_fn=<DivBackward0>)
Memory status after this epoch: 
Memory allocated:  1.4462890625
Memory cached:  12.0
	 epoch  30 training error:  tensor(0.1912, device='cuda:0', grad_fn=<DivBackward0>)
Memory status after this epoch: 
Memory allocated:  1.4462890625
Memory cached:  12.0
	 epoch  40 training error:  tensor(0.1983, device='cuda:0', grad_fn=<DivBackward0>)
Memory status after this epoch: 
Memory allocated:  1.4462890625
Memory cached:  12.0
	 epoch  50 training error:  tensor(0.1810, device='cuda:0', grad_fn=<DivBackward0>)
Memory status after this epoch: 
Memory allocated:  1.4462890625
Memory cached:  12.0
	 epoch  60 training error:  tensor(0.1565, device='cuda:0', grad_fn=<DivBackward0>)
Memory status after this epoch: 
Memory allocated:  1.4462890625
Memory cached:  12.0
	 epoch  70 training error:  tensor(0.1334, device='cuda:0', grad_fn=<DivBackward0>)
Memory status after this epoch: 
Memory allocated:  1.4462890625
Memory cached:  12.0
	 epoch  80 training error:  tensor(0.1019, device='cuda:0', grad_fn=<DivBackward0>)
Memory status after this epoch: 
Memory allocated:  1.4462890625
Memory cached:  12.0
	 epoch  90 training error:  tensor(0.0615, device='cuda:0', grad_fn=<DivBackward0>)
Memory status after this epoch: 
Memory allocated:  1.4462890625
Memory cached:  12.0
