[I 2023-11-07 19:51:49,101] Trial 11 finished with value: 0.014087269082665443 and parameters: {'W_layers': 5, 'W_layer_units_exponent_0': 8, 'W_layer_units_exponent_1': 6, 'W_layer_units_exponent_2': 6, 'W_layer_units_exponent_3': 10, 'W_layer_units_exponent_4': 10, 'D_layers': 2, 'D_layer_units_exponent_0': 8, 'D_layer_units_exponent_1': 6, 'D_dagger_layers': 5, 'D_dagger_layer_units_exponent_0': 6, 'D_dagger_layer_units_exponent_1': 10, 'D_dagger_layer_units_exponent_2': 6, 'D_dagger_layer_units_exponent_3': 7, 'D_dagger_layer_units_exponent_4': 10, 'log_learning_rate': -3.6869549323120046, 'log_learning_rate_D': -4.78191035957713, 'log_learning_rate_D_dagger': -4.86292843321607, 'training_batch_size': 8, 'training_p': 4}. Best is trial 11 with value: 0.014087269082665443.
Time for this trial:  198.54455184936523
Memory status after this trial: 
Memory allocated:  281.75439453125
Memory cached:  298.0
--------------------  Trial  12   --------------------
Start timing: 
Parameters: 
{'W_layers': 7, 'W_layer_units_exponent_0': 8, 'W_layer_units_exponent_1': 6, 'W_layer_units_exponent_2': 5, 'W_layer_units_exponent_3': 10, 'W_layer_units_exponent_4': 7, 'W_layer_units_exponent_5': 10, 'W_layer_units_exponent_6': 4, 'D_layers': 2, 'D_layer_units_exponent_0': 7, 'D_layer_units_exponent_1': 8, 'D_dagger_layers': 5, 'D_dagger_layer_units_exponent_0': 6, 'D_dagger_layer_units_exponent_1': 10, 'D_dagger_layer_units_exponent_2': 5, 'D_dagger_layer_units_exponent_3': 7, 'D_dagger_layer_units_exponent_4': 10, 'log_learning_rate': -3.963070597042692, 'log_learning_rate_D': -4.8673350955468, 'log_learning_rate_D_dagger': -4.920501750061711, 'training_batch_size': 8, 'training_p': 4}
	 epoch  0 training error:  tensor(1.0190, device='cuda:0', grad_fn=<DivBackward0>)
Memory status after this epoch: 
Memory allocated:  9.33740234375
Memory cached:  152.0
	 epoch  10 training error:  tensor(0.2935, device='cuda:0', grad_fn=<DivBackward0>)
Memory status after this epoch: 
Memory allocated:  9.33740234375
Memory cached:  264.0
	 epoch  20 training error:  tensor(0.1138, device='cuda:0', grad_fn=<DivBackward0>)
Memory status after this epoch: 
Memory allocated:  9.33740234375
Memory cached:  250.0
	 epoch  30 training error:  tensor(0.0510, device='cuda:0', grad_fn=<DivBackward0>)
Memory status after this epoch: 
Memory allocated:  9.33740234375
Memory cached:  254.0
	 epoch  40 training error:  tensor(0.0289, device='cuda:0', grad_fn=<DivBackward0>)
Memory status after this epoch: 
Memory allocated:  9.33740234375
Memory cached:  256.0
	 epoch  50 training error:  tensor(0.0321, device='cuda:0', grad_fn=<DivBackward0>)
Memory status after this epoch: 
Memory allocated:  9.33740234375
Memory cached:  256.0
	 epoch  60 training error:  tensor(0.0251, device='cuda:0', grad_fn=<DivBackward0>)
Memory status after this epoch: 
Memory allocated:  9.33740234375
Memory cached:  258.0
	 epoch  70 training error:  tensor(0.0223, device='cuda:0', grad_fn=<DivBackward0>)
Memory status after this epoch: 
Memory allocated:  9.33740234375
Memory cached:  258.0
	 epoch  80 training error:  tensor(0.0208, device='cuda:0', grad_fn=<DivBackward0>)
Memory status after this epoch: 
Memory allocated:  9.33740234375
Memory cached:  256.0
	 epoch  90 training error:  tensor(0.0208, device='cuda:0', grad_fn=<DivBackward0>)
Memory status after this epoch: 
Memory allocated:  9.33740234375
Memory cached:  248.0
[I 2023-11-07 19:55:15,630] Trial 12 finished with value: 0.014396646991372108 and parameters: {'W_layers': 7, 'W_layer_units_exponent_0': 8, 'W_layer_units_exponent_1': 6, 'W_layer_units_exponent_2': 5, 'W_layer_units_exponent_3': 10, 'W_layer_units_exponent_4': 7, 'W_layer_units_exponent_5': 10, 'W_layer_units_exponent_6': 4, 'D_layers': 2, 'D_layer_units_exponent_0': 7, 'D_layer_units_exponent_1': 8, 'D_dagger_layers': 5, 'D_dagger_layer_units_exponent_0': 6, 'D_dagger_layer_units_exponent_1': 10, 'D_dagger_layer_units_exponent_2': 5, 'D_dagger_layer_units_exponent_3': 7, 'D_dagger_layer_units_exponent_4': 10, 'log_learning_rate': -3.963070597042692, 'log_learning_rate_D': -4.8673350955468, 'log_learning_rate_D_dagger': -4.920501750061711, 'training_batch_size': 8, 'training_p': 4}. Best is trial 11 with value: 0.014087269082665443.
Time for this trial:  206.28534841537476
Memory status after this trial: 
Memory allocated:  283.27880859375
Memory cached:  290.0
--------------------  Trial  13   --------------------
Start timing: 
Parameters: 
{'W_layers': 8, 'W_layer_units_exponent_0': 8, 'W_layer_units_exponent_1': 5, 'W_layer_units_exponent_2': 6, 'W_layer_units_exponent_3': 10, 'W_layer_units_exponent_4': 7, 'W_layer_units_exponent_5': 10, 'W_layer_units_exponent_6': 4, 'W_layer_units_exponent_7': 4, 'D_layers': 3, 'D_layer_units_exponent_0': 8, 'D_layer_units_exponent_1': 8, 'D_layer_units_exponent_2': 6, 'D_dagger_layers': 5, 'D_dagger_layer_units_exponent_0': 6, 'D_dagger_layer_units_exponent_1': 10, 'D_dagger_layer_units_exponent_2': 5, 'D_dagger_layer_units_exponent_3': 7, 'D_dagger_layer_units_exponent_4': 10, 'log_learning_rate': -4.186664286213113, 'log_learning_rate_D': -4.980239215475425, 'log_learning_rate_D_dagger': -4.94411946904228, 'training_batch_size': 7, 'training_p': 3}
	 epoch  0 training error:  tensor(1.0160, device='cuda:0', grad_fn=<DivBackward0>)
Memory status after this epoch: 
Memory allocated:  10.47412109375
Memory cached:  150.0
	 epoch  10 training error:  tensor(0.7904, device='cuda:0', grad_fn=<DivBackward0>)
Memory status after this epoch: 
Memory allocated:  10.47412109375
Memory cached:  270.0
	 epoch  20 training error:  tensor(0.3782, device='cuda:0', grad_fn=<DivBackward0>)
Memory status after this epoch: 
Memory allocated:  10.47412109375
Memory cached:  276.0
	 epoch  30 training error:  tensor(0.1769, device='cuda:0', grad_fn=<DivBackward0>)
Memory status after this epoch: 
Memory allocated:  10.47412109375
Memory cached:  274.0
	 epoch  40 training error:  tensor(0.0896, device='cuda:0', grad_fn=<DivBackward0>)
Memory status after this epoch: 
Memory allocated:  10.47412109375
Memory cached:  282.0
	 epoch  50 training error:  tensor(0.0340, device='cuda:0', grad_fn=<DivBackward0>)
Memory status after this epoch: 
Memory allocated:  10.47412109375
Memory cached:  270.0
	 epoch  60 training error:  tensor(0.0304, device='cuda:0', grad_fn=<DivBackward0>)
Memory status after this epoch: 
Memory allocated:  10.47412109375
Memory cached:  282.0
	 epoch  70 training error:  tensor(0.0226, device='cuda:0', grad_fn=<DivBackward0>)
Memory status after this epoch: 
Memory allocated:  10.47412109375
Memory cached:  264.0
	 epoch  80 training error:  tensor(0.0190, device='cuda:0', grad_fn=<DivBackward0>)
Memory status after this epoch: 
Memory allocated:  10.47412109375
Memory cached:  272.0
	 epoch  90 training error:  tensor(0.0177, device='cuda:0', grad_fn=<DivBackward0>)
Memory status after this epoch: 
Memory allocated:  10.47412109375
Memory cached:  268.0
[I 2023-11-07 19:59:00,169] Trial 13 finished with value: 0.013851555064320564 and parameters: {'W_layers': 8, 'W_layer_units_exponent_0': 8, 'W_layer_units_exponent_1': 5, 'W_layer_units_exponent_2': 6, 'W_layer_units_exponent_3': 10, 'W_layer_units_exponent_4': 7, 'W_layer_units_exponent_5': 10, 'W_layer_units_exponent_6': 4, 'W_layer_units_exponent_7': 4, 'D_layers': 3, 'D_layer_units_exponent_0': 8, 'D_layer_units_exponent_1': 8, 'D_layer_units_exponent_2': 6, 'D_dagger_layers': 5, 'D_dagger_layer_units_exponent_0': 6, 'D_dagger_layer_units_exponent_1': 10, 'D_dagger_layer_units_exponent_2': 5, 'D_dagger_layer_units_exponent_3': 7, 'D_dagger_layer_units_exponent_4': 10, 'log_learning_rate': -4.186664286213113, 'log_learning_rate_D': -4.980239215475425, 'log_learning_rate_D_dagger': -4.94411946904228, 'training_batch_size': 7, 'training_p': 3}. Best is trial 13 with value: 0.013851555064320564.
Time for this trial:  224.24767661094666
Memory status after this trial: 
Memory allocated:  295.02392578125
Memory cached:  302.0
--------------------  Trial  14   --------------------
Start timing: 
Parameters: 
{'W_layers': 8, 'W_layer_units_exponent_0': 8, 'W_layer_units_exponent_1': 5, 'W_layer_units_exponent_2': 6, 'W_layer_units_exponent_3': 10, 'W_layer_units_exponent_4': 8, 'W_layer_units_exponent_5': 10, 'W_layer_units_exponent_6': 4, 'W_layer_units_exponent_7': 4, 'D_layers': 3, 'D_layer_units_exponent_0': 8, 'D_layer_units_exponent_1': 6, 'D_layer_units_exponent_2': 6, 'D_dagger_layers': 5, 'D_dagger_layer_units_exponent_0': 6, 'D_dagger_layer_units_exponent_1': 9, 'D_dagger_layer_units_exponent_2': 5, 'D_dagger_layer_units_exponent_3': 7, 'D_dagger_layer_units_exponent_4': 10, 'log_learning_rate': -4.078487775194938, 'log_learning_rate_D': -4.9003185509248794, 'log_learning_rate_D_dagger': -4.98635800384434, 'training_batch_size': 7, 'training_p': 2}
	 epoch  0 training error:  tensor(1.0446, device='cuda:0', grad_fn=<DivBackward0>)
Memory status after this epoch: 
Memory allocated:  12.77880859375
Memory cached:  154.0
	 epoch  10 training error:  tensor(0.7800, device='cuda:0', grad_fn=<DivBackward0>)
Memory status after this epoch: 
Memory allocated:  12.77880859375
Memory cached:  252.0
	 epoch  20 training error:  tensor(0.0342, device='cuda:0', grad_fn=<DivBackward0>)
Memory status after this epoch: 
Memory allocated:  12.77880859375
Memory cached:  274.0
	 epoch  30 training error:  tensor(0.0566, device='cuda:0', grad_fn=<DivBackward0>)
Memory status after this epoch: 
Memory allocated:  12.77880859375
Memory cached:  264.0
	 epoch  40 training error:  tensor(0.0651, device='cuda:0', grad_fn=<DivBackward0>)
Memory status after this epoch: 
Memory allocated:  12.77880859375
Memory cached:  264.0
	 epoch  50 training error:  tensor(0.0361, device='cuda:0', grad_fn=<DivBackward0>)
Memory status after this epoch: 
Memory allocated:  12.77880859375
Memory cached:  270.0
	 epoch  60 training error:  tensor(0.0257, device='cuda:0', grad_fn=<DivBackward0>)
Memory status after this epoch: 
Memory allocated:  12.77880859375
Memory cached:  268.0
	 epoch  70 training error:  tensor(0.0165, device='cuda:0', grad_fn=<DivBackward0>)
Memory status after this epoch: 
Memory allocated:  12.77880859375
Memory cached:  268.0
	 epoch  80 training error:  tensor(0.0139, device='cuda:0', grad_fn=<DivBackward0>)
Memory status after this epoch: 
Memory allocated:  12.77880859375
Memory cached:  274.0
	 epoch  90 training error:  tensor(0.0139, device='cuda:0', grad_fn=<DivBackward0>)
Memory status after this epoch: 
Memory allocated:  12.77880859375
Memory cached:  276.0
[I 2023-11-07 20:02:40,094] Trial 14 finished with value: 0.013745130971074104 and parameters: {'W_layers': 8, 'W_layer_units_exponent_0': 8, 'W_layer_units_exponent_1': 5, 'W_layer_units_exponent_2': 6, 'W_layer_units_exponent_3': 10, 'W_layer_units_exponent_4': 8, 'W_layer_units_exponent_5': 10, 'W_layer_units_exponent_6': 4, 'W_layer_units_exponent_7': 4, 'D_layers': 3, 'D_layer_units_exponent_0': 8, 'D_layer_units_exponent_1': 6, 'D_layer_units_exponent_2': 6, 'D_dagger_layers': 5, 'D_dagger_layer_units_exponent_0': 6, 'D_dagger_layer_units_exponent_1': 9, 'D_dagger_layer_units_exponent_2': 5, 'D_dagger_layer_units_exponent_3': 7, 'D_dagger_layer_units_exponent_4': 10, 'log_learning_rate': -4.078487775194938, 'log_learning_rate_D': -4.9003185509248794, 'log_learning_rate_D_dagger': -4.98635800384434, 'training_batch_size': 7, 'training_p': 2}. Best is trial 14 with value: 0.013745130971074104.
Time for this trial:  219.66512870788574
Memory status after this trial: 
Memory allocated:  265.51708984375
Memory cached:  272.0
--------------------  Trial  15   --------------------
Start timing: 
Parameters: 
{'W_layers': 8, 'W_layer_units_exponent_0': 7, 'W_layer_units_exponent_1': 5, 'W_layer_units_exponent_2': 6, 'W_layer_units_exponent_3': 9, 'W_layer_units_exponent_4': 8, 'W_layer_units_exponent_5': 10, 'W_layer_units_exponent_6': 4, 'W_layer_units_exponent_7': 4, 'D_layers': 3, 'D_layer_units_exponent_0': 8, 'D_layer_units_exponent_1': 8, 'D_layer_units_exponent_2': 6, 'D_dagger_layers': 6, 'D_dagger_layer_units_exponent_0': 6, 'D_dagger_layer_units_exponent_1': 9, 'D_dagger_layer_units_exponent_2': 5, 'D_dagger_layer_units_exponent_3': 8, 'D_dagger_layer_units_exponent_4': 9, 'D_dagger_layer_units_exponent_5': 7, 'log_learning_rate': -4.258137609187742, 'log_learning_rate_D': -4.045329638699057, 'log_learning_rate_D_dagger': -3.653447587966043, 'training_batch_size': 7, 'training_p': 2}
	 epoch  0 training error:  tensor(1.0081, device='cuda:0', grad_fn=<DivBackward0>)
Memory status after this epoch: 
Memory allocated:  12.18505859375
Memory cached:  162.0
	 epoch  10 training error:  tensor(0.2290, device='cuda:0', grad_fn=<DivBackward0>)
Memory status after this epoch: 
Memory allocated:  12.18505859375
Memory cached:  288.0
	 epoch  20 training error:  tensor(0.1046, device='cuda:0', grad_fn=<DivBackward0>)
Memory status after this epoch: 
Memory allocated:  12.18505859375
Memory cached:  284.0
	 epoch  30 training error:  tensor(0.0689, device='cuda:0', grad_fn=<DivBackward0>)
Memory status after this epoch: 
Memory allocated:  12.18505859375
Memory cached:  288.0
	 epoch  40 training error:  tensor(0.0252, device='cuda:0', grad_fn=<DivBackward0>)
Memory status after this epoch: 
Memory allocated:  12.18505859375
Memory cached:  290.0
	 epoch  50 training error:  tensor(0.0239, device='cuda:0', grad_fn=<DivBackward0>)
Memory status after this epoch: 
Memory allocated:  12.18505859375
Memory cached:  286.0
	 epoch  60 training error:  tensor(0.0249, device='cuda:0', grad_fn=<DivBackward0>)
Memory status after this epoch: 
Memory allocated:  12.18505859375
Memory cached:  278.0
	 epoch  70 training error:  tensor(0.0214, device='cuda:0', grad_fn=<DivBackward0>)
Memory status after this epoch: 
Memory allocated:  12.18505859375
Memory cached:  290.0
	 epoch  80 training error:  tensor(0.0201, device='cuda:0', grad_fn=<DivBackward0>)
Memory status after this epoch: 
Memory allocated:  12.18505859375
Memory cached:  288.0
	 epoch  90 training error:  tensor(0.0186, device='cuda:0', grad_fn=<DivBackward0>)
Memory status after this epoch: 
Memory allocated:  12.18505859375
Memory cached:  288.0
[I 2023-11-07 20:06:20,009] Trial 15 finished with value: 0.016756568104028702 and parameters: {'W_layers': 8, 'W_layer_units_exponent_0': 7, 'W_layer_units_exponent_1': 5, 'W_layer_units_exponent_2': 6, 'W_layer_units_exponent_3': 9, 'W_layer_units_exponent_4': 8, 'W_layer_units_exponent_5': 10, 'W_layer_units_exponent_6': 4, 'W_layer_units_exponent_7': 4, 'D_layers': 3, 'D_layer_units_exponent_0': 8, 'D_layer_units_exponent_1': 8, 'D_layer_units_exponent_2': 6, 'D_dagger_layers': 6, 'D_dagger_layer_units_exponent_0': 6, 'D_dagger_layer_units_exponent_1': 9, 'D_dagger_layer_units_exponent_2': 5, 'D_dagger_layer_units_exponent_3': 8, 'D_dagger_layer_units_exponent_4': 9, 'D_dagger_layer_units_exponent_5': 7, 'log_learning_rate': -4.258137609187742, 'log_learning_rate_D': -4.045329638699057, 'log_learning_rate_D_dagger': -3.653447587966043, 'training_batch_size': 7, 'training_p': 2}. Best is trial 14 with value: 0.013745130971074104.
Time for this trial:  219.6461102962494
Memory status after this trial: 
Memory allocated:  227.52001953125
Memory cached:  234.0
--------------------  Trial  16   --------------------
Start timing: 
Parameters: 
{'W_layers': 7, 'W_layer_units_exponent_0': 9, 'W_layer_units_exponent_1': 5, 'W_layer_units_exponent_2': 6, 'W_layer_units_exponent_3': 8, 'W_layer_units_exponent_4': 6, 'W_layer_units_exponent_5': 9, 'W_layer_units_exponent_6': 6, 'D_layers': 3, 'D_layer_units_exponent_0': 8, 'D_layer_units_exponent_1': 6, 'D_layer_units_exponent_2': 6, 'D_dagger_layers': 6, 'D_dagger_layer_units_exponent_0': 4, 'D_dagger_layer_units_exponent_1': 9, 'D_dagger_layer_units_exponent_2': 5, 'D_dagger_layer_units_exponent_3': 6, 'D_dagger_layer_units_exponent_4': 9, 'D_dagger_layer_units_exponent_5': 8, 'log_learning_rate': -4.466153385242855, 'log_learning_rate_D': -4.808269722488523, 'log_learning_rate_D_dagger': -3.1316982361125327, 'training_batch_size': 7, 'training_p': 3}
	 epoch  0 training error:  tensor(0.9962, device='cuda:0', grad_fn=<DivBackward0>)
Memory status after this epoch: 
Memory allocated:  5.22021484375
Memory cached:  136.0
	 epoch  10 training error:  tensor(0.1355, device='cuda:0', grad_fn=<DivBackward0>)
Memory status after this epoch: 
Memory allocated:  5.22021484375
Memory cached:  242.0
	 epoch  20 training error:  tensor(0.2101, device='cuda:0', grad_fn=<DivBackward0>)
Memory status after this epoch: 
Memory allocated:  5.22021484375
Memory cached:  252.0
	 epoch  30 training error:  tensor(0.1593, device='cuda:0', grad_fn=<DivBackward0>)
Memory status after this epoch: 
Memory allocated:  5.22021484375
Memory cached:  252.0
	 epoch  40 training error:  tensor(0.0657, device='cuda:0', grad_fn=<DivBackward0>)
Memory status after this epoch: 
Memory allocated:  5.22021484375
Memory cached:  240.0
	 epoch  50 training error:  tensor(0.0228, device='cuda:0', grad_fn=<DivBackward0>)
Memory status after this epoch: 
Memory allocated:  5.22021484375
Memory cached:  226.0
	 epoch  60 training error:  tensor(0.0242, device='cuda:0', grad_fn=<DivBackward0>)
Memory status after this epoch: 
Memory allocated:  5.22021484375
Memory cached:  244.0
	 epoch  70 training error:  tensor(0.0298, device='cuda:0', grad_fn=<DivBackward0>)
Memory status after this epoch: 
Memory allocated:  5.22021484375
Memory cached:  244.0
	 epoch  80 training error:  tensor(0.0270, device='cuda:0', grad_fn=<DivBackward0>)
Memory status after this epoch: 
Memory allocated:  5.22021484375
Memory cached:  230.0
	 epoch  90 training error:  tensor(0.0281, device='cuda:0', grad_fn=<DivBackward0>)
Memory status after this epoch: 
Memory allocated:  5.22021484375
Memory cached:  248.0
[I 2023-11-07 20:09:49,280] Trial 16 finished with value: 0.023500049486756325 and parameters: {'W_layers': 7, 'W_layer_units_exponent_0': 9, 'W_layer_units_exponent_1': 5, 'W_layer_units_exponent_2': 6, 'W_layer_units_exponent_3': 8, 'W_layer_units_exponent_4': 6, 'W_layer_units_exponent_5': 9, 'W_layer_units_exponent_6': 6, 'D_layers': 3, 'D_layer_units_exponent_0': 8, 'D_layer_units_exponent_1': 6, 'D_layer_units_exponent_2': 6, 'D_dagger_layers': 6, 'D_dagger_layer_units_exponent_0': 4, 'D_dagger_layer_units_exponent_1': 9, 'D_dagger_layer_units_exponent_2': 5, 'D_dagger_layer_units_exponent_3': 6, 'D_dagger_layer_units_exponent_4': 9, 'D_dagger_layer_units_exponent_5': 8, 'log_learning_rate': -4.466153385242855, 'log_learning_rate_D': -4.808269722488523, 'log_learning_rate_D_dagger': -3.1316982361125327, 'training_batch_size': 7, 'training_p': 3}. Best is trial 14 with value: 0.013745130971074104.
Time for this trial:  209.01509618759155
Memory status after this trial: 
Memory allocated:  178.68115234375
Memory cached:  182.0
--------------------  Trial  17   --------------------
Start timing: 
Parameters: 
{'W_layers': 7, 'W_layer_units_exponent_0': 6, 'W_layer_units_exponent_1': 5, 'W_layer_units_exponent_2': 5, 'W_layer_units_exponent_3': 9, 'W_layer_units_exponent_4': 5, 'W_layer_units_exponent_5': 8, 'W_layer_units_exponent_6': 6, 'D_layers': 4, 'D_layer_units_exponent_0': 4, 'D_layer_units_exponent_1': 9, 'D_layer_units_exponent_2': 6, 'D_layer_units_exponent_3': 8, 'D_dagger_layers': 4, 'D_dagger_layer_units_exponent_0': 8, 'D_dagger_layer_units_exponent_1': 8, 'D_dagger_layer_units_exponent_2': 4, 'D_dagger_layer_units_exponent_3': 8, 'log_learning_rate': -4.430175881029446, 'log_learning_rate_D': -3.3852453429001557, 'log_learning_rate_D_dagger': -3.815047720078009, 'training_batch_size': 7, 'training_p': 3}
	 epoch  0 training error:  tensor(0.8920, device='cuda:0', grad_fn=<DivBackward0>)
Memory status after this epoch: 
Memory allocated:  3.11083984375
Memory cached:  126.0
	 epoch  10 training error:  tensor(0.1979, device='cuda:0', grad_fn=<DivBackward0>)
Memory status after this epoch: 
Memory allocated:  3.11083984375
Memory cached:  222.0
	 epoch  20 training error:  tensor(0.1181, device='cuda:0', grad_fn=<DivBackward0>)
Memory status after this epoch: 
Memory allocated:  3.11083984375
Memory cached:  216.0
	 epoch  30 training error:  tensor(0.0347, device='cuda:0', grad_fn=<DivBackward0>)
Memory status after this epoch: 
Memory allocated:  3.11083984375
Memory cached:  214.0
	 epoch  40 training error:  tensor(0.0375, device='cuda:0', grad_fn=<DivBackward0>)
Memory status after this epoch: 
Memory allocated:  3.11083984375
Memory cached:  218.0
	 epoch  50 training error:  tensor(0.0299, device='cuda:0', grad_fn=<DivBackward0>)
Memory status after this epoch: 
Memory allocated:  3.11083984375
Memory cached:  206.0
	 epoch  60 training error:  tensor(0.0292, device='cuda:0', grad_fn=<DivBackward0>)
Memory status after this epoch: 
Memory allocated:  3.11083984375
Memory cached:  220.0
	 epoch  70 training error:  tensor(0.0264, device='cuda:0', grad_fn=<DivBackward0>)
Memory status after this epoch: 
Memory allocated:  3.11083984375
Memory cached:  226.0
	 epoch  80 training error:  tensor(0.0254, device='cuda:0', grad_fn=<DivBackward0>)
Memory status after this epoch: 
Memory allocated:  3.11083984375
Memory cached:  206.0
	 epoch  90 training error:  tensor(0.0242, device='cuda:0', grad_fn=<DivBackward0>)
Memory status after this epoch: 
Memory allocated:  3.11083984375
Memory cached:  214.0
