[I 2023-11-03 22:20:40,042] Trial 6 finished with value: 0.05764205381274223 and parameters: {'W_layers': 6, 'W_layer_units_exponent_0': 8, 'W_layer_units_exponent_1': 8, 'W_layer_units_exponent_2': 6, 'W_layer_units_exponent_3': 4, 'W_layer_units_exponent_4': 8, 'W_layer_units_exponent_5': 4, 'D_layers': 7, 'D_layer_units_exponent_0': 6, 'D_layer_units_exponent_1': 6, 'D_layer_units_exponent_2': 8, 'D_layer_units_exponent_3': 6, 'D_layer_units_exponent_4': 9, 'D_layer_units_exponent_5': 7, 'D_layer_units_exponent_6': 8, 'log_learning_rate': -3.112414564968351, 'log_learning_rate_D': -2.133819349061003, 'training_batch_size': 7, 'training_p': 3}. Best is trial 2 with value: 0.05181977152824402.
Time for this trial:  16.582590103149414
Memory status after this trial: 
Memory allocated:  47.91455078125
Memory cached:  68.0
--------------------  Trial  7   --------------------
Start timing: 
Parameters: 
{'W_layers': 7, 'W_layer_units_exponent_0': 9, 'W_layer_units_exponent_1': 7, 'W_layer_units_exponent_2': 10, 'W_layer_units_exponent_3': 10, 'W_layer_units_exponent_4': 8, 'W_layer_units_exponent_5': 10, 'W_layer_units_exponent_6': 9, 'D_layers': 8, 'D_layer_units_exponent_0': 9, 'D_layer_units_exponent_1': 4, 'D_layer_units_exponent_2': 6, 'D_layer_units_exponent_3': 9, 'D_layer_units_exponent_4': 9, 'D_layer_units_exponent_5': 7, 'D_layer_units_exponent_6': 6, 'D_layer_units_exponent_7': 5, 'log_learning_rate': -4.652804312038388, 'log_learning_rate_D': -2.0406927642297448, 'training_batch_size': 10, 'training_p': 6}
	 epoch  0 training error:  tensor(1.0315, device='cuda:0', grad_fn=<DivBackward0>)
Memory status after this epoch: 
Memory allocated:  36.73095703125
Memory cached:  74.0
	 epoch  10 training error:  tensor(0.2132, device='cuda:0', grad_fn=<DivBackward0>)
Memory status after this epoch: 
Memory allocated:  36.73095703125
Memory cached:  74.0
	 epoch  20 training error:  tensor(0.1830, device='cuda:0', grad_fn=<DivBackward0>)
Memory status after this epoch: 
Memory allocated:  36.73095703125
Memory cached:  74.0
	 epoch  30 training error:  tensor(0.1131, device='cuda:0', grad_fn=<DivBackward0>)
Memory status after this epoch: 
Memory allocated:  36.73095703125
Memory cached:  74.0
	 epoch  40 training error:  tensor(0.0919, device='cuda:0', grad_fn=<DivBackward0>)
Memory status after this epoch: 
Memory allocated:  36.73095703125
Memory cached:  74.0
	 epoch  50 training error:  tensor(0.0747, device='cuda:0', grad_fn=<DivBackward0>)
Memory status after this epoch: 
Memory allocated:  36.73095703125
Memory cached:  74.0
	 epoch  60 training error:  tensor(0.0689, device='cuda:0', grad_fn=<DivBackward0>)
Memory status after this epoch: 
Memory allocated:  36.73095703125
Memory cached:  74.0
	 epoch  70 training error:  tensor(0.0684, device='cuda:0', grad_fn=<DivBackward0>)
Memory status after this epoch: 
Memory allocated:  36.73095703125
Memory cached:  74.0
	 epoch  80 training error:  tensor(0.0679, device='cuda:0', grad_fn=<DivBackward0>)
Memory status after this epoch: 
Memory allocated:  36.73095703125
Memory cached:  74.0
	 epoch  90 training error:  tensor(0.0674, device='cuda:0', grad_fn=<DivBackward0>)
Memory status after this epoch: 
Memory allocated:  36.73095703125
Memory cached:  74.0
[I 2023-11-03 22:21:00,003] Trial 7 finished with value: 0.05584709718823433 and parameters: {'W_layers': 7, 'W_layer_units_exponent_0': 9, 'W_layer_units_exponent_1': 7, 'W_layer_units_exponent_2': 10, 'W_layer_units_exponent_3': 10, 'W_layer_units_exponent_4': 8, 'W_layer_units_exponent_5': 10, 'W_layer_units_exponent_6': 9, 'D_layers': 8, 'D_layer_units_exponent_0': 9, 'D_layer_units_exponent_1': 4, 'D_layer_units_exponent_2': 6, 'D_layer_units_exponent_3': 9, 'D_layer_units_exponent_4': 9, 'D_layer_units_exponent_5': 7, 'D_layer_units_exponent_6': 6, 'D_layer_units_exponent_7': 5, 'log_learning_rate': -4.652804312038388, 'log_learning_rate_D': -2.0406927642297448, 'training_batch_size': 10, 'training_p': 6}. Best is trial 2 with value: 0.05181977152824402.
Time for this trial:  19.85241150856018
Memory status after this trial: 
Memory allocated:  261.80224609375
Memory cached:  290.0
--------------------  Trial  8   --------------------
Start timing: 
Parameters: 
{'W_layers': 4, 'W_layer_units_exponent_0': 9, 'W_layer_units_exponent_1': 9, 'W_layer_units_exponent_2': 6, 'W_layer_units_exponent_3': 7, 'D_layers': 3, 'D_layer_units_exponent_0': 9, 'D_layer_units_exponent_1': 5, 'D_layer_units_exponent_2': 4, 'log_learning_rate': -2.8287811428192815, 'log_learning_rate_D': -3.553462107917836, 'training_batch_size': 12, 'training_p': 3}
	 epoch  0 training error:  tensor(0.9534, device='cuda:0', grad_fn=<DivBackward0>)
Memory status after this epoch: 
Memory allocated:  4.8173828125
Memory cached:  6.0
	 epoch  10 training error:  tensor(0.3006, device='cuda:0', grad_fn=<DivBackward0>)
Memory status after this epoch: 
Memory allocated:  4.8173828125
Memory cached:  6.0
	 epoch  20 training error:  tensor(0.0987, device='cuda:0', grad_fn=<DivBackward0>)
Memory status after this epoch: 
Memory allocated:  4.8173828125
Memory cached:  6.0
	 epoch  30 training error:  tensor(0.0736, device='cuda:0', grad_fn=<DivBackward0>)
Memory status after this epoch: 
Memory allocated:  4.8173828125
Memory cached:  6.0
	 epoch  40 training error:  tensor(0.0770, device='cuda:0', grad_fn=<DivBackward0>)
Memory status after this epoch: 
Memory allocated:  4.8173828125
Memory cached:  6.0
	 epoch  50 training error:  tensor(0.0599, device='cuda:0', grad_fn=<DivBackward0>)
Memory status after this epoch: 
Memory allocated:  4.8173828125
Memory cached:  6.0
	 epoch  60 training error:  tensor(0.0596, device='cuda:0', grad_fn=<DivBackward0>)
Memory status after this epoch: 
Memory allocated:  4.8173828125
Memory cached:  6.0
	 epoch  70 training error:  tensor(0.0627, device='cuda:0', grad_fn=<DivBackward0>)
Memory status after this epoch: 
Memory allocated:  4.8173828125
Memory cached:  6.0
	 epoch  80 training error:  tensor(0.0566, device='cuda:0', grad_fn=<DivBackward0>)
Memory status after this epoch: 
Memory allocated:  4.8173828125
Memory cached:  6.0
	 epoch  90 training error:  tensor(0.0587, device='cuda:0', grad_fn=<DivBackward0>)
Memory status after this epoch: 
Memory allocated:  4.8173828125
Memory cached:  6.0
[I 2023-11-03 22:21:16,784] Trial 8 finished with value: 0.0542779341340065 and parameters: {'W_layers': 4, 'W_layer_units_exponent_0': 9, 'W_layer_units_exponent_1': 9, 'W_layer_units_exponent_2': 6, 'W_layer_units_exponent_3': 7, 'D_layers': 3, 'D_layer_units_exponent_0': 9, 'D_layer_units_exponent_1': 5, 'D_layer_units_exponent_2': 4, 'log_learning_rate': -2.8287811428192815, 'log_learning_rate_D': -3.553462107917836, 'training_batch_size': 12, 'training_p': 3}. Best is trial 2 with value: 0.05181977152824402.
Time for this trial:  16.678110361099243
Memory status after this trial: 
Memory allocated:  68.33349609375
Memory cached:  76.0
--------------------  Trial  9   --------------------
Start timing: 
Parameters: 
{'W_layers': 3, 'W_layer_units_exponent_0': 8, 'W_layer_units_exponent_1': 6, 'W_layer_units_exponent_2': 4, 'D_layers': 6, 'D_layer_units_exponent_0': 6, 'D_layer_units_exponent_1': 9, 'D_layer_units_exponent_2': 7, 'D_layer_units_exponent_3': 4, 'D_layer_units_exponent_4': 10, 'D_layer_units_exponent_5': 9, 'log_learning_rate': -1.672165206859101, 'log_learning_rate_D': -2.6986508477897284, 'training_batch_size': 12, 'training_p': 2}
	 epoch  0 training error:  tensor(1.0127, device='cuda:0', grad_fn=<DivBackward0>)
Memory status after this epoch: 
Memory allocated:  2.8310546875
Memory cached:  24.0
	 epoch  10 training error:  tensor(1.0036, device='cuda:0', grad_fn=<DivBackward0>)
Memory status after this epoch: 
Memory allocated:  2.8310546875
Memory cached:  24.0
	 epoch  20 training error:  tensor(1.0006, device='cuda:0', grad_fn=<DivBackward0>)
Memory status after this epoch: 
Memory allocated:  2.8310546875
Memory cached:  24.0
	 epoch  30 training error:  tensor(1.0001, device='cuda:0', grad_fn=<DivBackward0>)
Memory status after this epoch: 
Memory allocated:  2.8310546875
Memory cached:  24.0
	 epoch  40 training error:  tensor(1.0001, device='cuda:0', grad_fn=<DivBackward0>)
Memory status after this epoch: 
Memory allocated:  2.8310546875
Memory cached:  24.0
	 epoch  50 training error:  tensor(1.0000, device='cuda:0', grad_fn=<DivBackward0>)
Memory status after this epoch: 
Memory allocated:  2.8310546875
Memory cached:  24.0
	 epoch  60 training error:  tensor(1.0000, device='cuda:0', grad_fn=<DivBackward0>)
Memory status after this epoch: 
Memory allocated:  2.8310546875
Memory cached:  24.0
	 epoch  70 training error:  tensor(1.0000, device='cuda:0', grad_fn=<DivBackward0>)
Memory status after this epoch: 
Memory allocated:  2.8310546875
Memory cached:  24.0
	 epoch  80 training error:  tensor(1.0000, device='cuda:0', grad_fn=<DivBackward0>)
Memory status after this epoch: 
Memory allocated:  2.8310546875
Memory cached:  24.0
	 epoch  90 training error:  tensor(1.0000, device='cuda:0', grad_fn=<DivBackward0>)
Memory status after this epoch: 
Memory allocated:  2.8310546875
Memory cached:  24.0
[I 2023-11-03 22:21:32,322] Trial 9 finished with value: 1.0000194311141968 and parameters: {'W_layers': 3, 'W_layer_units_exponent_0': 8, 'W_layer_units_exponent_1': 6, 'W_layer_units_exponent_2': 4, 'D_layers': 6, 'D_layer_units_exponent_0': 6, 'D_layer_units_exponent_1': 9, 'D_layer_units_exponent_2': 7, 'D_layer_units_exponent_3': 4, 'D_layer_units_exponent_4': 10, 'D_layer_units_exponent_5': 9, 'log_learning_rate': -1.672165206859101, 'log_learning_rate_D': -2.6986508477897284, 'training_batch_size': 12, 'training_p': 2}. Best is trial 2 with value: 0.05181977152824402.
Time for this trial:  15.444976329803467
Memory status after this trial: 
Memory allocated:  18.21142578125
Memory cached:  26.0
--------------------  Trial  10   --------------------
Start timing: 
Parameters: 
{'W_layers': 8, 'W_layer_units_exponent_0': 4, 'W_layer_units_exponent_1': 4, 'W_layer_units_exponent_2': 9, 'W_layer_units_exponent_3': 10, 'W_layer_units_exponent_4': 6, 'W_layer_units_exponent_5': 6, 'W_layer_units_exponent_6': 4, 'W_layer_units_exponent_7': 6, 'D_layers': 5, 'D_layer_units_exponent_0': 4, 'D_layer_units_exponent_1': 7, 'D_layer_units_exponent_2': 9, 'D_layer_units_exponent_3': 10, 'D_layer_units_exponent_4': 4, 'log_learning_rate': -1.0203533772197972, 'log_learning_rate_D': -1.1063620807287915, 'training_batch_size': 6, 'training_p': 8}
	 epoch  0 training error:  tensor(1.8073, device='cuda:0', grad_fn=<DivBackward0>)
Memory status after this epoch: 
Memory allocated:  11.66064453125
Memory cached:  48.0
	 epoch  10 training error:  tensor(1., device='cuda:0', grad_fn=<DivBackward0>)
Memory status after this epoch: 
Memory allocated:  11.66064453125
Memory cached:  48.0
	 epoch  20 training error:  tensor(1., device='cuda:0', grad_fn=<DivBackward0>)
Memory status after this epoch: 
Memory allocated:  11.66064453125
Memory cached:  48.0
	 epoch  30 training error:  tensor(1., device='cuda:0', grad_fn=<DivBackward0>)
Memory status after this epoch: 
Memory allocated:  11.66064453125
Memory cached:  50.0
	 epoch  40 training error:  tensor(1., device='cuda:0', grad_fn=<DivBackward0>)
Memory status after this epoch: 
Memory allocated:  11.66064453125
Memory cached:  48.0
	 epoch  50 training error:  tensor(1., device='cuda:0', grad_fn=<DivBackward0>)
Memory status after this epoch: 
Memory allocated:  11.66064453125
Memory cached:  48.0
	 epoch  60 training error:  tensor(1., device='cuda:0', grad_fn=<DivBackward0>)
Memory status after this epoch: 
Memory allocated:  11.66064453125
Memory cached:  48.0
	 epoch  70 training error:  tensor(1., device='cuda:0', grad_fn=<DivBackward0>)
Memory status after this epoch: 
Memory allocated:  11.66064453125
Memory cached:  48.0
	 epoch  80 training error:  tensor(1., device='cuda:0', grad_fn=<DivBackward0>)
Memory status after this epoch: 
Memory allocated:  11.66064453125
Memory cached:  48.0
	 epoch  90 training error:  tensor(1., device='cuda:0', grad_fn=<DivBackward0>)
Memory status after this epoch: 
Memory allocated:  11.66064453125
Memory cached:  48.0
[I 2023-11-03 22:21:52,778] Trial 10 finished with value: 1.0 and parameters: {'W_layers': 8, 'W_layer_units_exponent_0': 4, 'W_layer_units_exponent_1': 4, 'W_layer_units_exponent_2': 9, 'W_layer_units_exponent_3': 10, 'W_layer_units_exponent_4': 6, 'W_layer_units_exponent_5': 6, 'W_layer_units_exponent_6': 4, 'W_layer_units_exponent_7': 6, 'D_layers': 5, 'D_layer_units_exponent_0': 4, 'D_layer_units_exponent_1': 7, 'D_layer_units_exponent_2': 9, 'D_layer_units_exponent_3': 10, 'D_layer_units_exponent_4': 4, 'log_learning_rate': -1.0203533772197972, 'log_learning_rate_D': -1.1063620807287915, 'training_batch_size': 6, 'training_p': 8}. Best is trial 2 with value: 0.05181977152824402.
Time for this trial:  20.277825593948364
Memory status after this trial: 
Memory allocated:  100.91943359375
Memory cached:  116.0
--------------------  Trial  11   --------------------
Start timing: 
Parameters: 
{'W_layers': 8, 'W_layer_units_exponent_0': 10, 'W_layer_units_exponent_1': 4, 'W_layer_units_exponent_2': 9, 'W_layer_units_exponent_3': 8, 'W_layer_units_exponent_4': 4, 'W_layer_units_exponent_5': 9, 'W_layer_units_exponent_6': 5, 'W_layer_units_exponent_7': 10, 'D_layers': 5, 'D_layer_units_exponent_0': 7, 'D_layer_units_exponent_1': 4, 'D_layer_units_exponent_2': 6, 'D_layer_units_exponent_3': 6, 'D_layer_units_exponent_4': 6, 'log_learning_rate': -4.969074080412208, 'log_learning_rate_D': -1.5763665329161984, 'training_batch_size': 9, 'training_p': 5}
	 epoch  0 training error:  tensor(1.0138, device='cuda:0', grad_fn=<DivBackward0>)
Memory status after this epoch: 
Memory allocated:  3.54150390625
Memory cached:  8.0
	 epoch  10 training error:  tensor(0.9737, device='cuda:0', grad_fn=<DivBackward0>)
Memory status after this epoch: 
Memory allocated:  3.54150390625
Memory cached:  8.0
	 epoch  20 training error:  tensor(0.9283, device='cuda:0', grad_fn=<DivBackward0>)
Memory status after this epoch: 
Memory allocated:  3.54150390625
Memory cached:  8.0
	 epoch  30 training error:  tensor(0.8639, device='cuda:0', grad_fn=<DivBackward0>)
Memory status after this epoch: 
Memory allocated:  3.54150390625
Memory cached:  8.0
	 epoch  40 training error:  tensor(0.7647, device='cuda:0', grad_fn=<DivBackward0>)
Memory status after this epoch: 
Memory allocated:  3.54150390625
Memory cached:  8.0
	 epoch  50 training error:  tensor(0.6131, device='cuda:0', grad_fn=<DivBackward0>)
Memory status after this epoch: 
Memory allocated:  3.54150390625
Memory cached:  8.0
	 epoch  60 training error:  tensor(0.4082, device='cuda:0', grad_fn=<DivBackward0>)
Memory status after this epoch: 
Memory allocated:  3.54150390625
Memory cached:  8.0
	 epoch  70 training error:  tensor(0.2437, device='cuda:0', grad_fn=<DivBackward0>)
Memory status after this epoch: 
Memory allocated:  3.54150390625
Memory cached:  8.0
	 epoch  80 training error:  tensor(0.1448, device='cuda:0', grad_fn=<DivBackward0>)
Memory status after this epoch: 
Memory allocated:  3.54150390625
Memory cached:  8.0
	 epoch  90 training error:  tensor(0.0675, device='cuda:0', grad_fn=<DivBackward0>)
Memory status after this epoch: 
Memory allocated:  3.54150390625
Memory cached:  8.0
[I 2023-11-03 22:22:12,440] Trial 11 finished with value: 0.0641765221953392 and parameters: {'W_layers': 8, 'W_layer_units_exponent_0': 10, 'W_layer_units_exponent_1': 4, 'W_layer_units_exponent_2': 9, 'W_layer_units_exponent_3': 8, 'W_layer_units_exponent_4': 4, 'W_layer_units_exponent_5': 9, 'W_layer_units_exponent_6': 5, 'W_layer_units_exponent_7': 10, 'D_layers': 5, 'D_layer_units_exponent_0': 7, 'D_layer_units_exponent_1': 4, 'D_layer_units_exponent_2': 6, 'D_layer_units_exponent_3': 6, 'D_layer_units_exponent_4': 6, 'log_learning_rate': -4.969074080412208, 'log_learning_rate_D': -1.5763665329161984, 'training_batch_size': 9, 'training_p': 5}. Best is trial 2 with value: 0.05181977152824402.
Time for this trial:  19.494049549102783
Memory status after this trial: 
Memory allocated:  185.79248046875
Memory cached:  206.0
--------------------  Trial  12   --------------------
Start timing: 
Parameters: 
{'W_layers': 7, 'W_layer_units_exponent_0': 10, 'W_layer_units_exponent_1': 7, 'W_layer_units_exponent_2': 10, 'W_layer_units_exponent_3': 6, 'W_layer_units_exponent_4': 4, 'W_layer_units_exponent_5': 8, 'W_layer_units_exponent_6': 7, 'D_layers': 6, 'D_layer_units_exponent_0': 5, 'D_layer_units_exponent_1': 4, 'D_layer_units_exponent_2': 5, 'D_layer_units_exponent_3': 4, 'D_layer_units_exponent_4': 6, 'D_layer_units_exponent_5': 4, 'log_learning_rate': -4.096480112510559, 'log_learning_rate_D': -1.7929510237738484, 'training_batch_size': 11, 'training_p': 5}
	 epoch  0 training error:  tensor(1.0177, device='cuda:0', grad_fn=<DivBackward0>)
Memory status after this epoch: 
Memory allocated:  5.7509765625
Memory cached:  8.0
	 epoch  10 training error:  tensor(0.2229, device='cuda:0', grad_fn=<DivBackward0>)
Memory status after this epoch: 
Memory allocated:  5.7509765625
Memory cached:  8.0
	 epoch  20 training error:  tensor(0.1259, device='cuda:0', grad_fn=<DivBackward0>)
Memory status after this epoch: 
Memory allocated:  5.7509765625
Memory cached:  8.0
	 epoch  30 training error:  tensor(0.0912, device='cuda:0', grad_fn=<DivBackward0>)
Memory status after this epoch: 
Memory allocated:  5.7509765625
Memory cached:  8.0
	 epoch  40 training error:  tensor(0.0679, device='cuda:0', grad_fn=<DivBackward0>)
Memory status after this epoch: 
Memory allocated:  5.7509765625
Memory cached:  8.0
	 epoch  50 training error:  tensor(0.0617, device='cuda:0', grad_fn=<DivBackward0>)
Memory status after this epoch: 
Memory allocated:  5.7509765625
Memory cached:  8.0
	 epoch  60 training error:  tensor(0.0619, device='cuda:0', grad_fn=<DivBackward0>)
Memory status after this epoch: 
Memory allocated:  5.7509765625
Memory cached:  8.0
	 epoch  70 training error:  tensor(0.0617, device='cuda:0', grad_fn=<DivBackward0>)
Memory status after this epoch: 
Memory allocated:  5.7509765625
Memory cached:  8.0
	 epoch  80 training error:  tensor(0.0610, device='cuda:0', grad_fn=<DivBackward0>)
Memory status after this epoch: 
Memory allocated:  5.7509765625
Memory cached:  8.0
	 epoch  90 training error:  tensor(0.0609, device='cuda:0', grad_fn=<DivBackward0>)
Memory status after this epoch: 
Memory allocated:  5.7509765625
Memory cached:  8.0
[I 2023-11-03 22:22:31,010] Trial 12 finished with value: 0.051613569259643555 and parameters: {'W_layers': 7, 'W_layer_units_exponent_0': 10, 'W_layer_units_exponent_1': 7, 'W_layer_units_exponent_2': 10, 'W_layer_units_exponent_3': 6, 'W_layer_units_exponent_4': 4, 'W_layer_units_exponent_5': 8, 'W_layer_units_exponent_6': 7, 'D_layers': 6, 'D_layer_units_exponent_0': 5, 'D_layer_units_exponent_1': 4, 'D_layer_units_exponent_2': 5, 'D_layer_units_exponent_3': 4, 'D_layer_units_exponent_4': 6, 'D_layer_units_exponent_5': 4, 'log_learning_rate': -4.096480112510559, 'log_learning_rate_D': -1.7929510237738484, 'training_batch_size': 11, 'training_p': 5}. Best is trial 12 with value: 0.051613569259643555.
Time for this trial:  18.3809494972229
Memory status after this trial: 
Memory allocated:  145.71923828125
Memory cached:  162.0
--------------------  Trial  13   --------------------
Start timing: 
Parameters: 
{'W_layers': 7, 'W_layer_units_exponent_0': 10, 'W_layer_units_exponent_1': 10, 'W_layer_units_exponent_2': 10, 'W_layer_units_exponent_3': 5, 'W_layer_units_exponent_4': 7, 'W_layer_units_exponent_5': 6, 'W_layer_units_exponent_6': 7, 'D_layers': 8, 'D_layer_units_exponent_0': 5, 'D_layer_units_exponent_1': 5, 'D_layer_units_exponent_2': 6, 'D_layer_units_exponent_3': 4, 'D_layer_units_exponent_4': 5, 'D_layer_units_exponent_5': 4, 'D_layer_units_exponent_6': 4, 'D_layer_units_exponent_7': 10, 'log_learning_rate': -3.797215676555408, 'log_learning_rate_D': -1.5061776920630214, 'training_batch_size': 11, 'training_p': 5}
	 epoch  0 training error:  tensor(0.9893, device='cuda:0', grad_fn=<DivBackward0>)
Memory status after this epoch: 
Memory allocated:  33.16796875
Memory cached:  42.0
	 epoch  10 training error:  tensor(0.1203, device='cuda:0', grad_fn=<DivBackward0>)
Memory status after this epoch: 
Memory allocated:  33.16796875
Memory cached:  42.0
	 epoch  20 training error:  tensor(0.0884, device='cuda:0', grad_fn=<DivBackward0>)
Memory status after this epoch: 
Memory allocated:  33.16796875
Memory cached:  42.0
	 epoch  30 training error:  tensor(0.0798, device='cuda:0', grad_fn=<DivBackward0>)
Memory status after this epoch: 
Memory allocated:  33.16796875
Memory cached:  42.0
	 epoch  40 training error:  tensor(0.0680, device='cuda:0', grad_fn=<DivBackward0>)
Memory status after this epoch: 
Memory allocated:  33.16796875
Memory cached:  42.0
	 epoch  50 training error:  tensor(0.0644, device='cuda:0', grad_fn=<DivBackward0>)
Memory status after this epoch: 
Memory allocated:  33.16796875
Memory cached:  42.0
	 epoch  60 training error:  tensor(0.0611, device='cuda:0', grad_fn=<DivBackward0>)
Memory status after this epoch: 
Memory allocated:  33.16796875
Memory cached:  42.0
	 epoch  70 training error:  tensor(0.0611, device='cuda:0', grad_fn=<DivBackward0>)
Memory status after this epoch: 
Memory allocated:  33.16796875
Memory cached:  42.0
	 epoch  80 training error:  tensor(0.0609, device='cuda:0', grad_fn=<DivBackward0>)
Memory status after this epoch: 
Memory allocated:  33.16796875
Memory cached:  42.0
	 epoch  90 training error:  tensor(0.0609, device='cuda:0', grad_fn=<DivBackward0>)
Memory status after this epoch: 
Memory allocated:  33.16796875
Memory cached:  42.0
