[I 2023-10-30 15:12:13,658] Trial 42 finished with value: 0.2380450814962387 and parameters: {'W_layers': 3, 'W_layer_units_exponent_0': 10, 'W_layer_units_exponent_1': 9, 'W_layer_units_exponent_2': 8, 'D_layers': 3, 'D_layer_units_exponent_0': 8, 'D_layer_units_exponent_1': 8, 'D_layer_units_exponent_2': 5, 'log_learning_rate': -2.2354661996253644, 'log_learning_rate_D': -4.997292479991814, 'training_batch_size': 6, 'training_p': 4}. Best is trial 35 with value: 0.23473091423511505.
Time for this trial:  201.1204957962036
Memory status after this trial: 
Memory allocated:  130.75830078125
Memory cached:  150.0
--------------------  Trial  43   --------------------
Start timing: 
Parameters: 
{'W_layers': 4, 'W_layer_units_exponent_0': 6, 'W_layer_units_exponent_1': 7, 'W_layer_units_exponent_2': 9, 'W_layer_units_exponent_3': 5, 'D_layers': 4, 'D_layer_units_exponent_0': 10, 'D_layer_units_exponent_1': 7, 'D_layer_units_exponent_2': 8, 'D_layer_units_exponent_3': 8, 'log_learning_rate': -3.0334306526102752, 'log_learning_rate_D': -4.323597738806891, 'training_batch_size': 6, 'training_p': 3}
	 epoch  0 training error:  tensor(1.0000, device='cuda:0', grad_fn=<DivBackward0>)
Memory status after this epoch: 
Memory allocated:  5.001953125
Memory cached:  16.0
	 epoch  10 training error:  tensor(0.9953, device='cuda:0', grad_fn=<DivBackward0>)
Memory status after this epoch: 
Memory allocated:  5.001953125
Memory cached:  18.0
	 epoch  20 training error:  tensor(0.6526, device='cuda:0', grad_fn=<DivBackward0>)
Memory status after this epoch: 
Memory allocated:  5.001953125
Memory cached:  20.0
	 epoch  30 training error:  tensor(0.2819, device='cuda:0', grad_fn=<DivBackward0>)
Memory status after this epoch: 
Memory allocated:  5.001953125
Memory cached:  18.0
	 epoch  40 training error:  tensor(0.2506, device='cuda:0', grad_fn=<DivBackward0>)
Memory status after this epoch: 
Memory allocated:  5.001953125
Memory cached:  18.0
	 epoch  50 training error:  tensor(0.2445, device='cuda:0', grad_fn=<DivBackward0>)
Memory status after this epoch: 
Memory allocated:  5.001953125
Memory cached:  20.0
	 epoch  60 training error:  tensor(0.2446, device='cuda:0', grad_fn=<DivBackward0>)
Memory status after this epoch: 
Memory allocated:  5.001953125
Memory cached:  18.0
	 epoch  70 training error:  tensor(0.2446, device='cuda:0', grad_fn=<DivBackward0>)
Memory status after this epoch: 
Memory allocated:  5.001953125
Memory cached:  18.0
	 epoch  80 training error:  tensor(0.2447, device='cuda:0', grad_fn=<DivBackward0>)
Memory status after this epoch: 
Memory allocated:  5.001953125
Memory cached:  18.0
	 epoch  90 training error:  tensor(0.2445, device='cuda:0', grad_fn=<DivBackward0>)
Memory status after this epoch: 
Memory allocated:  5.001953125
Memory cached:  18.0
[I 2023-10-30 15:16:03,608] Trial 43 finished with value: 0.23635677993297577 and parameters: {'W_layers': 4, 'W_layer_units_exponent_0': 6, 'W_layer_units_exponent_1': 7, 'W_layer_units_exponent_2': 9, 'W_layer_units_exponent_3': 5, 'D_layers': 4, 'D_layer_units_exponent_0': 10, 'D_layer_units_exponent_1': 7, 'D_layer_units_exponent_2': 8, 'D_layer_units_exponent_3': 8, 'log_learning_rate': -3.0334306526102752, 'log_learning_rate_D': -4.323597738806891, 'training_batch_size': 6, 'training_p': 3}. Best is trial 35 with value: 0.23473091423511505.
Time for this trial:  229.7142117023468
Memory status after this trial: 
Memory allocated:  130.44140625
Memory cached:  134.0
--------------------  Trial  44   --------------------
Start timing: 
Parameters: 
{'W_layers': 4, 'W_layer_units_exponent_0': 6, 'W_layer_units_exponent_1': 7, 'W_layer_units_exponent_2': 9, 'W_layer_units_exponent_3': 6, 'D_layers': 4, 'D_layer_units_exponent_0': 10, 'D_layer_units_exponent_1': 6, 'D_layer_units_exponent_2': 8, 'D_layer_units_exponent_3': 8, 'log_learning_rate': -2.6371085242842485, 'log_learning_rate_D': -4.296865706743229, 'training_batch_size': 6, 'training_p': 3}
	 epoch  0 training error:  tensor(1.0000, device='cuda:0', grad_fn=<DivBackward0>)
Memory status after this epoch: 
Memory allocated:  4.001953125
Memory cached:  14.0
	 epoch  10 training error:  tensor(0.9469, device='cuda:0', grad_fn=<DivBackward0>)
Memory status after this epoch: 
Memory allocated:  4.001953125
Memory cached:  16.0
	 epoch  20 training error:  tensor(0.3228, device='cuda:0', grad_fn=<DivBackward0>)
Memory status after this epoch: 
Memory allocated:  4.001953125
Memory cached:  18.0
	 epoch  30 training error:  tensor(0.2492, device='cuda:0', grad_fn=<DivBackward0>)
Memory status after this epoch: 
Memory allocated:  4.001953125
Memory cached:  14.0
	 epoch  40 training error:  tensor(0.2477, device='cuda:0', grad_fn=<DivBackward0>)
Memory status after this epoch: 
Memory allocated:  4.001953125
Memory cached:  16.0
	 epoch  50 training error:  tensor(0.2475, device='cuda:0', grad_fn=<DivBackward0>)
Memory status after this epoch: 
Memory allocated:  4.001953125
Memory cached:  18.0
	 epoch  60 training error:  tensor(0.2447, device='cuda:0', grad_fn=<DivBackward0>)
Memory status after this epoch: 
Memory allocated:  4.001953125
Memory cached:  18.0
	 epoch  70 training error:  tensor(0.2514, device='cuda:0', grad_fn=<DivBackward0>)
Memory status after this epoch: 
Memory allocated:  4.001953125
Memory cached:  18.0
	 epoch  80 training error:  tensor(0.2472, device='cuda:0', grad_fn=<DivBackward0>)
Memory status after this epoch: 
Memory allocated:  4.001953125
Memory cached:  18.0
	 epoch  90 training error:  tensor(0.2499, device='cuda:0', grad_fn=<DivBackward0>)
Memory status after this epoch: 
Memory allocated:  4.001953125
Memory cached:  18.0
[I 2023-10-30 15:19:53,939] Trial 44 finished with value: 0.24014225602149963 and parameters: {'W_layers': 4, 'W_layer_units_exponent_0': 6, 'W_layer_units_exponent_1': 7, 'W_layer_units_exponent_2': 9, 'W_layer_units_exponent_3': 6, 'D_layers': 4, 'D_layer_units_exponent_0': 10, 'D_layer_units_exponent_1': 6, 'D_layer_units_exponent_2': 8, 'D_layer_units_exponent_3': 8, 'log_learning_rate': -2.6371085242842485, 'log_learning_rate_D': -4.296865706743229, 'training_batch_size': 6, 'training_p': 3}. Best is trial 35 with value: 0.23473091423511505.
Time for this trial:  230.10377645492554
Memory status after this trial: 
Memory allocated:  128.2666015625
Memory cached:  132.0
--------------------  Trial  45   --------------------
Start timing: 
Parameters: 
{'W_layers': 4, 'W_layer_units_exponent_0': 7, 'W_layer_units_exponent_1': 8, 'W_layer_units_exponent_2': 10, 'W_layer_units_exponent_3': 5, 'D_layers': 4, 'D_layer_units_exponent_0': 10, 'D_layer_units_exponent_1': 7, 'D_layer_units_exponent_2': 9, 'D_layer_units_exponent_3': 8, 'log_learning_rate': -3.037935953606183, 'log_learning_rate_D': -3.911808160487828, 'training_batch_size': 7, 'training_p': 3}
	 epoch  0 training error:  tensor(1.0000, device='cuda:0', grad_fn=<DivBackward0>)
Memory status after this epoch: 
Memory allocated:  10.1689453125
Memory cached:  16.0
	 epoch  10 training error:  tensor(0.9975, device='cuda:0', grad_fn=<DivBackward0>)
Memory status after this epoch: 
Memory allocated:  10.1689453125
Memory cached:  22.0
	 epoch  20 training error:  tensor(0.9182, device='cuda:0', grad_fn=<DivBackward0>)
Memory status after this epoch: 
Memory allocated:  10.1689453125
Memory cached:  22.0
	 epoch  30 training error:  tensor(0.3378, device='cuda:0', grad_fn=<DivBackward0>)
Memory status after this epoch: 
Memory allocated:  10.1689453125
Memory cached:  20.0
	 epoch  40 training error:  tensor(0.2737, device='cuda:0', grad_fn=<DivBackward0>)
Memory status after this epoch: 
Memory allocated:  10.1689453125
Memory cached:  22.0
	 epoch  50 training error:  tensor(0.2513, device='cuda:0', grad_fn=<DivBackward0>)
Memory status after this epoch: 
Memory allocated:  10.1689453125
Memory cached:  22.0
	 epoch  60 training error:  tensor(0.2453, device='cuda:0', grad_fn=<DivBackward0>)
Memory status after this epoch: 
Memory allocated:  10.1689453125
Memory cached:  22.0
	 epoch  70 training error:  tensor(0.2454, device='cuda:0', grad_fn=<DivBackward0>)
Memory status after this epoch: 
Memory allocated:  10.1689453125
Memory cached:  22.0
	 epoch  80 training error:  tensor(0.2445, device='cuda:0', grad_fn=<DivBackward0>)
Memory status after this epoch: 
Memory allocated:  10.1689453125
Memory cached:  22.0
	 epoch  90 training error:  tensor(0.2444, device='cuda:0', grad_fn=<DivBackward0>)
Memory status after this epoch: 
Memory allocated:  10.1689453125
Memory cached:  22.0
[I 2023-10-30 15:22:14,347] Trial 45 finished with value: 0.2371806651353836 and parameters: {'W_layers': 4, 'W_layer_units_exponent_0': 7, 'W_layer_units_exponent_1': 8, 'W_layer_units_exponent_2': 10, 'W_layer_units_exponent_3': 5, 'D_layers': 4, 'D_layer_units_exponent_0': 10, 'D_layer_units_exponent_1': 7, 'D_layer_units_exponent_2': 9, 'D_layer_units_exponent_3': 8, 'log_learning_rate': -3.037935953606183, 'log_learning_rate_D': -3.911808160487828, 'training_batch_size': 7, 'training_p': 3}. Best is trial 35 with value: 0.23473091423511505.
Time for this trial:  140.18749141693115
Memory status after this trial: 
Memory allocated:  184.1455078125
Memory cached:  190.0
--------------------  Trial  46   --------------------
Start timing: 
Parameters: 
{'W_layers': 3, 'W_layer_units_exponent_0': 6, 'W_layer_units_exponent_1': 7, 'W_layer_units_exponent_2': 10, 'D_layers': 5, 'D_layer_units_exponent_0': 9, 'D_layer_units_exponent_1': 6, 'D_layer_units_exponent_2': 8, 'D_layer_units_exponent_3': 7, 'D_layer_units_exponent_4': 10, 'log_learning_rate': -2.1044198700312315, 'log_learning_rate_D': -4.701945512882603, 'training_batch_size': 6, 'training_p': 2}
	 epoch  0 training error:  tensor(0.9998, device='cuda:0', grad_fn=<DivBackward0>)
Memory status after this epoch: 
Memory allocated:  5.5078125
Memory cached:  18.0
	 epoch  10 training error:  tensor(0.3708, device='cuda:0', grad_fn=<DivBackward0>)
Memory status after this epoch: 
Memory allocated:  5.5078125
Memory cached:  24.0
	 epoch  20 training error:  tensor(0.2554, device='cuda:0', grad_fn=<DivBackward0>)
Memory status after this epoch: 
Memory allocated:  5.5078125
Memory cached:  22.0
	 epoch  30 training error:  tensor(0.2375, device='cuda:0', grad_fn=<DivBackward0>)
Memory status after this epoch: 
Memory allocated:  5.5078125
Memory cached:  22.0
	 epoch  40 training error:  tensor(0.2367, device='cuda:0', grad_fn=<DivBackward0>)
Memory status after this epoch: 
Memory allocated:  5.5078125
Memory cached:  24.0
	 epoch  50 training error:  tensor(0.2371, device='cuda:0', grad_fn=<DivBackward0>)
Memory status after this epoch: 
Memory allocated:  5.5078125
Memory cached:  22.0
	 epoch  60 training error:  tensor(0.2370, device='cuda:0', grad_fn=<DivBackward0>)
Memory status after this epoch: 
Memory allocated:  5.5078125
Memory cached:  22.0
	 epoch  70 training error:  tensor(0.2371, device='cuda:0', grad_fn=<DivBackward0>)
Memory status after this epoch: 
Memory allocated:  5.5078125
Memory cached:  22.0
	 epoch  80 training error:  tensor(0.2380, device='cuda:0', grad_fn=<DivBackward0>)
Memory status after this epoch: 
Memory allocated:  5.5078125
Memory cached:  24.0
	 epoch  90 training error:  tensor(0.2400, device='cuda:0', grad_fn=<DivBackward0>)
Memory status after this epoch: 
Memory allocated:  5.5078125
Memory cached:  22.0
[I 2023-10-30 15:26:11,609] Trial 46 finished with value: 0.23674307763576508 and parameters: {'W_layers': 3, 'W_layer_units_exponent_0': 6, 'W_layer_units_exponent_1': 7, 'W_layer_units_exponent_2': 10, 'D_layers': 5, 'D_layer_units_exponent_0': 9, 'D_layer_units_exponent_1': 6, 'D_layer_units_exponent_2': 8, 'D_layer_units_exponent_3': 7, 'D_layer_units_exponent_4': 10, 'log_learning_rate': -2.1044198700312315, 'log_learning_rate_D': -4.701945512882603, 'training_batch_size': 6, 'training_p': 2}. Best is trial 35 with value: 0.23473091423511505.
Time for this trial:  237.02672171592712
Memory status after this trial: 
Memory allocated:  173.248046875
Memory cached:  178.0
--------------------  Trial  47   --------------------
Start timing: 
Parameters: 
{'W_layers': 5, 'W_layer_units_exponent_0': 5, 'W_layer_units_exponent_1': 4, 'W_layer_units_exponent_2': 9, 'W_layer_units_exponent_3': 4, 'W_layer_units_exponent_4': 9, 'D_layers': 4, 'D_layer_units_exponent_0': 10, 'D_layer_units_exponent_1': 7, 'D_layer_units_exponent_2': 10, 'D_layer_units_exponent_3': 10, 'log_learning_rate': -2.7269036551756307, 'log_learning_rate_D': -4.440684275041512, 'training_batch_size': 7, 'training_p': 6}
	 epoch  0 training error:  tensor(1.0000, device='cuda:0', grad_fn=<DivBackward0>)
Memory status after this epoch: 
Memory allocated:  20.5810546875
Memory cached:  30.0
	 epoch  10 training error:  tensor(0.9956, device='cuda:0', grad_fn=<DivBackward0>)
Memory status after this epoch: 
Memory allocated:  20.5810546875
Memory cached:  36.0
	 epoch  20 training error:  tensor(0.7262, device='cuda:0', grad_fn=<DivBackward0>)
Memory status after this epoch: 
Memory allocated:  20.5810546875
Memory cached:  38.0
	 epoch  30 training error:  tensor(0.3407, device='cuda:0', grad_fn=<DivBackward0>)
Memory status after this epoch: 
Memory allocated:  20.5810546875
Memory cached:  38.0
	 epoch  40 training error:  tensor(0.2614, device='cuda:0', grad_fn=<DivBackward0>)
Memory status after this epoch: 
Memory allocated:  20.5810546875
Memory cached:  38.0
	 epoch  50 training error:  tensor(0.2611, device='cuda:0', grad_fn=<DivBackward0>)
Memory status after this epoch: 
Memory allocated:  20.5810546875
Memory cached:  38.0
	 epoch  60 training error:  tensor(0.2576, device='cuda:0', grad_fn=<DivBackward0>)
Memory status after this epoch: 
Memory allocated:  20.5810546875
Memory cached:  36.0
	 epoch  70 training error:  tensor(0.2556, device='cuda:0', grad_fn=<DivBackward0>)
Memory status after this epoch: 
Memory allocated:  20.5810546875
Memory cached:  38.0
	 epoch  80 training error:  tensor(0.2547, device='cuda:0', grad_fn=<DivBackward0>)
Memory status after this epoch: 
Memory allocated:  20.5810546875
Memory cached:  38.0
	 epoch  90 training error:  tensor(0.2548, device='cuda:0', grad_fn=<DivBackward0>)
Memory status after this epoch: 
Memory allocated:  20.5810546875
Memory cached:  36.0
[I 2023-10-30 15:28:45,858] Trial 47 finished with value: 0.2366621047258377 and parameters: {'W_layers': 5, 'W_layer_units_exponent_0': 5, 'W_layer_units_exponent_1': 4, 'W_layer_units_exponent_2': 9, 'W_layer_units_exponent_3': 4, 'W_layer_units_exponent_4': 9, 'D_layers': 4, 'D_layer_units_exponent_0': 10, 'D_layer_units_exponent_1': 7, 'D_layer_units_exponent_2': 10, 'D_layer_units_exponent_3': 10, 'log_learning_rate': -2.7269036551756307, 'log_learning_rate_D': -4.440684275041512, 'training_batch_size': 7, 'training_p': 6}. Best is trial 35 with value: 0.23473091423511505.
Time for this trial:  154.03469800949097
Memory status after this trial: 
Memory allocated:  238.5703125
Memory cached:  254.0
--------------------  Trial  48   --------------------
Start timing: 
Parameters: 
{'W_layers': 5, 'W_layer_units_exponent_0': 5, 'W_layer_units_exponent_1': 10, 'W_layer_units_exponent_2': 9, 'W_layer_units_exponent_3': 6, 'W_layer_units_exponent_4': 8, 'D_layers': 4, 'D_layer_units_exponent_0': 10, 'D_layer_units_exponent_1': 7, 'D_layer_units_exponent_2': 10, 'D_layer_units_exponent_3': 10, 'log_learning_rate': -2.7916878473941065, 'log_learning_rate_D': -4.339065406081773, 'training_batch_size': 6, 'training_p': 6}
	 epoch  0 training error:  tensor(1.0000, device='cuda:0', grad_fn=<DivBackward0>)
Memory status after this epoch: 
Memory allocated:  29.4296875
Memory cached:  56.0
	 epoch  10 training error:  tensor(0.7097, device='cuda:0', grad_fn=<DivBackward0>)
Memory status after this epoch: 
Memory allocated:  29.4296875
Memory cached:  58.0
	 epoch  20 training error:  tensor(0.4318, device='cuda:0', grad_fn=<DivBackward0>)
Memory status after this epoch: 
Memory allocated:  29.4296875
Memory cached:  58.0
	 epoch  30 training error:  tensor(0.3166, device='cuda:0', grad_fn=<DivBackward0>)
Memory status after this epoch: 
Memory allocated:  29.4296875
Memory cached:  58.0
	 epoch  40 training error:  tensor(0.2648, device='cuda:0', grad_fn=<DivBackward0>)
Memory status after this epoch: 
Memory allocated:  29.4296875
Memory cached:  58.0
	 epoch  50 training error:  tensor(0.2580, device='cuda:0', grad_fn=<DivBackward0>)
Memory status after this epoch: 
Memory allocated:  29.4296875
Memory cached:  58.0
	 epoch  60 training error:  tensor(0.2551, device='cuda:0', grad_fn=<DivBackward0>)
Memory status after this epoch: 
Memory allocated:  29.4296875
Memory cached:  58.0
	 epoch  70 training error:  tensor(0.2558, device='cuda:0', grad_fn=<DivBackward0>)
Memory status after this epoch: 
Memory allocated:  29.4296875
Memory cached:  58.0
	 epoch  80 training error:  tensor(0.2548, device='cuda:0', grad_fn=<DivBackward0>)
Memory status after this epoch: 
Memory allocated:  29.4296875
Memory cached:  58.0
	 epoch  90 training error:  tensor(0.2563, device='cuda:0', grad_fn=<DivBackward0>)
Memory status after this epoch: 
Memory allocated:  29.4296875
Memory cached:  58.0
[I 2023-10-30 15:33:08,417] Trial 48 finished with value: 0.2365826666355133 and parameters: {'W_layers': 5, 'W_layer_units_exponent_0': 5, 'W_layer_units_exponent_1': 10, 'W_layer_units_exponent_2': 9, 'W_layer_units_exponent_3': 6, 'W_layer_units_exponent_4': 8, 'D_layers': 4, 'D_layer_units_exponent_0': 10, 'D_layer_units_exponent_1': 7, 'D_layer_units_exponent_2': 10, 'D_layer_units_exponent_3': 10, 'log_learning_rate': -2.7916878473941065, 'log_learning_rate_D': -4.339065406081773, 'training_batch_size': 6, 'training_p': 6}. Best is trial 35 with value: 0.23473091423511505.
Time for this trial:  262.27934741973877
Memory status after this trial: 
Memory allocated:  285.3896484375
Memory cached:  298.0
--------------------  Trial  49   --------------------
Start timing: 
Parameters: 
{'W_layers': 3, 'W_layer_units_exponent_0': 6, 'W_layer_units_exponent_1': 9, 'W_layer_units_exponent_2': 10, 'D_layers': 4, 'D_layer_units_exponent_0': 9, 'D_layer_units_exponent_1': 7, 'D_layer_units_exponent_2': 9, 'D_layer_units_exponent_3': 9, 'log_learning_rate': -2.4616524026009645, 'log_learning_rate_D': -4.792212061900281, 'training_batch_size': 6, 'training_p': 5}
	 epoch  0 training error:  tensor(0.9997, device='cuda:0', grad_fn=<DivBackward0>)
Memory status after this epoch: 
Memory allocated:  14.625
Memory cached:  34.0
	 epoch  10 training error:  tensor(0.3701, device='cuda:0', grad_fn=<DivBackward0>)
Memory status after this epoch: 
Memory allocated:  14.625
Memory cached:  40.0
	 epoch  20 training error:  tensor(0.2521, device='cuda:0', grad_fn=<DivBackward0>)
Memory status after this epoch: 
Memory allocated:  14.625
Memory cached:  40.0
	 epoch  30 training error:  tensor(0.2539, device='cuda:0', grad_fn=<DivBackward0>)
Memory status after this epoch: 
Memory allocated:  14.625
Memory cached:  40.0
	 epoch  40 training error:  tensor(0.2518, device='cuda:0', grad_fn=<DivBackward0>)
Memory status after this epoch: 
Memory allocated:  14.625
Memory cached:  40.0
	 epoch  50 training error:  tensor(0.2544, device='cuda:0', grad_fn=<DivBackward0>)
Memory status after this epoch: 
Memory allocated:  14.625
Memory cached:  40.0
	 epoch  60 training error:  tensor(0.2604, device='cuda:0', grad_fn=<DivBackward0>)
Memory status after this epoch: 
Memory allocated:  14.625
Memory cached:  40.0
	 epoch  70 training error:  tensor(0.2659, device='cuda:0', grad_fn=<DivBackward0>)
Memory status after this epoch: 
Memory allocated:  14.625
Memory cached:  40.0
	 epoch  80 training error:  tensor(0.2549, device='cuda:0', grad_fn=<DivBackward0>)
Memory status after this epoch: 
Memory allocated:  14.625
Memory cached:  40.0
	 epoch  90 training error:  tensor(0.2583, device='cuda:0', grad_fn=<DivBackward0>)
Memory status after this epoch: 
Memory allocated:  14.625
Memory cached:  40.0
[I 2023-10-30 15:36:50,282] Trial 49 finished with value: 0.2412950098514557 and parameters: {'W_layers': 3, 'W_layer_units_exponent_0': 6, 'W_layer_units_exponent_1': 9, 'W_layer_units_exponent_2': 10, 'D_layers': 4, 'D_layer_units_exponent_0': 9, 'D_layer_units_exponent_1': 7, 'D_layer_units_exponent_2': 9, 'D_layer_units_exponent_3': 9, 'log_learning_rate': -2.4616524026009645, 'log_learning_rate_D': -4.792212061900281, 'training_batch_size': 6, 'training_p': 5}. Best is trial 35 with value: 0.23473091423511505.
Time for this trial:  221.6481273174286
Memory status after this trial: 
Memory allocated:  181.3955078125
Memory cached:  202.0
