[I 2023-10-30 16:17:08,123] Trial 37 finished with value: 0.22673094272613525 and parameters: {'W_layers': 4, 'W_layer_units_exponent_0': 8, 'W_layer_units_exponent_1': 8, 'W_layer_units_exponent_2': 5, 'W_layer_units_exponent_3': 5, 'D_layers': 3, 'D_layer_units_exponent_0': 6, 'D_layer_units_exponent_1': 10, 'D_layer_units_exponent_2': 9, 'log_learning_rate': -3.814898863329644, 'log_learning_rate_D': -4.273875485757116, 'training_batch_size': 6, 'training_p': 8}. Best is trial 1 with value: 0.22552898526191711.
Time for this trial:  16.70582675933838
Memory status after this trial: 
Memory allocated:  31.79638671875
Memory cached:  42.0
--------------------  Trial  38   --------------------
Start timing: 
Parameters: 
{'W_layers': 2, 'W_layer_units_exponent_0': 7, 'W_layer_units_exponent_1': 7, 'D_layers': 4, 'D_layer_units_exponent_0': 8, 'D_layer_units_exponent_1': 10, 'D_layer_units_exponent_2': 6, 'D_layer_units_exponent_3': 7, 'log_learning_rate': -3.245520314131281, 'log_learning_rate_D': -3.4874214204517826, 'training_batch_size': 6, 'training_p': 7}
	 epoch  0 training error:  tensor(1.0105, device='cuda:0', grad_fn=<DivBackward0>)
Memory status after this epoch: 
Memory allocated:  1.6162109375
Memory cached:  2.0
	 epoch  10 training error:  tensor(0.2783, device='cuda:0', grad_fn=<DivBackward0>)
Memory status after this epoch: 
Memory allocated:  1.6162109375
Memory cached:  2.0
	 epoch  20 training error:  tensor(0.2779, device='cuda:0', grad_fn=<DivBackward0>)
Memory status after this epoch: 
Memory allocated:  1.6162109375
Memory cached:  2.0
	 epoch  30 training error:  tensor(0.2581, device='cuda:0', grad_fn=<DivBackward0>)
Memory status after this epoch: 
Memory allocated:  1.6162109375
Memory cached:  2.0
	 epoch  40 training error:  tensor(0.2586, device='cuda:0', grad_fn=<DivBackward0>)
Memory status after this epoch: 
Memory allocated:  1.6162109375
Memory cached:  2.0
	 epoch  50 training error:  tensor(0.2586, device='cuda:0', grad_fn=<DivBackward0>)
Memory status after this epoch: 
Memory allocated:  1.6162109375
Memory cached:  2.0
	 epoch  60 training error:  tensor(0.2584, device='cuda:0', grad_fn=<DivBackward0>)
Memory status after this epoch: 
Memory allocated:  1.6162109375
Memory cached:  2.0
	 epoch  70 training error:  tensor(0.2585, device='cuda:0', grad_fn=<DivBackward0>)
Memory status after this epoch: 
Memory allocated:  1.6162109375
Memory cached:  2.0
	 epoch  80 training error:  tensor(0.2587, device='cuda:0', grad_fn=<DivBackward0>)
Memory status after this epoch: 
Memory allocated:  1.6162109375
Memory cached:  2.0
	 epoch  90 training error:  tensor(0.2586, device='cuda:0', grad_fn=<DivBackward0>)
Memory status after this epoch: 
Memory allocated:  1.6162109375
Memory cached:  2.0
[I 2023-10-30 16:17:24,223] Trial 38 finished with value: 0.22715432941913605 and parameters: {'W_layers': 2, 'W_layer_units_exponent_0': 7, 'W_layer_units_exponent_1': 7, 'D_layers': 4, 'D_layer_units_exponent_0': 8, 'D_layer_units_exponent_1': 10, 'D_layer_units_exponent_2': 6, 'D_layer_units_exponent_3': 7, 'log_learning_rate': -3.245520314131281, 'log_learning_rate_D': -3.4874214204517826, 'training_batch_size': 6, 'training_p': 7}. Best is trial 1 with value: 0.22552898526191711.
Time for this trial:  15.910568952560425
Memory status after this trial: 
Memory allocated:  13.92822265625
Memory cached:  16.0
--------------------  Trial  39   --------------------
Start timing: 
Parameters: 
{'W_layers': 5, 'W_layer_units_exponent_0': 9, 'W_layer_units_exponent_1': 7, 'W_layer_units_exponent_2': 9, 'W_layer_units_exponent_3': 10, 'W_layer_units_exponent_4': 10, 'D_layers': 2, 'D_layer_units_exponent_0': 4, 'D_layer_units_exponent_1': 9, 'log_learning_rate': -4.238955782415532, 'log_learning_rate_D': -3.157588702750383, 'training_batch_size': 7, 'training_p': 8}
	 epoch  0 training error:  tensor(1., device='cuda:0', grad_fn=<DivBackward0>)
Memory status after this epoch: 
Memory allocated:  26.390625
Memory cached:  40.0
	 epoch  10 training error:  tensor(1.0000, device='cuda:0', grad_fn=<DivBackward0>)
Memory status after this epoch: 
Memory allocated:  26.390625
Memory cached:  40.0
	 epoch  20 training error:  tensor(1.0000, device='cuda:0', grad_fn=<DivBackward0>)
Memory status after this epoch: 
Memory allocated:  26.390625
Memory cached:  40.0
	 epoch  30 training error:  tensor(0.9999, device='cuda:0', grad_fn=<DivBackward0>)
Memory status after this epoch: 
Memory allocated:  26.390625
Memory cached:  40.0
	 epoch  40 training error:  tensor(0.9995, device='cuda:0', grad_fn=<DivBackward0>)
Memory status after this epoch: 
Memory allocated:  26.390625
Memory cached:  40.0
	 epoch  50 training error:  tensor(0.9980, device='cuda:0', grad_fn=<DivBackward0>)
Memory status after this epoch: 
Memory allocated:  26.390625
Memory cached:  40.0
	 epoch  60 training error:  tensor(0.9906, device='cuda:0', grad_fn=<DivBackward0>)
Memory status after this epoch: 
Memory allocated:  26.390625
Memory cached:  40.0
	 epoch  70 training error:  tensor(0.8806, device='cuda:0', grad_fn=<DivBackward0>)
Memory status after this epoch: 
Memory allocated:  26.390625
Memory cached:  40.0
	 epoch  80 training error:  tensor(0.3473, device='cuda:0', grad_fn=<DivBackward0>)
Memory status after this epoch: 
Memory allocated:  26.390625
Memory cached:  40.0
	 epoch  90 training error:  tensor(0.2701, device='cuda:0', grad_fn=<DivBackward0>)
Memory status after this epoch: 
Memory allocated:  26.390625
Memory cached:  40.0
[I 2023-10-30 16:17:43,080] Trial 39 finished with value: 0.22676384449005127 and parameters: {'W_layers': 5, 'W_layer_units_exponent_0': 9, 'W_layer_units_exponent_1': 7, 'W_layer_units_exponent_2': 9, 'W_layer_units_exponent_3': 10, 'W_layer_units_exponent_4': 10, 'D_layers': 2, 'D_layer_units_exponent_0': 4, 'D_layer_units_exponent_1': 9, 'log_learning_rate': -4.238955782415532, 'log_learning_rate_D': -3.157588702750383, 'training_batch_size': 7, 'training_p': 8}. Best is trial 1 with value: 0.22552898526191711.
Time for this trial:  18.648176908493042
Memory status after this trial: 
Memory allocated:  187.90576171875
Memory cached:  218.0
--------------------  Trial  40   --------------------
Start timing: 
Parameters: 
{'W_layers': 3, 'W_layer_units_exponent_0': 5, 'W_layer_units_exponent_1': 9, 'W_layer_units_exponent_2': 10, 'D_layers': 5, 'D_layer_units_exponent_0': 7, 'D_layer_units_exponent_1': 10, 'D_layer_units_exponent_2': 9, 'D_layer_units_exponent_3': 5, 'D_layer_units_exponent_4': 8, 'log_learning_rate': -3.85315867017289, 'log_learning_rate_D': -3.832481414272384, 'training_batch_size': 6, 'training_p': 7}
	 epoch  0 training error:  tensor(0.9999, device='cuda:0', grad_fn=<DivBackward0>)
Memory status after this epoch: 
Memory allocated:  10.96630859375
Memory cached:  40.0
	 epoch  10 training error:  tensor(0.7986, device='cuda:0', grad_fn=<DivBackward0>)
Memory status after this epoch: 
Memory allocated:  10.96630859375
Memory cached:  40.0
	 epoch  20 training error:  tensor(0.2624, device='cuda:0', grad_fn=<DivBackward0>)
Memory status after this epoch: 
Memory allocated:  10.96630859375
Memory cached:  40.0
	 epoch  30 training error:  tensor(0.2605, device='cuda:0', grad_fn=<DivBackward0>)
Memory status after this epoch: 
Memory allocated:  10.96630859375
Memory cached:  40.0
	 epoch  40 training error:  tensor(0.2592, device='cuda:0', grad_fn=<DivBackward0>)
Memory status after this epoch: 
Memory allocated:  10.96630859375
Memory cached:  40.0
	 epoch  50 training error:  tensor(0.2585, device='cuda:0', grad_fn=<DivBackward0>)
Memory status after this epoch: 
Memory allocated:  10.96630859375
Memory cached:  40.0
	 epoch  60 training error:  tensor(0.2585, device='cuda:0', grad_fn=<DivBackward0>)
Memory status after this epoch: 
Memory allocated:  10.96630859375
Memory cached:  40.0
	 epoch  70 training error:  tensor(0.2584, device='cuda:0', grad_fn=<DivBackward0>)
Memory status after this epoch: 
Memory allocated:  10.96630859375
Memory cached:  40.0
	 epoch  80 training error:  tensor(0.2584, device='cuda:0', grad_fn=<DivBackward0>)
Memory status after this epoch: 
Memory allocated:  10.96630859375
Memory cached:  40.0
	 epoch  90 training error:  tensor(0.2584, device='cuda:0', grad_fn=<DivBackward0>)
Memory status after this epoch: 
Memory allocated:  10.96630859375
Memory cached:  40.0
[I 2023-10-30 16:18:01,382] Trial 40 finished with value: 0.2263617366552353 and parameters: {'W_layers': 3, 'W_layer_units_exponent_0': 5, 'W_layer_units_exponent_1': 9, 'W_layer_units_exponent_2': 10, 'D_layers': 5, 'D_layer_units_exponent_0': 7, 'D_layer_units_exponent_1': 10, 'D_layer_units_exponent_2': 9, 'D_layer_units_exponent_3': 5, 'D_layer_units_exponent_4': 8, 'log_learning_rate': -3.85315867017289, 'log_learning_rate_D': -3.832481414272384, 'training_batch_size': 6, 'training_p': 7}. Best is trial 1 with value: 0.22552898526191711.
Time for this trial:  18.12582039833069
Memory status after this trial: 
Memory allocated:  90.48291015625
Memory cached:  100.0
--------------------  Trial  41   --------------------
Start timing: 
Parameters: 
{'W_layers': 4, 'W_layer_units_exponent_0': 10, 'W_layer_units_exponent_1': 8, 'W_layer_units_exponent_2': 10, 'W_layer_units_exponent_3': 7, 'D_layers': 3, 'D_layer_units_exponent_0': 6, 'D_layer_units_exponent_1': 8, 'D_layer_units_exponent_2': 8, 'log_learning_rate': -3.5872623814560667, 'log_learning_rate_D': -2.863112050686955, 'training_batch_size': 7, 'training_p': 8}
	 epoch  0 training error:  tensor(1.0000, device='cuda:0', grad_fn=<DivBackward0>)
Memory status after this epoch: 
Memory allocated:  10.4658203125
Memory cached:  12.0
	 epoch  10 training error:  tensor(0.9752, device='cuda:0', grad_fn=<DivBackward0>)
Memory status after this epoch: 
Memory allocated:  10.4658203125
Memory cached:  12.0
	 epoch  20 training error:  tensor(0.3523, device='cuda:0', grad_fn=<DivBackward0>)
Memory status after this epoch: 
Memory allocated:  10.4658203125
Memory cached:  12.0
	 epoch  30 training error:  tensor(0.2637, device='cuda:0', grad_fn=<DivBackward0>)
Memory status after this epoch: 
Memory allocated:  10.4658203125
Memory cached:  12.0
	 epoch  40 training error:  tensor(0.2761, device='cuda:0', grad_fn=<DivBackward0>)
Memory status after this epoch: 
Memory allocated:  10.4658203125
Memory cached:  12.0
	 epoch  50 training error:  tensor(0.2594, device='cuda:0', grad_fn=<DivBackward0>)
Memory status after this epoch: 
Memory allocated:  10.4658203125
Memory cached:  12.0
	 epoch  60 training error:  tensor(0.2595, device='cuda:0', grad_fn=<DivBackward0>)
Memory status after this epoch: 
Memory allocated:  10.4658203125
Memory cached:  12.0
	 epoch  70 training error:  tensor(0.2594, device='cuda:0', grad_fn=<DivBackward0>)
Memory status after this epoch: 
Memory allocated:  10.4658203125
Memory cached:  12.0
	 epoch  80 training error:  tensor(0.2597, device='cuda:0', grad_fn=<DivBackward0>)
Memory status after this epoch: 
Memory allocated:  10.4658203125
Memory cached:  12.0
	 epoch  90 training error:  tensor(0.2594, device='cuda:0', grad_fn=<DivBackward0>)
Memory status after this epoch: 
Memory allocated:  10.4658203125
Memory cached:  12.0
[I 2023-10-30 16:18:18,923] Trial 41 finished with value: 0.22598980367183685 and parameters: {'W_layers': 4, 'W_layer_units_exponent_0': 10, 'W_layer_units_exponent_1': 8, 'W_layer_units_exponent_2': 10, 'W_layer_units_exponent_3': 7, 'D_layers': 3, 'D_layer_units_exponent_0': 6, 'D_layer_units_exponent_1': 8, 'D_layer_units_exponent_2': 8, 'log_learning_rate': -3.5872623814560667, 'log_learning_rate_D': -2.863112050686955, 'training_batch_size': 7, 'training_p': 8}. Best is trial 1 with value: 0.22552898526191711.
Time for this trial:  17.365582942962646
Memory status after this trial: 
Memory allocated:  136.81884765625
Memory cached:  152.0
--------------------  Trial  42   --------------------
Start timing: 
Parameters: 
{'W_layers': 5, 'W_layer_units_exponent_0': 9, 'W_layer_units_exponent_1': 10, 'W_layer_units_exponent_2': 10, 'W_layer_units_exponent_3': 7, 'W_layer_units_exponent_4': 6, 'D_layers': 3, 'D_layer_units_exponent_0': 7, 'D_layer_units_exponent_1': 9, 'D_layer_units_exponent_2': 8, 'log_learning_rate': -3.5805127538268122, 'log_learning_rate_D': -2.696628058239443, 'training_batch_size': 7, 'training_p': 8}
	 epoch  0 training error:  tensor(1.0000, device='cuda:0', grad_fn=<DivBackward0>)
Memory status after this epoch: 
Memory allocated:  27.77734375
Memory cached:  60.0
	 epoch  10 training error:  tensor(0.9944, device='cuda:0', grad_fn=<DivBackward0>)
Memory status after this epoch: 
Memory allocated:  27.77734375
Memory cached:  60.0
	 epoch  20 training error:  tensor(0.2850, device='cuda:0', grad_fn=<DivBackward0>)
Memory status after this epoch: 
Memory allocated:  27.77734375
Memory cached:  60.0
	 epoch  30 training error:  tensor(0.4757, device='cuda:0', grad_fn=<DivBackward0>)
Memory status after this epoch: 
Memory allocated:  27.77734375
Memory cached:  60.0
	 epoch  40 training error:  tensor(0.4120, device='cuda:0', grad_fn=<DivBackward0>)
Memory status after this epoch: 
Memory allocated:  27.77734375
Memory cached:  60.0
	 epoch  50 training error:  tensor(0.3430, device='cuda:0', grad_fn=<DivBackward0>)
Memory status after this epoch: 
Memory allocated:  27.77734375
Memory cached:  60.0
	 epoch  60 training error:  tensor(0.3487, device='cuda:0', grad_fn=<DivBackward0>)
Memory status after this epoch: 
Memory allocated:  27.77734375
Memory cached:  60.0
	 epoch  70 training error:  tensor(0.2925, device='cuda:0', grad_fn=<DivBackward0>)
Memory status after this epoch: 
Memory allocated:  27.77734375
Memory cached:  60.0
	 epoch  80 training error:  tensor(0.2642, device='cuda:0', grad_fn=<DivBackward0>)
Memory status after this epoch: 
Memory allocated:  27.77734375
Memory cached:  60.0
	 epoch  90 training error:  tensor(0.2613, device='cuda:0', grad_fn=<DivBackward0>)
Memory status after this epoch: 
Memory allocated:  27.77734375
Memory cached:  60.0
[I 2023-10-30 16:18:37,255] Trial 42 finished with value: 0.22857682406902313 and parameters: {'W_layers': 5, 'W_layer_units_exponent_0': 9, 'W_layer_units_exponent_1': 10, 'W_layer_units_exponent_2': 10, 'W_layer_units_exponent_3': 7, 'W_layer_units_exponent_4': 6, 'D_layers': 3, 'D_layer_units_exponent_0': 7, 'D_layer_units_exponent_1': 9, 'D_layer_units_exponent_2': 8, 'log_learning_rate': -3.5805127538268122, 'log_learning_rate_D': -2.696628058239443, 'training_batch_size': 7, 'training_p': 8}. Best is trial 1 with value: 0.22552898526191711.
Time for this trial:  18.150220155715942
Memory status after this trial: 
Memory allocated:  163.18896484375
Memory cached:  206.0
--------------------  Trial  43   --------------------
Start timing: 
Parameters: 
{'W_layers': 4, 'W_layer_units_exponent_0': 10, 'W_layer_units_exponent_1': 8, 'W_layer_units_exponent_2': 10, 'W_layer_units_exponent_3': 5, 'D_layers': 3, 'D_layer_units_exponent_0': 6, 'D_layer_units_exponent_1': 8, 'D_layer_units_exponent_2': 7, 'log_learning_rate': -4.143454243533891, 'log_learning_rate_D': -2.7796200716276935, 'training_batch_size': 7, 'training_p': 8}
	 epoch  0 training error:  tensor(1.0000, device='cuda:0', grad_fn=<DivBackward0>)
Memory status after this epoch: 
Memory allocated:  8.83984375
Memory cached:  10.0
	 epoch  10 training error:  tensor(0.9995, device='cuda:0', grad_fn=<DivBackward0>)
Memory status after this epoch: 
Memory allocated:  8.83984375
Memory cached:  12.0
	 epoch  20 training error:  tensor(0.9947, device='cuda:0', grad_fn=<DivBackward0>)
Memory status after this epoch: 
Memory allocated:  8.83984375
Memory cached:  12.0
	 epoch  30 training error:  tensor(0.8910, device='cuda:0', grad_fn=<DivBackward0>)
Memory status after this epoch: 
Memory allocated:  8.83984375
Memory cached:  12.0
	 epoch  40 training error:  tensor(0.3183, device='cuda:0', grad_fn=<DivBackward0>)
Memory status after this epoch: 
Memory allocated:  8.83984375
Memory cached:  12.0
	 epoch  50 training error:  tensor(0.2805, device='cuda:0', grad_fn=<DivBackward0>)
Memory status after this epoch: 
Memory allocated:  8.83984375
Memory cached:  12.0
	 epoch  60 training error:  tensor(0.2598, device='cuda:0', grad_fn=<DivBackward0>)
Memory status after this epoch: 
Memory allocated:  8.83984375
Memory cached:  12.0
	 epoch  70 training error:  tensor(0.2667, device='cuda:0', grad_fn=<DivBackward0>)
Memory status after this epoch: 
Memory allocated:  8.83984375
Memory cached:  12.0
	 epoch  80 training error:  tensor(0.2621, device='cuda:0', grad_fn=<DivBackward0>)
Memory status after this epoch: 
Memory allocated:  8.83984375
Memory cached:  12.0
	 epoch  90 training error:  tensor(0.2602, device='cuda:0', grad_fn=<DivBackward0>)
Memory status after this epoch: 
Memory allocated:  8.83984375
Memory cached:  12.0
[I 2023-10-30 16:18:55,003] Trial 43 finished with value: 0.2266726940870285 and parameters: {'W_layers': 4, 'W_layer_units_exponent_0': 10, 'W_layer_units_exponent_1': 8, 'W_layer_units_exponent_2': 10, 'W_layer_units_exponent_3': 5, 'D_layers': 3, 'D_layer_units_exponent_0': 6, 'D_layer_units_exponent_1': 8, 'D_layer_units_exponent_2': 7, 'log_learning_rate': -4.143454243533891, 'log_learning_rate_D': -2.7796200716276935, 'training_batch_size': 7, 'training_p': 8}. Best is trial 1 with value: 0.22552898526191711.
Time for this trial:  17.561588287353516
Memory status after this trial: 
Memory allocated:  130.94189453125
Memory cached:  146.0
--------------------  Trial  44   --------------------
Start timing: 
Parameters: 
{'W_layers': 4, 'W_layer_units_exponent_0': 10, 'W_layer_units_exponent_1': 8, 'W_layer_units_exponent_2': 9, 'W_layer_units_exponent_3': 7, 'D_layers': 4, 'D_layer_units_exponent_0': 6, 'D_layer_units_exponent_1': 8, 'D_layer_units_exponent_2': 8, 'D_layer_units_exponent_3': 9, 'log_learning_rate': -3.629630532039353, 'log_learning_rate_D': -2.955715038232653, 'training_batch_size': 8, 'training_p': 8}
	 epoch  0 training error:  tensor(1.0000, device='cuda:0', grad_fn=<DivBackward0>)
Memory status after this epoch: 
Memory allocated:  7.9609375
Memory cached:  10.0
	 epoch  10 training error:  tensor(0.9762, device='cuda:0', grad_fn=<DivBackward0>)
Memory status after this epoch: 
Memory allocated:  7.9609375
Memory cached:  10.0
	 epoch  20 training error:  tensor(0.4837, device='cuda:0', grad_fn=<DivBackward0>)
Memory status after this epoch: 
Memory allocated:  7.9609375
Memory cached:  10.0
	 epoch  30 training error:  tensor(0.3386, device='cuda:0', grad_fn=<DivBackward0>)
Memory status after this epoch: 
Memory allocated:  7.9609375
Memory cached:  10.0
	 epoch  40 training error:  tensor(0.2650, device='cuda:0', grad_fn=<DivBackward0>)
Memory status after this epoch: 
Memory allocated:  7.9609375
Memory cached:  10.0
	 epoch  50 training error:  tensor(0.2700, device='cuda:0', grad_fn=<DivBackward0>)
Memory status after this epoch: 
Memory allocated:  7.9609375
Memory cached:  10.0
	 epoch  60 training error:  tensor(0.2635, device='cuda:0', grad_fn=<DivBackward0>)
Memory status after this epoch: 
Memory allocated:  7.9609375
Memory cached:  10.0
	 epoch  70 training error:  tensor(0.2596, device='cuda:0', grad_fn=<DivBackward0>)
Memory status after this epoch: 
Memory allocated:  7.9609375
Memory cached:  10.0
	 epoch  80 training error:  tensor(0.2598, device='cuda:0', grad_fn=<DivBackward0>)
Memory status after this epoch: 
Memory allocated:  7.9609375
Memory cached:  10.0
	 epoch  90 training error:  tensor(0.2593, device='cuda:0', grad_fn=<DivBackward0>)
Memory status after this epoch: 
Memory allocated:  7.9609375
Memory cached:  10.0
