[I 2023-11-01 10:48:45,722] Trial 40 finished with value: 0.22968201339244843 and parameters: {'W_layers': 4, 'W_layer_units_exponent_0': 8, 'W_layer_units_exponent_1': 7, 'W_layer_units_exponent_2': 6, 'W_layer_units_exponent_3': 7, 'D_layers': 5, 'D_layer_units_exponent_0': 5, 'D_layer_units_exponent_1': 6, 'D_layer_units_exponent_2': 5, 'D_layer_units_exponent_3': 6, 'D_layer_units_exponent_4': 10, 'log_learning_rate': -3.3583252947439663, 'log_learning_rate_D': -3.028868763462479, 'training_batch_size': 11, 'training_p': 8}. Best is trial 32 with value: 0.22297091782093048.
Time for this trial:  14.34635591506958
Memory status after this trial: 
Memory allocated:  31.27197265625
Memory cached:  40.0
--------------------  Trial  41   --------------------
Start timing: 
Parameters: 
{'W_layers': 7, 'W_layer_units_exponent_0': 4, 'W_layer_units_exponent_1': 4, 'W_layer_units_exponent_2': 5, 'W_layer_units_exponent_3': 4, 'W_layer_units_exponent_4': 6, 'W_layer_units_exponent_5': 9, 'W_layer_units_exponent_6': 5, 'D_layers': 5, 'D_layer_units_exponent_0': 4, 'D_layer_units_exponent_1': 4, 'D_layer_units_exponent_2': 4, 'D_layer_units_exponent_3': 9, 'D_layer_units_exponent_4': 10, 'log_learning_rate': -3.1968138693753163, 'log_learning_rate_D': -2.3546301775930263, 'training_batch_size': 6, 'training_p': 8}
	 epoch  0 training error:  tensor(0.9751, device='cuda:0', grad_fn=<DivBackward0>)
Memory status after this epoch: 
Memory allocated:  2.923828125
Memory cached:  26.0
	 epoch  10 training error:  tensor(0.2957, device='cuda:0', grad_fn=<DivBackward0>)
Memory status after this epoch: 
Memory allocated:  2.923828125
Memory cached:  26.0
	 epoch  20 training error:  tensor(0.2607, device='cuda:0', grad_fn=<DivBackward0>)
Memory status after this epoch: 
Memory allocated:  2.923828125
Memory cached:  26.0
	 epoch  30 training error:  tensor(0.2605, device='cuda:0', grad_fn=<DivBackward0>)
Memory status after this epoch: 
Memory allocated:  2.923828125
Memory cached:  26.0
	 epoch  40 training error:  tensor(0.2603, device='cuda:0', grad_fn=<DivBackward0>)
Memory status after this epoch: 
Memory allocated:  2.923828125
Memory cached:  28.0
	 epoch  50 training error:  tensor(0.2608, device='cuda:0', grad_fn=<DivBackward0>)
Memory status after this epoch: 
Memory allocated:  2.923828125
Memory cached:  26.0
	 epoch  60 training error:  tensor(0.2605, device='cuda:0', grad_fn=<DivBackward0>)
Memory status after this epoch: 
Memory allocated:  2.923828125
Memory cached:  28.0
	 epoch  70 training error:  tensor(0.2607, device='cuda:0', grad_fn=<DivBackward0>)
Memory status after this epoch: 
Memory allocated:  2.923828125
Memory cached:  26.0
	 epoch  80 training error:  tensor(0.2603, device='cuda:0', grad_fn=<DivBackward0>)
Memory status after this epoch: 
Memory allocated:  2.923828125
Memory cached:  26.0
	 epoch  90 training error:  tensor(0.2609, device='cuda:0', grad_fn=<DivBackward0>)
Memory status after this epoch: 
Memory allocated:  2.923828125
Memory cached:  26.0
[I 2023-11-01 10:49:03,404] Trial 41 finished with value: 0.22696690261363983 and parameters: {'W_layers': 7, 'W_layer_units_exponent_0': 4, 'W_layer_units_exponent_1': 4, 'W_layer_units_exponent_2': 5, 'W_layer_units_exponent_3': 4, 'W_layer_units_exponent_4': 6, 'W_layer_units_exponent_5': 9, 'W_layer_units_exponent_6': 5, 'D_layers': 5, 'D_layer_units_exponent_0': 4, 'D_layer_units_exponent_1': 4, 'D_layer_units_exponent_2': 4, 'D_layer_units_exponent_3': 9, 'D_layer_units_exponent_4': 10, 'log_learning_rate': -3.1968138693753163, 'log_learning_rate_D': -2.3546301775930263, 'training_batch_size': 6, 'training_p': 8}. Best is trial 32 with value: 0.22297091782093048.
Time for this trial:  17.41771650314331
Memory status after this trial: 
Memory allocated:  37.27490234375
Memory cached:  52.0
--------------------  Trial  42   --------------------
Start timing: 
Parameters: 
{'W_layers': 7, 'W_layer_units_exponent_0': 4, 'W_layer_units_exponent_1': 4, 'W_layer_units_exponent_2': 5, 'W_layer_units_exponent_3': 4, 'W_layer_units_exponent_4': 6, 'W_layer_units_exponent_5': 10, 'W_layer_units_exponent_6': 6, 'D_layers': 5, 'D_layer_units_exponent_0': 4, 'D_layer_units_exponent_1': 4, 'D_layer_units_exponent_2': 4, 'D_layer_units_exponent_3': 9, 'D_layer_units_exponent_4': 10, 'log_learning_rate': -2.610850996172032, 'log_learning_rate_D': -2.231885571208121, 'training_batch_size': 6, 'training_p': 8}
	 epoch  0 training error:  tensor(0.9385, device='cuda:0', grad_fn=<DivBackward0>)
Memory status after this epoch: 
Memory allocated:  4.181640625
Memory cached:  28.0
	 epoch  10 training error:  tensor(0.2877, device='cuda:0', grad_fn=<DivBackward0>)
Memory status after this epoch: 
Memory allocated:  4.181640625
Memory cached:  28.0
	 epoch  20 training error:  tensor(0.2623, device='cuda:0', grad_fn=<DivBackward0>)
Memory status after this epoch: 
Memory allocated:  4.181640625
Memory cached:  28.0
	 epoch  30 training error:  tensor(0.2621, device='cuda:0', grad_fn=<DivBackward0>)
Memory status after this epoch: 
Memory allocated:  4.181640625
Memory cached:  28.0
	 epoch  40 training error:  tensor(0.2605, device='cuda:0', grad_fn=<DivBackward0>)
Memory status after this epoch: 
Memory allocated:  4.181640625
Memory cached:  28.0
	 epoch  50 training error:  tensor(0.2631, device='cuda:0', grad_fn=<DivBackward0>)
Memory status after this epoch: 
Memory allocated:  4.181640625
Memory cached:  28.0
	 epoch  60 training error:  tensor(0.2689, device='cuda:0', grad_fn=<DivBackward0>)
Memory status after this epoch: 
Memory allocated:  4.181640625
Memory cached:  28.0
	 epoch  70 training error:  tensor(0.2656, device='cuda:0', grad_fn=<DivBackward0>)
Memory status after this epoch: 
Memory allocated:  4.181640625
Memory cached:  28.0
	 epoch  80 training error:  tensor(0.2664, device='cuda:0', grad_fn=<DivBackward0>)
Memory status after this epoch: 
Memory allocated:  4.181640625
Memory cached:  28.0
	 epoch  90 training error:  tensor(0.2647, device='cuda:0', grad_fn=<DivBackward0>)
Memory status after this epoch: 
Memory allocated:  4.181640625
Memory cached:  28.0
[I 2023-11-01 10:49:21,684] Trial 42 finished with value: 0.22383205592632294 and parameters: {'W_layers': 7, 'W_layer_units_exponent_0': 4, 'W_layer_units_exponent_1': 4, 'W_layer_units_exponent_2': 5, 'W_layer_units_exponent_3': 4, 'W_layer_units_exponent_4': 6, 'W_layer_units_exponent_5': 10, 'W_layer_units_exponent_6': 6, 'D_layers': 5, 'D_layer_units_exponent_0': 4, 'D_layer_units_exponent_1': 4, 'D_layer_units_exponent_2': 4, 'D_layer_units_exponent_3': 9, 'D_layer_units_exponent_4': 10, 'log_learning_rate': -2.610850996172032, 'log_learning_rate_D': -2.231885571208121, 'training_batch_size': 6, 'training_p': 8}. Best is trial 32 with value: 0.22297091782093048.
Time for this trial:  18.063440799713135
Memory status after this trial: 
Memory allocated:  66.95654296875
Memory cached:  94.0
--------------------  Trial  43   --------------------
Start timing: 
Parameters: 
{'W_layers': 7, 'W_layer_units_exponent_0': 4, 'W_layer_units_exponent_1': 4, 'W_layer_units_exponent_2': 5, 'W_layer_units_exponent_3': 4, 'W_layer_units_exponent_4': 5, 'W_layer_units_exponent_5': 10, 'W_layer_units_exponent_6': 6, 'D_layers': 5, 'D_layer_units_exponent_0': 4, 'D_layer_units_exponent_1': 4, 'D_layer_units_exponent_2': 4, 'D_layer_units_exponent_3': 9, 'D_layer_units_exponent_4': 9, 'log_learning_rate': -2.8229049749221065, 'log_learning_rate_D': -1.8384629701152355, 'training_batch_size': 7, 'training_p': 7}
	 epoch  0 training error:  tensor(0.9963, device='cuda:0', grad_fn=<DivBackward0>)
Memory status after this epoch: 
Memory allocated:  2.6943359375
Memory cached:  8.0
	 epoch  10 training error:  tensor(0.4267, device='cuda:0', grad_fn=<DivBackward0>)
Memory status after this epoch: 
Memory allocated:  2.6943359375
Memory cached:  12.0
	 epoch  20 training error:  tensor(0.3121, device='cuda:0', grad_fn=<DivBackward0>)
Memory status after this epoch: 
Memory allocated:  2.6943359375
Memory cached:  12.0
	 epoch  30 training error:  tensor(0.2799, device='cuda:0', grad_fn=<DivBackward0>)
Memory status after this epoch: 
Memory allocated:  2.6943359375
Memory cached:  12.0
	 epoch  40 training error:  tensor(0.2664, device='cuda:0', grad_fn=<DivBackward0>)
Memory status after this epoch: 
Memory allocated:  2.6943359375
Memory cached:  12.0
	 epoch  50 training error:  tensor(0.2594, device='cuda:0', grad_fn=<DivBackward0>)
Memory status after this epoch: 
Memory allocated:  2.6943359375
Memory cached:  12.0
	 epoch  60 training error:  tensor(0.2601, device='cuda:0', grad_fn=<DivBackward0>)
Memory status after this epoch: 
Memory allocated:  2.6943359375
Memory cached:  12.0
	 epoch  70 training error:  tensor(0.2592, device='cuda:0', grad_fn=<DivBackward0>)
Memory status after this epoch: 
Memory allocated:  2.6943359375
Memory cached:  12.0
	 epoch  80 training error:  tensor(0.2593, device='cuda:0', grad_fn=<DivBackward0>)
Memory status after this epoch: 
Memory allocated:  2.6943359375
Memory cached:  12.0
	 epoch  90 training error:  tensor(0.2592, device='cuda:0', grad_fn=<DivBackward0>)
Memory status after this epoch: 
Memory allocated:  2.6943359375
Memory cached:  12.0
[I 2023-11-01 10:49:37,905] Trial 43 finished with value: 0.22953703999519348 and parameters: {'W_layers': 7, 'W_layer_units_exponent_0': 4, 'W_layer_units_exponent_1': 4, 'W_layer_units_exponent_2': 5, 'W_layer_units_exponent_3': 4, 'W_layer_units_exponent_4': 5, 'W_layer_units_exponent_5': 10, 'W_layer_units_exponent_6': 6, 'D_layers': 5, 'D_layer_units_exponent_0': 4, 'D_layer_units_exponent_1': 4, 'D_layer_units_exponent_2': 4, 'D_layer_units_exponent_3': 9, 'D_layer_units_exponent_4': 9, 'log_learning_rate': -2.8229049749221065, 'log_learning_rate_D': -1.8384629701152355, 'training_batch_size': 7, 'training_p': 7}. Best is trial 32 with value: 0.22297091782093048.
Time for this trial:  16.015779972076416
Memory status after this trial: 
Memory allocated:  64.99365234375
Memory cached:  94.0
--------------------  Trial  44   --------------------
Start timing: 
Parameters: 
{'W_layers': 8, 'W_layer_units_exponent_0': 4, 'W_layer_units_exponent_1': 5, 'W_layer_units_exponent_2': 6, 'W_layer_units_exponent_3': 4, 'W_layer_units_exponent_4': 7, 'W_layer_units_exponent_5': 10, 'W_layer_units_exponent_6': 6, 'W_layer_units_exponent_7': 9, 'D_layers': 6, 'D_layer_units_exponent_0': 4, 'D_layer_units_exponent_1': 4, 'D_layer_units_exponent_2': 6, 'D_layer_units_exponent_3': 7, 'D_layer_units_exponent_4': 10, 'D_layer_units_exponent_5': 6, 'log_learning_rate': -2.6387649810337006, 'log_learning_rate_D': -2.595460103311484, 'training_batch_size': 6, 'training_p': 8}
	 epoch  0 training error:  tensor(0.9183, device='cuda:0', grad_fn=<DivBackward0>)
Memory status after this epoch: 
Memory allocated:  4.49462890625
Memory cached:  10.0
	 epoch  10 training error:  tensor(0.6363, device='cuda:0', grad_fn=<DivBackward0>)
Memory status after this epoch: 
Memory allocated:  4.49462890625
Memory cached:  10.0
	 epoch  20 training error:  tensor(0.4190, device='cuda:0', grad_fn=<DivBackward0>)
Memory status after this epoch: 
Memory allocated:  4.49462890625
Memory cached:  10.0
	 epoch  30 training error:  tensor(0.3537, device='cuda:0', grad_fn=<DivBackward0>)
Memory status after this epoch: 
Memory allocated:  4.49462890625
Memory cached:  10.0
	 epoch  40 training error:  tensor(0.2621, device='cuda:0', grad_fn=<DivBackward0>)
Memory status after this epoch: 
Memory allocated:  4.49462890625
Memory cached:  10.0
	 epoch  50 training error:  tensor(0.2609, device='cuda:0', grad_fn=<DivBackward0>)
Memory status after this epoch: 
Memory allocated:  4.49462890625
Memory cached:  10.0
	 epoch  60 training error:  tensor(0.2646, device='cuda:0', grad_fn=<DivBackward0>)
Memory status after this epoch: 
Memory allocated:  4.49462890625
Memory cached:  10.0
	 epoch  70 training error:  tensor(0.2607, device='cuda:0', grad_fn=<DivBackward0>)
Memory status after this epoch: 
Memory allocated:  4.49462890625
Memory cached:  10.0
	 epoch  80 training error:  tensor(0.2679, device='cuda:0', grad_fn=<DivBackward0>)
Memory status after this epoch: 
Memory allocated:  4.49462890625
Memory cached:  10.0
	 epoch  90 training error:  tensor(0.2609, device='cuda:0', grad_fn=<DivBackward0>)
Memory status after this epoch: 
Memory allocated:  4.49462890625
Memory cached:  10.0
[I 2023-11-01 10:49:57,379] Trial 44 finished with value: 0.22931928932666779 and parameters: {'W_layers': 8, 'W_layer_units_exponent_0': 4, 'W_layer_units_exponent_1': 5, 'W_layer_units_exponent_2': 6, 'W_layer_units_exponent_3': 4, 'W_layer_units_exponent_4': 7, 'W_layer_units_exponent_5': 10, 'W_layer_units_exponent_6': 6, 'W_layer_units_exponent_7': 9, 'D_layers': 6, 'D_layer_units_exponent_0': 4, 'D_layer_units_exponent_1': 4, 'D_layer_units_exponent_2': 6, 'D_layer_units_exponent_3': 7, 'D_layer_units_exponent_4': 10, 'D_layer_units_exponent_5': 6, 'log_learning_rate': -2.6387649810337006, 'log_learning_rate_D': -2.595460103311484, 'training_batch_size': 6, 'training_p': 8}. Best is trial 32 with value: 0.22297091782093048.
Time for this trial:  19.24679470062256
Memory status after this trial: 
Memory allocated:  102.47021484375
Memory cached:  124.0
--------------------  Trial  45   --------------------
Start timing: 
Parameters: 
{'W_layers': 6, 'W_layer_units_exponent_0': 5, 'W_layer_units_exponent_1': 4, 'W_layer_units_exponent_2': 4, 'W_layer_units_exponent_3': 9, 'W_layer_units_exponent_4': 6, 'W_layer_units_exponent_5': 9, 'D_layers': 4, 'D_layer_units_exponent_0': 5, 'D_layer_units_exponent_1': 4, 'D_layer_units_exponent_2': 5, 'D_layer_units_exponent_3': 10, 'log_learning_rate': -3.0367432421069274, 'log_learning_rate_D': -2.1426334296007186, 'training_batch_size': 6, 'training_p': 8}
	 epoch  0 training error:  tensor(0.8928, device='cuda:0', grad_fn=<DivBackward0>)
Memory status after this epoch: 
Memory allocated:  1.37890625
Memory cached:  10.0
	 epoch  10 training error:  tensor(0.3221, device='cuda:0', grad_fn=<DivBackward0>)
Memory status after this epoch: 
Memory allocated:  1.37890625
Memory cached:  10.0
	 epoch  20 training error:  tensor(0.2746, device='cuda:0', grad_fn=<DivBackward0>)
Memory status after this epoch: 
Memory allocated:  1.37890625
Memory cached:  10.0
	 epoch  30 training error:  tensor(0.2604, device='cuda:0', grad_fn=<DivBackward0>)
Memory status after this epoch: 
Memory allocated:  1.37890625
Memory cached:  10.0
	 epoch  40 training error:  tensor(0.2604, device='cuda:0', grad_fn=<DivBackward0>)
Memory status after this epoch: 
Memory allocated:  1.37890625
Memory cached:  10.0
	 epoch  50 training error:  tensor(0.2605, device='cuda:0', grad_fn=<DivBackward0>)
Memory status after this epoch: 
Memory allocated:  1.37890625
Memory cached:  10.0
	 epoch  60 training error:  tensor(0.2606, device='cuda:0', grad_fn=<DivBackward0>)
Memory status after this epoch: 
Memory allocated:  1.37890625
Memory cached:  10.0
	 epoch  70 training error:  tensor(0.2614, device='cuda:0', grad_fn=<DivBackward0>)
Memory status after this epoch: 
Memory allocated:  1.37890625
Memory cached:  10.0
	 epoch  80 training error:  tensor(0.2614, device='cuda:0', grad_fn=<DivBackward0>)
Memory status after this epoch: 
Memory allocated:  1.37890625
Memory cached:  10.0
	 epoch  90 training error:  tensor(0.2616, device='cuda:0', grad_fn=<DivBackward0>)
Memory status after this epoch: 
Memory allocated:  1.37890625
Memory cached:  10.0
[I 2023-11-01 10:50:15,033] Trial 45 finished with value: 0.22309322655200958 and parameters: {'W_layers': 6, 'W_layer_units_exponent_0': 5, 'W_layer_units_exponent_1': 4, 'W_layer_units_exponent_2': 4, 'W_layer_units_exponent_3': 9, 'W_layer_units_exponent_4': 6, 'W_layer_units_exponent_5': 9, 'D_layers': 4, 'D_layer_units_exponent_0': 5, 'D_layer_units_exponent_1': 4, 'D_layer_units_exponent_2': 5, 'D_layer_units_exponent_3': 10, 'log_learning_rate': -3.0367432421069274, 'log_learning_rate_D': -2.1426334296007186, 'training_batch_size': 6, 'training_p': 8}. Best is trial 32 with value: 0.22297091782093048.
Time for this trial:  17.462315559387207
Memory status after this trial: 
Memory allocated:  63.17333984375
Memory cached:  70.0
--------------------  Trial  46   --------------------
Start timing: 
Parameters: 
{'W_layers': 6, 'W_layer_units_exponent_0': 5, 'W_layer_units_exponent_1': 5, 'W_layer_units_exponent_2': 4, 'W_layer_units_exponent_3': 9, 'W_layer_units_exponent_4': 6, 'W_layer_units_exponent_5': 10, 'D_layers': 4, 'D_layer_units_exponent_0': 4, 'D_layer_units_exponent_1': 5, 'D_layer_units_exponent_2': 4, 'D_layer_units_exponent_3': 10, 'log_learning_rate': -2.308757923058446, 'log_learning_rate_D': -1.621251980699188, 'training_batch_size': 6, 'training_p': 7}
	 epoch  0 training error:  tensor(0.9713, device='cuda:0', grad_fn=<DivBackward0>)
Memory status after this epoch: 
Memory allocated:  1.84375
Memory cached:  8.0
	 epoch  10 training error:  tensor(0.4632, device='cuda:0', grad_fn=<DivBackward0>)
Memory status after this epoch: 
Memory allocated:  1.84375
Memory cached:  8.0
	 epoch  20 training error:  tensor(0.2908, device='cuda:0', grad_fn=<DivBackward0>)
Memory status after this epoch: 
Memory allocated:  1.84375
Memory cached:  8.0
	 epoch  30 training error:  tensor(0.2624, device='cuda:0', grad_fn=<DivBackward0>)
Memory status after this epoch: 
Memory allocated:  1.84375
Memory cached:  8.0
	 epoch  40 training error:  tensor(0.2979, device='cuda:0', grad_fn=<DivBackward0>)
Memory status after this epoch: 
Memory allocated:  1.84375
Memory cached:  8.0
	 epoch  50 training error:  tensor(0.2786, device='cuda:0', grad_fn=<DivBackward0>)
Memory status after this epoch: 
Memory allocated:  1.84375
Memory cached:  8.0
	 epoch  60 training error:  tensor(0.2787, device='cuda:0', grad_fn=<DivBackward0>)
Memory status after this epoch: 
Memory allocated:  1.84375
Memory cached:  8.0
	 epoch  70 training error:  tensor(0.3009, device='cuda:0', grad_fn=<DivBackward0>)
Memory status after this epoch: 
Memory allocated:  1.84375
Memory cached:  8.0
	 epoch  80 training error:  tensor(0.2843, device='cuda:0', grad_fn=<DivBackward0>)
Memory status after this epoch: 
Memory allocated:  1.84375
Memory cached:  8.0
	 epoch  90 training error:  tensor(0.2609, device='cuda:0', grad_fn=<DivBackward0>)
Memory status after this epoch: 
Memory allocated:  1.84375
Memory cached:  8.0
[I 2023-11-01 10:50:33,731] Trial 46 finished with value: 0.22694960236549377 and parameters: {'W_layers': 6, 'W_layer_units_exponent_0': 5, 'W_layer_units_exponent_1': 5, 'W_layer_units_exponent_2': 4, 'W_layer_units_exponent_3': 9, 'W_layer_units_exponent_4': 6, 'W_layer_units_exponent_5': 10, 'D_layers': 4, 'D_layer_units_exponent_0': 4, 'D_layer_units_exponent_1': 5, 'D_layer_units_exponent_2': 4, 'D_layer_units_exponent_3': 10, 'log_learning_rate': -2.308757923058446, 'log_learning_rate_D': -1.621251980699188, 'training_batch_size': 6, 'training_p': 7}. Best is trial 32 with value: 0.22297091782093048.
Time for this trial:  18.495136260986328
Memory status after this trial: 
Memory allocated:  92.57275390625
Memory cached:  106.0
--------------------  Trial  47   --------------------
Start timing: 
Parameters: 
{'W_layers': 6, 'W_layer_units_exponent_0': 6, 'W_layer_units_exponent_1': 9, 'W_layer_units_exponent_2': 4, 'W_layer_units_exponent_3': 9, 'W_layer_units_exponent_4': 6, 'W_layer_units_exponent_5': 8, 'D_layers': 3, 'D_layer_units_exponent_0': 5, 'D_layer_units_exponent_1': 8, 'D_layer_units_exponent_2': 5, 'log_learning_rate': -3.0431219323768937, 'log_learning_rate_D': -2.1631099556734967, 'training_batch_size': 7, 'training_p': 3}
	 epoch  0 training error:  tensor(0.9888, device='cuda:0', grad_fn=<DivBackward0>)
Memory status after this epoch: 
Memory allocated:  1.69140625
Memory cached:  6.0
	 epoch  10 training error:  tensor(0.2570, device='cuda:0', grad_fn=<DivBackward0>)
Memory status after this epoch: 
Memory allocated:  1.69140625
Memory cached:  6.0
	 epoch  20 training error:  tensor(0.2516, device='cuda:0', grad_fn=<DivBackward0>)
Memory status after this epoch: 
Memory allocated:  1.69140625
Memory cached:  6.0
	 epoch  30 training error:  tensor(0.2511, device='cuda:0', grad_fn=<DivBackward0>)
Memory status after this epoch: 
Memory allocated:  1.69140625
Memory cached:  6.0
	 epoch  40 training error:  tensor(0.2491, device='cuda:0', grad_fn=<DivBackward0>)
Memory status after this epoch: 
Memory allocated:  1.69140625
Memory cached:  6.0
	 epoch  50 training error:  tensor(0.2469, device='cuda:0', grad_fn=<DivBackward0>)
Memory status after this epoch: 
Memory allocated:  1.69140625
Memory cached:  6.0
	 epoch  60 training error:  tensor(0.2472, device='cuda:0', grad_fn=<DivBackward0>)
Memory status after this epoch: 
Memory allocated:  1.69140625
Memory cached:  6.0
	 epoch  70 training error:  tensor(0.2470, device='cuda:0', grad_fn=<DivBackward0>)
Memory status after this epoch: 
Memory allocated:  1.69140625
Memory cached:  6.0
	 epoch  80 training error:  tensor(0.2470, device='cuda:0', grad_fn=<DivBackward0>)
Memory status after this epoch: 
Memory allocated:  1.69140625
Memory cached:  6.0
	 epoch  90 training error:  tensor(0.2469, device='cuda:0', grad_fn=<DivBackward0>)
Memory status after this epoch: 
Memory allocated:  1.69140625
Memory cached:  6.0
