[I 2023-11-07 16:33:55,348] Trial 21 finished with value: 0.013987417332828045 and parameters: {'W_layers': 4, 'W_layer_units_exponent_0': 7, 'W_layer_units_exponent_1': 5, 'W_layer_units_exponent_2': 5, 'W_layer_units_exponent_3': 9, 'D_layers': 4, 'D_layer_units_exponent_0': 6, 'D_layer_units_exponent_1': 8, 'D_layer_units_exponent_2': 8, 'D_layer_units_exponent_3': 7, 'D_dagger_layers': 5, 'D_dagger_layer_units_exponent_0': 6, 'D_dagger_layer_units_exponent_1': 6, 'D_dagger_layer_units_exponent_2': 8, 'D_dagger_layer_units_exponent_3': 5, 'D_dagger_layer_units_exponent_4': 6, 'log_learning_rate': -3.675298873951569, 'log_learning_rate_D': -2.7371732788243484, 'log_learning_rate_D_dagger': -4.358592408958906, 'training_batch_size': 7, 'training_p': 4}. Best is trial 21 with value: 0.013987417332828045.
Time for this trial:  178.35357308387756
Memory status after this trial: 
Memory allocated:  102.74853515625
Memory cached:  106.0
--------------------  Trial  22   --------------------
Start timing: 
Parameters: 
{'W_layers': 4, 'W_layer_units_exponent_0': 6, 'W_layer_units_exponent_1': 5, 'W_layer_units_exponent_2': 4, 'W_layer_units_exponent_3': 9, 'D_layers': 4, 'D_layer_units_exponent_0': 5, 'D_layer_units_exponent_1': 8, 'D_layer_units_exponent_2': 8, 'D_layer_units_exponent_3': 7, 'D_dagger_layers': 5, 'D_dagger_layer_units_exponent_0': 6, 'D_dagger_layer_units_exponent_1': 5, 'D_dagger_layer_units_exponent_2': 7, 'D_dagger_layer_units_exponent_3': 4, 'D_dagger_layer_units_exponent_4': 6, 'log_learning_rate': -3.5430751837689023, 'log_learning_rate_D': -2.683516799121957, 'log_learning_rate_D_dagger': -4.6442810625132385, 'training_batch_size': 7, 'training_p': 3}
	 epoch  0 training error:  tensor(0.9658, device='cuda:0', grad_fn=<DivBackward0>)
Memory status after this epoch: 
Memory allocated:  2.10009765625
Memory cached:  96.0
	 epoch  10 training error:  tensor(0.6047, device='cuda:0', grad_fn=<DivBackward0>)
Memory status after this epoch: 
Memory allocated:  2.10009765625
Memory cached:  128.0
	 epoch  20 training error:  tensor(0.0313, device='cuda:0', grad_fn=<DivBackward0>)
Memory status after this epoch: 
Memory allocated:  2.10009765625
Memory cached:  124.0
	 epoch  30 training error:  tensor(0.0567, device='cuda:0', grad_fn=<DivBackward0>)
Memory status after this epoch: 
Memory allocated:  2.10009765625
Memory cached:  126.0
	 epoch  40 training error:  tensor(0.0283, device='cuda:0', grad_fn=<DivBackward0>)
Memory status after this epoch: 
Memory allocated:  2.10009765625
Memory cached:  130.0
	 epoch  50 training error:  tensor(0.0282, device='cuda:0', grad_fn=<DivBackward0>)
Memory status after this epoch: 
Memory allocated:  2.10009765625
Memory cached:  132.0
	 epoch  60 training error:  tensor(0.0264, device='cuda:0', grad_fn=<DivBackward0>)
Memory status after this epoch: 
Memory allocated:  2.10009765625
Memory cached:  128.0
	 epoch  70 training error:  tensor(0.0252, device='cuda:0', grad_fn=<DivBackward0>)
Memory status after this epoch: 
Memory allocated:  2.10009765625
Memory cached:  126.0
	 epoch  80 training error:  tensor(0.0241, device='cuda:0', grad_fn=<DivBackward0>)
Memory status after this epoch: 
Memory allocated:  2.10009765625
Memory cached:  132.0
	 epoch  90 training error:  tensor(0.0229, device='cuda:0', grad_fn=<DivBackward0>)
Memory status after this epoch: 
Memory allocated:  2.10009765625
Memory cached:  126.0
[I 2023-11-07 16:36:50,825] Trial 22 finished with value: 0.019618479534983635 and parameters: {'W_layers': 4, 'W_layer_units_exponent_0': 6, 'W_layer_units_exponent_1': 5, 'W_layer_units_exponent_2': 4, 'W_layer_units_exponent_3': 9, 'D_layers': 4, 'D_layer_units_exponent_0': 5, 'D_layer_units_exponent_1': 8, 'D_layer_units_exponent_2': 8, 'D_layer_units_exponent_3': 7, 'D_dagger_layers': 5, 'D_dagger_layer_units_exponent_0': 6, 'D_dagger_layer_units_exponent_1': 5, 'D_dagger_layer_units_exponent_2': 7, 'D_dagger_layer_units_exponent_3': 4, 'D_dagger_layer_units_exponent_4': 6, 'log_learning_rate': -3.5430751837689023, 'log_learning_rate_D': -2.683516799121957, 'log_learning_rate_D_dagger': -4.6442810625132385, 'training_batch_size': 7, 'training_p': 3}. Best is trial 21 with value: 0.013987417332828045.
Time for this trial:  175.24062585830688
Memory status after this trial: 
Memory allocated:  87.416015625
Memory cached:  106.0
--------------------  Trial  23   --------------------
Start timing: 
Parameters: 
{'W_layers': 3, 'W_layer_units_exponent_0': 7, 'W_layer_units_exponent_1': 5, 'W_layer_units_exponent_2': 5, 'D_layers': 5, 'D_layer_units_exponent_0': 6, 'D_layer_units_exponent_1': 9, 'D_layer_units_exponent_2': 8, 'D_layer_units_exponent_3': 6, 'D_layer_units_exponent_4': 7, 'D_dagger_layers': 5, 'D_dagger_layer_units_exponent_0': 7, 'D_dagger_layer_units_exponent_1': 7, 'D_dagger_layer_units_exponent_2': 8, 'D_dagger_layer_units_exponent_3': 5, 'D_dagger_layer_units_exponent_4': 5, 'log_learning_rate': -3.5429610588789924, 'log_learning_rate_D': -3.027151994777332, 'log_learning_rate_D_dagger': -4.238647689967631, 'training_batch_size': 7, 'training_p': 4}
	 epoch  0 training error:  tensor(0.8787, device='cuda:0', grad_fn=<DivBackward0>)
Memory status after this epoch: 
Memory allocated:  4.01025390625
Memory cached:  92.0
	 epoch  10 training error:  tensor(0.2527, device='cuda:0', grad_fn=<DivBackward0>)
Memory status after this epoch: 
Memory allocated:  4.01025390625
Memory cached:  116.0
	 epoch  20 training error:  tensor(0.1393, device='cuda:0', grad_fn=<DivBackward0>)
Memory status after this epoch: 
Memory allocated:  4.01025390625
Memory cached:  116.0
	 epoch  30 training error:  tensor(0.0662, device='cuda:0', grad_fn=<DivBackward0>)
Memory status after this epoch: 
Memory allocated:  4.01025390625
Memory cached:  116.0
	 epoch  40 training error:  tensor(0.0215, device='cuda:0', grad_fn=<DivBackward0>)
Memory status after this epoch: 
Memory allocated:  4.01025390625
Memory cached:  114.0
	 epoch  50 training error:  tensor(0.0256, device='cuda:0', grad_fn=<DivBackward0>)
Memory status after this epoch: 
Memory allocated:  4.01025390625
Memory cached:  114.0
	 epoch  60 training error:  tensor(0.0225, device='cuda:0', grad_fn=<DivBackward0>)
Memory status after this epoch: 
Memory allocated:  4.01025390625
Memory cached:  114.0
	 epoch  70 training error:  tensor(0.0207, device='cuda:0', grad_fn=<DivBackward0>)
Memory status after this epoch: 
Memory allocated:  4.01025390625
Memory cached:  116.0
	 epoch  80 training error:  tensor(0.0205, device='cuda:0', grad_fn=<DivBackward0>)
Memory status after this epoch: 
Memory allocated:  4.01025390625
Memory cached:  112.0
	 epoch  90 training error:  tensor(0.0206, device='cuda:0', grad_fn=<DivBackward0>)
Memory status after this epoch: 
Memory allocated:  4.01025390625
Memory cached:  114.0
[I 2023-11-07 16:39:48,831] Trial 23 finished with value: 0.01407099049538374 and parameters: {'W_layers': 3, 'W_layer_units_exponent_0': 7, 'W_layer_units_exponent_1': 5, 'W_layer_units_exponent_2': 5, 'D_layers': 5, 'D_layer_units_exponent_0': 6, 'D_layer_units_exponent_1': 9, 'D_layer_units_exponent_2': 8, 'D_layer_units_exponent_3': 6, 'D_layer_units_exponent_4': 7, 'D_dagger_layers': 5, 'D_dagger_layer_units_exponent_0': 7, 'D_dagger_layer_units_exponent_1': 7, 'D_dagger_layer_units_exponent_2': 8, 'D_dagger_layer_units_exponent_3': 5, 'D_dagger_layer_units_exponent_4': 5, 'log_learning_rate': -3.5429610588789924, 'log_learning_rate_D': -3.027151994777332, 'log_learning_rate_D_dagger': -4.238647689967631, 'training_batch_size': 7, 'training_p': 4}. Best is trial 21 with value: 0.013987417332828045.
Time for this trial:  177.75459718704224
Memory status after this trial: 
Memory allocated:  98.09521484375
Memory cached:  106.0
--------------------  Trial  24   --------------------
Start timing: 
Parameters: 
{'W_layers': 3, 'W_layer_units_exponent_0': 7, 'W_layer_units_exponent_1': 5, 'W_layer_units_exponent_2': 6, 'D_layers': 5, 'D_layer_units_exponent_0': 4, 'D_layer_units_exponent_1': 9, 'D_layer_units_exponent_2': 9, 'D_layer_units_exponent_3': 6, 'D_layer_units_exponent_4': 7, 'D_dagger_layers': 5, 'D_dagger_layer_units_exponent_0': 7, 'D_dagger_layer_units_exponent_1': 7, 'D_dagger_layer_units_exponent_2': 8, 'D_dagger_layer_units_exponent_3': 5, 'D_dagger_layer_units_exponent_4': 5, 'log_learning_rate': -3.4765665628079225, 'log_learning_rate_D': -3.004276117556184, 'log_learning_rate_D_dagger': -4.711281168790424, 'training_batch_size': 6, 'training_p': 3}
	 epoch  0 training error:  tensor(1.0567, device='cuda:0', grad_fn=<DivBackward0>)
Memory status after this epoch: 
Memory allocated:  5.93017578125
Memory cached:  90.0
	 epoch  10 training error:  tensor(0.0375, device='cuda:0', grad_fn=<DivBackward0>)
Memory status after this epoch: 
Memory allocated:  5.93017578125
Memory cached:  106.0
	 epoch  20 training error:  tensor(0.0215, device='cuda:0', grad_fn=<DivBackward0>)
Memory status after this epoch: 
Memory allocated:  5.93017578125
Memory cached:  114.0
	 epoch  30 training error:  tensor(0.0194, device='cuda:0', grad_fn=<DivBackward0>)
Memory status after this epoch: 
Memory allocated:  5.93017578125
Memory cached:  112.0
	 epoch  40 training error:  tensor(0.0178, device='cuda:0', grad_fn=<DivBackward0>)
Memory status after this epoch: 
Memory allocated:  5.93017578125
Memory cached:  110.0
	 epoch  50 training error:  tensor(0.0175, device='cuda:0', grad_fn=<DivBackward0>)
Memory status after this epoch: 
Memory allocated:  5.93017578125
Memory cached:  108.0
	 epoch  60 training error:  tensor(0.0176, device='cuda:0', grad_fn=<DivBackward0>)
Memory status after this epoch: 
Memory allocated:  5.93017578125
Memory cached:  118.0
	 epoch  70 training error:  tensor(0.0175, device='cuda:0', grad_fn=<DivBackward0>)
Memory status after this epoch: 
Memory allocated:  5.93017578125
Memory cached:  106.0
	 epoch  80 training error:  tensor(0.0175, device='cuda:0', grad_fn=<DivBackward0>)
Memory status after this epoch: 
Memory allocated:  5.93017578125
Memory cached:  120.0
	 epoch  90 training error:  tensor(0.0175, device='cuda:0', grad_fn=<DivBackward0>)
Memory status after this epoch: 
Memory allocated:  5.93017578125
Memory cached:  116.0
[I 2023-11-07 16:45:23,757] Trial 24 finished with value: 0.013668633066117764 and parameters: {'W_layers': 3, 'W_layer_units_exponent_0': 7, 'W_layer_units_exponent_1': 5, 'W_layer_units_exponent_2': 6, 'D_layers': 5, 'D_layer_units_exponent_0': 4, 'D_layer_units_exponent_1': 9, 'D_layer_units_exponent_2': 9, 'D_layer_units_exponent_3': 6, 'D_layer_units_exponent_4': 7, 'D_dagger_layers': 5, 'D_dagger_layer_units_exponent_0': 7, 'D_dagger_layer_units_exponent_1': 7, 'D_dagger_layer_units_exponent_2': 8, 'D_dagger_layer_units_exponent_3': 5, 'D_dagger_layer_units_exponent_4': 5, 'log_learning_rate': -3.4765665628079225, 'log_learning_rate_D': -3.004276117556184, 'log_learning_rate_D_dagger': -4.711281168790424, 'training_batch_size': 6, 'training_p': 3}. Best is trial 24 with value: 0.013668633066117764.
Time for this trial:  334.6499128341675
Memory status after this trial: 
Memory allocated:  111.9677734375
Memory cached:  116.0
--------------------  Trial  25   --------------------
Start timing: 
Parameters: 
{'W_layers': 3, 'W_layer_units_exponent_0': 8, 'W_layer_units_exponent_1': 4, 'W_layer_units_exponent_2': 6, 'D_layers': 5, 'D_layer_units_exponent_0': 4, 'D_layer_units_exponent_1': 9, 'D_layer_units_exponent_2': 10, 'D_layer_units_exponent_3': 6, 'D_layer_units_exponent_4': 7, 'D_dagger_layers': 6, 'D_dagger_layer_units_exponent_0': 7, 'D_dagger_layer_units_exponent_1': 7, 'D_dagger_layer_units_exponent_2': 8, 'D_dagger_layer_units_exponent_3': 6, 'D_dagger_layer_units_exponent_4': 5, 'D_dagger_layer_units_exponent_5': 4, 'log_learning_rate': -2.940909916281023, 'log_learning_rate_D': -3.068169991747565, 'log_learning_rate_D_dagger': -4.909419170837384, 'training_batch_size': 6, 'training_p': 5}
	 epoch  0 training error:  tensor(1.1184, device='cuda:0', grad_fn=<DivBackward0>)
Memory status after this epoch: 
Memory allocated:  10.57861328125
Memory cached:  140.0
	 epoch  10 training error:  tensor(0.0550, device='cuda:0', grad_fn=<DivBackward0>)
Memory status after this epoch: 
Memory allocated:  10.57861328125
Memory cached:  140.0
	 epoch  20 training error:  tensor(0.0272, device='cuda:0', grad_fn=<DivBackward0>)
Memory status after this epoch: 
Memory allocated:  10.57861328125
Memory cached:  140.0
	 epoch  30 training error:  tensor(0.0233, device='cuda:0', grad_fn=<DivBackward0>)
Memory status after this epoch: 
Memory allocated:  10.57861328125
Memory cached:  146.0
	 epoch  40 training error:  tensor(0.0235, device='cuda:0', grad_fn=<DivBackward0>)
Memory status after this epoch: 
Memory allocated:  10.57861328125
Memory cached:  142.0
	 epoch  50 training error:  tensor(0.0235, device='cuda:0', grad_fn=<DivBackward0>)
Memory status after this epoch: 
Memory allocated:  10.57861328125
Memory cached:  136.0
	 epoch  60 training error:  tensor(0.0262, device='cuda:0', grad_fn=<DivBackward0>)
Memory status after this epoch: 
Memory allocated:  10.57861328125
Memory cached:  160.0
	 epoch  70 training error:  tensor(0.0249, device='cuda:0', grad_fn=<DivBackward0>)
Memory status after this epoch: 
Memory allocated:  10.57861328125
Memory cached:  136.0
	 epoch  80 training error:  tensor(0.0257, device='cuda:0', grad_fn=<DivBackward0>)
Memory status after this epoch: 
Memory allocated:  10.57861328125
Memory cached:  144.0
	 epoch  90 training error:  tensor(0.0277, device='cuda:0', grad_fn=<DivBackward0>)
Memory status after this epoch: 
Memory allocated:  10.57861328125
Memory cached:  140.0
[I 2023-11-07 16:51:18,144] Trial 25 finished with value: 0.017087072134017944 and parameters: {'W_layers': 3, 'W_layer_units_exponent_0': 8, 'W_layer_units_exponent_1': 4, 'W_layer_units_exponent_2': 6, 'D_layers': 5, 'D_layer_units_exponent_0': 4, 'D_layer_units_exponent_1': 9, 'D_layer_units_exponent_2': 10, 'D_layer_units_exponent_3': 6, 'D_layer_units_exponent_4': 7, 'D_dagger_layers': 6, 'D_dagger_layer_units_exponent_0': 7, 'D_dagger_layer_units_exponent_1': 7, 'D_dagger_layer_units_exponent_2': 8, 'D_dagger_layer_units_exponent_3': 6, 'D_dagger_layer_units_exponent_4': 5, 'D_dagger_layer_units_exponent_5': 4, 'log_learning_rate': -2.940909916281023, 'log_learning_rate_D': -3.068169991747565, 'log_learning_rate_D_dagger': -4.909419170837384, 'training_batch_size': 6, 'training_p': 5}. Best is trial 24 with value: 0.013668633066117764.
Time for this trial:  354.10870814323425
Memory status after this trial: 
Memory allocated:  150.2490234375
Memory cached:  168.0
--------------------  Trial  26   --------------------
Start timing: 
Parameters: 
{'W_layers': 3, 'W_layer_units_exponent_0': 9, 'W_layer_units_exponent_1': 7, 'W_layer_units_exponent_2': 6, 'D_layers': 5, 'D_layer_units_exponent_0': 4, 'D_layer_units_exponent_1': 9, 'D_layer_units_exponent_2': 9, 'D_layer_units_exponent_3': 6, 'D_layer_units_exponent_4': 7, 'D_dagger_layers': 7, 'D_dagger_layer_units_exponent_0': 7, 'D_dagger_layer_units_exponent_1': 7, 'D_dagger_layer_units_exponent_2': 9, 'D_dagger_layer_units_exponent_3': 6, 'D_dagger_layer_units_exponent_4': 5, 'D_dagger_layer_units_exponent_5': 10, 'D_dagger_layer_units_exponent_6': 4, 'log_learning_rate': -3.34646272709203, 'log_learning_rate_D': -3.4870344000272624, 'log_learning_rate_D_dagger': -4.027733621600514, 'training_batch_size': 6, 'training_p': 2}
	 epoch  0 training error:  tensor(1.0389, device='cuda:0', grad_fn=<DivBackward0>)
Memory status after this epoch: 
Memory allocated:  8.64111328125
Memory cached:  142.0
	 epoch  10 training error:  tensor(0.2177, device='cuda:0', grad_fn=<DivBackward0>)
Memory status after this epoch: 
Memory allocated:  8.64111328125
Memory cached:  170.0
	 epoch  20 training error:  tensor(0.0190, device='cuda:0', grad_fn=<DivBackward0>)
Memory status after this epoch: 
Memory allocated:  8.64111328125
Memory cached:  172.0
	 epoch  30 training error:  tensor(0.0155, device='cuda:0', grad_fn=<DivBackward0>)
Memory status after this epoch: 
Memory allocated:  8.64111328125
Memory cached:  174.0
	 epoch  40 training error:  tensor(0.0182, device='cuda:0', grad_fn=<DivBackward0>)
Memory status after this epoch: 
Memory allocated:  8.64111328125
Memory cached:  166.0
	 epoch  50 training error:  tensor(0.0215, device='cuda:0', grad_fn=<DivBackward0>)
Memory status after this epoch: 
Memory allocated:  8.64111328125
Memory cached:  176.0
	 epoch  60 training error:  tensor(0.0231, device='cuda:0', grad_fn=<DivBackward0>)
Memory status after this epoch: 
Memory allocated:  8.64111328125
Memory cached:  170.0
	 epoch  70 training error:  tensor(0.0215, device='cuda:0', grad_fn=<DivBackward0>)
Memory status after this epoch: 
Memory allocated:  8.64111328125
Memory cached:  182.0
	 epoch  80 training error:  tensor(0.0213, device='cuda:0', grad_fn=<DivBackward0>)
Memory status after this epoch: 
Memory allocated:  8.64111328125
Memory cached:  170.0
	 epoch  90 training error:  tensor(0.0218, device='cuda:0', grad_fn=<DivBackward0>)
Memory status after this epoch: 
Memory allocated:  8.64111328125
Memory cached:  162.0
[I 2023-11-07 16:57:32,837] Trial 26 finished with value: 0.021533353254199028 and parameters: {'W_layers': 3, 'W_layer_units_exponent_0': 9, 'W_layer_units_exponent_1': 7, 'W_layer_units_exponent_2': 6, 'D_layers': 5, 'D_layer_units_exponent_0': 4, 'D_layer_units_exponent_1': 9, 'D_layer_units_exponent_2': 9, 'D_layer_units_exponent_3': 6, 'D_layer_units_exponent_4': 7, 'D_dagger_layers': 7, 'D_dagger_layer_units_exponent_0': 7, 'D_dagger_layer_units_exponent_1': 7, 'D_dagger_layer_units_exponent_2': 9, 'D_dagger_layer_units_exponent_3': 6, 'D_dagger_layer_units_exponent_4': 5, 'D_dagger_layer_units_exponent_5': 10, 'D_dagger_layer_units_exponent_6': 4, 'log_learning_rate': -3.34646272709203, 'log_learning_rate_D': -3.4870344000272624, 'log_learning_rate_D_dagger': -4.027733621600514, 'training_batch_size': 6, 'training_p': 2}. Best is trial 24 with value: 0.013668633066117764.
Time for this trial:  374.4175429344177
Memory status after this trial: 
Memory allocated:  210.0517578125
Memory cached:  216.0
--------------------  Trial  27   --------------------
Start timing: 
Parameters: 
{'W_layers': 3, 'W_layer_units_exponent_0': 7, 'W_layer_units_exponent_1': 5, 'W_layer_units_exponent_2': 8, 'D_layers': 5, 'D_layer_units_exponent_0': 5, 'D_layer_units_exponent_1': 9, 'D_layer_units_exponent_2': 9, 'D_layer_units_exponent_3': 5, 'D_layer_units_exponent_4': 8, 'D_dagger_layers': 4, 'D_dagger_layer_units_exponent_0': 8, 'D_dagger_layer_units_exponent_1': 7, 'D_dagger_layer_units_exponent_2': 8, 'D_dagger_layer_units_exponent_3': 5, 'log_learning_rate': -3.959730905029638, 'log_learning_rate_D': -2.809365962070585, 'log_learning_rate_D_dagger': -4.6923075155597935, 'training_batch_size': 6, 'training_p': 4}
	 epoch  0 training error:  tensor(0.7700, device='cuda:0', grad_fn=<DivBackward0>)
Memory status after this epoch: 
Memory allocated:  6.14306640625
Memory cached:  94.0
	 epoch  10 training error:  tensor(0.1059, device='cuda:0', grad_fn=<DivBackward0>)
Memory status after this epoch: 
Memory allocated:  6.14306640625
Memory cached:  92.0
	 epoch  20 training error:  tensor(0.0576, device='cuda:0', grad_fn=<DivBackward0>)
Memory status after this epoch: 
Memory allocated:  6.14306640625
Memory cached:  90.0
	 epoch  30 training error:  tensor(0.0217, device='cuda:0', grad_fn=<DivBackward0>)
Memory status after this epoch: 
Memory allocated:  6.14306640625
Memory cached:  92.0
	 epoch  40 training error:  tensor(0.0216, device='cuda:0', grad_fn=<DivBackward0>)
Memory status after this epoch: 
Memory allocated:  6.14306640625
Memory cached:  90.0
	 epoch  50 training error:  tensor(0.0208, device='cuda:0', grad_fn=<DivBackward0>)
Memory status after this epoch: 
Memory allocated:  6.14306640625
Memory cached:  94.0
	 epoch  60 training error:  tensor(0.0208, device='cuda:0', grad_fn=<DivBackward0>)
Memory status after this epoch: 
Memory allocated:  6.14306640625
Memory cached:  92.0
	 epoch  70 training error:  tensor(0.0206, device='cuda:0', grad_fn=<DivBackward0>)
Memory status after this epoch: 
Memory allocated:  6.14306640625
Memory cached:  92.0
	 epoch  80 training error:  tensor(0.0206, device='cuda:0', grad_fn=<DivBackward0>)
Memory status after this epoch: 
Memory allocated:  6.14306640625
Memory cached:  96.0
	 epoch  90 training error:  tensor(0.0206, device='cuda:0', grad_fn=<DivBackward0>)
Memory status after this epoch: 
Memory allocated:  6.14306640625
Memory cached:  92.0
