[I 2023-11-06 08:48:53,483] Trial 17 finished with value: 0.05789521336555481 and parameters: {'W_layers': 4, 'W_layer_units_exponent_0': 7, 'W_layer_units_exponent_1': 7, 'W_layer_units_exponent_2': 6, 'W_layer_units_exponent_3': 4, 'D_layers': 4, 'D_layer_units_exponent_0': 8, 'D_layer_units_exponent_1': 7, 'D_layer_units_exponent_2': 8, 'D_layer_units_exponent_3': 10, 'D_dagger_layers': 3, 'D_dagger_layer_units_exponent_0': 10, 'D_dagger_layer_units_exponent_1': 4, 'D_dagger_layer_units_exponent_2': 5, 'log_learning_rate': -1.4781606294309388, 'log_learning_rate_D': -1.2740573056205022, 'log_learning_rate_D_dagger': -4.246493466926028, 'training_batch_size': 6, 'training_p': 4}. Best is trial 16 with value: 0.05550382286310196.
Time for this trial:  20.711188793182373
Memory status after this trial: 
Memory allocated:  75.7734375
Memory cached:  104.0
--------------------  Trial  18   --------------------
Start timing: 
Parameters: 
{'W_layers': 4, 'W_layer_units_exponent_0': 8, 'W_layer_units_exponent_1': 7, 'W_layer_units_exponent_2': 4, 'W_layer_units_exponent_3': 10, 'D_layers': 4, 'D_layer_units_exponent_0': 8, 'D_layer_units_exponent_1': 7, 'D_layer_units_exponent_2': 8, 'D_layer_units_exponent_3': 10, 'D_dagger_layers': 2, 'D_dagger_layer_units_exponent_0': 9, 'D_dagger_layer_units_exponent_1': 6, 'log_learning_rate': -1.481805298805245, 'log_learning_rate_D': -1.5779223962326034, 'log_learning_rate_D_dagger': -3.3031778126335305, 'training_batch_size': 9, 'training_p': 6}
	 epoch  0 training error:  tensor(1.2962, device='cuda:0', grad_fn=<DivBackward0>)
Memory status after this epoch: 
Memory allocated:  2.7626953125
Memory cached:  6.0
	 epoch  10 training error:  tensor(1.0315, device='cuda:0', grad_fn=<DivBackward0>)
Memory status after this epoch: 
Memory allocated:  2.7626953125
Memory cached:  6.0
	 epoch  20 training error:  tensor(0.4290, device='cuda:0', grad_fn=<DivBackward0>)
Memory status after this epoch: 
Memory allocated:  2.7626953125
Memory cached:  6.0
	 epoch  30 training error:  tensor(0.1012, device='cuda:0', grad_fn=<DivBackward0>)
Memory status after this epoch: 
Memory allocated:  2.7626953125
Memory cached:  6.0
	 epoch  40 training error:  tensor(0.1128, device='cuda:0', grad_fn=<DivBackward0>)
Memory status after this epoch: 
Memory allocated:  2.7626953125
Memory cached:  6.0
	 epoch  50 training error:  tensor(0.0694, device='cuda:0', grad_fn=<DivBackward0>)
Memory status after this epoch: 
Memory allocated:  2.7626953125
Memory cached:  6.0
	 epoch  60 training error:  tensor(0.0791, device='cuda:0', grad_fn=<DivBackward0>)
Memory status after this epoch: 
Memory allocated:  2.7626953125
Memory cached:  6.0
	 epoch  70 training error:  tensor(0.0680, device='cuda:0', grad_fn=<DivBackward0>)
Memory status after this epoch: 
Memory allocated:  2.7626953125
Memory cached:  6.0
	 epoch  80 training error:  tensor(0.0675, device='cuda:0', grad_fn=<DivBackward0>)
Memory status after this epoch: 
Memory allocated:  2.7626953125
Memory cached:  6.0
	 epoch  90 training error:  tensor(0.0651, device='cuda:0', grad_fn=<DivBackward0>)
Memory status after this epoch: 
Memory allocated:  2.7626953125
Memory cached:  6.0
[I 2023-11-06 08:49:13,011] Trial 18 finished with value: 0.05452185869216919 and parameters: {'W_layers': 4, 'W_layer_units_exponent_0': 8, 'W_layer_units_exponent_1': 7, 'W_layer_units_exponent_2': 4, 'W_layer_units_exponent_3': 10, 'D_layers': 4, 'D_layer_units_exponent_0': 8, 'D_layer_units_exponent_1': 7, 'D_layer_units_exponent_2': 8, 'D_layer_units_exponent_3': 10, 'D_dagger_layers': 2, 'D_dagger_layer_units_exponent_0': 9, 'D_dagger_layer_units_exponent_1': 6, 'log_learning_rate': -1.481805298805245, 'log_learning_rate_D': -1.5779223962326034, 'log_learning_rate_D_dagger': -3.3031778126335305, 'training_batch_size': 9, 'training_p': 6}. Best is trial 18 with value: 0.05452185869216919.
Time for this trial:  19.34007167816162
Memory status after this trial: 
Memory allocated:  109.587890625
Memory cached:  132.0
--------------------  Trial  19   --------------------
Start timing: 
Parameters: 
{'W_layers': 3, 'W_layer_units_exponent_0': 6, 'W_layer_units_exponent_1': 7, 'W_layer_units_exponent_2': 4, 'D_layers': 4, 'D_layer_units_exponent_0': 8, 'D_layer_units_exponent_1': 6, 'D_layer_units_exponent_2': 8, 'D_layer_units_exponent_3': 10, 'D_dagger_layers': 2, 'D_dagger_layer_units_exponent_0': 9, 'D_dagger_layer_units_exponent_1': 8, 'log_learning_rate': -1.431915846489156, 'log_learning_rate_D': -1.3815097490959811, 'log_learning_rate_D_dagger': -3.0934894273933176, 'training_batch_size': 7, 'training_p': 6}
	 epoch  0 training error:  tensor(1.2834, device='cuda:0', grad_fn=<DivBackward0>)
Memory status after this epoch: 
Memory allocated:  3.4833984375
Memory cached:  8.0
	 epoch  10 training error:  tensor(1.0036, device='cuda:0', grad_fn=<DivBackward0>)
Memory status after this epoch: 
Memory allocated:  3.4833984375
Memory cached:  8.0
	 epoch  20 training error:  tensor(0.4312, device='cuda:0', grad_fn=<DivBackward0>)
Memory status after this epoch: 
Memory allocated:  3.4833984375
Memory cached:  8.0
	 epoch  30 training error:  tensor(0.1662, device='cuda:0', grad_fn=<DivBackward0>)
Memory status after this epoch: 
Memory allocated:  3.4833984375
Memory cached:  8.0
	 epoch  40 training error:  tensor(0.1163, device='cuda:0', grad_fn=<DivBackward0>)
Memory status after this epoch: 
Memory allocated:  3.4833984375
Memory cached:  8.0
	 epoch  50 training error:  tensor(0.0842, device='cuda:0', grad_fn=<DivBackward0>)
Memory status after this epoch: 
Memory allocated:  3.4833984375
Memory cached:  8.0
	 epoch  60 training error:  tensor(0.0677, device='cuda:0', grad_fn=<DivBackward0>)
Memory status after this epoch: 
Memory allocated:  3.4833984375
Memory cached:  8.0
	 epoch  70 training error:  tensor(0.0666, device='cuda:0', grad_fn=<DivBackward0>)
Memory status after this epoch: 
Memory allocated:  3.4833984375
Memory cached:  8.0
	 epoch  80 training error:  tensor(0.0666, device='cuda:0', grad_fn=<DivBackward0>)
Memory status after this epoch: 
Memory allocated:  3.4833984375
Memory cached:  8.0
	 epoch  90 training error:  tensor(0.0668, device='cuda:0', grad_fn=<DivBackward0>)
Memory status after this epoch: 
Memory allocated:  3.4833984375
Memory cached:  8.0
[I 2023-11-06 08:49:30,622] Trial 19 finished with value: 0.05872974544763565 and parameters: {'W_layers': 3, 'W_layer_units_exponent_0': 6, 'W_layer_units_exponent_1': 7, 'W_layer_units_exponent_2': 4, 'D_layers': 4, 'D_layer_units_exponent_0': 8, 'D_layer_units_exponent_1': 6, 'D_layer_units_exponent_2': 8, 'D_layer_units_exponent_3': 10, 'D_dagger_layers': 2, 'D_dagger_layer_units_exponent_0': 9, 'D_dagger_layer_units_exponent_1': 8, 'log_learning_rate': -1.431915846489156, 'log_learning_rate_D': -1.3815097490959811, 'log_learning_rate_D_dagger': -3.0934894273933176, 'training_batch_size': 7, 'training_p': 6}. Best is trial 18 with value: 0.05452185869216919.
Time for this trial:  17.43221116065979
Memory status after this trial: 
Memory allocated:  53.9169921875
Memory cached:  76.0
--------------------  Trial  20   --------------------
Start timing: 
Parameters: 
{'W_layers': 4, 'W_layer_units_exponent_0': 8, 'W_layer_units_exponent_1': 4, 'W_layer_units_exponent_2': 5, 'W_layer_units_exponent_3': 8, 'D_layers': 2, 'D_layer_units_exponent_0': 6, 'D_layer_units_exponent_1': 5, 'D_dagger_layers': 6, 'D_dagger_layer_units_exponent_0': 9, 'D_dagger_layer_units_exponent_1': 5, 'D_dagger_layer_units_exponent_2': 10, 'D_dagger_layer_units_exponent_3': 7, 'D_dagger_layer_units_exponent_4': 4, 'D_dagger_layer_units_exponent_5': 10, 'log_learning_rate': -1.0006983516287475, 'log_learning_rate_D': -1.4318059384055317, 'log_learning_rate_D_dagger': -2.575288129303564, 'training_batch_size': 9, 'training_p': 6}
	 epoch  0 training error:  tensor(0.8052, device='cuda:0', grad_fn=<DivBackward0>)
Memory status after this epoch: 
Memory allocated:  3.482421875
Memory cached:  16.0
	 epoch  10 training error:  tensor(0.1397, device='cuda:0', grad_fn=<DivBackward0>)
Memory status after this epoch: 
Memory allocated:  3.482421875
Memory cached:  18.0
	 epoch  20 training error:  tensor(0.2350, device='cuda:0', grad_fn=<DivBackward0>)
Memory status after this epoch: 
Memory allocated:  3.482421875
Memory cached:  18.0
	 epoch  30 training error:  tensor(0.3554, device='cuda:0', grad_fn=<DivBackward0>)
Memory status after this epoch: 
Memory allocated:  3.482421875
Memory cached:  18.0
	 epoch  40 training error:  tensor(0.1000, device='cuda:0', grad_fn=<DivBackward0>)
Memory status after this epoch: 
Memory allocated:  3.482421875
Memory cached:  18.0
	 epoch  50 training error:  tensor(0.1063, device='cuda:0', grad_fn=<DivBackward0>)
Memory status after this epoch: 
Memory allocated:  3.482421875
Memory cached:  18.0
	 epoch  60 training error:  tensor(0.0877, device='cuda:0', grad_fn=<DivBackward0>)
Memory status after this epoch: 
Memory allocated:  3.482421875
Memory cached:  18.0
	 epoch  70 training error:  tensor(0.0961, device='cuda:0', grad_fn=<DivBackward0>)
Memory status after this epoch: 
Memory allocated:  3.482421875
Memory cached:  18.0
	 epoch  80 training error:  tensor(0.1082, device='cuda:0', grad_fn=<DivBackward0>)
Memory status after this epoch: 
Memory allocated:  3.482421875
Memory cached:  18.0
	 epoch  90 training error:  tensor(0.1063, device='cuda:0', grad_fn=<DivBackward0>)
Memory status after this epoch: 
Memory allocated:  3.482421875
Memory cached:  18.0
[I 2023-11-06 08:49:51,670] Trial 20 finished with value: 0.0823480635881424 and parameters: {'W_layers': 4, 'W_layer_units_exponent_0': 8, 'W_layer_units_exponent_1': 4, 'W_layer_units_exponent_2': 5, 'W_layer_units_exponent_3': 8, 'D_layers': 2, 'D_layer_units_exponent_0': 6, 'D_layer_units_exponent_1': 5, 'D_dagger_layers': 6, 'D_dagger_layer_units_exponent_0': 9, 'D_dagger_layer_units_exponent_1': 5, 'D_dagger_layer_units_exponent_2': 10, 'D_dagger_layer_units_exponent_3': 7, 'D_dagger_layer_units_exponent_4': 4, 'D_dagger_layer_units_exponent_5': 10, 'log_learning_rate': -1.0006983516287475, 'log_learning_rate_D': -1.4318059384055317, 'log_learning_rate_D_dagger': -2.575288129303564, 'training_batch_size': 9, 'training_p': 6}. Best is trial 18 with value: 0.05452185869216919.
Time for this trial:  20.84125018119812
Memory status after this trial: 
Memory allocated:  181.568359375
Memory cached:  194.0
--------------------  Trial  21   --------------------
Start timing: 
Parameters: 
{'W_layers': 3, 'W_layer_units_exponent_0': 8, 'W_layer_units_exponent_1': 7, 'W_layer_units_exponent_2': 7, 'D_layers': 4, 'D_layer_units_exponent_0': 9, 'D_layer_units_exponent_1': 7, 'D_layer_units_exponent_2': 8, 'D_layer_units_exponent_3': 9, 'D_dagger_layers': 2, 'D_dagger_layer_units_exponent_0': 9, 'D_dagger_layer_units_exponent_1': 6, 'log_learning_rate': -1.434797593177746, 'log_learning_rate_D': -1.994165088247934, 'log_learning_rate_D_dagger': -3.4149948849751146, 'training_batch_size': 9, 'training_p': 7}
	 epoch  0 training error:  tensor(0.8607, device='cuda:0', grad_fn=<DivBackward0>)
Memory status after this epoch: 
Memory allocated:  2.32421875
Memory cached:  4.0
	 epoch  10 training error:  tensor(0.3636, device='cuda:0', grad_fn=<DivBackward0>)
Memory status after this epoch: 
Memory allocated:  2.32421875
Memory cached:  4.0
	 epoch  20 training error:  tensor(0.1811, device='cuda:0', grad_fn=<DivBackward0>)
Memory status after this epoch: 
Memory allocated:  2.32421875
Memory cached:  4.0
	 epoch  30 training error:  tensor(0.1981, device='cuda:0', grad_fn=<DivBackward0>)
Memory status after this epoch: 
Memory allocated:  2.32421875
Memory cached:  4.0
	 epoch  40 training error:  tensor(0.1289, device='cuda:0', grad_fn=<DivBackward0>)
Memory status after this epoch: 
Memory allocated:  2.32421875
Memory cached:  4.0
	 epoch  50 training error:  tensor(0.0871, device='cuda:0', grad_fn=<DivBackward0>)
Memory status after this epoch: 
Memory allocated:  2.32421875
Memory cached:  4.0
	 epoch  60 training error:  tensor(0.0854, device='cuda:0', grad_fn=<DivBackward0>)
Memory status after this epoch: 
Memory allocated:  2.32421875
Memory cached:  4.0
	 epoch  70 training error:  tensor(0.1159, device='cuda:0', grad_fn=<DivBackward0>)
Memory status after this epoch: 
Memory allocated:  2.32421875
Memory cached:  4.0
	 epoch  80 training error:  tensor(0.1377, device='cuda:0', grad_fn=<DivBackward0>)
Memory status after this epoch: 
Memory allocated:  2.32421875
Memory cached:  4.0
	 epoch  90 training error:  tensor(0.1452, device='cuda:0', grad_fn=<DivBackward0>)
Memory status after this epoch: 
Memory allocated:  2.32421875
Memory cached:  4.0
[I 2023-11-06 08:50:09,344] Trial 21 finished with value: 0.14102433621883392 and parameters: {'W_layers': 3, 'W_layer_units_exponent_0': 8, 'W_layer_units_exponent_1': 7, 'W_layer_units_exponent_2': 7, 'D_layers': 4, 'D_layer_units_exponent_0': 9, 'D_layer_units_exponent_1': 7, 'D_layer_units_exponent_2': 8, 'D_layer_units_exponent_3': 9, 'D_dagger_layers': 2, 'D_dagger_layer_units_exponent_0': 9, 'D_dagger_layer_units_exponent_1': 6, 'log_learning_rate': -1.434797593177746, 'log_learning_rate_D': -1.994165088247934, 'log_learning_rate_D_dagger': -3.4149948849751146, 'training_batch_size': 9, 'training_p': 7}. Best is trial 18 with value: 0.05452185869216919.
Time for this trial:  17.485734462738037
Memory status after this trial: 
Memory allocated:  59.4453125
Memory cached:  82.0
--------------------  Trial  22   --------------------
Start timing: 
Parameters: 
{'W_layers': 4, 'W_layer_units_exponent_0': 7, 'W_layer_units_exponent_1': 8, 'W_layer_units_exponent_2': 5, 'W_layer_units_exponent_3': 10, 'D_layers': 5, 'D_layer_units_exponent_0': 8, 'D_layer_units_exponent_1': 9, 'D_layer_units_exponent_2': 8, 'D_layer_units_exponent_3': 9, 'D_layer_units_exponent_4': 9, 'D_dagger_layers': 4, 'D_dagger_layer_units_exponent_0': 10, 'D_dagger_layer_units_exponent_1': 6, 'D_dagger_layer_units_exponent_2': 6, 'D_dagger_layer_units_exponent_3': 4, 'log_learning_rate': -1.639282158388995, 'log_learning_rate_D': -1.4749209942836663, 'log_learning_rate_D_dagger': -3.246831445096861, 'training_batch_size': 9, 'training_p': 5}
	 epoch  0 training error:  tensor(0.5297, device='cuda:0', grad_fn=<DivBackward0>)
Memory status after this epoch: 
Memory allocated:  4.95166015625
Memory cached:  8.0
	 epoch  10 training error:  tensor(20.4303, device='cuda:0', grad_fn=<DivBackward0>)
Memory status after this epoch: 
Memory allocated:  4.95166015625
Memory cached:  10.0
	 epoch  20 training error:  tensor(0.1139, device='cuda:0', grad_fn=<DivBackward0>)
Memory status after this epoch: 
Memory allocated:  4.95166015625
Memory cached:  10.0
	 epoch  30 training error:  tensor(0.1153, device='cuda:0', grad_fn=<DivBackward0>)
Memory status after this epoch: 
Memory allocated:  4.95166015625
Memory cached:  10.0
	 epoch  40 training error:  tensor(0.0786, device='cuda:0', grad_fn=<DivBackward0>)
Memory status after this epoch: 
Memory allocated:  4.95166015625
Memory cached:  10.0
	 epoch  50 training error:  tensor(0.0662, device='cuda:0', grad_fn=<DivBackward0>)
Memory status after this epoch: 
Memory allocated:  4.95166015625
Memory cached:  10.0
	 epoch  60 training error:  tensor(0.0652, device='cuda:0', grad_fn=<DivBackward0>)
Memory status after this epoch: 
Memory allocated:  4.95166015625
Memory cached:  10.0
	 epoch  70 training error:  tensor(0.0636, device='cuda:0', grad_fn=<DivBackward0>)
Memory status after this epoch: 
Memory allocated:  4.95166015625
Memory cached:  10.0
	 epoch  80 training error:  tensor(0.0624, device='cuda:0', grad_fn=<DivBackward0>)
Memory status after this epoch: 
Memory allocated:  4.95166015625
Memory cached:  10.0
	 epoch  90 training error:  tensor(0.0618, device='cuda:0', grad_fn=<DivBackward0>)
Memory status after this epoch: 
Memory allocated:  4.95166015625
Memory cached:  10.0
[I 2023-11-06 08:50:29,004] Trial 22 finished with value: 0.053857650607824326 and parameters: {'W_layers': 4, 'W_layer_units_exponent_0': 7, 'W_layer_units_exponent_1': 8, 'W_layer_units_exponent_2': 5, 'W_layer_units_exponent_3': 10, 'D_layers': 5, 'D_layer_units_exponent_0': 8, 'D_layer_units_exponent_1': 9, 'D_layer_units_exponent_2': 8, 'D_layer_units_exponent_3': 9, 'D_layer_units_exponent_4': 9, 'D_dagger_layers': 4, 'D_dagger_layer_units_exponent_0': 10, 'D_dagger_layer_units_exponent_1': 6, 'D_dagger_layer_units_exponent_2': 6, 'D_dagger_layer_units_exponent_3': 4, 'log_learning_rate': -1.639282158388995, 'log_learning_rate_D': -1.4749209942836663, 'log_learning_rate_D_dagger': -3.246831445096861, 'training_batch_size': 9, 'training_p': 5}. Best is trial 22 with value: 0.053857650607824326.
Time for this trial:  19.44095230102539
Memory status after this trial: 
Memory allocated:  141.9658203125
Memory cached:  178.0
--------------------  Trial  23   --------------------
Start timing: 
Parameters: 
{'W_layers': 4, 'W_layer_units_exponent_0': 7, 'W_layer_units_exponent_1': 6, 'W_layer_units_exponent_2': 5, 'W_layer_units_exponent_3': 10, 'D_layers': 4, 'D_layer_units_exponent_0': 8, 'D_layer_units_exponent_1': 9, 'D_layer_units_exponent_2': 7, 'D_layer_units_exponent_3': 10, 'D_dagger_layers': 4, 'D_dagger_layer_units_exponent_0': 10, 'D_dagger_layer_units_exponent_1': 7, 'D_dagger_layer_units_exponent_2': 5, 'D_dagger_layer_units_exponent_3': 4, 'log_learning_rate': -1.3633695935027854, 'log_learning_rate_D': -1.0733910873878023, 'log_learning_rate_D_dagger': -3.2077809327021884, 'training_batch_size': 9, 'training_p': 5}
	 epoch  0 training error:  tensor(1.1674, device='cuda:0', grad_fn=<DivBackward0>)
Memory status after this epoch: 
Memory allocated:  4.224609375
Memory cached:  14.0
	 epoch  10 training error:  tensor(0.6206, device='cuda:0', grad_fn=<DivBackward0>)
Memory status after this epoch: 
Memory allocated:  4.224609375
Memory cached:  16.0
	 epoch  20 training error:  tensor(0.2885, device='cuda:0', grad_fn=<DivBackward0>)
Memory status after this epoch: 
Memory allocated:  4.224609375
Memory cached:  16.0
	 epoch  30 training error:  tensor(0.1407, device='cuda:0', grad_fn=<DivBackward0>)
Memory status after this epoch: 
Memory allocated:  4.224609375
Memory cached:  16.0
	 epoch  40 training error:  tensor(0.0772, device='cuda:0', grad_fn=<DivBackward0>)
Memory status after this epoch: 
Memory allocated:  4.224609375
Memory cached:  16.0
	 epoch  50 training error:  tensor(0.0838, device='cuda:0', grad_fn=<DivBackward0>)
Memory status after this epoch: 
Memory allocated:  4.224609375
Memory cached:  16.0
	 epoch  60 training error:  tensor(0.0744, device='cuda:0', grad_fn=<DivBackward0>)
Memory status after this epoch: 
Memory allocated:  4.224609375
Memory cached:  16.0
	 epoch  70 training error:  tensor(0.0693, device='cuda:0', grad_fn=<DivBackward0>)
Memory status after this epoch: 
Memory allocated:  4.224609375
Memory cached:  16.0
	 epoch  80 training error:  tensor(0.0662, device='cuda:0', grad_fn=<DivBackward0>)
Memory status after this epoch: 
Memory allocated:  4.224609375
Memory cached:  16.0
	 epoch  90 training error:  tensor(0.0653, device='cuda:0', grad_fn=<DivBackward0>)
Memory status after this epoch: 
Memory allocated:  4.224609375
Memory cached:  18.0
