[I 2023-11-06 16:29:53,937] Trial 33 finished with value: 0.03363491967320442 and parameters: {'W_layers': 7, 'W_layer_units_exponent_0': 7, 'W_layer_units_exponent_1': 6, 'W_layer_units_exponent_2': 4, 'W_layer_units_exponent_3': 5, 'W_layer_units_exponent_4': 7, 'W_layer_units_exponent_5': 6, 'W_layer_units_exponent_6': 6, 'D_layers': 4, 'D_layer_units_exponent_0': 6, 'D_layer_units_exponent_1': 9, 'D_layer_units_exponent_2': 6, 'D_layer_units_exponent_3': 9, 'D_dagger_layers': 6, 'D_dagger_layer_units_exponent_0': 8, 'D_dagger_layer_units_exponent_1': 7, 'D_dagger_layer_units_exponent_2': 5, 'D_dagger_layer_units_exponent_3': 9, 'D_dagger_layer_units_exponent_4': 8, 'D_dagger_layer_units_exponent_5': 5, 'log_learning_rate': -3.439171201709893, 'log_learning_rate_D': -3.670033415009942, 'log_learning_rate_D_dagger': -4.434101069484122, 'training_batch_size': 7, 'training_p': 4}. Best is trial 18 with value: 0.02755935862660408.
Time for this trial:  216.6453275680542
Memory status after this trial: 
Memory allocated:  155.96044921875
Memory cached:  172.0
--------------------  Trial  34   --------------------
Start timing: 
Parameters: 
{'W_layers': 8, 'W_layer_units_exponent_0': 6, 'W_layer_units_exponent_1': 5, 'W_layer_units_exponent_2': 5, 'W_layer_units_exponent_3': 4, 'W_layer_units_exponent_4': 5, 'W_layer_units_exponent_5': 4, 'W_layer_units_exponent_6': 5, 'W_layer_units_exponent_7': 10, 'D_layers': 7, 'D_layer_units_exponent_0': 9, 'D_layer_units_exponent_1': 8, 'D_layer_units_exponent_2': 5, 'D_layer_units_exponent_3': 6, 'D_layer_units_exponent_4': 8, 'D_layer_units_exponent_5': 9, 'D_layer_units_exponent_6': 8, 'D_dagger_layers': 5, 'D_dagger_layer_units_exponent_0': 10, 'D_dagger_layer_units_exponent_1': 7, 'D_dagger_layer_units_exponent_2': 7, 'D_dagger_layer_units_exponent_3': 6, 'D_dagger_layer_units_exponent_4': 6, 'log_learning_rate': -3.084193464261274, 'log_learning_rate_D': -4.08629060411633, 'log_learning_rate_D_dagger': -4.707017550404226, 'training_batch_size': 6, 'training_p': 8}
	 epoch  0 training error:  tensor(1.2263, device='cuda:0', grad_fn=<DivBackward0>)
Memory status after this epoch: 
Memory allocated:  9.70556640625
Memory cached:  128.0
	 epoch  10 training error:  tensor(0.1236, device='cuda:0', grad_fn=<DivBackward0>)
Memory status after this epoch: 
Memory allocated:  9.70556640625
Memory cached:  138.0
	 epoch  20 training error:  tensor(0.1285, device='cuda:0', grad_fn=<DivBackward0>)
Memory status after this epoch: 
Memory allocated:  9.70556640625
Memory cached:  138.0
	 epoch  30 training error:  tensor(0.0694, device='cuda:0', grad_fn=<DivBackward0>)
Memory status after this epoch: 
Memory allocated:  9.70556640625
Memory cached:  134.0
	 epoch  40 training error:  tensor(0.0602, device='cuda:0', grad_fn=<DivBackward0>)
Memory status after this epoch: 
Memory allocated:  9.70556640625
Memory cached:  136.0
	 epoch  50 training error:  tensor(0.0549, device='cuda:0', grad_fn=<DivBackward0>)
Memory status after this epoch: 
Memory allocated:  9.70556640625
Memory cached:  144.0
	 epoch  60 training error:  tensor(0.0512, device='cuda:0', grad_fn=<DivBackward0>)
Memory status after this epoch: 
Memory allocated:  9.70556640625
Memory cached:  146.0
	 epoch  70 training error:  tensor(0.0570, device='cuda:0', grad_fn=<DivBackward0>)
Memory status after this epoch: 
Memory allocated:  9.70556640625
Memory cached:  146.0
	 epoch  80 training error:  tensor(0.0475, device='cuda:0', grad_fn=<DivBackward0>)
Memory status after this epoch: 
Memory allocated:  9.70556640625
Memory cached:  140.0
	 epoch  90 training error:  tensor(0.0422, device='cuda:0', grad_fn=<DivBackward0>)
Memory status after this epoch: 
Memory allocated:  9.70556640625
Memory cached:  138.0
[I 2023-11-06 16:37:27,535] Trial 34 finished with value: 0.031552236527204514 and parameters: {'W_layers': 8, 'W_layer_units_exponent_0': 6, 'W_layer_units_exponent_1': 5, 'W_layer_units_exponent_2': 5, 'W_layer_units_exponent_3': 4, 'W_layer_units_exponent_4': 5, 'W_layer_units_exponent_5': 4, 'W_layer_units_exponent_6': 5, 'W_layer_units_exponent_7': 10, 'D_layers': 7, 'D_layer_units_exponent_0': 9, 'D_layer_units_exponent_1': 8, 'D_layer_units_exponent_2': 5, 'D_layer_units_exponent_3': 6, 'D_layer_units_exponent_4': 8, 'D_layer_units_exponent_5': 9, 'D_layer_units_exponent_6': 8, 'D_dagger_layers': 5, 'D_dagger_layer_units_exponent_0': 10, 'D_dagger_layer_units_exponent_1': 7, 'D_dagger_layer_units_exponent_2': 7, 'D_dagger_layer_units_exponent_3': 6, 'D_dagger_layer_units_exponent_4': 6, 'log_learning_rate': -3.084193464261274, 'log_learning_rate_D': -4.08629060411633, 'log_learning_rate_D_dagger': -4.707017550404226, 'training_batch_size': 6, 'training_p': 8}. Best is trial 18 with value: 0.02755935862660408.
Time for this trial:  453.25350642204285
Memory status after this trial: 
Memory allocated:  247.8330078125
Memory cached:  254.0
--------------------  Trial  35   --------------------
Start timing: 
Parameters: 
{'W_layers': 7, 'W_layer_units_exponent_0': 5, 'W_layer_units_exponent_1': 4, 'W_layer_units_exponent_2': 4, 'W_layer_units_exponent_3': 10, 'W_layer_units_exponent_4': 8, 'W_layer_units_exponent_5': 7, 'W_layer_units_exponent_6': 8, 'D_layers': 2, 'D_layer_units_exponent_0': 8, 'D_layer_units_exponent_1': 8, 'D_dagger_layers': 3, 'D_dagger_layer_units_exponent_0': 9, 'D_dagger_layer_units_exponent_1': 9, 'D_dagger_layer_units_exponent_2': 4, 'log_learning_rate': -3.565437475011759, 'log_learning_rate_D': -3.648359341756706, 'log_learning_rate_D_dagger': -4.18178429483858, 'training_batch_size': 8, 'training_p': 3}
	 epoch  0 training error:  tensor(1.5943, device='cuda:0', grad_fn=<DivBackward0>)
Memory status after this epoch: 
Memory allocated:  10.58935546875
Memory cached:  150.0
	 epoch  10 training error:  tensor(0.2408, device='cuda:0', grad_fn=<DivBackward0>)
Memory status after this epoch: 
Memory allocated:  10.58935546875
Memory cached:  240.0
	 epoch  20 training error:  tensor(0.1080, device='cuda:0', grad_fn=<DivBackward0>)
Memory status after this epoch: 
Memory allocated:  10.58935546875
Memory cached:  256.0
	 epoch  30 training error:  tensor(0.0858, device='cuda:0', grad_fn=<DivBackward0>)
Memory status after this epoch: 
Memory allocated:  10.58935546875
Memory cached:  254.0
	 epoch  40 training error:  tensor(0.0606, device='cuda:0', grad_fn=<DivBackward0>)
Memory status after this epoch: 
Memory allocated:  10.58935546875
Memory cached:  244.0
	 epoch  50 training error:  tensor(0.0604, device='cuda:0', grad_fn=<DivBackward0>)
Memory status after this epoch: 
Memory allocated:  10.58935546875
Memory cached:  250.0
	 epoch  60 training error:  tensor(0.0549, device='cuda:0', grad_fn=<DivBackward0>)
Memory status after this epoch: 
Memory allocated:  10.58935546875
Memory cached:  258.0
	 epoch  70 training error:  tensor(0.0523, device='cuda:0', grad_fn=<DivBackward0>)
Memory status after this epoch: 
Memory allocated:  10.58935546875
Memory cached:  264.0
	 epoch  80 training error:  tensor(0.0430, device='cuda:0', grad_fn=<DivBackward0>)
Memory status after this epoch: 
Memory allocated:  10.58935546875
Memory cached:  246.0
	 epoch  90 training error:  tensor(0.0332, device='cuda:0', grad_fn=<DivBackward0>)
Memory status after this epoch: 
Memory allocated:  10.58935546875
Memory cached:  254.0
[I 2023-11-06 16:40:31,537] Trial 35 finished with value: 0.03146509453654289 and parameters: {'W_layers': 7, 'W_layer_units_exponent_0': 5, 'W_layer_units_exponent_1': 4, 'W_layer_units_exponent_2': 4, 'W_layer_units_exponent_3': 10, 'W_layer_units_exponent_4': 8, 'W_layer_units_exponent_5': 7, 'W_layer_units_exponent_6': 8, 'D_layers': 2, 'D_layer_units_exponent_0': 8, 'D_layer_units_exponent_1': 8, 'D_dagger_layers': 3, 'D_dagger_layer_units_exponent_0': 9, 'D_dagger_layer_units_exponent_1': 9, 'D_dagger_layer_units_exponent_2': 4, 'log_learning_rate': -3.565437475011759, 'log_learning_rate_D': -3.648359341756706, 'log_learning_rate_D_dagger': -4.18178429483858, 'training_batch_size': 8, 'training_p': 3}. Best is trial 18 with value: 0.02755935862660408.
Time for this trial:  183.68669247627258
Memory status after this trial: 
Memory allocated:  181.63916015625
Memory cached:  202.0
--------------------  Trial  36   --------------------
Start timing: 
Parameters: 
{'W_layers': 8, 'W_layer_units_exponent_0': 4, 'W_layer_units_exponent_1': 7, 'W_layer_units_exponent_2': 6, 'W_layer_units_exponent_3': 5, 'W_layer_units_exponent_4': 6, 'W_layer_units_exponent_5': 5, 'W_layer_units_exponent_6': 5, 'W_layer_units_exponent_7': 5, 'D_layers': 6, 'D_layer_units_exponent_0': 9, 'D_layer_units_exponent_1': 9, 'D_layer_units_exponent_2': 7, 'D_layer_units_exponent_3': 8, 'D_layer_units_exponent_4': 10, 'D_layer_units_exponent_5': 4, 'D_dagger_layers': 7, 'D_dagger_layer_units_exponent_0': 8, 'D_dagger_layer_units_exponent_1': 6, 'D_dagger_layer_units_exponent_2': 5, 'D_dagger_layer_units_exponent_3': 8, 'D_dagger_layer_units_exponent_4': 4, 'D_dagger_layer_units_exponent_5': 8, 'D_dagger_layer_units_exponent_6': 6, 'log_learning_rate': -4.520425367305211, 'log_learning_rate_D': -3.32998800823092, 'log_learning_rate_D_dagger': -4.433642683117381, 'training_batch_size': 7, 'training_p': 4}
	 epoch  0 training error:  tensor(0.9514, device='cuda:0', grad_fn=<DivBackward0>)
Memory status after this epoch: 
Memory allocated:  11.03271484375
Memory cached:  154.0
	 epoch  10 training error:  tensor(0.8437, device='cuda:0', grad_fn=<DivBackward0>)
Memory status after this epoch: 
Memory allocated:  11.03271484375
Memory cached:  264.0
	 epoch  20 training error:  tensor(0.6905, device='cuda:0', grad_fn=<DivBackward0>)
Memory status after this epoch: 
Memory allocated:  11.03271484375
Memory cached:  256.0
	 epoch  30 training error:  tensor(0.4590, device='cuda:0', grad_fn=<DivBackward0>)
Memory status after this epoch: 
Memory allocated:  11.03271484375
Memory cached:  252.0
	 epoch  40 training error:  tensor(0.1898, device='cuda:0', grad_fn=<DivBackward0>)
Memory status after this epoch: 
Memory allocated:  11.03271484375
Memory cached:  250.0
	 epoch  50 training error:  tensor(0.1685, device='cuda:0', grad_fn=<DivBackward0>)
Memory status after this epoch: 
Memory allocated:  11.03271484375
Memory cached:  260.0
	 epoch  60 training error:  tensor(0.1084, device='cuda:0', grad_fn=<DivBackward0>)
Memory status after this epoch: 
Memory allocated:  11.03271484375
Memory cached:  256.0
	 epoch  70 training error:  tensor(0.0611, device='cuda:0', grad_fn=<DivBackward0>)
Memory status after this epoch: 
Memory allocated:  11.03271484375
Memory cached:  266.0
	 epoch  80 training error:  tensor(0.0640, device='cuda:0', grad_fn=<DivBackward0>)
Memory status after this epoch: 
Memory allocated:  11.03271484375
Memory cached:  264.0
	 epoch  90 training error:  tensor(0.0590, device='cuda:0', grad_fn=<DivBackward0>)
Memory status after this epoch: 
Memory allocated:  11.03271484375
Memory cached:  256.0
[I 2023-11-06 16:44:42,756] Trial 36 finished with value: 0.05401020869612694 and parameters: {'W_layers': 8, 'W_layer_units_exponent_0': 4, 'W_layer_units_exponent_1': 7, 'W_layer_units_exponent_2': 6, 'W_layer_units_exponent_3': 5, 'W_layer_units_exponent_4': 6, 'W_layer_units_exponent_5': 5, 'W_layer_units_exponent_6': 5, 'W_layer_units_exponent_7': 5, 'D_layers': 6, 'D_layer_units_exponent_0': 9, 'D_layer_units_exponent_1': 9, 'D_layer_units_exponent_2': 7, 'D_layer_units_exponent_3': 8, 'D_layer_units_exponent_4': 10, 'D_layer_units_exponent_5': 4, 'D_dagger_layers': 7, 'D_dagger_layer_units_exponent_0': 8, 'D_dagger_layer_units_exponent_1': 6, 'D_dagger_layer_units_exponent_2': 5, 'D_dagger_layer_units_exponent_3': 8, 'D_dagger_layer_units_exponent_4': 4, 'D_dagger_layer_units_exponent_5': 8, 'D_dagger_layer_units_exponent_6': 6, 'log_learning_rate': -4.520425367305211, 'log_learning_rate_D': -3.32998800823092, 'log_learning_rate_D_dagger': -4.433642683117381, 'training_batch_size': 7, 'training_p': 4}. Best is trial 18 with value: 0.02755935862660408.
Time for this trial:  250.8399314880371
Memory status after this trial: 
Memory allocated:  208.1689453125
Memory cached:  214.0
--------------------  Trial  37   --------------------
Start timing: 
Parameters: 
{'W_layers': 6, 'W_layer_units_exponent_0': 7, 'W_layer_units_exponent_1': 5, 'W_layer_units_exponent_2': 5, 'W_layer_units_exponent_3': 8, 'W_layer_units_exponent_4': 4, 'W_layer_units_exponent_5': 6, 'D_layers': 8, 'D_layer_units_exponent_0': 7, 'D_layer_units_exponent_1': 10, 'D_layer_units_exponent_2': 8, 'D_layer_units_exponent_3': 10, 'D_layer_units_exponent_4': 9, 'D_layer_units_exponent_5': 8, 'D_layer_units_exponent_6': 5, 'D_layer_units_exponent_7': 7, 'D_dagger_layers': 4, 'D_dagger_layer_units_exponent_0': 6, 'D_dagger_layer_units_exponent_1': 5, 'D_dagger_layer_units_exponent_2': 6, 'D_dagger_layer_units_exponent_3': 7, 'log_learning_rate': -4.268030449675748, 'log_learning_rate_D': -4.343651353180927, 'log_learning_rate_D_dagger': -4.715356126654467, 'training_batch_size': 6, 'training_p': 5}
	 epoch  0 training error:  tensor(1.4182, device='cuda:0', grad_fn=<DivBackward0>)
Memory status after this epoch: 
Memory allocated:  20.89111328125
Memory cached:  146.0
	 epoch  10 training error:  tensor(1.2141, device='cuda:0', grad_fn=<DivBackward0>)
Memory status after this epoch: 
Memory allocated:  20.89111328125
Memory cached:  186.0
	 epoch  20 training error:  tensor(0.9865, device='cuda:0', grad_fn=<DivBackward0>)
Memory status after this epoch: 
Memory allocated:  20.89111328125
Memory cached:  176.0
	 epoch  30 training error:  tensor(0.6852, device='cuda:0', grad_fn=<DivBackward0>)
Memory status after this epoch: 
Memory allocated:  20.89111328125
Memory cached:  200.0
	 epoch  40 training error:  tensor(0.2332, device='cuda:0', grad_fn=<DivBackward0>)
Memory status after this epoch: 
Memory allocated:  20.89111328125
Memory cached:  192.0
	 epoch  50 training error:  tensor(0.0951, device='cuda:0', grad_fn=<DivBackward0>)
Memory status after this epoch: 
Memory allocated:  20.89111328125
Memory cached:  188.0
	 epoch  60 training error:  tensor(0.0839, device='cuda:0', grad_fn=<DivBackward0>)
Memory status after this epoch: 
Memory allocated:  20.89111328125
Memory cached:  190.0
	 epoch  70 training error:  tensor(0.0707, device='cuda:0', grad_fn=<DivBackward0>)
Memory status after this epoch: 
Memory allocated:  20.89111328125
Memory cached:  192.0
	 epoch  80 training error:  tensor(0.0628, device='cuda:0', grad_fn=<DivBackward0>)
Memory status after this epoch: 
Memory allocated:  20.89111328125
Memory cached:  188.0
	 epoch  90 training error:  tensor(0.0580, device='cuda:0', grad_fn=<DivBackward0>)
Memory status after this epoch: 
Memory allocated:  20.89111328125
Memory cached:  194.0
[I 2023-11-06 16:51:43,669] Trial 37 finished with value: 0.04846995323896408 and parameters: {'W_layers': 6, 'W_layer_units_exponent_0': 7, 'W_layer_units_exponent_1': 5, 'W_layer_units_exponent_2': 5, 'W_layer_units_exponent_3': 8, 'W_layer_units_exponent_4': 4, 'W_layer_units_exponent_5': 6, 'D_layers': 8, 'D_layer_units_exponent_0': 7, 'D_layer_units_exponent_1': 10, 'D_layer_units_exponent_2': 8, 'D_layer_units_exponent_3': 10, 'D_layer_units_exponent_4': 9, 'D_layer_units_exponent_5': 8, 'D_layer_units_exponent_6': 5, 'D_layer_units_exponent_7': 7, 'D_dagger_layers': 4, 'D_dagger_layer_units_exponent_0': 6, 'D_dagger_layer_units_exponent_1': 5, 'D_dagger_layer_units_exponent_2': 6, 'D_dagger_layer_units_exponent_3': 7, 'log_learning_rate': -4.268030449675748, 'log_learning_rate_D': -4.343651353180927, 'log_learning_rate_D_dagger': -4.715356126654467, 'training_batch_size': 6, 'training_p': 5}. Best is trial 18 with value: 0.02755935862660408.
Time for this trial:  420.55166935920715
Memory status after this trial: 
Memory allocated:  232.8154296875
Memory cached:  256.0
--------------------  Trial  38   --------------------
Start timing: 
Parameters: 
{'W_layers': 7, 'W_layer_units_exponent_0': 9, 'W_layer_units_exponent_1': 4, 'W_layer_units_exponent_2': 7, 'W_layer_units_exponent_3': 4, 'W_layer_units_exponent_4': 9, 'W_layer_units_exponent_5': 7, 'W_layer_units_exponent_6': 6, 'D_layers': 4, 'D_layer_units_exponent_0': 8, 'D_layer_units_exponent_1': 7, 'D_layer_units_exponent_2': 9, 'D_layer_units_exponent_3': 5, 'D_dagger_layers': 6, 'D_dagger_layer_units_exponent_0': 7, 'D_dagger_layer_units_exponent_1': 10, 'D_dagger_layer_units_exponent_2': 5, 'D_dagger_layer_units_exponent_3': 9, 'D_dagger_layer_units_exponent_4': 9, 'D_dagger_layer_units_exponent_5': 6, 'log_learning_rate': -3.885863807418326, 'log_learning_rate_D': -3.8636015555340597, 'log_learning_rate_D_dagger': -4.140792145480115, 'training_batch_size': 7, 'training_p': 7}
	 epoch  0 training error:  tensor(0.9867, device='cuda:0', grad_fn=<DivBackward0>)
Memory status after this epoch: 
Memory allocated:  10.67333984375
Memory cached:  158.0
	 epoch  10 training error:  tensor(0.0783, device='cuda:0', grad_fn=<DivBackward0>)
Memory status after this epoch: 
Memory allocated:  10.67333984375
Memory cached:  282.0
	 epoch  20 training error:  tensor(0.0990, device='cuda:0', grad_fn=<DivBackward0>)
Memory status after this epoch: 
Memory allocated:  10.67333984375
Memory cached:  286.0
	 epoch  30 training error:  tensor(0.0800, device='cuda:0', grad_fn=<DivBackward0>)
Memory status after this epoch: 
Memory allocated:  10.67333984375
Memory cached:  292.0
	 epoch  40 training error:  tensor(0.0640, device='cuda:0', grad_fn=<DivBackward0>)
Memory status after this epoch: 
Memory allocated:  10.67333984375
Memory cached:  292.0
	 epoch  50 training error:  tensor(0.0541, device='cuda:0', grad_fn=<DivBackward0>)
Memory status after this epoch: 
Memory allocated:  10.67333984375
Memory cached:  316.0
	 epoch  60 training error:  tensor(0.0421, device='cuda:0', grad_fn=<DivBackward0>)
Memory status after this epoch: 
Memory allocated:  10.67333984375
Memory cached:  294.0
	 epoch  70 training error:  tensor(0.0359, device='cuda:0', grad_fn=<DivBackward0>)
Memory status after this epoch: 
Memory allocated:  10.67333984375
Memory cached:  286.0
	 epoch  80 training error:  tensor(0.0333, device='cuda:0', grad_fn=<DivBackward0>)
Memory status after this epoch: 
Memory allocated:  10.67333984375
Memory cached:  296.0
	 epoch  90 training error:  tensor(0.0342, device='cuda:0', grad_fn=<DivBackward0>)
Memory status after this epoch: 
Memory allocated:  10.67333984375
Memory cached:  302.0
