[I 2023-11-08 17:53:23,819] Trial 42 finished with value: 0.058948248624801636 and parameters: {'W_layers': 4, 'W_layer_units_exponent_0': 5, 'W_layer_units_exponent_1': 4, 'W_layer_units_exponent_2': 10, 'W_layer_units_exponent_3': 8, 'D_layers': 3, 'D_layer_units_exponent_0': 10, 'D_layer_units_exponent_1': 4, 'D_layer_units_exponent_2': 5, 'D_dagger_layers': 7, 'D_dagger_layer_units_exponent_0': 10, 'D_dagger_layer_units_exponent_1': 4, 'D_dagger_layer_units_exponent_2': 10, 'D_dagger_layer_units_exponent_3': 9, 'D_dagger_layer_units_exponent_4': 8, 'D_dagger_layer_units_exponent_5': 9, 'D_dagger_layer_units_exponent_6': 8, 'log_learning_rate': -2.7450353070929836, 'log_learning_rate_D': -4.072727663437212, 'log_learning_rate_D_dagger': -4.670560140097582, 'training_batch_size': 8, 'training_p': 4}. Best is trial 33 with value: 0.03574328497052193.
Time for this trial:  216.61116361618042
Memory status after this trial: 
Memory allocated:  330.95361328125
Memory cached:  354.0
--------------------  Trial  43   --------------------
Start timing: 
Parameters: 
{'W_layers': 4, 'W_layer_units_exponent_0': 8, 'W_layer_units_exponent_1': 4, 'W_layer_units_exponent_2': 9, 'W_layer_units_exponent_3': 7, 'D_layers': 5, 'D_layer_units_exponent_0': 7, 'D_layer_units_exponent_1': 5, 'D_layer_units_exponent_2': 6, 'D_layer_units_exponent_3': 10, 'D_layer_units_exponent_4': 9, 'D_dagger_layers': 8, 'D_dagger_layer_units_exponent_0': 9, 'D_dagger_layer_units_exponent_1': 5, 'D_dagger_layer_units_exponent_2': 9, 'D_dagger_layer_units_exponent_3': 8, 'D_dagger_layer_units_exponent_4': 7, 'D_dagger_layer_units_exponent_5': 10, 'D_dagger_layer_units_exponent_6': 8, 'D_dagger_layer_units_exponent_7': 10, 'log_learning_rate': -3.0154296851259943, 'log_learning_rate_D': -3.5103845710620103, 'log_learning_rate_D_dagger': -4.351206595114109, 'training_batch_size': 10, 'training_p': 3}
	 epoch  0 training error:  tensor(0.7731, device='cuda:0', grad_fn=<DivBackward0>)
Memory status after this epoch: 
Memory allocated:  23.55224609375
Memory cached:  172.0
	 epoch  10 training error:  tensor(0.2040, device='cuda:0', grad_fn=<DivBackward0>)
Memory status after this epoch: 
Memory allocated:  23.55224609375
Memory cached:  290.0
	 epoch  20 training error:  tensor(0.1244, device='cuda:0', grad_fn=<DivBackward0>)
Memory status after this epoch: 
Memory allocated:  23.55224609375
Memory cached:  312.0
	 epoch  30 training error:  tensor(0.0807, device='cuda:0', grad_fn=<DivBackward0>)
Memory status after this epoch: 
Memory allocated:  23.55224609375
Memory cached:  300.0
	 epoch  40 training error:  tensor(0.0745, device='cuda:0', grad_fn=<DivBackward0>)
Memory status after this epoch: 
Memory allocated:  23.55224609375
Memory cached:  304.0
	 epoch  50 training error:  tensor(0.0708, device='cuda:0', grad_fn=<DivBackward0>)
Memory status after this epoch: 
Memory allocated:  23.55224609375
Memory cached:  290.0
	 epoch  60 training error:  tensor(0.0669, device='cuda:0', grad_fn=<DivBackward0>)
Memory status after this epoch: 
Memory allocated:  23.55224609375
Memory cached:  300.0
	 epoch  70 training error:  tensor(0.0656, device='cuda:0', grad_fn=<DivBackward0>)
Memory status after this epoch: 
Memory allocated:  23.55224609375
Memory cached:  300.0
	 epoch  80 training error:  tensor(0.0639, device='cuda:0', grad_fn=<DivBackward0>)
Memory status after this epoch: 
Memory allocated:  23.55224609375
Memory cached:  308.0
	 epoch  90 training error:  tensor(0.0613, device='cuda:0', grad_fn=<DivBackward0>)
Memory status after this epoch: 
Memory allocated:  23.55224609375
Memory cached:  302.0
[I 2023-11-08 17:57:24,793] Trial 43 finished with value: 0.05471174791455269 and parameters: {'W_layers': 4, 'W_layer_units_exponent_0': 8, 'W_layer_units_exponent_1': 4, 'W_layer_units_exponent_2': 9, 'W_layer_units_exponent_3': 7, 'D_layers': 5, 'D_layer_units_exponent_0': 7, 'D_layer_units_exponent_1': 5, 'D_layer_units_exponent_2': 6, 'D_layer_units_exponent_3': 10, 'D_layer_units_exponent_4': 9, 'D_dagger_layers': 8, 'D_dagger_layer_units_exponent_0': 9, 'D_dagger_layer_units_exponent_1': 5, 'D_dagger_layer_units_exponent_2': 9, 'D_dagger_layer_units_exponent_3': 8, 'D_dagger_layer_units_exponent_4': 7, 'D_dagger_layer_units_exponent_5': 10, 'D_dagger_layer_units_exponent_6': 8, 'D_dagger_layer_units_exponent_7': 10, 'log_learning_rate': -3.0154296851259943, 'log_learning_rate_D': -3.5103845710620103, 'log_learning_rate_D_dagger': -4.351206595114109, 'training_batch_size': 10, 'training_p': 3}. Best is trial 33 with value: 0.03574328497052193.
Time for this trial:  240.6704123020172
Memory status after this trial: 
Memory allocated:  354.5927734375
Memory cached:  380.0
--------------------  Trial  44   --------------------
Start timing: 
Parameters: 
{'W_layers': 5, 'W_layer_units_exponent_0': 6, 'W_layer_units_exponent_1': 5, 'W_layer_units_exponent_2': 10, 'W_layer_units_exponent_3': 6, 'W_layer_units_exponent_4': 9, 'D_layers': 2, 'D_layer_units_exponent_0': 10, 'D_layer_units_exponent_1': 6, 'D_dagger_layers': 6, 'D_dagger_layer_units_exponent_0': 8, 'D_dagger_layer_units_exponent_1': 4, 'D_dagger_layer_units_exponent_2': 10, 'D_dagger_layer_units_exponent_3': 7, 'D_dagger_layer_units_exponent_4': 8, 'D_dagger_layer_units_exponent_5': 7, 'log_learning_rate': -2.532197403846249, 'log_learning_rate_D': -4.230399146323472, 'log_learning_rate_D_dagger': -4.14327448441075, 'training_batch_size': 7, 'training_p': 5}
	 epoch  0 training error:  tensor(1.1183, device='cuda:0', grad_fn=<DivBackward0>)
Memory status after this epoch: 
Memory allocated:  6.58935546875
Memory cached:  156.0
	 epoch  10 training error:  tensor(0.1257, device='cuda:0', grad_fn=<DivBackward0>)
Memory status after this epoch: 
Memory allocated:  6.58935546875
Memory cached:  254.0
	 epoch  20 training error:  tensor(0.1036, device='cuda:0', grad_fn=<DivBackward0>)
Memory status after this epoch: 
Memory allocated:  6.58935546875
Memory cached:  260.0
	 epoch  30 training error:  tensor(0.0927, device='cuda:0', grad_fn=<DivBackward0>)
Memory status after this epoch: 
Memory allocated:  6.58935546875
Memory cached:  260.0
	 epoch  40 training error:  tensor(0.0742, device='cuda:0', grad_fn=<DivBackward0>)
Memory status after this epoch: 
Memory allocated:  6.58935546875
Memory cached:  268.0
	 epoch  50 training error:  tensor(0.0725, device='cuda:0', grad_fn=<DivBackward0>)
Memory status after this epoch: 
Memory allocated:  6.58935546875
Memory cached:  268.0
	 epoch  60 training error:  tensor(0.0677, device='cuda:0', grad_fn=<DivBackward0>)
Memory status after this epoch: 
Memory allocated:  6.58935546875
Memory cached:  262.0
	 epoch  70 training error:  tensor(0.0651, device='cuda:0', grad_fn=<DivBackward0>)
Memory status after this epoch: 
Memory allocated:  6.58935546875
Memory cached:  274.0
	 epoch  80 training error:  tensor(0.0619, device='cuda:0', grad_fn=<DivBackward0>)
Memory status after this epoch: 
Memory allocated:  6.58935546875
Memory cached:  258.0
	 epoch  90 training error:  tensor(0.0584, device='cuda:0', grad_fn=<DivBackward0>)
Memory status after this epoch: 
Memory allocated:  6.58935546875
Memory cached:  250.0
[I 2023-11-08 18:00:43,796] Trial 44 finished with value: 0.051341306418180466 and parameters: {'W_layers': 5, 'W_layer_units_exponent_0': 6, 'W_layer_units_exponent_1': 5, 'W_layer_units_exponent_2': 10, 'W_layer_units_exponent_3': 6, 'W_layer_units_exponent_4': 9, 'D_layers': 2, 'D_layer_units_exponent_0': 10, 'D_layer_units_exponent_1': 6, 'D_dagger_layers': 6, 'D_dagger_layer_units_exponent_0': 8, 'D_dagger_layer_units_exponent_1': 4, 'D_dagger_layer_units_exponent_2': 10, 'D_dagger_layer_units_exponent_3': 7, 'D_dagger_layer_units_exponent_4': 8, 'D_dagger_layer_units_exponent_5': 7, 'log_learning_rate': -2.532197403846249, 'log_learning_rate_D': -4.230399146323472, 'log_learning_rate_D_dagger': -4.14327448441075, 'training_batch_size': 7, 'training_p': 5}. Best is trial 33 with value: 0.03574328497052193.
Time for this trial:  198.71073579788208
Memory status after this trial: 
Memory allocated:  249.05810546875
Memory cached:  254.0
--------------------  Trial  45   --------------------
Start timing: 
Parameters: 
{'W_layers': 5, 'W_layer_units_exponent_0': 5, 'W_layer_units_exponent_1': 5, 'W_layer_units_exponent_2': 10, 'W_layer_units_exponent_3': 5, 'W_layer_units_exponent_4': 9, 'D_layers': 2, 'D_layer_units_exponent_0': 10, 'D_layer_units_exponent_1': 7, 'D_dagger_layers': 6, 'D_dagger_layer_units_exponent_0': 8, 'D_dagger_layer_units_exponent_1': 5, 'D_dagger_layer_units_exponent_2': 10, 'D_dagger_layer_units_exponent_3': 7, 'D_dagger_layer_units_exponent_4': 10, 'D_dagger_layer_units_exponent_5': 7, 'log_learning_rate': -2.5451852326964928, 'log_learning_rate_D': -4.423288795877294, 'log_learning_rate_D_dagger': -4.163405311184729, 'training_batch_size': 7, 'training_p': 6}
	 epoch  0 training error:  tensor(1.0600, device='cuda:0', grad_fn=<DivBackward0>)
Memory status after this epoch: 
Memory allocated:  10.14599609375
Memory cached:  118.0
	 epoch  10 training error:  tensor(0.2529, device='cuda:0', grad_fn=<DivBackward0>)
Memory status after this epoch: 
Memory allocated:  10.14599609375
Memory cached:  172.0
	 epoch  20 training error:  tensor(0.1537, device='cuda:0', grad_fn=<DivBackward0>)
Memory status after this epoch: 
Memory allocated:  10.14599609375
Memory cached:  170.0
	 epoch  30 training error:  tensor(0.0783, device='cuda:0', grad_fn=<DivBackward0>)
Memory status after this epoch: 
Memory allocated:  10.14599609375
Memory cached:  160.0
	 epoch  40 training error:  tensor(0.0960, device='cuda:0', grad_fn=<DivBackward0>)
Memory status after this epoch: 
Memory allocated:  10.14599609375
Memory cached:  172.0
	 epoch  50 training error:  tensor(0.0672, device='cuda:0', grad_fn=<DivBackward0>)
Memory status after this epoch: 
Memory allocated:  10.14599609375
Memory cached:  162.0
	 epoch  60 training error:  tensor(0.0538, device='cuda:0', grad_fn=<DivBackward0>)
Memory status after this epoch: 
Memory allocated:  10.14599609375
Memory cached:  166.0
	 epoch  70 training error:  tensor(0.0466, device='cuda:0', grad_fn=<DivBackward0>)
Memory status after this epoch: 
Memory allocated:  10.14599609375
Memory cached:  166.0
	 epoch  80 training error:  tensor(0.0428, device='cuda:0', grad_fn=<DivBackward0>)
Memory status after this epoch: 
Memory allocated:  10.14599609375
Memory cached:  166.0
	 epoch  90 training error:  tensor(0.0463, device='cuda:0', grad_fn=<DivBackward0>)
Memory status after this epoch: 
Memory allocated:  10.14599609375
Memory cached:  170.0
[I 2023-11-08 18:04:10,642] Trial 45 finished with value: 0.035993654280900955 and parameters: {'W_layers': 5, 'W_layer_units_exponent_0': 5, 'W_layer_units_exponent_1': 5, 'W_layer_units_exponent_2': 10, 'W_layer_units_exponent_3': 5, 'W_layer_units_exponent_4': 9, 'D_layers': 2, 'D_layer_units_exponent_0': 10, 'D_layer_units_exponent_1': 7, 'D_dagger_layers': 6, 'D_dagger_layer_units_exponent_0': 8, 'D_dagger_layer_units_exponent_1': 5, 'D_dagger_layer_units_exponent_2': 10, 'D_dagger_layer_units_exponent_3': 7, 'D_dagger_layer_units_exponent_4': 10, 'D_dagger_layer_units_exponent_5': 7, 'log_learning_rate': -2.5451852326964928, 'log_learning_rate_D': -4.423288795877294, 'log_learning_rate_D_dagger': -4.163405311184729, 'training_batch_size': 7, 'training_p': 6}. Best is trial 33 with value: 0.03574328497052193.
Time for this trial:  206.55560564994812
Memory status after this trial: 
Memory allocated:  292.50146484375
Memory cached:  298.0
--------------------  Trial  46   --------------------
Start timing: 
Parameters: 
{'W_layers': 6, 'W_layer_units_exponent_0': 5, 'W_layer_units_exponent_1': 6, 'W_layer_units_exponent_2': 10, 'W_layer_units_exponent_3': 10, 'W_layer_units_exponent_4': 8, 'W_layer_units_exponent_5': 6, 'D_layers': 2, 'D_layer_units_exponent_0': 10, 'D_layer_units_exponent_1': 7, 'D_dagger_layers': 6, 'D_dagger_layer_units_exponent_0': 8, 'D_dagger_layer_units_exponent_1': 5, 'D_dagger_layer_units_exponent_2': 9, 'D_dagger_layer_units_exponent_3': 6, 'D_dagger_layer_units_exponent_4': 10, 'D_dagger_layer_units_exponent_5': 6, 'log_learning_rate': -2.2968280942526142, 'log_learning_rate_D': -4.4990214382826865, 'log_learning_rate_D_dagger': -3.750894298734048, 'training_batch_size': 6, 'training_p': 7}
	 epoch  0 training error:  tensor(2.2355, device='cuda:0', grad_fn=<DivBackward0>)
Memory status after this epoch: 
Memory allocated:  26.43408203125
Memory cached:  144.0
	 epoch  10 training error:  tensor(0.1926, device='cuda:0', grad_fn=<DivBackward0>)
Memory status after this epoch: 
Memory allocated:  26.43408203125
Memory cached:  140.0
	 epoch  20 training error:  tensor(0.1123, device='cuda:0', grad_fn=<DivBackward0>)
Memory status after this epoch: 
Memory allocated:  26.43408203125
Memory cached:  142.0
	 epoch  30 training error:  tensor(0.1026, device='cuda:0', grad_fn=<DivBackward0>)
Memory status after this epoch: 
Memory allocated:  26.43408203125
Memory cached:  140.0
	 epoch  40 training error:  tensor(0.1020, device='cuda:0', grad_fn=<DivBackward0>)
Memory status after this epoch: 
Memory allocated:  26.43408203125
Memory cached:  140.0
	 epoch  50 training error:  tensor(0.1010, device='cuda:0', grad_fn=<DivBackward0>)
Memory status after this epoch: 
Memory allocated:  26.43408203125
Memory cached:  140.0
	 epoch  60 training error:  tensor(0.1038, device='cuda:0', grad_fn=<DivBackward0>)
Memory status after this epoch: 
Memory allocated:  26.43408203125
Memory cached:  136.0
	 epoch  70 training error:  tensor(0.0981, device='cuda:0', grad_fn=<DivBackward0>)
Memory status after this epoch: 
Memory allocated:  26.43408203125
Memory cached:  140.0
	 epoch  80 training error:  tensor(0.1081, device='cuda:0', grad_fn=<DivBackward0>)
Memory status after this epoch: 
Memory allocated:  26.43408203125
Memory cached:  138.0
	 epoch  90 training error:  tensor(0.1032, device='cuda:0', grad_fn=<DivBackward0>)
Memory status after this epoch: 
Memory allocated:  26.43408203125
Memory cached:  140.0
[I 2023-11-08 18:10:20,930] Trial 46 finished with value: 0.08142893761396408 and parameters: {'W_layers': 6, 'W_layer_units_exponent_0': 5, 'W_layer_units_exponent_1': 6, 'W_layer_units_exponent_2': 10, 'W_layer_units_exponent_3': 10, 'W_layer_units_exponent_4': 8, 'W_layer_units_exponent_5': 6, 'D_layers': 2, 'D_layer_units_exponent_0': 10, 'D_layer_units_exponent_1': 7, 'D_dagger_layers': 6, 'D_dagger_layer_units_exponent_0': 8, 'D_dagger_layer_units_exponent_1': 5, 'D_dagger_layer_units_exponent_2': 9, 'D_dagger_layer_units_exponent_3': 6, 'D_dagger_layer_units_exponent_4': 10, 'D_dagger_layer_units_exponent_5': 6, 'log_learning_rate': -2.2968280942526142, 'log_learning_rate_D': -4.4990214382826865, 'log_learning_rate_D_dagger': -3.750894298734048, 'training_batch_size': 6, 'training_p': 7}. Best is trial 33 with value: 0.03574328497052193.
Time for this trial:  369.96036887168884
Memory status after this trial: 
Memory allocated:  310.93603515625
Memory cached:  330.0
--------------------  Trial  47   --------------------
Start timing: 
Parameters: 
{'W_layers': 5, 'W_layer_units_exponent_0': 4, 'W_layer_units_exponent_1': 6, 'W_layer_units_exponent_2': 5, 'W_layer_units_exponent_3': 5, 'W_layer_units_exponent_4': 9, 'D_layers': 2, 'D_layer_units_exponent_0': 9, 'D_layer_units_exponent_1': 7, 'D_dagger_layers': 5, 'D_dagger_layer_units_exponent_0': 5, 'D_dagger_layer_units_exponent_1': 10, 'D_dagger_layer_units_exponent_2': 8, 'D_dagger_layer_units_exponent_3': 7, 'D_dagger_layer_units_exponent_4': 10, 'log_learning_rate': -2.0503650453187134, 'log_learning_rate_D': -4.75967677624155, 'log_learning_rate_D_dagger': -3.944055662961206, 'training_batch_size': 11, 'training_p': 6}
	 epoch  0 training error:  tensor(1.1686, device='cuda:0', grad_fn=<DivBackward0>)
Memory status after this epoch: 
Memory allocated:  8.54052734375
Memory cached:  158.0
	 epoch  10 training error:  tensor(0.1783, device='cuda:0', grad_fn=<DivBackward0>)
Memory status after this epoch: 
Memory allocated:  8.54052734375
Memory cached:  242.0
	 epoch  20 training error:  tensor(0.1408, device='cuda:0', grad_fn=<DivBackward0>)
Memory status after this epoch: 
Memory allocated:  8.54052734375
Memory cached:  256.0
	 epoch  30 training error:  tensor(0.1112, device='cuda:0', grad_fn=<DivBackward0>)
Memory status after this epoch: 
Memory allocated:  8.54052734375
Memory cached:  252.0
	 epoch  40 training error:  tensor(0.1001, device='cuda:0', grad_fn=<DivBackward0>)
Memory status after this epoch: 
Memory allocated:  8.54052734375
Memory cached:  262.0
	 epoch  50 training error:  tensor(0.0747, device='cuda:0', grad_fn=<DivBackward0>)
Memory status after this epoch: 
Memory allocated:  8.54052734375
Memory cached:  258.0
	 epoch  60 training error:  tensor(0.0805, device='cuda:0', grad_fn=<DivBackward0>)
Memory status after this epoch: 
Memory allocated:  8.54052734375
Memory cached:  260.0
	 epoch  70 training error:  tensor(0.0593, device='cuda:0', grad_fn=<DivBackward0>)
Memory status after this epoch: 
Memory allocated:  8.54052734375
Memory cached:  258.0
	 epoch  80 training error:  tensor(0.0616, device='cuda:0', grad_fn=<DivBackward0>)
Memory status after this epoch: 
Memory allocated:  8.54052734375
Memory cached:  256.0
	 epoch  90 training error:  tensor(0.0515, device='cuda:0', grad_fn=<DivBackward0>)
Memory status after this epoch: 
Memory allocated:  8.54052734375
Memory cached:  250.0
[I 2023-11-08 18:13:27,172] Trial 47 finished with value: 0.07490827143192291 and parameters: {'W_layers': 5, 'W_layer_units_exponent_0': 4, 'W_layer_units_exponent_1': 6, 'W_layer_units_exponent_2': 5, 'W_layer_units_exponent_3': 5, 'W_layer_units_exponent_4': 9, 'D_layers': 2, 'D_layer_units_exponent_0': 9, 'D_layer_units_exponent_1': 7, 'D_dagger_layers': 5, 'D_dagger_layer_units_exponent_0': 5, 'D_dagger_layer_units_exponent_1': 10, 'D_dagger_layer_units_exponent_2': 8, 'D_dagger_layer_units_exponent_3': 7, 'D_dagger_layer_units_exponent_4': 10, 'log_learning_rate': -2.0503650453187134, 'log_learning_rate_D': -4.75967677624155, 'log_learning_rate_D_dagger': -3.944055662961206, 'training_batch_size': 11, 'training_p': 6}. Best is trial 33 with value: 0.03574328497052193.
Time for this trial:  185.9419023990631
Memory status after this trial: 
Memory allocated:  205.83935546875
Memory cached:  212.0
--------------------  Trial  48   --------------------
Start timing: 
Parameters: 
{'W_layers': 6, 'W_layer_units_exponent_0': 8, 'W_layer_units_exponent_1': 5, 'W_layer_units_exponent_2': 10, 'W_layer_units_exponent_3': 5, 'W_layer_units_exponent_4': 10, 'W_layer_units_exponent_5': 4, 'D_layers': 3, 'D_layer_units_exponent_0': 10, 'D_layer_units_exponent_1': 8, 'D_layer_units_exponent_2': 8, 'D_dagger_layers': 6, 'D_dagger_layer_units_exponent_0': 8, 'D_dagger_layer_units_exponent_1': 5, 'D_dagger_layer_units_exponent_2': 10, 'D_dagger_layer_units_exponent_3': 6, 'D_dagger_layer_units_exponent_4': 10, 'D_dagger_layer_units_exponent_5': 7, 'log_learning_rate': -2.5461465234989444, 'log_learning_rate_D': -4.329661047502405, 'log_learning_rate_D_dagger': -4.110358955112471, 'training_batch_size': 10, 'training_p': 6}
	 epoch  0 training error:  tensor(1.0368, device='cuda:0', grad_fn=<DivBackward0>)
Memory status after this epoch: 
Memory allocated:  11.77880859375
Memory cached:  150.0
	 epoch  10 training error:  tensor(0.5565, device='cuda:0', grad_fn=<DivBackward0>)
Memory status after this epoch: 
Memory allocated:  11.77880859375
Memory cached:  282.0
	 epoch  20 training error:  tensor(0.1382, device='cuda:0', grad_fn=<DivBackward0>)
Memory status after this epoch: 
Memory allocated:  11.77880859375
Memory cached:  266.0
	 epoch  30 training error:  tensor(0.1413, device='cuda:0', grad_fn=<DivBackward0>)
Memory status after this epoch: 
Memory allocated:  11.77880859375
Memory cached:  272.0
	 epoch  40 training error:  tensor(0.0729, device='cuda:0', grad_fn=<DivBackward0>)
Memory status after this epoch: 
Memory allocated:  11.77880859375
Memory cached:  276.0
	 epoch  50 training error:  tensor(0.0760, device='cuda:0', grad_fn=<DivBackward0>)
Memory status after this epoch: 
Memory allocated:  11.77880859375
Memory cached:  280.0
	 epoch  60 training error:  tensor(0.0643, device='cuda:0', grad_fn=<DivBackward0>)
Memory status after this epoch: 
Memory allocated:  11.77880859375
Memory cached:  272.0
	 epoch  70 training error:  tensor(0.0598, device='cuda:0', grad_fn=<DivBackward0>)
Memory status after this epoch: 
Memory allocated:  11.77880859375
Memory cached:  280.0
	 epoch  80 training error:  tensor(0.0543, device='cuda:0', grad_fn=<DivBackward0>)
Memory status after this epoch: 
Memory allocated:  11.77880859375
Memory cached:  280.0
	 epoch  90 training error:  tensor(0.0629, device='cuda:0', grad_fn=<DivBackward0>)
Memory status after this epoch: 
Memory allocated:  11.77880859375
Memory cached:  282.0
