[I 2023-11-01 15:58:52,153] Trial 9 finished with value: 0.22989724576473236 and parameters: {'W_layers': 8, 'W_layer_units_exponent_0': 10, 'W_layer_units_exponent_1': 4, 'W_layer_units_exponent_2': 7, 'W_layer_units_exponent_3': 7, 'W_layer_units_exponent_4': 9, 'W_layer_units_exponent_5': 6, 'W_layer_units_exponent_6': 5, 'W_layer_units_exponent_7': 7, 'D_layers': 5, 'D_layer_units_exponent_0': 6, 'D_layer_units_exponent_1': 6, 'D_layer_units_exponent_2': 10, 'D_layer_units_exponent_3': 7, 'D_layer_units_exponent_4': 7, 'log_learning_rate': -4.1033515759917965, 'log_learning_rate_D': -3.4553467159756943, 'training_batch_size': 11, 'training_p': 6}. Best is trial 5 with value: 0.22906675934791565.
Time for this trial:  171.87894892692566
Memory status after this trial: 
Memory allocated:  186.587890625
Memory cached:  190.0
--------------------  Trial  10   --------------------
Start timing: 
Parameters: 
{'W_layers': 7, 'W_layer_units_exponent_0': 4, 'W_layer_units_exponent_1': 10, 'W_layer_units_exponent_2': 4, 'W_layer_units_exponent_3': 4, 'W_layer_units_exponent_4': 4, 'W_layer_units_exponent_5': 10, 'W_layer_units_exponent_6': 10, 'D_layers': 2, 'D_layer_units_exponent_0': 7, 'D_layer_units_exponent_1': 10, 'log_learning_rate': -2.834550371572548, 'log_learning_rate_D': -1.3144653330540186, 'training_batch_size': 12, 'training_p': 4}
	 epoch  0 training error:  tensor(0.9995, device='cuda:0', grad_fn=<DivBackward0>)
Memory status after this epoch: 
Memory allocated:  18.9091796875
Memory cached:  30.0
	 epoch  10 training error:  tensor(0.4069, device='cuda:0', grad_fn=<DivBackward0>)
Memory status after this epoch: 
Memory allocated:  18.9091796875
Memory cached:  38.0
	 epoch  20 training error:  tensor(0.3810, device='cuda:0', grad_fn=<DivBackward0>)
Memory status after this epoch: 
Memory allocated:  18.9091796875
Memory cached:  38.0
	 epoch  30 training error:  tensor(0.2871, device='cuda:0', grad_fn=<DivBackward0>)
Memory status after this epoch: 
Memory allocated:  18.9091796875
Memory cached:  36.0
	 epoch  40 training error:  tensor(0.2536, device='cuda:0', grad_fn=<DivBackward0>)
Memory status after this epoch: 
Memory allocated:  18.9091796875
Memory cached:  38.0
	 epoch  50 training error:  tensor(0.2523, device='cuda:0', grad_fn=<DivBackward0>)
Memory status after this epoch: 
Memory allocated:  18.9091796875
Memory cached:  36.0
	 epoch  60 training error:  tensor(0.2524, device='cuda:0', grad_fn=<DivBackward0>)
Memory status after this epoch: 
Memory allocated:  18.9091796875
Memory cached:  36.0
	 epoch  70 training error:  tensor(0.2522, device='cuda:0', grad_fn=<DivBackward0>)
Memory status after this epoch: 
Memory allocated:  18.9091796875
Memory cached:  36.0
	 epoch  80 training error:  tensor(0.2523, device='cuda:0', grad_fn=<DivBackward0>)
Memory status after this epoch: 
Memory allocated:  18.9091796875
Memory cached:  36.0
	 epoch  90 training error:  tensor(0.2523, device='cuda:0', grad_fn=<DivBackward0>)
Memory status after this epoch: 
Memory allocated:  18.9091796875
Memory cached:  36.0
[I 2023-11-01 16:01:21,344] Trial 10 finished with value: 0.22995510697364807 and parameters: {'W_layers': 7, 'W_layer_units_exponent_0': 4, 'W_layer_units_exponent_1': 10, 'W_layer_units_exponent_2': 4, 'W_layer_units_exponent_3': 4, 'W_layer_units_exponent_4': 4, 'W_layer_units_exponent_5': 10, 'W_layer_units_exponent_6': 10, 'D_layers': 2, 'D_layer_units_exponent_0': 7, 'D_layer_units_exponent_1': 10, 'log_learning_rate': -2.834550371572548, 'log_learning_rate_D': -1.3144653330540186, 'training_batch_size': 12, 'training_p': 4}. Best is trial 5 with value: 0.22906675934791565.
Time for this trial:  148.963538646698
Memory status after this trial: 
Memory allocated:  239.169921875
Memory cached:  254.0
--------------------  Trial  11   --------------------
Start timing: 
Parameters: 
{'W_layers': 8, 'W_layer_units_exponent_0': 10, 'W_layer_units_exponent_1': 10, 'W_layer_units_exponent_2': 6, 'W_layer_units_exponent_3': 10, 'W_layer_units_exponent_4': 9, 'W_layer_units_exponent_5': 4, 'W_layer_units_exponent_6': 5, 'W_layer_units_exponent_7': 7, 'D_layers': 6, 'D_layer_units_exponent_0': 6, 'D_layer_units_exponent_1': 5, 'D_layer_units_exponent_2': 10, 'D_layer_units_exponent_3': 8, 'D_layer_units_exponent_4': 10, 'D_layer_units_exponent_5': 4, 'log_learning_rate': -4.718072076118285, 'log_learning_rate_D': -2.170022738056965, 'training_batch_size': 11, 'training_p': 6}
	 epoch  0 training error:  tensor(1.0029, device='cuda:0', grad_fn=<DivBackward0>)
Memory status after this epoch: 
Memory allocated:  35.2041015625
Memory cached:  60.0
	 epoch  10 training error:  tensor(0.9144, device='cuda:0', grad_fn=<DivBackward0>)
Memory status after this epoch: 
Memory allocated:  35.2041015625
Memory cached:  64.0
	 epoch  20 training error:  tensor(0.7366, device='cuda:0', grad_fn=<DivBackward0>)
Memory status after this epoch: 
Memory allocated:  35.2041015625
Memory cached:  64.0
	 epoch  30 training error:  tensor(0.3913, device='cuda:0', grad_fn=<DivBackward0>)
Memory status after this epoch: 
Memory allocated:  35.2041015625
Memory cached:  66.0
	 epoch  40 training error:  tensor(0.3303, device='cuda:0', grad_fn=<DivBackward0>)
Memory status after this epoch: 
Memory allocated:  35.2041015625
Memory cached:  66.0
	 epoch  50 training error:  tensor(0.2804, device='cuda:0', grad_fn=<DivBackward0>)
Memory status after this epoch: 
Memory allocated:  35.2041015625
Memory cached:  64.0
	 epoch  60 training error:  tensor(0.2619, device='cuda:0', grad_fn=<DivBackward0>)
Memory status after this epoch: 
Memory allocated:  35.2041015625
Memory cached:  64.0
	 epoch  70 training error:  tensor(0.2587, device='cuda:0', grad_fn=<DivBackward0>)
Memory status after this epoch: 
Memory allocated:  35.2041015625
Memory cached:  66.0
	 epoch  80 training error:  tensor(0.2579, device='cuda:0', grad_fn=<DivBackward0>)
Memory status after this epoch: 
Memory allocated:  35.2041015625
Memory cached:  66.0
	 epoch  90 training error:  tensor(0.2578, device='cuda:0', grad_fn=<DivBackward0>)
Memory status after this epoch: 
Memory allocated:  35.2041015625
Memory cached:  64.0
[I 2023-11-01 16:04:40,194] Trial 11 finished with value: 0.22894392907619476 and parameters: {'W_layers': 8, 'W_layer_units_exponent_0': 10, 'W_layer_units_exponent_1': 10, 'W_layer_units_exponent_2': 6, 'W_layer_units_exponent_3': 10, 'W_layer_units_exponent_4': 9, 'W_layer_units_exponent_5': 4, 'W_layer_units_exponent_6': 5, 'W_layer_units_exponent_7': 7, 'D_layers': 6, 'D_layer_units_exponent_0': 6, 'D_layer_units_exponent_1': 5, 'D_layer_units_exponent_2': 10, 'D_layer_units_exponent_3': 8, 'D_layer_units_exponent_4': 10, 'D_layer_units_exponent_5': 4, 'log_learning_rate': -4.718072076118285, 'log_learning_rate_D': -2.170022738056965, 'training_batch_size': 11, 'training_p': 6}. Best is trial 11 with value: 0.22894392907619476.
Time for this trial:  198.62623047828674
Memory status after this trial: 
Memory allocated:  350.546875
Memory cached:  366.0
--------------------  Trial  12   --------------------
Start timing: 
Parameters: 
{'W_layers': 8, 'W_layer_units_exponent_0': 9, 'W_layer_units_exponent_1': 10, 'W_layer_units_exponent_2': 6, 'W_layer_units_exponent_3': 10, 'W_layer_units_exponent_4': 4, 'W_layer_units_exponent_5': 4, 'W_layer_units_exponent_6': 6, 'W_layer_units_exponent_7': 9, 'D_layers': 6, 'D_layer_units_exponent_0': 4, 'D_layer_units_exponent_1': 4, 'D_layer_units_exponent_2': 4, 'D_layer_units_exponent_3': 9, 'D_layer_units_exponent_4': 10, 'D_layer_units_exponent_5': 4, 'log_learning_rate': -4.9663094357175765, 'log_learning_rate_D': -1.9238028612589506, 'training_batch_size': 10, 'training_p': 6}
	 epoch  0 training error:  tensor(1.0067, device='cuda:0', grad_fn=<DivBackward0>)
Memory status after this epoch: 
Memory allocated:  19.3271484375
Memory cached:  42.0
	 epoch  10 training error:  tensor(0.9883, device='cuda:0', grad_fn=<DivBackward0>)
Memory status after this epoch: 
Memory allocated:  19.3271484375
Memory cached:  48.0
	 epoch  20 training error:  tensor(0.9664, device='cuda:0', grad_fn=<DivBackward0>)
Memory status after this epoch: 
Memory allocated:  19.3271484375
Memory cached:  48.0
	 epoch  30 training error:  tensor(0.9354, device='cuda:0', grad_fn=<DivBackward0>)
Memory status after this epoch: 
Memory allocated:  19.3271484375
Memory cached:  48.0
	 epoch  40 training error:  tensor(0.8895, device='cuda:0', grad_fn=<DivBackward0>)
Memory status after this epoch: 
Memory allocated:  19.3271484375
Memory cached:  50.0
	 epoch  50 training error:  tensor(0.8216, device='cuda:0', grad_fn=<DivBackward0>)
Memory status after this epoch: 
Memory allocated:  19.3271484375
Memory cached:  50.0
	 epoch  60 training error:  tensor(0.7232, device='cuda:0', grad_fn=<DivBackward0>)
Memory status after this epoch: 
Memory allocated:  19.3271484375
Memory cached:  48.0
	 epoch  70 training error:  tensor(0.5873, device='cuda:0', grad_fn=<DivBackward0>)
Memory status after this epoch: 
Memory allocated:  19.3271484375
Memory cached:  46.0
	 epoch  80 training error:  tensor(0.4032, device='cuda:0', grad_fn=<DivBackward0>)
Memory status after this epoch: 
Memory allocated:  19.3271484375
Memory cached:  46.0
	 epoch  90 training error:  tensor(0.2593, device='cuda:0', grad_fn=<DivBackward0>)
Memory status after this epoch: 
Memory allocated:  19.3271484375
Memory cached:  46.0
[I 2023-11-01 16:07:48,197] Trial 12 finished with value: 0.22162218391895294 and parameters: {'W_layers': 8, 'W_layer_units_exponent_0': 9, 'W_layer_units_exponent_1': 10, 'W_layer_units_exponent_2': 6, 'W_layer_units_exponent_3': 10, 'W_layer_units_exponent_4': 4, 'W_layer_units_exponent_5': 4, 'W_layer_units_exponent_6': 6, 'W_layer_units_exponent_7': 9, 'D_layers': 6, 'D_layer_units_exponent_0': 4, 'D_layer_units_exponent_1': 4, 'D_layer_units_exponent_2': 4, 'D_layer_units_exponent_3': 9, 'D_layer_units_exponent_4': 10, 'D_layer_units_exponent_5': 4, 'log_learning_rate': -4.9663094357175765, 'log_learning_rate_D': -1.9238028612589506, 'training_batch_size': 10, 'training_p': 6}. Best is trial 12 with value: 0.22162218391895294.
Time for this trial:  187.7612853050232
Memory status after this trial: 
Memory allocated:  268.52734375
Memory cached:  284.0
--------------------  Trial  13   --------------------
Start timing: 
Parameters: 
{'W_layers': 8, 'W_layer_units_exponent_0': 10, 'W_layer_units_exponent_1': 9, 'W_layer_units_exponent_2': 6, 'W_layer_units_exponent_3': 10, 'W_layer_units_exponent_4': 7, 'W_layer_units_exponent_5': 4, 'W_layer_units_exponent_6': 8, 'W_layer_units_exponent_7': 10, 'D_layers': 6, 'D_layer_units_exponent_0': 4, 'D_layer_units_exponent_1': 4, 'D_layer_units_exponent_2': 4, 'D_layer_units_exponent_3': 8, 'D_layer_units_exponent_4': 10, 'D_layer_units_exponent_5': 4, 'log_learning_rate': -4.940012461282586, 'log_learning_rate_D': -2.041781011402569, 'training_batch_size': 10, 'training_p': 6}
	 epoch  0 training error:  tensor(0.9971, device='cuda:0', grad_fn=<DivBackward0>)
Memory status after this epoch: 
Memory allocated:  20.1416015625
Memory cached:  46.0
	 epoch  10 training error:  tensor(0.9599, device='cuda:0', grad_fn=<DivBackward0>)
Memory status after this epoch: 
Memory allocated:  20.1416015625
Memory cached:  54.0
	 epoch  20 training error:  tensor(0.8877, device='cuda:0', grad_fn=<DivBackward0>)
Memory status after this epoch: 
Memory allocated:  20.1416015625
Memory cached:  50.0
	 epoch  30 training error:  tensor(0.7449, device='cuda:0', grad_fn=<DivBackward0>)
Memory status after this epoch: 
Memory allocated:  20.1416015625
Memory cached:  50.0
	 epoch  40 training error:  tensor(0.4861, device='cuda:0', grad_fn=<DivBackward0>)
Memory status after this epoch: 
Memory allocated:  20.1416015625
Memory cached:  52.0
	 epoch  50 training error:  tensor(0.3005, device='cuda:0', grad_fn=<DivBackward0>)
Memory status after this epoch: 
Memory allocated:  20.1416015625
Memory cached:  52.0
	 epoch  60 training error:  tensor(0.2577, device='cuda:0', grad_fn=<DivBackward0>)
Memory status after this epoch: 
Memory allocated:  20.1416015625
Memory cached:  52.0
	 epoch  70 training error:  tensor(0.2641, device='cuda:0', grad_fn=<DivBackward0>)
Memory status after this epoch: 
Memory allocated:  20.1416015625
Memory cached:  52.0
	 epoch  80 training error:  tensor(0.2619, device='cuda:0', grad_fn=<DivBackward0>)
Memory status after this epoch: 
Memory allocated:  20.1416015625
Memory cached:  52.0
	 epoch  90 training error:  tensor(0.2592, device='cuda:0', grad_fn=<DivBackward0>)
Memory status after this epoch: 
Memory allocated:  20.1416015625
Memory cached:  52.0
[I 2023-11-01 16:11:01,248] Trial 13 finished with value: 0.22735317051410675 and parameters: {'W_layers': 8, 'W_layer_units_exponent_0': 10, 'W_layer_units_exponent_1': 9, 'W_layer_units_exponent_2': 6, 'W_layer_units_exponent_3': 10, 'W_layer_units_exponent_4': 7, 'W_layer_units_exponent_5': 4, 'W_layer_units_exponent_6': 8, 'W_layer_units_exponent_7': 10, 'D_layers': 6, 'D_layer_units_exponent_0': 4, 'D_layer_units_exponent_1': 4, 'D_layer_units_exponent_2': 4, 'D_layer_units_exponent_3': 8, 'D_layer_units_exponent_4': 10, 'D_layer_units_exponent_5': 4, 'log_learning_rate': -4.940012461282586, 'log_learning_rate_D': -2.041781011402569, 'training_batch_size': 10, 'training_p': 6}. Best is trial 12 with value: 0.22162218391895294.
Time for this trial:  192.80332589149475
Memory status after this trial: 
Memory allocated:  298.8076171875
Memory cached:  322.0
--------------------  Trial  14   --------------------
Start timing: 
Parameters: 
{'W_layers': 6, 'W_layer_units_exponent_0': 9, 'W_layer_units_exponent_1': 9, 'W_layer_units_exponent_2': 6, 'W_layer_units_exponent_3': 10, 'W_layer_units_exponent_4': 6, 'W_layer_units_exponent_5': 4, 'D_layers': 6, 'D_layer_units_exponent_0': 4, 'D_layer_units_exponent_1': 4, 'D_layer_units_exponent_2': 4, 'D_layer_units_exponent_3': 8, 'D_layer_units_exponent_4': 10, 'D_layer_units_exponent_5': 4, 'log_learning_rate': -4.840502936811397, 'log_learning_rate_D': -2.191560701136219, 'training_batch_size': 9, 'training_p': 7}
	 epoch  0 training error:  tensor(0.9769, device='cuda:0', grad_fn=<DivBackward0>)
Memory status after this epoch: 
Memory allocated:  10.9833984375
Memory cached:  22.0
	 epoch  10 training error:  tensor(0.8995, device='cuda:0', grad_fn=<DivBackward0>)
Memory status after this epoch: 
Memory allocated:  10.9833984375
Memory cached:  22.0
	 epoch  20 training error:  tensor(0.8070, device='cuda:0', grad_fn=<DivBackward0>)
Memory status after this epoch: 
Memory allocated:  10.9833984375
Memory cached:  22.0
	 epoch  30 training error:  tensor(0.6833, device='cuda:0', grad_fn=<DivBackward0>)
Memory status after this epoch: 
Memory allocated:  10.9833984375
Memory cached:  22.0
	 epoch  40 training error:  tensor(0.5146, device='cuda:0', grad_fn=<DivBackward0>)
Memory status after this epoch: 
Memory allocated:  10.9833984375
Memory cached:  22.0
	 epoch  50 training error:  tensor(0.2985, device='cuda:0', grad_fn=<DivBackward0>)
Memory status after this epoch: 
Memory allocated:  10.9833984375
Memory cached:  22.0
	 epoch  60 training error:  tensor(0.2909, device='cuda:0', grad_fn=<DivBackward0>)
Memory status after this epoch: 
Memory allocated:  10.9833984375
Memory cached:  22.0
	 epoch  70 training error:  tensor(0.2590, device='cuda:0', grad_fn=<DivBackward0>)
Memory status after this epoch: 
Memory allocated:  10.9833984375
Memory cached:  22.0
	 epoch  80 training error:  tensor(0.2606, device='cuda:0', grad_fn=<DivBackward0>)
Memory status after this epoch: 
Memory allocated:  10.9833984375
Memory cached:  22.0
	 epoch  90 training error:  tensor(0.2597, device='cuda:0', grad_fn=<DivBackward0>)
Memory status after this epoch: 
Memory allocated:  10.9833984375
Memory cached:  22.0
[I 2023-11-01 16:13:45,539] Trial 14 finished with value: 0.22970688343048096 and parameters: {'W_layers': 6, 'W_layer_units_exponent_0': 9, 'W_layer_units_exponent_1': 9, 'W_layer_units_exponent_2': 6, 'W_layer_units_exponent_3': 10, 'W_layer_units_exponent_4': 6, 'W_layer_units_exponent_5': 4, 'D_layers': 6, 'D_layer_units_exponent_0': 4, 'D_layer_units_exponent_1': 4, 'D_layer_units_exponent_2': 4, 'D_layer_units_exponent_3': 8, 'D_layer_units_exponent_4': 10, 'D_layer_units_exponent_5': 4, 'log_learning_rate': -4.840502936811397, 'log_learning_rate_D': -2.191560701136219, 'training_batch_size': 9, 'training_p': 7}. Best is trial 12 with value: 0.22162218391895294.
Time for this trial:  164.06586170196533
Memory status after this trial: 
Memory allocated:  195.107421875
Memory cached:  202.0
--------------------  Trial  15   --------------------
Start timing: 
Parameters: 
{'W_layers': 8, 'W_layer_units_exponent_0': 8, 'W_layer_units_exponent_1': 9, 'W_layer_units_exponent_2': 6, 'W_layer_units_exponent_3': 9, 'W_layer_units_exponent_4': 6, 'W_layer_units_exponent_5': 5, 'W_layer_units_exponent_6': 8, 'W_layer_units_exponent_7': 10, 'D_layers': 6, 'D_layer_units_exponent_0': 4, 'D_layer_units_exponent_1': 5, 'D_layer_units_exponent_2': 4, 'D_layer_units_exponent_3': 8, 'D_layer_units_exponent_4': 9, 'D_layer_units_exponent_5': 5, 'log_learning_rate': -4.456746563599438, 'log_learning_rate_D': -2.1775162756600177, 'training_batch_size': 10, 'training_p': 5}
	 epoch  0 training error:  tensor(1.0032, device='cuda:0', grad_fn=<DivBackward0>)
Memory status after this epoch: 
Memory allocated:  10.1259765625
Memory cached:  24.0
	 epoch  10 training error:  tensor(0.9268, device='cuda:0', grad_fn=<DivBackward0>)
Memory status after this epoch: 
Memory allocated:  10.1259765625
Memory cached:  26.0
	 epoch  20 training error:  tensor(0.7490, device='cuda:0', grad_fn=<DivBackward0>)
Memory status after this epoch: 
Memory allocated:  10.1259765625
Memory cached:  26.0
	 epoch  30 training error:  tensor(0.3538, device='cuda:0', grad_fn=<DivBackward0>)
Memory status after this epoch: 
Memory allocated:  10.1259765625
Memory cached:  26.0
	 epoch  40 training error:  tensor(0.3039, device='cuda:0', grad_fn=<DivBackward0>)
Memory status after this epoch: 
Memory allocated:  10.1259765625
Memory cached:  26.0
	 epoch  50 training error:  tensor(0.2601, device='cuda:0', grad_fn=<DivBackward0>)
Memory status after this epoch: 
Memory allocated:  10.1259765625
Memory cached:  26.0
	 epoch  60 training error:  tensor(0.2573, device='cuda:0', grad_fn=<DivBackward0>)
Memory status after this epoch: 
Memory allocated:  10.1259765625
Memory cached:  26.0
	 epoch  70 training error:  tensor(0.2559, device='cuda:0', grad_fn=<DivBackward0>)
Memory status after this epoch: 
Memory allocated:  10.1259765625
Memory cached:  26.0
	 epoch  80 training error:  tensor(0.2555, device='cuda:0', grad_fn=<DivBackward0>)
Memory status after this epoch: 
Memory allocated:  10.1259765625
Memory cached:  26.0
	 epoch  90 training error:  tensor(0.2556, device='cuda:0', grad_fn=<DivBackward0>)
Memory status after this epoch: 
Memory allocated:  10.1259765625
Memory cached:  26.0
