[I 2023-11-06 21:37:21,819] Trial 9 finished with value: 0.08155438303947449 and parameters: {'W_layers': 6, 'W_layer_units_exponent_0': 7, 'W_layer_units_exponent_1': 6, 'W_layer_units_exponent_2': 10, 'W_layer_units_exponent_3': 9, 'W_layer_units_exponent_4': 4, 'W_layer_units_exponent_5': 8, 'D_layers': 8, 'D_layer_units_exponent_0': 4, 'D_layer_units_exponent_1': 5, 'D_layer_units_exponent_2': 5, 'D_layer_units_exponent_3': 4, 'D_layer_units_exponent_4': 8, 'D_layer_units_exponent_5': 5, 'D_layer_units_exponent_6': 7, 'D_layer_units_exponent_7': 8, 'D_dagger_layers': 6, 'D_dagger_layer_units_exponent_0': 10, 'D_dagger_layer_units_exponent_1': 10, 'D_dagger_layer_units_exponent_2': 7, 'D_dagger_layer_units_exponent_3': 4, 'D_dagger_layer_units_exponent_4': 8, 'D_dagger_layer_units_exponent_5': 6, 'log_learning_rate': -1.2544260231877638, 'log_learning_rate_D': -1.6940701269735228, 'log_learning_rate_D_dagger': -3.37332734462338, 'training_batch_size': 6, 'training_p': 4}. Best is trial 5 with value: 0.04092565178871155.
Time for this trial:  452.37419271469116
Memory status after this trial: 
Memory allocated:  297.68359375
Memory cached:  330.0
--------------------  Trial  10   --------------------
Start timing: 
Parameters: 
{'W_layers': 8, 'W_layer_units_exponent_0': 4, 'W_layer_units_exponent_1': 4, 'W_layer_units_exponent_2': 5, 'W_layer_units_exponent_3': 4, 'W_layer_units_exponent_4': 4, 'W_layer_units_exponent_5': 4, 'W_layer_units_exponent_6': 5, 'W_layer_units_exponent_7': 9, 'D_layers': 2, 'D_layer_units_exponent_0': 6, 'D_layer_units_exponent_1': 4, 'D_dagger_layers': 6, 'D_dagger_layer_units_exponent_0': 4, 'D_dagger_layer_units_exponent_1': 5, 'D_dagger_layer_units_exponent_2': 10, 'D_dagger_layer_units_exponent_3': 10, 'D_dagger_layer_units_exponent_4': 10, 'D_dagger_layer_units_exponent_5': 10, 'log_learning_rate': -3.4423184621598706, 'log_learning_rate_D': -4.413615101746807, 'log_learning_rate_D_dagger': -2.8240002907184354, 'training_batch_size': 10, 'training_p': 8}
	 epoch  0 training error:  tensor(0.9951, device='cuda:0', grad_fn=<DivBackward0>)
Memory status after this epoch: 
Memory allocated:  49.06103515625
Memory cached:  196.0
	 epoch  10 training error:  tensor(0.9623, device='cuda:0', grad_fn=<DivBackward0>)
Memory status after this epoch: 
Memory allocated:  49.06103515625
Memory cached:  326.0
	 epoch  20 training error:  tensor(0.8260, device='cuda:0', grad_fn=<DivBackward0>)
Memory status after this epoch: 
Memory allocated:  49.06103515625
Memory cached:  354.0
	 epoch  30 training error:  tensor(0.4322, device='cuda:0', grad_fn=<DivBackward0>)
Memory status after this epoch: 
Memory allocated:  49.06103515625
Memory cached:  334.0
	 epoch  40 training error:  tensor(0.2303, device='cuda:0', grad_fn=<DivBackward0>)
Memory status after this epoch: 
Memory allocated:  49.06103515625
Memory cached:  346.0
	 epoch  50 training error:  tensor(0.1430, device='cuda:0', grad_fn=<DivBackward0>)
Memory status after this epoch: 
Memory allocated:  49.06103515625
Memory cached:  332.0
	 epoch  60 training error:  tensor(0.1022, device='cuda:0', grad_fn=<DivBackward0>)
Memory status after this epoch: 
Memory allocated:  49.06103515625
Memory cached:  348.0
	 epoch  70 training error:  tensor(0.1045, device='cuda:0', grad_fn=<DivBackward0>)
Memory status after this epoch: 
Memory allocated:  49.06103515625
Memory cached:  334.0
	 epoch  80 training error:  tensor(0.1009, device='cuda:0', grad_fn=<DivBackward0>)
Memory status after this epoch: 
Memory allocated:  49.06103515625
Memory cached:  352.0
	 epoch  90 training error:  tensor(0.0980, device='cuda:0', grad_fn=<DivBackward0>)
Memory status after this epoch: 
Memory allocated:  49.06103515625
Memory cached:  328.0
[I 2023-11-06 21:40:55,191] Trial 10 finished with value: 0.07632680982351303 and parameters: {'W_layers': 8, 'W_layer_units_exponent_0': 4, 'W_layer_units_exponent_1': 4, 'W_layer_units_exponent_2': 5, 'W_layer_units_exponent_3': 4, 'W_layer_units_exponent_4': 4, 'W_layer_units_exponent_5': 4, 'W_layer_units_exponent_6': 5, 'W_layer_units_exponent_7': 9, 'D_layers': 2, 'D_layer_units_exponent_0': 6, 'D_layer_units_exponent_1': 4, 'D_dagger_layers': 6, 'D_dagger_layer_units_exponent_0': 4, 'D_dagger_layer_units_exponent_1': 5, 'D_dagger_layer_units_exponent_2': 10, 'D_dagger_layer_units_exponent_3': 10, 'D_dagger_layer_units_exponent_4': 10, 'D_dagger_layer_units_exponent_5': 10, 'log_learning_rate': -3.4423184621598706, 'log_learning_rate_D': -4.413615101746807, 'log_learning_rate_D_dagger': -2.8240002907184354, 'training_batch_size': 10, 'training_p': 8}. Best is trial 5 with value: 0.04092565178871155.
Time for this trial:  213.03549003601074
Memory status after this trial: 
Memory allocated:  287.3359375
Memory cached:  304.0
--------------------  Trial  11   --------------------
Start timing: 
Parameters: 
{'W_layers': 4, 'W_layer_units_exponent_0': 6, 'W_layer_units_exponent_1': 4, 'W_layer_units_exponent_2': 4, 'W_layer_units_exponent_3': 5, 'D_layers': 7, 'D_layer_units_exponent_0': 8, 'D_layer_units_exponent_1': 8, 'D_layer_units_exponent_2': 7, 'D_layer_units_exponent_3': 7, 'D_layer_units_exponent_4': 4, 'D_layer_units_exponent_5': 7, 'D_layer_units_exponent_6': 4, 'D_dagger_layers': 8, 'D_dagger_layer_units_exponent_0': 4, 'D_dagger_layer_units_exponent_1': 8, 'D_dagger_layer_units_exponent_2': 8, 'D_dagger_layer_units_exponent_3': 8, 'D_dagger_layer_units_exponent_4': 6, 'D_dagger_layer_units_exponent_5': 9, 'D_dagger_layer_units_exponent_6': 9, 'D_dagger_layer_units_exponent_7': 10, 'log_learning_rate': -3.690203826287589, 'log_learning_rate_D': -3.87415560960314, 'log_learning_rate_D_dagger': -4.857146334708483, 'training_batch_size': 9, 'training_p': 5}
	 epoch  0 training error:  tensor(1.0417, device='cuda:0', grad_fn=<DivBackward0>)
Memory status after this epoch: 
Memory allocated:  16.93994140625
Memory cached:  142.0
	 epoch  10 training error:  tensor(0.8439, device='cuda:0', grad_fn=<DivBackward0>)
Memory status after this epoch: 
Memory allocated:  16.93994140625
Memory cached:  276.0
	 epoch  20 training error:  tensor(0.6158, device='cuda:0', grad_fn=<DivBackward0>)
Memory status after this epoch: 
Memory allocated:  16.93994140625
Memory cached:  286.0
	 epoch  30 training error:  tensor(0.3397, device='cuda:0', grad_fn=<DivBackward0>)
Memory status after this epoch: 
Memory allocated:  16.93994140625
Memory cached:  274.0
	 epoch  40 training error:  tensor(0.2682, device='cuda:0', grad_fn=<DivBackward0>)
Memory status after this epoch: 
Memory allocated:  16.93994140625
Memory cached:  268.0
	 epoch  50 training error:  tensor(0.2038, device='cuda:0', grad_fn=<DivBackward0>)
Memory status after this epoch: 
Memory allocated:  16.93994140625
Memory cached:  276.0
	 epoch  60 training error:  tensor(0.1702, device='cuda:0', grad_fn=<DivBackward0>)
Memory status after this epoch: 
Memory allocated:  16.93994140625
Memory cached:  264.0
	 epoch  70 training error:  tensor(0.1220, device='cuda:0', grad_fn=<DivBackward0>)
Memory status after this epoch: 
Memory allocated:  16.93994140625
Memory cached:  270.0
	 epoch  80 training error:  tensor(0.0774, device='cuda:0', grad_fn=<DivBackward0>)
Memory status after this epoch: 
Memory allocated:  16.93994140625
Memory cached:  280.0
	 epoch  90 training error:  tensor(0.0603, device='cuda:0', grad_fn=<DivBackward0>)
Memory status after this epoch: 
Memory allocated:  16.93994140625
Memory cached:  276.0
[I 2023-11-06 21:44:48,627] Trial 11 finished with value: 0.048369020223617554 and parameters: {'W_layers': 4, 'W_layer_units_exponent_0': 6, 'W_layer_units_exponent_1': 4, 'W_layer_units_exponent_2': 4, 'W_layer_units_exponent_3': 5, 'D_layers': 7, 'D_layer_units_exponent_0': 8, 'D_layer_units_exponent_1': 8, 'D_layer_units_exponent_2': 7, 'D_layer_units_exponent_3': 7, 'D_layer_units_exponent_4': 4, 'D_layer_units_exponent_5': 7, 'D_layer_units_exponent_6': 4, 'D_dagger_layers': 8, 'D_dagger_layer_units_exponent_0': 4, 'D_dagger_layer_units_exponent_1': 8, 'D_dagger_layer_units_exponent_2': 8, 'D_dagger_layer_units_exponent_3': 8, 'D_dagger_layer_units_exponent_4': 6, 'D_dagger_layer_units_exponent_5': 9, 'D_dagger_layer_units_exponent_6': 9, 'D_dagger_layer_units_exponent_7': 10, 'log_learning_rate': -3.690203826287589, 'log_learning_rate_D': -3.87415560960314, 'log_learning_rate_D_dagger': -4.857146334708483, 'training_batch_size': 9, 'training_p': 5}. Best is trial 5 with value: 0.04092565178871155.
Time for this trial:  233.15156722068787
Memory status after this trial: 
Memory allocated:  220.91845703125
Memory cached:  242.0
--------------------  Trial  12   --------------------
Start timing: 
Parameters: 
{'W_layers': 5, 'W_layer_units_exponent_0': 5, 'W_layer_units_exponent_1': 5, 'W_layer_units_exponent_2': 4, 'W_layer_units_exponent_3': 5, 'W_layer_units_exponent_4': 6, 'D_layers': 7, 'D_layer_units_exponent_0': 8, 'D_layer_units_exponent_1': 8, 'D_layer_units_exponent_2': 7, 'D_layer_units_exponent_3': 6, 'D_layer_units_exponent_4': 4, 'D_layer_units_exponent_5': 10, 'D_layer_units_exponent_6': 4, 'D_dagger_layers': 7, 'D_dagger_layer_units_exponent_0': 4, 'D_dagger_layer_units_exponent_1': 8, 'D_dagger_layer_units_exponent_2': 6, 'D_dagger_layer_units_exponent_3': 8, 'D_dagger_layer_units_exponent_4': 5, 'D_dagger_layer_units_exponent_5': 9, 'D_dagger_layer_units_exponent_6': 10, 'log_learning_rate': -3.757426106134198, 'log_learning_rate_D': -3.9533974237567255, 'log_learning_rate_D_dagger': -4.943217089871611, 'training_batch_size': 10, 'training_p': 6}
	 epoch  0 training error:  tensor(1.0452, device='cuda:0', grad_fn=<DivBackward0>)
Memory status after this epoch: 
Memory allocated:  11.39892578125
Memory cached:  140.0
	 epoch  10 training error:  tensor(0.8471, device='cuda:0', grad_fn=<DivBackward0>)
Memory status after this epoch: 
Memory allocated:  11.39892578125
Memory cached:  248.0
	 epoch  20 training error:  tensor(0.6259, device='cuda:0', grad_fn=<DivBackward0>)
Memory status after this epoch: 
Memory allocated:  11.39892578125
Memory cached:  256.0
	 epoch  30 training error:  tensor(0.3664, device='cuda:0', grad_fn=<DivBackward0>)
Memory status after this epoch: 
Memory allocated:  11.39892578125
Memory cached:  258.0
	 epoch  40 training error:  tensor(0.0826, device='cuda:0', grad_fn=<DivBackward0>)
Memory status after this epoch: 
Memory allocated:  11.39892578125
Memory cached:  260.0
	 epoch  50 training error:  tensor(0.0998, device='cuda:0', grad_fn=<DivBackward0>)
Memory status after this epoch: 
Memory allocated:  11.39892578125
Memory cached:  256.0
	 epoch  60 training error:  tensor(0.0714, device='cuda:0', grad_fn=<DivBackward0>)
Memory status after this epoch: 
Memory allocated:  11.39892578125
Memory cached:  260.0
	 epoch  70 training error:  tensor(0.0561, device='cuda:0', grad_fn=<DivBackward0>)
Memory status after this epoch: 
Memory allocated:  11.39892578125
Memory cached:  270.0
	 epoch  80 training error:  tensor(0.0541, device='cuda:0', grad_fn=<DivBackward0>)
Memory status after this epoch: 
Memory allocated:  11.39892578125
Memory cached:  254.0
	 epoch  90 training error:  tensor(0.0536, device='cuda:0', grad_fn=<DivBackward0>)
Memory status after this epoch: 
Memory allocated:  11.39892578125
Memory cached:  248.0
[I 2023-11-06 21:48:42,216] Trial 12 finished with value: 0.04341822862625122 and parameters: {'W_layers': 5, 'W_layer_units_exponent_0': 5, 'W_layer_units_exponent_1': 5, 'W_layer_units_exponent_2': 4, 'W_layer_units_exponent_3': 5, 'W_layer_units_exponent_4': 6, 'D_layers': 7, 'D_layer_units_exponent_0': 8, 'D_layer_units_exponent_1': 8, 'D_layer_units_exponent_2': 7, 'D_layer_units_exponent_3': 6, 'D_layer_units_exponent_4': 4, 'D_layer_units_exponent_5': 10, 'D_layer_units_exponent_6': 4, 'D_dagger_layers': 7, 'D_dagger_layer_units_exponent_0': 4, 'D_dagger_layer_units_exponent_1': 8, 'D_dagger_layer_units_exponent_2': 6, 'D_dagger_layer_units_exponent_3': 8, 'D_dagger_layer_units_exponent_4': 5, 'D_dagger_layer_units_exponent_5': 9, 'D_dagger_layer_units_exponent_6': 10, 'log_learning_rate': -3.757426106134198, 'log_learning_rate_D': -3.9533974237567255, 'log_learning_rate_D_dagger': -4.943217089871611, 'training_batch_size': 10, 'training_p': 6}. Best is trial 5 with value: 0.04092565178871155.
Time for this trial:  233.30388474464417
Memory status after this trial: 
Memory allocated:  225.22314453125
Memory cached:  244.0
--------------------  Trial  13   --------------------
Start timing: 
Parameters: 
{'W_layers': 5, 'W_layer_units_exponent_0': 4, 'W_layer_units_exponent_1': 5, 'W_layer_units_exponent_2': 4, 'W_layer_units_exponent_3': 5, 'W_layer_units_exponent_4': 6, 'D_layers': 6, 'D_layer_units_exponent_0': 7, 'D_layer_units_exponent_1': 6, 'D_layer_units_exponent_2': 7, 'D_layer_units_exponent_3': 6, 'D_layer_units_exponent_4': 4, 'D_layer_units_exponent_5': 10, 'D_dagger_layers': 7, 'D_dagger_layer_units_exponent_0': 5, 'D_dagger_layer_units_exponent_1': 9, 'D_dagger_layer_units_exponent_2': 5, 'D_dagger_layer_units_exponent_3': 8, 'D_dagger_layer_units_exponent_4': 4, 'D_dagger_layer_units_exponent_5': 8, 'D_dagger_layer_units_exponent_6': 10, 'log_learning_rate': -4.006027544036241, 'log_learning_rate_D': -3.9534650457719023, 'log_learning_rate_D_dagger': -4.052777067112794, 'training_batch_size': 10, 'training_p': 6}
	 epoch  0 training error:  tensor(1.0554, device='cuda:0', grad_fn=<DivBackward0>)
Memory status after this epoch: 
Memory allocated:  5.69384765625
Memory cached:  120.0
	 epoch  10 training error:  tensor(0.4622, device='cuda:0', grad_fn=<DivBackward0>)
Memory status after this epoch: 
Memory allocated:  5.69384765625
Memory cached:  236.0
	 epoch  20 training error:  tensor(0.1271, device='cuda:0', grad_fn=<DivBackward0>)
Memory status after this epoch: 
Memory allocated:  5.69384765625
Memory cached:  244.0
	 epoch  30 training error:  tensor(0.1237, device='cuda:0', grad_fn=<DivBackward0>)
Memory status after this epoch: 
Memory allocated:  5.69384765625
Memory cached:  230.0
	 epoch  40 training error:  tensor(0.0930, device='cuda:0', grad_fn=<DivBackward0>)
Memory status after this epoch: 
Memory allocated:  5.69384765625
Memory cached:  232.0
	 epoch  50 training error:  tensor(0.0691, device='cuda:0', grad_fn=<DivBackward0>)
Memory status after this epoch: 
Memory allocated:  5.69384765625
Memory cached:  238.0
	 epoch  60 training error:  tensor(0.0643, device='cuda:0', grad_fn=<DivBackward0>)
Memory status after this epoch: 
Memory allocated:  5.69384765625
Memory cached:  234.0
	 epoch  70 training error:  tensor(0.0588, device='cuda:0', grad_fn=<DivBackward0>)
Memory status after this epoch: 
Memory allocated:  5.69384765625
Memory cached:  250.0
	 epoch  80 training error:  tensor(0.0530, device='cuda:0', grad_fn=<DivBackward0>)
Memory status after this epoch: 
Memory allocated:  5.69384765625
Memory cached:  236.0
	 epoch  90 training error:  tensor(0.0470, device='cuda:0', grad_fn=<DivBackward0>)
Memory status after this epoch: 
Memory allocated:  5.69384765625
Memory cached:  246.0
[I 2023-11-06 21:52:25,479] Trial 13 finished with value: 0.03758919611573219 and parameters: {'W_layers': 5, 'W_layer_units_exponent_0': 4, 'W_layer_units_exponent_1': 5, 'W_layer_units_exponent_2': 4, 'W_layer_units_exponent_3': 5, 'W_layer_units_exponent_4': 6, 'D_layers': 6, 'D_layer_units_exponent_0': 7, 'D_layer_units_exponent_1': 6, 'D_layer_units_exponent_2': 7, 'D_layer_units_exponent_3': 6, 'D_layer_units_exponent_4': 4, 'D_layer_units_exponent_5': 10, 'D_dagger_layers': 7, 'D_dagger_layer_units_exponent_0': 5, 'D_dagger_layer_units_exponent_1': 9, 'D_dagger_layer_units_exponent_2': 5, 'D_dagger_layer_units_exponent_3': 8, 'D_dagger_layer_units_exponent_4': 4, 'D_dagger_layer_units_exponent_5': 8, 'D_dagger_layer_units_exponent_6': 10, 'log_learning_rate': -4.006027544036241, 'log_learning_rate_D': -3.9534650457719023, 'log_learning_rate_D_dagger': -4.052777067112794, 'training_batch_size': 10, 'training_p': 6}. Best is trial 13 with value: 0.03758919611573219.
Time for this trial:  222.98069953918457
Memory status after this trial: 
Memory allocated:  202.0439453125
Memory cached:  206.0
--------------------  Trial  14   --------------------
Start timing: 
Parameters: 
{'W_layers': 6, 'W_layer_units_exponent_0': 4, 'W_layer_units_exponent_1': 8, 'W_layer_units_exponent_2': 6, 'W_layer_units_exponent_3': 6, 'W_layer_units_exponent_4': 5, 'W_layer_units_exponent_5': 10, 'D_layers': 6, 'D_layer_units_exponent_0': 6, 'D_layer_units_exponent_1': 5, 'D_layer_units_exponent_2': 8, 'D_layer_units_exponent_3': 6, 'D_layer_units_exponent_4': 6, 'D_layer_units_exponent_5': 10, 'D_dagger_layers': 5, 'D_dagger_layer_units_exponent_0': 6, 'D_dagger_layer_units_exponent_1': 9, 'D_dagger_layer_units_exponent_2': 4, 'D_dagger_layer_units_exponent_3': 8, 'D_dagger_layer_units_exponent_4': 4, 'log_learning_rate': -2.9051338924945216, 'log_learning_rate_D': -4.848381421729954, 'log_learning_rate_D_dagger': -4.01566097253315, 'training_batch_size': 11, 'training_p': 6}
	 epoch  0 training error:  tensor(1.2830, device='cuda:0', grad_fn=<DivBackward0>)
Memory status after this epoch: 
Memory allocated:  3.36572265625
Memory cached:  126.0
	 epoch  10 training error:  tensor(0.3439, device='cuda:0', grad_fn=<DivBackward0>)
Memory status after this epoch: 
Memory allocated:  3.36572265625
Memory cached:  268.0
	 epoch  20 training error:  tensor(0.0874, device='cuda:0', grad_fn=<DivBackward0>)
Memory status after this epoch: 
Memory allocated:  3.36572265625
Memory cached:  274.0
	 epoch  30 training error:  tensor(0.1421, device='cuda:0', grad_fn=<DivBackward0>)
Memory status after this epoch: 
Memory allocated:  3.36572265625
Memory cached:  252.0
	 epoch  40 training error:  tensor(0.1331, device='cuda:0', grad_fn=<DivBackward0>)
Memory status after this epoch: 
Memory allocated:  3.36572265625
Memory cached:  256.0
	 epoch  50 training error:  tensor(0.1071, device='cuda:0', grad_fn=<DivBackward0>)
Memory status after this epoch: 
Memory allocated:  3.36572265625
Memory cached:  260.0
	 epoch  60 training error:  tensor(0.0971, device='cuda:0', grad_fn=<DivBackward0>)
Memory status after this epoch: 
Memory allocated:  3.36572265625
Memory cached:  256.0
	 epoch  70 training error:  tensor(0.0791, device='cuda:0', grad_fn=<DivBackward0>)
Memory status after this epoch: 
Memory allocated:  3.36572265625
Memory cached:  256.0
	 epoch  80 training error:  tensor(0.0749, device='cuda:0', grad_fn=<DivBackward0>)
Memory status after this epoch: 
Memory allocated:  3.36572265625
Memory cached:  256.0
	 epoch  90 training error:  tensor(0.0698, device='cuda:0', grad_fn=<DivBackward0>)
Memory status after this epoch: 
Memory allocated:  3.36572265625
Memory cached:  246.0
