[I 2023-11-09 22:23:58,573] Trial 47 finished with value: 0.11192095279693604 and parameters: {'W_layers': 3, 'W_layer_units_exponent_0': 5, 'W_layer_units_exponent_1': 10, 'W_layer_units_exponent_2': 4, 'D_layers': 8, 'D_layer_units_exponent_0': 10, 'D_layer_units_exponent_1': 10, 'D_layer_units_exponent_2': 6, 'D_layer_units_exponent_3': 5, 'D_layer_units_exponent_4': 9, 'D_layer_units_exponent_5': 8, 'D_layer_units_exponent_6': 7, 'D_layer_units_exponent_7': 5, 'D_dagger_layers': 5, 'D_dagger_layer_units_exponent_0': 10, 'D_dagger_layer_units_exponent_1': 4, 'D_dagger_layer_units_exponent_2': 4, 'D_dagger_layer_units_exponent_3': 10, 'D_dagger_layer_units_exponent_4': 7, 'log_learning_rate': -3.7527587493560057, 'log_learning_rate_D': -4.8244494834558775, 'log_learning_rate_D_dagger': -2.690492298115079, 'training_batch_size': 7, 'training_p': 2}. Best is trial 11 with value: 0.06177457049489021.
Time for this trial:  16.81851077079773
Memory status after this trial: 
Memory allocated:  177.81640625
Memory cached:  224.0
--------------------  Trial  48   --------------------
Start timing: 
Parameters: 
{'W_layers': 3, 'W_layer_units_exponent_0': 6, 'W_layer_units_exponent_1': 9, 'W_layer_units_exponent_2': 4, 'D_layers': 7, 'D_layer_units_exponent_0': 10, 'D_layer_units_exponent_1': 9, 'D_layer_units_exponent_2': 5, 'D_layer_units_exponent_3': 4, 'D_layer_units_exponent_4': 10, 'D_layer_units_exponent_5': 7, 'D_layer_units_exponent_6': 6, 'D_dagger_layers': 6, 'D_dagger_layer_units_exponent_0': 10, 'D_dagger_layer_units_exponent_1': 6, 'D_dagger_layer_units_exponent_2': 5, 'D_dagger_layer_units_exponent_3': 10, 'D_dagger_layer_units_exponent_4': 5, 'D_dagger_layer_units_exponent_5': 8, 'log_learning_rate': -3.427316654554158, 'log_learning_rate_D': -4.587107002387909, 'log_learning_rate_D_dagger': -3.432079420138096, 'training_batch_size': 8, 'training_p': 3}
	 epoch  0 training error:  tensor(2.0076, device='cuda:0', grad_fn=<DivBackward0>)
Memory status after this epoch: 
Memory allocated:  5.6865234375
Memory cached:  28.0
	 epoch  10 training error:  tensor(0.2262, device='cuda:0', grad_fn=<DivBackward0>)
Memory status after this epoch: 
Memory allocated:  5.6865234375
Memory cached:  30.0
	 epoch  20 training error:  tensor(0.1192, device='cuda:0', grad_fn=<DivBackward0>)
Memory status after this epoch: 
Memory allocated:  5.6865234375
Memory cached:  30.0
	 epoch  30 training error:  tensor(0.0857, device='cuda:0', grad_fn=<DivBackward0>)
Memory status after this epoch: 
Memory allocated:  5.6865234375
Memory cached:  30.0
	 epoch  40 training error:  tensor(0.0846, device='cuda:0', grad_fn=<DivBackward0>)
Memory status after this epoch: 
Memory allocated:  5.6865234375
Memory cached:  30.0
	 epoch  50 training error:  tensor(0.0773, device='cuda:0', grad_fn=<DivBackward0>)
Memory status after this epoch: 
Memory allocated:  5.6865234375
Memory cached:  30.0
	 epoch  60 training error:  tensor(0.0756, device='cuda:0', grad_fn=<DivBackward0>)
Memory status after this epoch: 
Memory allocated:  5.6865234375
Memory cached:  30.0
	 epoch  70 training error:  tensor(0.0728, device='cuda:0', grad_fn=<DivBackward0>)
Memory status after this epoch: 
Memory allocated:  5.6865234375
Memory cached:  30.0
	 epoch  80 training error:  tensor(0.0701, device='cuda:0', grad_fn=<DivBackward0>)
Memory status after this epoch: 
Memory allocated:  5.6865234375
Memory cached:  30.0
	 epoch  90 training error:  tensor(0.0692, device='cuda:0', grad_fn=<DivBackward0>)
Memory status after this epoch: 
Memory allocated:  5.6865234375
Memory cached:  30.0
[I 2023-11-09 22:24:15,894] Trial 48 finished with value: 0.06048799678683281 and parameters: {'W_layers': 3, 'W_layer_units_exponent_0': 6, 'W_layer_units_exponent_1': 9, 'W_layer_units_exponent_2': 4, 'D_layers': 7, 'D_layer_units_exponent_0': 10, 'D_layer_units_exponent_1': 9, 'D_layer_units_exponent_2': 5, 'D_layer_units_exponent_3': 4, 'D_layer_units_exponent_4': 10, 'D_layer_units_exponent_5': 7, 'D_layer_units_exponent_6': 6, 'D_dagger_layers': 6, 'D_dagger_layer_units_exponent_0': 10, 'D_dagger_layer_units_exponent_1': 6, 'D_dagger_layer_units_exponent_2': 5, 'D_dagger_layer_units_exponent_3': 10, 'D_dagger_layer_units_exponent_4': 5, 'D_dagger_layer_units_exponent_5': 8, 'log_learning_rate': -3.427316654554158, 'log_learning_rate_D': -4.587107002387909, 'log_learning_rate_D_dagger': -3.432079420138096, 'training_batch_size': 8, 'training_p': 3}. Best is trial 48 with value: 0.06048799678683281.
Time for this trial:  17.064271211624146
Memory status after this trial: 
Memory allocated:  165.2666015625
Memory cached:  188.0
--------------------  Trial  49   --------------------
Start timing: 
Parameters: 
{'W_layers': 4, 'W_layer_units_exponent_0': 6, 'W_layer_units_exponent_1': 10, 'W_layer_units_exponent_2': 4, 'W_layer_units_exponent_3': 6, 'D_layers': 7, 'D_layer_units_exponent_0': 10, 'D_layer_units_exponent_1': 9, 'D_layer_units_exponent_2': 4, 'D_layer_units_exponent_3': 4, 'D_layer_units_exponent_4': 10, 'D_layer_units_exponent_5': 7, 'D_layer_units_exponent_6': 6, 'D_dagger_layers': 7, 'D_dagger_layer_units_exponent_0': 10, 'D_dagger_layer_units_exponent_1': 6, 'D_dagger_layer_units_exponent_2': 5, 'D_dagger_layer_units_exponent_3': 9, 'D_dagger_layer_units_exponent_4': 5, 'D_dagger_layer_units_exponent_5': 8, 'D_dagger_layer_units_exponent_6': 4, 'log_learning_rate': -3.8717654018911722, 'log_learning_rate_D': -4.637024393160965, 'log_learning_rate_D_dagger': -3.4025750661217593, 'training_batch_size': 7, 'training_p': 3}
	 epoch  0 training error:  tensor(1.0063, device='cuda:0', grad_fn=<DivBackward0>)
Memory status after this epoch: 
Memory allocated:  5.859375
Memory cached:  28.0
	 epoch  10 training error:  tensor(0.1168, device='cuda:0', grad_fn=<DivBackward0>)
Memory status after this epoch: 
Memory allocated:  5.859375
Memory cached:  30.0
	 epoch  20 training error:  tensor(0.0823, device='cuda:0', grad_fn=<DivBackward0>)
Memory status after this epoch: 
Memory allocated:  5.859375
Memory cached:  30.0
	 epoch  30 training error:  tensor(0.0858, device='cuda:0', grad_fn=<DivBackward0>)
Memory status after this epoch: 
Memory allocated:  5.859375
Memory cached:  30.0
	 epoch  40 training error:  tensor(0.0789, device='cuda:0', grad_fn=<DivBackward0>)
Memory status after this epoch: 
Memory allocated:  5.859375
Memory cached:  30.0
	 epoch  50 training error:  tensor(0.0752, device='cuda:0', grad_fn=<DivBackward0>)
Memory status after this epoch: 
Memory allocated:  5.859375
Memory cached:  30.0
	 epoch  60 training error:  tensor(0.0727, device='cuda:0', grad_fn=<DivBackward0>)
Memory status after this epoch: 
Memory allocated:  5.859375
Memory cached:  30.0
	 epoch  70 training error:  tensor(0.0708, device='cuda:0', grad_fn=<DivBackward0>)
Memory status after this epoch: 
Memory allocated:  5.859375
Memory cached:  30.0
	 epoch  80 training error:  tensor(0.0705, device='cuda:0', grad_fn=<DivBackward0>)
Memory status after this epoch: 
Memory allocated:  5.859375
Memory cached:  30.0
	 epoch  90 training error:  tensor(0.0718, device='cuda:0', grad_fn=<DivBackward0>)
Memory status after this epoch: 
Memory allocated:  5.859375
Memory cached:  30.0
[I 2023-11-09 22:24:33,727] Trial 49 finished with value: 0.06311088055372238 and parameters: {'W_layers': 4, 'W_layer_units_exponent_0': 6, 'W_layer_units_exponent_1': 10, 'W_layer_units_exponent_2': 4, 'W_layer_units_exponent_3': 6, 'D_layers': 7, 'D_layer_units_exponent_0': 10, 'D_layer_units_exponent_1': 9, 'D_layer_units_exponent_2': 4, 'D_layer_units_exponent_3': 4, 'D_layer_units_exponent_4': 10, 'D_layer_units_exponent_5': 7, 'D_layer_units_exponent_6': 6, 'D_dagger_layers': 7, 'D_dagger_layer_units_exponent_0': 10, 'D_dagger_layer_units_exponent_1': 6, 'D_dagger_layer_units_exponent_2': 5, 'D_dagger_layer_units_exponent_3': 9, 'D_dagger_layer_units_exponent_4': 5, 'D_dagger_layer_units_exponent_5': 8, 'D_dagger_layer_units_exponent_6': 4, 'log_learning_rate': -3.8717654018911722, 'log_learning_rate_D': -4.637024393160965, 'log_learning_rate_D_dagger': -3.4025750661217593, 'training_batch_size': 7, 'training_p': 3}. Best is trial 48 with value: 0.06048799678683281.
Time for this trial:  17.549062490463257
Memory status after this trial: 
Memory allocated:  170.5791015625
Memory cached:  192.0
