[I 2023-11-01 13:44:13,340] Trial 10 finished with value: 0.22902126610279083 and parameters: {'W_layers': 4, 'W_layer_units_exponent_0': 7, 'W_layer_units_exponent_1': 9, 'W_layer_units_exponent_2': 7, 'W_layer_units_exponent_3': 6, 'D_layers': 8, 'D_layer_units_exponent_0': 10, 'D_layer_units_exponent_1': 10, 'D_layer_units_exponent_2': 9, 'D_layer_units_exponent_3': 4, 'D_layer_units_exponent_4': 4, 'D_layer_units_exponent_5': 10, 'D_layer_units_exponent_6': 10, 'D_layer_units_exponent_7': 4, 'log_learning_rate': -3.462640109927598, 'log_learning_rate_D': -1.8235534421576416, 'training_batch_size': 10, 'training_p': 5}. Best is trial 4 with value: 0.22876401245594025.
Time for this trial:  177.4047393798828
Memory status after this trial: 
Memory allocated:  313.21533203125
Memory cached:  336.0
--------------------  Trial  11   --------------------
Start timing: 
Parameters: 
{'W_layers': 4, 'W_layer_units_exponent_0': 7, 'W_layer_units_exponent_1': 9, 'W_layer_units_exponent_2': 7, 'W_layer_units_exponent_3': 6, 'D_layers': 8, 'D_layer_units_exponent_0': 10, 'D_layer_units_exponent_1': 10, 'D_layer_units_exponent_2': 9, 'D_layer_units_exponent_3': 4, 'D_layer_units_exponent_4': 4, 'D_layer_units_exponent_5': 10, 'D_layer_units_exponent_6': 10, 'D_layer_units_exponent_7': 4, 'log_learning_rate': -3.4998634507523243, 'log_learning_rate_D': -1.9022008923617455, 'training_batch_size': 10, 'training_p': 5}
	 epoch  0 training error:  tensor(0.9409, device='cuda:0', grad_fn=<DivBackward0>)
Memory status after this epoch: 
Memory allocated:  42.921875
Memory cached:  72.0
	 epoch  10 training error:  tensor(0.2777, device='cuda:0', grad_fn=<DivBackward0>)
Memory status after this epoch: 
Memory allocated:  42.921875
Memory cached:  80.0
	 epoch  20 training error:  tensor(0.2661, device='cuda:0', grad_fn=<DivBackward0>)
Memory status after this epoch: 
Memory allocated:  42.921875
Memory cached:  78.0
	 epoch  30 training error:  tensor(0.2654, device='cuda:0', grad_fn=<DivBackward0>)
Memory status after this epoch: 
Memory allocated:  42.921875
Memory cached:  78.0
	 epoch  40 training error:  tensor(0.2564, device='cuda:0', grad_fn=<DivBackward0>)
Memory status after this epoch: 
Memory allocated:  42.921875
Memory cached:  78.0
	 epoch  50 training error:  tensor(0.2556, device='cuda:0', grad_fn=<DivBackward0>)
Memory status after this epoch: 
Memory allocated:  42.921875
Memory cached:  76.0
	 epoch  60 training error:  tensor(0.2557, device='cuda:0', grad_fn=<DivBackward0>)
Memory status after this epoch: 
Memory allocated:  42.921875
Memory cached:  80.0
	 epoch  70 training error:  tensor(0.2556, device='cuda:0', grad_fn=<DivBackward0>)
Memory status after this epoch: 
Memory allocated:  42.921875
Memory cached:  76.0
	 epoch  80 training error:  tensor(0.2556, device='cuda:0', grad_fn=<DivBackward0>)
Memory status after this epoch: 
Memory allocated:  42.921875
Memory cached:  78.0
	 epoch  90 training error:  tensor(0.2555, device='cuda:0', grad_fn=<DivBackward0>)
Memory status after this epoch: 
Memory allocated:  42.921875
Memory cached:  80.0
[I 2023-11-01 13:47:10,520] Trial 11 finished with value: 0.2296757698059082 and parameters: {'W_layers': 4, 'W_layer_units_exponent_0': 7, 'W_layer_units_exponent_1': 9, 'W_layer_units_exponent_2': 7, 'W_layer_units_exponent_3': 6, 'D_layers': 8, 'D_layer_units_exponent_0': 10, 'D_layer_units_exponent_1': 10, 'D_layer_units_exponent_2': 9, 'D_layer_units_exponent_3': 4, 'D_layer_units_exponent_4': 4, 'D_layer_units_exponent_5': 10, 'D_layer_units_exponent_6': 10, 'D_layer_units_exponent_7': 4, 'log_learning_rate': -3.4998634507523243, 'log_learning_rate_D': -1.9022008923617455, 'training_batch_size': 10, 'training_p': 5}. Best is trial 4 with value: 0.22876401245594025.
Time for this trial:  176.97167229652405
Memory status after this trial: 
Memory allocated:  313.21533203125
Memory cached:  336.0
--------------------  Trial  12   --------------------
Start timing: 
Parameters: 
{'W_layers': 4, 'W_layer_units_exponent_0': 8, 'W_layer_units_exponent_1': 9, 'W_layer_units_exponent_2': 6, 'W_layer_units_exponent_3': 6, 'D_layers': 8, 'D_layer_units_exponent_0': 10, 'D_layer_units_exponent_1': 9, 'D_layer_units_exponent_2': 9, 'D_layer_units_exponent_3': 4, 'D_layer_units_exponent_4': 10, 'D_layer_units_exponent_5': 8, 'D_layer_units_exponent_6': 10, 'D_layer_units_exponent_7': 4, 'log_learning_rate': -3.5446891264786693, 'log_learning_rate_D': -2.024826882566206, 'training_batch_size': 9, 'training_p': 8}
	 epoch  0 training error:  tensor(0.9610, device='cuda:0', grad_fn=<DivBackward0>)
Memory status after this epoch: 
Memory allocated:  23.357421875
Memory cached:  42.0
	 epoch  10 training error:  tensor(0.3076, device='cuda:0', grad_fn=<DivBackward0>)
Memory status after this epoch: 
Memory allocated:  23.357421875
Memory cached:  44.0
	 epoch  20 training error:  tensor(0.2607, device='cuda:0', grad_fn=<DivBackward0>)
Memory status after this epoch: 
Memory allocated:  23.357421875
Memory cached:  44.0
	 epoch  30 training error:  tensor(0.2627, device='cuda:0', grad_fn=<DivBackward0>)
Memory status after this epoch: 
Memory allocated:  23.357421875
Memory cached:  44.0
	 epoch  40 training error:  tensor(0.2625, device='cuda:0', grad_fn=<DivBackward0>)
Memory status after this epoch: 
Memory allocated:  23.357421875
Memory cached:  44.0
	 epoch  50 training error:  tensor(0.2612, device='cuda:0', grad_fn=<DivBackward0>)
Memory status after this epoch: 
Memory allocated:  23.357421875
Memory cached:  44.0
	 epoch  60 training error:  tensor(0.2606, device='cuda:0', grad_fn=<DivBackward0>)
Memory status after this epoch: 
Memory allocated:  23.357421875
Memory cached:  44.0
	 epoch  70 training error:  tensor(0.2603, device='cuda:0', grad_fn=<DivBackward0>)
Memory status after this epoch: 
Memory allocated:  23.357421875
Memory cached:  44.0
	 epoch  80 training error:  tensor(0.2603, device='cuda:0', grad_fn=<DivBackward0>)
Memory status after this epoch: 
Memory allocated:  23.357421875
Memory cached:  44.0
	 epoch  90 training error:  tensor(0.2603, device='cuda:0', grad_fn=<DivBackward0>)
Memory status after this epoch: 
Memory allocated:  23.357421875
Memory cached:  44.0
[I 2023-11-01 13:50:07,379] Trial 12 finished with value: 0.22971172630786896 and parameters: {'W_layers': 4, 'W_layer_units_exponent_0': 8, 'W_layer_units_exponent_1': 9, 'W_layer_units_exponent_2': 6, 'W_layer_units_exponent_3': 6, 'D_layers': 8, 'D_layer_units_exponent_0': 10, 'D_layer_units_exponent_1': 9, 'D_layer_units_exponent_2': 9, 'D_layer_units_exponent_3': 4, 'D_layer_units_exponent_4': 10, 'D_layer_units_exponent_5': 8, 'D_layer_units_exponent_6': 10, 'D_layer_units_exponent_7': 4, 'log_learning_rate': -3.5446891264786693, 'log_learning_rate_D': -2.024826882566206, 'training_batch_size': 9, 'training_p': 8}. Best is trial 4 with value: 0.22876401245594025.
Time for this trial:  176.64233899116516
Memory status after this trial: 
Memory allocated:  292.30078125
Memory cached:  318.0
--------------------  Trial  13   --------------------
Start timing: 
Parameters: 
{'W_layers': 3, 'W_layer_units_exponent_0': 6, 'W_layer_units_exponent_1': 10, 'W_layer_units_exponent_2': 9, 'D_layers': 7, 'D_layer_units_exponent_0': 9, 'D_layer_units_exponent_1': 9, 'D_layer_units_exponent_2': 8, 'D_layer_units_exponent_3': 8, 'D_layer_units_exponent_4': 5, 'D_layer_units_exponent_5': 10, 'D_layer_units_exponent_6': 8, 'log_learning_rate': -2.6068204138592455, 'log_learning_rate_D': -1.1257190012509564, 'training_batch_size': 10, 'training_p': 6}
	 epoch  0 training error:  tensor(1.0949, device='cuda:0', grad_fn=<DivBackward0>)
Memory status after this epoch: 
Memory allocated:  20.763671875
Memory cached:  40.0
	 epoch  10 training error:  tensor(0.9997, device='cuda:0', grad_fn=<DivBackward0>)
Memory status after this epoch: 
Memory allocated:  20.763671875
Memory cached:  42.0
	 epoch  20 training error:  tensor(1.0000, device='cuda:0', grad_fn=<DivBackward0>)
Memory status after this epoch: 
Memory allocated:  20.763671875
Memory cached:  42.0
	 epoch  30 training error:  tensor(1.0000, device='cuda:0', grad_fn=<DivBackward0>)
Memory status after this epoch: 
Memory allocated:  20.763671875
Memory cached:  42.0
	 epoch  40 training error:  tensor(1.0000, device='cuda:0', grad_fn=<DivBackward0>)
Memory status after this epoch: 
Memory allocated:  20.763671875
Memory cached:  42.0
	 epoch  50 training error:  tensor(1.0000, device='cuda:0', grad_fn=<DivBackward0>)
Memory status after this epoch: 
Memory allocated:  20.763671875
Memory cached:  42.0
	 epoch  60 training error:  tensor(1.0000, device='cuda:0', grad_fn=<DivBackward0>)
Memory status after this epoch: 
Memory allocated:  20.763671875
Memory cached:  42.0
	 epoch  70 training error:  tensor(1.0000, device='cuda:0', grad_fn=<DivBackward0>)
Memory status after this epoch: 
Memory allocated:  20.763671875
Memory cached:  42.0
	 epoch  80 training error:  tensor(1., device='cuda:0', grad_fn=<DivBackward0>)
Memory status after this epoch: 
Memory allocated:  20.763671875
Memory cached:  42.0
	 epoch  90 training error:  tensor(1., device='cuda:0', grad_fn=<DivBackward0>)
Memory status after this epoch: 
Memory allocated:  20.763671875
Memory cached:  42.0
[I 2023-11-01 13:52:44,820] Trial 13 finished with value: 0.9999998211860657 and parameters: {'W_layers': 3, 'W_layer_units_exponent_0': 6, 'W_layer_units_exponent_1': 10, 'W_layer_units_exponent_2': 9, 'D_layers': 7, 'D_layer_units_exponent_0': 9, 'D_layer_units_exponent_1': 9, 'D_layer_units_exponent_2': 8, 'D_layer_units_exponent_3': 8, 'D_layer_units_exponent_4': 5, 'D_layer_units_exponent_5': 10, 'D_layer_units_exponent_6': 8, 'log_learning_rate': -2.6068204138592455, 'log_learning_rate_D': -1.1257190012509564, 'training_batch_size': 10, 'training_p': 6}. Best is trial 4 with value: 0.22876401245594025.
Time for this trial:  157.2284095287323
Memory status after this trial: 
Memory allocated:  247.05224609375
Memory cached:  270.0
--------------------  Trial  14   --------------------
Start timing: 
Parameters: 
{'W_layers': 5, 'W_layer_units_exponent_0': 8, 'W_layer_units_exponent_1': 8, 'W_layer_units_exponent_2': 6, 'W_layer_units_exponent_3': 5, 'W_layer_units_exponent_4': 4, 'D_layers': 6, 'D_layer_units_exponent_0': 9, 'D_layer_units_exponent_1': 9, 'D_layer_units_exponent_2': 6, 'D_layer_units_exponent_3': 6, 'D_layer_units_exponent_4': 9, 'D_layer_units_exponent_5': 6, 'log_learning_rate': -3.940665626282062, 'log_learning_rate_D': -2.095125687331561, 'training_batch_size': 10, 'training_p': 4}
	 epoch  0 training error:  tensor(0.9958, device='cuda:0', grad_fn=<DivBackward0>)
Memory status after this epoch: 
Memory allocated:  6.962890625
Memory cached:  16.0
	 epoch  10 training error:  tensor(0.7444, device='cuda:0', grad_fn=<DivBackward0>)
Memory status after this epoch: 
Memory allocated:  6.962890625
Memory cached:  16.0
	 epoch  20 training error:  tensor(0.3863, device='cuda:0', grad_fn=<DivBackward0>)
Memory status after this epoch: 
Memory allocated:  6.962890625
Memory cached:  16.0
	 epoch  30 training error:  tensor(0.3168, device='cuda:0', grad_fn=<DivBackward0>)
Memory status after this epoch: 
Memory allocated:  6.962890625
Memory cached:  16.0
	 epoch  40 training error:  tensor(0.2611, device='cuda:0', grad_fn=<DivBackward0>)
Memory status after this epoch: 
Memory allocated:  6.962890625
Memory cached:  16.0
	 epoch  50 training error:  tensor(0.2529, device='cuda:0', grad_fn=<DivBackward0>)
Memory status after this epoch: 
Memory allocated:  6.962890625
Memory cached:  16.0
	 epoch  60 training error:  tensor(0.2534, device='cuda:0', grad_fn=<DivBackward0>)
Memory status after this epoch: 
Memory allocated:  6.962890625
Memory cached:  16.0
	 epoch  70 training error:  tensor(0.2523, device='cuda:0', grad_fn=<DivBackward0>)
Memory status after this epoch: 
Memory allocated:  6.962890625
Memory cached:  16.0
	 epoch  80 training error:  tensor(0.2522, device='cuda:0', grad_fn=<DivBackward0>)
Memory status after this epoch: 
Memory allocated:  6.962890625
Memory cached:  16.0
	 epoch  90 training error:  tensor(0.2519, device='cuda:0', grad_fn=<DivBackward0>)
Memory status after this epoch: 
Memory allocated:  6.962890625
Memory cached:  16.0
[I 2023-11-01 13:55:15,662] Trial 14 finished with value: 0.23324894905090332 and parameters: {'W_layers': 5, 'W_layer_units_exponent_0': 8, 'W_layer_units_exponent_1': 8, 'W_layer_units_exponent_2': 6, 'W_layer_units_exponent_3': 5, 'W_layer_units_exponent_4': 4, 'D_layers': 6, 'D_layer_units_exponent_0': 9, 'D_layer_units_exponent_1': 9, 'D_layer_units_exponent_2': 6, 'D_layer_units_exponent_3': 6, 'D_layer_units_exponent_4': 9, 'D_layer_units_exponent_5': 6, 'log_learning_rate': -3.940665626282062, 'log_learning_rate_D': -2.095125687331561, 'training_batch_size': 10, 'training_p': 4}. Best is trial 4 with value: 0.22876401245594025.
Time for this trial:  150.62638354301453
Memory status after this trial: 
Memory allocated:  128.982421875
Memory cached:  134.0
--------------------  Trial  15   --------------------
Start timing: 
Parameters: 
{'W_layers': 5, 'W_layer_units_exponent_0': 8, 'W_layer_units_exponent_1': 6, 'W_layer_units_exponent_2': 6, 'W_layer_units_exponent_3': 7, 'W_layer_units_exponent_4': 6, 'D_layers': 8, 'D_layer_units_exponent_0': 9, 'D_layer_units_exponent_1': 10, 'D_layer_units_exponent_2': 10, 'D_layer_units_exponent_3': 5, 'D_layer_units_exponent_4': 6, 'D_layer_units_exponent_5': 8, 'D_layer_units_exponent_6': 8, 'D_layer_units_exponent_7': 8, 'log_learning_rate': -4.775236943370528, 'log_learning_rate_D': -1.0941940915387844, 'training_batch_size': 9, 'training_p': 6}
	 epoch  0 training error:  tensor(0.9649, device='cuda:0', grad_fn=<DivBackward0>)
Memory status after this epoch: 
Memory allocated:  27.48046875
Memory cached:  56.0
	 epoch  10 training error:  tensor(0.9341, device='cuda:0', grad_fn=<DivBackward0>)
Memory status after this epoch: 
Memory allocated:  27.48046875
Memory cached:  58.0
	 epoch  20 training error:  tensor(0.9024, device='cuda:0', grad_fn=<DivBackward0>)
Memory status after this epoch: 
Memory allocated:  27.48046875
Memory cached:  58.0
	 epoch  30 training error:  tensor(0.8688, device='cuda:0', grad_fn=<DivBackward0>)
Memory status after this epoch: 
Memory allocated:  27.48046875
Memory cached:  58.0
	 epoch  40 training error:  tensor(0.8321, device='cuda:0', grad_fn=<DivBackward0>)
Memory status after this epoch: 
Memory allocated:  27.48046875
Memory cached:  58.0
	 epoch  50 training error:  tensor(0.7910, device='cuda:0', grad_fn=<DivBackward0>)
Memory status after this epoch: 
Memory allocated:  27.48046875
Memory cached:  58.0
	 epoch  60 training error:  tensor(0.7441, device='cuda:0', grad_fn=<DivBackward0>)
Memory status after this epoch: 
Memory allocated:  27.48046875
Memory cached:  58.0
	 epoch  70 training error:  tensor(0.6906, device='cuda:0', grad_fn=<DivBackward0>)
Memory status after this epoch: 
Memory allocated:  27.48046875
Memory cached:  58.0
	 epoch  80 training error:  tensor(0.6308, device='cuda:0', grad_fn=<DivBackward0>)
Memory status after this epoch: 
Memory allocated:  27.48046875
Memory cached:  58.0
	 epoch  90 training error:  tensor(0.5628, device='cuda:0', grad_fn=<DivBackward0>)
Memory status after this epoch: 
Memory allocated:  27.48046875
Memory cached:  58.0
[I 2023-11-01 13:58:11,386] Trial 15 finished with value: 0.4499532878398895 and parameters: {'W_layers': 5, 'W_layer_units_exponent_0': 8, 'W_layer_units_exponent_1': 6, 'W_layer_units_exponent_2': 6, 'W_layer_units_exponent_3': 7, 'W_layer_units_exponent_4': 6, 'D_layers': 8, 'D_layer_units_exponent_0': 9, 'D_layer_units_exponent_1': 10, 'D_layer_units_exponent_2': 10, 'D_layer_units_exponent_3': 5, 'D_layer_units_exponent_4': 6, 'D_layer_units_exponent_5': 8, 'D_layer_units_exponent_6': 8, 'D_layer_units_exponent_7': 8, 'log_learning_rate': -4.775236943370528, 'log_learning_rate_D': -1.0941940915387844, 'training_batch_size': 9, 'training_p': 6}. Best is trial 4 with value: 0.22876401245594025.
Time for this trial:  175.48949646949768
Memory status after this trial: 
Memory allocated:  226.17724609375
Memory cached:  238.0
--------------------  Trial  16   --------------------
Start timing: 
Parameters: 
{'W_layers': 7, 'W_layer_units_exponent_0': 6, 'W_layer_units_exponent_1': 9, 'W_layer_units_exponent_2': 8, 'W_layer_units_exponent_3': 5, 'W_layer_units_exponent_4': 8, 'W_layer_units_exponent_5': 4, 'W_layer_units_exponent_6': 10, 'D_layers': 6, 'D_layer_units_exponent_0': 4, 'D_layer_units_exponent_1': 8, 'D_layer_units_exponent_2': 8, 'D_layer_units_exponent_3': 8, 'D_layer_units_exponent_4': 4, 'D_layer_units_exponent_5': 10, 'log_learning_rate': -2.792412238873532, 'log_learning_rate_D': -2.389144862234784, 'training_batch_size': 8, 'training_p': 8}
	 epoch  0 training error:  tensor(0.9943, device='cuda:0', grad_fn=<DivBackward0>)
Memory status after this epoch: 
Memory allocated:  5.580078125
Memory cached:  16.0
	 epoch  10 training error:  tensor(0.2913, device='cuda:0', grad_fn=<DivBackward0>)
Memory status after this epoch: 
Memory allocated:  5.580078125
Memory cached:  18.0
	 epoch  20 training error:  tensor(0.2637, device='cuda:0', grad_fn=<DivBackward0>)
Memory status after this epoch: 
Memory allocated:  5.580078125
Memory cached:  20.0
	 epoch  30 training error:  tensor(0.2600, device='cuda:0', grad_fn=<DivBackward0>)
Memory status after this epoch: 
Memory allocated:  5.580078125
Memory cached:  20.0
	 epoch  40 training error:  tensor(0.2601, device='cuda:0', grad_fn=<DivBackward0>)
Memory status after this epoch: 
Memory allocated:  5.580078125
Memory cached:  20.0
	 epoch  50 training error:  tensor(0.2599, device='cuda:0', grad_fn=<DivBackward0>)
Memory status after this epoch: 
Memory allocated:  5.580078125
Memory cached:  18.0
	 epoch  60 training error:  tensor(0.2600, device='cuda:0', grad_fn=<DivBackward0>)
Memory status after this epoch: 
Memory allocated:  5.580078125
Memory cached:  18.0
	 epoch  70 training error:  tensor(0.2598, device='cuda:0', grad_fn=<DivBackward0>)
Memory status after this epoch: 
Memory allocated:  5.580078125
Memory cached:  18.0
	 epoch  80 training error:  tensor(0.2597, device='cuda:0', grad_fn=<DivBackward0>)
Memory status after this epoch: 
Memory allocated:  5.580078125
Memory cached:  20.0
	 epoch  90 training error:  tensor(0.2595, device='cuda:0', grad_fn=<DivBackward0>)
Memory status after this epoch: 
Memory allocated:  5.580078125
Memory cached:  20.0
[I 2023-11-01 14:01:10,793] Trial 16 finished with value: 0.23268382251262665 and parameters: {'W_layers': 7, 'W_layer_units_exponent_0': 6, 'W_layer_units_exponent_1': 9, 'W_layer_units_exponent_2': 8, 'W_layer_units_exponent_3': 5, 'W_layer_units_exponent_4': 8, 'W_layer_units_exponent_5': 4, 'W_layer_units_exponent_6': 10, 'D_layers': 6, 'D_layer_units_exponent_0': 4, 'D_layer_units_exponent_1': 8, 'D_layer_units_exponent_2': 8, 'D_layer_units_exponent_3': 8, 'D_layer_units_exponent_4': 4, 'D_layer_units_exponent_5': 10, 'log_learning_rate': -2.792412238873532, 'log_learning_rate_D': -2.389144862234784, 'training_batch_size': 8, 'training_p': 8}. Best is trial 4 with value: 0.22876401245594025.
Time for this trial:  179.16738510131836
Memory status after this trial: 
Memory allocated:  215.736328125
Memory cached:  220.0
--------------------  Trial  17   --------------------
Start timing: 
Parameters: 
{'W_layers': 3, 'W_layer_units_exponent_0': 6, 'W_layer_units_exponent_1': 8, 'W_layer_units_exponent_2': 8, 'D_layers': 6, 'D_layer_units_exponent_0': 10, 'D_layer_units_exponent_1': 8, 'D_layer_units_exponent_2': 5, 'D_layer_units_exponent_3': 8, 'D_layer_units_exponent_4': 6, 'D_layer_units_exponent_5': 7, 'log_learning_rate': -3.8922536070422717, 'log_learning_rate_D': -1.6182190725515584, 'training_batch_size': 11, 'training_p': 6}
	 epoch  0 training error:  tensor(0.8506, device='cuda:0', grad_fn=<DivBackward0>)
Memory status after this epoch: 
Memory allocated:  5.9921875
Memory cached:  14.0
	 epoch  10 training error:  tensor(0.2917, device='cuda:0', grad_fn=<DivBackward0>)
Memory status after this epoch: 
Memory allocated:  5.9921875
Memory cached:  14.0
	 epoch  20 training error:  tensor(0.2612, device='cuda:0', grad_fn=<DivBackward0>)
Memory status after this epoch: 
Memory allocated:  5.9921875
Memory cached:  14.0
	 epoch  30 training error:  tensor(0.2583, device='cuda:0', grad_fn=<DivBackward0>)
Memory status after this epoch: 
Memory allocated:  5.9921875
Memory cached:  14.0
	 epoch  40 training error:  tensor(0.2588, device='cuda:0', grad_fn=<DivBackward0>)
Memory status after this epoch: 
Memory allocated:  5.9921875
Memory cached:  14.0
	 epoch  50 training error:  tensor(0.2588, device='cuda:0', grad_fn=<DivBackward0>)
Memory status after this epoch: 
Memory allocated:  5.9921875
Memory cached:  14.0
	 epoch  60 training error:  tensor(0.2585, device='cuda:0', grad_fn=<DivBackward0>)
Memory status after this epoch: 
Memory allocated:  5.9921875
Memory cached:  14.0
	 epoch  70 training error:  tensor(0.2580, device='cuda:0', grad_fn=<DivBackward0>)
Memory status after this epoch: 
Memory allocated:  5.9921875
Memory cached:  14.0
	 epoch  80 training error:  tensor(0.2577, device='cuda:0', grad_fn=<DivBackward0>)
Memory status after this epoch: 
Memory allocated:  5.9921875
Memory cached:  14.0
	 epoch  90 training error:  tensor(0.2577, device='cuda:0', grad_fn=<DivBackward0>)
Memory status after this epoch: 
Memory allocated:  5.9921875
Memory cached:  14.0
