[I 2023-10-30 16:49:34,780] Trial 18 finished with value: 0.2284320443868637 and parameters: {'W_layers': 3, 'W_layer_units_exponent_0': 9, 'W_layer_units_exponent_1': 8, 'W_layer_units_exponent_2': 4, 'D_layers': 3, 'D_layer_units_exponent_0': 6, 'D_layer_units_exponent_1': 6, 'D_layer_units_exponent_2': 10, 'log_learning_rate': -3.418643161391523, 'log_learning_rate_D': -3.4913203641173647, 'training_batch_size': 10, 'training_p': 3}. Best is trial 8 with value: 0.22491002082824707.
Time for this trial:  111.8889582157135
Memory status after this trial: 
Memory allocated:  105.337890625
Memory cached:  108.0
--------------------  Trial  19   --------------------
Start timing: 
Parameters: 
{'W_layers': 4, 'W_layer_units_exponent_0': 8, 'W_layer_units_exponent_1': 6, 'W_layer_units_exponent_2': 8, 'W_layer_units_exponent_3': 4, 'D_layers': 4, 'D_layer_units_exponent_0': 5, 'D_layer_units_exponent_1': 7, 'D_layer_units_exponent_2': 8, 'D_layer_units_exponent_3': 10, 'log_learning_rate': -1.0945727951832374, 'log_learning_rate_D': -1.6121183008620656, 'training_batch_size': 8, 'training_p': 4}
	 epoch  0 training error:  tensor(1.0000, device='cuda:0', grad_fn=<DivBackward0>)
Memory status after this epoch: 
Memory allocated:  5.2568359375
Memory cached:  14.0
[W 2023-10-30 16:49:39,579] Trial 19 failed with parameters: {'W_layers': 4, 'W_layer_units_exponent_0': 8, 'W_layer_units_exponent_1': 6, 'W_layer_units_exponent_2': 8, 'W_layer_units_exponent_3': 4, 'D_layers': 4, 'D_layer_units_exponent_0': 5, 'D_layer_units_exponent_1': 7, 'D_layer_units_exponent_2': 8, 'D_layer_units_exponent_3': 10, 'log_learning_rate': -1.0945727951832374, 'log_learning_rate_D': -1.6121183008620656, 'training_batch_size': 8, 'training_p': 4} because of the following error: The value nan is not acceptable.
[W 2023-10-30 16:49:39,580] Trial 19 failed with value tensor(nan, device='cuda:0', grad_fn=<DivBackward0>).
Time for this trial:  4.575045108795166
Memory status after this trial: 
Memory allocated:  111.29248046875
Memory cached:  116.0
--------------------  Trial  20   --------------------
Start timing: 
Parameters: 
{'W_layers': 4, 'W_layer_units_exponent_0': 8, 'W_layer_units_exponent_1': 6, 'W_layer_units_exponent_2': 10, 'W_layer_units_exponent_3': 4, 'D_layers': 4, 'D_layer_units_exponent_0': 5, 'D_layer_units_exponent_1': 7, 'D_layer_units_exponent_2': 8, 'D_layer_units_exponent_3': 10, 'log_learning_rate': -2.3758413128792952, 'log_learning_rate_D': -1.7264824647090173, 'training_batch_size': 8, 'training_p': 4}
	 epoch  0 training error:  tensor(1.0000, device='cuda:0', grad_fn=<DivBackward0>)
Memory status after this epoch: 
Memory allocated:  6.2060546875
Memory cached:  12.0
	 epoch  10 training error:  tensor(0.9071, device='cuda:0', grad_fn=<DivBackward0>)
Memory status after this epoch: 
Memory allocated:  6.2060546875
Memory cached:  14.0
	 epoch  20 training error:  tensor(0.6296, device='cuda:0', grad_fn=<DivBackward0>)
Memory status after this epoch: 
Memory allocated:  6.2060546875
Memory cached:  14.0
	 epoch  30 training error:  tensor(0.2934, device='cuda:0', grad_fn=<DivBackward0>)
Memory status after this epoch: 
Memory allocated:  6.2060546875
Memory cached:  14.0
	 epoch  40 training error:  tensor(0.2635, device='cuda:0', grad_fn=<DivBackward0>)
Memory status after this epoch: 
Memory allocated:  6.2060546875
Memory cached:  14.0
	 epoch  50 training error:  tensor(0.2524, device='cuda:0', grad_fn=<DivBackward0>)
Memory status after this epoch: 
Memory allocated:  6.2060546875
Memory cached:  14.0
	 epoch  60 training error:  tensor(0.2529, device='cuda:0', grad_fn=<DivBackward0>)
Memory status after this epoch: 
Memory allocated:  6.2060546875
Memory cached:  14.0
	 epoch  70 training error:  tensor(0.2527, device='cuda:0', grad_fn=<DivBackward0>)
Memory status after this epoch: 
Memory allocated:  6.2060546875
Memory cached:  14.0
	 epoch  80 training error:  tensor(0.2524, device='cuda:0', grad_fn=<DivBackward0>)
Memory status after this epoch: 
Memory allocated:  6.2060546875
Memory cached:  14.0
	 epoch  90 training error:  tensor(0.2523, device='cuda:0', grad_fn=<DivBackward0>)
Memory status after this epoch: 
Memory allocated:  6.2060546875
Memory cached:  14.0
[I 2023-10-30 16:51:54,854] Trial 20 finished with value: 0.2267255336046219 and parameters: {'W_layers': 4, 'W_layer_units_exponent_0': 8, 'W_layer_units_exponent_1': 6, 'W_layer_units_exponent_2': 10, 'W_layer_units_exponent_3': 4, 'D_layers': 4, 'D_layer_units_exponent_0': 5, 'D_layer_units_exponent_1': 7, 'D_layer_units_exponent_2': 8, 'D_layer_units_exponent_3': 10, 'log_learning_rate': -2.3758413128792952, 'log_learning_rate_D': -1.7264824647090173, 'training_batch_size': 8, 'training_p': 4}. Best is trial 8 with value: 0.22491002082824707.
Time for this trial:  135.0912492275238
Memory status after this trial: 
Memory allocated:  152.78271484375
Memory cached:  158.0
--------------------  Trial  21   --------------------
Start timing: 
Parameters: 
{'W_layers': 2, 'W_layer_units_exponent_0': 8, 'W_layer_units_exponent_1': 9, 'D_layers': 2, 'D_layer_units_exponent_0': 7, 'D_layer_units_exponent_1': 4, 'log_learning_rate': -4.035091649756421, 'log_learning_rate_D': -3.7396488346226713, 'training_batch_size': 10, 'training_p': 3}
	 epoch  0 training error:  tensor(1.0001, device='cuda:0', grad_fn=<DivBackward0>)
Memory status after this epoch: 
Memory allocated:  2.1474609375
Memory cached:  10.0
	 epoch  10 training error:  tensor(0.9988, device='cuda:0', grad_fn=<DivBackward0>)
Memory status after this epoch: 
Memory allocated:  2.1474609375
Memory cached:  14.0
	 epoch  20 training error:  tensor(0.9972, device='cuda:0', grad_fn=<DivBackward0>)
Memory status after this epoch: 
Memory allocated:  2.1474609375
Memory cached:  16.0
	 epoch  30 training error:  tensor(0.9947, device='cuda:0', grad_fn=<DivBackward0>)
Memory status after this epoch: 
Memory allocated:  2.1474609375
Memory cached:  14.0
	 epoch  40 training error:  tensor(0.9908, device='cuda:0', grad_fn=<DivBackward0>)
Memory status after this epoch: 
Memory allocated:  2.1474609375
Memory cached:  14.0
	 epoch  50 training error:  tensor(0.9841, device='cuda:0', grad_fn=<DivBackward0>)
Memory status after this epoch: 
Memory allocated:  2.1474609375
Memory cached:  14.0
	 epoch  60 training error:  tensor(0.9726, device='cuda:0', grad_fn=<DivBackward0>)
Memory status after this epoch: 
Memory allocated:  2.1474609375
Memory cached:  14.0
	 epoch  70 training error:  tensor(0.9528, device='cuda:0', grad_fn=<DivBackward0>)
Memory status after this epoch: 
Memory allocated:  2.1474609375
Memory cached:  14.0
	 epoch  80 training error:  tensor(0.9192, device='cuda:0', grad_fn=<DivBackward0>)
Memory status after this epoch: 
Memory allocated:  2.1474609375
Memory cached:  16.0
	 epoch  90 training error:  tensor(0.8630, device='cuda:0', grad_fn=<DivBackward0>)
Memory status after this epoch: 
Memory allocated:  2.1474609375
Memory cached:  14.0
[I 2023-10-30 16:53:24,787] Trial 21 finished with value: 0.7558779716491699 and parameters: {'W_layers': 2, 'W_layer_units_exponent_0': 8, 'W_layer_units_exponent_1': 9, 'D_layers': 2, 'D_layer_units_exponent_0': 7, 'D_layer_units_exponent_1': 4, 'log_learning_rate': -4.035091649756421, 'log_learning_rate_D': -3.7396488346226713, 'training_batch_size': 10, 'training_p': 3}. Best is trial 8 with value: 0.22491002082824707.
Time for this trial:  89.76187443733215
Memory status after this trial: 
Memory allocated:  50.61376953125
Memory cached:  52.0
--------------------  Trial  22   --------------------
Start timing: 
Parameters: 
{'W_layers': 3, 'W_layer_units_exponent_0': 6, 'W_layer_units_exponent_1': 6, 'W_layer_units_exponent_2': 8, 'D_layers': 3, 'D_layer_units_exponent_0': 4, 'D_layer_units_exponent_1': 5, 'D_layer_units_exponent_2': 6, 'log_learning_rate': -3.331702563727746, 'log_learning_rate_D': -2.782786266087615, 'training_batch_size': 6, 'training_p': 5}
	 epoch  0 training error:  tensor(1.0000, device='cuda:0', grad_fn=<DivBackward0>)
Memory status after this epoch: 
Memory allocated:  0.3984375
Memory cached:  6.0
	 epoch  10 training error:  tensor(0.9993, device='cuda:0', grad_fn=<DivBackward0>)
Memory status after this epoch: 
Memory allocated:  0.3984375
Memory cached:  6.0
	 epoch  20 training error:  tensor(0.9932, device='cuda:0', grad_fn=<DivBackward0>)
Memory status after this epoch: 
Memory allocated:  0.3984375
Memory cached:  6.0
	 epoch  30 training error:  tensor(0.7104, device='cuda:0', grad_fn=<DivBackward0>)
Memory status after this epoch: 
Memory allocated:  0.3984375
Memory cached:  6.0
	 epoch  40 training error:  tensor(0.3205, device='cuda:0', grad_fn=<DivBackward0>)
Memory status after this epoch: 
Memory allocated:  0.3984375
Memory cached:  6.0
	 epoch  50 training error:  tensor(0.2844, device='cuda:0', grad_fn=<DivBackward0>)
Memory status after this epoch: 
Memory allocated:  0.3984375
Memory cached:  6.0
	 epoch  60 training error:  tensor(0.2607, device='cuda:0', grad_fn=<DivBackward0>)
Memory status after this epoch: 
Memory allocated:  0.3984375
Memory cached:  6.0
	 epoch  70 training error:  tensor(0.2569, device='cuda:0', grad_fn=<DivBackward0>)
Memory status after this epoch: 
Memory allocated:  0.3984375
Memory cached:  6.0
	 epoch  80 training error:  tensor(0.2556, device='cuda:0', grad_fn=<DivBackward0>)
Memory status after this epoch: 
Memory allocated:  0.3984375
Memory cached:  6.0
	 epoch  90 training error:  tensor(0.2556, device='cuda:0', grad_fn=<DivBackward0>)
Memory status after this epoch: 
Memory allocated:  0.3984375
Memory cached:  6.0
[I 2023-10-30 16:56:33,107] Trial 22 finished with value: 0.22553539276123047 and parameters: {'W_layers': 3, 'W_layer_units_exponent_0': 6, 'W_layer_units_exponent_1': 6, 'W_layer_units_exponent_2': 8, 'D_layers': 3, 'D_layer_units_exponent_0': 4, 'D_layer_units_exponent_1': 5, 'D_layer_units_exponent_2': 6, 'log_learning_rate': -3.331702563727746, 'log_learning_rate_D': -2.782786266087615, 'training_batch_size': 6, 'training_p': 5}. Best is trial 8 with value: 0.22491002082824707.
Time for this trial:  188.12995386123657
Memory status after this trial: 
Memory allocated:  27.5517578125
Memory cached:  28.0
--------------------  Trial  23   --------------------
Start timing: 
Parameters: 
{'W_layers': 3, 'W_layer_units_exponent_0': 6, 'W_layer_units_exponent_1': 6, 'W_layer_units_exponent_2': 8, 'D_layers': 3, 'D_layer_units_exponent_0': 8, 'D_layer_units_exponent_1': 5, 'D_layer_units_exponent_2': 6, 'log_learning_rate': -3.6242161491963127, 'log_learning_rate_D': -2.7824769083948535, 'training_batch_size': 6, 'training_p': 7}
	 epoch  0 training error:  tensor(1.0000, device='cuda:0', grad_fn=<DivBackward0>)
Memory status after this epoch: 
Memory allocated:  0.546875
Memory cached:  6.0
	 epoch  10 training error:  tensor(0.9998, device='cuda:0', grad_fn=<DivBackward0>)
Memory status after this epoch: 
Memory allocated:  0.546875
Memory cached:  6.0
	 epoch  20 training error:  tensor(0.9935, device='cuda:0', grad_fn=<DivBackward0>)
Memory status after this epoch: 
Memory allocated:  0.546875
Memory cached:  6.0
	 epoch  30 training error:  tensor(0.8064, device='cuda:0', grad_fn=<DivBackward0>)
Memory status after this epoch: 
Memory allocated:  0.546875
Memory cached:  6.0
	 epoch  40 training error:  tensor(0.6603, device='cuda:0', grad_fn=<DivBackward0>)
Memory status after this epoch: 
Memory allocated:  0.546875
Memory cached:  6.0
	 epoch  50 training error:  tensor(0.6361, device='cuda:0', grad_fn=<DivBackward0>)
Memory status after this epoch: 
Memory allocated:  0.546875
Memory cached:  6.0
	 epoch  60 training error:  tensor(0.6123, device='cuda:0', grad_fn=<DivBackward0>)
Memory status after this epoch: 
Memory allocated:  0.546875
Memory cached:  6.0
	 epoch  70 training error:  tensor(0.5727, device='cuda:0', grad_fn=<DivBackward0>)
Memory status after this epoch: 
Memory allocated:  0.546875
Memory cached:  6.0
	 epoch  80 training error:  tensor(0.5364, device='cuda:0', grad_fn=<DivBackward0>)
Memory status after this epoch: 
Memory allocated:  0.546875
Memory cached:  6.0
	 epoch  90 training error:  tensor(1.1049, device='cuda:0', grad_fn=<DivBackward0>)
Memory status after this epoch: 
Memory allocated:  0.546875
Memory cached:  6.0
[I 2023-10-30 16:59:43,210] Trial 23 finished with value: 1.1129049062728882 and parameters: {'W_layers': 3, 'W_layer_units_exponent_0': 6, 'W_layer_units_exponent_1': 6, 'W_layer_units_exponent_2': 8, 'D_layers': 3, 'D_layer_units_exponent_0': 8, 'D_layer_units_exponent_1': 5, 'D_layer_units_exponent_2': 6, 'log_learning_rate': -3.6242161491963127, 'log_learning_rate_D': -2.7824769083948535, 'training_batch_size': 6, 'training_p': 7}. Best is trial 8 with value: 0.22491002082824707.
Time for this trial:  189.9111111164093
Memory status after this trial: 
Memory allocated:  40.14599609375
Memory cached:  42.0
--------------------  Trial  24   --------------------
Start timing: 
Parameters: 
{'W_layers': 4, 'W_layer_units_exponent_0': 6, 'W_layer_units_exponent_1': 8, 'W_layer_units_exponent_2': 8, 'W_layer_units_exponent_3': 6, 'D_layers': 4, 'D_layer_units_exponent_0': 5, 'D_layer_units_exponent_1': 5, 'D_layer_units_exponent_2': 6, 'D_layer_units_exponent_3': 10, 'log_learning_rate': -4.21186181229523, 'log_learning_rate_D': -1.5136063675298788, 'training_batch_size': 7, 'training_p': 5}
	 epoch  0 training error:  tensor(1.0000, device='cuda:0', grad_fn=<DivBackward0>)
Memory status after this epoch: 
Memory allocated:  2.6513671875
Memory cached:  12.0
	 epoch  10 training error:  tensor(1.0000, device='cuda:0', grad_fn=<DivBackward0>)
Memory status after this epoch: 
Memory allocated:  2.6513671875
Memory cached:  16.0
	 epoch  20 training error:  tensor(1.0000, device='cuda:0', grad_fn=<DivBackward0>)
Memory status after this epoch: 
Memory allocated:  2.6513671875
Memory cached:  14.0
	 epoch  30 training error:  tensor(1.0000, device='cuda:0', grad_fn=<DivBackward0>)
Memory status after this epoch: 
Memory allocated:  2.6513671875
Memory cached:  16.0
	 epoch  40 training error:  tensor(1.0000, device='cuda:0', grad_fn=<DivBackward0>)
Memory status after this epoch: 
Memory allocated:  2.6513671875
Memory cached:  14.0
	 epoch  50 training error:  tensor(1.0000, device='cuda:0', grad_fn=<DivBackward0>)
Memory status after this epoch: 
Memory allocated:  2.6513671875
Memory cached:  16.0
	 epoch  60 training error:  tensor(1.0000, device='cuda:0', grad_fn=<DivBackward0>)
Memory status after this epoch: 
Memory allocated:  2.6513671875
Memory cached:  16.0
	 epoch  70 training error:  tensor(1.0000, device='cuda:0', grad_fn=<DivBackward0>)
Memory status after this epoch: 
Memory allocated:  2.6513671875
Memory cached:  18.0
	 epoch  80 training error:  tensor(1.0000, device='cuda:0', grad_fn=<DivBackward0>)
Memory status after this epoch: 
Memory allocated:  2.6513671875
Memory cached:  16.0
	 epoch  90 training error:  tensor(1.0000, device='cuda:0', grad_fn=<DivBackward0>)
Memory status after this epoch: 
Memory allocated:  2.6513671875
Memory cached:  18.0
[I 2023-10-30 17:01:52,105] Trial 24 finished with value: 0.999993622303009 and parameters: {'W_layers': 4, 'W_layer_units_exponent_0': 6, 'W_layer_units_exponent_1': 8, 'W_layer_units_exponent_2': 8, 'W_layer_units_exponent_3': 6, 'D_layers': 4, 'D_layer_units_exponent_0': 5, 'D_layer_units_exponent_1': 5, 'D_layer_units_exponent_2': 6, 'D_layer_units_exponent_3': 10, 'log_learning_rate': -4.21186181229523, 'log_learning_rate_D': -1.5136063675298788, 'training_batch_size': 7, 'training_p': 5}. Best is trial 8 with value: 0.22491002082824707.
Time for this trial:  128.7121684551239
Memory status after this trial: 
Memory allocated:  97.1552734375
Memory cached:  100.0
--------------------  Trial  25   --------------------
Start timing: 
Parameters: 
{'W_layers': 3, 'W_layer_units_exponent_0': 6, 'W_layer_units_exponent_1': 10, 'W_layer_units_exponent_2': 7, 'D_layers': 3, 'D_layer_units_exponent_0': 7, 'D_layer_units_exponent_1': 5, 'D_layer_units_exponent_2': 5, 'log_learning_rate': -3.189426887886803, 'log_learning_rate_D': -2.094210996137889, 'training_batch_size': 6, 'training_p': 5}
	 epoch  0 training error:  tensor(1.0000, device='cuda:0', grad_fn=<DivBackward0>)
Memory status after this epoch: 
Memory allocated:  3.1484375
Memory cached:  14.0
	 epoch  10 training error:  tensor(0.9630, device='cuda:0', grad_fn=<DivBackward0>)
Memory status after this epoch: 
Memory allocated:  3.1484375
Memory cached:  16.0
	 epoch  20 training error:  tensor(0.8111, device='cuda:0', grad_fn=<DivBackward0>)
Memory status after this epoch: 
Memory allocated:  3.1484375
Memory cached:  14.0
	 epoch  30 training error:  tensor(0.7085, device='cuda:0', grad_fn=<DivBackward0>)
Memory status after this epoch: 
Memory allocated:  3.1484375
Memory cached:  14.0
	 epoch  40 training error:  tensor(0.6814, device='cuda:0', grad_fn=<DivBackward0>)
Memory status after this epoch: 
Memory allocated:  3.1484375
Memory cached:  16.0
	 epoch  50 training error:  tensor(0.6585, device='cuda:0', grad_fn=<DivBackward0>)
Memory status after this epoch: 
Memory allocated:  3.1484375
Memory cached:  16.0
	 epoch  60 training error:  tensor(0.6351, device='cuda:0', grad_fn=<DivBackward0>)
Memory status after this epoch: 
Memory allocated:  3.1484375
Memory cached:  16.0
	 epoch  70 training error:  tensor(0.6105, device='cuda:0', grad_fn=<DivBackward0>)
Memory status after this epoch: 
Memory allocated:  3.1484375
Memory cached:  14.0
	 epoch  80 training error:  tensor(0.5837, device='cuda:0', grad_fn=<DivBackward0>)
Memory status after this epoch: 
Memory allocated:  3.1484375
Memory cached:  14.0
	 epoch  90 training error:  tensor(0.5540, device='cuda:0', grad_fn=<DivBackward0>)
Memory status after this epoch: 
Memory allocated:  3.1484375
Memory cached:  14.0
[I 2023-10-30 17:05:04,193] Trial 25 finished with value: 0.3620240092277527 and parameters: {'W_layers': 3, 'W_layer_units_exponent_0': 6, 'W_layer_units_exponent_1': 10, 'W_layer_units_exponent_2': 7, 'D_layers': 3, 'D_layer_units_exponent_0': 7, 'D_layer_units_exponent_1': 5, 'D_layer_units_exponent_2': 5, 'log_learning_rate': -3.189426887886803, 'log_learning_rate_D': -2.094210996137889, 'training_batch_size': 6, 'training_p': 5}. Best is trial 8 with value: 0.22491002082824707.
Time for this trial:  191.86579751968384
Memory status after this trial: 
Memory allocated:  77.4208984375
Memory cached:  80.0
--------------------  Trial  26   --------------------
Start timing: 
Parameters: 
{'W_layers': 4, 'W_layer_units_exponent_0': 4, 'W_layer_units_exponent_1': 7, 'W_layer_units_exponent_2': 9, 'W_layer_units_exponent_3': 10, 'D_layers': 4, 'D_layer_units_exponent_0': 6, 'D_layer_units_exponent_1': 6, 'D_layer_units_exponent_2': 8, 'D_layer_units_exponent_3': 4, 'log_learning_rate': -3.68493499651609, 'log_learning_rate_D': -2.738539595710193, 'training_batch_size': 7, 'training_p': 2}
	 epoch  0 training error:  tensor(1.0000, device='cuda:0', grad_fn=<DivBackward0>)
Memory status after this epoch: 
Memory allocated:  9.5126953125
Memory cached:  32.0
	 epoch  10 training error:  tensor(0.9999, device='cuda:0', grad_fn=<DivBackward0>)
Memory status after this epoch: 
Memory allocated:  9.5126953125
Memory cached:  34.0
	 epoch  20 training error:  tensor(0.9997, device='cuda:0', grad_fn=<DivBackward0>)
Memory status after this epoch: 
Memory allocated:  9.5126953125
Memory cached:  34.0
	 epoch  30 training error:  tensor(0.9990, device='cuda:0', grad_fn=<DivBackward0>)
Memory status after this epoch: 
Memory allocated:  9.5126953125
Memory cached:  34.0
	 epoch  40 training error:  tensor(0.9958, device='cuda:0', grad_fn=<DivBackward0>)
Memory status after this epoch: 
Memory allocated:  9.5126953125
Memory cached:  34.0
	 epoch  50 training error:  tensor(0.6288, device='cuda:0', grad_fn=<DivBackward0>)
Memory status after this epoch: 
Memory allocated:  9.5126953125
Memory cached:  34.0
	 epoch  60 training error:  tensor(0.8214, device='cuda:0', grad_fn=<DivBackward0>)
Memory status after this epoch: 
Memory allocated:  9.5126953125
Memory cached:  34.0
	 epoch  70 training error:  tensor(0.5807, device='cuda:0', grad_fn=<DivBackward0>)
Memory status after this epoch: 
Memory allocated:  9.5126953125
Memory cached:  34.0
	 epoch  80 training error:  tensor(0.8749, device='cuda:0', grad_fn=<DivBackward0>)
Memory status after this epoch: 
Memory allocated:  9.5126953125
Memory cached:  34.0
	 epoch  90 training error:  tensor(19.5920, device='cuda:0', grad_fn=<DivBackward0>)
Memory status after this epoch: 
Memory allocated:  9.5126953125
Memory cached:  34.0
