[I 2023-11-02 18:13:40,095] Trial 39 finished with value: 0.24680383503437042 and parameters: {'W_layers': 8, 'W_layer_units_exponent_0': 5, 'W_layer_units_exponent_1': 9, 'W_layer_units_exponent_2': 4, 'W_layer_units_exponent_3': 6, 'W_layer_units_exponent_4': 7, 'W_layer_units_exponent_5': 9, 'W_layer_units_exponent_6': 5, 'W_layer_units_exponent_7': 7, 'D_layers': 5, 'D_layer_units_exponent_0': 7, 'D_layer_units_exponent_1': 6, 'D_layer_units_exponent_2': 7, 'D_layer_units_exponent_3': 8, 'D_layer_units_exponent_4': 8, 'log_learning_rate': -4.018882184182523, 'log_learning_rate_D': -1.554163010780813, 'training_batch_size': 12, 'training_p': 5}. Best is trial 7 with value: 0.24504585564136505.
Time for this trial:  168.42583012580872
Memory status after this trial: 
Memory allocated:  123.1806640625
Memory cached:  126.0
--------------------  Trial  40   --------------------
Start timing: 
Parameters: 
{'W_layers': 8, 'W_layer_units_exponent_0': 5, 'W_layer_units_exponent_1': 9, 'W_layer_units_exponent_2': 4, 'W_layer_units_exponent_3': 5, 'W_layer_units_exponent_4': 7, 'W_layer_units_exponent_5': 9, 'W_layer_units_exponent_6': 6, 'W_layer_units_exponent_7': 8, 'D_layers': 5, 'D_layer_units_exponent_0': 6, 'D_layer_units_exponent_1': 6, 'D_layer_units_exponent_2': 6, 'D_layer_units_exponent_3': 8, 'D_layer_units_exponent_4': 7, 'log_learning_rate': -4.502379117099405, 'log_learning_rate_D': -1.3330767562358983, 'training_batch_size': 9, 'training_p': 5}
	 epoch  0 training error:  tensor(1.0004, device='cuda:0', grad_fn=<DivBackward0>)
Memory status after this epoch: 
Memory allocated:  3.220703125
Memory cached:  16.0
	 epoch  10 training error:  tensor(0.9931, device='cuda:0', grad_fn=<DivBackward0>)
Memory status after this epoch: 
Memory allocated:  3.220703125
Memory cached:  22.0
	 epoch  20 training error:  tensor(0.9811, device='cuda:0', grad_fn=<DivBackward0>)
Memory status after this epoch: 
Memory allocated:  3.220703125
Memory cached:  22.0
	 epoch  30 training error:  tensor(0.9593, device='cuda:0', grad_fn=<DivBackward0>)
Memory status after this epoch: 
Memory allocated:  3.220703125
Memory cached:  24.0
	 epoch  40 training error:  tensor(0.9200, device='cuda:0', grad_fn=<DivBackward0>)
Memory status after this epoch: 
Memory allocated:  3.220703125
Memory cached:  22.0
	 epoch  50 training error:  tensor(0.8522, device='cuda:0', grad_fn=<DivBackward0>)
Memory status after this epoch: 
Memory allocated:  3.220703125
Memory cached:  22.0
	 epoch  60 training error:  tensor(0.7417, device='cuda:0', grad_fn=<DivBackward0>)
Memory status after this epoch: 
Memory allocated:  3.220703125
Memory cached:  22.0
	 epoch  70 training error:  tensor(0.5666, device='cuda:0', grad_fn=<DivBackward0>)
Memory status after this epoch: 
Memory allocated:  3.220703125
Memory cached:  22.0
	 epoch  80 training error:  tensor(0.3115, device='cuda:0', grad_fn=<DivBackward0>)
Memory status after this epoch: 
Memory allocated:  3.220703125
Memory cached:  22.0
	 epoch  90 training error:  tensor(0.2614, device='cuda:0', grad_fn=<DivBackward0>)
Memory status after this epoch: 
Memory allocated:  3.220703125
Memory cached:  22.0
[I 2023-11-02 18:16:27,702] Trial 40 finished with value: 0.245212584733963 and parameters: {'W_layers': 8, 'W_layer_units_exponent_0': 5, 'W_layer_units_exponent_1': 9, 'W_layer_units_exponent_2': 4, 'W_layer_units_exponent_3': 5, 'W_layer_units_exponent_4': 7, 'W_layer_units_exponent_5': 9, 'W_layer_units_exponent_6': 6, 'W_layer_units_exponent_7': 8, 'D_layers': 5, 'D_layer_units_exponent_0': 6, 'D_layer_units_exponent_1': 6, 'D_layer_units_exponent_2': 6, 'D_layer_units_exponent_3': 8, 'D_layer_units_exponent_4': 7, 'log_learning_rate': -4.502379117099405, 'log_learning_rate_D': -1.3330767562358983, 'training_batch_size': 9, 'training_p': 5}. Best is trial 7 with value: 0.24504585564136505.
Time for this trial:  167.34900045394897
Memory status after this trial: 
Memory allocated:  116.2119140625
Memory cached:  120.0
--------------------  Trial  41   --------------------
Start timing: 
Parameters: 
{'W_layers': 8, 'W_layer_units_exponent_0': 5, 'W_layer_units_exponent_1': 9, 'W_layer_units_exponent_2': 4, 'W_layer_units_exponent_3': 5, 'W_layer_units_exponent_4': 7, 'W_layer_units_exponent_5': 9, 'W_layer_units_exponent_6': 6, 'W_layer_units_exponent_7': 8, 'D_layers': 5, 'D_layer_units_exponent_0': 6, 'D_layer_units_exponent_1': 6, 'D_layer_units_exponent_2': 6, 'D_layer_units_exponent_3': 8, 'D_layer_units_exponent_4': 7, 'log_learning_rate': -4.566057986556521, 'log_learning_rate_D': -1.3830910041148476, 'training_batch_size': 9, 'training_p': 5}
	 epoch  0 training error:  tensor(1.0036, device='cuda:0', grad_fn=<DivBackward0>)
Memory status after this epoch: 
Memory allocated:  3.220703125
Memory cached:  12.0
	 epoch  10 training error:  tensor(0.9978, device='cuda:0', grad_fn=<DivBackward0>)
Memory status after this epoch: 
Memory allocated:  3.220703125
Memory cached:  18.0
	 epoch  20 training error:  tensor(0.9924, device='cuda:0', grad_fn=<DivBackward0>)
Memory status after this epoch: 
Memory allocated:  3.220703125
Memory cached:  18.0
	 epoch  30 training error:  tensor(0.9802, device='cuda:0', grad_fn=<DivBackward0>)
Memory status after this epoch: 
Memory allocated:  3.220703125
Memory cached:  16.0
	 epoch  40 training error:  tensor(0.9588, device='cuda:0', grad_fn=<DivBackward0>)
Memory status after this epoch: 
Memory allocated:  3.220703125
Memory cached:  18.0
	 epoch  50 training error:  tensor(0.9227, device='cuda:0', grad_fn=<DivBackward0>)
Memory status after this epoch: 
Memory allocated:  3.220703125
Memory cached:  16.0
	 epoch  60 training error:  tensor(0.8641, device='cuda:0', grad_fn=<DivBackward0>)
Memory status after this epoch: 
Memory allocated:  3.220703125
Memory cached:  18.0
	 epoch  70 training error:  tensor(0.7725, device='cuda:0', grad_fn=<DivBackward0>)
Memory status after this epoch: 
Memory allocated:  3.220703125
Memory cached:  18.0
	 epoch  80 training error:  tensor(0.6343, device='cuda:0', grad_fn=<DivBackward0>)
Memory status after this epoch: 
Memory allocated:  3.220703125
Memory cached:  16.0
	 epoch  90 training error:  tensor(0.4340, device='cuda:0', grad_fn=<DivBackward0>)
Memory status after this epoch: 
Memory allocated:  3.220703125
Memory cached:  18.0
[I 2023-11-02 18:19:15,639] Trial 41 finished with value: 0.2482372373342514 and parameters: {'W_layers': 8, 'W_layer_units_exponent_0': 5, 'W_layer_units_exponent_1': 9, 'W_layer_units_exponent_2': 4, 'W_layer_units_exponent_3': 5, 'W_layer_units_exponent_4': 7, 'W_layer_units_exponent_5': 9, 'W_layer_units_exponent_6': 6, 'W_layer_units_exponent_7': 8, 'D_layers': 5, 'D_layer_units_exponent_0': 6, 'D_layer_units_exponent_1': 6, 'D_layer_units_exponent_2': 6, 'D_layer_units_exponent_3': 8, 'D_layer_units_exponent_4': 7, 'log_learning_rate': -4.566057986556521, 'log_learning_rate_D': -1.3830910041148476, 'training_batch_size': 9, 'training_p': 5}. Best is trial 7 with value: 0.24504585564136505.
Time for this trial:  167.6761384010315
Memory status after this trial: 
Memory allocated:  116.2119140625
Memory cached:  120.0
--------------------  Trial  42   --------------------
Start timing: 
Parameters: 
{'W_layers': 8, 'W_layer_units_exponent_0': 4, 'W_layer_units_exponent_1': 9, 'W_layer_units_exponent_2': 5, 'W_layer_units_exponent_3': 5, 'W_layer_units_exponent_4': 7, 'W_layer_units_exponent_5': 9, 'W_layer_units_exponent_6': 6, 'W_layer_units_exponent_7': 8, 'D_layers': 5, 'D_layer_units_exponent_0': 8, 'D_layer_units_exponent_1': 5, 'D_layer_units_exponent_2': 7, 'D_layer_units_exponent_3': 7, 'D_layer_units_exponent_4': 8, 'log_learning_rate': -4.285094677660665, 'log_learning_rate_D': -1.2513699105994343, 'training_batch_size': 8, 'training_p': 5}
	 epoch  0 training error:  tensor(0.9980, device='cuda:0', grad_fn=<DivBackward0>)
Memory status after this epoch: 
Memory allocated:  3.380859375
Memory cached:  18.0
	 epoch  10 training error:  tensor(0.9831, device='cuda:0', grad_fn=<DivBackward0>)
Memory status after this epoch: 
Memory allocated:  3.380859375
Memory cached:  24.0
	 epoch  20 training error:  tensor(0.9465, device='cuda:0', grad_fn=<DivBackward0>)
Memory status after this epoch: 
Memory allocated:  3.380859375
Memory cached:  24.0
	 epoch  30 training error:  tensor(0.8673, device='cuda:0', grad_fn=<DivBackward0>)
Memory status after this epoch: 
Memory allocated:  3.380859375
Memory cached:  24.0
	 epoch  40 training error:  tensor(0.7073, device='cuda:0', grad_fn=<DivBackward0>)
Memory status after this epoch: 
Memory allocated:  3.380859375
Memory cached:  22.0
	 epoch  50 training error:  tensor(0.4061, device='cuda:0', grad_fn=<DivBackward0>)
Memory status after this epoch: 
Memory allocated:  3.380859375
Memory cached:  22.0
	 epoch  60 training error:  tensor(0.3220, device='cuda:0', grad_fn=<DivBackward0>)
Memory status after this epoch: 
Memory allocated:  3.380859375
Memory cached:  22.0
	 epoch  70 training error:  tensor(0.2638, device='cuda:0', grad_fn=<DivBackward0>)
Memory status after this epoch: 
Memory allocated:  3.380859375
Memory cached:  22.0
	 epoch  80 training error:  tensor(0.2508, device='cuda:0', grad_fn=<DivBackward0>)
Memory status after this epoch: 
Memory allocated:  3.380859375
Memory cached:  22.0
	 epoch  90 training error:  tensor(0.2513, device='cuda:0', grad_fn=<DivBackward0>)
Memory status after this epoch: 
Memory allocated:  3.380859375
Memory cached:  22.0
[I 2023-11-02 18:22:05,113] Trial 42 finished with value: 0.24518845975399017 and parameters: {'W_layers': 8, 'W_layer_units_exponent_0': 4, 'W_layer_units_exponent_1': 9, 'W_layer_units_exponent_2': 5, 'W_layer_units_exponent_3': 5, 'W_layer_units_exponent_4': 7, 'W_layer_units_exponent_5': 9, 'W_layer_units_exponent_6': 6, 'W_layer_units_exponent_7': 8, 'D_layers': 5, 'D_layer_units_exponent_0': 8, 'D_layer_units_exponent_1': 5, 'D_layer_units_exponent_2': 7, 'D_layer_units_exponent_3': 7, 'D_layer_units_exponent_4': 8, 'log_learning_rate': -4.285094677660665, 'log_learning_rate_D': -1.2513699105994343, 'training_batch_size': 8, 'training_p': 5}. Best is trial 7 with value: 0.24504585564136505.
Time for this trial:  169.19968128204346
Memory status after this trial: 
Memory allocated:  128.13525390625
Memory cached:  132.0
--------------------  Trial  43   --------------------
Start timing: 
Parameters: 
{'W_layers': 8, 'W_layer_units_exponent_0': 4, 'W_layer_units_exponent_1': 9, 'W_layer_units_exponent_2': 4, 'W_layer_units_exponent_3': 5, 'W_layer_units_exponent_4': 7, 'W_layer_units_exponent_5': 9, 'W_layer_units_exponent_6': 5, 'W_layer_units_exponent_7': 8, 'D_layers': 5, 'D_layer_units_exponent_0': 10, 'D_layer_units_exponent_1': 5, 'D_layer_units_exponent_2': 7, 'D_layer_units_exponent_3': 7, 'D_layer_units_exponent_4': 8, 'log_learning_rate': -4.358225072202605, 'log_learning_rate_D': -1.20883572624225, 'training_batch_size': 8, 'training_p': 5}
	 epoch  0 training error:  tensor(0.9999, device='cuda:0', grad_fn=<DivBackward0>)
Memory status after this epoch: 
Memory allocated:  3.634765625
Memory cached:  16.0
	 epoch  10 training error:  tensor(0.9884, device='cuda:0', grad_fn=<DivBackward0>)
Memory status after this epoch: 
Memory allocated:  3.634765625
Memory cached:  22.0
	 epoch  20 training error:  tensor(0.9666, device='cuda:0', grad_fn=<DivBackward0>)
Memory status after this epoch: 
Memory allocated:  3.634765625
Memory cached:  22.0
	 epoch  30 training error:  tensor(0.9272, device='cuda:0', grad_fn=<DivBackward0>)
Memory status after this epoch: 
Memory allocated:  3.634765625
Memory cached:  22.0
	 epoch  40 training error:  tensor(0.8587, device='cuda:0', grad_fn=<DivBackward0>)
Memory status after this epoch: 
Memory allocated:  3.634765625
Memory cached:  22.0
	 epoch  50 training error:  tensor(0.7414, device='cuda:0', grad_fn=<DivBackward0>)
Memory status after this epoch: 
Memory allocated:  3.634765625
Memory cached:  22.0
	 epoch  60 training error:  tensor(0.5472, device='cuda:0', grad_fn=<DivBackward0>)
Memory status after this epoch: 
Memory allocated:  3.634765625
Memory cached:  22.0
	 epoch  70 training error:  tensor(0.2691, device='cuda:0', grad_fn=<DivBackward0>)
Memory status after this epoch: 
Memory allocated:  3.634765625
Memory cached:  22.0
	 epoch  80 training error:  tensor(0.2840, device='cuda:0', grad_fn=<DivBackward0>)
Memory status after this epoch: 
Memory allocated:  3.634765625
Memory cached:  22.0
	 epoch  90 training error:  tensor(0.2622, device='cuda:0', grad_fn=<DivBackward0>)
Memory status after this epoch: 
Memory allocated:  3.634765625
Memory cached:  22.0
[I 2023-11-02 18:24:58,918] Trial 43 finished with value: 0.24687448143959045 and parameters: {'W_layers': 8, 'W_layer_units_exponent_0': 4, 'W_layer_units_exponent_1': 9, 'W_layer_units_exponent_2': 4, 'W_layer_units_exponent_3': 5, 'W_layer_units_exponent_4': 7, 'W_layer_units_exponent_5': 9, 'W_layer_units_exponent_6': 5, 'W_layer_units_exponent_7': 8, 'D_layers': 5, 'D_layer_units_exponent_0': 10, 'D_layer_units_exponent_1': 5, 'D_layer_units_exponent_2': 7, 'D_layer_units_exponent_3': 7, 'D_layer_units_exponent_4': 8, 'log_learning_rate': -4.358225072202605, 'log_learning_rate_D': -1.20883572624225, 'training_batch_size': 8, 'training_p': 5}. Best is trial 7 with value: 0.24504585564136505.
Time for this trial:  173.52758312225342
Memory status after this trial: 
Memory allocated:  166.47509765625
Memory cached:  170.0
--------------------  Trial  44   --------------------
Start timing: 
Parameters: 
{'W_layers': 8, 'W_layer_units_exponent_0': 4, 'W_layer_units_exponent_1': 9, 'W_layer_units_exponent_2': 5, 'W_layer_units_exponent_3': 5, 'W_layer_units_exponent_4': 7, 'W_layer_units_exponent_5': 8, 'W_layer_units_exponent_6': 4, 'W_layer_units_exponent_7': 8, 'D_layers': 4, 'D_layer_units_exponent_0': 8, 'D_layer_units_exponent_1': 5, 'D_layer_units_exponent_2': 6, 'D_layer_units_exponent_3': 7, 'log_learning_rate': -4.167433139037378, 'log_learning_rate_D': -1.24272928590232, 'training_batch_size': 8, 'training_p': 5}
	 epoch  0 training error:  tensor(1.0007, device='cuda:0', grad_fn=<DivBackward0>)
Memory status after this epoch: 
Memory allocated:  1.58984375
Memory cached:  14.0
	 epoch  10 training error:  tensor(0.9899, device='cuda:0', grad_fn=<DivBackward0>)
Memory status after this epoch: 
Memory allocated:  1.58984375
Memory cached:  22.0
	 epoch  20 training error:  tensor(0.9694, device='cuda:0', grad_fn=<DivBackward0>)
Memory status after this epoch: 
Memory allocated:  1.58984375
Memory cached:  18.0
	 epoch  30 training error:  tensor(0.9244, device='cuda:0', grad_fn=<DivBackward0>)
Memory status after this epoch: 
Memory allocated:  1.58984375
Memory cached:  18.0
	 epoch  40 training error:  tensor(0.8293, device='cuda:0', grad_fn=<DivBackward0>)
Memory status after this epoch: 
Memory allocated:  1.58984375
Memory cached:  22.0
	 epoch  50 training error:  tensor(0.9928, device='cuda:0', grad_fn=<DivBackward0>)
Memory status after this epoch: 
Memory allocated:  1.58984375
Memory cached:  20.0
	 epoch  60 training error:  tensor(0.3597, device='cuda:0', grad_fn=<DivBackward0>)
Memory status after this epoch: 
Memory allocated:  1.58984375
Memory cached:  22.0
	 epoch  70 training error:  tensor(0.2865, device='cuda:0', grad_fn=<DivBackward0>)
Memory status after this epoch: 
Memory allocated:  1.58984375
Memory cached:  18.0
	 epoch  80 training error:  tensor(0.2566, device='cuda:0', grad_fn=<DivBackward0>)
Memory status after this epoch: 
Memory allocated:  1.58984375
Memory cached:  20.0
	 epoch  90 training error:  tensor(0.2508, device='cuda:0', grad_fn=<DivBackward0>)
Memory status after this epoch: 
Memory allocated:  1.58984375
Memory cached:  20.0
[I 2023-11-02 18:27:36,931] Trial 44 finished with value: 0.24747078120708466 and parameters: {'W_layers': 8, 'W_layer_units_exponent_0': 4, 'W_layer_units_exponent_1': 9, 'W_layer_units_exponent_2': 5, 'W_layer_units_exponent_3': 5, 'W_layer_units_exponent_4': 7, 'W_layer_units_exponent_5': 8, 'W_layer_units_exponent_6': 4, 'W_layer_units_exponent_7': 8, 'D_layers': 4, 'D_layer_units_exponent_0': 8, 'D_layer_units_exponent_1': 5, 'D_layer_units_exponent_2': 6, 'D_layer_units_exponent_3': 7, 'log_learning_rate': -4.167433139037378, 'log_learning_rate_D': -1.24272928590232, 'training_batch_size': 8, 'training_p': 5}. Best is trial 7 with value: 0.24504585564136505.
Time for this trial:  157.75719928741455
Memory status after this trial: 
Memory allocated:  94.25634765625
Memory cached:  96.0
--------------------  Trial  45   --------------------
Start timing: 
Parameters: 
{'W_layers': 8, 'W_layer_units_exponent_0': 5, 'W_layer_units_exponent_1': 10, 'W_layer_units_exponent_2': 4, 'W_layer_units_exponent_3': 5, 'W_layer_units_exponent_4': 7, 'W_layer_units_exponent_5': 10, 'W_layer_units_exponent_6': 7, 'W_layer_units_exponent_7': 6, 'D_layers': 5, 'D_layer_units_exponent_0': 9, 'D_layer_units_exponent_1': 6, 'D_layer_units_exponent_2': 7, 'D_layer_units_exponent_3': 8, 'D_layer_units_exponent_4': 7, 'log_learning_rate': -4.573149320031159, 'log_learning_rate_D': -1.5108464577144927, 'training_batch_size': 7, 'training_p': 4}
	 epoch  0 training error:  tensor(1.0023, device='cuda:0', grad_fn=<DivBackward0>)
Memory status after this epoch: 
Memory allocated:  6.95703125
Memory cached:  16.0
	 epoch  10 training error:  tensor(0.9894, device='cuda:0', grad_fn=<DivBackward0>)
Memory status after this epoch: 
Memory allocated:  6.95703125
Memory cached:  22.0
	 epoch  20 training error:  tensor(0.9665, device='cuda:0', grad_fn=<DivBackward0>)
Memory status after this epoch: 
Memory allocated:  6.95703125
Memory cached:  22.0
	 epoch  30 training error:  tensor(0.9204, device='cuda:0', grad_fn=<DivBackward0>)
Memory status after this epoch: 
Memory allocated:  6.95703125
Memory cached:  22.0
	 epoch  40 training error:  tensor(0.8369, device='cuda:0', grad_fn=<DivBackward0>)
Memory status after this epoch: 
Memory allocated:  6.95703125
Memory cached:  22.0
	 epoch  50 training error:  tensor(0.6961, device='cuda:0', grad_fn=<DivBackward0>)
Memory status after this epoch: 
Memory allocated:  6.95703125
Memory cached:  22.0
	 epoch  60 training error:  tensor(0.4757, device='cuda:0', grad_fn=<DivBackward0>)
Memory status after this epoch: 
Memory allocated:  6.95703125
Memory cached:  22.0
	 epoch  70 training error:  tensor(0.2479, device='cuda:0', grad_fn=<DivBackward0>)
Memory status after this epoch: 
Memory allocated:  6.95703125
Memory cached:  22.0
	 epoch  80 training error:  tensor(0.2662, device='cuda:0', grad_fn=<DivBackward0>)
Memory status after this epoch: 
Memory allocated:  6.95703125
Memory cached:  22.0
	 epoch  90 training error:  tensor(0.2567, device='cuda:0', grad_fn=<DivBackward0>)
Memory status after this epoch: 
Memory allocated:  6.95703125
Memory cached:  22.0
