[I 2023-11-07 15:06:29,546] Trial 17 finished with value: 0.01721039228141308 and parameters: {'W_layers': 2, 'W_layer_units_exponent_0': 10, 'W_layer_units_exponent_1': 8, 'D_layers': 7, 'D_layer_units_exponent_0': 5, 'D_layer_units_exponent_1': 5, 'D_layer_units_exponent_2': 8, 'D_layer_units_exponent_3': 6, 'D_layer_units_exponent_4': 10, 'D_layer_units_exponent_5': 8, 'D_layer_units_exponent_6': 8, 'D_dagger_layers': 3, 'D_dagger_layer_units_exponent_0': 6, 'D_dagger_layer_units_exponent_1': 5, 'D_dagger_layer_units_exponent_2': 9, 'log_learning_rate': -4.4160390315263145, 'log_learning_rate_D': -1.9767459121763484, 'log_learning_rate_D_dagger': -4.213614171736859, 'training_batch_size': 11, 'training_p': 2}. Best is trial 15 with value: 0.013439363799989223.
Time for this trial:  19.207325220108032
Memory status after this trial: 
Memory allocated:  105.10546875
Memory cached:  110.0
--------------------  Trial  18   --------------------
Start timing: 
Parameters: 
{'W_layers': 3, 'W_layer_units_exponent_0': 6, 'W_layer_units_exponent_1': 10, 'W_layer_units_exponent_2': 4, 'D_layers': 5, 'D_layer_units_exponent_0': 5, 'D_layer_units_exponent_1': 9, 'D_layer_units_exponent_2': 6, 'D_layer_units_exponent_3': 5, 'D_layer_units_exponent_4': 6, 'D_dagger_layers': 3, 'D_dagger_layer_units_exponent_0': 4, 'D_dagger_layer_units_exponent_1': 4, 'D_dagger_layer_units_exponent_2': 9, 'log_learning_rate': -3.734145411103765, 'log_learning_rate_D': -2.4868989043405185, 'log_learning_rate_D_dagger': -4.2950660190572565, 'training_batch_size': 11, 'training_p': 3}
	 epoch  0 training error:  tensor(0.9487, device='cuda:0', grad_fn=<DivBackward0>)
Memory status after this epoch: 
Memory allocated:  1.7900390625
Memory cached:  6.0
	 epoch  10 training error:  tensor(0.2616, device='cuda:0', grad_fn=<DivBackward0>)
Memory status after this epoch: 
Memory allocated:  1.7900390625
Memory cached:  8.0
	 epoch  20 training error:  tensor(0.1130, device='cuda:0', grad_fn=<DivBackward0>)
Memory status after this epoch: 
Memory allocated:  1.7900390625
Memory cached:  8.0
	 epoch  30 training error:  tensor(0.0443, device='cuda:0', grad_fn=<DivBackward0>)
Memory status after this epoch: 
Memory allocated:  1.7900390625
Memory cached:  8.0
	 epoch  40 training error:  tensor(0.0215, device='cuda:0', grad_fn=<DivBackward0>)
Memory status after this epoch: 
Memory allocated:  1.7900390625
Memory cached:  8.0
	 epoch  50 training error:  tensor(0.0225, device='cuda:0', grad_fn=<DivBackward0>)
Memory status after this epoch: 
Memory allocated:  1.7900390625
Memory cached:  8.0
	 epoch  60 training error:  tensor(0.0191, device='cuda:0', grad_fn=<DivBackward0>)
Memory status after this epoch: 
Memory allocated:  1.7900390625
Memory cached:  8.0
	 epoch  70 training error:  tensor(0.0183, device='cuda:0', grad_fn=<DivBackward0>)
Memory status after this epoch: 
Memory allocated:  1.7900390625
Memory cached:  8.0
	 epoch  80 training error:  tensor(0.0179, device='cuda:0', grad_fn=<DivBackward0>)
Memory status after this epoch: 
Memory allocated:  1.7900390625
Memory cached:  8.0
	 epoch  90 training error:  tensor(0.0179, device='cuda:0', grad_fn=<DivBackward0>)
Memory status after this epoch: 
Memory allocated:  1.7900390625
Memory cached:  8.0
[I 2023-11-07 15:06:48,607] Trial 18 finished with value: 0.013789402320981026 and parameters: {'W_layers': 3, 'W_layer_units_exponent_0': 6, 'W_layer_units_exponent_1': 10, 'W_layer_units_exponent_2': 4, 'D_layers': 5, 'D_layer_units_exponent_0': 5, 'D_layer_units_exponent_1': 9, 'D_layer_units_exponent_2': 6, 'D_layer_units_exponent_3': 5, 'D_layer_units_exponent_4': 6, 'D_dagger_layers': 3, 'D_dagger_layer_units_exponent_0': 4, 'D_dagger_layer_units_exponent_1': 4, 'D_dagger_layer_units_exponent_2': 9, 'log_learning_rate': -3.734145411103765, 'log_learning_rate_D': -2.4868989043405185, 'log_learning_rate_D_dagger': -4.2950660190572565, 'training_batch_size': 11, 'training_p': 3}. Best is trial 15 with value: 0.013439363799989223.
Time for this trial:  18.887656211853027
Memory status after this trial: 
Memory allocated:  90.8291015625
Memory cached:  104.0
--------------------  Trial  19   --------------------
Start timing: 
Parameters: 
{'W_layers': 3, 'W_layer_units_exponent_0': 5, 'W_layer_units_exponent_1': 10, 'W_layer_units_exponent_2': 4, 'D_layers': 4, 'D_layer_units_exponent_0': 5, 'D_layer_units_exponent_1': 9, 'D_layer_units_exponent_2': 6, 'D_layer_units_exponent_3': 5, 'D_dagger_layers': 3, 'D_dagger_layer_units_exponent_0': 4, 'D_dagger_layer_units_exponent_1': 6, 'D_dagger_layer_units_exponent_2': 9, 'log_learning_rate': -3.192503871033391, 'log_learning_rate_D': -2.50581798333461, 'log_learning_rate_D_dagger': -4.211117488110563, 'training_batch_size': 11, 'training_p': 3}
	 epoch  0 training error:  tensor(0.9106, device='cuda:0', grad_fn=<DivBackward0>)
Memory status after this epoch: 
Memory allocated:  1.66845703125
Memory cached:  8.0
	 epoch  10 training error:  tensor(0.3365, device='cuda:0', grad_fn=<DivBackward0>)
Memory status after this epoch: 
Memory allocated:  1.66845703125
Memory cached:  10.0
	 epoch  20 training error:  tensor(0.1713, device='cuda:0', grad_fn=<DivBackward0>)
Memory status after this epoch: 
Memory allocated:  1.66845703125
Memory cached:  10.0
	 epoch  30 training error:  tensor(0.0825, device='cuda:0', grad_fn=<DivBackward0>)
Memory status after this epoch: 
Memory allocated:  1.66845703125
Memory cached:  10.0
	 epoch  40 training error:  tensor(0.0325, device='cuda:0', grad_fn=<DivBackward0>)
Memory status after this epoch: 
Memory allocated:  1.66845703125
Memory cached:  10.0
	 epoch  50 training error:  tensor(0.0335, device='cuda:0', grad_fn=<DivBackward0>)
Memory status after this epoch: 
Memory allocated:  1.66845703125
Memory cached:  10.0
	 epoch  60 training error:  tensor(0.0232, device='cuda:0', grad_fn=<DivBackward0>)
Memory status after this epoch: 
Memory allocated:  1.66845703125
Memory cached:  10.0
	 epoch  70 training error:  tensor(0.0179, device='cuda:0', grad_fn=<DivBackward0>)
Memory status after this epoch: 
Memory allocated:  1.66845703125
Memory cached:  10.0
	 epoch  80 training error:  tensor(0.0181, device='cuda:0', grad_fn=<DivBackward0>)
Memory status after this epoch: 
Memory allocated:  1.66845703125
Memory cached:  10.0
	 epoch  90 training error:  tensor(0.0179, device='cuda:0', grad_fn=<DivBackward0>)
Memory status after this epoch: 
Memory allocated:  1.66845703125
Memory cached:  10.0
[I 2023-11-07 15:07:07,700] Trial 19 finished with value: 0.014488764107227325 and parameters: {'W_layers': 3, 'W_layer_units_exponent_0': 5, 'W_layer_units_exponent_1': 10, 'W_layer_units_exponent_2': 4, 'D_layers': 4, 'D_layer_units_exponent_0': 5, 'D_layer_units_exponent_1': 9, 'D_layer_units_exponent_2': 6, 'D_layer_units_exponent_3': 5, 'D_dagger_layers': 3, 'D_dagger_layer_units_exponent_0': 4, 'D_dagger_layer_units_exponent_1': 6, 'D_dagger_layer_units_exponent_2': 9, 'log_learning_rate': -3.192503871033391, 'log_learning_rate_D': -2.50581798333461, 'log_learning_rate_D_dagger': -4.211117488110563, 'training_batch_size': 11, 'training_p': 3}. Best is trial 15 with value: 0.013439363799989223.
Time for this trial:  18.90514588356018
Memory status after this trial: 
Memory allocated:  91.626953125
Memory cached:  106.0
--------------------  Trial  20   --------------------
Start timing: 
Parameters: 
{'W_layers': 5, 'W_layer_units_exponent_0': 6, 'W_layer_units_exponent_1': 9, 'W_layer_units_exponent_2': 6, 'W_layer_units_exponent_3': 4, 'W_layer_units_exponent_4': 5, 'D_layers': 5, 'D_layer_units_exponent_0': 5, 'D_layer_units_exponent_1': 5, 'D_layer_units_exponent_2': 8, 'D_layer_units_exponent_3': 5, 'D_layer_units_exponent_4': 8, 'D_dagger_layers': 2, 'D_dagger_layer_units_exponent_0': 8, 'D_dagger_layer_units_exponent_1': 5, 'log_learning_rate': -4.460242393140719, 'log_learning_rate_D': -1.8186650884509998, 'log_learning_rate_D_dagger': -4.458761540819003, 'training_batch_size': 12, 'training_p': 6}
	 epoch  0 training error:  tensor(0.4571, device='cuda:0', grad_fn=<DivBackward0>)
Memory status after this epoch: 
Memory allocated:  1.4404296875
Memory cached:  8.0
	 epoch  10 training error:  tensor(0.1558, device='cuda:0', grad_fn=<DivBackward0>)
Memory status after this epoch: 
Memory allocated:  1.4404296875
Memory cached:  10.0
	 epoch  20 training error:  tensor(0.0932, device='cuda:0', grad_fn=<DivBackward0>)
Memory status after this epoch: 
Memory allocated:  1.4404296875
Memory cached:  10.0
	 epoch  30 training error:  tensor(0.0433, device='cuda:0', grad_fn=<DivBackward0>)
Memory status after this epoch: 
Memory allocated:  1.4404296875
Memory cached:  10.0
	 epoch  40 training error:  tensor(0.0354, device='cuda:0', grad_fn=<DivBackward0>)
Memory status after this epoch: 
Memory allocated:  1.4404296875
Memory cached:  10.0
	 epoch  50 training error:  tensor(0.0331, device='cuda:0', grad_fn=<DivBackward0>)
Memory status after this epoch: 
Memory allocated:  1.4404296875
Memory cached:  10.0
	 epoch  60 training error:  tensor(0.0289, device='cuda:0', grad_fn=<DivBackward0>)
Memory status after this epoch: 
Memory allocated:  1.4404296875
Memory cached:  10.0
	 epoch  70 training error:  tensor(0.0280, device='cuda:0', grad_fn=<DivBackward0>)
Memory status after this epoch: 
Memory allocated:  1.4404296875
Memory cached:  10.0
	 epoch  80 training error:  tensor(0.0274, device='cuda:0', grad_fn=<DivBackward0>)
Memory status after this epoch: 
Memory allocated:  1.4404296875
Memory cached:  10.0
	 epoch  90 training error:  tensor(0.0273, device='cuda:0', grad_fn=<DivBackward0>)
Memory status after this epoch: 
Memory allocated:  1.4404296875
Memory cached:  10.0
[I 2023-11-07 15:07:25,988] Trial 20 finished with value: 0.017264891415834427 and parameters: {'W_layers': 5, 'W_layer_units_exponent_0': 6, 'W_layer_units_exponent_1': 9, 'W_layer_units_exponent_2': 6, 'W_layer_units_exponent_3': 4, 'W_layer_units_exponent_4': 5, 'D_layers': 5, 'D_layer_units_exponent_0': 5, 'D_layer_units_exponent_1': 5, 'D_layer_units_exponent_2': 8, 'D_layer_units_exponent_3': 5, 'D_layer_units_exponent_4': 8, 'D_dagger_layers': 2, 'D_dagger_layer_units_exponent_0': 8, 'D_dagger_layer_units_exponent_1': 5, 'log_learning_rate': -4.460242393140719, 'log_learning_rate_D': -1.8186650884509998, 'log_learning_rate_D_dagger': -4.458761540819003, 'training_batch_size': 12, 'training_p': 6}. Best is trial 15 with value: 0.013439363799989223.
Time for this trial:  18.090814113616943
Memory status after this trial: 
Memory allocated:  53.880859375
Memory cached:  74.0
--------------------  Trial  21   --------------------
Start timing: 
Parameters: 
{'W_layers': 2, 'W_layer_units_exponent_0': 6, 'W_layer_units_exponent_1': 9, 'D_layers': 6, 'D_layer_units_exponent_0': 6, 'D_layer_units_exponent_1': 9, 'D_layer_units_exponent_2': 7, 'D_layer_units_exponent_3': 6, 'D_layer_units_exponent_4': 6, 'D_layer_units_exponent_5': 8, 'D_dagger_layers': 3, 'D_dagger_layer_units_exponent_0': 4, 'D_dagger_layer_units_exponent_1': 4, 'D_dagger_layer_units_exponent_2': 9, 'log_learning_rate': -3.754095343686561, 'log_learning_rate_D': -2.3138075982622857, 'log_learning_rate_D_dagger': -3.326648965863041, 'training_batch_size': 11, 'training_p': 2}
	 epoch  0 training error:  tensor(1.1438, device='cuda:0', grad_fn=<DivBackward0>)
Memory status after this epoch: 
Memory allocated:  1.31884765625
Memory cached:  8.0
	 epoch  10 training error:  tensor(0.1961, device='cuda:0', grad_fn=<DivBackward0>)
Memory status after this epoch: 
Memory allocated:  1.31884765625
Memory cached:  8.0
	 epoch  20 training error:  tensor(0.0225, device='cuda:0', grad_fn=<DivBackward0>)
Memory status after this epoch: 
Memory allocated:  1.31884765625
Memory cached:  8.0
	 epoch  30 training error:  tensor(0.0185, device='cuda:0', grad_fn=<DivBackward0>)
Memory status after this epoch: 
Memory allocated:  1.31884765625
Memory cached:  8.0
	 epoch  40 training error:  tensor(0.0243, device='cuda:0', grad_fn=<DivBackward0>)
Memory status after this epoch: 
Memory allocated:  1.31884765625
Memory cached:  8.0
	 epoch  50 training error:  tensor(0.0182, device='cuda:0', grad_fn=<DivBackward0>)
Memory status after this epoch: 
Memory allocated:  1.31884765625
Memory cached:  8.0
	 epoch  60 training error:  tensor(0.0149, device='cuda:0', grad_fn=<DivBackward0>)
Memory status after this epoch: 
Memory allocated:  1.31884765625
Memory cached:  8.0
	 epoch  70 training error:  tensor(0.0147, device='cuda:0', grad_fn=<DivBackward0>)
Memory status after this epoch: 
Memory allocated:  1.31884765625
Memory cached:  8.0
	 epoch  80 training error:  tensor(0.0143, device='cuda:0', grad_fn=<DivBackward0>)
Memory status after this epoch: 
Memory allocated:  1.31884765625
Memory cached:  8.0
	 epoch  90 training error:  tensor(0.0141, device='cuda:0', grad_fn=<DivBackward0>)
Memory status after this epoch: 
Memory allocated:  1.31884765625
Memory cached:  8.0
[I 2023-11-07 15:07:43,762] Trial 21 finished with value: 0.013406628742814064 and parameters: {'W_layers': 2, 'W_layer_units_exponent_0': 6, 'W_layer_units_exponent_1': 9, 'D_layers': 6, 'D_layer_units_exponent_0': 6, 'D_layer_units_exponent_1': 9, 'D_layer_units_exponent_2': 7, 'D_layer_units_exponent_3': 6, 'D_layer_units_exponent_4': 6, 'D_layer_units_exponent_5': 8, 'D_dagger_layers': 3, 'D_dagger_layer_units_exponent_0': 4, 'D_dagger_layer_units_exponent_1': 4, 'D_dagger_layer_units_exponent_2': 9, 'log_learning_rate': -3.754095343686561, 'log_learning_rate_D': -2.3138075982622857, 'log_learning_rate_D_dagger': -3.326648965863041, 'training_batch_size': 11, 'training_p': 2}. Best is trial 21 with value: 0.013406628742814064.
Time for this trial:  17.57864809036255
Memory status after this trial: 
Memory allocated:  61.31640625
Memory cached:  68.0
--------------------  Trial  22   --------------------
Start timing: 
Parameters: 
{'W_layers': 3, 'W_layer_units_exponent_0': 6, 'W_layer_units_exponent_1': 9, 'W_layer_units_exponent_2': 5, 'D_layers': 6, 'D_layer_units_exponent_0': 7, 'D_layer_units_exponent_1': 9, 'D_layer_units_exponent_2': 8, 'D_layer_units_exponent_3': 7, 'D_layer_units_exponent_4': 5, 'D_layer_units_exponent_5': 6, 'D_dagger_layers': 3, 'D_dagger_layer_units_exponent_0': 4, 'D_dagger_layer_units_exponent_1': 4, 'D_dagger_layer_units_exponent_2': 9, 'log_learning_rate': -3.852306554934633, 'log_learning_rate_D': -2.2848424202535846, 'log_learning_rate_D_dagger': -3.2396815805091315, 'training_batch_size': 11, 'training_p': 3}
	 epoch  0 training error:  tensor(1.1889, device='cuda:0', grad_fn=<DivBackward0>)
Memory status after this epoch: 
Memory allocated:  1.978515625
Memory cached:  8.0
	 epoch  10 training error:  tensor(0.3318, device='cuda:0', grad_fn=<DivBackward0>)
Memory status after this epoch: 
Memory allocated:  1.978515625
Memory cached:  10.0
	 epoch  20 training error:  tensor(0.1624, device='cuda:0', grad_fn=<DivBackward0>)
Memory status after this epoch: 
Memory allocated:  1.978515625
Memory cached:  10.0
	 epoch  30 training error:  tensor(0.0318, device='cuda:0', grad_fn=<DivBackward0>)
Memory status after this epoch: 
Memory allocated:  1.978515625
Memory cached:  10.0
	 epoch  40 training error:  tensor(0.0333, device='cuda:0', grad_fn=<DivBackward0>)
Memory status after this epoch: 
Memory allocated:  1.978515625
Memory cached:  10.0
	 epoch  50 training error:  tensor(0.0237, device='cuda:0', grad_fn=<DivBackward0>)
Memory status after this epoch: 
Memory allocated:  1.978515625
Memory cached:  10.0
	 epoch  60 training error:  tensor(0.0177, device='cuda:0', grad_fn=<DivBackward0>)
Memory status after this epoch: 
Memory allocated:  1.978515625
Memory cached:  10.0
	 epoch  70 training error:  tensor(0.0186, device='cuda:0', grad_fn=<DivBackward0>)
Memory status after this epoch: 
Memory allocated:  1.978515625
Memory cached:  10.0
	 epoch  80 training error:  tensor(0.0178, device='cuda:0', grad_fn=<DivBackward0>)
Memory status after this epoch: 
Memory allocated:  1.978515625
Memory cached:  10.0
	 epoch  90 training error:  tensor(0.0176, device='cuda:0', grad_fn=<DivBackward0>)
Memory status after this epoch: 
Memory allocated:  1.978515625
Memory cached:  10.0
[I 2023-11-07 15:08:02,187] Trial 22 finished with value: 0.013349753804504871 and parameters: {'W_layers': 3, 'W_layer_units_exponent_0': 6, 'W_layer_units_exponent_1': 9, 'W_layer_units_exponent_2': 5, 'D_layers': 6, 'D_layer_units_exponent_0': 7, 'D_layer_units_exponent_1': 9, 'D_layer_units_exponent_2': 8, 'D_layer_units_exponent_3': 7, 'D_layer_units_exponent_4': 5, 'D_layer_units_exponent_5': 6, 'D_dagger_layers': 3, 'D_dagger_layer_units_exponent_0': 4, 'D_dagger_layer_units_exponent_1': 4, 'D_dagger_layer_units_exponent_2': 9, 'log_learning_rate': -3.852306554934633, 'log_learning_rate_D': -2.2848424202535846, 'log_learning_rate_D_dagger': -3.2396815805091315, 'training_batch_size': 11, 'training_p': 3}. Best is trial 22 with value: 0.013349753804504871.
Time for this trial:  18.239400148391724
Memory status after this trial: 
Memory allocated:  63.1484375
Memory cached:  70.0
--------------------  Trial  23   --------------------
Start timing: 
Parameters: 
{'W_layers': 2, 'W_layer_units_exponent_0': 5, 'W_layer_units_exponent_1': 9, 'D_layers': 6, 'D_layer_units_exponent_0': 8, 'D_layer_units_exponent_1': 10, 'D_layer_units_exponent_2': 8, 'D_layer_units_exponent_3': 7, 'D_layer_units_exponent_4': 5, 'D_layer_units_exponent_5': 6, 'D_dagger_layers': 4, 'D_dagger_layer_units_exponent_0': 4, 'D_dagger_layer_units_exponent_1': 4, 'D_dagger_layer_units_exponent_2': 9, 'D_dagger_layer_units_exponent_3': 6, 'log_learning_rate': -4.205411342108461, 'log_learning_rate_D': -2.1132694800428298, 'log_learning_rate_D_dagger': -3.232077505888999, 'training_batch_size': 9, 'training_p': 2}
	 epoch  0 training error:  tensor(0.7907, device='cuda:0', grad_fn=<DivBackward0>)
Memory status after this epoch: 
Memory allocated:  3.23095703125
Memory cached:  10.0
	 epoch  10 training error:  tensor(0.0912, device='cuda:0', grad_fn=<DivBackward0>)
Memory status after this epoch: 
Memory allocated:  3.23095703125
Memory cached:  12.0
	 epoch  20 training error:  tensor(0.0722, device='cuda:0', grad_fn=<DivBackward0>)
Memory status after this epoch: 
Memory allocated:  3.23095703125
Memory cached:  12.0
	 epoch  30 training error:  tensor(0.0219, device='cuda:0', grad_fn=<DivBackward0>)
Memory status after this epoch: 
Memory allocated:  3.23095703125
Memory cached:  12.0
	 epoch  40 training error:  tensor(0.0150, device='cuda:0', grad_fn=<DivBackward0>)
Memory status after this epoch: 
Memory allocated:  3.23095703125
Memory cached:  12.0
	 epoch  50 training error:  tensor(0.0174, device='cuda:0', grad_fn=<DivBackward0>)
Memory status after this epoch: 
Memory allocated:  3.23095703125
Memory cached:  12.0
	 epoch  60 training error:  tensor(0.0155, device='cuda:0', grad_fn=<DivBackward0>)
Memory status after this epoch: 
Memory allocated:  3.23095703125
Memory cached:  12.0
	 epoch  70 training error:  tensor(0.0145, device='cuda:0', grad_fn=<DivBackward0>)
Memory status after this epoch: 
Memory allocated:  3.23095703125
Memory cached:  12.0
	 epoch  80 training error:  tensor(0.0143, device='cuda:0', grad_fn=<DivBackward0>)
Memory status after this epoch: 
Memory allocated:  3.23095703125
Memory cached:  12.0
	 epoch  90 training error:  tensor(0.0142, device='cuda:0', grad_fn=<DivBackward0>)
Memory status after this epoch: 
Memory allocated:  3.23095703125
Memory cached:  12.0
