[I 2023-11-03 22:57:01,416] Trial 7 finished with value: 0.04254813864827156 and parameters: {'W_layers': 4, 'W_layer_units_exponent_0': 4, 'W_layer_units_exponent_1': 10, 'W_layer_units_exponent_2': 10, 'W_layer_units_exponent_3': 4, 'D_layers': 3, 'D_layer_units_exponent_0': 4, 'D_layer_units_exponent_1': 5, 'D_layer_units_exponent_2': 5, 'log_learning_rate': -4.741417830241325, 'log_learning_rate_D': -4.803597047232063, 'training_batch_size': 6, 'training_p': 8}. Best is trial 7 with value: 0.04254813864827156.
Time for this trial:  209.148118019104
Memory status after this trial: 
Memory allocated:  124.77197265625
Memory cached:  138.0
--------------------  Trial  8   --------------------
Start timing: 
Parameters: 
{'W_layers': 7, 'W_layer_units_exponent_0': 8, 'W_layer_units_exponent_1': 9, 'W_layer_units_exponent_2': 5, 'W_layer_units_exponent_3': 7, 'W_layer_units_exponent_4': 7, 'W_layer_units_exponent_5': 8, 'W_layer_units_exponent_6': 6, 'D_layers': 4, 'D_layer_units_exponent_0': 4, 'D_layer_units_exponent_1': 10, 'D_layer_units_exponent_2': 9, 'D_layer_units_exponent_3': 8, 'log_learning_rate': -2.580782417575459, 'log_learning_rate_D': -1.9936043582762926, 'training_batch_size': 8, 'training_p': 6}
	 epoch  0 training error:  tensor(1.0000, device='cuda:0', grad_fn=<DivBackward0>)
Memory status after this epoch: 
Memory allocated:  13.6669921875
Memory cached:  34.0
	 epoch  10 training error:  tensor(0.2752, device='cuda:0', grad_fn=<DivBackward0>)
Memory status after this epoch: 
Memory allocated:  13.6669921875
Memory cached:  42.0
	 epoch  20 training error:  tensor(0.0743, device='cuda:0', grad_fn=<DivBackward0>)
Memory status after this epoch: 
Memory allocated:  13.6669921875
Memory cached:  38.0
	 epoch  30 training error:  tensor(0.0928, device='cuda:0', grad_fn=<DivBackward0>)
Memory status after this epoch: 
Memory allocated:  13.6669921875
Memory cached:  42.0
	 epoch  40 training error:  tensor(0.0762, device='cuda:0', grad_fn=<DivBackward0>)
Memory status after this epoch: 
Memory allocated:  13.6669921875
Memory cached:  42.0
	 epoch  50 training error:  tensor(0.0736, device='cuda:0', grad_fn=<DivBackward0>)
Memory status after this epoch: 
Memory allocated:  13.6669921875
Memory cached:  42.0
	 epoch  60 training error:  tensor(0.0901, device='cuda:0', grad_fn=<DivBackward0>)
Memory status after this epoch: 
Memory allocated:  13.6669921875
Memory cached:  42.0
	 epoch  70 training error:  tensor(0.0759, device='cuda:0', grad_fn=<DivBackward0>)
Memory status after this epoch: 
Memory allocated:  13.6669921875
Memory cached:  42.0
	 epoch  80 training error:  tensor(0.0667, device='cuda:0', grad_fn=<DivBackward0>)
Memory status after this epoch: 
Memory allocated:  13.6669921875
Memory cached:  42.0
	 epoch  90 training error:  tensor(0.0643, device='cuda:0', grad_fn=<DivBackward0>)
Memory status after this epoch: 
Memory allocated:  13.6669921875
Memory cached:  42.0
[I 2023-11-03 22:59:38,535] Trial 8 finished with value: 0.05185765027999878 and parameters: {'W_layers': 7, 'W_layer_units_exponent_0': 8, 'W_layer_units_exponent_1': 9, 'W_layer_units_exponent_2': 5, 'W_layer_units_exponent_3': 7, 'W_layer_units_exponent_4': 7, 'W_layer_units_exponent_5': 8, 'W_layer_units_exponent_6': 6, 'D_layers': 4, 'D_layer_units_exponent_0': 4, 'D_layer_units_exponent_1': 10, 'D_layer_units_exponent_2': 9, 'D_layer_units_exponent_3': 8, 'log_learning_rate': -2.580782417575459, 'log_learning_rate_D': -1.9936043582762926, 'training_batch_size': 8, 'training_p': 6}. Best is trial 7 with value: 0.04254813864827156.
Time for this trial:  156.97110962867737
Memory status after this trial: 
Memory allocated:  176.72314453125
Memory cached:  196.0
--------------------  Trial  9   --------------------
Start timing: 
Parameters: 
{'W_layers': 8, 'W_layer_units_exponent_0': 10, 'W_layer_units_exponent_1': 6, 'W_layer_units_exponent_2': 7, 'W_layer_units_exponent_3': 8, 'W_layer_units_exponent_4': 9, 'W_layer_units_exponent_5': 5, 'W_layer_units_exponent_6': 10, 'W_layer_units_exponent_7': 7, 'D_layers': 6, 'D_layer_units_exponent_0': 5, 'D_layer_units_exponent_1': 8, 'D_layer_units_exponent_2': 5, 'D_layer_units_exponent_3': 6, 'D_layer_units_exponent_4': 4, 'D_layer_units_exponent_5': 6, 'log_learning_rate': -4.475860784539353, 'log_learning_rate_D': -1.2443838080470169, 'training_batch_size': 10, 'training_p': 2}
	 epoch  0 training error:  tensor(1.0028, device='cuda:0', grad_fn=<DivBackward0>)
Memory status after this epoch: 
Memory allocated:  6.8251953125
Memory cached:  22.0
	 epoch  10 training error:  tensor(0.7589, device='cuda:0', grad_fn=<DivBackward0>)
Memory status after this epoch: 
Memory allocated:  6.8251953125
Memory cached:  26.0
	 epoch  20 training error:  tensor(0.2033, device='cuda:0', grad_fn=<DivBackward0>)
Memory status after this epoch: 
Memory allocated:  6.8251953125
Memory cached:  26.0
	 epoch  30 training error:  tensor(0.1329, device='cuda:0', grad_fn=<DivBackward0>)
Memory status after this epoch: 
Memory allocated:  6.8251953125
Memory cached:  26.0
	 epoch  40 training error:  tensor(0.0845, device='cuda:0', grad_fn=<DivBackward0>)
Memory status after this epoch: 
Memory allocated:  6.8251953125
Memory cached:  26.0
	 epoch  50 training error:  tensor(0.0592, device='cuda:0', grad_fn=<DivBackward0>)
Memory status after this epoch: 
Memory allocated:  6.8251953125
Memory cached:  26.0
	 epoch  60 training error:  tensor(0.0567, device='cuda:0', grad_fn=<DivBackward0>)
Memory status after this epoch: 
Memory allocated:  6.8251953125
Memory cached:  26.0
	 epoch  70 training error:  tensor(0.0512, device='cuda:0', grad_fn=<DivBackward0>)
Memory status after this epoch: 
Memory allocated:  6.8251953125
Memory cached:  26.0
	 epoch  80 training error:  tensor(0.0494, device='cuda:0', grad_fn=<DivBackward0>)
Memory status after this epoch: 
Memory allocated:  6.8251953125
Memory cached:  26.0
	 epoch  90 training error:  tensor(0.0486, device='cuda:0', grad_fn=<DivBackward0>)
Memory status after this epoch: 
Memory allocated:  6.8251953125
Memory cached:  26.0
[I 2023-11-03 23:02:39,531] Trial 9 finished with value: 0.05441112443804741 and parameters: {'W_layers': 8, 'W_layer_units_exponent_0': 10, 'W_layer_units_exponent_1': 6, 'W_layer_units_exponent_2': 7, 'W_layer_units_exponent_3': 8, 'W_layer_units_exponent_4': 9, 'W_layer_units_exponent_5': 5, 'W_layer_units_exponent_6': 10, 'W_layer_units_exponent_7': 7, 'D_layers': 6, 'D_layer_units_exponent_0': 5, 'D_layer_units_exponent_1': 8, 'D_layer_units_exponent_2': 5, 'D_layer_units_exponent_3': 6, 'D_layer_units_exponent_4': 4, 'D_layer_units_exponent_5': 6, 'log_learning_rate': -4.475860784539353, 'log_learning_rate_D': -1.2443838080470169, 'training_batch_size': 10, 'training_p': 2}. Best is trial 7 with value: 0.04254813864827156.
Time for this trial:  180.83377242088318
Memory status after this trial: 
Memory allocated:  197.94580078125
Memory cached:  202.0
--------------------  Trial  10   --------------------
Start timing: 
Parameters: 
{'W_layers': 4, 'W_layer_units_exponent_0': 7, 'W_layer_units_exponent_1': 4, 'W_layer_units_exponent_2': 10, 'W_layer_units_exponent_3': 4, 'D_layers': 2, 'D_layer_units_exponent_0': 4, 'D_layer_units_exponent_1': 4, 'log_learning_rate': -3.8843653915887275, 'log_learning_rate_D': -3.8508321212854866, 'training_batch_size': 6, 'training_p': 8}
	 epoch  0 training error:  tensor(1.0230, device='cuda:0', grad_fn=<DivBackward0>)
Memory status after this epoch: 
Memory allocated:  0.5830078125
Memory cached:  8.0
	 epoch  10 training error:  tensor(0.1836, device='cuda:0', grad_fn=<DivBackward0>)
Memory status after this epoch: 
Memory allocated:  0.5830078125
Memory cached:  8.0
	 epoch  20 training error:  tensor(0.0975, device='cuda:0', grad_fn=<DivBackward0>)
Memory status after this epoch: 
Memory allocated:  0.5830078125
Memory cached:  8.0
	 epoch  30 training error:  tensor(0.0787, device='cuda:0', grad_fn=<DivBackward0>)
Memory status after this epoch: 
Memory allocated:  0.5830078125
Memory cached:  8.0
	 epoch  40 training error:  tensor(0.0732, device='cuda:0', grad_fn=<DivBackward0>)
Memory status after this epoch: 
Memory allocated:  0.5830078125
Memory cached:  8.0
	 epoch  50 training error:  tensor(0.0689, device='cuda:0', grad_fn=<DivBackward0>)
Memory status after this epoch: 
Memory allocated:  0.5830078125
Memory cached:  8.0
	 epoch  60 training error:  tensor(0.0628, device='cuda:0', grad_fn=<DivBackward0>)
Memory status after this epoch: 
Memory allocated:  0.5830078125
Memory cached:  8.0
	 epoch  70 training error:  tensor(0.0560, device='cuda:0', grad_fn=<DivBackward0>)
Memory status after this epoch: 
Memory allocated:  0.5830078125
Memory cached:  8.0
	 epoch  80 training error:  tensor(0.0526, device='cuda:0', grad_fn=<DivBackward0>)
Memory status after this epoch: 
Memory allocated:  0.5830078125
Memory cached:  8.0
	 epoch  90 training error:  tensor(0.0509, device='cuda:0', grad_fn=<DivBackward0>)
Memory status after this epoch: 
Memory allocated:  0.5830078125
Memory cached:  8.0
[I 2023-11-03 23:05:47,945] Trial 10 finished with value: 0.043106935918331146 and parameters: {'W_layers': 4, 'W_layer_units_exponent_0': 7, 'W_layer_units_exponent_1': 4, 'W_layer_units_exponent_2': 10, 'W_layer_units_exponent_3': 4, 'D_layers': 2, 'D_layer_units_exponent_0': 4, 'D_layer_units_exponent_1': 4, 'log_learning_rate': -3.8843653915887275, 'log_learning_rate_D': -3.8508321212854866, 'training_batch_size': 6, 'training_p': 8}. Best is trial 7 with value: 0.04254813864827156.
Time for this trial:  188.20621180534363
Memory status after this trial: 
Memory allocated:  66.55078125
Memory cached:  68.0
--------------------  Trial  11   --------------------
Start timing: 
Parameters: 
{'W_layers': 3, 'W_layer_units_exponent_0': 6, 'W_layer_units_exponent_1': 7, 'W_layer_units_exponent_2': 8, 'D_layers': 2, 'D_layer_units_exponent_0': 7, 'D_layer_units_exponent_1': 9, 'log_learning_rate': -3.84994544987713, 'log_learning_rate_D': -3.2860523982850602, 'training_batch_size': 6, 'training_p': 4}
	 epoch  0 training error:  tensor(1.2442, device='cuda:0', grad_fn=<DivBackward0>)
Memory status after this epoch: 
Memory allocated:  1.6708984375
Memory cached:  10.0
	 epoch  10 training error:  tensor(0.2181, device='cuda:0', grad_fn=<DivBackward0>)
Memory status after this epoch: 
Memory allocated:  1.6708984375
Memory cached:  10.0
	 epoch  20 training error:  tensor(0.0920, device='cuda:0', grad_fn=<DivBackward0>)
Memory status after this epoch: 
Memory allocated:  1.6708984375
Memory cached:  10.0
	 epoch  30 training error:  tensor(0.0393, device='cuda:0', grad_fn=<DivBackward0>)
Memory status after this epoch: 
Memory allocated:  1.6708984375
Memory cached:  10.0
	 epoch  40 training error:  tensor(0.0337, device='cuda:0', grad_fn=<DivBackward0>)
Memory status after this epoch: 
Memory allocated:  1.6708984375
Memory cached:  10.0
	 epoch  50 training error:  tensor(0.0333, device='cuda:0', grad_fn=<DivBackward0>)
Memory status after this epoch: 
Memory allocated:  1.6708984375
Memory cached:  10.0
	 epoch  60 training error:  tensor(0.0380, device='cuda:0', grad_fn=<DivBackward0>)
Memory status after this epoch: 
Memory allocated:  1.6708984375
Memory cached:  10.0
	 epoch  70 training error:  tensor(0.0333, device='cuda:0', grad_fn=<DivBackward0>)
Memory status after this epoch: 
Memory allocated:  1.6708984375
Memory cached:  10.0
	 epoch  80 training error:  tensor(0.0336, device='cuda:0', grad_fn=<DivBackward0>)
Memory status after this epoch: 
Memory allocated:  1.6708984375
Memory cached:  10.0
	 epoch  90 training error:  tensor(0.0315, device='cuda:0', grad_fn=<DivBackward0>)
Memory status after this epoch: 
Memory allocated:  1.6708984375
Memory cached:  10.0
[I 2023-11-03 23:08:42,157] Trial 11 finished with value: 0.03036658838391304 and parameters: {'W_layers': 3, 'W_layer_units_exponent_0': 6, 'W_layer_units_exponent_1': 7, 'W_layer_units_exponent_2': 8, 'D_layers': 2, 'D_layer_units_exponent_0': 7, 'D_layer_units_exponent_1': 9, 'log_learning_rate': -3.84994544987713, 'log_learning_rate_D': -3.2860523982850602, 'training_batch_size': 6, 'training_p': 4}. Best is trial 11 with value: 0.03036658838391304.
Time for this trial:  174.02664041519165
Memory status after this trial: 
Memory allocated:  59.25390625
Memory cached:  62.0
--------------------  Trial  12   --------------------
Start timing: 
Parameters: 
{'W_layers': 4, 'W_layer_units_exponent_0': 6, 'W_layer_units_exponent_1': 7, 'W_layer_units_exponent_2': 9, 'W_layer_units_exponent_3': 4, 'D_layers': 2, 'D_layer_units_exponent_0': 7, 'D_layer_units_exponent_1': 10, 'log_learning_rate': -3.886042230063924, 'log_learning_rate_D': -3.688350109777818, 'training_batch_size': 6, 'training_p': 8}
	 epoch  0 training error:  tensor(1.0663, device='cuda:0', grad_fn=<DivBackward0>)
Memory status after this epoch: 
Memory allocated:  3.3154296875
Memory cached:  12.0
	 epoch  10 training error:  tensor(0.1584, device='cuda:0', grad_fn=<DivBackward0>)
Memory status after this epoch: 
Memory allocated:  3.3154296875
Memory cached:  14.0
	 epoch  20 training error:  tensor(0.0703, device='cuda:0', grad_fn=<DivBackward0>)
Memory status after this epoch: 
Memory allocated:  3.3154296875
Memory cached:  12.0
	 epoch  30 training error:  tensor(0.0520, device='cuda:0', grad_fn=<DivBackward0>)
Memory status after this epoch: 
Memory allocated:  3.3154296875
Memory cached:  14.0
	 epoch  40 training error:  tensor(0.0487, device='cuda:0', grad_fn=<DivBackward0>)
Memory status after this epoch: 
Memory allocated:  3.3154296875
Memory cached:  12.0
	 epoch  50 training error:  tensor(0.0462, device='cuda:0', grad_fn=<DivBackward0>)
Memory status after this epoch: 
Memory allocated:  3.3154296875
Memory cached:  14.0
	 epoch  60 training error:  tensor(0.0478, device='cuda:0', grad_fn=<DivBackward0>)
Memory status after this epoch: 
Memory allocated:  3.3154296875
Memory cached:  12.0
	 epoch  70 training error:  tensor(0.0491, device='cuda:0', grad_fn=<DivBackward0>)
Memory status after this epoch: 
Memory allocated:  3.3154296875
Memory cached:  14.0
	 epoch  80 training error:  tensor(0.0400, device='cuda:0', grad_fn=<DivBackward0>)
Memory status after this epoch: 
Memory allocated:  3.3154296875
Memory cached:  12.0
	 epoch  90 training error:  tensor(0.0458, device='cuda:0', grad_fn=<DivBackward0>)
Memory status after this epoch: 
Memory allocated:  3.3154296875
Memory cached:  14.0
[I 2023-11-03 23:11:57,387] Trial 12 finished with value: 0.04018649458885193 and parameters: {'W_layers': 4, 'W_layer_units_exponent_0': 6, 'W_layer_units_exponent_1': 7, 'W_layer_units_exponent_2': 9, 'W_layer_units_exponent_3': 4, 'D_layers': 2, 'D_layer_units_exponent_0': 7, 'D_layer_units_exponent_1': 10, 'log_learning_rate': -3.886042230063924, 'log_learning_rate_D': -3.688350109777818, 'training_batch_size': 6, 'training_p': 8}. Best is trial 11 with value: 0.03036658838391304.
Time for this trial:  195.04130911827087
Memory status after this trial: 
Memory allocated:  101.84375
Memory cached:  104.0
--------------------  Trial  13   --------------------
Start timing: 
Parameters: 
{'W_layers': 2, 'W_layer_units_exponent_0': 6, 'W_layer_units_exponent_1': 7, 'D_layers': 2, 'D_layer_units_exponent_0': 7, 'D_layer_units_exponent_1': 10, 'log_learning_rate': -3.625035017723733, 'log_learning_rate_D': -3.636495205065029, 'training_batch_size': 7, 'training_p': 4}
	 epoch  0 training error:  tensor(0.8258, device='cuda:0', grad_fn=<DivBackward0>)
Memory status after this epoch: 
Memory allocated:  2.2041015625
Memory cached:  8.0
	 epoch  10 training error:  tensor(0.2244, device='cuda:0', grad_fn=<DivBackward0>)
Memory status after this epoch: 
Memory allocated:  2.2041015625
Memory cached:  12.0
	 epoch  20 training error:  tensor(0.1407, device='cuda:0', grad_fn=<DivBackward0>)
Memory status after this epoch: 
Memory allocated:  2.2041015625
Memory cached:  14.0
	 epoch  30 training error:  tensor(0.0911, device='cuda:0', grad_fn=<DivBackward0>)
Memory status after this epoch: 
Memory allocated:  2.2041015625
Memory cached:  14.0
	 epoch  40 training error:  tensor(0.0663, device='cuda:0', grad_fn=<DivBackward0>)
Memory status after this epoch: 
Memory allocated:  2.2041015625
Memory cached:  12.0
	 epoch  50 training error:  tensor(0.0553, device='cuda:0', grad_fn=<DivBackward0>)
Memory status after this epoch: 
Memory allocated:  2.2041015625
Memory cached:  14.0
	 epoch  60 training error:  tensor(0.0464, device='cuda:0', grad_fn=<DivBackward0>)
Memory status after this epoch: 
Memory allocated:  2.2041015625
Memory cached:  14.0
	 epoch  70 training error:  tensor(0.0422, device='cuda:0', grad_fn=<DivBackward0>)
Memory status after this epoch: 
Memory allocated:  2.2041015625
Memory cached:  12.0
	 epoch  80 training error:  tensor(0.0402, device='cuda:0', grad_fn=<DivBackward0>)
Memory status after this epoch: 
Memory allocated:  2.2041015625
Memory cached:  14.0
	 epoch  90 training error:  tensor(0.0389, device='cuda:0', grad_fn=<DivBackward0>)
Memory status after this epoch: 
Memory allocated:  2.2041015625
Memory cached:  14.0
[I 2023-11-03 23:13:32,950] Trial 13 finished with value: 0.0364651195704937 and parameters: {'W_layers': 2, 'W_layer_units_exponent_0': 6, 'W_layer_units_exponent_1': 7, 'D_layers': 2, 'D_layer_units_exponent_0': 7, 'D_layer_units_exponent_1': 10, 'log_learning_rate': -3.625035017723733, 'log_learning_rate_D': -3.636495205065029, 'training_batch_size': 7, 'training_p': 4}. Best is trial 11 with value: 0.03036658838391304.
Time for this trial:  95.38929677009583
Memory status after this trial: 
Memory allocated:  72.90625
Memory cached:  76.0
--------------------  Trial  14   --------------------
Start timing: 
Parameters: 
{'W_layers': 2, 'W_layer_units_exponent_0': 7, 'W_layer_units_exponent_1': 6, 'D_layers': 2, 'D_layer_units_exponent_0': 8, 'D_layer_units_exponent_1': 9, 'log_learning_rate': -3.4005350390144464, 'log_learning_rate_D': -3.352840356278734, 'training_batch_size': 7, 'training_p': 4}
	 epoch  0 training error:  tensor(1.9051, device='cuda:0', grad_fn=<DivBackward0>)
Memory status after this epoch: 
Memory allocated:  2.1943359375
Memory cached:  10.0
	 epoch  10 training error:  tensor(0.3768, device='cuda:0', grad_fn=<DivBackward0>)
Memory status after this epoch: 
Memory allocated:  2.1943359375
Memory cached:  10.0
	 epoch  20 training error:  tensor(0.0841, device='cuda:0', grad_fn=<DivBackward0>)
Memory status after this epoch: 
Memory allocated:  2.1943359375
Memory cached:  10.0
	 epoch  30 training error:  tensor(0.0876, device='cuda:0', grad_fn=<DivBackward0>)
Memory status after this epoch: 
Memory allocated:  2.1943359375
Memory cached:  10.0
	 epoch  40 training error:  tensor(0.0559, device='cuda:0', grad_fn=<DivBackward0>)
Memory status after this epoch: 
Memory allocated:  2.1943359375
Memory cached:  10.0
	 epoch  50 training error:  tensor(0.0534, device='cuda:0', grad_fn=<DivBackward0>)
Memory status after this epoch: 
Memory allocated:  2.1943359375
Memory cached:  10.0
	 epoch  60 training error:  tensor(0.0456, device='cuda:0', grad_fn=<DivBackward0>)
Memory status after this epoch: 
Memory allocated:  2.1943359375
Memory cached:  10.0
	 epoch  70 training error:  tensor(0.0407, device='cuda:0', grad_fn=<DivBackward0>)
Memory status after this epoch: 
Memory allocated:  2.1943359375
Memory cached:  10.0
	 epoch  80 training error:  tensor(0.0386, device='cuda:0', grad_fn=<DivBackward0>)
Memory status after this epoch: 
Memory allocated:  2.1943359375
Memory cached:  10.0
	 epoch  90 training error:  tensor(0.0378, device='cuda:0', grad_fn=<DivBackward0>)
Memory status after this epoch: 
Memory allocated:  2.1943359375
Memory cached:  10.0
