[I 2023-11-08 16:43:52,917] Trial 26 finished with value: 0.05143139511346817 and parameters: {'W_layers': 4, 'W_layer_units_exponent_0': 6, 'W_layer_units_exponent_1': 4, 'W_layer_units_exponent_2': 9, 'W_layer_units_exponent_3': 7, 'D_layers': 5, 'D_layer_units_exponent_0': 4, 'D_layer_units_exponent_1': 5, 'D_layer_units_exponent_2': 5, 'D_layer_units_exponent_3': 10, 'D_layer_units_exponent_4': 9, 'D_dagger_layers': 7, 'D_dagger_layer_units_exponent_0': 9, 'D_dagger_layer_units_exponent_1': 4, 'D_dagger_layer_units_exponent_2': 10, 'D_dagger_layer_units_exponent_3': 8, 'D_dagger_layer_units_exponent_4': 8, 'D_dagger_layer_units_exponent_5': 9, 'D_dagger_layer_units_exponent_6': 7, 'log_learning_rate': -2.7975841222084297, 'log_learning_rate_D': -4.062066094927781, 'log_learning_rate_D_dagger': -4.4086704142887765, 'training_batch_size': 8, 'training_p': 4}. Best is trial 3 with value: 0.04438633471727371.
Time for this trial:  219.13697218894958
Memory status after this trial: 
Memory allocated:  278.8818359375
Memory cached:  302.0
--------------------  Trial  27   --------------------
Start timing: 
Parameters: 
{'W_layers': 6, 'W_layer_units_exponent_0': 8, 'W_layer_units_exponent_1': 7, 'W_layer_units_exponent_2': 7, 'W_layer_units_exponent_3': 6, 'W_layer_units_exponent_4': 6, 'W_layer_units_exponent_5': 8, 'D_layers': 7, 'D_layer_units_exponent_0': 10, 'D_layer_units_exponent_1': 9, 'D_layer_units_exponent_2': 6, 'D_layer_units_exponent_3': 6, 'D_layer_units_exponent_4': 10, 'D_layer_units_exponent_5': 6, 'D_layer_units_exponent_6': 9, 'D_dagger_layers': 6, 'D_dagger_layer_units_exponent_0': 7, 'D_dagger_layer_units_exponent_1': 5, 'D_dagger_layer_units_exponent_2': 9, 'D_dagger_layer_units_exponent_3': 7, 'D_dagger_layer_units_exponent_4': 6, 'D_dagger_layer_units_exponent_5': 5, 'log_learning_rate': -1.8639425419477944, 'log_learning_rate_D': -4.539360771975294, 'log_learning_rate_D_dagger': -3.9840958910681845, 'training_batch_size': 9, 'training_p': 6}
	 epoch  0 training error:  tensor(1.0082, device='cuda:0', grad_fn=<DivBackward0>)
Memory status after this epoch: 
Memory allocated:  13.98193359375
Memory cached:  134.0
	 epoch  10 training error:  tensor(0.2208, device='cuda:0', grad_fn=<DivBackward0>)
Memory status after this epoch: 
Memory allocated:  13.98193359375
Memory cached:  182.0
	 epoch  20 training error:  tensor(0.1286, device='cuda:0', grad_fn=<DivBackward0>)
Memory status after this epoch: 
Memory allocated:  13.98193359375
Memory cached:  182.0
	 epoch  30 training error:  tensor(0.1080, device='cuda:0', grad_fn=<DivBackward0>)
Memory status after this epoch: 
Memory allocated:  13.98193359375
Memory cached:  194.0
	 epoch  40 training error:  tensor(0.1064, device='cuda:0', grad_fn=<DivBackward0>)
Memory status after this epoch: 
Memory allocated:  13.98193359375
Memory cached:  184.0
	 epoch  50 training error:  tensor(0.1020, device='cuda:0', grad_fn=<DivBackward0>)
Memory status after this epoch: 
Memory allocated:  13.98193359375
Memory cached:  184.0
	 epoch  60 training error:  tensor(0.0979, device='cuda:0', grad_fn=<DivBackward0>)
Memory status after this epoch: 
Memory allocated:  13.98193359375
Memory cached:  192.0
	 epoch  70 training error:  tensor(0.0963, device='cuda:0', grad_fn=<DivBackward0>)
Memory status after this epoch: 
Memory allocated:  13.98193359375
Memory cached:  190.0
	 epoch  80 training error:  tensor(0.0956, device='cuda:0', grad_fn=<DivBackward0>)
Memory status after this epoch: 
Memory allocated:  13.98193359375
Memory cached:  182.0
	 epoch  90 training error:  tensor(0.0953, device='cuda:0', grad_fn=<DivBackward0>)
Memory status after this epoch: 
Memory allocated:  13.98193359375
Memory cached:  184.0
[I 2023-11-08 16:47:55,146] Trial 27 finished with value: 0.06860320270061493 and parameters: {'W_layers': 6, 'W_layer_units_exponent_0': 8, 'W_layer_units_exponent_1': 7, 'W_layer_units_exponent_2': 7, 'W_layer_units_exponent_3': 6, 'W_layer_units_exponent_4': 6, 'W_layer_units_exponent_5': 8, 'D_layers': 7, 'D_layer_units_exponent_0': 10, 'D_layer_units_exponent_1': 9, 'D_layer_units_exponent_2': 6, 'D_layer_units_exponent_3': 6, 'D_layer_units_exponent_4': 10, 'D_layer_units_exponent_5': 6, 'D_layer_units_exponent_6': 9, 'D_dagger_layers': 6, 'D_dagger_layer_units_exponent_0': 7, 'D_dagger_layer_units_exponent_1': 5, 'D_dagger_layer_units_exponent_2': 9, 'D_dagger_layer_units_exponent_3': 7, 'D_dagger_layer_units_exponent_4': 6, 'D_dagger_layer_units_exponent_5': 5, 'log_learning_rate': -1.8639425419477944, 'log_learning_rate_D': -4.539360771975294, 'log_learning_rate_D_dagger': -3.9840958910681845, 'training_batch_size': 9, 'training_p': 6}. Best is trial 3 with value: 0.04438633471727371.
Time for this trial:  241.9147596359253
Memory status after this trial: 
Memory allocated:  276.20166015625
Memory cached:  296.0
--------------------  Trial  28   --------------------
Start timing: 
Parameters: 
{'W_layers': 5, 'W_layer_units_exponent_0': 5, 'W_layer_units_exponent_1': 7, 'W_layer_units_exponent_2': 10, 'W_layer_units_exponent_3': 7, 'W_layer_units_exponent_4': 8, 'D_layers': 6, 'D_layer_units_exponent_0': 7, 'D_layer_units_exponent_1': 8, 'D_layer_units_exponent_2': 7, 'D_layer_units_exponent_3': 9, 'D_layer_units_exponent_4': 7, 'D_layer_units_exponent_5': 8, 'D_dagger_layers': 5, 'D_dagger_layer_units_exponent_0': 5, 'D_dagger_layer_units_exponent_1': 7, 'D_dagger_layer_units_exponent_2': 4, 'D_dagger_layer_units_exponent_3': 5, 'D_dagger_layer_units_exponent_4': 9, 'log_learning_rate': -3.187735995325011, 'log_learning_rate_D': -4.960513065882674, 'log_learning_rate_D_dagger': -3.4476332869121613, 'training_batch_size': 7, 'training_p': 3}
	 epoch  0 training error:  tensor(1.1395, device='cuda:0', grad_fn=<DivBackward0>)
Memory status after this epoch: 
Memory allocated:  8.61865234375
Memory cached:  156.0
	 epoch  10 training error:  tensor(0.1392, device='cuda:0', grad_fn=<DivBackward0>)
Memory status after this epoch: 
Memory allocated:  8.61865234375
Memory cached:  272.0
	 epoch  20 training error:  tensor(0.1249, device='cuda:0', grad_fn=<DivBackward0>)
Memory status after this epoch: 
Memory allocated:  8.61865234375
Memory cached:  266.0
	 epoch  30 training error:  tensor(0.1052, device='cuda:0', grad_fn=<DivBackward0>)
Memory status after this epoch: 
Memory allocated:  8.61865234375
Memory cached:  278.0
	 epoch  40 training error:  tensor(0.0965, device='cuda:0', grad_fn=<DivBackward0>)
Memory status after this epoch: 
Memory allocated:  8.61865234375
Memory cached:  268.0
	 epoch  50 training error:  tensor(0.0863, device='cuda:0', grad_fn=<DivBackward0>)
Memory status after this epoch: 
Memory allocated:  8.61865234375
Memory cached:  258.0
	 epoch  60 training error:  tensor(0.0800, device='cuda:0', grad_fn=<DivBackward0>)
Memory status after this epoch: 
Memory allocated:  8.61865234375
Memory cached:  264.0
	 epoch  70 training error:  tensor(0.0701, device='cuda:0', grad_fn=<DivBackward0>)
Memory status after this epoch: 
Memory allocated:  8.61865234375
Memory cached:  262.0
	 epoch  80 training error:  tensor(0.0623, device='cuda:0', grad_fn=<DivBackward0>)
Memory status after this epoch: 
Memory allocated:  8.61865234375
Memory cached:  258.0
	 epoch  90 training error:  tensor(0.0613, device='cuda:0', grad_fn=<DivBackward0>)
Memory status after this epoch: 
Memory allocated:  8.61865234375
Memory cached:  256.0
[I 2023-11-08 16:51:24,599] Trial 28 finished with value: 0.05561567097902298 and parameters: {'W_layers': 5, 'W_layer_units_exponent_0': 5, 'W_layer_units_exponent_1': 7, 'W_layer_units_exponent_2': 10, 'W_layer_units_exponent_3': 7, 'W_layer_units_exponent_4': 8, 'D_layers': 6, 'D_layer_units_exponent_0': 7, 'D_layer_units_exponent_1': 8, 'D_layer_units_exponent_2': 7, 'D_layer_units_exponent_3': 9, 'D_layer_units_exponent_4': 7, 'D_layer_units_exponent_5': 8, 'D_dagger_layers': 5, 'D_dagger_layer_units_exponent_0': 5, 'D_dagger_layer_units_exponent_1': 7, 'D_dagger_layer_units_exponent_2': 4, 'D_dagger_layer_units_exponent_3': 5, 'D_dagger_layer_units_exponent_4': 9, 'log_learning_rate': -3.187735995325011, 'log_learning_rate_D': -4.960513065882674, 'log_learning_rate_D_dagger': -3.4476332869121613, 'training_batch_size': 7, 'training_p': 3}. Best is trial 3 with value: 0.04438633471727371.
Time for this trial:  209.14426922798157
Memory status after this trial: 
Memory allocated:  202.05029296875
Memory cached:  208.0
--------------------  Trial  29   --------------------
Start timing: 
Parameters: 
{'W_layers': 2, 'W_layer_units_exponent_0': 7, 'W_layer_units_exponent_1': 10, 'D_layers': 4, 'D_layer_units_exponent_0': 6, 'D_layer_units_exponent_1': 10, 'D_layer_units_exponent_2': 4, 'D_layer_units_exponent_3': 7, 'D_dagger_layers': 2, 'D_dagger_layer_units_exponent_0': 6, 'D_dagger_layer_units_exponent_1': 8, 'log_learning_rate': -2.4186870211218605, 'log_learning_rate_D': -3.9180548024770583, 'log_learning_rate_D_dagger': -3.125458949083068, 'training_batch_size': 10, 'training_p': 4}
	 epoch  0 training error:  tensor(2.0773, device='cuda:0', grad_fn=<DivBackward0>)
Memory status after this epoch: 
Memory allocated:  3.72607421875
Memory cached:  122.0
	 epoch  10 training error:  tensor(0.6095, device='cuda:0', grad_fn=<DivBackward0>)
Memory status after this epoch: 
Memory allocated:  3.72607421875
Memory cached:  198.0
	 epoch  20 training error:  tensor(0.1821, device='cuda:0', grad_fn=<DivBackward0>)
Memory status after this epoch: 
Memory allocated:  3.72607421875
Memory cached:  200.0
	 epoch  30 training error:  tensor(0.1322, device='cuda:0', grad_fn=<DivBackward0>)
Memory status after this epoch: 
Memory allocated:  3.72607421875
Memory cached:  206.0
	 epoch  40 training error:  tensor(0.1116, device='cuda:0', grad_fn=<DivBackward0>)
Memory status after this epoch: 
Memory allocated:  3.72607421875
Memory cached:  208.0
	 epoch  50 training error:  tensor(0.0956, device='cuda:0', grad_fn=<DivBackward0>)
Memory status after this epoch: 
Memory allocated:  3.72607421875
Memory cached:  194.0
	 epoch  60 training error:  tensor(0.0906, device='cuda:0', grad_fn=<DivBackward0>)
Memory status after this epoch: 
Memory allocated:  3.72607421875
Memory cached:  206.0
	 epoch  70 training error:  tensor(0.0919, device='cuda:0', grad_fn=<DivBackward0>)
Memory status after this epoch: 
Memory allocated:  3.72607421875
Memory cached:  198.0
	 epoch  80 training error:  tensor(0.0895, device='cuda:0', grad_fn=<DivBackward0>)
Memory status after this epoch: 
Memory allocated:  3.72607421875
Memory cached:  204.0
	 epoch  90 training error:  tensor(0.0891, device='cuda:0', grad_fn=<DivBackward0>)
Memory status after this epoch: 
Memory allocated:  3.72607421875
Memory cached:  194.0
[I 2023-11-08 16:53:49,001] Trial 29 finished with value: 0.06995127350091934 and parameters: {'W_layers': 2, 'W_layer_units_exponent_0': 7, 'W_layer_units_exponent_1': 10, 'D_layers': 4, 'D_layer_units_exponent_0': 6, 'D_layer_units_exponent_1': 10, 'D_layer_units_exponent_2': 4, 'D_layer_units_exponent_3': 7, 'D_dagger_layers': 2, 'D_dagger_layer_units_exponent_0': 6, 'D_dagger_layer_units_exponent_1': 8, 'log_learning_rate': -2.4186870211218605, 'log_learning_rate_D': -3.9180548024770583, 'log_learning_rate_D_dagger': -3.125458949083068, 'training_batch_size': 10, 'training_p': 4}. Best is trial 3 with value: 0.04438633471727371.
Time for this trial:  144.14875197410583
Memory status after this trial: 
Memory allocated:  146.7177734375
Memory cached:  150.0
--------------------  Trial  30   --------------------
Start timing: 
Parameters: 
{'W_layers': 5, 'W_layer_units_exponent_0': 6, 'W_layer_units_exponent_1': 9, 'W_layer_units_exponent_2': 7, 'W_layer_units_exponent_3': 9, 'W_layer_units_exponent_4': 7, 'D_layers': 3, 'D_layer_units_exponent_0': 8, 'D_layer_units_exponent_1': 7, 'D_layer_units_exponent_2': 9, 'D_dagger_layers': 4, 'D_dagger_layer_units_exponent_0': 4, 'D_dagger_layer_units_exponent_1': 6, 'D_dagger_layer_units_exponent_2': 7, 'D_dagger_layer_units_exponent_3': 7, 'log_learning_rate': -2.14300048102533, 'log_learning_rate_D': -3.4308137974618456, 'log_learning_rate_D_dagger': -3.649914569520428, 'training_batch_size': 8, 'training_p': 5}
	 epoch  0 training error:  tensor(0.9757, device='cuda:0', grad_fn=<DivBackward0>)
Memory status after this epoch: 
Memory allocated:  5.57763671875
Memory cached:  142.0
	 epoch  10 training error:  tensor(0.1789, device='cuda:0', grad_fn=<DivBackward0>)
Memory status after this epoch: 
Memory allocated:  5.57763671875
Memory cached:  222.0
	 epoch  20 training error:  tensor(0.1447, device='cuda:0', grad_fn=<DivBackward0>)
Memory status after this epoch: 
Memory allocated:  5.57763671875
Memory cached:  222.0
	 epoch  30 training error:  tensor(0.1394, device='cuda:0', grad_fn=<DivBackward0>)
Memory status after this epoch: 
Memory allocated:  5.57763671875
Memory cached:  226.0
	 epoch  40 training error:  tensor(0.0980, device='cuda:0', grad_fn=<DivBackward0>)
Memory status after this epoch: 
Memory allocated:  5.57763671875
Memory cached:  216.0
	 epoch  50 training error:  tensor(0.0941, device='cuda:0', grad_fn=<DivBackward0>)
Memory status after this epoch: 
Memory allocated:  5.57763671875
Memory cached:  216.0
	 epoch  60 training error:  tensor(0.0939, device='cuda:0', grad_fn=<DivBackward0>)
Memory status after this epoch: 
Memory allocated:  5.57763671875
Memory cached:  220.0
	 epoch  70 training error:  tensor(0.0941, device='cuda:0', grad_fn=<DivBackward0>)
Memory status after this epoch: 
Memory allocated:  5.57763671875
Memory cached:  228.0
	 epoch  80 training error:  tensor(0.0932, device='cuda:0', grad_fn=<DivBackward0>)
Memory status after this epoch: 
Memory allocated:  5.57763671875
Memory cached:  216.0
	 epoch  90 training error:  tensor(0.0927, device='cuda:0', grad_fn=<DivBackward0>)
Memory status after this epoch: 
Memory allocated:  5.57763671875
Memory cached:  218.0
[I 2023-11-08 16:56:42,241] Trial 30 finished with value: 0.0696614533662796 and parameters: {'W_layers': 5, 'W_layer_units_exponent_0': 6, 'W_layer_units_exponent_1': 9, 'W_layer_units_exponent_2': 7, 'W_layer_units_exponent_3': 9, 'W_layer_units_exponent_4': 7, 'D_layers': 3, 'D_layer_units_exponent_0': 8, 'D_layer_units_exponent_1': 7, 'D_layer_units_exponent_2': 9, 'D_dagger_layers': 4, 'D_dagger_layer_units_exponent_0': 4, 'D_dagger_layer_units_exponent_1': 6, 'D_dagger_layer_units_exponent_2': 7, 'D_dagger_layer_units_exponent_3': 7, 'log_learning_rate': -2.14300048102533, 'log_learning_rate_D': -3.4308137974618456, 'log_learning_rate_D_dagger': -3.649914569520428, 'training_batch_size': 8, 'training_p': 5}. Best is trial 3 with value: 0.04438633471727371.
Time for this trial:  172.98602199554443
Memory status after this trial: 
Memory allocated:  140.98876953125
Memory cached:  158.0
--------------------  Trial  31   --------------------
Start timing: 
Parameters: 
{'W_layers': 4, 'W_layer_units_exponent_0': 6, 'W_layer_units_exponent_1': 5, 'W_layer_units_exponent_2': 9, 'W_layer_units_exponent_3': 7, 'D_layers': 5, 'D_layer_units_exponent_0': 4, 'D_layer_units_exponent_1': 5, 'D_layer_units_exponent_2': 5, 'D_layer_units_exponent_3': 10, 'D_layer_units_exponent_4': 9, 'D_dagger_layers': 7, 'D_dagger_layer_units_exponent_0': 9, 'D_dagger_layer_units_exponent_1': 4, 'D_dagger_layer_units_exponent_2': 10, 'D_dagger_layer_units_exponent_3': 8, 'D_dagger_layer_units_exponent_4': 8, 'D_dagger_layer_units_exponent_5': 9, 'D_dagger_layer_units_exponent_6': 7, 'log_learning_rate': -2.7299949516595325, 'log_learning_rate_D': -4.120595128515436, 'log_learning_rate_D_dagger': -4.4401157783873515, 'training_batch_size': 8, 'training_p': 4}
	 epoch  0 training error:  tensor(1.0415, device='cuda:0', grad_fn=<DivBackward0>)
Memory status after this epoch: 
Memory allocated:  18.40966796875
Memory cached:  172.0
	 epoch  10 training error:  tensor(0.2965, device='cuda:0', grad_fn=<DivBackward0>)
Memory status after this epoch: 
Memory allocated:  18.40966796875
Memory cached:  308.0
	 epoch  20 training error:  tensor(0.2287, device='cuda:0', grad_fn=<DivBackward0>)
Memory status after this epoch: 
Memory allocated:  18.40966796875
Memory cached:  302.0
	 epoch  30 training error:  tensor(0.1260, device='cuda:0', grad_fn=<DivBackward0>)
Memory status after this epoch: 
Memory allocated:  18.40966796875
Memory cached:  294.0
	 epoch  40 training error:  tensor(0.1004, device='cuda:0', grad_fn=<DivBackward0>)
Memory status after this epoch: 
Memory allocated:  18.40966796875
Memory cached:  308.0
	 epoch  50 training error:  tensor(0.0764, device='cuda:0', grad_fn=<DivBackward0>)
Memory status after this epoch: 
Memory allocated:  18.40966796875
Memory cached:  306.0
	 epoch  60 training error:  tensor(0.0735, device='cuda:0', grad_fn=<DivBackward0>)
Memory status after this epoch: 
Memory allocated:  18.40966796875
Memory cached:  306.0
	 epoch  70 training error:  tensor(0.0727, device='cuda:0', grad_fn=<DivBackward0>)
Memory status after this epoch: 
Memory allocated:  18.40966796875
Memory cached:  314.0
	 epoch  80 training error:  tensor(0.0713, device='cuda:0', grad_fn=<DivBackward0>)
Memory status after this epoch: 
Memory allocated:  18.40966796875
Memory cached:  296.0
	 epoch  90 training error:  tensor(0.0706, device='cuda:0', grad_fn=<DivBackward0>)
Memory status after this epoch: 
Memory allocated:  18.40966796875
Memory cached:  308.0
[I 2023-11-08 17:00:21,378] Trial 31 finished with value: 0.06276500970125198 and parameters: {'W_layers': 4, 'W_layer_units_exponent_0': 6, 'W_layer_units_exponent_1': 5, 'W_layer_units_exponent_2': 9, 'W_layer_units_exponent_3': 7, 'D_layers': 5, 'D_layer_units_exponent_0': 4, 'D_layer_units_exponent_1': 5, 'D_layer_units_exponent_2': 5, 'D_layer_units_exponent_3': 10, 'D_layer_units_exponent_4': 9, 'D_dagger_layers': 7, 'D_dagger_layer_units_exponent_0': 9, 'D_dagger_layer_units_exponent_1': 4, 'D_dagger_layer_units_exponent_2': 10, 'D_dagger_layer_units_exponent_3': 8, 'D_dagger_layer_units_exponent_4': 8, 'D_dagger_layer_units_exponent_5': 9, 'D_dagger_layer_units_exponent_6': 7, 'log_learning_rate': -2.7299949516595325, 'log_learning_rate_D': -4.120595128515436, 'log_learning_rate_D_dagger': -4.4401157783873515, 'training_batch_size': 8, 'training_p': 4}. Best is trial 3 with value: 0.04438633471727371.
Time for this trial:  218.84285712242126
Memory status after this trial: 
Memory allocated:  279.6357421875
Memory cached:  302.0
--------------------  Trial  32   --------------------
Start timing: 
Parameters: 
{'W_layers': 3, 'W_layer_units_exponent_0': 7, 'W_layer_units_exponent_1': 4, 'W_layer_units_exponent_2': 9, 'D_layers': 6, 'D_layer_units_exponent_0': 4, 'D_layer_units_exponent_1': 5, 'D_layer_units_exponent_2': 5, 'D_layer_units_exponent_3': 10, 'D_layer_units_exponent_4': 9, 'D_layer_units_exponent_5': 5, 'D_dagger_layers': 8, 'D_dagger_layer_units_exponent_0': 10, 'D_dagger_layer_units_exponent_1': 4, 'D_dagger_layer_units_exponent_2': 9, 'D_dagger_layer_units_exponent_3': 8, 'D_dagger_layer_units_exponent_4': 7, 'D_dagger_layer_units_exponent_5': 8, 'D_dagger_layer_units_exponent_6': 5, 'D_dagger_layer_units_exponent_7': 7, 'log_learning_rate': -2.894097919462699, 'log_learning_rate_D': -4.373243399467401, 'log_learning_rate_D_dagger': -4.261105680860896, 'training_batch_size': 9, 'training_p': 4}
	 epoch  0 training error:  tensor(1.3202, device='cuda:0', grad_fn=<DivBackward0>)
Memory status after this epoch: 
Memory allocated:  12.72802734375
Memory cached:  162.0
	 epoch  10 training error:  tensor(0.2246, device='cuda:0', grad_fn=<DivBackward0>)
Memory status after this epoch: 
Memory allocated:  12.72802734375
Memory cached:  298.0
	 epoch  20 training error:  tensor(0.1138, device='cuda:0', grad_fn=<DivBackward0>)
Memory status after this epoch: 
Memory allocated:  12.72802734375
Memory cached:  284.0
	 epoch  30 training error:  tensor(0.1037, device='cuda:0', grad_fn=<DivBackward0>)
Memory status after this epoch: 
Memory allocated:  12.72802734375
Memory cached:  284.0
	 epoch  40 training error:  tensor(0.0807, device='cuda:0', grad_fn=<DivBackward0>)
Memory status after this epoch: 
Memory allocated:  12.72802734375
Memory cached:  290.0
	 epoch  50 training error:  tensor(0.0708, device='cuda:0', grad_fn=<DivBackward0>)
Memory status after this epoch: 
Memory allocated:  12.72802734375
Memory cached:  274.0
	 epoch  60 training error:  tensor(0.0683, device='cuda:0', grad_fn=<DivBackward0>)
Memory status after this epoch: 
Memory allocated:  12.72802734375
Memory cached:  288.0
	 epoch  70 training error:  tensor(0.0656, device='cuda:0', grad_fn=<DivBackward0>)
Memory status after this epoch: 
Memory allocated:  12.72802734375
Memory cached:  280.0
	 epoch  80 training error:  tensor(0.0633, device='cuda:0', grad_fn=<DivBackward0>)
Memory status after this epoch: 
Memory allocated:  12.72802734375
Memory cached:  290.0
	 epoch  90 training error:  tensor(0.0598, device='cuda:0', grad_fn=<DivBackward0>)
Memory status after this epoch: 
Memory allocated:  12.72802734375
Memory cached:  286.0
