[I 2023-10-30 16:13:06,493] Trial 22 finished with value: 0.22624468803405762 and parameters: {'W_layers': 3, 'W_layer_units_exponent_0': 10, 'W_layer_units_exponent_1': 6, 'W_layer_units_exponent_2': 7, 'D_layers': 5, 'D_layer_units_exponent_0': 4, 'D_layer_units_exponent_1': 6, 'D_layer_units_exponent_2': 5, 'D_layer_units_exponent_3': 6, 'D_layer_units_exponent_4': 6, 'log_learning_rate': -4.0188939292071835, 'log_learning_rate_D': -3.5726484786078987, 'training_batch_size': 6, 'training_p': 6}. Best is trial 1 with value: 0.22552898526191711.
Time for this trial:  17.07868480682373
Memory status after this trial: 
Memory allocated:  65.64990234375
Memory cached:  92.0
--------------------  Trial  23   --------------------
Start timing: 
Parameters: 
{'W_layers': 3, 'W_layer_units_exponent_0': 9, 'W_layer_units_exponent_1': 5, 'W_layer_units_exponent_2': 8, 'D_layers': 2, 'D_layer_units_exponent_0': 5, 'D_layer_units_exponent_1': 4, 'log_learning_rate': -3.406822771903882, 'log_learning_rate_D': -4.890498740729822, 'training_batch_size': 9, 'training_p': 4}
	 epoch  0 training error:  tensor(0.9996, device='cuda:0', grad_fn=<DivBackward0>)
Memory status after this epoch: 
Memory allocated:  0.4990234375
Memory cached:  6.0
	 epoch  10 training error:  tensor(0.9662, device='cuda:0', grad_fn=<DivBackward0>)
Memory status after this epoch: 
Memory allocated:  0.4990234375
Memory cached:  6.0
	 epoch  20 training error:  tensor(0.5132, device='cuda:0', grad_fn=<DivBackward0>)
Memory status after this epoch: 
Memory allocated:  0.4990234375
Memory cached:  6.0
	 epoch  30 training error:  tensor(0.3217, device='cuda:0', grad_fn=<DivBackward0>)
Memory status after this epoch: 
Memory allocated:  0.4990234375
Memory cached:  6.0
	 epoch  40 training error:  tensor(0.2535, device='cuda:0', grad_fn=<DivBackward0>)
Memory status after this epoch: 
Memory allocated:  0.4990234375
Memory cached:  6.0
	 epoch  50 training error:  tensor(0.2553, device='cuda:0', grad_fn=<DivBackward0>)
Memory status after this epoch: 
Memory allocated:  0.4990234375
Memory cached:  6.0
	 epoch  60 training error:  tensor(0.2546, device='cuda:0', grad_fn=<DivBackward0>)
Memory status after this epoch: 
Memory allocated:  0.4990234375
Memory cached:  6.0
	 epoch  70 training error:  tensor(0.2530, device='cuda:0', grad_fn=<DivBackward0>)
Memory status after this epoch: 
Memory allocated:  0.4990234375
Memory cached:  6.0
	 epoch  80 training error:  tensor(0.2524, device='cuda:0', grad_fn=<DivBackward0>)
Memory status after this epoch: 
Memory allocated:  0.4990234375
Memory cached:  6.0
	 epoch  90 training error:  tensor(0.2523, device='cuda:0', grad_fn=<DivBackward0>)
Memory status after this epoch: 
Memory allocated:  0.4990234375
Memory cached:  6.0
[I 2023-10-30 16:13:22,049] Trial 23 finished with value: 0.22671642899513245 and parameters: {'W_layers': 3, 'W_layer_units_exponent_0': 9, 'W_layer_units_exponent_1': 5, 'W_layer_units_exponent_2': 8, 'D_layers': 2, 'D_layer_units_exponent_0': 5, 'D_layer_units_exponent_1': 4, 'log_learning_rate': -3.406822771903882, 'log_learning_rate_D': -4.890498740729822, 'training_batch_size': 9, 'training_p': 4}. Best is trial 1 with value: 0.22552898526191711.
Time for this trial:  15.400538921356201
Memory status after this trial: 
Memory allocated:  43.52099609375
Memory cached:  66.0
--------------------  Trial  24   --------------------
Start timing: 
Parameters: 
{'W_layers': 4, 'W_layer_units_exponent_0': 9, 'W_layer_units_exponent_1': 5, 'W_layer_units_exponent_2': 8, 'W_layer_units_exponent_3': 4, 'D_layers': 2, 'D_layer_units_exponent_0': 5, 'D_layer_units_exponent_1': 4, 'log_learning_rate': -3.203629928307553, 'log_learning_rate_D': -4.411969117837078, 'training_batch_size': 9, 'training_p': 3}
	 epoch  0 training error:  tensor(1.0000, device='cuda:0', grad_fn=<DivBackward0>)
Memory status after this epoch: 
Memory allocated:  0.5615234375
Memory cached:  4.0
	 epoch  10 training error:  tensor(0.8632, device='cuda:0', grad_fn=<DivBackward0>)
Memory status after this epoch: 
Memory allocated:  0.5615234375
Memory cached:  4.0
	 epoch  20 training error:  tensor(0.3170, device='cuda:0', grad_fn=<DivBackward0>)
Memory status after this epoch: 
Memory allocated:  0.5615234375
Memory cached:  4.0
	 epoch  30 training error:  tensor(0.2705, device='cuda:0', grad_fn=<DivBackward0>)
Memory status after this epoch: 
Memory allocated:  0.5615234375
Memory cached:  4.0
	 epoch  40 training error:  tensor(0.2480, device='cuda:0', grad_fn=<DivBackward0>)
Memory status after this epoch: 
Memory allocated:  0.5615234375
Memory cached:  4.0
	 epoch  50 training error:  tensor(0.2513, device='cuda:0', grad_fn=<DivBackward0>)
Memory status after this epoch: 
Memory allocated:  0.5615234375
Memory cached:  4.0
	 epoch  60 training error:  tensor(0.2476, device='cuda:0', grad_fn=<DivBackward0>)
Memory status after this epoch: 
Memory allocated:  0.5615234375
Memory cached:  4.0
	 epoch  70 training error:  tensor(0.2478, device='cuda:0', grad_fn=<DivBackward0>)
Memory status after this epoch: 
Memory allocated:  0.5615234375
Memory cached:  4.0
	 epoch  80 training error:  tensor(0.2474, device='cuda:0', grad_fn=<DivBackward0>)
Memory status after this epoch: 
Memory allocated:  0.5615234375
Memory cached:  4.0
	 epoch  90 training error:  tensor(0.2475, device='cuda:0', grad_fn=<DivBackward0>)
Memory status after this epoch: 
Memory allocated:  0.5615234375
Memory cached:  4.0
[I 2023-10-30 16:13:38,020] Trial 24 finished with value: 0.226676806807518 and parameters: {'W_layers': 4, 'W_layer_units_exponent_0': 9, 'W_layer_units_exponent_1': 5, 'W_layer_units_exponent_2': 8, 'W_layer_units_exponent_3': 4, 'D_layers': 2, 'D_layer_units_exponent_0': 5, 'D_layer_units_exponent_1': 4, 'log_learning_rate': -3.203629928307553, 'log_learning_rate_D': -4.411969117837078, 'training_batch_size': 9, 'training_p': 3}. Best is trial 1 with value: 0.22552898526191711.
Time for this trial:  15.820262432098389
Memory status after this trial: 
Memory allocated:  44.40673828125
Memory cached:  64.0
--------------------  Trial  25   --------------------
Start timing: 
Parameters: 
{'W_layers': 3, 'W_layer_units_exponent_0': 10, 'W_layer_units_exponent_1': 6, 'W_layer_units_exponent_2': 10, 'D_layers': 2, 'D_layer_units_exponent_0': 7, 'D_layer_units_exponent_1': 9, 'log_learning_rate': -3.4459294314833366, 'log_learning_rate_D': -4.8456759225089225, 'training_batch_size': 9, 'training_p': 4}
	 epoch  0 training error:  tensor(1.0000, device='cuda:0', grad_fn=<DivBackward0>)
Memory status after this epoch: 
Memory allocated:  2.4140625
Memory cached:  4.0
	 epoch  10 training error:  tensor(0.8009, device='cuda:0', grad_fn=<DivBackward0>)
Memory status after this epoch: 
Memory allocated:  2.4140625
Memory cached:  4.0
	 epoch  20 training error:  tensor(0.2693, device='cuda:0', grad_fn=<DivBackward0>)
Memory status after this epoch: 
Memory allocated:  2.4140625
Memory cached:  4.0
	 epoch  30 training error:  tensor(0.2666, device='cuda:0', grad_fn=<DivBackward0>)
Memory status after this epoch: 
Memory allocated:  2.4140625
Memory cached:  4.0
	 epoch  40 training error:  tensor(0.2824, device='cuda:0', grad_fn=<DivBackward0>)
Memory status after this epoch: 
Memory allocated:  2.4140625
Memory cached:  4.0
	 epoch  50 training error:  tensor(0.2546, device='cuda:0', grad_fn=<DivBackward0>)
Memory status after this epoch: 
Memory allocated:  2.4140625
Memory cached:  4.0
	 epoch  60 training error:  tensor(0.2536, device='cuda:0', grad_fn=<DivBackward0>)
Memory status after this epoch: 
Memory allocated:  2.4140625
Memory cached:  4.0
	 epoch  70 training error:  tensor(0.2535, device='cuda:0', grad_fn=<DivBackward0>)
Memory status after this epoch: 
Memory allocated:  2.4140625
Memory cached:  4.0
	 epoch  80 training error:  tensor(0.2528, device='cuda:0', grad_fn=<DivBackward0>)
Memory status after this epoch: 
Memory allocated:  2.4140625
Memory cached:  4.0
	 epoch  90 training error:  tensor(0.2525, device='cuda:0', grad_fn=<DivBackward0>)
Memory status after this epoch: 
Memory allocated:  2.4140625
Memory cached:  4.0
[I 2023-10-30 16:13:54,812] Trial 25 finished with value: 0.22606447339057922 and parameters: {'W_layers': 3, 'W_layer_units_exponent_0': 10, 'W_layer_units_exponent_1': 6, 'W_layer_units_exponent_2': 10, 'D_layers': 2, 'D_layer_units_exponent_0': 7, 'D_layer_units_exponent_1': 9, 'log_learning_rate': -3.4459294314833366, 'log_learning_rate_D': -4.8456759225089225, 'training_batch_size': 9, 'training_p': 4}. Best is trial 1 with value: 0.22552898526191711.
Time for this trial:  16.636901140213013
Memory status after this trial: 
Memory allocated:  114.32763671875
Memory cached:  144.0
--------------------  Trial  26   --------------------
Start timing: 
Parameters: 
{'W_layers': 3, 'W_layer_units_exponent_0': 10, 'W_layer_units_exponent_1': 6, 'W_layer_units_exponent_2': 10, 'D_layers': 2, 'D_layer_units_exponent_0': 7, 'D_layer_units_exponent_1': 9, 'log_learning_rate': -2.9070361659768373, 'log_learning_rate_D': -4.590701410265618, 'training_batch_size': 11, 'training_p': 3}
	 epoch  0 training error:  tensor(1.0000, device='cuda:0', grad_fn=<DivBackward0>)
Memory status after this epoch: 
Memory allocated:  2.4140625
Memory cached:  4.0
	 epoch  10 training error:  tensor(0.4828, device='cuda:0', grad_fn=<DivBackward0>)
Memory status after this epoch: 
Memory allocated:  2.4140625
Memory cached:  4.0
	 epoch  20 training error:  tensor(0.2979, device='cuda:0', grad_fn=<DivBackward0>)
Memory status after this epoch: 
Memory allocated:  2.4140625
Memory cached:  4.0
	 epoch  30 training error:  tensor(0.2541, device='cuda:0', grad_fn=<DivBackward0>)
Memory status after this epoch: 
Memory allocated:  2.4140625
Memory cached:  4.0
	 epoch  40 training error:  tensor(0.2480, device='cuda:0', grad_fn=<DivBackward0>)
Memory status after this epoch: 
Memory allocated:  2.4140625
Memory cached:  4.0
	 epoch  50 training error:  tensor(0.2494, device='cuda:0', grad_fn=<DivBackward0>)
Memory status after this epoch: 
Memory allocated:  2.4140625
Memory cached:  4.0
	 epoch  60 training error:  tensor(0.2484, device='cuda:0', grad_fn=<DivBackward0>)
Memory status after this epoch: 
Memory allocated:  2.4140625
Memory cached:  4.0
	 epoch  70 training error:  tensor(0.2478, device='cuda:0', grad_fn=<DivBackward0>)
Memory status after this epoch: 
Memory allocated:  2.4140625
Memory cached:  4.0
	 epoch  80 training error:  tensor(0.2475, device='cuda:0', grad_fn=<DivBackward0>)
Memory status after this epoch: 
Memory allocated:  2.4140625
Memory cached:  4.0
	 epoch  90 training error:  tensor(0.2474, device='cuda:0', grad_fn=<DivBackward0>)
Memory status after this epoch: 
Memory allocated:  2.4140625
Memory cached:  4.0
[I 2023-10-30 16:14:11,371] Trial 26 finished with value: 0.22630086541175842 and parameters: {'W_layers': 3, 'W_layer_units_exponent_0': 10, 'W_layer_units_exponent_1': 6, 'W_layer_units_exponent_2': 10, 'D_layers': 2, 'D_layer_units_exponent_0': 7, 'D_layer_units_exponent_1': 9, 'log_learning_rate': -2.9070361659768373, 'log_learning_rate_D': -4.590701410265618, 'training_batch_size': 11, 'training_p': 3}. Best is trial 1 with value: 0.22552898526191711.
Time for this trial:  16.41066837310791
Memory status after this trial: 
Memory allocated:  114.32763671875
Memory cached:  144.0
--------------------  Trial  27   --------------------
Start timing: 
Parameters: 
{'W_layers': 2, 'W_layer_units_exponent_0': 8, 'W_layer_units_exponent_1': 7, 'D_layers': 3, 'D_layer_units_exponent_0': 8, 'D_layer_units_exponent_1': 9, 'D_layer_units_exponent_2': 10, 'log_learning_rate': -3.6166494464637022, 'log_learning_rate_D': -4.275356316147323, 'training_batch_size': 8, 'training_p': 4}
	 epoch  0 training error:  tensor(1.0013, device='cuda:0', grad_fn=<DivBackward0>)
Memory status after this epoch: 
Memory allocated:  3.11767578125
Memory cached:  18.0
	 epoch  10 training error:  tensor(0.6950, device='cuda:0', grad_fn=<DivBackward0>)
Memory status after this epoch: 
Memory allocated:  3.11767578125
Memory cached:  18.0
	 epoch  20 training error:  tensor(0.3481, device='cuda:0', grad_fn=<DivBackward0>)
Memory status after this epoch: 
Memory allocated:  3.11767578125
Memory cached:  18.0
	 epoch  30 training error:  tensor(0.2924, device='cuda:0', grad_fn=<DivBackward0>)
Memory status after this epoch: 
Memory allocated:  3.11767578125
Memory cached:  18.0
	 epoch  40 training error:  tensor(0.2672, device='cuda:0', grad_fn=<DivBackward0>)
Memory status after this epoch: 
Memory allocated:  3.11767578125
Memory cached:  18.0
	 epoch  50 training error:  tensor(0.2578, device='cuda:0', grad_fn=<DivBackward0>)
Memory status after this epoch: 
Memory allocated:  3.11767578125
Memory cached:  18.0
	 epoch  60 training error:  tensor(0.2536, device='cuda:0', grad_fn=<DivBackward0>)
Memory status after this epoch: 
Memory allocated:  3.11767578125
Memory cached:  18.0
	 epoch  70 training error:  tensor(0.2524, device='cuda:0', grad_fn=<DivBackward0>)
Memory status after this epoch: 
Memory allocated:  3.11767578125
Memory cached:  18.0
	 epoch  80 training error:  tensor(0.2524, device='cuda:0', grad_fn=<DivBackward0>)
Memory status after this epoch: 
Memory allocated:  3.11767578125
Memory cached:  18.0
	 epoch  90 training error:  tensor(0.2524, device='cuda:0', grad_fn=<DivBackward0>)
Memory status after this epoch: 
Memory allocated:  3.11767578125
Memory cached:  18.0
[I 2023-10-30 16:14:26,062] Trial 27 finished with value: 0.2261323481798172 and parameters: {'W_layers': 2, 'W_layer_units_exponent_0': 8, 'W_layer_units_exponent_1': 7, 'D_layers': 3, 'D_layer_units_exponent_0': 8, 'D_layer_units_exponent_1': 9, 'D_layer_units_exponent_2': 10, 'log_learning_rate': -3.6166494464637022, 'log_learning_rate_D': -4.275356316147323, 'training_batch_size': 8, 'training_p': 4}. Best is trial 1 with value: 0.22552898526191711.
Time for this trial:  14.534199237823486
Memory status after this trial: 
Memory allocated:  21.21923828125
Memory cached:  26.0
--------------------  Trial  28   --------------------
Start timing: 
Parameters: 
{'W_layers': 4, 'W_layer_units_exponent_0': 5, 'W_layer_units_exponent_1': 8, 'W_layer_units_exponent_2': 9, 'W_layer_units_exponent_3': 4, 'D_layers': 2, 'D_layer_units_exponent_0': 7, 'D_layer_units_exponent_1': 8, 'log_learning_rate': -4.04431976868273, 'log_learning_rate_D': -4.107632376517942, 'training_batch_size': 10, 'training_p': 5}
	 epoch  0 training error:  tensor(1.0001, device='cuda:0', grad_fn=<DivBackward0>)
Memory status after this epoch: 
Memory allocated:  2.4921875
Memory cached:  8.0
	 epoch  10 training error:  tensor(0.9993, device='cuda:0', grad_fn=<DivBackward0>)
Memory status after this epoch: 
Memory allocated:  2.4921875
Memory cached:  8.0
	 epoch  20 training error:  tensor(0.9982, device='cuda:0', grad_fn=<DivBackward0>)
Memory status after this epoch: 
Memory allocated:  2.4921875
Memory cached:  8.0
	 epoch  30 training error:  tensor(0.9962, device='cuda:0', grad_fn=<DivBackward0>)
Memory status after this epoch: 
Memory allocated:  2.4921875
Memory cached:  8.0
	 epoch  40 training error:  tensor(0.9919, device='cuda:0', grad_fn=<DivBackward0>)
Memory status after this epoch: 
Memory allocated:  2.4921875
Memory cached:  8.0
	 epoch  50 training error:  tensor(0.9822, device='cuda:0', grad_fn=<DivBackward0>)
Memory status after this epoch: 
Memory allocated:  2.4921875
Memory cached:  8.0
	 epoch  60 training error:  tensor(0.9579, device='cuda:0', grad_fn=<DivBackward0>)
Memory status after this epoch: 
Memory allocated:  2.4921875
Memory cached:  8.0
	 epoch  70 training error:  tensor(0.8916, device='cuda:0', grad_fn=<DivBackward0>)
Memory status after this epoch: 
Memory allocated:  2.4921875
Memory cached:  8.0
	 epoch  80 training error:  tensor(0.6964, device='cuda:0', grad_fn=<DivBackward0>)
Memory status after this epoch: 
Memory allocated:  2.4921875
Memory cached:  8.0
	 epoch  90 training error:  tensor(0.2687, device='cuda:0', grad_fn=<DivBackward0>)
Memory status after this epoch: 
Memory allocated:  2.4921875
Memory cached:  8.0
[I 2023-10-30 16:14:42,105] Trial 28 finished with value: 0.22664885222911835 and parameters: {'W_layers': 4, 'W_layer_units_exponent_0': 5, 'W_layer_units_exponent_1': 8, 'W_layer_units_exponent_2': 9, 'W_layer_units_exponent_3': 4, 'D_layers': 2, 'D_layer_units_exponent_0': 7, 'D_layer_units_exponent_1': 8, 'log_learning_rate': -4.04431976868273, 'log_learning_rate_D': -4.107632376517942, 'training_batch_size': 10, 'training_p': 5}. Best is trial 1 with value: 0.22552898526191711.
Time for this trial:  15.881351232528687
Memory status after this trial: 
Memory allocated:  45.77880859375
Memory cached:  68.0
--------------------  Trial  29   --------------------
Start timing: 
Parameters: 
{'W_layers': 3, 'W_layer_units_exponent_0': 7, 'W_layer_units_exponent_1': 6, 'W_layer_units_exponent_2': 5, 'D_layers': 3, 'D_layer_units_exponent_0': 9, 'D_layer_units_exponent_1': 9, 'D_layer_units_exponent_2': 5, 'log_learning_rate': -2.588314858065271, 'log_learning_rate_D': -4.681103500050433, 'training_batch_size': 7, 'training_p': 6}
	 epoch  0 training error:  tensor(1.0011, device='cuda:0', grad_fn=<DivBackward0>)
Memory status after this epoch: 
Memory allocated:  1.32861328125
Memory cached:  6.0
	 epoch  10 training error:  tensor(0.4218, device='cuda:0', grad_fn=<DivBackward0>)
Memory status after this epoch: 
Memory allocated:  1.32861328125
Memory cached:  6.0
	 epoch  20 training error:  tensor(0.3107, device='cuda:0', grad_fn=<DivBackward0>)
Memory status after this epoch: 
Memory allocated:  1.32861328125
Memory cached:  6.0
	 epoch  30 training error:  tensor(0.2765, device='cuda:0', grad_fn=<DivBackward0>)
Memory status after this epoch: 
Memory allocated:  1.32861328125
Memory cached:  6.0
	 epoch  40 training error:  tensor(0.2640, device='cuda:0', grad_fn=<DivBackward0>)
Memory status after this epoch: 
Memory allocated:  1.32861328125
Memory cached:  6.0
	 epoch  50 training error:  tensor(0.2600, device='cuda:0', grad_fn=<DivBackward0>)
Memory status after this epoch: 
Memory allocated:  1.32861328125
Memory cached:  6.0
	 epoch  60 training error:  tensor(0.2575, device='cuda:0', grad_fn=<DivBackward0>)
Memory status after this epoch: 
Memory allocated:  1.32861328125
Memory cached:  6.0
	 epoch  70 training error:  tensor(0.2573, device='cuda:0', grad_fn=<DivBackward0>)
Memory status after this epoch: 
Memory allocated:  1.32861328125
Memory cached:  6.0
	 epoch  80 training error:  tensor(0.2571, device='cuda:0', grad_fn=<DivBackward0>)
Memory status after this epoch: 
Memory allocated:  1.32861328125
Memory cached:  6.0
	 epoch  90 training error:  tensor(0.2572, device='cuda:0', grad_fn=<DivBackward0>)
Memory status after this epoch: 
Memory allocated:  1.32861328125
Memory cached:  6.0
[I 2023-10-30 16:14:56,996] Trial 29 finished with value: 0.22668026387691498 and parameters: {'W_layers': 3, 'W_layer_units_exponent_0': 7, 'W_layer_units_exponent_1': 6, 'W_layer_units_exponent_2': 5, 'D_layers': 3, 'D_layer_units_exponent_0': 9, 'D_layer_units_exponent_1': 9, 'D_layer_units_exponent_2': 5, 'log_learning_rate': -2.588314858065271, 'log_learning_rate_D': -4.681103500050433, 'training_batch_size': 7, 'training_p': 6}. Best is trial 1 with value: 0.22552898526191711.
Time for this trial:  14.727316617965698
Memory status after this trial: 
Memory allocated:  12.17333984375
Memory cached:  14.0
--------------------  Trial  30   --------------------
Start timing: 
Parameters: 
{'W_layers': 2, 'W_layer_units_exponent_0': 10, 'W_layer_units_exponent_1': 7, 'D_layers': 2, 'D_layer_units_exponent_0': 7, 'D_layer_units_exponent_1': 7, 'log_learning_rate': -3.0509000227331153, 'log_learning_rate_D': -3.7065635635931873, 'training_batch_size': 11, 'training_p': 3}
	 epoch  0 training error:  tensor(0.9948, device='cuda:0', grad_fn=<DivBackward0>)
Memory status after this epoch: 
Memory allocated:  2.1943359375
Memory cached:  4.0
	 epoch  10 training error:  tensor(0.7110, device='cuda:0', grad_fn=<DivBackward0>)
Memory status after this epoch: 
Memory allocated:  2.1943359375
Memory cached:  4.0
	 epoch  20 training error:  tensor(0.3640, device='cuda:0', grad_fn=<DivBackward0>)
Memory status after this epoch: 
Memory allocated:  2.1943359375
Memory cached:  4.0
	 epoch  30 training error:  tensor(0.2499, device='cuda:0', grad_fn=<DivBackward0>)
Memory status after this epoch: 
Memory allocated:  2.1943359375
Memory cached:  4.0
	 epoch  40 training error:  tensor(0.2564, device='cuda:0', grad_fn=<DivBackward0>)
Memory status after this epoch: 
Memory allocated:  2.1943359375
Memory cached:  4.0
	 epoch  50 training error:  tensor(0.2506, device='cuda:0', grad_fn=<DivBackward0>)
Memory status after this epoch: 
Memory allocated:  2.1943359375
Memory cached:  4.0
	 epoch  60 training error:  tensor(0.2483, device='cuda:0', grad_fn=<DivBackward0>)
Memory status after this epoch: 
Memory allocated:  2.1943359375
Memory cached:  4.0
	 epoch  70 training error:  tensor(0.2475, device='cuda:0', grad_fn=<DivBackward0>)
Memory status after this epoch: 
Memory allocated:  2.1943359375
Memory cached:  4.0
	 epoch  80 training error:  tensor(0.2476, device='cuda:0', grad_fn=<DivBackward0>)
Memory status after this epoch: 
Memory allocated:  2.1943359375
Memory cached:  4.0
	 epoch  90 training error:  tensor(0.2475, device='cuda:0', grad_fn=<DivBackward0>)
Memory status after this epoch: 
Memory allocated:  2.1943359375
Memory cached:  4.0
