[I 2023-11-02 22:28:34,543] Trial 27 finished with value: 0.9975687265396118 and parameters: {'W_layers': 5, 'W_layer_units_exponent_0': 8, 'W_layer_units_exponent_1': 9, 'W_layer_units_exponent_2': 9, 'W_layer_units_exponent_3': 9, 'W_layer_units_exponent_4': 10, 'D_layers': 5, 'D_layer_units_exponent_0': 8, 'D_layer_units_exponent_1': 5, 'D_layer_units_exponent_2': 6, 'D_layer_units_exponent_3': 9, 'D_layer_units_exponent_4': 10, 'log_learning_rate': -2.500437062119012, 'log_learning_rate_D': -1.881147982190042, 'training_batch_size': 12, 'training_p': 6}. Best is trial 10 with value: 0.2450779676437378.
Time for this trial:  165.2553448677063
Memory status after this trial: 
Memory allocated:  274.33056640625
Memory cached:  302.0
--------------------  Trial  28   --------------------
Start timing: 
Parameters: 
{'W_layers': 2, 'W_layer_units_exponent_0': 6, 'W_layer_units_exponent_1': 8, 'D_layers': 7, 'D_layer_units_exponent_0': 9, 'D_layer_units_exponent_1': 9, 'D_layer_units_exponent_2': 8, 'D_layer_units_exponent_3': 5, 'D_layer_units_exponent_4': 8, 'D_layer_units_exponent_5': 9, 'D_layer_units_exponent_6': 6, 'log_learning_rate': -3.0197496779165247, 'log_learning_rate_D': -1.3746199650695925, 'training_batch_size': 10, 'training_p': 4}
	 epoch  0 training error:  tensor(1.0102, device='cuda:0', grad_fn=<DivBackward0>)
Memory status after this epoch: 
Memory allocated:  13.896484375
Memory cached:  18.0
	 epoch  10 training error:  tensor(0.9988, device='cuda:0', grad_fn=<DivBackward0>)
Memory status after this epoch: 
Memory allocated:  13.896484375
Memory cached:  24.0
	 epoch  20 training error:  tensor(0.9985, device='cuda:0', grad_fn=<DivBackward0>)
Memory status after this epoch: 
Memory allocated:  13.896484375
Memory cached:  24.0
	 epoch  30 training error:  tensor(0.9984, device='cuda:0', grad_fn=<DivBackward0>)
Memory status after this epoch: 
Memory allocated:  13.896484375
Memory cached:  26.0
	 epoch  40 training error:  tensor(0.9984, device='cuda:0', grad_fn=<DivBackward0>)
Memory status after this epoch: 
Memory allocated:  13.896484375
Memory cached:  24.0
	 epoch  50 training error:  tensor(0.9984, device='cuda:0', grad_fn=<DivBackward0>)
Memory status after this epoch: 
Memory allocated:  13.896484375
Memory cached:  24.0
	 epoch  60 training error:  tensor(0.9984, device='cuda:0', grad_fn=<DivBackward0>)
Memory status after this epoch: 
Memory allocated:  13.896484375
Memory cached:  26.0
	 epoch  70 training error:  tensor(0.9984, device='cuda:0', grad_fn=<DivBackward0>)
Memory status after this epoch: 
Memory allocated:  13.896484375
Memory cached:  24.0
	 epoch  80 training error:  tensor(0.9984, device='cuda:0', grad_fn=<DivBackward0>)
Memory status after this epoch: 
Memory allocated:  13.896484375
Memory cached:  24.0
	 epoch  90 training error:  tensor(0.9984, device='cuda:0', grad_fn=<DivBackward0>)
Memory status after this epoch: 
Memory allocated:  13.896484375
Memory cached:  26.0
[I 2023-11-02 22:30:56,026] Trial 28 finished with value: 0.9979690909385681 and parameters: {'W_layers': 2, 'W_layer_units_exponent_0': 6, 'W_layer_units_exponent_1': 8, 'D_layers': 7, 'D_layer_units_exponent_0': 9, 'D_layer_units_exponent_1': 9, 'D_layer_units_exponent_2': 8, 'D_layer_units_exponent_3': 5, 'D_layer_units_exponent_4': 8, 'D_layer_units_exponent_5': 9, 'D_layer_units_exponent_6': 6, 'log_learning_rate': -3.0197496779165247, 'log_learning_rate_D': -1.3746199650695925, 'training_batch_size': 10, 'training_p': 4}. Best is trial 10 with value: 0.2450779676437378.
Time for this trial:  141.26828527450562
Memory status after this trial: 
Memory allocated:  145.95654296875
Memory cached:  162.0
--------------------  Trial  29   --------------------
Start timing: 
Parameters: 
{'W_layers': 6, 'W_layer_units_exponent_0': 4, 'W_layer_units_exponent_1': 7, 'W_layer_units_exponent_2': 10, 'W_layer_units_exponent_3': 6, 'W_layer_units_exponent_4': 6, 'W_layer_units_exponent_5': 10, 'D_layers': 6, 'D_layer_units_exponent_0': 10, 'D_layer_units_exponent_1': 6, 'D_layer_units_exponent_2': 7, 'D_layer_units_exponent_3': 7, 'D_layer_units_exponent_4': 9, 'D_layer_units_exponent_5': 6, 'log_learning_rate': -3.7158197744054897, 'log_learning_rate_D': -1.0219913562514462, 'training_batch_size': 11, 'training_p': 5}
	 epoch  0 training error:  tensor(0.9995, device='cuda:0', grad_fn=<DivBackward0>)
Memory status after this epoch: 
Memory allocated:  15.53125
Memory cached:  40.0
	 epoch  10 training error:  tensor(0.9997, device='cuda:0', grad_fn=<DivBackward0>)
Memory status after this epoch: 
Memory allocated:  15.53125
Memory cached:  50.0
	 epoch  20 training error:  tensor(0.9995, device='cuda:0', grad_fn=<DivBackward0>)
Memory status after this epoch: 
Memory allocated:  15.53125
Memory cached:  48.0
	 epoch  30 training error:  tensor(0.9994, device='cuda:0', grad_fn=<DivBackward0>)
Memory status after this epoch: 
Memory allocated:  15.53125
Memory cached:  46.0
	 epoch  40 training error:  tensor(0.9992, device='cuda:0', grad_fn=<DivBackward0>)
Memory status after this epoch: 
Memory allocated:  15.53125
Memory cached:  46.0
	 epoch  50 training error:  tensor(0.9990, device='cuda:0', grad_fn=<DivBackward0>)
Memory status after this epoch: 
Memory allocated:  15.53125
Memory cached:  44.0
	 epoch  60 training error:  tensor(0.9988, device='cuda:0', grad_fn=<DivBackward0>)
Memory status after this epoch: 
Memory allocated:  15.53125
Memory cached:  46.0
	 epoch  70 training error:  tensor(0.9986, device='cuda:0', grad_fn=<DivBackward0>)
Memory status after this epoch: 
Memory allocated:  15.53125
Memory cached:  46.0
	 epoch  80 training error:  tensor(0.9985, device='cuda:0', grad_fn=<DivBackward0>)
Memory status after this epoch: 
Memory allocated:  15.53125
Memory cached:  46.0
	 epoch  90 training error:  tensor(0.9985, device='cuda:0', grad_fn=<DivBackward0>)
Memory status after this epoch: 
Memory allocated:  15.53125
Memory cached:  46.0
[I 2023-11-02 22:33:51,745] Trial 29 finished with value: 0.9976723790168762 and parameters: {'W_layers': 6, 'W_layer_units_exponent_0': 4, 'W_layer_units_exponent_1': 7, 'W_layer_units_exponent_2': 10, 'W_layer_units_exponent_3': 6, 'W_layer_units_exponent_4': 6, 'W_layer_units_exponent_5': 10, 'D_layers': 6, 'D_layer_units_exponent_0': 10, 'D_layer_units_exponent_1': 6, 'D_layer_units_exponent_2': 7, 'D_layer_units_exponent_3': 7, 'D_layer_units_exponent_4': 9, 'D_layer_units_exponent_5': 6, 'log_learning_rate': -3.7158197744054897, 'log_learning_rate_D': -1.0219913562514462, 'training_batch_size': 11, 'training_p': 5}. Best is trial 10 with value: 0.2450779676437378.
Time for this trial:  175.4752321243286
Memory status after this trial: 
Memory allocated:  241.9130859375
Memory cached:  270.0
--------------------  Trial  30   --------------------
Start timing: 
Parameters: 
{'W_layers': 4, 'W_layer_units_exponent_0': 10, 'W_layer_units_exponent_1': 6, 'W_layer_units_exponent_2': 6, 'W_layer_units_exponent_3': 10, 'D_layers': 3, 'D_layer_units_exponent_0': 7, 'D_layer_units_exponent_1': 5, 'D_layer_units_exponent_2': 5, 'log_learning_rate': -2.7373246717638846, 'log_learning_rate_D': -1.6078937532639437, 'training_batch_size': 12, 'training_p': 6}
	 epoch  0 training error:  tensor(0.9992, device='cuda:0', grad_fn=<DivBackward0>)
Memory status after this epoch: 
Memory allocated:  11.5625
Memory cached:  36.0
	 epoch  10 training error:  tensor(0.3630, device='cuda:0', grad_fn=<DivBackward0>)
Memory status after this epoch: 
Memory allocated:  11.5625
Memory cached:  42.0
	 epoch  20 training error:  tensor(0.2925, device='cuda:0', grad_fn=<DivBackward0>)
Memory status after this epoch: 
Memory allocated:  11.5625
Memory cached:  42.0
	 epoch  30 training error:  tensor(0.2671, device='cuda:0', grad_fn=<DivBackward0>)
Memory status after this epoch: 
Memory allocated:  11.5625
Memory cached:  42.0
	 epoch  40 training error:  tensor(0.2583, device='cuda:0', grad_fn=<DivBackward0>)
Memory status after this epoch: 
Memory allocated:  11.5625
Memory cached:  42.0
	 epoch  50 training error:  tensor(0.2536, device='cuda:0', grad_fn=<DivBackward0>)
Memory status after this epoch: 
Memory allocated:  11.5625
Memory cached:  42.0
	 epoch  60 training error:  tensor(0.2531, device='cuda:0', grad_fn=<DivBackward0>)
Memory status after this epoch: 
Memory allocated:  11.5625
Memory cached:  42.0
	 epoch  70 training error:  tensor(0.2529, device='cuda:0', grad_fn=<DivBackward0>)
Memory status after this epoch: 
Memory allocated:  11.5625
Memory cached:  42.0
	 epoch  80 training error:  tensor(0.2529, device='cuda:0', grad_fn=<DivBackward0>)
Memory status after this epoch: 
Memory allocated:  11.5625
Memory cached:  42.0
	 epoch  90 training error:  tensor(0.2529, device='cuda:0', grad_fn=<DivBackward0>)
Memory status after this epoch: 
Memory allocated:  11.5625
Memory cached:  42.0
[I 2023-11-02 22:35:56,743] Trial 30 finished with value: 0.2459956258535385 and parameters: {'W_layers': 4, 'W_layer_units_exponent_0': 10, 'W_layer_units_exponent_1': 6, 'W_layer_units_exponent_2': 6, 'W_layer_units_exponent_3': 10, 'D_layers': 3, 'D_layer_units_exponent_0': 7, 'D_layer_units_exponent_1': 5, 'D_layer_units_exponent_2': 5, 'log_learning_rate': -2.7373246717638846, 'log_learning_rate_D': -1.6078937532639437, 'training_batch_size': 12, 'training_p': 6}. Best is trial 10 with value: 0.2450779676437378.
Time for this trial:  124.78481912612915
Memory status after this trial: 
Memory allocated:  140.705078125
Memory cached:  168.0
--------------------  Trial  31   --------------------
Start timing: 
Parameters: 
{'W_layers': 7, 'W_layer_units_exponent_0': 10, 'W_layer_units_exponent_1': 10, 'W_layer_units_exponent_2': 6, 'W_layer_units_exponent_3': 10, 'W_layer_units_exponent_4': 8, 'W_layer_units_exponent_5': 4, 'W_layer_units_exponent_6': 9, 'D_layers': 6, 'D_layer_units_exponent_0': 10, 'D_layer_units_exponent_1': 6, 'D_layer_units_exponent_2': 9, 'D_layer_units_exponent_3': 7, 'D_layer_units_exponent_4': 7, 'D_layer_units_exponent_5': 8, 'log_learning_rate': -3.306953554057795, 'log_learning_rate_D': -1.2995592386366557, 'training_batch_size': 8, 'training_p': 3}
	 epoch  0 training error:  tensor(1.0006, device='cuda:0', grad_fn=<DivBackward0>)
Memory status after this epoch: 
Memory allocated:  41.908203125
Memory cached:  64.0
	 epoch  10 training error:  tensor(0.4960, device='cuda:0', grad_fn=<DivBackward0>)
Memory status after this epoch: 
Memory allocated:  41.908203125
Memory cached:  66.0
	 epoch  20 training error:  tensor(0.3129, device='cuda:0', grad_fn=<DivBackward0>)
Memory status after this epoch: 
Memory allocated:  41.908203125
Memory cached:  66.0
	 epoch  30 training error:  tensor(0.2667, device='cuda:0', grad_fn=<DivBackward0>)
Memory status after this epoch: 
Memory allocated:  41.908203125
Memory cached:  66.0
	 epoch  40 training error:  tensor(0.2535, device='cuda:0', grad_fn=<DivBackward0>)
Memory status after this epoch: 
Memory allocated:  41.908203125
Memory cached:  66.0
	 epoch  50 training error:  tensor(0.2464, device='cuda:0', grad_fn=<DivBackward0>)
Memory status after this epoch: 
Memory allocated:  41.908203125
Memory cached:  66.0
	 epoch  60 training error:  tensor(0.2427, device='cuda:0', grad_fn=<DivBackward0>)
Memory status after this epoch: 
Memory allocated:  41.908203125
Memory cached:  66.0
	 epoch  70 training error:  tensor(0.2430, device='cuda:0', grad_fn=<DivBackward0>)
Memory status after this epoch: 
Memory allocated:  41.908203125
Memory cached:  66.0
	 epoch  80 training error:  tensor(0.2426, device='cuda:0', grad_fn=<DivBackward0>)
Memory status after this epoch: 
Memory allocated:  41.908203125
Memory cached:  66.0
	 epoch  90 training error:  tensor(0.2426, device='cuda:0', grad_fn=<DivBackward0>)
Memory status after this epoch: 
Memory allocated:  41.908203125
Memory cached:  66.0
[I 2023-11-02 22:39:12,340] Trial 31 finished with value: 0.24608607590198517 and parameters: {'W_layers': 7, 'W_layer_units_exponent_0': 10, 'W_layer_units_exponent_1': 10, 'W_layer_units_exponent_2': 6, 'W_layer_units_exponent_3': 10, 'W_layer_units_exponent_4': 8, 'W_layer_units_exponent_5': 4, 'W_layer_units_exponent_6': 9, 'D_layers': 6, 'D_layer_units_exponent_0': 10, 'D_layer_units_exponent_1': 6, 'D_layer_units_exponent_2': 9, 'D_layer_units_exponent_3': 7, 'D_layer_units_exponent_4': 7, 'D_layer_units_exponent_5': 8, 'log_learning_rate': -3.306953554057795, 'log_learning_rate_D': -1.2995592386366557, 'training_batch_size': 8, 'training_p': 3}. Best is trial 10 with value: 0.2450779676437378.
Time for this trial:  195.3604874610901
Memory status after this trial: 
Memory allocated:  350.7021484375
Memory cached:  388.0
--------------------  Trial  32   --------------------
Start timing: 
Parameters: 
{'W_layers': 8, 'W_layer_units_exponent_0': 9, 'W_layer_units_exponent_1': 10, 'W_layer_units_exponent_2': 5, 'W_layer_units_exponent_3': 9, 'W_layer_units_exponent_4': 7, 'W_layer_units_exponent_5': 5, 'W_layer_units_exponent_6': 9, 'W_layer_units_exponent_7': 10, 'D_layers': 5, 'D_layer_units_exponent_0': 9, 'D_layer_units_exponent_1': 7, 'D_layer_units_exponent_2': 9, 'D_layer_units_exponent_3': 8, 'D_layer_units_exponent_4': 6, 'log_learning_rate': -3.4657907981544835, 'log_learning_rate_D': -1.2737419925485538, 'training_batch_size': 7, 'training_p': 2}
	 epoch  0 training error:  tensor(1.0005, device='cuda:0', grad_fn=<DivBackward0>)
Memory status after this epoch: 
Memory allocated:  32.76171875
Memory cached:  62.0
	 epoch  10 training error:  tensor(0.3979, device='cuda:0', grad_fn=<DivBackward0>)
Memory status after this epoch: 
Memory allocated:  32.76171875
Memory cached:  66.0
	 epoch  20 training error:  tensor(0.2338, device='cuda:0', grad_fn=<DivBackward0>)
Memory status after this epoch: 
Memory allocated:  32.76171875
Memory cached:  68.0
	 epoch  30 training error:  tensor(0.2474, device='cuda:0', grad_fn=<DivBackward0>)
Memory status after this epoch: 
Memory allocated:  32.76171875
Memory cached:  68.0
	 epoch  40 training error:  tensor(0.2365, device='cuda:0', grad_fn=<DivBackward0>)
Memory status after this epoch: 
Memory allocated:  32.76171875
Memory cached:  66.0
	 epoch  50 training error:  tensor(0.2357, device='cuda:0', grad_fn=<DivBackward0>)
Memory status after this epoch: 
Memory allocated:  32.76171875
Memory cached:  66.0
	 epoch  60 training error:  tensor(0.2338, device='cuda:0', grad_fn=<DivBackward0>)
Memory status after this epoch: 
Memory allocated:  32.76171875
Memory cached:  66.0
	 epoch  70 training error:  tensor(0.2338, device='cuda:0', grad_fn=<DivBackward0>)
Memory status after this epoch: 
Memory allocated:  32.76171875
Memory cached:  66.0
	 epoch  80 training error:  tensor(0.2338, device='cuda:0', grad_fn=<DivBackward0>)
Memory status after this epoch: 
Memory allocated:  32.76171875
Memory cached:  66.0
	 epoch  90 training error:  tensor(0.2338, device='cuda:0', grad_fn=<DivBackward0>)
Memory status after this epoch: 
Memory allocated:  32.76171875
Memory cached:  66.0
[I 2023-11-02 22:42:24,229] Trial 32 finished with value: 0.24618278443813324 and parameters: {'W_layers': 8, 'W_layer_units_exponent_0': 9, 'W_layer_units_exponent_1': 10, 'W_layer_units_exponent_2': 5, 'W_layer_units_exponent_3': 9, 'W_layer_units_exponent_4': 7, 'W_layer_units_exponent_5': 5, 'W_layer_units_exponent_6': 9, 'W_layer_units_exponent_7': 10, 'D_layers': 5, 'D_layer_units_exponent_0': 9, 'D_layer_units_exponent_1': 7, 'D_layer_units_exponent_2': 9, 'D_layer_units_exponent_3': 8, 'D_layer_units_exponent_4': 6, 'log_learning_rate': -3.4657907981544835, 'log_learning_rate_D': -1.2737419925485538, 'training_batch_size': 7, 'training_p': 2}. Best is trial 10 with value: 0.2450779676437378.
Time for this trial:  191.65209436416626
Memory status after this trial: 
Memory allocated:  303.43359375
Memory cached:  328.0
--------------------  Trial  33   --------------------
Start timing: 
Parameters: 
{'W_layers': 7, 'W_layer_units_exponent_0': 10, 'W_layer_units_exponent_1': 9, 'W_layer_units_exponent_2': 5, 'W_layer_units_exponent_3': 10, 'W_layer_units_exponent_4': 8, 'W_layer_units_exponent_5': 5, 'W_layer_units_exponent_6': 10, 'D_layers': 8, 'D_layer_units_exponent_0': 10, 'D_layer_units_exponent_1': 6, 'D_layer_units_exponent_2': 8, 'D_layer_units_exponent_3': 6, 'D_layer_units_exponent_4': 7, 'D_layer_units_exponent_5': 9, 'D_layer_units_exponent_6': 9, 'D_layer_units_exponent_7': 9, 'log_learning_rate': -3.4616498390108337, 'log_learning_rate_D': -1.7847734658906689, 'training_batch_size': 9, 'training_p': 3}
	 epoch  0 training error:  tensor(0.9994, device='cuda:0', grad_fn=<DivBackward0>)
Memory status after this epoch: 
Memory allocated:  40.498046875
Memory cached:  64.0
	 epoch  10 training error:  tensor(0.3338, device='cuda:0', grad_fn=<DivBackward0>)
Memory status after this epoch: 
Memory allocated:  40.498046875
Memory cached:  68.0
	 epoch  20 training error:  tensor(0.5888, device='cuda:0', grad_fn=<DivBackward0>)
Memory status after this epoch: 
Memory allocated:  40.498046875
Memory cached:  70.0
	 epoch  30 training error:  tensor(0.2561, device='cuda:0', grad_fn=<DivBackward0>)
Memory status after this epoch: 
Memory allocated:  40.498046875
Memory cached:  68.0
	 epoch  40 training error:  tensor(0.2798, device='cuda:0', grad_fn=<DivBackward0>)
Memory status after this epoch: 
Memory allocated:  40.498046875
Memory cached:  68.0
	 epoch  50 training error:  tensor(0.2600, device='cuda:0', grad_fn=<DivBackward0>)
Memory status after this epoch: 
Memory allocated:  40.498046875
Memory cached:  68.0
	 epoch  60 training error:  tensor(0.2487, device='cuda:0', grad_fn=<DivBackward0>)
Memory status after this epoch: 
Memory allocated:  40.498046875
Memory cached:  68.0
	 epoch  70 training error:  tensor(0.2440, device='cuda:0', grad_fn=<DivBackward0>)
Memory status after this epoch: 
Memory allocated:  40.498046875
Memory cached:  68.0
	 epoch  80 training error:  tensor(0.2426, device='cuda:0', grad_fn=<DivBackward0>)
Memory status after this epoch: 
Memory allocated:  40.498046875
Memory cached:  70.0
	 epoch  90 training error:  tensor(0.2427, device='cuda:0', grad_fn=<DivBackward0>)
Memory status after this epoch: 
Memory allocated:  40.498046875
Memory cached:  68.0
[I 2023-11-02 22:46:00,889] Trial 33 finished with value: 0.24669459462165833 and parameters: {'W_layers': 7, 'W_layer_units_exponent_0': 10, 'W_layer_units_exponent_1': 9, 'W_layer_units_exponent_2': 5, 'W_layer_units_exponent_3': 10, 'W_layer_units_exponent_4': 8, 'W_layer_units_exponent_5': 5, 'W_layer_units_exponent_6': 10, 'D_layers': 8, 'D_layer_units_exponent_0': 10, 'D_layer_units_exponent_1': 6, 'D_layer_units_exponent_2': 8, 'D_layer_units_exponent_3': 6, 'D_layer_units_exponent_4': 7, 'D_layer_units_exponent_5': 9, 'D_layer_units_exponent_6': 9, 'D_layer_units_exponent_7': 9, 'log_learning_rate': -3.4616498390108337, 'log_learning_rate_D': -1.7847734658906689, 'training_batch_size': 9, 'training_p': 3}. Best is trial 10 with value: 0.2450779676437378.
Time for this trial:  216.39114451408386
Memory status after this trial: 
Memory allocated:  399.728515625
Memory cached:  424.0
--------------------  Trial  34   --------------------
Start timing: 
Parameters: 
{'W_layers': 8, 'W_layer_units_exponent_0': 9, 'W_layer_units_exponent_1': 10, 'W_layer_units_exponent_2': 7, 'W_layer_units_exponent_3': 9, 'W_layer_units_exponent_4': 9, 'W_layer_units_exponent_5': 7, 'W_layer_units_exponent_6': 9, 'W_layer_units_exponent_7': 7, 'D_layers': 6, 'D_layer_units_exponent_0': 5, 'D_layer_units_exponent_1': 7, 'D_layer_units_exponent_2': 9, 'D_layer_units_exponent_3': 8, 'D_layer_units_exponent_4': 8, 'D_layer_units_exponent_5': 8, 'log_learning_rate': -4.963902611553147, 'log_learning_rate_D': -1.469446506332424, 'training_batch_size': 7, 'training_p': 4}
	 epoch  0 training error:  tensor(1.0002, device='cuda:0', grad_fn=<DivBackward0>)
Memory status after this epoch: 
Memory allocated:  28.748046875
Memory cached:  42.0
	 epoch  10 training error:  tensor(0.9959, device='cuda:0', grad_fn=<DivBackward0>)
Memory status after this epoch: 
Memory allocated:  28.748046875
Memory cached:  48.0
	 epoch  20 training error:  tensor(0.9900, device='cuda:0', grad_fn=<DivBackward0>)
Memory status after this epoch: 
Memory allocated:  28.748046875
Memory cached:  46.0
	 epoch  30 training error:  tensor(0.9805, device='cuda:0', grad_fn=<DivBackward0>)
Memory status after this epoch: 
Memory allocated:  28.748046875
Memory cached:  48.0
	 epoch  40 training error:  tensor(0.9644, device='cuda:0', grad_fn=<DivBackward0>)
Memory status after this epoch: 
Memory allocated:  28.748046875
Memory cached:  46.0
	 epoch  50 training error:  tensor(0.9368, device='cuda:0', grad_fn=<DivBackward0>)
Memory status after this epoch: 
Memory allocated:  28.748046875
Memory cached:  46.0
	 epoch  60 training error:  tensor(0.8913, device='cuda:0', grad_fn=<DivBackward0>)
Memory status after this epoch: 
Memory allocated:  28.748046875
Memory cached:  48.0
	 epoch  70 training error:  tensor(0.8165, device='cuda:0', grad_fn=<DivBackward0>)
Memory status after this epoch: 
Memory allocated:  28.748046875
Memory cached:  46.0
	 epoch  80 training error:  tensor(0.6962, device='cuda:0', grad_fn=<DivBackward0>)
Memory status after this epoch: 
Memory allocated:  28.748046875
Memory cached:  46.0
	 epoch  90 training error:  tensor(0.5087, device='cuda:0', grad_fn=<DivBackward0>)
Memory status after this epoch: 
Memory allocated:  28.748046875
Memory cached:  48.0
