[I 2023-10-30 16:37:50,812] Trial 9 finished with value: 0.9999929666519165 and parameters: {'W_layers': 5, 'W_layer_units_exponent_0': 7, 'W_layer_units_exponent_1': 5, 'W_layer_units_exponent_2': 6, 'W_layer_units_exponent_3': 8, 'W_layer_units_exponent_4': 10, 'D_layers': 2, 'D_layer_units_exponent_0': 8, 'D_layer_units_exponent_1': 6, 'log_learning_rate': -4.731396109783132, 'log_learning_rate_D': -3.296397825630285, 'training_batch_size': 7, 'training_p': 4}. Best is trial 8 with value: 0.22491002082824707.
Time for this trial:  118.92051935195923
Memory status after this trial: 
Memory allocated:  100.3486328125
Memory cached:  104.0
--------------------  Trial  10   --------------------
Start timing: 
Parameters: 
{'W_layers': 3, 'W_layer_units_exponent_0': 9, 'W_layer_units_exponent_1': 6, 'W_layer_units_exponent_2': 5, 'D_layers': 3, 'D_layer_units_exponent_0': 8, 'D_layer_units_exponent_1': 8, 'D_layer_units_exponent_2': 8, 'log_learning_rate': -4.571728312186044, 'log_learning_rate_D': -1.5942507941988358, 'training_batch_size': 8, 'training_p': 4}
	 epoch  0 training error:  tensor(1.0000, device='cuda:0', grad_fn=<DivBackward0>)
Memory status after this epoch: 
Memory allocated:  2.7021484375
Memory cached:  12.0
	 epoch  10 training error:  tensor(0.9939, device='cuda:0', grad_fn=<DivBackward0>)
Memory status after this epoch: 
Memory allocated:  2.7021484375
Memory cached:  14.0
[W 2023-10-30 16:38:07,873] Trial 10 failed with parameters: {'W_layers': 3, 'W_layer_units_exponent_0': 9, 'W_layer_units_exponent_1': 6, 'W_layer_units_exponent_2': 5, 'D_layers': 3, 'D_layer_units_exponent_0': 8, 'D_layer_units_exponent_1': 8, 'D_layer_units_exponent_2': 8, 'log_learning_rate': -4.571728312186044, 'log_learning_rate_D': -1.5942507941988358, 'training_batch_size': 8, 'training_p': 4} because of the following error: The value nan is not acceptable.
[W 2023-10-30 16:38:07,874] Trial 10 failed with value tensor(nan, device='cuda:0', grad_fn=<DivBackward0>).
Time for this trial:  16.92660403251648
Memory status after this trial: 
Memory allocated:  75.1689453125
Memory cached:  78.0
--------------------  Trial  11   --------------------
Start timing: 
Parameters: 
{'W_layers': 3, 'W_layer_units_exponent_0': 7, 'W_layer_units_exponent_1': 7, 'W_layer_units_exponent_2': 9, 'D_layers': 2, 'D_layer_units_exponent_0': 10, 'D_layer_units_exponent_1': 9, 'log_learning_rate': -2.8708918169223097, 'log_learning_rate_D': -4.087033765632395, 'training_batch_size': 9, 'training_p': 8}
	 epoch  0 training error:  tensor(1.0000, device='cuda:0', grad_fn=<DivBackward0>)
Memory status after this epoch: 
Memory allocated:  9.4833984375
Memory cached:  28.0
	 epoch  10 training error:  tensor(0.9968, device='cuda:0', grad_fn=<DivBackward0>)
Memory status after this epoch: 
Memory allocated:  9.4833984375
Memory cached:  30.0
	 epoch  20 training error:  tensor(0.9417, device='cuda:0', grad_fn=<DivBackward0>)
Memory status after this epoch: 
Memory allocated:  9.4833984375
Memory cached:  32.0
	 epoch  30 training error:  tensor(0.3393, device='cuda:0', grad_fn=<DivBackward0>)
Memory status after this epoch: 
Memory allocated:  9.4833984375
Memory cached:  30.0
	 epoch  40 training error:  tensor(0.2825, device='cuda:0', grad_fn=<DivBackward0>)
Memory status after this epoch: 
Memory allocated:  9.4833984375
Memory cached:  32.0
	 epoch  50 training error:  tensor(0.2603, device='cuda:0', grad_fn=<DivBackward0>)
Memory status after this epoch: 
Memory allocated:  9.4833984375
Memory cached:  30.0
	 epoch  60 training error:  tensor(0.2594, device='cuda:0', grad_fn=<DivBackward0>)
Memory status after this epoch: 
Memory allocated:  9.4833984375
Memory cached:  32.0
	 epoch  70 training error:  tensor(0.2595, device='cuda:0', grad_fn=<DivBackward0>)
Memory status after this epoch: 
Memory allocated:  9.4833984375
Memory cached:  30.0
	 epoch  80 training error:  tensor(0.2599, device='cuda:0', grad_fn=<DivBackward0>)
Memory status after this epoch: 
Memory allocated:  9.4833984375
Memory cached:  32.0
	 epoch  90 training error:  tensor(0.2596, device='cuda:0', grad_fn=<DivBackward0>)
Memory status after this epoch: 
Memory allocated:  9.4833984375
Memory cached:  30.0
[I 2023-10-30 16:39:53,286] Trial 11 finished with value: 0.22661519050598145 and parameters: {'W_layers': 3, 'W_layer_units_exponent_0': 7, 'W_layer_units_exponent_1': 7, 'W_layer_units_exponent_2': 9, 'D_layers': 2, 'D_layer_units_exponent_0': 10, 'D_layer_units_exponent_1': 9, 'log_learning_rate': -2.8708918169223097, 'log_learning_rate_D': -4.087033765632395, 'training_batch_size': 9, 'training_p': 8}. Best is trial 8 with value: 0.22491002082824707.
Time for this trial:  105.26966857910156
Memory status after this trial: 
Memory allocated:  127.7099609375
Memory cached:  146.0
--------------------  Trial  12   --------------------
Start timing: 
Parameters: 
{'W_layers': 4, 'W_layer_units_exponent_0': 5, 'W_layer_units_exponent_1': 10, 'W_layer_units_exponent_2': 7, 'W_layer_units_exponent_3': 4, 'D_layers': 3, 'D_layer_units_exponent_0': 7, 'D_layer_units_exponent_1': 4, 'D_layer_units_exponent_2': 10, 'log_learning_rate': -1.2438979173713998, 'log_learning_rate_D': -1.148707111304949, 'training_batch_size': 6, 'training_p': 2}
	 epoch  0 training error:  tensor(0.9903, device='cuda:0', grad_fn=<DivBackward0>)
Memory status after this epoch: 
Memory allocated:  2.908203125
Memory cached:  12.0
[W 2023-10-30 16:39:58,532] Trial 12 failed with parameters: {'W_layers': 4, 'W_layer_units_exponent_0': 5, 'W_layer_units_exponent_1': 10, 'W_layer_units_exponent_2': 7, 'W_layer_units_exponent_3': 4, 'D_layers': 3, 'D_layer_units_exponent_0': 7, 'D_layer_units_exponent_1': 4, 'D_layer_units_exponent_2': 10, 'log_learning_rate': -1.2438979173713998, 'log_learning_rate_D': -1.148707111304949, 'training_batch_size': 6, 'training_p': 2} because of the following error: The value nan is not acceptable.
[W 2023-10-30 16:39:58,533] Trial 12 failed with value tensor(nan, device='cuda:0', grad_fn=<DivBackward0>).
Time for this trial:  5.0416295528411865
Memory status after this trial: 
Memory allocated:  128.38916015625
Memory cached:  132.0
--------------------  Trial  13   --------------------
Start timing: 
Parameters: 
{'W_layers': 4, 'W_layer_units_exponent_0': 5, 'W_layer_units_exponent_1': 10, 'W_layer_units_exponent_2': 7, 'W_layer_units_exponent_3': 4, 'D_layers': 3, 'D_layer_units_exponent_0': 7, 'D_layer_units_exponent_1': 4, 'D_layer_units_exponent_2': 10, 'log_learning_rate': -1.2433960788262381, 'log_learning_rate_D': -1.0115239652374832, 'training_batch_size': 6, 'training_p': 2}
	 epoch  0 training error:  tensor(0.9929, device='cuda:0', grad_fn=<DivBackward0>)
Memory status after this epoch: 
Memory allocated:  2.908203125
Memory cached:  14.0
[W 2023-10-30 16:40:05,859] Trial 13 failed with parameters: {'W_layers': 4, 'W_layer_units_exponent_0': 5, 'W_layer_units_exponent_1': 10, 'W_layer_units_exponent_2': 7, 'W_layer_units_exponent_3': 4, 'D_layers': 3, 'D_layer_units_exponent_0': 7, 'D_layer_units_exponent_1': 4, 'D_layer_units_exponent_2': 10, 'log_learning_rate': -1.2433960788262381, 'log_learning_rate_D': -1.0115239652374832, 'training_batch_size': 6, 'training_p': 2} because of the following error: The value nan is not acceptable.
[W 2023-10-30 16:40:05,860] Trial 13 failed with value tensor(nan, device='cuda:0', grad_fn=<DivBackward0>).
Time for this trial:  7.102721452713013
Memory status after this trial: 
Memory allocated:  128.38916015625
Memory cached:  132.0
--------------------  Trial  14   --------------------
Start timing: 
Parameters: 
{'W_layers': 4, 'W_layer_units_exponent_0': 5, 'W_layer_units_exponent_1': 10, 'W_layer_units_exponent_2': 7, 'W_layer_units_exponent_3': 4, 'D_layers': 3, 'D_layer_units_exponent_0': 7, 'D_layer_units_exponent_1': 4, 'D_layer_units_exponent_2': 10, 'log_learning_rate': -1.4873260988599197, 'log_learning_rate_D': -1.1889404489871627, 'training_batch_size': 6, 'training_p': 2}
	 epoch  0 training error:  tensor(0.9992, device='cuda:0', grad_fn=<DivBackward0>)
Memory status after this epoch: 
Memory allocated:  2.908203125
Memory cached:  14.0
	 epoch  10 training error:  tensor(1., device='cuda:0', grad_fn=<DivBackward0>)
Memory status after this epoch: 
Memory allocated:  2.908203125
Memory cached:  14.0
	 epoch  20 training error:  tensor(1., device='cuda:0', grad_fn=<DivBackward0>)
Memory status after this epoch: 
Memory allocated:  2.908203125
Memory cached:  16.0
	 epoch  30 training error:  tensor(1., device='cuda:0', grad_fn=<DivBackward0>)
Memory status after this epoch: 
Memory allocated:  2.908203125
Memory cached:  14.0
	 epoch  40 training error:  tensor(1., device='cuda:0', grad_fn=<DivBackward0>)
Memory status after this epoch: 
Memory allocated:  2.908203125
Memory cached:  16.0
	 epoch  50 training error:  tensor(1., device='cuda:0', grad_fn=<DivBackward0>)
Memory status after this epoch: 
Memory allocated:  2.908203125
Memory cached:  14.0
	 epoch  60 training error:  tensor(1., device='cuda:0', grad_fn=<DivBackward0>)
Memory status after this epoch: 
Memory allocated:  2.908203125
Memory cached:  16.0
	 epoch  70 training error:  tensor(1., device='cuda:0', grad_fn=<DivBackward0>)
Memory status after this epoch: 
Memory allocated:  2.908203125
Memory cached:  14.0
	 epoch  80 training error:  tensor(1., device='cuda:0', grad_fn=<DivBackward0>)
Memory status after this epoch: 
Memory allocated:  2.908203125
Memory cached:  16.0
	 epoch  90 training error:  tensor(1., device='cuda:0', grad_fn=<DivBackward0>)
Memory status after this epoch: 
Memory allocated:  2.908203125
Memory cached:  14.0
[I 2023-10-30 16:43:40,417] Trial 14 finished with value: 1.0 and parameters: {'W_layers': 4, 'W_layer_units_exponent_0': 5, 'W_layer_units_exponent_1': 10, 'W_layer_units_exponent_2': 7, 'W_layer_units_exponent_3': 4, 'D_layers': 3, 'D_layer_units_exponent_0': 7, 'D_layer_units_exponent_1': 4, 'D_layer_units_exponent_2': 10, 'log_learning_rate': -1.4873260988599197, 'log_learning_rate_D': -1.1889404489871627, 'training_batch_size': 6, 'training_p': 2}. Best is trial 8 with value: 0.22491002082824707.
Time for this trial:  214.3737449645996
Memory status after this trial: 
Memory allocated:  128.38916015625
Memory cached:  132.0
--------------------  Trial  15   --------------------
Start timing: 
Parameters: 
{'W_layers': 3, 'W_layer_units_exponent_0': 10, 'W_layer_units_exponent_1': 9, 'W_layer_units_exponent_2': 8, 'D_layers': 3, 'D_layer_units_exponent_0': 4, 'D_layer_units_exponent_1': 6, 'D_layer_units_exponent_2': 7, 'log_learning_rate': -3.771964465014875, 'log_learning_rate_D': -1.0303575238851699, 'training_batch_size': 9, 'training_p': 2}
	 epoch  0 training error:  tensor(1.0000, device='cuda:0', grad_fn=<DivBackward0>)
Memory status after this epoch: 
Memory allocated:  10.3623046875
Memory cached:  30.0
	 epoch  10 training error:  tensor(1.0000, device='cuda:0', grad_fn=<DivBackward0>)
Memory status after this epoch: 
Memory allocated:  10.3623046875
Memory cached:  40.0
	 epoch  20 training error:  tensor(1.0000, device='cuda:0', grad_fn=<DivBackward0>)
Memory status after this epoch: 
Memory allocated:  10.3623046875
Memory cached:  38.0
	 epoch  30 training error:  tensor(0.9999, device='cuda:0', grad_fn=<DivBackward0>)
Memory status after this epoch: 
Memory allocated:  10.3623046875
Memory cached:  40.0
	 epoch  40 training error:  tensor(0.9999, device='cuda:0', grad_fn=<DivBackward0>)
Memory status after this epoch: 
Memory allocated:  10.3623046875
Memory cached:  38.0
	 epoch  50 training error:  tensor(0.9999, device='cuda:0', grad_fn=<DivBackward0>)
Memory status after this epoch: 
Memory allocated:  10.3623046875
Memory cached:  40.0
	 epoch  60 training error:  tensor(0.9998, device='cuda:0', grad_fn=<DivBackward0>)
Memory status after this epoch: 
Memory allocated:  10.3623046875
Memory cached:  38.0
	 epoch  70 training error:  tensor(0.9997, device='cuda:0', grad_fn=<DivBackward0>)
Memory status after this epoch: 
Memory allocated:  10.3623046875
Memory cached:  40.0
	 epoch  80 training error:  tensor(0.9995, device='cuda:0', grad_fn=<DivBackward0>)
Memory status after this epoch: 
Memory allocated:  10.3623046875
Memory cached:  38.0
	 epoch  90 training error:  tensor(0.9990, device='cuda:0', grad_fn=<DivBackward0>)
Memory status after this epoch: 
Memory allocated:  10.3623046875
Memory cached:  40.0
[I 2023-10-30 16:45:34,607] Trial 15 finished with value: 0.9975601434707642 and parameters: {'W_layers': 3, 'W_layer_units_exponent_0': 10, 'W_layer_units_exponent_1': 9, 'W_layer_units_exponent_2': 8, 'D_layers': 3, 'D_layer_units_exponent_0': 4, 'D_layer_units_exponent_1': 6, 'D_layer_units_exponent_2': 7, 'log_learning_rate': -3.771964465014875, 'log_learning_rate_D': -1.0303575238851699, 'training_batch_size': 9, 'training_p': 2}. Best is trial 8 with value: 0.22491002082824707.
Time for this trial:  114.00910878181458
Memory status after this trial: 
Memory allocated:  112.79248046875
Memory cached:  132.0
--------------------  Trial  16   --------------------
Start timing: 
Parameters: 
{'W_layers': 4, 'W_layer_units_exponent_0': 9, 'W_layer_units_exponent_1': 7, 'W_layer_units_exponent_2': 5, 'W_layer_units_exponent_3': 10, 'D_layers': 2, 'D_layer_units_exponent_0': 5, 'D_layer_units_exponent_1': 7, 'log_learning_rate': -2.4514309748334204, 'log_learning_rate_D': -1.5302923038892444, 'training_batch_size': 8, 'training_p': 3}
	 epoch  0 training error:  tensor(1.0000, device='cuda:0', grad_fn=<DivBackward0>)
Memory status after this epoch: 
Memory allocated:  1.7880859375
Memory cached:  8.0
	 epoch  10 training error:  tensor(1.0384, device='cuda:0', grad_fn=<DivBackward0>)
Memory status after this epoch: 
Memory allocated:  1.7880859375
Memory cached:  8.0
[W 2023-10-30 16:45:50,902] Trial 16 failed with parameters: {'W_layers': 4, 'W_layer_units_exponent_0': 9, 'W_layer_units_exponent_1': 7, 'W_layer_units_exponent_2': 5, 'W_layer_units_exponent_3': 10, 'D_layers': 2, 'D_layer_units_exponent_0': 5, 'D_layer_units_exponent_1': 7, 'log_learning_rate': -2.4514309748334204, 'log_learning_rate_D': -1.5302923038892444, 'training_batch_size': 8, 'training_p': 3} because of the following error: The value nan is not acceptable.
[W 2023-10-30 16:45:50,903] Trial 16 failed with value tensor(nan, device='cuda:0', grad_fn=<DivBackward0>).
Time for this trial:  16.12370800971985
Memory status after this trial: 
Memory allocated:  100.67138671875
Memory cached:  102.0
--------------------  Trial  17   --------------------
Start timing: 
Parameters: 
{'W_layers': 4, 'W_layer_units_exponent_0': 9, 'W_layer_units_exponent_1': 7, 'W_layer_units_exponent_2': 6, 'W_layer_units_exponent_3': 10, 'D_layers': 2, 'D_layer_units_exponent_0': 5, 'D_layer_units_exponent_1': 7, 'log_learning_rate': -2.423281420172651, 'log_learning_rate_D': -1.801124798472717, 'training_batch_size': 8, 'training_p': 3}
	 epoch  0 training error:  tensor(1., device='cuda:0', grad_fn=<DivBackward0>)
Memory status after this epoch: 
Memory allocated:  2.3505859375
Memory cached:  10.0
	 epoch  10 training error:  tensor(0.4571, device='cuda:0', grad_fn=<DivBackward0>)
Memory status after this epoch: 
Memory allocated:  2.3505859375
Memory cached:  16.0
	 epoch  20 training error:  tensor(0.3291, device='cuda:0', grad_fn=<DivBackward0>)
Memory status after this epoch: 
Memory allocated:  2.3505859375
Memory cached:  16.0
	 epoch  30 training error:  tensor(0.2541, device='cuda:0', grad_fn=<DivBackward0>)
Memory status after this epoch: 
Memory allocated:  2.3505859375
Memory cached:  14.0
	 epoch  40 training error:  tensor(0.2505, device='cuda:0', grad_fn=<DivBackward0>)
Memory status after this epoch: 
Memory allocated:  2.3505859375
Memory cached:  14.0
	 epoch  50 training error:  tensor(0.2476, device='cuda:0', grad_fn=<DivBackward0>)
Memory status after this epoch: 
Memory allocated:  2.3505859375
Memory cached:  16.0
	 epoch  60 training error:  tensor(0.2478, device='cuda:0', grad_fn=<DivBackward0>)
Memory status after this epoch: 
Memory allocated:  2.3505859375
Memory cached:  14.0
	 epoch  70 training error:  tensor(0.2480, device='cuda:0', grad_fn=<DivBackward0>)
Memory status after this epoch: 
Memory allocated:  2.3505859375
Memory cached:  16.0
	 epoch  80 training error:  tensor(0.2473, device='cuda:0', grad_fn=<DivBackward0>)
Memory status after this epoch: 
Memory allocated:  2.3505859375
Memory cached:  16.0
	 epoch  90 training error:  tensor(0.2473, device='cuda:0', grad_fn=<DivBackward0>)
Memory status after this epoch: 
Memory allocated:  2.3505859375
Memory cached:  14.0
[I 2023-10-30 16:47:42,719] Trial 17 finished with value: 0.22614483535289764 and parameters: {'W_layers': 4, 'W_layer_units_exponent_0': 9, 'W_layer_units_exponent_1': 7, 'W_layer_units_exponent_2': 6, 'W_layer_units_exponent_3': 10, 'D_layers': 2, 'D_layer_units_exponent_0': 5, 'D_layer_units_exponent_1': 7, 'log_learning_rate': -2.423281420172651, 'log_learning_rate_D': -1.801124798472717, 'training_batch_size': 8, 'training_p': 3}. Best is trial 8 with value: 0.22491002082824707.
Time for this trial:  111.63380861282349
Memory status after this trial: 
Memory allocated:  102.66162109375
Memory cached:  106.0
--------------------  Trial  18   --------------------
Start timing: 
Parameters: 
{'W_layers': 3, 'W_layer_units_exponent_0': 9, 'W_layer_units_exponent_1': 8, 'W_layer_units_exponent_2': 4, 'D_layers': 3, 'D_layer_units_exponent_0': 6, 'D_layer_units_exponent_1': 6, 'D_layer_units_exponent_2': 10, 'log_learning_rate': -3.418643161391523, 'log_learning_rate_D': -3.4913203641173647, 'training_batch_size': 10, 'training_p': 3}
	 epoch  0 training error:  tensor(1.0001, device='cuda:0', grad_fn=<DivBackward0>)
Memory status after this epoch: 
Memory allocated:  3.2939453125
Memory cached:  12.0
	 epoch  10 training error:  tensor(0.9971, device='cuda:0', grad_fn=<DivBackward0>)
Memory status after this epoch: 
Memory allocated:  3.2939453125
Memory cached:  18.0
	 epoch  20 training error:  tensor(0.9832, device='cuda:0', grad_fn=<DivBackward0>)
Memory status after this epoch: 
Memory allocated:  3.2939453125
Memory cached:  18.0
	 epoch  30 training error:  tensor(0.9079, device='cuda:0', grad_fn=<DivBackward0>)
Memory status after this epoch: 
Memory allocated:  3.2939453125
Memory cached:  20.0
	 epoch  40 training error:  tensor(0.3305, device='cuda:0', grad_fn=<DivBackward0>)
Memory status after this epoch: 
Memory allocated:  3.2939453125
Memory cached:  18.0
	 epoch  50 training error:  tensor(0.3207, device='cuda:0', grad_fn=<DivBackward0>)
Memory status after this epoch: 
Memory allocated:  3.2939453125
Memory cached:  18.0
	 epoch  60 training error:  tensor(0.2696, device='cuda:0', grad_fn=<DivBackward0>)
Memory status after this epoch: 
Memory allocated:  3.2939453125
Memory cached:  18.0
	 epoch  70 training error:  tensor(0.2480, device='cuda:0', grad_fn=<DivBackward0>)
Memory status after this epoch: 
Memory allocated:  3.2939453125
Memory cached:  20.0
	 epoch  80 training error:  tensor(0.2514, device='cuda:0', grad_fn=<DivBackward0>)
Memory status after this epoch: 
Memory allocated:  3.2939453125
Memory cached:  20.0
	 epoch  90 training error:  tensor(0.2476, device='cuda:0', grad_fn=<DivBackward0>)
Memory status after this epoch: 
Memory allocated:  3.2939453125
Memory cached:  20.0
