[I 2023-11-01 14:21:06,657] Trial 24 finished with value: 0.22951360046863556 and parameters: {'W_layers': 2, 'W_layer_units_exponent_0': 5, 'W_layer_units_exponent_1': 8, 'D_layers': 6, 'D_layer_units_exponent_0': 10, 'D_layer_units_exponent_1': 10, 'D_layer_units_exponent_2': 7, 'D_layer_units_exponent_3': 10, 'D_layer_units_exponent_4': 6, 'D_layer_units_exponent_5': 8, 'log_learning_rate': -3.2910666102681114, 'log_learning_rate_D': -2.3343291738401404, 'training_batch_size': 10, 'training_p': 5}. Best is trial 4 with value: 0.22876401245594025.
Time for this trial:  135.01852083206177
Memory status after this trial: 
Memory allocated:  212.888671875
Memory cached:  228.0
--------------------  Trial  25   --------------------
Start timing: 
Parameters: 
{'W_layers': 4, 'W_layer_units_exponent_0': 6, 'W_layer_units_exponent_1': 9, 'W_layer_units_exponent_2': 9, 'W_layer_units_exponent_3': 6, 'D_layers': 7, 'D_layer_units_exponent_0': 9, 'D_layer_units_exponent_1': 9, 'D_layer_units_exponent_2': 5, 'D_layer_units_exponent_3': 7, 'D_layer_units_exponent_4': 4, 'D_layer_units_exponent_5': 6, 'D_layer_units_exponent_6': 9, 'log_learning_rate': -3.79758213013448, 'log_learning_rate_D': -1.7133770810035456, 'training_batch_size': 11, 'training_p': 8}
	 epoch  0 training error:  tensor(0.9704, device='cuda:0', grad_fn=<DivBackward0>)
Memory status after this epoch: 
Memory allocated:  9.9765625
Memory cached:  16.0
	 epoch  10 training error:  tensor(0.2609, device='cuda:0', grad_fn=<DivBackward0>)
Memory status after this epoch: 
Memory allocated:  9.9765625
Memory cached:  18.0
	 epoch  20 training error:  tensor(0.2963, device='cuda:0', grad_fn=<DivBackward0>)
Memory status after this epoch: 
Memory allocated:  9.9765625
Memory cached:  18.0
	 epoch  30 training error:  tensor(0.2614, device='cuda:0', grad_fn=<DivBackward0>)
Memory status after this epoch: 
Memory allocated:  9.9765625
Memory cached:  18.0
	 epoch  40 training error:  tensor(0.2654, device='cuda:0', grad_fn=<DivBackward0>)
Memory status after this epoch: 
Memory allocated:  9.9765625
Memory cached:  18.0
	 epoch  50 training error:  tensor(0.2607, device='cuda:0', grad_fn=<DivBackward0>)
Memory status after this epoch: 
Memory allocated:  9.9765625
Memory cached:  18.0
	 epoch  60 training error:  tensor(0.2604, device='cuda:0', grad_fn=<DivBackward0>)
Memory status after this epoch: 
Memory allocated:  9.9765625
Memory cached:  18.0
	 epoch  70 training error:  tensor(0.2604, device='cuda:0', grad_fn=<DivBackward0>)
Memory status after this epoch: 
Memory allocated:  9.9765625
Memory cached:  18.0
	 epoch  80 training error:  tensor(0.2604, device='cuda:0', grad_fn=<DivBackward0>)
Memory status after this epoch: 
Memory allocated:  9.9765625
Memory cached:  18.0
	 epoch  90 training error:  tensor(0.2603, device='cuda:0', grad_fn=<DivBackward0>)
Memory status after this epoch: 
Memory allocated:  9.9765625
Memory cached:  18.0
[I 2023-11-01 14:23:39,972] Trial 25 finished with value: 0.22900085151195526 and parameters: {'W_layers': 4, 'W_layer_units_exponent_0': 6, 'W_layer_units_exponent_1': 9, 'W_layer_units_exponent_2': 9, 'W_layer_units_exponent_3': 6, 'D_layers': 7, 'D_layer_units_exponent_0': 9, 'D_layer_units_exponent_1': 9, 'D_layer_units_exponent_2': 5, 'D_layer_units_exponent_3': 7, 'D_layer_units_exponent_4': 4, 'D_layer_units_exponent_5': 6, 'D_layer_units_exponent_6': 9, 'log_learning_rate': -3.79758213013448, 'log_learning_rate_D': -1.7133770810035456, 'training_batch_size': 11, 'training_p': 8}. Best is trial 4 with value: 0.22876401245594025.
Time for this trial:  153.09270358085632
Memory status after this trial: 
Memory allocated:  161.2236328125
Memory cached:  168.0
--------------------  Trial  26   --------------------
Start timing: 
Parameters: 
{'W_layers': 4, 'W_layer_units_exponent_0': 8, 'W_layer_units_exponent_1': 9, 'W_layer_units_exponent_2': 10, 'W_layer_units_exponent_3': 6, 'D_layers': 8, 'D_layer_units_exponent_0': 9, 'D_layer_units_exponent_1': 10, 'D_layer_units_exponent_2': 6, 'D_layer_units_exponent_3': 5, 'D_layer_units_exponent_4': 4, 'D_layer_units_exponent_5': 5, 'D_layer_units_exponent_6': 9, 'D_layer_units_exponent_7': 9, 'log_learning_rate': -2.91986888578621, 'log_learning_rate_D': -1.392147683321667, 'training_batch_size': 10, 'training_p': 8}
	 epoch  0 training error:  tensor(1.0822, device='cuda:0', grad_fn=<DivBackward0>)
Memory status after this epoch: 
Memory allocated:  24.447265625
Memory cached:  38.0
	 epoch  10 training error:  tensor(0.5904, device='cuda:0', grad_fn=<DivBackward0>)
Memory status after this epoch: 
Memory allocated:  24.447265625
Memory cached:  44.0
	 epoch  20 training error:  tensor(0.2787, device='cuda:0', grad_fn=<DivBackward0>)
Memory status after this epoch: 
Memory allocated:  24.447265625
Memory cached:  44.0
	 epoch  30 training error:  tensor(0.3340, device='cuda:0', grad_fn=<DivBackward0>)
Memory status after this epoch: 
Memory allocated:  24.447265625
Memory cached:  44.0
	 epoch  40 training error:  tensor(0.2894, device='cuda:0', grad_fn=<DivBackward0>)
Memory status after this epoch: 
Memory allocated:  24.447265625
Memory cached:  44.0
	 epoch  50 training error:  tensor(0.2648, device='cuda:0', grad_fn=<DivBackward0>)
Memory status after this epoch: 
Memory allocated:  24.447265625
Memory cached:  44.0
	 epoch  60 training error:  tensor(0.2613, device='cuda:0', grad_fn=<DivBackward0>)
Memory status after this epoch: 
Memory allocated:  24.447265625
Memory cached:  44.0
	 epoch  70 training error:  tensor(0.2611, device='cuda:0', grad_fn=<DivBackward0>)
Memory status after this epoch: 
Memory allocated:  24.447265625
Memory cached:  44.0
	 epoch  80 training error:  tensor(0.2608, device='cuda:0', grad_fn=<DivBackward0>)
Memory status after this epoch: 
Memory allocated:  24.447265625
Memory cached:  44.0
	 epoch  90 training error:  tensor(0.2604, device='cuda:0', grad_fn=<DivBackward0>)
Memory status after this epoch: 
Memory allocated:  24.447265625
Memory cached:  44.0
[I 2023-11-01 14:26:31,870] Trial 26 finished with value: 0.22998037934303284 and parameters: {'W_layers': 4, 'W_layer_units_exponent_0': 8, 'W_layer_units_exponent_1': 9, 'W_layer_units_exponent_2': 10, 'W_layer_units_exponent_3': 6, 'D_layers': 8, 'D_layer_units_exponent_0': 9, 'D_layer_units_exponent_1': 10, 'D_layer_units_exponent_2': 6, 'D_layer_units_exponent_3': 5, 'D_layer_units_exponent_4': 4, 'D_layer_units_exponent_5': 5, 'D_layer_units_exponent_6': 9, 'D_layer_units_exponent_7': 9, 'log_learning_rate': -2.91986888578621, 'log_learning_rate_D': -1.392147683321667, 'training_batch_size': 10, 'training_p': 8}. Best is trial 4 with value: 0.22876401245594025.
Time for this trial:  171.66509127616882
Memory status after this trial: 
Memory allocated:  255.12158203125
Memory cached:  272.0
--------------------  Trial  27   --------------------
Start timing: 
Parameters: 
{'W_layers': 5, 'W_layer_units_exponent_0': 7, 'W_layer_units_exponent_1': 10, 'W_layer_units_exponent_2': 9, 'W_layer_units_exponent_3': 7, 'W_layer_units_exponent_4': 6, 'D_layers': 7, 'D_layer_units_exponent_0': 9, 'D_layer_units_exponent_1': 9, 'D_layer_units_exponent_2': 5, 'D_layer_units_exponent_3': 4, 'D_layer_units_exponent_4': 4, 'D_layer_units_exponent_5': 6, 'D_layer_units_exponent_6': 9, 'log_learning_rate': -3.7106107208596493, 'log_learning_rate_D': -1.8545870011598686, 'training_batch_size': 9, 'training_p': 8}
	 epoch  0 training error:  tensor(1.0477, device='cuda:0', grad_fn=<DivBackward0>)
Memory status after this epoch: 
Memory allocated:  16.03125
Memory cached:  42.0
	 epoch  10 training error:  tensor(0.3615, device='cuda:0', grad_fn=<DivBackward0>)
Memory status after this epoch: 
Memory allocated:  16.03125
Memory cached:  44.0
	 epoch  20 training error:  tensor(0.2606, device='cuda:0', grad_fn=<DivBackward0>)
Memory status after this epoch: 
Memory allocated:  16.03125
Memory cached:  44.0
	 epoch  30 training error:  tensor(0.2606, device='cuda:0', grad_fn=<DivBackward0>)
Memory status after this epoch: 
Memory allocated:  16.03125
Memory cached:  44.0
	 epoch  40 training error:  tensor(0.2605, device='cuda:0', grad_fn=<DivBackward0>)
Memory status after this epoch: 
Memory allocated:  16.03125
Memory cached:  44.0
	 epoch  50 training error:  tensor(0.2603, device='cuda:0', grad_fn=<DivBackward0>)
Memory status after this epoch: 
Memory allocated:  16.03125
Memory cached:  44.0
	 epoch  60 training error:  tensor(0.2603, device='cuda:0', grad_fn=<DivBackward0>)
Memory status after this epoch: 
Memory allocated:  16.03125
Memory cached:  44.0
	 epoch  70 training error:  tensor(0.2604, device='cuda:0', grad_fn=<DivBackward0>)
Memory status after this epoch: 
Memory allocated:  16.03125
Memory cached:  44.0
	 epoch  80 training error:  tensor(0.2604, device='cuda:0', grad_fn=<DivBackward0>)
Memory status after this epoch: 
Memory allocated:  16.03125
Memory cached:  44.0
	 epoch  90 training error:  tensor(0.2603, device='cuda:0', grad_fn=<DivBackward0>)
Memory status after this epoch: 
Memory allocated:  16.03125
Memory cached:  44.0
[I 2023-11-01 14:29:16,732] Trial 27 finished with value: 0.22902999818325043 and parameters: {'W_layers': 5, 'W_layer_units_exponent_0': 7, 'W_layer_units_exponent_1': 10, 'W_layer_units_exponent_2': 9, 'W_layer_units_exponent_3': 7, 'W_layer_units_exponent_4': 6, 'D_layers': 7, 'D_layer_units_exponent_0': 9, 'D_layer_units_exponent_1': 9, 'D_layer_units_exponent_2': 5, 'D_layer_units_exponent_3': 4, 'D_layer_units_exponent_4': 4, 'D_layer_units_exponent_5': 6, 'D_layer_units_exponent_6': 9, 'log_learning_rate': -3.7106107208596493, 'log_learning_rate_D': -1.8545870011598686, 'training_batch_size': 9, 'training_p': 8}. Best is trial 4 with value: 0.22876401245594025.
Time for this trial:  164.6253252029419
Memory status after this trial: 
Memory allocated:  196.09619140625
Memory cached:  218.0
--------------------  Trial  28   --------------------
Start timing: 
Parameters: 
{'W_layers': 6, 'W_layer_units_exponent_0': 7, 'W_layer_units_exponent_1': 7, 'W_layer_units_exponent_2': 7, 'W_layer_units_exponent_3': 4, 'W_layer_units_exponent_4': 8, 'W_layer_units_exponent_5': 10, 'D_layers': 8, 'D_layer_units_exponent_0': 5, 'D_layer_units_exponent_1': 10, 'D_layer_units_exponent_2': 7, 'D_layer_units_exponent_3': 7, 'D_layer_units_exponent_4': 5, 'D_layer_units_exponent_5': 5, 'D_layer_units_exponent_6': 10, 'D_layer_units_exponent_7': 6, 'log_learning_rate': -3.4404253537071106, 'log_learning_rate_D': -2.267174165466869, 'training_batch_size': 11, 'training_p': 7}
	 epoch  0 training error:  tensor(1.0076, device='cuda:0', grad_fn=<DivBackward0>)
Memory status after this epoch: 
Memory allocated:  9.0546875
Memory cached:  18.0
	 epoch  10 training error:  tensor(0.2885, device='cuda:0', grad_fn=<DivBackward0>)
Memory status after this epoch: 
Memory allocated:  9.0546875
Memory cached:  20.0
	 epoch  20 training error:  tensor(0.2670, device='cuda:0', grad_fn=<DivBackward0>)
Memory status after this epoch: 
Memory allocated:  9.0546875
Memory cached:  20.0
	 epoch  30 training error:  tensor(0.2649, device='cuda:0', grad_fn=<DivBackward0>)
Memory status after this epoch: 
Memory allocated:  9.0546875
Memory cached:  20.0
	 epoch  40 training error:  tensor(0.2598, device='cuda:0', grad_fn=<DivBackward0>)
Memory status after this epoch: 
Memory allocated:  9.0546875
Memory cached:  20.0
	 epoch  50 training error:  tensor(0.2594, device='cuda:0', grad_fn=<DivBackward0>)
Memory status after this epoch: 
Memory allocated:  9.0546875
Memory cached:  20.0
	 epoch  60 training error:  tensor(0.2601, device='cuda:0', grad_fn=<DivBackward0>)
Memory status after this epoch: 
Memory allocated:  9.0546875
Memory cached:  20.0
	 epoch  70 training error:  tensor(0.2594, device='cuda:0', grad_fn=<DivBackward0>)
Memory status after this epoch: 
Memory allocated:  9.0546875
Memory cached:  20.0
	 epoch  80 training error:  tensor(0.2592, device='cuda:0', grad_fn=<DivBackward0>)
Memory status after this epoch: 
Memory allocated:  9.0546875
Memory cached:  20.0
	 epoch  90 training error:  tensor(0.2592, device='cuda:0', grad_fn=<DivBackward0>)
Memory status after this epoch: 
Memory allocated:  9.0546875
Memory cached:  20.0
[I 2023-11-01 14:32:20,624] Trial 28 finished with value: 0.22989939153194427 and parameters: {'W_layers': 6, 'W_layer_units_exponent_0': 7, 'W_layer_units_exponent_1': 7, 'W_layer_units_exponent_2': 7, 'W_layer_units_exponent_3': 4, 'W_layer_units_exponent_4': 8, 'W_layer_units_exponent_5': 10, 'D_layers': 8, 'D_layer_units_exponent_0': 5, 'D_layer_units_exponent_1': 10, 'D_layer_units_exponent_2': 7, 'D_layer_units_exponent_3': 7, 'D_layer_units_exponent_4': 5, 'D_layer_units_exponent_5': 5, 'D_layer_units_exponent_6': 10, 'D_layer_units_exponent_7': 6, 'log_learning_rate': -3.4404253537071106, 'log_learning_rate_D': -2.267174165466869, 'training_batch_size': 11, 'training_p': 7}. Best is trial 4 with value: 0.22876401245594025.
Time for this trial:  183.64374256134033
Memory status after this trial: 
Memory allocated:  225.33837890625
Memory cached:  230.0
--------------------  Trial  29   --------------------
Start timing: 
Parameters: 
{'W_layers': 4, 'W_layer_units_exponent_0': 5, 'W_layer_units_exponent_1': 5, 'W_layer_units_exponent_2': 5, 'W_layer_units_exponent_3': 6, 'D_layers': 7, 'D_layer_units_exponent_0': 8, 'D_layer_units_exponent_1': 9, 'D_layer_units_exponent_2': 4, 'D_layer_units_exponent_3': 6, 'D_layer_units_exponent_4': 9, 'D_layer_units_exponent_5': 9, 'D_layer_units_exponent_6': 9, 'log_learning_rate': -3.2399198812230443, 'log_learning_rate_D': -2.5437261878322444, 'training_batch_size': 10, 'training_p': 8}
	 epoch  0 training error:  tensor(1.0573, device='cuda:0', grad_fn=<DivBackward0>)
Memory status after this epoch: 
Memory allocated:  10.806640625
Memory cached:  16.0
	 epoch  10 training error:  tensor(0.7648, device='cuda:0', grad_fn=<DivBackward0>)
Memory status after this epoch: 
Memory allocated:  10.806640625
Memory cached:  20.0
	 epoch  20 training error:  tensor(0.3378, device='cuda:0', grad_fn=<DivBackward0>)
Memory status after this epoch: 
Memory allocated:  10.806640625
Memory cached:  20.0
	 epoch  30 training error:  tensor(0.3047, device='cuda:0', grad_fn=<DivBackward0>)
Memory status after this epoch: 
Memory allocated:  10.806640625
Memory cached:  20.0
	 epoch  40 training error:  tensor(0.2831, device='cuda:0', grad_fn=<DivBackward0>)
Memory status after this epoch: 
Memory allocated:  10.806640625
Memory cached:  20.0
	 epoch  50 training error:  tensor(0.2686, device='cuda:0', grad_fn=<DivBackward0>)
Memory status after this epoch: 
Memory allocated:  10.806640625
Memory cached:  20.0
	 epoch  60 training error:  tensor(0.2630, device='cuda:0', grad_fn=<DivBackward0>)
Memory status after this epoch: 
Memory allocated:  10.806640625
Memory cached:  20.0
	 epoch  70 training error:  tensor(0.2609, device='cuda:0', grad_fn=<DivBackward0>)
Memory status after this epoch: 
Memory allocated:  10.806640625
Memory cached:  20.0
	 epoch  80 training error:  tensor(0.2603, device='cuda:0', grad_fn=<DivBackward0>)
Memory status after this epoch: 
Memory allocated:  10.806640625
Memory cached:  20.0
	 epoch  90 training error:  tensor(0.2603, device='cuda:0', grad_fn=<DivBackward0>)
Memory status after this epoch: 
Memory allocated:  10.806640625
Memory cached:  20.0
[I 2023-11-01 14:34:50,152] Trial 29 finished with value: 0.2288062870502472 and parameters: {'W_layers': 4, 'W_layer_units_exponent_0': 5, 'W_layer_units_exponent_1': 5, 'W_layer_units_exponent_2': 5, 'W_layer_units_exponent_3': 6, 'D_layers': 7, 'D_layer_units_exponent_0': 8, 'D_layer_units_exponent_1': 9, 'D_layer_units_exponent_2': 4, 'D_layer_units_exponent_3': 6, 'D_layer_units_exponent_4': 9, 'D_layer_units_exponent_5': 9, 'D_layer_units_exponent_6': 9, 'log_learning_rate': -3.2399198812230443, 'log_learning_rate_D': -2.5437261878322444, 'training_batch_size': 10, 'training_p': 8}. Best is trial 4 with value: 0.22876401245594025.
Time for this trial:  149.28661465644836
Memory status after this trial: 
Memory allocated:  140.80615234375
Memory cached:  148.0
--------------------  Trial  30   --------------------
Start timing: 
Parameters: 
{'W_layers': 5, 'W_layer_units_exponent_0': 5, 'W_layer_units_exponent_1': 4, 'W_layer_units_exponent_2': 5, 'W_layer_units_exponent_3': 5, 'W_layer_units_exponent_4': 6, 'D_layers': 4, 'D_layer_units_exponent_0': 8, 'D_layer_units_exponent_1': 7, 'D_layer_units_exponent_2': 4, 'D_layer_units_exponent_3': 7, 'log_learning_rate': -3.05895951080948, 'log_learning_rate_D': -2.6440503015631123, 'training_batch_size': 11, 'training_p': 8}
	 epoch  0 training error:  tensor(0.9720, device='cuda:0', grad_fn=<DivBackward0>)
Memory status after this epoch: 
Memory allocated:  0.6953125
Memory cached:  6.0
	 epoch  10 training error:  tensor(0.5808, device='cuda:0', grad_fn=<DivBackward0>)
Memory status after this epoch: 
Memory allocated:  0.6953125
Memory cached:  10.0
	 epoch  20 training error:  tensor(0.3232, device='cuda:0', grad_fn=<DivBackward0>)
Memory status after this epoch: 
Memory allocated:  0.6953125
Memory cached:  8.0
	 epoch  30 training error:  tensor(0.2673, device='cuda:0', grad_fn=<DivBackward0>)
Memory status after this epoch: 
Memory allocated:  0.6953125
Memory cached:  8.0
	 epoch  40 training error:  tensor(0.2636, device='cuda:0', grad_fn=<DivBackward0>)
Memory status after this epoch: 
Memory allocated:  0.6953125
Memory cached:  8.0
	 epoch  50 training error:  tensor(0.2613, device='cuda:0', grad_fn=<DivBackward0>)
Memory status after this epoch: 
Memory allocated:  0.6953125
Memory cached:  8.0
	 epoch  60 training error:  tensor(0.2603, device='cuda:0', grad_fn=<DivBackward0>)
Memory status after this epoch: 
Memory allocated:  0.6953125
Memory cached:  8.0
	 epoch  70 training error:  tensor(0.2600, device='cuda:0', grad_fn=<DivBackward0>)
Memory status after this epoch: 
Memory allocated:  0.6953125
Memory cached:  8.0
	 epoch  80 training error:  tensor(0.2600, device='cuda:0', grad_fn=<DivBackward0>)
Memory status after this epoch: 
Memory allocated:  0.6953125
Memory cached:  8.0
	 epoch  90 training error:  tensor(0.2600, device='cuda:0', grad_fn=<DivBackward0>)
Memory status after this epoch: 
Memory allocated:  0.6953125
Memory cached:  8.0
[I 2023-11-01 14:36:52,719] Trial 30 finished with value: 0.23166632652282715 and parameters: {'W_layers': 5, 'W_layer_units_exponent_0': 5, 'W_layer_units_exponent_1': 4, 'W_layer_units_exponent_2': 5, 'W_layer_units_exponent_3': 5, 'W_layer_units_exponent_4': 6, 'D_layers': 4, 'D_layer_units_exponent_0': 8, 'D_layer_units_exponent_1': 7, 'D_layer_units_exponent_2': 4, 'D_layer_units_exponent_3': 7, 'log_learning_rate': -3.05895951080948, 'log_learning_rate_D': -2.6440503015631123, 'training_batch_size': 11, 'training_p': 8}. Best is trial 4 with value: 0.22876401245594025.
Time for this trial:  122.36555361747742
Memory status after this trial: 
Memory allocated:  38.64599609375
Memory cached:  40.0
--------------------  Trial  31   --------------------
Start timing: 
Parameters: 
{'W_layers': 4, 'W_layer_units_exponent_0': 5, 'W_layer_units_exponent_1': 5, 'W_layer_units_exponent_2': 5, 'W_layer_units_exponent_3': 6, 'D_layers': 7, 'D_layer_units_exponent_0': 7, 'D_layer_units_exponent_1': 9, 'D_layer_units_exponent_2': 4, 'D_layer_units_exponent_3': 6, 'D_layer_units_exponent_4': 10, 'D_layer_units_exponent_5': 9, 'D_layer_units_exponent_6': 9, 'log_learning_rate': -3.338212089300521, 'log_learning_rate_D': -1.8441150525570005, 'training_batch_size': 10, 'training_p': 8}
	 epoch  0 training error:  tensor(0.8937, device='cuda:0', grad_fn=<DivBackward0>)
Memory status after this epoch: 
Memory allocated:  14.30859375
Memory cached:  34.0
	 epoch  10 training error:  tensor(0.8768, device='cuda:0', grad_fn=<DivBackward0>)
Memory status after this epoch: 
Memory allocated:  14.30859375
Memory cached:  38.0
	 epoch  20 training error:  tensor(0.9251, device='cuda:0', grad_fn=<DivBackward0>)
Memory status after this epoch: 
Memory allocated:  14.30859375
Memory cached:  38.0
	 epoch  30 training error:  tensor(0.8385, device='cuda:0', grad_fn=<DivBackward0>)
Memory status after this epoch: 
Memory allocated:  14.30859375
Memory cached:  38.0
	 epoch  40 training error:  tensor(0.8122, device='cuda:0', grad_fn=<DivBackward0>)
Memory status after this epoch: 
Memory allocated:  14.30859375
Memory cached:  38.0
	 epoch  50 training error:  tensor(0.7098, device='cuda:0', grad_fn=<DivBackward0>)
Memory status after this epoch: 
Memory allocated:  14.30859375
Memory cached:  38.0
	 epoch  60 training error:  tensor(0.5332, device='cuda:0', grad_fn=<DivBackward0>)
Memory status after this epoch: 
Memory allocated:  14.30859375
Memory cached:  38.0
	 epoch  70 training error:  tensor(0.3792, device='cuda:0', grad_fn=<DivBackward0>)
Memory status after this epoch: 
Memory allocated:  14.30859375
Memory cached:  38.0
	 epoch  80 training error:  tensor(0.2803, device='cuda:0', grad_fn=<DivBackward0>)
Memory status after this epoch: 
Memory allocated:  14.30859375
Memory cached:  38.0
	 epoch  90 training error:  tensor(0.2633, device='cuda:0', grad_fn=<DivBackward0>)
Memory status after this epoch: 
Memory allocated:  14.30859375
Memory cached:  38.0
