[I 2023-11-08 00:51:41,871] Trial 37 finished with value: 0.015981148928403854 and parameters: {'W_layers': 2, 'W_layer_units_exponent_0': 4, 'W_layer_units_exponent_1': 4, 'D_layers': 8, 'D_layer_units_exponent_0': 7, 'D_layer_units_exponent_1': 9, 'D_layer_units_exponent_2': 5, 'D_layer_units_exponent_3': 5, 'D_layer_units_exponent_4': 4, 'D_layer_units_exponent_5': 7, 'D_layer_units_exponent_6': 6, 'D_layer_units_exponent_7': 9, 'D_dagger_layers': 3, 'D_dagger_layer_units_exponent_0': 4, 'D_dagger_layer_units_exponent_1': 6, 'D_dagger_layer_units_exponent_2': 9, 'log_learning_rate': -4.427654722113276, 'log_learning_rate_D': -2.09705886625692, 'log_learning_rate_D_dagger': -3.4410159548588735, 'training_batch_size': 11, 'training_p': 2}. Best is trial 35 with value: 0.013339980505406857.
Time for this trial:  176.22661805152893
Memory status after this trial: 
Memory allocated:  111.5517578125
Memory cached:  156.0
--------------------  Trial  38   --------------------
Start timing: 
Parameters: 
{'W_layers': 4, 'W_layer_units_exponent_0': 4, 'W_layer_units_exponent_1': 6, 'W_layer_units_exponent_2': 8, 'W_layer_units_exponent_3': 8, 'D_layers': 7, 'D_layer_units_exponent_0': 7, 'D_layer_units_exponent_1': 7, 'D_layer_units_exponent_2': 5, 'D_layer_units_exponent_3': 4, 'D_layer_units_exponent_4': 5, 'D_layer_units_exponent_5': 6, 'D_layer_units_exponent_6': 6, 'D_dagger_layers': 4, 'D_dagger_layer_units_exponent_0': 6, 'D_dagger_layer_units_exponent_1': 7, 'D_dagger_layer_units_exponent_2': 7, 'D_dagger_layer_units_exponent_3': 4, 'log_learning_rate': -4.9220433663115895, 'log_learning_rate_D': -2.542531199084071, 'log_learning_rate_D_dagger': -4.150550632035288, 'training_batch_size': 12, 'training_p': 2}
	 epoch  0 training error:  tensor(0.9639, device='cuda:0', grad_fn=<DivBackward0>)
Memory status after this epoch: 
Memory allocated:  2.26611328125
Memory cached:  118.0
	 epoch  10 training error:  tensor(0.7623, device='cuda:0', grad_fn=<DivBackward0>)
Memory status after this epoch: 
Memory allocated:  2.26611328125
Memory cached:  150.0
	 epoch  20 training error:  tensor(0.5658, device='cuda:0', grad_fn=<DivBackward0>)
Memory status after this epoch: 
Memory allocated:  2.26611328125
Memory cached:  146.0
	 epoch  30 training error:  tensor(0.3480, device='cuda:0', grad_fn=<DivBackward0>)
Memory status after this epoch: 
Memory allocated:  2.26611328125
Memory cached:  144.0
	 epoch  40 training error:  tensor(0.1060, device='cuda:0', grad_fn=<DivBackward0>)
Memory status after this epoch: 
Memory allocated:  2.26611328125
Memory cached:  154.0
	 epoch  50 training error:  tensor(0.0987, device='cuda:0', grad_fn=<DivBackward0>)
Memory status after this epoch: 
Memory allocated:  2.26611328125
Memory cached:  162.0
	 epoch  60 training error:  tensor(0.0477, device='cuda:0', grad_fn=<DivBackward0>)
Memory status after this epoch: 
Memory allocated:  2.26611328125
Memory cached:  160.0
	 epoch  70 training error:  tensor(0.0275, device='cuda:0', grad_fn=<DivBackward0>)
Memory status after this epoch: 
Memory allocated:  2.26611328125
Memory cached:  152.0
	 epoch  80 training error:  tensor(0.0252, device='cuda:0', grad_fn=<DivBackward0>)
Memory status after this epoch: 
Memory allocated:  2.26611328125
Memory cached:  150.0
	 epoch  90 training error:  tensor(0.0216, device='cuda:0', grad_fn=<DivBackward0>)
Memory status after this epoch: 
Memory allocated:  2.26611328125
Memory cached:  160.0
[I 2023-11-08 00:54:50,843] Trial 38 finished with value: 0.02037363313138485 and parameters: {'W_layers': 4, 'W_layer_units_exponent_0': 4, 'W_layer_units_exponent_1': 6, 'W_layer_units_exponent_2': 8, 'W_layer_units_exponent_3': 8, 'D_layers': 7, 'D_layer_units_exponent_0': 7, 'D_layer_units_exponent_1': 7, 'D_layer_units_exponent_2': 5, 'D_layer_units_exponent_3': 4, 'D_layer_units_exponent_4': 5, 'D_layer_units_exponent_5': 6, 'D_layer_units_exponent_6': 6, 'D_dagger_layers': 4, 'D_dagger_layer_units_exponent_0': 6, 'D_dagger_layer_units_exponent_1': 7, 'D_dagger_layer_units_exponent_2': 7, 'D_dagger_layer_units_exponent_3': 4, 'log_learning_rate': -4.9220433663115895, 'log_learning_rate_D': -2.542531199084071, 'log_learning_rate_D_dagger': -4.150550632035288, 'training_batch_size': 12, 'training_p': 2}. Best is trial 35 with value: 0.013339980505406857.
Time for this trial:  188.69672226905823
Memory status after this trial: 
Memory allocated:  76.671875
Memory cached:  124.0
--------------------  Trial  39   --------------------
Start timing: 
Parameters: 
{'W_layers': 3, 'W_layer_units_exponent_0': 10, 'W_layer_units_exponent_1': 5, 'W_layer_units_exponent_2': 7, 'D_layers': 8, 'D_layer_units_exponent_0': 6, 'D_layer_units_exponent_1': 8, 'D_layer_units_exponent_2': 6, 'D_layer_units_exponent_3': 5, 'D_layer_units_exponent_4': 4, 'D_layer_units_exponent_5': 9, 'D_layer_units_exponent_6': 5, 'D_layer_units_exponent_7': 8, 'D_dagger_layers': 3, 'D_dagger_layer_units_exponent_0': 5, 'D_dagger_layer_units_exponent_1': 6, 'D_dagger_layer_units_exponent_2': 7, 'log_learning_rate': -3.8975729899348415, 'log_learning_rate_D': -1.793356931009324, 'log_learning_rate_D_dagger': -3.5069074466616588, 'training_batch_size': 12, 'training_p': 3}
	 epoch  0 training error:  tensor(0.8933, device='cuda:0', grad_fn=<DivBackward0>)
Memory status after this epoch: 
Memory allocated:  2.02001953125
Memory cached:  112.0
	 epoch  10 training error:  tensor(0.2239, device='cuda:0', grad_fn=<DivBackward0>)
Memory status after this epoch: 
Memory allocated:  2.02001953125
Memory cached:  206.0
	 epoch  20 training error:  tensor(0.0502, device='cuda:0', grad_fn=<DivBackward0>)
Memory status after this epoch: 
Memory allocated:  2.02001953125
Memory cached:  198.0
	 epoch  30 training error:  tensor(0.0465, device='cuda:0', grad_fn=<DivBackward0>)
Memory status after this epoch: 
Memory allocated:  2.02001953125
Memory cached:  204.0
	 epoch  40 training error:  tensor(0.0184, device='cuda:0', grad_fn=<DivBackward0>)
Memory status after this epoch: 
Memory allocated:  2.02001953125
Memory cached:  206.0
	 epoch  50 training error:  tensor(0.0179, device='cuda:0', grad_fn=<DivBackward0>)
Memory status after this epoch: 
Memory allocated:  2.02001953125
Memory cached:  198.0
	 epoch  60 training error:  tensor(0.0183, device='cuda:0', grad_fn=<DivBackward0>)
Memory status after this epoch: 
Memory allocated:  2.02001953125
Memory cached:  182.0
	 epoch  70 training error:  tensor(0.0183, device='cuda:0', grad_fn=<DivBackward0>)
Memory status after this epoch: 
Memory allocated:  2.02001953125
Memory cached:  186.0
	 epoch  80 training error:  tensor(0.0180, device='cuda:0', grad_fn=<DivBackward0>)
Memory status after this epoch: 
Memory allocated:  2.02001953125
Memory cached:  210.0
	 epoch  90 training error:  tensor(0.0178, device='cuda:0', grad_fn=<DivBackward0>)
Memory status after this epoch: 
Memory allocated:  2.02001953125
Memory cached:  216.0
[I 2023-11-08 00:57:59,227] Trial 39 finished with value: 0.013745072297751904 and parameters: {'W_layers': 3, 'W_layer_units_exponent_0': 10, 'W_layer_units_exponent_1': 5, 'W_layer_units_exponent_2': 7, 'D_layers': 8, 'D_layer_units_exponent_0': 6, 'D_layer_units_exponent_1': 8, 'D_layer_units_exponent_2': 6, 'D_layer_units_exponent_3': 5, 'D_layer_units_exponent_4': 4, 'D_layer_units_exponent_5': 9, 'D_layer_units_exponent_6': 5, 'D_layer_units_exponent_7': 8, 'D_dagger_layers': 3, 'D_dagger_layer_units_exponent_0': 5, 'D_dagger_layer_units_exponent_1': 6, 'D_dagger_layer_units_exponent_2': 7, 'log_learning_rate': -3.8975729899348415, 'log_learning_rate_D': -1.793356931009324, 'log_learning_rate_D_dagger': -3.5069074466616588, 'training_batch_size': 12, 'training_p': 3}. Best is trial 35 with value: 0.013339980505406857.
Time for this trial:  188.09934306144714
Memory status after this trial: 
Memory allocated:  142.447265625
Memory cached:  144.0
--------------------  Trial  40   --------------------
Start timing: 
Parameters: 
{'W_layers': 3, 'W_layer_units_exponent_0': 10, 'W_layer_units_exponent_1': 5, 'W_layer_units_exponent_2': 7, 'D_layers': 6, 'D_layer_units_exponent_0': 5, 'D_layer_units_exponent_1': 7, 'D_layer_units_exponent_2': 7, 'D_layer_units_exponent_3': 5, 'D_layer_units_exponent_4': 5, 'D_layer_units_exponent_5': 9, 'D_dagger_layers': 3, 'D_dagger_layer_units_exponent_0': 5, 'D_dagger_layer_units_exponent_1': 5, 'D_dagger_layer_units_exponent_2': 10, 'log_learning_rate': -3.8417152001022763, 'log_learning_rate_D': -2.3425711072426623, 'log_learning_rate_D_dagger': -3.129147963565505, 'training_batch_size': 12, 'training_p': 3}
	 epoch  0 training error:  tensor(0.8143, device='cuda:0', grad_fn=<DivBackward0>)
Memory status after this epoch: 
Memory allocated:  2.00244140625
Memory cached:  108.0
	 epoch  10 training error:  tensor(0.1271, device='cuda:0', grad_fn=<DivBackward0>)
Memory status after this epoch: 
Memory allocated:  2.00244140625
Memory cached:  194.0
	 epoch  20 training error:  tensor(0.0552, device='cuda:0', grad_fn=<DivBackward0>)
Memory status after this epoch: 
Memory allocated:  2.00244140625
Memory cached:  194.0
	 epoch  30 training error:  tensor(0.0349, device='cuda:0', grad_fn=<DivBackward0>)
Memory status after this epoch: 
Memory allocated:  2.00244140625
Memory cached:  188.0
	 epoch  40 training error:  tensor(0.0232, device='cuda:0', grad_fn=<DivBackward0>)
Memory status after this epoch: 
Memory allocated:  2.00244140625
Memory cached:  192.0
	 epoch  50 training error:  tensor(0.0208, device='cuda:0', grad_fn=<DivBackward0>)
Memory status after this epoch: 
Memory allocated:  2.00244140625
Memory cached:  192.0
	 epoch  60 training error:  tensor(0.0198, device='cuda:0', grad_fn=<DivBackward0>)
Memory status after this epoch: 
Memory allocated:  2.00244140625
Memory cached:  192.0
	 epoch  70 training error:  tensor(0.0181, device='cuda:0', grad_fn=<DivBackward0>)
Memory status after this epoch: 
Memory allocated:  2.00244140625
Memory cached:  196.0
	 epoch  80 training error:  tensor(0.0181, device='cuda:0', grad_fn=<DivBackward0>)
Memory status after this epoch: 
Memory allocated:  2.00244140625
Memory cached:  190.0
	 epoch  90 training error:  tensor(0.0178, device='cuda:0', grad_fn=<DivBackward0>)
Memory status after this epoch: 
Memory allocated:  2.00244140625
Memory cached:  192.0
[I 2023-11-08 01:00:56,593] Trial 40 finished with value: 0.01377994753420353 and parameters: {'W_layers': 3, 'W_layer_units_exponent_0': 10, 'W_layer_units_exponent_1': 5, 'W_layer_units_exponent_2': 7, 'D_layers': 6, 'D_layer_units_exponent_0': 5, 'D_layer_units_exponent_1': 7, 'D_layer_units_exponent_2': 7, 'D_layer_units_exponent_3': 5, 'D_layer_units_exponent_4': 5, 'D_layer_units_exponent_5': 9, 'D_dagger_layers': 3, 'D_dagger_layer_units_exponent_0': 5, 'D_dagger_layer_units_exponent_1': 5, 'D_dagger_layer_units_exponent_2': 10, 'log_learning_rate': -3.8417152001022763, 'log_learning_rate_D': -2.3425711072426623, 'log_learning_rate_D_dagger': -3.129147963565505, 'training_batch_size': 12, 'training_p': 3}. Best is trial 35 with value: 0.013339980505406857.
Time for this trial:  177.08950686454773
Memory status after this trial: 
Memory allocated:  168.955078125
Memory cached:  172.0
--------------------  Trial  41   --------------------
Start timing: 
Parameters: 
{'W_layers': 3, 'W_layer_units_exponent_0': 10, 'W_layer_units_exponent_1': 5, 'W_layer_units_exponent_2': 7, 'D_layers': 6, 'D_layer_units_exponent_0': 5, 'D_layer_units_exponent_1': 7, 'D_layer_units_exponent_2': 7, 'D_layer_units_exponent_3': 5, 'D_layer_units_exponent_4': 5, 'D_layer_units_exponent_5': 9, 'D_dagger_layers': 3, 'D_dagger_layer_units_exponent_0': 5, 'D_dagger_layer_units_exponent_1': 5, 'D_dagger_layer_units_exponent_2': 10, 'log_learning_rate': -3.920461967828368, 'log_learning_rate_D': -2.2637734198870003, 'log_learning_rate_D_dagger': -3.0325065300286744, 'training_batch_size': 12, 'training_p': 3}
	 epoch  0 training error:  tensor(0.9615, device='cuda:0', grad_fn=<DivBackward0>)
Memory status after this epoch: 
Memory allocated:  2.00244140625
Memory cached:  116.0
	 epoch  10 training error:  tensor(0.2457, device='cuda:0', grad_fn=<DivBackward0>)
Memory status after this epoch: 
Memory allocated:  2.00244140625
Memory cached:  188.0
	 epoch  20 training error:  tensor(0.0256, device='cuda:0', grad_fn=<DivBackward0>)
Memory status after this epoch: 
Memory allocated:  2.00244140625
Memory cached:  186.0
	 epoch  30 training error:  tensor(0.0649, device='cuda:0', grad_fn=<DivBackward0>)
Memory status after this epoch: 
Memory allocated:  2.00244140625
Memory cached:  182.0
	 epoch  40 training error:  tensor(0.0351, device='cuda:0', grad_fn=<DivBackward0>)
Memory status after this epoch: 
Memory allocated:  2.00244140625
Memory cached:  186.0
	 epoch  50 training error:  tensor(0.0232, device='cuda:0', grad_fn=<DivBackward0>)
Memory status after this epoch: 
Memory allocated:  2.00244140625
Memory cached:  176.0
	 epoch  60 training error:  tensor(0.0174, device='cuda:0', grad_fn=<DivBackward0>)
Memory status after this epoch: 
Memory allocated:  2.00244140625
Memory cached:  186.0
	 epoch  70 training error:  tensor(0.0173, device='cuda:0', grad_fn=<DivBackward0>)
Memory status after this epoch: 
Memory allocated:  2.00244140625
Memory cached:  184.0
	 epoch  80 training error:  tensor(0.0177, device='cuda:0', grad_fn=<DivBackward0>)
Memory status after this epoch: 
Memory allocated:  2.00244140625
Memory cached:  192.0
	 epoch  90 training error:  tensor(0.0173, device='cuda:0', grad_fn=<DivBackward0>)
Memory status after this epoch: 
Memory allocated:  2.00244140625
Memory cached:  186.0
[I 2023-11-08 01:03:55,062] Trial 41 finished with value: 0.013634408824145794 and parameters: {'W_layers': 3, 'W_layer_units_exponent_0': 10, 'W_layer_units_exponent_1': 5, 'W_layer_units_exponent_2': 7, 'D_layers': 6, 'D_layer_units_exponent_0': 5, 'D_layer_units_exponent_1': 7, 'D_layer_units_exponent_2': 7, 'D_layer_units_exponent_3': 5, 'D_layer_units_exponent_4': 5, 'D_layer_units_exponent_5': 9, 'D_dagger_layers': 3, 'D_dagger_layer_units_exponent_0': 5, 'D_dagger_layer_units_exponent_1': 5, 'D_dagger_layer_units_exponent_2': 10, 'log_learning_rate': -3.920461967828368, 'log_learning_rate_D': -2.2637734198870003, 'log_learning_rate_D_dagger': -3.0325065300286744, 'training_batch_size': 12, 'training_p': 3}. Best is trial 35 with value: 0.013339980505406857.
Time for this trial:  178.19743156433105
Memory status after this trial: 
Memory allocated:  168.955078125
Memory cached:  172.0
--------------------  Trial  42   --------------------
Start timing: 
Parameters: 
{'W_layers': 3, 'W_layer_units_exponent_0': 9, 'W_layer_units_exponent_1': 4, 'W_layer_units_exponent_2': 7, 'D_layers': 6, 'D_layer_units_exponent_0': 6, 'D_layer_units_exponent_1': 8, 'D_layer_units_exponent_2': 6, 'D_layer_units_exponent_3': 5, 'D_layer_units_exponent_4': 5, 'D_layer_units_exponent_5': 9, 'D_dagger_layers': 4, 'D_dagger_layer_units_exponent_0': 6, 'D_dagger_layer_units_exponent_1': 4, 'D_dagger_layer_units_exponent_2': 8, 'D_dagger_layer_units_exponent_3': 4, 'log_learning_rate': -4.135428522817308, 'log_learning_rate_D': -2.076199112454985, 'log_learning_rate_D_dagger': -3.5283742217081895, 'training_batch_size': 12, 'training_p': 3}
	 epoch  0 training error:  tensor(1.1132, device='cuda:0', grad_fn=<DivBackward0>)
Memory status after this epoch: 
Memory allocated:  1.31103515625
Memory cached:  122.0
	 epoch  10 training error:  tensor(0.4968, device='cuda:0', grad_fn=<DivBackward0>)
Memory status after this epoch: 
Memory allocated:  1.31103515625
Memory cached:  182.0
	 epoch  20 training error:  tensor(0.1221, device='cuda:0', grad_fn=<DivBackward0>)
Memory status after this epoch: 
Memory allocated:  1.31103515625
Memory cached:  176.0
	 epoch  30 training error:  tensor(0.0471, device='cuda:0', grad_fn=<DivBackward0>)
Memory status after this epoch: 
Memory allocated:  1.31103515625
Memory cached:  178.0
	 epoch  40 training error:  tensor(0.0248, device='cuda:0', grad_fn=<DivBackward0>)
Memory status after this epoch: 
Memory allocated:  1.31103515625
Memory cached:  178.0
	 epoch  50 training error:  tensor(0.0256, device='cuda:0', grad_fn=<DivBackward0>)
Memory status after this epoch: 
Memory allocated:  1.31103515625
Memory cached:  184.0
	 epoch  60 training error:  tensor(0.0230, device='cuda:0', grad_fn=<DivBackward0>)
Memory status after this epoch: 
Memory allocated:  1.31103515625
Memory cached:  188.0
	 epoch  70 training error:  tensor(0.0215, device='cuda:0', grad_fn=<DivBackward0>)
Memory status after this epoch: 
Memory allocated:  1.31103515625
Memory cached:  184.0
	 epoch  80 training error:  tensor(0.0205, device='cuda:0', grad_fn=<DivBackward0>)
Memory status after this epoch: 
Memory allocated:  1.31103515625
Memory cached:  182.0
	 epoch  90 training error:  tensor(0.0200, device='cuda:0', grad_fn=<DivBackward0>)
Memory status after this epoch: 
Memory allocated:  1.31103515625
Memory cached:  178.0
[I 2023-11-08 01:06:52,617] Trial 42 finished with value: 0.01664906181395054 and parameters: {'W_layers': 3, 'W_layer_units_exponent_0': 9, 'W_layer_units_exponent_1': 4, 'W_layer_units_exponent_2': 7, 'D_layers': 6, 'D_layer_units_exponent_0': 6, 'D_layer_units_exponent_1': 8, 'D_layer_units_exponent_2': 6, 'D_layer_units_exponent_3': 5, 'D_layer_units_exponent_4': 5, 'D_layer_units_exponent_5': 9, 'D_dagger_layers': 4, 'D_dagger_layer_units_exponent_0': 6, 'D_dagger_layer_units_exponent_1': 4, 'D_dagger_layer_units_exponent_2': 8, 'D_dagger_layer_units_exponent_3': 4, 'log_learning_rate': -4.135428522817308, 'log_learning_rate_D': -2.076199112454985, 'log_learning_rate_D_dagger': -3.5283742217081895, 'training_batch_size': 12, 'training_p': 3}. Best is trial 35 with value: 0.013339980505406857.
Time for this trial:  177.28812313079834
Memory status after this trial: 
Memory allocated:  106.69287109375
Memory cached:  148.0
--------------------  Trial  43   --------------------
Start timing: 
Parameters: 
{'W_layers': 2, 'W_layer_units_exponent_0': 9, 'W_layer_units_exponent_1': 5, 'D_layers': 7, 'D_layer_units_exponent_0': 5, 'D_layer_units_exponent_1': 6, 'D_layer_units_exponent_2': 6, 'D_layer_units_exponent_3': 6, 'D_layer_units_exponent_4': 4, 'D_layer_units_exponent_5': 9, 'D_layer_units_exponent_6': 5, 'D_dagger_layers': 3, 'D_dagger_layer_units_exponent_0': 4, 'D_dagger_layer_units_exponent_1': 6, 'D_dagger_layer_units_exponent_2': 9, 'log_learning_rate': -4.054862860815986, 'log_learning_rate_D': -3.133758725614939, 'log_learning_rate_D_dagger': -3.045448596259592, 'training_batch_size': 10, 'training_p': 2}
	 epoch  0 training error:  tensor(0.9059, device='cuda:0', grad_fn=<DivBackward0>)
Memory status after this epoch: 
Memory allocated:  1.52783203125
Memory cached:  104.0
	 epoch  10 training error:  tensor(0.1086, device='cuda:0', grad_fn=<DivBackward0>)
Memory status after this epoch: 
Memory allocated:  1.52783203125
Memory cached:  180.0
	 epoch  20 training error:  tensor(0.0511, device='cuda:0', grad_fn=<DivBackward0>)
Memory status after this epoch: 
Memory allocated:  1.52783203125
Memory cached:  178.0
	 epoch  30 training error:  tensor(0.0486, device='cuda:0', grad_fn=<DivBackward0>)
Memory status after this epoch: 
Memory allocated:  1.52783203125
Memory cached:  176.0
	 epoch  40 training error:  tensor(0.0310, device='cuda:0', grad_fn=<DivBackward0>)
Memory status after this epoch: 
Memory allocated:  1.52783203125
Memory cached:  174.0
	 epoch  50 training error:  tensor(0.0287, device='cuda:0', grad_fn=<DivBackward0>)
Memory status after this epoch: 
Memory allocated:  1.52783203125
Memory cached:  180.0
	 epoch  60 training error:  tensor(0.0239, device='cuda:0', grad_fn=<DivBackward0>)
Memory status after this epoch: 
Memory allocated:  1.52783203125
Memory cached:  178.0
	 epoch  70 training error:  tensor(0.0213, device='cuda:0', grad_fn=<DivBackward0>)
Memory status after this epoch: 
Memory allocated:  1.52783203125
Memory cached:  184.0
	 epoch  80 training error:  tensor(0.0187, device='cuda:0', grad_fn=<DivBackward0>)
Memory status after this epoch: 
Memory allocated:  1.52783203125
Memory cached:  174.0
	 epoch  90 training error:  tensor(0.0170, device='cuda:0', grad_fn=<DivBackward0>)
Memory status after this epoch: 
Memory allocated:  1.52783203125
Memory cached:  168.0
