[I 2023-11-06 12:29:08,935] Trial 23 finished with value: 0.041814565658569336 and parameters: {'W_layers': 6, 'W_layer_units_exponent_0': 6, 'W_layer_units_exponent_1': 8, 'W_layer_units_exponent_2': 7, 'W_layer_units_exponent_3': 8, 'W_layer_units_exponent_4': 8, 'W_layer_units_exponent_5': 7, 'D_layers': 2, 'D_layer_units_exponent_0': 6, 'D_layer_units_exponent_1': 9, 'D_dagger_layers': 2, 'D_dagger_layer_units_exponent_0': 5, 'D_dagger_layer_units_exponent_1': 7, 'log_learning_rate': -2.6620490968743424, 'log_learning_rate_D': -3.0053905911630756, 'log_learning_rate_D_dagger': -3.031447052817901, 'training_batch_size': 7, 'training_p': 7}. Best is trial 6 with value: 0.032972272485494614.
Time for this trial:  161.0179717540741
Memory status after this trial: 
Memory allocated:  99.77783203125
Memory cached:  104.0
--------------------  Trial  24   --------------------
Start timing: 
Parameters: 
{'W_layers': 4, 'W_layer_units_exponent_0': 4, 'W_layer_units_exponent_1': 9, 'W_layer_units_exponent_2': 5, 'W_layer_units_exponent_3': 5, 'D_layers': 3, 'D_layer_units_exponent_0': 4, 'D_layer_units_exponent_1': 6, 'D_layer_units_exponent_2': 6, 'D_dagger_layers': 7, 'D_dagger_layer_units_exponent_0': 7, 'D_dagger_layer_units_exponent_1': 8, 'D_dagger_layer_units_exponent_2': 9, 'D_dagger_layer_units_exponent_3': 6, 'D_dagger_layer_units_exponent_4': 9, 'D_dagger_layer_units_exponent_5': 8, 'D_dagger_layer_units_exponent_6': 7, 'log_learning_rate': -2.1967990894167837, 'log_learning_rate_D': -3.5638186199264, 'log_learning_rate_D_dagger': -3.420248174376031, 'training_batch_size': 10, 'training_p': 5}
	 epoch  0 training error:  tensor(0.9144, device='cuda:0', grad_fn=<DivBackward0>)
Memory status after this epoch: 
Memory allocated:  6.64697265625
Memory cached:  116.0
	 epoch  10 training error:  tensor(0.0699, device='cuda:0', grad_fn=<DivBackward0>)
Memory status after this epoch: 
Memory allocated:  6.64697265625
Memory cached:  196.0
	 epoch  20 training error:  tensor(0.1277, device='cuda:0', grad_fn=<DivBackward0>)
Memory status after this epoch: 
Memory allocated:  6.64697265625
Memory cached:  202.0
	 epoch  30 training error:  tensor(0.0759, device='cuda:0', grad_fn=<DivBackward0>)
Memory status after this epoch: 
Memory allocated:  6.64697265625
Memory cached:  204.0
	 epoch  40 training error:  tensor(0.0719, device='cuda:0', grad_fn=<DivBackward0>)
Memory status after this epoch: 
Memory allocated:  6.64697265625
Memory cached:  196.0
	 epoch  50 training error:  tensor(0.0826, device='cuda:0', grad_fn=<DivBackward0>)
Memory status after this epoch: 
Memory allocated:  6.64697265625
Memory cached:  206.0
	 epoch  60 training error:  tensor(0.0736, device='cuda:0', grad_fn=<DivBackward0>)
Memory status after this epoch: 
Memory allocated:  6.64697265625
Memory cached:  204.0
	 epoch  70 training error:  tensor(0.0510, device='cuda:0', grad_fn=<DivBackward0>)
Memory status after this epoch: 
Memory allocated:  6.64697265625
Memory cached:  194.0
	 epoch  80 training error:  tensor(0.0623, device='cuda:0', grad_fn=<DivBackward0>)
Memory status after this epoch: 
Memory allocated:  6.64697265625
Memory cached:  198.0
	 epoch  90 training error:  tensor(0.0471, device='cuda:0', grad_fn=<DivBackward0>)
Memory status after this epoch: 
Memory allocated:  6.64697265625
Memory cached:  202.0
[I 2023-11-06 12:32:15,957] Trial 24 finished with value: 0.055267419666051865 and parameters: {'W_layers': 4, 'W_layer_units_exponent_0': 4, 'W_layer_units_exponent_1': 9, 'W_layer_units_exponent_2': 5, 'W_layer_units_exponent_3': 5, 'D_layers': 3, 'D_layer_units_exponent_0': 4, 'D_layer_units_exponent_1': 6, 'D_layer_units_exponent_2': 6, 'D_dagger_layers': 7, 'D_dagger_layer_units_exponent_0': 7, 'D_dagger_layer_units_exponent_1': 8, 'D_dagger_layer_units_exponent_2': 9, 'D_dagger_layer_units_exponent_3': 6, 'D_dagger_layer_units_exponent_4': 9, 'D_dagger_layer_units_exponent_5': 8, 'D_dagger_layer_units_exponent_6': 7, 'log_learning_rate': -2.1967990894167837, 'log_learning_rate_D': -3.5638186199264, 'log_learning_rate_D_dagger': -3.420248174376031, 'training_batch_size': 10, 'training_p': 5}. Best is trial 6 with value: 0.032972272485494614.
Time for this trial:  186.63583993911743
Memory status after this trial: 
Memory allocated:  142.9482421875
Memory cached:  158.0
--------------------  Trial  25   --------------------
Start timing: 
Parameters: 
{'W_layers': 8, 'W_layer_units_exponent_0': 7, 'W_layer_units_exponent_1': 5, 'W_layer_units_exponent_2': 6, 'W_layer_units_exponent_3': 9, 'W_layer_units_exponent_4': 6, 'W_layer_units_exponent_5': 9, 'W_layer_units_exponent_6': 8, 'W_layer_units_exponent_7': 5, 'D_layers': 2, 'D_layer_units_exponent_0': 5, 'D_layer_units_exponent_1': 4, 'D_dagger_layers': 4, 'D_dagger_layer_units_exponent_0': 7, 'D_dagger_layer_units_exponent_1': 10, 'D_dagger_layer_units_exponent_2': 7, 'D_dagger_layer_units_exponent_3': 5, 'log_learning_rate': -3.250010001160377, 'log_learning_rate_D': -3.9756610777558112, 'log_learning_rate_D_dagger': -2.517170633428792, 'training_batch_size': 8, 'training_p': 6}
	 epoch  0 training error:  tensor(0.9556, device='cuda:0', grad_fn=<DivBackward0>)
Memory status after this epoch: 
Memory allocated:  7.97509765625
Memory cached:  138.0
	 epoch  10 training error:  tensor(1.0630, device='cuda:0', grad_fn=<DivBackward0>)
Memory status after this epoch: 
Memory allocated:  7.97509765625
Memory cached:  196.0
	 epoch  20 training error:  tensor(0.2314, device='cuda:0', grad_fn=<DivBackward0>)
Memory status after this epoch: 
Memory allocated:  7.97509765625
Memory cached:  204.0
	 epoch  30 training error:  tensor(0.1857, device='cuda:0', grad_fn=<DivBackward0>)
Memory status after this epoch: 
Memory allocated:  7.97509765625
Memory cached:  208.0
	 epoch  40 training error:  tensor(0.1276, device='cuda:0', grad_fn=<DivBackward0>)
Memory status after this epoch: 
Memory allocated:  7.97509765625
Memory cached:  214.0
	 epoch  50 training error:  tensor(0.0960, device='cuda:0', grad_fn=<DivBackward0>)
Memory status after this epoch: 
Memory allocated:  7.97509765625
Memory cached:  208.0
	 epoch  60 training error:  tensor(0.0922, device='cuda:0', grad_fn=<DivBackward0>)
Memory status after this epoch: 
Memory allocated:  7.97509765625
Memory cached:  206.0
	 epoch  70 training error:  tensor(0.0917, device='cuda:0', grad_fn=<DivBackward0>)
Memory status after this epoch: 
Memory allocated:  7.97509765625
Memory cached:  208.0
	 epoch  80 training error:  tensor(0.0891, device='cuda:0', grad_fn=<DivBackward0>)
Memory status after this epoch: 
Memory allocated:  7.97509765625
Memory cached:  210.0
	 epoch  90 training error:  tensor(0.0890, device='cuda:0', grad_fn=<DivBackward0>)
Memory status after this epoch: 
Memory allocated:  7.97509765625
Memory cached:  198.0
[I 2023-11-06 12:35:26,228] Trial 25 finished with value: 0.07116277515888214 and parameters: {'W_layers': 8, 'W_layer_units_exponent_0': 7, 'W_layer_units_exponent_1': 5, 'W_layer_units_exponent_2': 6, 'W_layer_units_exponent_3': 9, 'W_layer_units_exponent_4': 6, 'W_layer_units_exponent_5': 9, 'W_layer_units_exponent_6': 8, 'W_layer_units_exponent_7': 5, 'D_layers': 2, 'D_layer_units_exponent_0': 5, 'D_layer_units_exponent_1': 4, 'D_dagger_layers': 4, 'D_dagger_layer_units_exponent_0': 7, 'D_dagger_layer_units_exponent_1': 10, 'D_dagger_layer_units_exponent_2': 7, 'D_dagger_layer_units_exponent_3': 5, 'log_learning_rate': -3.250010001160377, 'log_learning_rate_D': -3.9756610777558112, 'log_learning_rate_D_dagger': -2.517170633428792, 'training_batch_size': 8, 'training_p': 6}. Best is trial 6 with value: 0.032972272485494614.
Time for this trial:  189.99466633796692
Memory status after this trial: 
Memory allocated:  163.14599609375
Memory cached:  172.0
--------------------  Trial  26   --------------------
Start timing: 
Parameters: 
{'W_layers': 5, 'W_layer_units_exponent_0': 5, 'W_layer_units_exponent_1': 9, 'W_layer_units_exponent_2': 7, 'W_layer_units_exponent_3': 5, 'W_layer_units_exponent_4': 7, 'D_layers': 3, 'D_layer_units_exponent_0': 5, 'D_layer_units_exponent_1': 7, 'D_layer_units_exponent_2': 8, 'D_dagger_layers': 6, 'D_dagger_layer_units_exponent_0': 9, 'D_dagger_layer_units_exponent_1': 7, 'D_dagger_layer_units_exponent_2': 6, 'D_dagger_layer_units_exponent_3': 4, 'D_dagger_layer_units_exponent_4': 6, 'D_dagger_layer_units_exponent_5': 4, 'log_learning_rate': -2.7809897209381056, 'log_learning_rate_D': -4.478074641289798, 'log_learning_rate_D_dagger': -3.1643453117305644, 'training_batch_size': 12, 'training_p': 4}
	 epoch  0 training error:  tensor(1.1122, device='cuda:0', grad_fn=<DivBackward0>)
Memory status after this epoch: 
Memory allocated:  3.28759765625
Memory cached:  106.0
	 epoch  10 training error:  tensor(0.1640, device='cuda:0', grad_fn=<DivBackward0>)
Memory status after this epoch: 
Memory allocated:  3.28759765625
Memory cached:  148.0
	 epoch  20 training error:  tensor(0.1182, device='cuda:0', grad_fn=<DivBackward0>)
Memory status after this epoch: 
Memory allocated:  3.28759765625
Memory cached:  146.0
	 epoch  30 training error:  tensor(0.0949, device='cuda:0', grad_fn=<DivBackward0>)
Memory status after this epoch: 
Memory allocated:  3.28759765625
Memory cached:  158.0
	 epoch  40 training error:  tensor(0.0574, device='cuda:0', grad_fn=<DivBackward0>)
Memory status after this epoch: 
Memory allocated:  3.28759765625
Memory cached:  156.0
	 epoch  50 training error:  tensor(0.0464, device='cuda:0', grad_fn=<DivBackward0>)
Memory status after this epoch: 
Memory allocated:  3.28759765625
Memory cached:  138.0
	 epoch  60 training error:  tensor(0.0380, device='cuda:0', grad_fn=<DivBackward0>)
Memory status after this epoch: 
Memory allocated:  3.28759765625
Memory cached:  152.0
	 epoch  70 training error:  tensor(0.0413, device='cuda:0', grad_fn=<DivBackward0>)
Memory status after this epoch: 
Memory allocated:  3.28759765625
Memory cached:  156.0
	 epoch  80 training error:  tensor(0.0361, device='cuda:0', grad_fn=<DivBackward0>)
Memory status after this epoch: 
Memory allocated:  3.28759765625
Memory cached:  148.0
	 epoch  90 training error:  tensor(0.0376, device='cuda:0', grad_fn=<DivBackward0>)
Memory status after this epoch: 
Memory allocated:  3.28759765625
Memory cached:  150.0
[I 2023-11-06 12:38:30,250] Trial 26 finished with value: 0.03105420432984829 and parameters: {'W_layers': 5, 'W_layer_units_exponent_0': 5, 'W_layer_units_exponent_1': 9, 'W_layer_units_exponent_2': 7, 'W_layer_units_exponent_3': 5, 'W_layer_units_exponent_4': 7, 'D_layers': 3, 'D_layer_units_exponent_0': 5, 'D_layer_units_exponent_1': 7, 'D_layer_units_exponent_2': 8, 'D_dagger_layers': 6, 'D_dagger_layer_units_exponent_0': 9, 'D_dagger_layer_units_exponent_1': 7, 'D_dagger_layer_units_exponent_2': 6, 'D_dagger_layer_units_exponent_3': 4, 'D_dagger_layer_units_exponent_4': 6, 'D_dagger_layer_units_exponent_5': 4, 'log_learning_rate': -2.7809897209381056, 'log_learning_rate_D': -4.478074641289798, 'log_learning_rate_D_dagger': -3.1643453117305644, 'training_batch_size': 12, 'training_p': 4}. Best is trial 26 with value: 0.03105420432984829.
Time for this trial:  183.73076558113098
Memory status after this trial: 
Memory allocated:  112.072265625
Memory cached:  124.0
--------------------  Trial  27   --------------------
Start timing: 
Parameters: 
{'W_layers': 5, 'W_layer_units_exponent_0': 5, 'W_layer_units_exponent_1': 9, 'W_layer_units_exponent_2': 9, 'W_layer_units_exponent_3': 5, 'W_layer_units_exponent_4': 9, 'D_layers': 3, 'D_layer_units_exponent_0': 8, 'D_layer_units_exponent_1': 7, 'D_layer_units_exponent_2': 8, 'D_dagger_layers': 6, 'D_dagger_layer_units_exponent_0': 9, 'D_dagger_layer_units_exponent_1': 7, 'D_dagger_layer_units_exponent_2': 5, 'D_dagger_layer_units_exponent_3': 4, 'D_dagger_layer_units_exponent_4': 6, 'D_dagger_layer_units_exponent_5': 4, 'log_learning_rate': -2.89640926152474, 'log_learning_rate_D': -4.45078557976996, 'log_learning_rate_D_dagger': -3.081230852317507, 'training_batch_size': 11, 'training_p': 3}
	 epoch  0 training error:  tensor(1.0880, device='cuda:0', grad_fn=<DivBackward0>)
Memory status after this epoch: 
Memory allocated:  7.05126953125
Memory cached:  144.0
	 epoch  10 training error:  tensor(0.1578, device='cuda:0', grad_fn=<DivBackward0>)
Memory status after this epoch: 
Memory allocated:  7.05126953125
Memory cached:  206.0
	 epoch  20 training error:  tensor(0.0625, device='cuda:0', grad_fn=<DivBackward0>)
Memory status after this epoch: 
Memory allocated:  7.05126953125
Memory cached:  198.0
	 epoch  30 training error:  tensor(0.0832, device='cuda:0', grad_fn=<DivBackward0>)
Memory status after this epoch: 
Memory allocated:  7.05126953125
Memory cached:  194.0
	 epoch  40 training error:  tensor(0.0795, device='cuda:0', grad_fn=<DivBackward0>)
Memory status after this epoch: 
Memory allocated:  7.05126953125
Memory cached:  196.0
	 epoch  50 training error:  tensor(0.0527, device='cuda:0', grad_fn=<DivBackward0>)
Memory status after this epoch: 
Memory allocated:  7.05126953125
Memory cached:  198.0
	 epoch  60 training error:  tensor(0.0524, device='cuda:0', grad_fn=<DivBackward0>)
Memory status after this epoch: 
Memory allocated:  7.05126953125
Memory cached:  202.0
	 epoch  70 training error:  tensor(0.0526, device='cuda:0', grad_fn=<DivBackward0>)
Memory status after this epoch: 
Memory allocated:  7.05126953125
Memory cached:  204.0
	 epoch  80 training error:  tensor(0.0465, device='cuda:0', grad_fn=<DivBackward0>)
Memory status after this epoch: 
Memory allocated:  7.05126953125
Memory cached:  196.0
	 epoch  90 training error:  tensor(0.0476, device='cuda:0', grad_fn=<DivBackward0>)
Memory status after this epoch: 
Memory allocated:  7.05126953125
Memory cached:  192.0
[I 2023-11-06 12:41:41,377] Trial 27 finished with value: 0.04423863813281059 and parameters: {'W_layers': 5, 'W_layer_units_exponent_0': 5, 'W_layer_units_exponent_1': 9, 'W_layer_units_exponent_2': 9, 'W_layer_units_exponent_3': 5, 'W_layer_units_exponent_4': 9, 'D_layers': 3, 'D_layer_units_exponent_0': 8, 'D_layer_units_exponent_1': 7, 'D_layer_units_exponent_2': 8, 'D_dagger_layers': 6, 'D_dagger_layer_units_exponent_0': 9, 'D_dagger_layer_units_exponent_1': 7, 'D_dagger_layer_units_exponent_2': 5, 'D_dagger_layer_units_exponent_3': 4, 'D_dagger_layer_units_exponent_4': 6, 'D_dagger_layer_units_exponent_5': 4, 'log_learning_rate': -2.89640926152474, 'log_learning_rate_D': -4.45078557976996, 'log_learning_rate_D_dagger': -3.081230852317507, 'training_batch_size': 11, 'training_p': 3}. Best is trial 26 with value: 0.03105420432984829.
Time for this trial:  190.8424575328827
Memory status after this trial: 
Memory allocated:  165.10400390625
Memory cached:  170.0
--------------------  Trial  28   --------------------
Start timing: 
Parameters: 
{'W_layers': 4, 'W_layer_units_exponent_0': 4, 'W_layer_units_exponent_1': 6, 'W_layer_units_exponent_2': 7, 'W_layer_units_exponent_3': 7, 'D_layers': 4, 'D_layer_units_exponent_0': 4, 'D_layer_units_exponent_1': 6, 'D_layer_units_exponent_2': 8, 'D_layer_units_exponent_3': 5, 'D_dagger_layers': 7, 'D_dagger_layer_units_exponent_0': 10, 'D_dagger_layer_units_exponent_1': 4, 'D_dagger_layer_units_exponent_2': 6, 'D_dagger_layer_units_exponent_3': 6, 'D_dagger_layer_units_exponent_4': 6, 'D_dagger_layer_units_exponent_5': 6, 'D_dagger_layer_units_exponent_6': 4, 'log_learning_rate': -2.359719881390908, 'log_learning_rate_D': -4.522663445374076, 'log_learning_rate_D_dagger': -2.681131648503914, 'training_batch_size': 6, 'training_p': 4}
	 epoch  0 training error:  tensor(1.1072, device='cuda:0', grad_fn=<DivBackward0>)
Memory status after this epoch: 
Memory allocated:  1.46337890625
Memory cached:  98.0
	 epoch  10 training error:  tensor(0.0959, device='cuda:0', grad_fn=<DivBackward0>)
Memory status after this epoch: 
Memory allocated:  1.46337890625
Memory cached:  98.0
	 epoch  20 training error:  tensor(0.0679, device='cuda:0', grad_fn=<DivBackward0>)
Memory status after this epoch: 
Memory allocated:  1.46337890625
Memory cached:  94.0
	 epoch  30 training error:  tensor(0.0742, device='cuda:0', grad_fn=<DivBackward0>)
Memory status after this epoch: 
Memory allocated:  1.46337890625
Memory cached:  104.0
	 epoch  40 training error:  tensor(0.0589, device='cuda:0', grad_fn=<DivBackward0>)
Memory status after this epoch: 
Memory allocated:  1.46337890625
Memory cached:  96.0
	 epoch  50 training error:  tensor(0.0462, device='cuda:0', grad_fn=<DivBackward0>)
Memory status after this epoch: 
Memory allocated:  1.46337890625
Memory cached:  98.0
	 epoch  60 training error:  tensor(0.0471, device='cuda:0', grad_fn=<DivBackward0>)
Memory status after this epoch: 
Memory allocated:  1.46337890625
Memory cached:  100.0
	 epoch  70 training error:  tensor(0.0494, device='cuda:0', grad_fn=<DivBackward0>)
Memory status after this epoch: 
Memory allocated:  1.46337890625
Memory cached:  92.0
	 epoch  80 training error:  tensor(0.0439, device='cuda:0', grad_fn=<DivBackward0>)
Memory status after this epoch: 
Memory allocated:  1.46337890625
Memory cached:  92.0
	 epoch  90 training error:  tensor(0.0461, device='cuda:0', grad_fn=<DivBackward0>)
Memory status after this epoch: 
Memory allocated:  1.46337890625
Memory cached:  96.0
[I 2023-11-06 12:47:43,903] Trial 28 finished with value: 0.03547148033976555 and parameters: {'W_layers': 4, 'W_layer_units_exponent_0': 4, 'W_layer_units_exponent_1': 6, 'W_layer_units_exponent_2': 7, 'W_layer_units_exponent_3': 7, 'D_layers': 4, 'D_layer_units_exponent_0': 4, 'D_layer_units_exponent_1': 6, 'D_layer_units_exponent_2': 8, 'D_layer_units_exponent_3': 5, 'D_dagger_layers': 7, 'D_dagger_layer_units_exponent_0': 10, 'D_dagger_layer_units_exponent_1': 4, 'D_dagger_layer_units_exponent_2': 6, 'D_dagger_layer_units_exponent_3': 6, 'D_dagger_layer_units_exponent_4': 6, 'D_dagger_layer_units_exponent_5': 6, 'D_dagger_layer_units_exponent_6': 4, 'log_learning_rate': -2.359719881390908, 'log_learning_rate_D': -4.522663445374076, 'log_learning_rate_D_dagger': -2.681131648503914, 'training_batch_size': 6, 'training_p': 4}. Best is trial 26 with value: 0.03105420432984829.
Time for this trial:  362.1992344856262
Memory status after this trial: 
Memory allocated:  109.85400390625
Memory cached:  112.0
--------------------  Trial  29   --------------------
Start timing: 
Parameters: 
{'W_layers': 2, 'W_layer_units_exponent_0': 5, 'W_layer_units_exponent_1': 7, 'D_layers': 3, 'D_layer_units_exponent_0': 6, 'D_layer_units_exponent_1': 5, 'D_layer_units_exponent_2': 10, 'D_dagger_layers': 6, 'D_dagger_layer_units_exponent_0': 9, 'D_dagger_layer_units_exponent_1': 6, 'D_dagger_layer_units_exponent_2': 6, 'D_dagger_layer_units_exponent_3': 8, 'D_dagger_layer_units_exponent_4': 7, 'D_dagger_layer_units_exponent_5': 7, 'log_learning_rate': -1.2893387766085842, 'log_learning_rate_D': -4.559585151637459, 'log_learning_rate_D_dagger': -3.1678019088287934, 'training_batch_size': 10, 'training_p': 2}
	 epoch  0 training error:  tensor(0.4819, device='cuda:0', grad_fn=<DivBackward0>)
Memory status after this epoch: 
Memory allocated:  2.34814453125
Memory cached:  88.0
	 epoch  10 training error:  tensor(0.1997, device='cuda:0', grad_fn=<DivBackward0>)
Memory status after this epoch: 
Memory allocated:  2.34814453125
Memory cached:  118.0
	 epoch  20 training error:  tensor(0.1427, device='cuda:0', grad_fn=<DivBackward0>)
Memory status after this epoch: 
Memory allocated:  2.34814453125
Memory cached:  116.0
	 epoch  30 training error:  tensor(0.0810, device='cuda:0', grad_fn=<DivBackward0>)
Memory status after this epoch: 
Memory allocated:  2.34814453125
Memory cached:  114.0
	 epoch  40 training error:  tensor(0.0631, device='cuda:0', grad_fn=<DivBackward0>)
Memory status after this epoch: 
Memory allocated:  2.34814453125
Memory cached:  114.0
	 epoch  50 training error:  tensor(0.0546, device='cuda:0', grad_fn=<DivBackward0>)
Memory status after this epoch: 
Memory allocated:  2.34814453125
Memory cached:  114.0
	 epoch  60 training error:  tensor(0.0502, device='cuda:0', grad_fn=<DivBackward0>)
Memory status after this epoch: 
Memory allocated:  2.34814453125
Memory cached:  118.0
	 epoch  70 training error:  tensor(0.0487, device='cuda:0', grad_fn=<DivBackward0>)
Memory status after this epoch: 
Memory allocated:  2.34814453125
Memory cached:  114.0
	 epoch  80 training error:  tensor(0.0471, device='cuda:0', grad_fn=<DivBackward0>)
Memory status after this epoch: 
Memory allocated:  2.34814453125
Memory cached:  114.0
	 epoch  90 training error:  tensor(0.0461, device='cuda:0', grad_fn=<DivBackward0>)
Memory status after this epoch: 
Memory allocated:  2.34814453125
Memory cached:  112.0
