[I 2023-11-08 20:43:53,422] Trial 37 finished with value: 0.0458696186542511 and parameters: {'W_layers': 6, 'W_layer_units_exponent_0': 6, 'W_layer_units_exponent_1': 9, 'W_layer_units_exponent_2': 5, 'W_layer_units_exponent_3': 4, 'W_layer_units_exponent_4': 8, 'W_layer_units_exponent_5': 6, 'D_layers': 6, 'D_layer_units_exponent_0': 7, 'D_layer_units_exponent_1': 5, 'D_layer_units_exponent_2': 6, 'D_layer_units_exponent_3': 8, 'D_layer_units_exponent_4': 10, 'D_layer_units_exponent_5': 7, 'D_dagger_layers': 6, 'D_dagger_layer_units_exponent_0': 9, 'D_dagger_layer_units_exponent_1': 7, 'D_dagger_layer_units_exponent_2': 6, 'D_dagger_layer_units_exponent_3': 7, 'D_dagger_layer_units_exponent_4': 6, 'D_dagger_layer_units_exponent_5': 4, 'log_learning_rate': -4.256242631892665, 'log_learning_rate_D': -2.473398821608495, 'log_learning_rate_D_dagger': -3.1657835104019347, 'training_batch_size': 12, 'training_p': 5}. Best is trial 30 with value: 0.03039935790002346.
Time for this trial:  221.75614738464355
Memory status after this trial: 
Memory allocated:  191.1923828125
Memory cached:  196.0
--------------------  Trial  38   --------------------
Start timing: 
Parameters: 
{'W_layers': 7, 'W_layer_units_exponent_0': 5, 'W_layer_units_exponent_1': 10, 'W_layer_units_exponent_2': 5, 'W_layer_units_exponent_3': 5, 'W_layer_units_exponent_4': 10, 'W_layer_units_exponent_5': 4, 'W_layer_units_exponent_6': 4, 'D_layers': 5, 'D_layer_units_exponent_0': 8, 'D_layer_units_exponent_1': 8, 'D_layer_units_exponent_2': 9, 'D_layer_units_exponent_3': 5, 'D_layer_units_exponent_4': 9, 'D_dagger_layers': 8, 'D_dagger_layer_units_exponent_0': 8, 'D_dagger_layer_units_exponent_1': 6, 'D_dagger_layer_units_exponent_2': 7, 'D_dagger_layer_units_exponent_3': 6, 'D_dagger_layer_units_exponent_4': 7, 'D_dagger_layer_units_exponent_5': 5, 'D_dagger_layer_units_exponent_6': 8, 'D_dagger_layer_units_exponent_7': 6, 'log_learning_rate': -4.79971865369945, 'log_learning_rate_D': -2.2841494189539366, 'log_learning_rate_D_dagger': -2.9315103162026577, 'training_batch_size': 11, 'training_p': 4}
	 epoch  0 training error:  tensor(1.0663, device='cuda:0', grad_fn=<DivBackward0>)
Memory status after this epoch: 
Memory allocated:  6.57275390625
Memory cached:  134.0
	 epoch  10 training error:  tensor(0.1975, device='cuda:0', grad_fn=<DivBackward0>)
Memory status after this epoch: 
Memory allocated:  6.57275390625
Memory cached:  238.0
	 epoch  20 training error:  tensor(0.0941, device='cuda:0', grad_fn=<DivBackward0>)
Memory status after this epoch: 
Memory allocated:  6.57275390625
Memory cached:  256.0
	 epoch  30 training error:  tensor(0.0910, device='cuda:0', grad_fn=<DivBackward0>)
Memory status after this epoch: 
Memory allocated:  6.57275390625
Memory cached:  254.0
	 epoch  40 training error:  tensor(0.0830, device='cuda:0', grad_fn=<DivBackward0>)
Memory status after this epoch: 
Memory allocated:  6.57275390625
Memory cached:  258.0
	 epoch  50 training error:  tensor(0.0707, device='cuda:0', grad_fn=<DivBackward0>)
Memory status after this epoch: 
Memory allocated:  6.57275390625
Memory cached:  238.0
	 epoch  60 training error:  tensor(0.0601, device='cuda:0', grad_fn=<DivBackward0>)
Memory status after this epoch: 
Memory allocated:  6.57275390625
Memory cached:  256.0
	 epoch  70 training error:  tensor(0.0717, device='cuda:0', grad_fn=<DivBackward0>)
Memory status after this epoch: 
Memory allocated:  6.57275390625
Memory cached:  246.0
	 epoch  80 training error:  tensor(0.0651, device='cuda:0', grad_fn=<DivBackward0>)
Memory status after this epoch: 
Memory allocated:  6.57275390625
Memory cached:  264.0
	 epoch  90 training error:  tensor(0.0588, device='cuda:0', grad_fn=<DivBackward0>)
Memory status after this epoch: 
Memory allocated:  6.57275390625
Memory cached:  250.0
[I 2023-11-08 20:47:59,275] Trial 38 finished with value: 0.039547961205244064 and parameters: {'W_layers': 7, 'W_layer_units_exponent_0': 5, 'W_layer_units_exponent_1': 10, 'W_layer_units_exponent_2': 5, 'W_layer_units_exponent_3': 5, 'W_layer_units_exponent_4': 10, 'W_layer_units_exponent_5': 4, 'W_layer_units_exponent_6': 4, 'D_layers': 5, 'D_layer_units_exponent_0': 8, 'D_layer_units_exponent_1': 8, 'D_layer_units_exponent_2': 9, 'D_layer_units_exponent_3': 5, 'D_layer_units_exponent_4': 9, 'D_dagger_layers': 8, 'D_dagger_layer_units_exponent_0': 8, 'D_dagger_layer_units_exponent_1': 6, 'D_dagger_layer_units_exponent_2': 7, 'D_dagger_layer_units_exponent_3': 6, 'D_dagger_layer_units_exponent_4': 7, 'D_dagger_layer_units_exponent_5': 5, 'D_dagger_layer_units_exponent_6': 8, 'D_dagger_layer_units_exponent_7': 6, 'log_learning_rate': -4.79971865369945, 'log_learning_rate_D': -2.2841494189539366, 'log_learning_rate_D_dagger': -2.9315103162026577, 'training_batch_size': 11, 'training_p': 4}. Best is trial 30 with value: 0.03039935790002346.
Time for this trial:  245.51477646827698
Memory status after this trial: 
Memory allocated:  256.6552734375
Memory cached:  262.0
--------------------  Trial  39   --------------------
Start timing: 
Parameters: 
{'W_layers': 7, 'W_layer_units_exponent_0': 5, 'W_layer_units_exponent_1': 10, 'W_layer_units_exponent_2': 7, 'W_layer_units_exponent_3': 8, 'W_layer_units_exponent_4': 8, 'W_layer_units_exponent_5': 4, 'W_layer_units_exponent_6': 4, 'D_layers': 5, 'D_layer_units_exponent_0': 9, 'D_layer_units_exponent_1': 8, 'D_layer_units_exponent_2': 9, 'D_layer_units_exponent_3': 5, 'D_layer_units_exponent_4': 9, 'D_dagger_layers': 3, 'D_dagger_layer_units_exponent_0': 8, 'D_dagger_layer_units_exponent_1': 6, 'D_dagger_layer_units_exponent_2': 7, 'log_learning_rate': -4.472601335627915, 'log_learning_rate_D': -2.261843816258454, 'log_learning_rate_D_dagger': -2.8847070397881978, 'training_batch_size': 8, 'training_p': 3}
	 epoch  0 training error:  tensor(0.7433, device='cuda:0', grad_fn=<DivBackward0>)
Memory status after this epoch: 
Memory allocated:  9.18017578125
Memory cached:  126.0
	 epoch  10 training error:  tensor(0.4267, device='cuda:0', grad_fn=<DivBackward0>)
Memory status after this epoch: 
Memory allocated:  9.18017578125
Memory cached:  246.0
	 epoch  20 training error:  tensor(0.2213, device='cuda:0', grad_fn=<DivBackward0>)
Memory status after this epoch: 
Memory allocated:  9.18017578125
Memory cached:  240.0
	 epoch  30 training error:  tensor(0.0913, device='cuda:0', grad_fn=<DivBackward0>)
Memory status after this epoch: 
Memory allocated:  9.18017578125
Memory cached:  252.0
	 epoch  40 training error:  tensor(0.0853, device='cuda:0', grad_fn=<DivBackward0>)
Memory status after this epoch: 
Memory allocated:  9.18017578125
Memory cached:  246.0
	 epoch  50 training error:  tensor(0.0847, device='cuda:0', grad_fn=<DivBackward0>)
Memory status after this epoch: 
Memory allocated:  9.18017578125
Memory cached:  230.0
	 epoch  60 training error:  tensor(0.0857, device='cuda:0', grad_fn=<DivBackward0>)
Memory status after this epoch: 
Memory allocated:  9.18017578125
Memory cached:  246.0
	 epoch  70 training error:  tensor(0.0826, device='cuda:0', grad_fn=<DivBackward0>)
Memory status after this epoch: 
Memory allocated:  9.18017578125
Memory cached:  244.0
	 epoch  80 training error:  tensor(0.0817, device='cuda:0', grad_fn=<DivBackward0>)
Memory status after this epoch: 
Memory allocated:  9.18017578125
Memory cached:  242.0
	 epoch  90 training error:  tensor(0.0809, device='cuda:0', grad_fn=<DivBackward0>)
Memory status after this epoch: 
Memory allocated:  9.18017578125
Memory cached:  246.0
[I 2023-11-08 20:51:24,197] Trial 39 finished with value: 0.06785046309232712 and parameters: {'W_layers': 7, 'W_layer_units_exponent_0': 5, 'W_layer_units_exponent_1': 10, 'W_layer_units_exponent_2': 7, 'W_layer_units_exponent_3': 8, 'W_layer_units_exponent_4': 8, 'W_layer_units_exponent_5': 4, 'W_layer_units_exponent_6': 4, 'D_layers': 5, 'D_layer_units_exponent_0': 9, 'D_layer_units_exponent_1': 8, 'D_layer_units_exponent_2': 9, 'D_layer_units_exponent_3': 5, 'D_layer_units_exponent_4': 9, 'D_dagger_layers': 3, 'D_dagger_layer_units_exponent_0': 8, 'D_dagger_layer_units_exponent_1': 6, 'D_dagger_layer_units_exponent_2': 7, 'log_learning_rate': -4.472601335627915, 'log_learning_rate_D': -2.261843816258454, 'log_learning_rate_D_dagger': -2.8847070397881978, 'training_batch_size': 8, 'training_p': 3}. Best is trial 30 with value: 0.03039935790002346.
Time for this trial:  204.61210751533508
Memory status after this trial: 
Memory allocated:  218.515625
Memory cached:  224.0
--------------------  Trial  40   --------------------
Start timing: 
Parameters: 
{'W_layers': 7, 'W_layer_units_exponent_0': 4, 'W_layer_units_exponent_1': 10, 'W_layer_units_exponent_2': 8, 'W_layer_units_exponent_3': 4, 'W_layer_units_exponent_4': 10, 'W_layer_units_exponent_5': 5, 'W_layer_units_exponent_6': 5, 'D_layers': 5, 'D_layer_units_exponent_0': 8, 'D_layer_units_exponent_1': 6, 'D_layer_units_exponent_2': 9, 'D_layer_units_exponent_3': 4, 'D_layer_units_exponent_4': 9, 'D_dagger_layers': 8, 'D_dagger_layer_units_exponent_0': 8, 'D_dagger_layer_units_exponent_1': 5, 'D_dagger_layer_units_exponent_2': 6, 'D_dagger_layer_units_exponent_3': 5, 'D_dagger_layer_units_exponent_4': 8, 'D_dagger_layer_units_exponent_5': 4, 'D_dagger_layer_units_exponent_6': 8, 'D_dagger_layer_units_exponent_7': 6, 'log_learning_rate': -3.5635840614810412, 'log_learning_rate_D': -2.193612248448056, 'log_learning_rate_D_dagger': -2.121253664213623, 'training_batch_size': 12, 'training_p': 4}
	 epoch  0 training error:  tensor(0.9814, device='cuda:0', grad_fn=<DivBackward0>)
Memory status after this epoch: 
Memory allocated:  7.00634765625
Memory cached:  126.0
	 epoch  10 training error:  tensor(0.4645, device='cuda:0', grad_fn=<DivBackward0>)
Memory status after this epoch: 
Memory allocated:  7.00634765625
Memory cached:  262.0
	 epoch  20 training error:  tensor(0.1659, device='cuda:0', grad_fn=<DivBackward0>)
Memory status after this epoch: 
Memory allocated:  7.00634765625
Memory cached:  260.0
	 epoch  30 training error:  tensor(0.0995, device='cuda:0', grad_fn=<DivBackward0>)
Memory status after this epoch: 
Memory allocated:  7.00634765625
Memory cached:  250.0
	 epoch  40 training error:  tensor(0.1115, device='cuda:0', grad_fn=<DivBackward0>)
Memory status after this epoch: 
Memory allocated:  7.00634765625
Memory cached:  260.0
	 epoch  50 training error:  tensor(0.1005, device='cuda:0', grad_fn=<DivBackward0>)
Memory status after this epoch: 
Memory allocated:  7.00634765625
Memory cached:  246.0
	 epoch  60 training error:  tensor(0.0943, device='cuda:0', grad_fn=<DivBackward0>)
Memory status after this epoch: 
Memory allocated:  7.00634765625
Memory cached:  258.0
	 epoch  70 training error:  tensor(0.0917, device='cuda:0', grad_fn=<DivBackward0>)
Memory status after this epoch: 
Memory allocated:  7.00634765625
Memory cached:  252.0
	 epoch  80 training error:  tensor(0.0867, device='cuda:0', grad_fn=<DivBackward0>)
Memory status after this epoch: 
Memory allocated:  7.00634765625
Memory cached:  268.0
	 epoch  90 training error:  tensor(0.0877, device='cuda:0', grad_fn=<DivBackward0>)
Memory status after this epoch: 
Memory allocated:  7.00634765625
Memory cached:  262.0
[I 2023-11-08 20:55:31,596] Trial 40 finished with value: 0.0998433530330658 and parameters: {'W_layers': 7, 'W_layer_units_exponent_0': 4, 'W_layer_units_exponent_1': 10, 'W_layer_units_exponent_2': 8, 'W_layer_units_exponent_3': 4, 'W_layer_units_exponent_4': 10, 'W_layer_units_exponent_5': 5, 'W_layer_units_exponent_6': 5, 'D_layers': 5, 'D_layer_units_exponent_0': 8, 'D_layer_units_exponent_1': 6, 'D_layer_units_exponent_2': 9, 'D_layer_units_exponent_3': 4, 'D_layer_units_exponent_4': 9, 'D_dagger_layers': 8, 'D_dagger_layer_units_exponent_0': 8, 'D_dagger_layer_units_exponent_1': 5, 'D_dagger_layer_units_exponent_2': 6, 'D_dagger_layer_units_exponent_3': 5, 'D_dagger_layer_units_exponent_4': 8, 'D_dagger_layer_units_exponent_5': 4, 'D_dagger_layer_units_exponent_6': 8, 'D_dagger_layer_units_exponent_7': 6, 'log_learning_rate': -3.5635840614810412, 'log_learning_rate_D': -2.193612248448056, 'log_learning_rate_D_dagger': -2.121253664213623, 'training_batch_size': 12, 'training_p': 4}. Best is trial 30 with value: 0.03039935790002346.
Time for this trial:  247.0594825744629
Memory status after this trial: 
Memory allocated:  257.3232421875
Memory cached:  262.0
--------------------  Trial  41   --------------------
Start timing: 
Parameters: 
{'W_layers': 6, 'W_layer_units_exponent_0': 5, 'W_layer_units_exponent_1': 9, 'W_layer_units_exponent_2': 5, 'W_layer_units_exponent_3': 5, 'W_layer_units_exponent_4': 10, 'W_layer_units_exponent_5': 4, 'D_layers': 4, 'D_layer_units_exponent_0': 8, 'D_layer_units_exponent_1': 7, 'D_layer_units_exponent_2': 8, 'D_layer_units_exponent_3': 5, 'D_dagger_layers': 8, 'D_dagger_layer_units_exponent_0': 9, 'D_dagger_layer_units_exponent_1': 6, 'D_dagger_layer_units_exponent_2': 8, 'D_dagger_layer_units_exponent_3': 6, 'D_dagger_layer_units_exponent_4': 7, 'D_dagger_layer_units_exponent_5': 5, 'D_dagger_layer_units_exponent_6': 8, 'D_dagger_layer_units_exponent_7': 8, 'log_learning_rate': -4.782047043682018, 'log_learning_rate_D': -2.774504656227685, 'log_learning_rate_D_dagger': -3.2758062686408613, 'training_batch_size': 11, 'training_p': 5}
	 epoch  0 training error:  tensor(1.0974, device='cuda:0', grad_fn=<DivBackward0>)
Memory status after this epoch: 
Memory allocated:  4.92822265625
Memory cached:  132.0
	 epoch  10 training error:  tensor(0.1937, device='cuda:0', grad_fn=<DivBackward0>)
Memory status after this epoch: 
Memory allocated:  4.92822265625
Memory cached:  226.0
	 epoch  20 training error:  tensor(0.1422, device='cuda:0', grad_fn=<DivBackward0>)
Memory status after this epoch: 
Memory allocated:  4.92822265625
Memory cached:  224.0
	 epoch  30 training error:  tensor(0.0993, device='cuda:0', grad_fn=<DivBackward0>)
Memory status after this epoch: 
Memory allocated:  4.92822265625
Memory cached:  230.0
	 epoch  40 training error:  tensor(0.1083, device='cuda:0', grad_fn=<DivBackward0>)
Memory status after this epoch: 
Memory allocated:  4.92822265625
Memory cached:  238.0
	 epoch  50 training error:  tensor(0.0714, device='cuda:0', grad_fn=<DivBackward0>)
Memory status after this epoch: 
Memory allocated:  4.92822265625
Memory cached:  222.0
	 epoch  60 training error:  tensor(0.0500, device='cuda:0', grad_fn=<DivBackward0>)
Memory status after this epoch: 
Memory allocated:  4.92822265625
Memory cached:  214.0
	 epoch  70 training error:  tensor(0.0415, device='cuda:0', grad_fn=<DivBackward0>)
Memory status after this epoch: 
Memory allocated:  4.92822265625
Memory cached:  228.0
	 epoch  80 training error:  tensor(0.0996, device='cuda:0', grad_fn=<DivBackward0>)
Memory status after this epoch: 
Memory allocated:  4.92822265625
Memory cached:  240.0
	 epoch  90 training error:  tensor(0.0487, device='cuda:0', grad_fn=<DivBackward0>)
Memory status after this epoch: 
Memory allocated:  4.92822265625
Memory cached:  222.0
[I 2023-11-08 20:59:17,361] Trial 41 finished with value: 0.038425520062446594 and parameters: {'W_layers': 6, 'W_layer_units_exponent_0': 5, 'W_layer_units_exponent_1': 9, 'W_layer_units_exponent_2': 5, 'W_layer_units_exponent_3': 5, 'W_layer_units_exponent_4': 10, 'W_layer_units_exponent_5': 4, 'D_layers': 4, 'D_layer_units_exponent_0': 8, 'D_layer_units_exponent_1': 7, 'D_layer_units_exponent_2': 8, 'D_layer_units_exponent_3': 5, 'D_dagger_layers': 8, 'D_dagger_layer_units_exponent_0': 9, 'D_dagger_layer_units_exponent_1': 6, 'D_dagger_layer_units_exponent_2': 8, 'D_dagger_layer_units_exponent_3': 6, 'D_dagger_layer_units_exponent_4': 7, 'D_dagger_layer_units_exponent_5': 5, 'D_dagger_layer_units_exponent_6': 8, 'D_dagger_layer_units_exponent_7': 8, 'log_learning_rate': -4.782047043682018, 'log_learning_rate_D': -2.774504656227685, 'log_learning_rate_D_dagger': -3.2758062686408613, 'training_batch_size': 11, 'training_p': 5}. Best is trial 30 with value: 0.03039935790002346.
Time for this trial:  225.4321949481964
Memory status after this trial: 
Memory allocated:  210.8525390625
Memory cached:  214.0
--------------------  Trial  42   --------------------
Start timing: 
Parameters: 
{'W_layers': 6, 'W_layer_units_exponent_0': 5, 'W_layer_units_exponent_1': 9, 'W_layer_units_exponent_2': 5, 'W_layer_units_exponent_3': 5, 'W_layer_units_exponent_4': 10, 'W_layer_units_exponent_5': 4, 'D_layers': 5, 'D_layer_units_exponent_0': 9, 'D_layer_units_exponent_1': 7, 'D_layer_units_exponent_2': 8, 'D_layer_units_exponent_3': 5, 'D_layer_units_exponent_4': 9, 'D_dagger_layers': 8, 'D_dagger_layer_units_exponent_0': 10, 'D_dagger_layer_units_exponent_1': 6, 'D_dagger_layer_units_exponent_2': 8, 'D_dagger_layer_units_exponent_3': 6, 'D_dagger_layer_units_exponent_4': 7, 'D_dagger_layer_units_exponent_5': 5, 'D_dagger_layer_units_exponent_6': 8, 'D_dagger_layer_units_exponent_7': 8, 'log_learning_rate': -4.948979544189759, 'log_learning_rate_D': -2.8424858504703705, 'log_learning_rate_D_dagger': -3.30703802865031, 'training_batch_size': 12, 'training_p': 4}
	 epoch  0 training error:  tensor(1.1448, device='cuda:0', grad_fn=<DivBackward0>)
Memory status after this epoch: 
Memory allocated:  6.22705078125
Memory cached:  132.0
	 epoch  10 training error:  tensor(0.0949, device='cuda:0', grad_fn=<DivBackward0>)
Memory status after this epoch: 
Memory allocated:  6.22705078125
Memory cached:  256.0
	 epoch  20 training error:  tensor(0.0847, device='cuda:0', grad_fn=<DivBackward0>)
Memory status after this epoch: 
Memory allocated:  6.22705078125
Memory cached:  250.0
	 epoch  30 training error:  tensor(0.0599, device='cuda:0', grad_fn=<DivBackward0>)
Memory status after this epoch: 
Memory allocated:  6.22705078125
Memory cached:  254.0
	 epoch  40 training error:  tensor(0.0526, device='cuda:0', grad_fn=<DivBackward0>)
Memory status after this epoch: 
Memory allocated:  6.22705078125
Memory cached:  256.0
	 epoch  50 training error:  tensor(0.0622, device='cuda:0', grad_fn=<DivBackward0>)
Memory status after this epoch: 
Memory allocated:  6.22705078125
Memory cached:  248.0
	 epoch  60 training error:  tensor(0.0467, device='cuda:0', grad_fn=<DivBackward0>)
Memory status after this epoch: 
Memory allocated:  6.22705078125
Memory cached:  248.0
	 epoch  70 training error:  tensor(0.0374, device='cuda:0', grad_fn=<DivBackward0>)
Memory status after this epoch: 
Memory allocated:  6.22705078125
Memory cached:  270.0
	 epoch  80 training error:  tensor(0.0383, device='cuda:0', grad_fn=<DivBackward0>)
Memory status after this epoch: 
Memory allocated:  6.22705078125
Memory cached:  258.0
	 epoch  90 training error:  tensor(0.1746, device='cuda:0', grad_fn=<DivBackward0>)
Memory status after this epoch: 
Memory allocated:  6.22705078125
Memory cached:  262.0
