[I 2023-11-01 11:04:39,115] Trial 4 finished with value: 1.0 and parameters: {'W_layers': 6, 'W_layer_units_exponent_0': 9, 'W_layer_units_exponent_1': 10, 'W_layer_units_exponent_2': 9, 'W_layer_units_exponent_3': 5, 'W_layer_units_exponent_4': 7, 'W_layer_units_exponent_5': 4, 'D_layers': 4, 'D_layer_units_exponent_0': 4, 'D_layer_units_exponent_1': 8, 'D_layer_units_exponent_2': 9, 'D_layer_units_exponent_3': 8, 'log_learning_rate': -1.4868017333376153, 'log_learning_rate_D': -1.760448825556625, 'training_batch_size': 12, 'training_p': 8}. Best is trial 0 with value: 0.23171578347682953.
Time for this trial:  148.04913210868835
Memory status after this trial: 
Memory allocated:  185.00341796875
Memory cached:  200.0
--------------------  Trial  5   --------------------
Start timing: 
Parameters: 
{'W_layers': 7, 'W_layer_units_exponent_0': 8, 'W_layer_units_exponent_1': 5, 'W_layer_units_exponent_2': 4, 'W_layer_units_exponent_3': 4, 'W_layer_units_exponent_4': 7, 'W_layer_units_exponent_5': 9, 'W_layer_units_exponent_6': 10, 'D_layers': 7, 'D_layer_units_exponent_0': 9, 'D_layer_units_exponent_1': 5, 'D_layer_units_exponent_2': 10, 'D_layer_units_exponent_3': 8, 'D_layer_units_exponent_4': 7, 'D_layer_units_exponent_5': 8, 'D_layer_units_exponent_6': 7, 'log_learning_rate': -2.4913460992816487, 'log_learning_rate_D': -2.455355198031981, 'training_batch_size': 10, 'training_p': 6}
	 epoch  0 training error:  tensor(0.9991, device='cuda:0', grad_fn=<DivBackward0>)
Memory status after this epoch: 
Memory allocated:  15.5595703125
Memory cached:  42.0
	 epoch  10 training error:  tensor(0.4133, device='cuda:0', grad_fn=<DivBackward0>)
Memory status after this epoch: 
Memory allocated:  15.5595703125
Memory cached:  48.0
	 epoch  20 training error:  tensor(0.4245, device='cuda:0', grad_fn=<DivBackward0>)
Memory status after this epoch: 
Memory allocated:  15.5595703125
Memory cached:  48.0
	 epoch  30 training error:  tensor(0.2625, device='cuda:0', grad_fn=<DivBackward0>)
Memory status after this epoch: 
Memory allocated:  15.5595703125
Memory cached:  48.0
	 epoch  40 training error:  tensor(0.2649, device='cuda:0', grad_fn=<DivBackward0>)
Memory status after this epoch: 
Memory allocated:  15.5595703125
Memory cached:  48.0
	 epoch  50 training error:  tensor(0.2579, device='cuda:0', grad_fn=<DivBackward0>)
Memory status after this epoch: 
Memory allocated:  15.5595703125
Memory cached:  48.0
	 epoch  60 training error:  tensor(0.2591, device='cuda:0', grad_fn=<DivBackward0>)
Memory status after this epoch: 
Memory allocated:  15.5595703125
Memory cached:  48.0
	 epoch  70 training error:  tensor(0.2586, device='cuda:0', grad_fn=<DivBackward0>)
Memory status after this epoch: 
Memory allocated:  15.5595703125
Memory cached:  48.0
	 epoch  80 training error:  tensor(0.2580, device='cuda:0', grad_fn=<DivBackward0>)
Memory status after this epoch: 
Memory allocated:  15.5595703125
Memory cached:  48.0
	 epoch  90 training error:  tensor(0.2577, device='cuda:0', grad_fn=<DivBackward0>)
Memory status after this epoch: 
Memory allocated:  15.5595703125
Memory cached:  48.0
[I 2023-11-01 11:07:44,145] Trial 5 finished with value: 0.22946058213710785 and parameters: {'W_layers': 7, 'W_layer_units_exponent_0': 8, 'W_layer_units_exponent_1': 5, 'W_layer_units_exponent_2': 4, 'W_layer_units_exponent_3': 4, 'W_layer_units_exponent_4': 7, 'W_layer_units_exponent_5': 9, 'W_layer_units_exponent_6': 10, 'D_layers': 7, 'D_layer_units_exponent_0': 9, 'D_layer_units_exponent_1': 5, 'D_layer_units_exponent_2': 10, 'D_layer_units_exponent_3': 8, 'D_layer_units_exponent_4': 7, 'D_layer_units_exponent_5': 8, 'D_layer_units_exponent_6': 7, 'log_learning_rate': -2.4913460992816487, 'log_learning_rate_D': -2.455355198031981, 'training_batch_size': 10, 'training_p': 6}. Best is trial 5 with value: 0.22946058213710785.
Time for this trial:  184.8848123550415
Memory status after this trial: 
Memory allocated:  238.22900390625
Memory cached:  260.0
--------------------  Trial  6   --------------------
Start timing: 
Parameters: 
{'W_layers': 2, 'W_layer_units_exponent_0': 4, 'W_layer_units_exponent_1': 5, 'D_layers': 2, 'D_layer_units_exponent_0': 5, 'D_layer_units_exponent_1': 6, 'log_learning_rate': -2.740346306247191, 'log_learning_rate_D': -3.2830210186437756, 'training_batch_size': 9, 'training_p': 2}
	 epoch  0 training error:  tensor(0.9471, device='cuda:0', grad_fn=<DivBackward0>)
Memory status after this epoch: 
Memory allocated:  0.0908203125
Memory cached:  4.0
	 epoch  10 training error:  tensor(0.2817, device='cuda:0', grad_fn=<DivBackward0>)
Memory status after this epoch: 
Memory allocated:  0.0908203125
Memory cached:  4.0
	 epoch  20 training error:  tensor(0.2758, device='cuda:0', grad_fn=<DivBackward0>)
Memory status after this epoch: 
Memory allocated:  0.0908203125
Memory cached:  4.0
	 epoch  30 training error:  tensor(0.2583, device='cuda:0', grad_fn=<DivBackward0>)
Memory status after this epoch: 
Memory allocated:  0.0908203125
Memory cached:  4.0
	 epoch  40 training error:  tensor(0.2407, device='cuda:0', grad_fn=<DivBackward0>)
Memory status after this epoch: 
Memory allocated:  0.0908203125
Memory cached:  4.0
	 epoch  50 training error:  tensor(0.2389, device='cuda:0', grad_fn=<DivBackward0>)
Memory status after this epoch: 
Memory allocated:  0.0908203125
Memory cached:  4.0
	 epoch  60 training error:  tensor(0.2387, device='cuda:0', grad_fn=<DivBackward0>)
Memory status after this epoch: 
Memory allocated:  0.0908203125
Memory cached:  4.0
	 epoch  70 training error:  tensor(0.2382, device='cuda:0', grad_fn=<DivBackward0>)
Memory status after this epoch: 
Memory allocated:  0.0908203125
Memory cached:  4.0
	 epoch  80 training error:  tensor(0.2377, device='cuda:0', grad_fn=<DivBackward0>)
Memory status after this epoch: 
Memory allocated:  0.0908203125
Memory cached:  4.0
	 epoch  90 training error:  tensor(0.2374, device='cuda:0', grad_fn=<DivBackward0>)
Memory status after this epoch: 
Memory allocated:  0.0908203125
Memory cached:  4.0
[I 2023-11-01 11:09:05,723] Trial 6 finished with value: 0.23356805741786957 and parameters: {'W_layers': 2, 'W_layer_units_exponent_0': 4, 'W_layer_units_exponent_1': 5, 'D_layers': 2, 'D_layer_units_exponent_0': 5, 'D_layer_units_exponent_1': 6, 'log_learning_rate': -2.740346306247191, 'log_learning_rate_D': -3.2830210186437756, 'training_batch_size': 9, 'training_p': 2}. Best is trial 5 with value: 0.22946058213710785.
Time for this trial:  81.45077347755432
Memory status after this trial: 
Memory allocated:  8.49755859375
Memory cached:  10.0
--------------------  Trial  7   --------------------
Start timing: 
Parameters: 
{'W_layers': 7, 'W_layer_units_exponent_0': 5, 'W_layer_units_exponent_1': 10, 'W_layer_units_exponent_2': 10, 'W_layer_units_exponent_3': 4, 'W_layer_units_exponent_4': 9, 'W_layer_units_exponent_5': 7, 'W_layer_units_exponent_6': 8, 'D_layers': 6, 'D_layer_units_exponent_0': 8, 'D_layer_units_exponent_1': 8, 'D_layer_units_exponent_2': 9, 'D_layer_units_exponent_3': 5, 'D_layer_units_exponent_4': 8, 'D_layer_units_exponent_5': 7, 'log_learning_rate': -4.211259994294368, 'log_learning_rate_D': -2.516800381922915, 'training_batch_size': 6, 'training_p': 2}
	 epoch  0 training error:  tensor(0.9884, device='cuda:0', grad_fn=<DivBackward0>)
Memory status after this epoch: 
Memory allocated:  22.3466796875
Memory cached:  36.0
	 epoch  10 training error:  tensor(0.2753, device='cuda:0', grad_fn=<DivBackward0>)
Memory status after this epoch: 
Memory allocated:  22.3466796875
Memory cached:  36.0
	 epoch  20 training error:  tensor(0.2502, device='cuda:0', grad_fn=<DivBackward0>)
Memory status after this epoch: 
Memory allocated:  22.3466796875
Memory cached:  38.0
	 epoch  30 training error:  tensor(0.2394, device='cuda:0', grad_fn=<DivBackward0>)
Memory status after this epoch: 
Memory allocated:  22.3466796875
Memory cached:  38.0
	 epoch  40 training error:  tensor(0.2382, device='cuda:0', grad_fn=<DivBackward0>)
Memory status after this epoch: 
Memory allocated:  22.3466796875
Memory cached:  38.0
	 epoch  50 training error:  tensor(0.2380, device='cuda:0', grad_fn=<DivBackward0>)
Memory status after this epoch: 
Memory allocated:  22.3466796875
Memory cached:  38.0
	 epoch  60 training error:  tensor(0.2381, device='cuda:0', grad_fn=<DivBackward0>)
Memory status after this epoch: 
Memory allocated:  22.3466796875
Memory cached:  38.0
	 epoch  70 training error:  tensor(0.2380, device='cuda:0', grad_fn=<DivBackward0>)
Memory status after this epoch: 
Memory allocated:  22.3466796875
Memory cached:  38.0
	 epoch  80 training error:  tensor(0.2381, device='cuda:0', grad_fn=<DivBackward0>)
Memory status after this epoch: 
Memory allocated:  22.3466796875
Memory cached:  38.0
	 epoch  90 training error:  tensor(0.2382, device='cuda:0', grad_fn=<DivBackward0>)
Memory status after this epoch: 
Memory allocated:  22.3466796875
Memory cached:  38.0
[I 2023-11-01 11:14:19,085] Trial 7 finished with value: 0.2311638444662094 and parameters: {'W_layers': 7, 'W_layer_units_exponent_0': 5, 'W_layer_units_exponent_1': 10, 'W_layer_units_exponent_2': 10, 'W_layer_units_exponent_3': 4, 'W_layer_units_exponent_4': 9, 'W_layer_units_exponent_5': 7, 'W_layer_units_exponent_6': 8, 'D_layers': 6, 'D_layer_units_exponent_0': 8, 'D_layer_units_exponent_1': 8, 'D_layer_units_exponent_2': 9, 'D_layer_units_exponent_3': 5, 'D_layer_units_exponent_4': 8, 'D_layer_units_exponent_5': 7, 'log_learning_rate': -4.211259994294368, 'log_learning_rate_D': -2.516800381922915, 'training_batch_size': 6, 'training_p': 2}. Best is trial 5 with value: 0.22946058213710785.
Time for this trial:  313.2154748439789
Memory status after this trial: 
Memory allocated:  247.92431640625
Memory cached:  264.0
--------------------  Trial  8   --------------------
Start timing: 
Parameters: 
{'W_layers': 3, 'W_layer_units_exponent_0': 7, 'W_layer_units_exponent_1': 9, 'W_layer_units_exponent_2': 6, 'D_layers': 8, 'D_layer_units_exponent_0': 5, 'D_layer_units_exponent_1': 6, 'D_layer_units_exponent_2': 8, 'D_layer_units_exponent_3': 7, 'D_layer_units_exponent_4': 10, 'D_layer_units_exponent_5': 4, 'D_layer_units_exponent_6': 5, 'D_layer_units_exponent_7': 6, 'log_learning_rate': -2.2014697734543964, 'log_learning_rate_D': -2.8973244755801506, 'training_batch_size': 9, 'training_p': 2}
	 epoch  0 training error:  tensor(1.0970, device='cuda:0', grad_fn=<DivBackward0>)
Memory status after this epoch: 
Memory allocated:  4.6591796875
Memory cached:  16.0
	 epoch  10 training error:  tensor(1.0001, device='cuda:0', grad_fn=<DivBackward0>)
Memory status after this epoch: 
Memory allocated:  4.6591796875
Memory cached:  20.0
	 epoch  20 training error:  tensor(1.0002, device='cuda:0', grad_fn=<DivBackward0>)
Memory status after this epoch: 
Memory allocated:  4.6591796875
Memory cached:  20.0
	 epoch  30 training error:  tensor(0.9993, device='cuda:0', grad_fn=<DivBackward0>)
Memory status after this epoch: 
Memory allocated:  4.6591796875
Memory cached:  20.0
	 epoch  40 training error:  tensor(0.9934, device='cuda:0', grad_fn=<DivBackward0>)
Memory status after this epoch: 
Memory allocated:  4.6591796875
Memory cached:  20.0
	 epoch  50 training error:  tensor(1.5808, device='cuda:0', grad_fn=<DivBackward0>)
Memory status after this epoch: 
Memory allocated:  4.6591796875
Memory cached:  20.0
	 epoch  60 training error:  tensor(0.4438, device='cuda:0', grad_fn=<DivBackward0>)
Memory status after this epoch: 
Memory allocated:  4.6591796875
Memory cached:  20.0
	 epoch  70 training error:  tensor(0.2779, device='cuda:0', grad_fn=<DivBackward0>)
Memory status after this epoch: 
Memory allocated:  4.6591796875
Memory cached:  20.0
	 epoch  80 training error:  tensor(0.2500, device='cuda:0', grad_fn=<DivBackward0>)
Memory status after this epoch: 
Memory allocated:  4.6591796875
Memory cached:  20.0
	 epoch  90 training error:  tensor(0.2421, device='cuda:0', grad_fn=<DivBackward0>)
Memory status after this epoch: 
Memory allocated:  4.6591796875
Memory cached:  20.0
[I 2023-11-01 11:16:51,858] Trial 8 finished with value: 0.2395380288362503 and parameters: {'W_layers': 3, 'W_layer_units_exponent_0': 7, 'W_layer_units_exponent_1': 9, 'W_layer_units_exponent_2': 6, 'D_layers': 8, 'D_layer_units_exponent_0': 5, 'D_layer_units_exponent_1': 6, 'D_layer_units_exponent_2': 8, 'D_layer_units_exponent_3': 7, 'D_layer_units_exponent_4': 10, 'D_layer_units_exponent_5': 4, 'D_layer_units_exponent_6': 5, 'D_layer_units_exponent_7': 6, 'log_learning_rate': -2.2014697734543964, 'log_learning_rate_D': -2.8973244755801506, 'training_batch_size': 9, 'training_p': 2}. Best is trial 5 with value: 0.22946058213710785.
Time for this trial:  152.6300060749054
Memory status after this trial: 
Memory allocated:  126.17919921875
Memory cached:  130.0
--------------------  Trial  9   --------------------
Start timing: 
Parameters: 
{'W_layers': 2, 'W_layer_units_exponent_0': 6, 'W_layer_units_exponent_1': 6, 'D_layers': 7, 'D_layer_units_exponent_0': 9, 'D_layer_units_exponent_1': 7, 'D_layer_units_exponent_2': 7, 'D_layer_units_exponent_3': 9, 'D_layer_units_exponent_4': 9, 'D_layer_units_exponent_5': 6, 'D_layer_units_exponent_6': 5, 'log_learning_rate': -4.173915432857503, 'log_learning_rate_D': -4.464810407487249, 'training_batch_size': 10, 'training_p': 2}
	 epoch  0 training error:  tensor(0.8692, device='cuda:0', grad_fn=<DivBackward0>)
Memory status after this epoch: 
Memory allocated:  6.9287109375
Memory cached:  16.0
	 epoch  10 training error:  tensor(0.7188, device='cuda:0', grad_fn=<DivBackward0>)
Memory status after this epoch: 
Memory allocated:  6.9287109375
Memory cached:  18.0
	 epoch  20 training error:  tensor(0.5724, device='cuda:0', grad_fn=<DivBackward0>)
Memory status after this epoch: 
Memory allocated:  6.9287109375
Memory cached:  18.0
	 epoch  30 training error:  tensor(0.4336, device='cuda:0', grad_fn=<DivBackward0>)
Memory status after this epoch: 
Memory allocated:  6.9287109375
Memory cached:  18.0
	 epoch  40 training error:  tensor(0.3154, device='cuda:0', grad_fn=<DivBackward0>)
Memory status after this epoch: 
Memory allocated:  6.9287109375
Memory cached:  18.0
	 epoch  50 training error:  tensor(0.2497, device='cuda:0', grad_fn=<DivBackward0>)
Memory status after this epoch: 
Memory allocated:  6.9287109375
Memory cached:  18.0
	 epoch  60 training error:  tensor(0.2386, device='cuda:0', grad_fn=<DivBackward0>)
Memory status after this epoch: 
Memory allocated:  6.9287109375
Memory cached:  18.0
	 epoch  70 training error:  tensor(0.2411, device='cuda:0', grad_fn=<DivBackward0>)
Memory status after this epoch: 
Memory allocated:  6.9287109375
Memory cached:  18.0
	 epoch  80 training error:  tensor(0.2394, device='cuda:0', grad_fn=<DivBackward0>)
Memory status after this epoch: 
Memory allocated:  6.9287109375
Memory cached:  18.0
	 epoch  90 training error:  tensor(0.2383, device='cuda:0', grad_fn=<DivBackward0>)
Memory status after this epoch: 
Memory allocated:  6.9287109375
Memory cached:  18.0
[I 2023-11-01 11:19:04,129] Trial 9 finished with value: 0.23209011554718018 and parameters: {'W_layers': 2, 'W_layer_units_exponent_0': 6, 'W_layer_units_exponent_1': 6, 'D_layers': 7, 'D_layer_units_exponent_0': 9, 'D_layer_units_exponent_1': 7, 'D_layer_units_exponent_2': 7, 'D_layer_units_exponent_3': 9, 'D_layer_units_exponent_4': 9, 'D_layer_units_exponent_5': 6, 'D_layer_units_exponent_6': 5, 'log_learning_rate': -4.173915432857503, 'log_learning_rate_D': -4.464810407487249, 'training_batch_size': 10, 'training_p': 2}. Best is trial 5 with value: 0.22946058213710785.
Time for this trial:  132.10952234268188
Memory status after this trial: 
Memory allocated:  110.76416015625
Memory cached:  116.0
--------------------  Trial  10   --------------------
Start timing: 
Parameters: 
{'W_layers': 5, 'W_layer_units_exponent_0': 10, 'W_layer_units_exponent_1': 4, 'W_layer_units_exponent_2': 4, 'W_layer_units_exponent_3': 10, 'W_layer_units_exponent_4': 10, 'D_layers': 6, 'D_layer_units_exponent_0': 8, 'D_layer_units_exponent_1': 4, 'D_layer_units_exponent_2': 10, 'D_layer_units_exponent_3': 5, 'D_layer_units_exponent_4': 7, 'D_layer_units_exponent_5': 10, 'log_learning_rate': -4.942846115121867, 'log_learning_rate_D': -1.0461831219726487, 'training_batch_size': 12, 'training_p': 5}
	 epoch  0 training error:  tensor(0.9471, device='cuda:0', grad_fn=<DivBackward0>)
Memory status after this epoch: 
Memory allocated:  19.5732421875
Memory cached:  40.0
	 epoch  10 training error:  tensor(0.6666, device='cuda:0', grad_fn=<DivBackward0>)
Memory status after this epoch: 
Memory allocated:  19.5732421875
Memory cached:  44.0
	 epoch  20 training error:  tensor(0.3038, device='cuda:0', grad_fn=<DivBackward0>)
Memory status after this epoch: 
Memory allocated:  19.5732421875
Memory cached:  44.0
	 epoch  30 training error:  tensor(0.3135, device='cuda:0', grad_fn=<DivBackward0>)
Memory status after this epoch: 
Memory allocated:  19.5732421875
Memory cached:  44.0
	 epoch  40 training error:  tensor(0.2627, device='cuda:0', grad_fn=<DivBackward0>)
Memory status after this epoch: 
Memory allocated:  19.5732421875
Memory cached:  44.0
	 epoch  50 training error:  tensor(0.2563, device='cuda:0', grad_fn=<DivBackward0>)
Memory status after this epoch: 
Memory allocated:  19.5732421875
Memory cached:  44.0
	 epoch  60 training error:  tensor(0.2576, device='cuda:0', grad_fn=<DivBackward0>)
Memory status after this epoch: 
Memory allocated:  19.5732421875
Memory cached:  44.0
	 epoch  70 training error:  tensor(0.2566, device='cuda:0', grad_fn=<DivBackward0>)
Memory status after this epoch: 
Memory allocated:  19.5732421875
Memory cached:  44.0
	 epoch  80 training error:  tensor(0.2558, device='cuda:0', grad_fn=<DivBackward0>)
Memory status after this epoch: 
Memory allocated:  19.5732421875
Memory cached:  44.0
	 epoch  90 training error:  tensor(0.2556, device='cuda:0', grad_fn=<DivBackward0>)
Memory status after this epoch: 
Memory allocated:  19.5732421875
Memory cached:  44.0
[I 2023-11-01 11:21:55,952] Trial 10 finished with value: 0.22964178025722504 and parameters: {'W_layers': 5, 'W_layer_units_exponent_0': 10, 'W_layer_units_exponent_1': 4, 'W_layer_units_exponent_2': 4, 'W_layer_units_exponent_3': 10, 'W_layer_units_exponent_4': 10, 'D_layers': 6, 'D_layer_units_exponent_0': 8, 'D_layer_units_exponent_1': 4, 'D_layer_units_exponent_2': 10, 'D_layer_units_exponent_3': 5, 'D_layer_units_exponent_4': 7, 'D_layer_units_exponent_5': 10, 'log_learning_rate': -4.942846115121867, 'log_learning_rate_D': -1.0461831219726487, 'training_batch_size': 12, 'training_p': 5}. Best is trial 5 with value: 0.22946058213710785.
Time for this trial:  171.61636447906494
Memory status after this trial: 
Memory allocated:  307.8330078125
Memory cached:  322.0
--------------------  Trial  11   --------------------
Start timing: 
Parameters: 
{'W_layers': 5, 'W_layer_units_exponent_0': 10, 'W_layer_units_exponent_1': 4, 'W_layer_units_exponent_2': 4, 'W_layer_units_exponent_3': 10, 'W_layer_units_exponent_4': 10, 'D_layers': 6, 'D_layer_units_exponent_0': 8, 'D_layer_units_exponent_1': 4, 'D_layer_units_exponent_2': 10, 'D_layer_units_exponent_3': 4, 'D_layer_units_exponent_4': 7, 'D_layer_units_exponent_5': 10, 'log_learning_rate': -4.731497218721476, 'log_learning_rate_D': -1.2267972466103756, 'training_batch_size': 12, 'training_p': 5}
	 epoch  0 training error:  tensor(1.0228, device='cuda:0', grad_fn=<DivBackward0>)
Memory status after this epoch: 
Memory allocated:  19.2919921875
Memory cached:  40.0
	 epoch  10 training error:  tensor(0.7951, device='cuda:0', grad_fn=<DivBackward0>)
Memory status after this epoch: 
Memory allocated:  19.2919921875
Memory cached:  44.0
	 epoch  20 training error:  tensor(0.5285, device='cuda:0', grad_fn=<DivBackward0>)
Memory status after this epoch: 
Memory allocated:  19.2919921875
Memory cached:  46.0
	 epoch  30 training error:  tensor(0.3271, device='cuda:0', grad_fn=<DivBackward0>)
Memory status after this epoch: 
Memory allocated:  19.2919921875
Memory cached:  46.0
	 epoch  40 training error:  tensor(0.2707, device='cuda:0', grad_fn=<DivBackward0>)
Memory status after this epoch: 
Memory allocated:  19.2919921875
Memory cached:  48.0
	 epoch  50 training error:  tensor(0.2574, device='cuda:0', grad_fn=<DivBackward0>)
Memory status after this epoch: 
Memory allocated:  19.2919921875
Memory cached:  44.0
	 epoch  60 training error:  tensor(0.2564, device='cuda:0', grad_fn=<DivBackward0>)
Memory status after this epoch: 
Memory allocated:  19.2919921875
Memory cached:  46.0
	 epoch  70 training error:  tensor(0.2559, device='cuda:0', grad_fn=<DivBackward0>)
Memory status after this epoch: 
Memory allocated:  19.2919921875
Memory cached:  44.0
	 epoch  80 training error:  tensor(0.2558, device='cuda:0', grad_fn=<DivBackward0>)
Memory status after this epoch: 
Memory allocated:  19.2919921875
Memory cached:  44.0
	 epoch  90 training error:  tensor(0.2557, device='cuda:0', grad_fn=<DivBackward0>)
Memory status after this epoch: 
Memory allocated:  19.2919921875
Memory cached:  46.0
