[I 2023-11-04 05:43:15,800] Trial 16 finished with value: 0.037072427570819855 and parameters: {'W_layers': 4, 'W_layer_units_exponent_0': 9, 'W_layer_units_exponent_1': 4, 'W_layer_units_exponent_2': 7, 'W_layer_units_exponent_3': 7, 'D_layers': 6, 'D_layer_units_exponent_0': 8, 'D_layer_units_exponent_1': 6, 'D_layer_units_exponent_2': 9, 'D_layer_units_exponent_3': 6, 'D_layer_units_exponent_4': 8, 'D_layer_units_exponent_5': 4, 'log_learning_rate': -3.6812991171256297, 'log_learning_rate_D': -3.6829964131362756, 'training_batch_size': 8, 'training_p': 6}. Best is trial 15 with value: 0.03537153825163841.
Time for this trial:  146.00537657737732
Memory status after this trial: 
Memory allocated:  105.78076171875
Memory cached:  108.0
--------------------  Trial  17   --------------------
Start timing: 
Parameters: 
{'W_layers': 4, 'W_layer_units_exponent_0': 9, 'W_layer_units_exponent_1': 4, 'W_layer_units_exponent_2': 7, 'W_layer_units_exponent_3': 7, 'D_layers': 4, 'D_layer_units_exponent_0': 7, 'D_layer_units_exponent_1': 8, 'D_layer_units_exponent_2': 9, 'D_layer_units_exponent_3': 6, 'log_learning_rate': -3.6142828733250747, 'log_learning_rate_D': -3.696506676694119, 'training_batch_size': 8, 'training_p': 6}
	 epoch  0 training error:  tensor(1.1203, device='cuda:0', grad_fn=<DivBackward0>)
Memory status after this epoch: 
Memory allocated:  3.5654296875
Memory cached:  12.0
	 epoch  10 training error:  tensor(0.2793, device='cuda:0', grad_fn=<DivBackward0>)
Memory status after this epoch: 
Memory allocated:  3.5654296875
Memory cached:  16.0
	 epoch  20 training error:  tensor(0.1308, device='cuda:0', grad_fn=<DivBackward0>)
Memory status after this epoch: 
Memory allocated:  3.5654296875
Memory cached:  16.0
	 epoch  30 training error:  tensor(0.0996, device='cuda:0', grad_fn=<DivBackward0>)
Memory status after this epoch: 
Memory allocated:  3.5654296875
Memory cached:  16.0
	 epoch  40 training error:  tensor(0.0553, device='cuda:0', grad_fn=<DivBackward0>)
Memory status after this epoch: 
Memory allocated:  3.5654296875
Memory cached:  16.0
	 epoch  50 training error:  tensor(0.0530, device='cuda:0', grad_fn=<DivBackward0>)
Memory status after this epoch: 
Memory allocated:  3.5654296875
Memory cached:  16.0
	 epoch  60 training error:  tensor(0.0493, device='cuda:0', grad_fn=<DivBackward0>)
Memory status after this epoch: 
Memory allocated:  3.5654296875
Memory cached:  16.0
	 epoch  70 training error:  tensor(0.0440, device='cuda:0', grad_fn=<DivBackward0>)
Memory status after this epoch: 
Memory allocated:  3.5654296875
Memory cached:  16.0
	 epoch  80 training error:  tensor(0.0403, device='cuda:0', grad_fn=<DivBackward0>)
Memory status after this epoch: 
Memory allocated:  3.5654296875
Memory cached:  16.0
	 epoch  90 training error:  tensor(0.0394, device='cuda:0', grad_fn=<DivBackward0>)
Memory status after this epoch: 
Memory allocated:  3.5654296875
Memory cached:  16.0
[I 2023-11-04 05:45:21,059] Trial 17 finished with value: 0.03482046723365784 and parameters: {'W_layers': 4, 'W_layer_units_exponent_0': 9, 'W_layer_units_exponent_1': 4, 'W_layer_units_exponent_2': 7, 'W_layer_units_exponent_3': 7, 'D_layers': 4, 'D_layer_units_exponent_0': 7, 'D_layer_units_exponent_1': 8, 'D_layer_units_exponent_2': 9, 'D_layer_units_exponent_3': 6, 'log_learning_rate': -3.6142828733250747, 'log_learning_rate_D': -3.696506676694119, 'training_batch_size': 8, 'training_p': 6}. Best is trial 17 with value: 0.03482046723365784.
Time for this trial:  124.96539545059204
Memory status after this trial: 
Memory allocated:  95.322265625
Memory cached:  98.0
--------------------  Trial  18   --------------------
Start timing: 
Parameters: 
{'W_layers': 5, 'W_layer_units_exponent_0': 9, 'W_layer_units_exponent_1': 5, 'W_layer_units_exponent_2': 6, 'W_layer_units_exponent_3': 7, 'W_layer_units_exponent_4': 9, 'D_layers': 4, 'D_layer_units_exponent_0': 7, 'D_layer_units_exponent_1': 9, 'D_layer_units_exponent_2': 9, 'D_layer_units_exponent_3': 6, 'log_learning_rate': -3.5317311283013626, 'log_learning_rate_D': -3.0239041500607997, 'training_batch_size': 10, 'training_p': 7}
	 epoch  0 training error:  tensor(0.9856, device='cuda:0', grad_fn=<DivBackward0>)
Memory status after this epoch: 
Memory allocated:  7.0830078125
Memory cached:  12.0
	 epoch  10 training error:  tensor(0.1849, device='cuda:0', grad_fn=<DivBackward0>)
Memory status after this epoch: 
Memory allocated:  7.0830078125
Memory cached:  16.0
	 epoch  20 training error:  tensor(0.0768, device='cuda:0', grad_fn=<DivBackward0>)
Memory status after this epoch: 
Memory allocated:  7.0830078125
Memory cached:  16.0
	 epoch  30 training error:  tensor(0.0558, device='cuda:0', grad_fn=<DivBackward0>)
Memory status after this epoch: 
Memory allocated:  7.0830078125
Memory cached:  16.0
	 epoch  40 training error:  tensor(0.0480, device='cuda:0', grad_fn=<DivBackward0>)
Memory status after this epoch: 
Memory allocated:  7.0830078125
Memory cached:  16.0
	 epoch  50 training error:  tensor(0.0483, device='cuda:0', grad_fn=<DivBackward0>)
Memory status after this epoch: 
Memory allocated:  7.0830078125
Memory cached:  16.0
	 epoch  60 training error:  tensor(0.0466, device='cuda:0', grad_fn=<DivBackward0>)
Memory status after this epoch: 
Memory allocated:  7.0830078125
Memory cached:  16.0
	 epoch  70 training error:  tensor(0.0466, device='cuda:0', grad_fn=<DivBackward0>)
Memory status after this epoch: 
Memory allocated:  7.0830078125
Memory cached:  16.0
	 epoch  80 training error:  tensor(0.0411, device='cuda:0', grad_fn=<DivBackward0>)
Memory status after this epoch: 
Memory allocated:  7.0830078125
Memory cached:  16.0
	 epoch  90 training error:  tensor(0.0420, device='cuda:0', grad_fn=<DivBackward0>)
Memory status after this epoch: 
Memory allocated:  7.0830078125
Memory cached:  16.0
[I 2023-11-04 05:47:38,276] Trial 18 finished with value: 0.036525484174489975 and parameters: {'W_layers': 5, 'W_layer_units_exponent_0': 9, 'W_layer_units_exponent_1': 5, 'W_layer_units_exponent_2': 6, 'W_layer_units_exponent_3': 7, 'W_layer_units_exponent_4': 9, 'D_layers': 4, 'D_layer_units_exponent_0': 7, 'D_layer_units_exponent_1': 9, 'D_layer_units_exponent_2': 9, 'D_layer_units_exponent_3': 6, 'log_learning_rate': -3.5317311283013626, 'log_learning_rate_D': -3.0239041500607997, 'training_batch_size': 10, 'training_p': 7}. Best is trial 17 with value: 0.03482046723365784.
Time for this trial:  137.00157761573792
Memory status after this trial: 
Memory allocated:  135.2255859375
Memory cached:  140.0
--------------------  Trial  19   --------------------
Start timing: 
Parameters: 
{'W_layers': 6, 'W_layer_units_exponent_0': 9, 'W_layer_units_exponent_1': 4, 'W_layer_units_exponent_2': 6, 'W_layer_units_exponent_3': 6, 'W_layer_units_exponent_4': 4, 'W_layer_units_exponent_5': 5, 'D_layers': 4, 'D_layer_units_exponent_0': 7, 'D_layer_units_exponent_1': 8, 'D_layer_units_exponent_2': 9, 'D_layer_units_exponent_3': 5, 'log_learning_rate': -2.5331741549622, 'log_learning_rate_D': -3.7454774078382846, 'training_batch_size': 8, 'training_p': 6}
	 epoch  0 training error:  tensor(1.0161, device='cuda:0', grad_fn=<DivBackward0>)
Memory status after this epoch: 
Memory allocated:  3.1396484375
Memory cached:  10.0
	 epoch  10 training error:  tensor(0.2144, device='cuda:0', grad_fn=<DivBackward0>)
Memory status after this epoch: 
Memory allocated:  3.1396484375
Memory cached:  16.0
	 epoch  20 training error:  tensor(0.0781, device='cuda:0', grad_fn=<DivBackward0>)
Memory status after this epoch: 
Memory allocated:  3.1396484375
Memory cached:  16.0
	 epoch  30 training error:  tensor(0.1040, device='cuda:0', grad_fn=<DivBackward0>)
Memory status after this epoch: 
Memory allocated:  3.1396484375
Memory cached:  16.0
	 epoch  40 training error:  tensor(0.0865, device='cuda:0', grad_fn=<DivBackward0>)
Memory status after this epoch: 
Memory allocated:  3.1396484375
Memory cached:  18.0
	 epoch  50 training error:  tensor(0.0415, device='cuda:0', grad_fn=<DivBackward0>)
Memory status after this epoch: 
Memory allocated:  3.1396484375
Memory cached:  16.0
	 epoch  60 training error:  tensor(0.0367, device='cuda:0', grad_fn=<DivBackward0>)
Memory status after this epoch: 
Memory allocated:  3.1396484375
Memory cached:  18.0
	 epoch  70 training error:  tensor(0.0752, device='cuda:0', grad_fn=<DivBackward0>)
Memory status after this epoch: 
Memory allocated:  3.1396484375
Memory cached:  18.0
	 epoch  80 training error:  tensor(0.0519, device='cuda:0', grad_fn=<DivBackward0>)
Memory status after this epoch: 
Memory allocated:  3.1396484375
Memory cached:  18.0
	 epoch  90 training error:  tensor(0.0783, device='cuda:0', grad_fn=<DivBackward0>)
Memory status after this epoch: 
Memory allocated:  3.1396484375
Memory cached:  18.0
[I 2023-11-04 05:49:57,279] Trial 19 finished with value: 0.038049038499593735 and parameters: {'W_layers': 6, 'W_layer_units_exponent_0': 9, 'W_layer_units_exponent_1': 4, 'W_layer_units_exponent_2': 6, 'W_layer_units_exponent_3': 6, 'W_layer_units_exponent_4': 4, 'W_layer_units_exponent_5': 5, 'D_layers': 4, 'D_layer_units_exponent_0': 7, 'D_layer_units_exponent_1': 8, 'D_layer_units_exponent_2': 9, 'D_layer_units_exponent_3': 5, 'log_learning_rate': -2.5331741549622, 'log_learning_rate_D': -3.7454774078382846, 'training_batch_size': 8, 'training_p': 6}. Best is trial 17 with value: 0.03482046723365784.
Time for this trial:  138.78381872177124
Memory status after this trial: 
Memory allocated:  89.31591796875
Memory cached:  92.0
--------------------  Trial  20   --------------------
Start timing: 
Parameters: 
{'W_layers': 3, 'W_layer_units_exponent_0': 10, 'W_layer_units_exponent_1': 7, 'W_layer_units_exponent_2': 8, 'D_layers': 4, 'D_layer_units_exponent_0': 6, 'D_layer_units_exponent_1': 9, 'D_layer_units_exponent_2': 8, 'D_layer_units_exponent_3': 7, 'log_learning_rate': -3.866665318928501, 'log_learning_rate_D': -1.208582510985603, 'training_batch_size': 7, 'training_p': 7}
	 epoch  0 training error:  tensor(0.9633, device='cuda:0', grad_fn=<DivBackward0>)
Memory status after this epoch: 
Memory allocated:  5.7314453125
Memory cached:  12.0
	 epoch  10 training error:  tensor(0.1686, device='cuda:0', grad_fn=<DivBackward0>)
Memory status after this epoch: 
Memory allocated:  5.7314453125
Memory cached:  16.0
	 epoch  20 training error:  tensor(0.0874, device='cuda:0', grad_fn=<DivBackward0>)
Memory status after this epoch: 
Memory allocated:  5.7314453125
Memory cached:  16.0
	 epoch  30 training error:  tensor(0.6405, device='cuda:0', grad_fn=<DivBackward0>)
Memory status after this epoch: 
Memory allocated:  5.7314453125
Memory cached:  14.0
	 epoch  40 training error:  tensor(0.3897, device='cuda:0', grad_fn=<DivBackward0>)
Memory status after this epoch: 
Memory allocated:  5.7314453125
Memory cached:  14.0
	 epoch  50 training error:  tensor(0.1531, device='cuda:0', grad_fn=<DivBackward0>)
Memory status after this epoch: 
Memory allocated:  5.7314453125
Memory cached:  14.0
	 epoch  60 training error:  tensor(0.3724, device='cuda:0', grad_fn=<DivBackward0>)
Memory status after this epoch: 
Memory allocated:  5.7314453125
Memory cached:  14.0
	 epoch  70 training error:  tensor(0.9997, device='cuda:0', grad_fn=<DivBackward0>)
Memory status after this epoch: 
Memory allocated:  5.7314453125
Memory cached:  14.0
	 epoch  80 training error:  tensor(0.9997, device='cuda:0', grad_fn=<DivBackward0>)
Memory status after this epoch: 
Memory allocated:  5.7314453125
Memory cached:  14.0
	 epoch  90 training error:  tensor(0.9997, device='cuda:0', grad_fn=<DivBackward0>)
Memory status after this epoch: 
Memory allocated:  5.7314453125
Memory cached:  14.0
[I 2023-11-04 05:51:59,502] Trial 20 finished with value: 0.9983922839164734 and parameters: {'W_layers': 3, 'W_layer_units_exponent_0': 10, 'W_layer_units_exponent_1': 7, 'W_layer_units_exponent_2': 8, 'D_layers': 4, 'D_layer_units_exponent_0': 6, 'D_layer_units_exponent_1': 9, 'D_layer_units_exponent_2': 8, 'D_layer_units_exponent_3': 7, 'log_learning_rate': -3.866665318928501, 'log_learning_rate_D': -1.208582510985603, 'training_batch_size': 7, 'training_p': 7}. Best is trial 17 with value: 0.03482046723365784.
Time for this trial:  122.01607728004456
Memory status after this trial: 
Memory allocated:  129.5595703125
Memory cached:  134.0
--------------------  Trial  21   --------------------
Start timing: 
Parameters: 
{'W_layers': 6, 'W_layer_units_exponent_0': 7, 'W_layer_units_exponent_1': 5, 'W_layer_units_exponent_2': 8, 'W_layer_units_exponent_3': 10, 'W_layer_units_exponent_4': 9, 'W_layer_units_exponent_5': 4, 'D_layers': 2, 'D_layer_units_exponent_0': 6, 'D_layer_units_exponent_1': 8, 'log_learning_rate': -3.3304379785406706, 'log_learning_rate_D': -3.19024944910295, 'training_batch_size': 10, 'training_p': 6}
	 epoch  0 training error:  tensor(0.9928, device='cuda:0', grad_fn=<DivBackward0>)
Memory status after this epoch: 
Memory allocated:  12.6728515625
Memory cached:  36.0
	 epoch  10 training error:  tensor(0.1395, device='cuda:0', grad_fn=<DivBackward0>)
Memory status after this epoch: 
Memory allocated:  12.6728515625
Memory cached:  38.0
	 epoch  20 training error:  tensor(0.1143, device='cuda:0', grad_fn=<DivBackward0>)
Memory status after this epoch: 
Memory allocated:  12.6728515625
Memory cached:  38.0
	 epoch  30 training error:  tensor(0.0649, device='cuda:0', grad_fn=<DivBackward0>)
Memory status after this epoch: 
Memory allocated:  12.6728515625
Memory cached:  38.0
	 epoch  40 training error:  tensor(0.0701, device='cuda:0', grad_fn=<DivBackward0>)
Memory status after this epoch: 
Memory allocated:  12.6728515625
Memory cached:  38.0
	 epoch  50 training error:  tensor(0.0587, device='cuda:0', grad_fn=<DivBackward0>)
Memory status after this epoch: 
Memory allocated:  12.6728515625
Memory cached:  38.0
	 epoch  60 training error:  tensor(0.0491, device='cuda:0', grad_fn=<DivBackward0>)
Memory status after this epoch: 
Memory allocated:  12.6728515625
Memory cached:  38.0
	 epoch  70 training error:  tensor(0.0479, device='cuda:0', grad_fn=<DivBackward0>)
Memory status after this epoch: 
Memory allocated:  12.6728515625
Memory cached:  38.0
	 epoch  80 training error:  tensor(0.0474, device='cuda:0', grad_fn=<DivBackward0>)
Memory status after this epoch: 
Memory allocated:  12.6728515625
Memory cached:  38.0
	 epoch  90 training error:  tensor(0.0462, device='cuda:0', grad_fn=<DivBackward0>)
Memory status after this epoch: 
Memory allocated:  12.6728515625
Memory cached:  38.0
[I 2023-11-04 05:54:08,168] Trial 21 finished with value: 0.040258921682834625 and parameters: {'W_layers': 6, 'W_layer_units_exponent_0': 7, 'W_layer_units_exponent_1': 5, 'W_layer_units_exponent_2': 8, 'W_layer_units_exponent_3': 10, 'W_layer_units_exponent_4': 9, 'W_layer_units_exponent_5': 4, 'D_layers': 2, 'D_layer_units_exponent_0': 6, 'D_layer_units_exponent_1': 8, 'log_learning_rate': -3.3304379785406706, 'log_learning_rate_D': -3.19024944910295, 'training_batch_size': 10, 'training_p': 6}. Best is trial 17 with value: 0.03482046723365784.
Time for this trial:  128.4736201763153
Memory status after this trial: 
Memory allocated:  129.2705078125
Memory cached:  148.0
--------------------  Trial  22   --------------------
Start timing: 
Parameters: 
{'W_layers': 5, 'W_layer_units_exponent_0': 9, 'W_layer_units_exponent_1': 5, 'W_layer_units_exponent_2': 6, 'W_layer_units_exponent_3': 7, 'W_layer_units_exponent_4': 9, 'D_layers': 4, 'D_layer_units_exponent_0': 7, 'D_layer_units_exponent_1': 9, 'D_layer_units_exponent_2': 9, 'D_layer_units_exponent_3': 6, 'log_learning_rate': -3.528342175542341, 'log_learning_rate_D': -2.8045221020728204, 'training_batch_size': 10, 'training_p': 7}
	 epoch  0 training error:  tensor(0.9905, device='cuda:0', grad_fn=<DivBackward0>)
Memory status after this epoch: 
Memory allocated:  7.0830078125
Memory cached:  8.0
	 epoch  10 training error:  tensor(0.1796, device='cuda:0', grad_fn=<DivBackward0>)
Memory status after this epoch: 
Memory allocated:  7.0830078125
Memory cached:  14.0
	 epoch  20 training error:  tensor(0.0931, device='cuda:0', grad_fn=<DivBackward0>)
Memory status after this epoch: 
Memory allocated:  7.0830078125
Memory cached:  14.0
	 epoch  30 training error:  tensor(0.0640, device='cuda:0', grad_fn=<DivBackward0>)
Memory status after this epoch: 
Memory allocated:  7.0830078125
Memory cached:  14.0
	 epoch  40 training error:  tensor(0.0517, device='cuda:0', grad_fn=<DivBackward0>)
Memory status after this epoch: 
Memory allocated:  7.0830078125
Memory cached:  14.0
	 epoch  50 training error:  tensor(0.0518, device='cuda:0', grad_fn=<DivBackward0>)
Memory status after this epoch: 
Memory allocated:  7.0830078125
Memory cached:  14.0
	 epoch  60 training error:  tensor(0.0440, device='cuda:0', grad_fn=<DivBackward0>)
Memory status after this epoch: 
Memory allocated:  7.0830078125
Memory cached:  14.0
	 epoch  70 training error:  tensor(0.0471, device='cuda:0', grad_fn=<DivBackward0>)
Memory status after this epoch: 
Memory allocated:  7.0830078125
Memory cached:  14.0
	 epoch  80 training error:  tensor(0.0413, device='cuda:0', grad_fn=<DivBackward0>)
Memory status after this epoch: 
Memory allocated:  7.0830078125
Memory cached:  14.0
	 epoch  90 training error:  tensor(0.0475, device='cuda:0', grad_fn=<DivBackward0>)
Memory status after this epoch: 
Memory allocated:  7.0830078125
Memory cached:  14.0
[I 2023-11-04 05:56:25,738] Trial 22 finished with value: 0.037170808762311935 and parameters: {'W_layers': 5, 'W_layer_units_exponent_0': 9, 'W_layer_units_exponent_1': 5, 'W_layer_units_exponent_2': 6, 'W_layer_units_exponent_3': 7, 'W_layer_units_exponent_4': 9, 'D_layers': 4, 'D_layer_units_exponent_0': 7, 'D_layer_units_exponent_1': 9, 'D_layer_units_exponent_2': 9, 'D_layer_units_exponent_3': 6, 'log_learning_rate': -3.528342175542341, 'log_learning_rate_D': -2.8045221020728204, 'training_batch_size': 10, 'training_p': 7}. Best is trial 17 with value: 0.03482046723365784.
Time for this trial:  137.36655807495117
Memory status after this trial: 
Memory allocated:  135.2255859375
Memory cached:  140.0
--------------------  Trial  23   --------------------
Start timing: 
Parameters: 
{'W_layers': 4, 'W_layer_units_exponent_0': 9, 'W_layer_units_exponent_1': 5, 'W_layer_units_exponent_2': 5, 'W_layer_units_exponent_3': 7, 'D_layers': 3, 'D_layer_units_exponent_0': 7, 'D_layer_units_exponent_1': 9, 'D_layer_units_exponent_2': 8, 'log_learning_rate': -3.4788232256758804, 'log_learning_rate_D': -3.0346566890701165, 'training_batch_size': 11, 'training_p': 7}
	 epoch  0 training error:  tensor(0.9899, device='cuda:0', grad_fn=<DivBackward0>)
Memory status after this epoch: 
Memory allocated:  3.4873046875
Memory cached:  8.0
	 epoch  10 training error:  tensor(0.2462, device='cuda:0', grad_fn=<DivBackward0>)
Memory status after this epoch: 
Memory allocated:  3.4873046875
Memory cached:  12.0
	 epoch  20 training error:  tensor(0.1064, device='cuda:0', grad_fn=<DivBackward0>)
Memory status after this epoch: 
Memory allocated:  3.4873046875
Memory cached:  10.0
	 epoch  30 training error:  tensor(0.0570, device='cuda:0', grad_fn=<DivBackward0>)
Memory status after this epoch: 
Memory allocated:  3.4873046875
Memory cached:  10.0
	 epoch  40 training error:  tensor(0.0474, device='cuda:0', grad_fn=<DivBackward0>)
Memory status after this epoch: 
Memory allocated:  3.4873046875
Memory cached:  10.0
	 epoch  50 training error:  tensor(0.0410, device='cuda:0', grad_fn=<DivBackward0>)
Memory status after this epoch: 
Memory allocated:  3.4873046875
Memory cached:  10.0
	 epoch  60 training error:  tensor(0.0389, device='cuda:0', grad_fn=<DivBackward0>)
Memory status after this epoch: 
Memory allocated:  3.4873046875
Memory cached:  10.0
	 epoch  70 training error:  tensor(0.0370, device='cuda:0', grad_fn=<DivBackward0>)
Memory status after this epoch: 
Memory allocated:  3.4873046875
Memory cached:  10.0
	 epoch  80 training error:  tensor(0.0359, device='cuda:0', grad_fn=<DivBackward0>)
Memory status after this epoch: 
Memory allocated:  3.4873046875
Memory cached:  10.0
	 epoch  90 training error:  tensor(0.0347, device='cuda:0', grad_fn=<DivBackward0>)
Memory status after this epoch: 
Memory allocated:  3.4873046875
Memory cached:  10.0
