[I 2023-11-08 22:03:26,132] Trial 8 finished with value: 1.0 and parameters: {'W_layers': 6, 'W_layer_units_exponent_0': 7, 'W_layer_units_exponent_1': 6, 'W_layer_units_exponent_2': 10, 'W_layer_units_exponent_3': 4, 'W_layer_units_exponent_4': 8, 'W_layer_units_exponent_5': 5, 'D_layers': 6, 'D_layer_units_exponent_0': 10, 'D_layer_units_exponent_1': 7, 'D_layer_units_exponent_2': 6, 'D_layer_units_exponent_3': 5, 'D_layer_units_exponent_4': 5, 'D_layer_units_exponent_5': 9, 'D_dagger_layers': 5, 'D_dagger_layer_units_exponent_0': 7, 'D_dagger_layer_units_exponent_1': 10, 'D_dagger_layer_units_exponent_2': 8, 'D_dagger_layer_units_exponent_3': 5, 'D_dagger_layer_units_exponent_4': 10, 'log_learning_rate': -1.4011274293469587, 'log_learning_rate_D': -1.2719009139141728, 'log_learning_rate_D_dagger': -2.5232266736630566, 'training_batch_size': 9, 'training_p': 5}. Best is trial 6 with value: 0.053639501333236694.
Time for this trial:  227.4321949481964
Memory status after this trial: 
Memory allocated:  314.21826171875
Memory cached:  320.0
--------------------  Trial  9   --------------------
Start timing: 
Parameters: 
{'W_layers': 2, 'W_layer_units_exponent_0': 5, 'W_layer_units_exponent_1': 6, 'D_layers': 5, 'D_layer_units_exponent_0': 5, 'D_layer_units_exponent_1': 6, 'D_layer_units_exponent_2': 9, 'D_layer_units_exponent_3': 4, 'D_layer_units_exponent_4': 4, 'D_dagger_layers': 2, 'D_dagger_layer_units_exponent_0': 8, 'D_dagger_layer_units_exponent_1': 4, 'log_learning_rate': -1.6494435449399192, 'log_learning_rate_D': -3.135503615461268, 'log_learning_rate_D_dagger': -3.4685248424576707, 'training_batch_size': 8, 'training_p': 8}
	 epoch  0 training error:  tensor(2.2909, device='cuda:0', grad_fn=<DivBackward0>)
Memory status after this epoch: 
Memory allocated:  0.92041015625
Memory cached:  92.0
	 epoch  10 training error:  tensor(0.2237, device='cuda:0', grad_fn=<DivBackward0>)
Memory status after this epoch: 
Memory allocated:  0.92041015625
Memory cached:  108.0
	 epoch  20 training error:  tensor(0.2135, device='cuda:0', grad_fn=<DivBackward0>)
Memory status after this epoch: 
Memory allocated:  0.92041015625
Memory cached:  108.0
	 epoch  30 training error:  tensor(0.1717, device='cuda:0', grad_fn=<DivBackward0>)
Memory status after this epoch: 
Memory allocated:  0.92041015625
Memory cached:  114.0
	 epoch  40 training error:  tensor(0.1066, device='cuda:0', grad_fn=<DivBackward0>)
Memory status after this epoch: 
Memory allocated:  0.92041015625
Memory cached:  116.0
	 epoch  50 training error:  tensor(0.0750, device='cuda:0', grad_fn=<DivBackward0>)
Memory status after this epoch: 
Memory allocated:  0.92041015625
Memory cached:  104.0
	 epoch  60 training error:  tensor(0.0731, device='cuda:0', grad_fn=<DivBackward0>)
Memory status after this epoch: 
Memory allocated:  0.92041015625
Memory cached:  112.0
	 epoch  70 training error:  tensor(0.0731, device='cuda:0', grad_fn=<DivBackward0>)
Memory status after this epoch: 
Memory allocated:  0.92041015625
Memory cached:  120.0
	 epoch  80 training error:  tensor(0.0687, device='cuda:0', grad_fn=<DivBackward0>)
Memory status after this epoch: 
Memory allocated:  0.92041015625
Memory cached:  110.0
	 epoch  90 training error:  tensor(0.0672, device='cuda:0', grad_fn=<DivBackward0>)
Memory status after this epoch: 
Memory allocated:  0.92041015625
Memory cached:  116.0
[I 2023-11-08 22:05:46,798] Trial 9 finished with value: 0.05051121860742569 and parameters: {'W_layers': 2, 'W_layer_units_exponent_0': 5, 'W_layer_units_exponent_1': 6, 'D_layers': 5, 'D_layer_units_exponent_0': 5, 'D_layer_units_exponent_1': 6, 'D_layer_units_exponent_2': 9, 'D_layer_units_exponent_3': 4, 'D_layer_units_exponent_4': 4, 'D_dagger_layers': 2, 'D_dagger_layer_units_exponent_0': 8, 'D_dagger_layer_units_exponent_1': 4, 'log_learning_rate': -1.6494435449399192, 'log_learning_rate_D': -3.135503615461268, 'log_learning_rate_D_dagger': -3.4685248424576707, 'training_batch_size': 8, 'training_p': 8}. Best is trial 9 with value: 0.05051121860742569.
Time for this trial:  140.46894693374634
Memory status after this trial: 
Memory allocated:  55.494140625
Memory cached:  90.0
--------------------  Trial  10   --------------------
Start timing: 
Parameters: 
{'W_layers': 3, 'W_layer_units_exponent_0': 6, 'W_layer_units_exponent_1': 7, 'W_layer_units_exponent_2': 4, 'D_layers': 6, 'D_layer_units_exponent_0': 4, 'D_layer_units_exponent_1': 4, 'D_layer_units_exponent_2': 7, 'D_layer_units_exponent_3': 6, 'D_layer_units_exponent_4': 10, 'D_layer_units_exponent_5': 4, 'D_dagger_layers': 3, 'D_dagger_layer_units_exponent_0': 10, 'D_dagger_layer_units_exponent_1': 4, 'D_dagger_layer_units_exponent_2': 10, 'log_learning_rate': -1.6959706609335345, 'log_learning_rate_D': -2.4043940535824255, 'log_learning_rate_D_dagger': -3.4096005829182183, 'training_batch_size': 6, 'training_p': 8}
	 epoch  0 training error:  tensor(1.9781, device='cuda:0', grad_fn=<DivBackward0>)
Memory status after this epoch: 
Memory allocated:  2.32373046875
Memory cached:  120.0
	 epoch  10 training error:  tensor(0.1409, device='cuda:0', grad_fn=<DivBackward0>)
Memory status after this epoch: 
Memory allocated:  2.32373046875
Memory cached:  176.0
	 epoch  20 training error:  tensor(0.1204, device='cuda:0', grad_fn=<DivBackward0>)
Memory status after this epoch: 
Memory allocated:  2.32373046875
Memory cached:  188.0
	 epoch  30 training error:  tensor(0.1233, device='cuda:0', grad_fn=<DivBackward0>)
Memory status after this epoch: 
Memory allocated:  2.32373046875
Memory cached:  186.0
	 epoch  40 training error:  tensor(0.1156, device='cuda:0', grad_fn=<DivBackward0>)
Memory status after this epoch: 
Memory allocated:  2.32373046875
Memory cached:  192.0
	 epoch  50 training error:  tensor(0.1156, device='cuda:0', grad_fn=<DivBackward0>)
Memory status after this epoch: 
Memory allocated:  2.32373046875
Memory cached:  194.0
	 epoch  60 training error:  tensor(0.1297, device='cuda:0', grad_fn=<DivBackward0>)
Memory status after this epoch: 
Memory allocated:  2.32373046875
Memory cached:  186.0
	 epoch  70 training error:  tensor(0.1040, device='cuda:0', grad_fn=<DivBackward0>)
Memory status after this epoch: 
Memory allocated:  2.32373046875
Memory cached:  186.0
	 epoch  80 training error:  tensor(0.1030, device='cuda:0', grad_fn=<DivBackward0>)
Memory status after this epoch: 
Memory allocated:  2.32373046875
Memory cached:  194.0
	 epoch  90 training error:  tensor(0.1104, device='cuda:0', grad_fn=<DivBackward0>)
Memory status after this epoch: 
Memory allocated:  2.32373046875
Memory cached:  184.0
[I 2023-11-08 22:11:10,024] Trial 10 finished with value: 0.08478601276874542 and parameters: {'W_layers': 3, 'W_layer_units_exponent_0': 6, 'W_layer_units_exponent_1': 7, 'W_layer_units_exponent_2': 4, 'D_layers': 6, 'D_layer_units_exponent_0': 4, 'D_layer_units_exponent_1': 4, 'D_layer_units_exponent_2': 7, 'D_layer_units_exponent_3': 6, 'D_layer_units_exponent_4': 10, 'D_layer_units_exponent_5': 4, 'D_dagger_layers': 3, 'D_dagger_layer_units_exponent_0': 10, 'D_dagger_layer_units_exponent_1': 4, 'D_dagger_layer_units_exponent_2': 10, 'log_learning_rate': -1.6959706609335345, 'log_learning_rate_D': -2.4043940535824255, 'log_learning_rate_D_dagger': -3.4096005829182183, 'training_batch_size': 6, 'training_p': 8}. Best is trial 9 with value: 0.05051121860742569.
Time for this trial:  322.98788237571716
Memory status after this trial: 
Memory allocated:  191.2490234375
Memory cached:  194.0
--------------------  Trial  11   --------------------
Start timing: 
Parameters: 
{'W_layers': 6, 'W_layer_units_exponent_0': 4, 'W_layer_units_exponent_1': 7, 'W_layer_units_exponent_2': 6, 'W_layer_units_exponent_3': 10, 'W_layer_units_exponent_4': 10, 'W_layer_units_exponent_5': 10, 'D_layers': 5, 'D_layer_units_exponent_0': 6, 'D_layer_units_exponent_1': 10, 'D_layer_units_exponent_2': 4, 'D_layer_units_exponent_3': 7, 'D_layer_units_exponent_4': 4, 'D_dagger_layers': 3, 'D_dagger_layer_units_exponent_0': 9, 'D_dagger_layer_units_exponent_1': 7, 'D_dagger_layer_units_exponent_2': 4, 'log_learning_rate': -4.948869847685508, 'log_learning_rate_D': -2.5817729175858526, 'log_learning_rate_D_dagger': -3.579710151786284, 'training_batch_size': 7, 'training_p': 4}
	 epoch  0 training error:  tensor(1.2551, device='cuda:0', grad_fn=<DivBackward0>)
Memory status after this epoch: 
Memory allocated:  35.74853515625
Memory cached:  186.0
	 epoch  10 training error:  tensor(0.2396, device='cuda:0', grad_fn=<DivBackward0>)
Memory status after this epoch: 
Memory allocated:  35.74853515625
Memory cached:  318.0
	 epoch  20 training error:  tensor(0.1440, device='cuda:0', grad_fn=<DivBackward0>)
Memory status after this epoch: 
Memory allocated:  35.74853515625
Memory cached:  314.0
	 epoch  30 training error:  tensor(0.0912, device='cuda:0', grad_fn=<DivBackward0>)
Memory status after this epoch: 
Memory allocated:  35.74853515625
Memory cached:  314.0
	 epoch  40 training error:  tensor(0.0754, device='cuda:0', grad_fn=<DivBackward0>)
Memory status after this epoch: 
Memory allocated:  35.74853515625
Memory cached:  314.0
	 epoch  50 training error:  tensor(0.0609, device='cuda:0', grad_fn=<DivBackward0>)
Memory status after this epoch: 
Memory allocated:  35.74853515625
Memory cached:  314.0
	 epoch  60 training error:  tensor(0.0530, device='cuda:0', grad_fn=<DivBackward0>)
Memory status after this epoch: 
Memory allocated:  35.74853515625
Memory cached:  306.0
	 epoch  70 training error:  tensor(0.0490, device='cuda:0', grad_fn=<DivBackward0>)
Memory status after this epoch: 
Memory allocated:  35.74853515625
Memory cached:  316.0
	 epoch  80 training error:  tensor(0.0466, device='cuda:0', grad_fn=<DivBackward0>)
Memory status after this epoch: 
Memory allocated:  35.74853515625
Memory cached:  334.0
	 epoch  90 training error:  tensor(0.0402, device='cuda:0', grad_fn=<DivBackward0>)
Memory status after this epoch: 
Memory allocated:  35.74853515625
Memory cached:  302.0
[I 2023-11-08 22:14:38,502] Trial 11 finished with value: 0.03467920050024986 and parameters: {'W_layers': 6, 'W_layer_units_exponent_0': 4, 'W_layer_units_exponent_1': 7, 'W_layer_units_exponent_2': 6, 'W_layer_units_exponent_3': 10, 'W_layer_units_exponent_4': 10, 'W_layer_units_exponent_5': 10, 'D_layers': 5, 'D_layer_units_exponent_0': 6, 'D_layer_units_exponent_1': 10, 'D_layer_units_exponent_2': 4, 'D_layer_units_exponent_3': 7, 'D_layer_units_exponent_4': 4, 'D_dagger_layers': 3, 'D_dagger_layer_units_exponent_0': 9, 'D_dagger_layer_units_exponent_1': 7, 'D_dagger_layer_units_exponent_2': 4, 'log_learning_rate': -4.948869847685508, 'log_learning_rate_D': -2.5817729175858526, 'log_learning_rate_D_dagger': -3.579710151786284, 'training_batch_size': 7, 'training_p': 4}. Best is trial 11 with value: 0.03467920050024986.
Time for this trial:  208.22891473770142
Memory status after this trial: 
Memory allocated:  295.77685546875
Memory cached:  322.0
--------------------  Trial  12   --------------------
Start timing: 
Parameters: 
{'W_layers': 6, 'W_layer_units_exponent_0': 4, 'W_layer_units_exponent_1': 7, 'W_layer_units_exponent_2': 6, 'W_layer_units_exponent_3': 10, 'W_layer_units_exponent_4': 6, 'W_layer_units_exponent_5': 10, 'D_layers': 5, 'D_layer_units_exponent_0': 6, 'D_layer_units_exponent_1': 10, 'D_layer_units_exponent_2': 4, 'D_layer_units_exponent_3': 7, 'D_layer_units_exponent_4': 4, 'D_dagger_layers': 2, 'D_dagger_layer_units_exponent_0': 10, 'D_dagger_layer_units_exponent_1': 7, 'log_learning_rate': -4.881967362502659, 'log_learning_rate_D': -2.5983244375407093, 'log_learning_rate_D_dagger': -3.3409477368210987, 'training_batch_size': 7, 'training_p': 8}
	 epoch  0 training error:  tensor(0.2913, device='cuda:0', grad_fn=<DivBackward0>)
Memory status after this epoch: 
Memory allocated:  6.71728515625
Memory cached:  130.0
	 epoch  10 training error:  tensor(1.0741, device='cuda:0', grad_fn=<DivBackward0>)
Memory status after this epoch: 
Memory allocated:  6.71728515625
Memory cached:  288.0
	 epoch  20 training error:  tensor(0.8986, device='cuda:0', grad_fn=<DivBackward0>)
Memory status after this epoch: 
Memory allocated:  6.71728515625
Memory cached:  270.0
	 epoch  30 training error:  tensor(0.7972, device='cuda:0', grad_fn=<DivBackward0>)
Memory status after this epoch: 
Memory allocated:  6.71728515625
Memory cached:  296.0
	 epoch  40 training error:  tensor(0.6896, device='cuda:0', grad_fn=<DivBackward0>)
Memory status after this epoch: 
Memory allocated:  6.71728515625
Memory cached:  280.0
	 epoch  50 training error:  tensor(0.5600, device='cuda:0', grad_fn=<DivBackward0>)
Memory status after this epoch: 
Memory allocated:  6.71728515625
Memory cached:  266.0
	 epoch  60 training error:  tensor(0.3968, device='cuda:0', grad_fn=<DivBackward0>)
Memory status after this epoch: 
Memory allocated:  6.71728515625
Memory cached:  268.0
	 epoch  70 training error:  tensor(0.1804, device='cuda:0', grad_fn=<DivBackward0>)
Memory status after this epoch: 
Memory allocated:  6.71728515625
Memory cached:  264.0
	 epoch  80 training error:  tensor(0.1444, device='cuda:0', grad_fn=<DivBackward0>)
Memory status after this epoch: 
Memory allocated:  6.71728515625
Memory cached:  264.0
	 epoch  90 training error:  tensor(0.1007, device='cuda:0', grad_fn=<DivBackward0>)
Memory status after this epoch: 
Memory allocated:  6.71728515625
Memory cached:  278.0
[I 2023-11-08 22:17:56,967] Trial 12 finished with value: 0.07154066860675812 and parameters: {'W_layers': 6, 'W_layer_units_exponent_0': 4, 'W_layer_units_exponent_1': 7, 'W_layer_units_exponent_2': 6, 'W_layer_units_exponent_3': 10, 'W_layer_units_exponent_4': 6, 'W_layer_units_exponent_5': 10, 'D_layers': 5, 'D_layer_units_exponent_0': 6, 'D_layer_units_exponent_1': 10, 'D_layer_units_exponent_2': 4, 'D_layer_units_exponent_3': 7, 'D_layer_units_exponent_4': 4, 'D_dagger_layers': 2, 'D_dagger_layer_units_exponent_0': 10, 'D_dagger_layer_units_exponent_1': 7, 'log_learning_rate': -4.881967362502659, 'log_learning_rate_D': -2.5983244375407093, 'log_learning_rate_D_dagger': -3.3409477368210987, 'training_batch_size': 7, 'training_p': 8}. Best is trial 11 with value: 0.03467920050024986.
Time for this trial:  198.2277226448059
Memory status after this trial: 
Memory allocated:  256.31005859375
Memory cached:  260.0
--------------------  Trial  13   --------------------
Start timing: 
Parameters: 
{'W_layers': 7, 'W_layer_units_exponent_0': 4, 'W_layer_units_exponent_1': 8, 'W_layer_units_exponent_2': 4, 'W_layer_units_exponent_3': 10, 'W_layer_units_exponent_4': 10, 'W_layer_units_exponent_5': 9, 'W_layer_units_exponent_6': 10, 'D_layers': 6, 'D_layer_units_exponent_0': 4, 'D_layer_units_exponent_1': 8, 'D_layer_units_exponent_2': 7, 'D_layer_units_exponent_3': 4, 'D_layer_units_exponent_4': 4, 'D_layer_units_exponent_5': 5, 'D_dagger_layers': 3, 'D_dagger_layer_units_exponent_0': 9, 'D_dagger_layer_units_exponent_1': 7, 'D_dagger_layer_units_exponent_2': 5, 'log_learning_rate': -4.104612736505999, 'log_learning_rate_D': -2.4320751862340124, 'log_learning_rate_D_dagger': -4.980690827592514, 'training_batch_size': 7, 'training_p': 4}
	 epoch  0 training error:  tensor(1.2543, device='cuda:0', grad_fn=<DivBackward0>)
Memory status after this epoch: 
Memory allocated:  34.28564453125
Memory cached:  162.0
	 epoch  10 training error:  tensor(0.2803, device='cuda:0', grad_fn=<DivBackward0>)
Memory status after this epoch: 
Memory allocated:  34.28564453125
Memory cached:  296.0
	 epoch  20 training error:  tensor(0.2183, device='cuda:0', grad_fn=<DivBackward0>)
Memory status after this epoch: 
Memory allocated:  34.28564453125
Memory cached:  286.0
	 epoch  30 training error:  tensor(0.1805, device='cuda:0', grad_fn=<DivBackward0>)
Memory status after this epoch: 
Memory allocated:  34.28564453125
Memory cached:  296.0
	 epoch  40 training error:  tensor(0.1377, device='cuda:0', grad_fn=<DivBackward0>)
Memory status after this epoch: 
Memory allocated:  34.28564453125
Memory cached:  288.0
	 epoch  50 training error:  tensor(0.0971, device='cuda:0', grad_fn=<DivBackward0>)
Memory status after this epoch: 
Memory allocated:  34.28564453125
Memory cached:  286.0
	 epoch  60 training error:  tensor(0.0744, device='cuda:0', grad_fn=<DivBackward0>)
Memory status after this epoch: 
Memory allocated:  34.28564453125
Memory cached:  296.0
	 epoch  70 training error:  tensor(0.0685, device='cuda:0', grad_fn=<DivBackward0>)
Memory status after this epoch: 
Memory allocated:  34.28564453125
Memory cached:  296.0
	 epoch  80 training error:  tensor(0.0660, device='cuda:0', grad_fn=<DivBackward0>)
Memory status after this epoch: 
Memory allocated:  34.28564453125
Memory cached:  282.0
	 epoch  90 training error:  tensor(0.0654, device='cuda:0', grad_fn=<DivBackward0>)
Memory status after this epoch: 
Memory allocated:  34.28564453125
Memory cached:  298.0
[I 2023-11-08 22:21:40,050] Trial 13 finished with value: 0.060621537268161774 and parameters: {'W_layers': 7, 'W_layer_units_exponent_0': 4, 'W_layer_units_exponent_1': 8, 'W_layer_units_exponent_2': 4, 'W_layer_units_exponent_3': 10, 'W_layer_units_exponent_4': 10, 'W_layer_units_exponent_5': 9, 'W_layer_units_exponent_6': 10, 'D_layers': 6, 'D_layer_units_exponent_0': 4, 'D_layer_units_exponent_1': 8, 'D_layer_units_exponent_2': 7, 'D_layer_units_exponent_3': 4, 'D_layer_units_exponent_4': 4, 'D_layer_units_exponent_5': 5, 'D_dagger_layers': 3, 'D_dagger_layer_units_exponent_0': 9, 'D_dagger_layer_units_exponent_1': 7, 'D_dagger_layer_units_exponent_2': 5, 'log_learning_rate': -4.104612736505999, 'log_learning_rate_D': -2.4320751862340124, 'log_learning_rate_D_dagger': -4.980690827592514, 'training_batch_size': 7, 'training_p': 4}. Best is trial 11 with value: 0.03467920050024986.
Time for this trial:  222.82837891578674
Memory status after this trial: 
Memory allocated:  286.23388671875
Memory cached:  312.0
--------------------  Trial  14   --------------------
Start timing: 
Parameters: 
{'W_layers': 4, 'W_layer_units_exponent_0': 6, 'W_layer_units_exponent_1': 6, 'W_layer_units_exponent_2': 6, 'W_layer_units_exponent_3': 9, 'D_layers': 4, 'D_layer_units_exponent_0': 6, 'D_layer_units_exponent_1': 7, 'D_layer_units_exponent_2': 8, 'D_layer_units_exponent_3': 6, 'D_dagger_layers': 4, 'D_dagger_layer_units_exponent_0': 9, 'D_dagger_layer_units_exponent_1': 4, 'D_dagger_layer_units_exponent_2': 8, 'D_dagger_layer_units_exponent_3': 10, 'log_learning_rate': -3.7147047416211074, 'log_learning_rate_D': -3.031909373698603, 'log_learning_rate_D_dagger': -3.408648478360037, 'training_batch_size': 8, 'training_p': 6}
	 epoch  0 training error:  tensor(1.2132, device='cuda:0', grad_fn=<DivBackward0>)
Memory status after this epoch: 
Memory allocated:  5.91259765625
Memory cached:  134.0
	 epoch  10 training error:  tensor(0.1209, device='cuda:0', grad_fn=<DivBackward0>)
Memory status after this epoch: 
Memory allocated:  5.91259765625
Memory cached:  230.0
	 epoch  20 training error:  tensor(0.1494, device='cuda:0', grad_fn=<DivBackward0>)
Memory status after this epoch: 
Memory allocated:  5.91259765625
Memory cached:  228.0
	 epoch  30 training error:  tensor(0.0962, device='cuda:0', grad_fn=<DivBackward0>)
Memory status after this epoch: 
Memory allocated:  5.91259765625
Memory cached:  238.0
	 epoch  40 training error:  tensor(0.0821, device='cuda:0', grad_fn=<DivBackward0>)
Memory status after this epoch: 
Memory allocated:  5.91259765625
Memory cached:  220.0
	 epoch  50 training error:  tensor(0.0724, device='cuda:0', grad_fn=<DivBackward0>)
Memory status after this epoch: 
Memory allocated:  5.91259765625
Memory cached:  228.0
	 epoch  60 training error:  tensor(0.0685, device='cuda:0', grad_fn=<DivBackward0>)
Memory status after this epoch: 
Memory allocated:  5.91259765625
Memory cached:  230.0
	 epoch  70 training error:  tensor(0.0667, device='cuda:0', grad_fn=<DivBackward0>)
Memory status after this epoch: 
Memory allocated:  5.91259765625
Memory cached:  226.0
	 epoch  80 training error:  tensor(0.0643, device='cuda:0', grad_fn=<DivBackward0>)
Memory status after this epoch: 
Memory allocated:  5.91259765625
Memory cached:  222.0
	 epoch  90 training error:  tensor(0.0617, device='cuda:0', grad_fn=<DivBackward0>)
Memory status after this epoch: 
Memory allocated:  5.91259765625
Memory cached:  232.0
