[I 2023-11-07 21:03:13,265] Trial 29 finished with value: 0.017858145758509636 and parameters: {'W_layers': 7, 'W_layer_units_exponent_0': 10, 'W_layer_units_exponent_1': 7, 'W_layer_units_exponent_2': 9, 'W_layer_units_exponent_3': 4, 'W_layer_units_exponent_4': 5, 'W_layer_units_exponent_5': 9, 'W_layer_units_exponent_6': 9, 'D_layers': 6, 'D_layer_units_exponent_0': 10, 'D_layer_units_exponent_1': 4, 'D_layer_units_exponent_2': 9, 'D_layer_units_exponent_3': 9, 'D_layer_units_exponent_4': 5, 'D_layer_units_exponent_5': 5, 'D_dagger_layers': 3, 'D_dagger_layer_units_exponent_0': 9, 'D_dagger_layer_units_exponent_1': 8, 'D_dagger_layer_units_exponent_2': 8, 'log_learning_rate': -3.777860657707836, 'log_learning_rate_D': -3.6155190220204445, 'log_learning_rate_D_dagger': -3.813982337124326, 'training_batch_size': 8, 'training_p': 4}. Best is trial 26 with value: 0.013432303443551064.
Time for this trial:  226.03544783592224
Memory status after this trial: 
Memory allocated:  322.2607421875
Memory cached:  332.0
--------------------  Trial  30   --------------------
Start timing: 
Parameters: 
{'W_layers': 5, 'W_layer_units_exponent_0': 6, 'W_layer_units_exponent_1': 10, 'W_layer_units_exponent_2': 10, 'W_layer_units_exponent_3': 7, 'W_layer_units_exponent_4': 4, 'D_layers': 7, 'D_layer_units_exponent_0': 9, 'D_layer_units_exponent_1': 5, 'D_layer_units_exponent_2': 7, 'D_layer_units_exponent_3': 7, 'D_layer_units_exponent_4': 4, 'D_layer_units_exponent_5': 5, 'D_layer_units_exponent_6': 6, 'D_dagger_layers': 4, 'D_dagger_layer_units_exponent_0': 7, 'D_dagger_layer_units_exponent_1': 8, 'D_dagger_layer_units_exponent_2': 9, 'D_dagger_layer_units_exponent_3': 4, 'log_learning_rate': -3.1188708370649527, 'log_learning_rate_D': -4.494420311730125, 'log_learning_rate_D_dagger': -2.9451159609120894, 'training_batch_size': 12, 'training_p': 5}
	 epoch  0 training error:  tensor(1.0159, device='cuda:0', grad_fn=<DivBackward0>)
Memory status after this epoch: 
Memory allocated:  22.50732421875
Memory cached:  186.0
	 epoch  10 training error:  tensor(0.1992, device='cuda:0', grad_fn=<DivBackward0>)
Memory status after this epoch: 
Memory allocated:  22.50732421875
Memory cached:  298.0
	 epoch  20 training error:  tensor(0.0372, device='cuda:0', grad_fn=<DivBackward0>)
Memory status after this epoch: 
Memory allocated:  22.50732421875
Memory cached:  308.0
	 epoch  30 training error:  tensor(0.0415, device='cuda:0', grad_fn=<DivBackward0>)
Memory status after this epoch: 
Memory allocated:  22.50732421875
Memory cached:  290.0
	 epoch  40 training error:  tensor(0.0259, device='cuda:0', grad_fn=<DivBackward0>)
Memory status after this epoch: 
Memory allocated:  22.50732421875
Memory cached:  294.0
	 epoch  50 training error:  tensor(0.0237, device='cuda:0', grad_fn=<DivBackward0>)
Memory status after this epoch: 
Memory allocated:  22.50732421875
Memory cached:  304.0
	 epoch  60 training error:  tensor(0.0241, device='cuda:0', grad_fn=<DivBackward0>)
Memory status after this epoch: 
Memory allocated:  22.50732421875
Memory cached:  294.0
	 epoch  70 training error:  tensor(0.0242, device='cuda:0', grad_fn=<DivBackward0>)
Memory status after this epoch: 
Memory allocated:  22.50732421875
Memory cached:  294.0
	 epoch  80 training error:  tensor(0.0243, device='cuda:0', grad_fn=<DivBackward0>)
Memory status after this epoch: 
Memory allocated:  22.50732421875
Memory cached:  298.0
	 epoch  90 training error:  tensor(0.0241, device='cuda:0', grad_fn=<DivBackward0>)
Memory status after this epoch: 
Memory allocated:  22.50732421875
Memory cached:  286.0
[I 2023-11-07 21:06:44,710] Trial 30 finished with value: 0.017746994271874428 and parameters: {'W_layers': 5, 'W_layer_units_exponent_0': 6, 'W_layer_units_exponent_1': 10, 'W_layer_units_exponent_2': 10, 'W_layer_units_exponent_3': 7, 'W_layer_units_exponent_4': 4, 'D_layers': 7, 'D_layer_units_exponent_0': 9, 'D_layer_units_exponent_1': 5, 'D_layer_units_exponent_2': 7, 'D_layer_units_exponent_3': 7, 'D_layer_units_exponent_4': 4, 'D_layer_units_exponent_5': 5, 'D_layer_units_exponent_6': 6, 'D_dagger_layers': 4, 'D_dagger_layer_units_exponent_0': 7, 'D_dagger_layer_units_exponent_1': 8, 'D_dagger_layer_units_exponent_2': 9, 'D_dagger_layer_units_exponent_3': 4, 'log_learning_rate': -3.1188708370649527, 'log_learning_rate_D': -4.494420311730125, 'log_learning_rate_D_dagger': -2.9451159609120894, 'training_batch_size': 12, 'training_p': 5}. Best is trial 26 with value: 0.013432303443551064.
Time for this trial:  211.1661422252655
Memory status after this trial: 
Memory allocated:  230.107421875
Memory cached:  246.0
--------------------  Trial  31   --------------------
Start timing: 
Parameters: 
{'W_layers': 8, 'W_layer_units_exponent_0': 9, 'W_layer_units_exponent_1': 7, 'W_layer_units_exponent_2': 7, 'W_layer_units_exponent_3': 8, 'W_layer_units_exponent_4': 6, 'W_layer_units_exponent_5': 8, 'W_layer_units_exponent_6': 8, 'W_layer_units_exponent_7': 6, 'D_layers': 6, 'D_layer_units_exponent_0': 9, 'D_layer_units_exponent_1': 4, 'D_layer_units_exponent_2': 8, 'D_layer_units_exponent_3': 8, 'D_layer_units_exponent_4': 4, 'D_layer_units_exponent_5': 4, 'D_dagger_layers': 3, 'D_dagger_layer_units_exponent_0': 8, 'D_dagger_layer_units_exponent_1': 8, 'D_dagger_layer_units_exponent_2': 5, 'log_learning_rate': -3.5111018996558085, 'log_learning_rate_D': -3.840877749712059, 'log_learning_rate_D_dagger': -4.632056599536972, 'training_batch_size': 7, 'training_p': 2}
	 epoch  0 training error:  tensor(0.7882, device='cuda:0', grad_fn=<DivBackward0>)
Memory status after this epoch: 
Memory allocated:  6.10498046875
Memory cached:  138.0
	 epoch  10 training error:  tensor(0.0317, device='cuda:0', grad_fn=<DivBackward0>)
Memory status after this epoch: 
Memory allocated:  6.10498046875
Memory cached:  252.0
	 epoch  20 training error:  tensor(0.1366, device='cuda:0', grad_fn=<DivBackward0>)
Memory status after this epoch: 
Memory allocated:  6.10498046875
Memory cached:  248.0
	 epoch  30 training error:  tensor(0.0521, device='cuda:0', grad_fn=<DivBackward0>)
Memory status after this epoch: 
Memory allocated:  6.10498046875
Memory cached:  260.0
	 epoch  40 training error:  tensor(0.0392, device='cuda:0', grad_fn=<DivBackward0>)
Memory status after this epoch: 
Memory allocated:  6.10498046875
Memory cached:  250.0
	 epoch  50 training error:  tensor(0.0189, device='cuda:0', grad_fn=<DivBackward0>)
Memory status after this epoch: 
Memory allocated:  6.10498046875
Memory cached:  230.0
	 epoch  60 training error:  tensor(0.0146, device='cuda:0', grad_fn=<DivBackward0>)
Memory status after this epoch: 
Memory allocated:  6.10498046875
Memory cached:  256.0
	 epoch  70 training error:  tensor(0.0147, device='cuda:0', grad_fn=<DivBackward0>)
Memory status after this epoch: 
Memory allocated:  6.10498046875
Memory cached:  250.0
	 epoch  80 training error:  tensor(0.0139, device='cuda:0', grad_fn=<DivBackward0>)
Memory status after this epoch: 
Memory allocated:  6.10498046875
Memory cached:  240.0
	 epoch  90 training error:  tensor(0.0139, device='cuda:0', grad_fn=<DivBackward0>)
Memory status after this epoch: 
Memory allocated:  6.10498046875
Memory cached:  246.0
[I 2023-11-07 21:10:22,340] Trial 31 finished with value: 0.013133703731000423 and parameters: {'W_layers': 8, 'W_layer_units_exponent_0': 9, 'W_layer_units_exponent_1': 7, 'W_layer_units_exponent_2': 7, 'W_layer_units_exponent_3': 8, 'W_layer_units_exponent_4': 6, 'W_layer_units_exponent_5': 8, 'W_layer_units_exponent_6': 8, 'W_layer_units_exponent_7': 6, 'D_layers': 6, 'D_layer_units_exponent_0': 9, 'D_layer_units_exponent_1': 4, 'D_layer_units_exponent_2': 8, 'D_layer_units_exponent_3': 8, 'D_layer_units_exponent_4': 4, 'D_layer_units_exponent_5': 4, 'D_dagger_layers': 3, 'D_dagger_layer_units_exponent_0': 8, 'D_dagger_layer_units_exponent_1': 8, 'D_dagger_layer_units_exponent_2': 5, 'log_learning_rate': -3.5111018996558085, 'log_learning_rate_D': -3.840877749712059, 'log_learning_rate_D_dagger': -4.632056599536972, 'training_batch_size': 7, 'training_p': 2}. Best is trial 31 with value: 0.013133703731000423.
Time for this trial:  217.34669399261475
Memory status after this trial: 
Memory allocated:  179.0927734375
Memory cached:  192.0
--------------------  Trial  32   --------------------
Start timing: 
Parameters: 
{'W_layers': 8, 'W_layer_units_exponent_0': 9, 'W_layer_units_exponent_1': 8, 'W_layer_units_exponent_2': 8, 'W_layer_units_exponent_3': 8, 'W_layer_units_exponent_4': 6, 'W_layer_units_exponent_5': 7, 'W_layer_units_exponent_6': 7, 'W_layer_units_exponent_7': 7, 'D_layers': 6, 'D_layer_units_exponent_0': 10, 'D_layer_units_exponent_1': 4, 'D_layer_units_exponent_2': 8, 'D_layer_units_exponent_3': 8, 'D_layer_units_exponent_4': 4, 'D_layer_units_exponent_5': 4, 'D_dagger_layers': 2, 'D_dagger_layer_units_exponent_0': 8, 'D_dagger_layer_units_exponent_1': 7, 'log_learning_rate': -3.9145536045074194, 'log_learning_rate_D': -3.753753041511754, 'log_learning_rate_D_dagger': -4.221409473717858, 'training_batch_size': 6, 'training_p': 2}
	 epoch  0 training error:  tensor(0.7773, device='cuda:0', grad_fn=<DivBackward0>)
Memory status after this epoch: 
Memory allocated:  7.02392578125
Memory cached:  108.0
	 epoch  10 training error:  tensor(0.0830, device='cuda:0', grad_fn=<DivBackward0>)
Memory status after this epoch: 
Memory allocated:  7.02392578125
Memory cached:  124.0
	 epoch  20 training error:  tensor(0.0243, device='cuda:0', grad_fn=<DivBackward0>)
Memory status after this epoch: 
Memory allocated:  7.02392578125
Memory cached:  126.0
	 epoch  30 training error:  tensor(0.0201, device='cuda:0', grad_fn=<DivBackward0>)
Memory status after this epoch: 
Memory allocated:  7.02392578125
Memory cached:  134.0
	 epoch  40 training error:  tensor(0.0182, device='cuda:0', grad_fn=<DivBackward0>)
Memory status after this epoch: 
Memory allocated:  7.02392578125
Memory cached:  132.0
	 epoch  50 training error:  tensor(0.0178, device='cuda:0', grad_fn=<DivBackward0>)
Memory status after this epoch: 
Memory allocated:  7.02392578125
Memory cached:  140.0
	 epoch  60 training error:  tensor(0.0170, device='cuda:0', grad_fn=<DivBackward0>)
Memory status after this epoch: 
Memory allocated:  7.02392578125
Memory cached:  136.0
	 epoch  70 training error:  tensor(0.0166, device='cuda:0', grad_fn=<DivBackward0>)
Memory status after this epoch: 
Memory allocated:  7.02392578125
Memory cached:  136.0
	 epoch  80 training error:  tensor(0.0159, device='cuda:0', grad_fn=<DivBackward0>)
Memory status after this epoch: 
Memory allocated:  7.02392578125
Memory cached:  126.0
	 epoch  90 training error:  tensor(0.0158, device='cuda:0', grad_fn=<DivBackward0>)
Memory status after this epoch: 
Memory allocated:  7.02392578125
Memory cached:  136.0
[I 2023-11-07 21:16:51,678] Trial 32 finished with value: 0.016739269718527794 and parameters: {'W_layers': 8, 'W_layer_units_exponent_0': 9, 'W_layer_units_exponent_1': 8, 'W_layer_units_exponent_2': 8, 'W_layer_units_exponent_3': 8, 'W_layer_units_exponent_4': 6, 'W_layer_units_exponent_5': 7, 'W_layer_units_exponent_6': 7, 'W_layer_units_exponent_7': 7, 'D_layers': 6, 'D_layer_units_exponent_0': 10, 'D_layer_units_exponent_1': 4, 'D_layer_units_exponent_2': 8, 'D_layer_units_exponent_3': 8, 'D_layer_units_exponent_4': 4, 'D_layer_units_exponent_5': 4, 'D_dagger_layers': 2, 'D_dagger_layer_units_exponent_0': 8, 'D_dagger_layer_units_exponent_1': 7, 'log_learning_rate': -3.9145536045074194, 'log_learning_rate_D': -3.753753041511754, 'log_learning_rate_D_dagger': -4.221409473717858, 'training_batch_size': 6, 'training_p': 2}. Best is trial 31 with value: 0.013133703731000423.
Time for this trial:  389.02554416656494
Memory status after this trial: 
Memory allocated:  201.5322265625
Memory cached:  206.0
--------------------  Trial  33   --------------------
Start timing: 
Parameters: 
{'W_layers': 8, 'W_layer_units_exponent_0': 10, 'W_layer_units_exponent_1': 7, 'W_layer_units_exponent_2': 7, 'W_layer_units_exponent_3': 9, 'W_layer_units_exponent_4': 5, 'W_layer_units_exponent_5': 8, 'W_layer_units_exponent_6': 9, 'W_layer_units_exponent_7': 6, 'D_layers': 6, 'D_layer_units_exponent_0': 9, 'D_layer_units_exponent_1': 4, 'D_layer_units_exponent_2': 8, 'D_layer_units_exponent_3': 9, 'D_layer_units_exponent_4': 5, 'D_layer_units_exponent_5': 5, 'D_dagger_layers': 3, 'D_dagger_layer_units_exponent_0': 9, 'D_dagger_layer_units_exponent_1': 8, 'D_dagger_layer_units_exponent_2': 6, 'log_learning_rate': -3.522904863148308, 'log_learning_rate_D': -4.244885335220594, 'log_learning_rate_D_dagger': -4.54228007598432, 'training_batch_size': 8, 'training_p': 2}
	 epoch  0 training error:  tensor(0.9763, device='cuda:0', grad_fn=<DivBackward0>)
Memory status after this epoch: 
Memory allocated:  11.10498046875
Memory cached:  156.0
	 epoch  10 training error:  tensor(0.2434, device='cuda:0', grad_fn=<DivBackward0>)
Memory status after this epoch: 
Memory allocated:  11.10498046875
Memory cached:  284.0
	 epoch  20 training error:  tensor(0.0169, device='cuda:0', grad_fn=<DivBackward0>)
Memory status after this epoch: 
Memory allocated:  11.10498046875
Memory cached:  304.0
	 epoch  30 training error:  tensor(0.0522, device='cuda:0', grad_fn=<DivBackward0>)
Memory status after this epoch: 
Memory allocated:  11.10498046875
Memory cached:  288.0
	 epoch  40 training error:  tensor(0.0334, device='cuda:0', grad_fn=<DivBackward0>)
Memory status after this epoch: 
Memory allocated:  11.10498046875
Memory cached:  296.0
	 epoch  50 training error:  tensor(0.0165, device='cuda:0', grad_fn=<DivBackward0>)
Memory status after this epoch: 
Memory allocated:  11.10498046875
Memory cached:  300.0
	 epoch  60 training error:  tensor(0.0161, device='cuda:0', grad_fn=<DivBackward0>)
Memory status after this epoch: 
Memory allocated:  11.10498046875
Memory cached:  290.0
	 epoch  70 training error:  tensor(0.0168, device='cuda:0', grad_fn=<DivBackward0>)
Memory status after this epoch: 
Memory allocated:  11.10498046875
Memory cached:  296.0
	 epoch  80 training error:  tensor(0.0157, device='cuda:0', grad_fn=<DivBackward0>)
Memory status after this epoch: 
Memory allocated:  11.10498046875
Memory cached:  282.0
	 epoch  90 training error:  tensor(0.0155, device='cuda:0', grad_fn=<DivBackward0>)
Memory status after this epoch: 
Memory allocated:  11.10498046875
Memory cached:  296.0
[I 2023-11-07 21:20:44,103] Trial 33 finished with value: 0.014563331380486488 and parameters: {'W_layers': 8, 'W_layer_units_exponent_0': 10, 'W_layer_units_exponent_1': 7, 'W_layer_units_exponent_2': 7, 'W_layer_units_exponent_3': 9, 'W_layer_units_exponent_4': 5, 'W_layer_units_exponent_5': 8, 'W_layer_units_exponent_6': 9, 'W_layer_units_exponent_7': 6, 'D_layers': 6, 'D_layer_units_exponent_0': 9, 'D_layer_units_exponent_1': 4, 'D_layer_units_exponent_2': 8, 'D_layer_units_exponent_3': 9, 'D_layer_units_exponent_4': 5, 'D_layer_units_exponent_5': 5, 'D_dagger_layers': 3, 'D_dagger_layer_units_exponent_0': 9, 'D_dagger_layer_units_exponent_1': 8, 'D_dagger_layer_units_exponent_2': 6, 'log_learning_rate': -3.522904863148308, 'log_learning_rate_D': -4.244885335220594, 'log_learning_rate_D_dagger': -4.54228007598432, 'training_batch_size': 8, 'training_p': 2}. Best is trial 31 with value: 0.013133703731000423.
Time for this trial:  232.13768553733826
Memory status after this trial: 
Memory allocated:  264.8408203125
Memory cached:  272.0
--------------------  Trial  34   --------------------
Start timing: 
Parameters: 
{'W_layers': 7, 'W_layer_units_exponent_0': 9, 'W_layer_units_exponent_1': 7, 'W_layer_units_exponent_2': 8, 'W_layer_units_exponent_3': 7, 'W_layer_units_exponent_4': 6, 'W_layer_units_exponent_5': 9, 'W_layer_units_exponent_6': 8, 'D_layers': 5, 'D_layer_units_exponent_0': 9, 'D_layer_units_exponent_1': 5, 'D_layer_units_exponent_2': 9, 'D_layer_units_exponent_3': 8, 'D_layer_units_exponent_4': 4, 'D_dagger_layers': 2, 'D_dagger_layer_units_exponent_0': 10, 'D_dagger_layer_units_exponent_1': 7, 'log_learning_rate': -4.633876759268209, 'log_learning_rate_D': -3.993293672455685, 'log_learning_rate_D_dagger': -3.9685417712486335, 'training_batch_size': 7, 'training_p': 3}
	 epoch  0 training error:  tensor(1.3662, device='cuda:0', grad_fn=<DivBackward0>)
Memory status after this epoch: 
Memory allocated:  9.43896484375
Memory cached:  148.0
	 epoch  10 training error:  tensor(0.0944, device='cuda:0', grad_fn=<DivBackward0>)
Memory status after this epoch: 
Memory allocated:  9.43896484375
Memory cached:  270.0
	 epoch  20 training error:  tensor(0.2498, device='cuda:0', grad_fn=<DivBackward0>)
Memory status after this epoch: 
Memory allocated:  9.43896484375
Memory cached:  268.0
	 epoch  30 training error:  tensor(0.0832, device='cuda:0', grad_fn=<DivBackward0>)
Memory status after this epoch: 
Memory allocated:  9.43896484375
Memory cached:  268.0
	 epoch  40 training error:  tensor(0.0443, device='cuda:0', grad_fn=<DivBackward0>)
Memory status after this epoch: 
Memory allocated:  9.43896484375
Memory cached:  270.0
	 epoch  50 training error:  tensor(0.0475, device='cuda:0', grad_fn=<DivBackward0>)
Memory status after this epoch: 
Memory allocated:  9.43896484375
Memory cached:  260.0
	 epoch  60 training error:  tensor(0.0286, device='cuda:0', grad_fn=<DivBackward0>)
Memory status after this epoch: 
Memory allocated:  9.43896484375
Memory cached:  260.0
	 epoch  70 training error:  tensor(0.0397, device='cuda:0', grad_fn=<DivBackward0>)
Memory status after this epoch: 
Memory allocated:  9.43896484375
Memory cached:  268.0
	 epoch  80 training error:  tensor(0.0495, device='cuda:0', grad_fn=<DivBackward0>)
Memory status after this epoch: 
Memory allocated:  9.43896484375
Memory cached:  272.0
	 epoch  90 training error:  tensor(0.0275, device='cuda:0', grad_fn=<DivBackward0>)
Memory status after this epoch: 
Memory allocated:  9.43896484375
Memory cached:  264.0
[I 2023-11-07 21:24:11,804] Trial 34 finished with value: 0.03490034490823746 and parameters: {'W_layers': 7, 'W_layer_units_exponent_0': 9, 'W_layer_units_exponent_1': 7, 'W_layer_units_exponent_2': 8, 'W_layer_units_exponent_3': 7, 'W_layer_units_exponent_4': 6, 'W_layer_units_exponent_5': 9, 'W_layer_units_exponent_6': 8, 'D_layers': 5, 'D_layer_units_exponent_0': 9, 'D_layer_units_exponent_1': 5, 'D_layer_units_exponent_2': 9, 'D_layer_units_exponent_3': 8, 'D_layer_units_exponent_4': 4, 'D_dagger_layers': 2, 'D_dagger_layer_units_exponent_0': 10, 'D_dagger_layer_units_exponent_1': 7, 'log_learning_rate': -4.633876759268209, 'log_learning_rate_D': -3.993293672455685, 'log_learning_rate_D_dagger': -3.9685417712486335, 'training_batch_size': 7, 'training_p': 3}. Best is trial 31 with value: 0.013133703731000423.
Time for this trial:  207.41770219802856
Memory status after this trial: 
Memory allocated:  236.68115234375
Memory cached:  242.0
--------------------  Trial  35   --------------------
Start timing: 
Parameters: 
{'W_layers': 8, 'W_layer_units_exponent_0': 8, 'W_layer_units_exponent_1': 8, 'W_layer_units_exponent_2': 9, 'W_layer_units_exponent_3': 8, 'W_layer_units_exponent_4': 7, 'W_layer_units_exponent_5': 8, 'W_layer_units_exponent_6': 7, 'W_layer_units_exponent_7': 6, 'D_layers': 5, 'D_layer_units_exponent_0': 10, 'D_layer_units_exponent_1': 6, 'D_layer_units_exponent_2': 7, 'D_layer_units_exponent_3': 7, 'D_layer_units_exponent_4': 5, 'D_dagger_layers': 3, 'D_dagger_layer_units_exponent_0': 8, 'D_dagger_layer_units_exponent_1': 7, 'D_dagger_layer_units_exponent_2': 4, 'log_learning_rate': -4.075655258035069, 'log_learning_rate_D': -3.1761237868996113, 'log_learning_rate_D_dagger': -4.2493877322186915, 'training_batch_size': 8, 'training_p': 2}
	 epoch  0 training error:  tensor(1.2171, device='cuda:0', grad_fn=<DivBackward0>)
Memory status after this epoch: 
Memory allocated:  8.82568359375
Memory cached:  144.0
	 epoch  10 training error:  tensor(0.6947, device='cuda:0', grad_fn=<DivBackward0>)
Memory status after this epoch: 
Memory allocated:  8.82568359375
Memory cached:  258.0
	 epoch  20 training error:  tensor(0.2231, device='cuda:0', grad_fn=<DivBackward0>)
Memory status after this epoch: 
Memory allocated:  8.82568359375
Memory cached:  240.0
	 epoch  30 training error:  tensor(0.0414, device='cuda:0', grad_fn=<DivBackward0>)
Memory status after this epoch: 
Memory allocated:  8.82568359375
Memory cached:  246.0
	 epoch  40 training error:  tensor(0.0183, device='cuda:0', grad_fn=<DivBackward0>)
Memory status after this epoch: 
Memory allocated:  8.82568359375
Memory cached:  254.0
	 epoch  50 training error:  tensor(0.0149, device='cuda:0', grad_fn=<DivBackward0>)
Memory status after this epoch: 
Memory allocated:  8.82568359375
Memory cached:  234.0
	 epoch  60 training error:  tensor(0.0140, device='cuda:0', grad_fn=<DivBackward0>)
Memory status after this epoch: 
Memory allocated:  8.82568359375
Memory cached:  258.0
	 epoch  70 training error:  tensor(0.0143, device='cuda:0', grad_fn=<DivBackward0>)
Memory status after this epoch: 
Memory allocated:  8.82568359375
Memory cached:  252.0
	 epoch  80 training error:  tensor(0.0137, device='cuda:0', grad_fn=<DivBackward0>)
Memory status after this epoch: 
Memory allocated:  8.82568359375
Memory cached:  238.0
	 epoch  90 training error:  tensor(0.0137, device='cuda:0', grad_fn=<DivBackward0>)
Memory status after this epoch: 
Memory allocated:  8.82568359375
Memory cached:  254.0
